# JRE version: OpenJDK Runtime Environment (17.0.6) (build 17.0.6-internal+0-adhoc.konstdelis.jdk17u067)
# Java VM: OpenJDK 64-Bit Server VM (17.0.6-internal+0-adhoc.konstdelis.jdk17u067, mixed mode, tiered, parallel gc, linux-amd64)
GC Precious Log:
 CPUs: 32 total, 32 available
 Memory: 251G
 Large Page Support: Disabled
 NUMA Support: Disabled
 Compressed Oops: Disabled
 Alignments: Space 512K, Generation 512K, Heap 2M
 Heap Min Capacity: 1G
 Heap Initial Capacity: 1G
 Heap Max Capacity: 1G
 Pre-touch: Disabled
 Parallel Workers: 8
Heap:
 PSYoungGen      total 305664K, used 15393K [0x00007e52f7b00000, 0x00007e530d000000, 0x00007e530d000000)
  eden space 262144K, 5% used [0x00007e52f7b00000,0x00007e52f8a087e0,0x00007e5307b00000)
  from space 43520K, 0% used [0x00007e530a580000,0x00007e530a580000,0x00007e530d000000)
  to   space 43520K, 0% used [0x00007e5307b00000,0x00007e5307b00000,0x00007e530a580000)
 ParOldGen       total 699392K, used 548023K [0x00007e52cd000000, 0x00007e52f7b00000, 0x00007e52f7b00000)
  object space 699392K, 78% used [0x00007e52cd000000,0x00007e52ee72dd68,0x00007e52f7b00000)
 Metaspace       used 6428K, committed 6528K, reserved 8192K
GC Heap History (12 events):
Event: 0,635 GC heap before
{Heap before GC invocations=1 (full 0):
 PSYoungGen      total 305664K, used 262144K [0x00007e52f7b00000, 0x00007e530d000000, 0x00007e530d000000)
  eden space 262144K, 100% used [0x00007e52f7b00000,0x00007e5307b00000,0x00007e5307b00000)
  from space 43520K, 0% used [0x00007e530a580000,0x00007e530a580000,0x00007e530d000000)
  to   space 43520K, 0% used [0x00007e5307b00000,0x00007e5307b00000,0x00007e530a580000)
 ParOldGen       total 699392K, used 0K [0x00007e52cd000000, 0x00007e52f7b00000, 0x00007e52f7b00000)
  object space 699392K, 0% used [0x00007e52cd000000,0x00007e52cd000000,0x00007e52f7b00000)
 Metaspace       used 6423K, committed 6528K, reserved 8192K
}
Event: 0,811 GC heap after
{Heap after GC invocations=1 (full 0):
 PSYoungGen      total 305664K, used 43504K [0x00007e52f7b00000, 0x00007e530d000000, 0x00007e530d000000)
  eden space 262144K, 0% used [0x00007e52f7b00000,0x00007e52f7b00000,0x00007e5307b00000)
  from space 43520K, 99% used [0x00007e5307b00000,0x00007e530a57c0a0,0x00007e530a580000)
  to   space 43520K, 0% used [0x00007e530a580000,0x00007e530a580000,0x00007e530d000000)
 ParOldGen       total 699392K, used 186488K [0x00007e52cd000000, 0x00007e52f7b00000, 0x00007e52f7b00000)
  object space 699392K, 26% used [0x00007e52cd000000,0x00007e52d861e000,0x00007e52f7b00000)
 Metaspace       used 6423K, committed 6528K, reserved 8192K
}
Event: 1,096 GC heap before
{Heap before GC invocations=2 (full 0):
 PSYoungGen      total 305664K, used 305648K [0x00007e52f7b00000, 0x00007e530d000000, 0x00007e530d000000)
  eden space 262144K, 100% used [0x00007e52f7b00000,0x00007e5307b00000,0x00007e5307b00000)
  from space 43520K, 99% used [0x00007e5307b00000,0x00007e530a57c0a0,0x00007e530a580000)
  to   space 43520K, 0% used [0x00007e530a580000,0x00007e530a580000,0x00007e530d000000)
 ParOldGen       total 699392K, used 186488K [0x00007e52cd000000, 0x00007e52f7b00000, 0x00007e52f7b00000)
  object space 699392K, 26% used [0x00007e52cd000000,0x00007e52d861e000,0x00007e52f7b00000)
 Metaspace       used 6423K, committed 6528K, reserved 8192K
}
Event: 1,328 GC heap after
{Heap after GC invocations=2 (full 0):
 PSYoungGen      total 305664K, used 43504K [0x00007e52f7b00000, 0x00007e530d000000, 0x00007e530d000000)
  eden space 262144K, 0% used [0x00007e52f7b00000,0x00007e52f7b00000,0x00007e5307b00000)
  from space 43520K, 99% used [0x00007e530a580000,0x00007e530cffc020,0x00007e530d000000)
  to   space 43520K, 0% used [0x00007e5307b00000,0x00007e5307b00000,0x00007e530a580000)
 ParOldGen       total 699392K, used 416528K [0x00007e52cd000000, 0x00007e52f7b00000, 0x00007e52f7b00000)
  object space 699392K, 59% used [0x00007e52cd000000,0x00007e52e66c4020,0x00007e52f7b00000)
 Metaspace       used 6423K, committed 6528K, reserved 8192K
}
Event: 1,701 GC heap before
{Heap before GC invocations=3 (full 0):
 PSYoungGen      total 305664K, used 305648K [0x00007e52f7b00000, 0x00007e530d000000, 0x00007e530d000000)
  eden space 262144K, 100% used [0x00007e52f7b00000,0x00007e5307b00000,0x00007e5307b00000)
  from space 43520K, 99% used [0x00007e530a580000,0x00007e530cffc020,0x00007e530d000000)
  to   space 43520K, 0% used [0x00007e5307b00000,0x00007e5307b00000,0x00007e530a580000)
 ParOldGen       total 699392K, used 416528K [0x00007e52cd000000, 0x00007e52f7b00000, 0x00007e52f7b00000)
  object space 699392K, 59% used [0x00007e52cd000000,0x00007e52e66c4020,0x00007e52f7b00000)
 Metaspace       used 6423K, committed 6528K, reserved 8192K
}
Event: 2,076 GC heap after
{Heap after GC invocations=3 (full 0):
 PSYoungGen      total 305664K, used 305648K [0x00007e52f7b00000, 0x00007e530d000000, 0x00007e530d000000)
  eden space 262144K, 100% used [0x00007e52f7b00000,0x00007e5307b00000,0x00007e5307b00000)
  from space 43520K, 99% used [0x00007e530a580000,0x00007e530cffc020,0x00007e530d000000)
  to   space 43520K, 100% used [0x00007e5307b00000,0x00007e530a580000,0x00007e530a580000)
 ParOldGen       total 699392K, used 699384K [0x00007e52cd000000, 0x00007e52f7b00000, 0x00007e52f7b00000)
  object space 699392K, 99% used [0x00007e52cd000000,0x00007e52f7afe140,0x00007e52f7b00000)
 Metaspace       used 6423K, committed 6528K, reserved 8192K
}
Event: 2,076 GC heap before
{Heap before GC invocations=4 (full 1):
 PSYoungGen      total 305664K, used 305648K [0x00007e52f7b00000, 0x00007e530d000000, 0x00007e530d000000)
  eden space 262144K, 100% used [0x00007e52f7b00000,0x00007e5307b00000,0x00007e5307b00000)
  from space 43520K, 99% used [0x00007e530a580000,0x00007e530cffc020,0x00007e530d000000)
  to   space 43520K, 100% used [0x00007e5307b00000,0x00007e530a580000,0x00007e530a580000)
 ParOldGen       total 699392K, used 699384K [0x00007e52cd000000, 0x00007e52f7b00000, 0x00007e52f7b00000)
  object space 699392K, 99% used [0x00007e52cd000000,0x00007e52f7afe140,0x00007e52f7b00000)
 Metaspace       used 6423K, committed 6528K, reserved 8192K
}
Event: 3,970 GC heap after
{Heap after GC invocations=4 (full 1):
 PSYoungGen      total 305664K, used 0K [0x00007e52f7b00000, 0x00007e530d000000, 0x00007e530d000000)
  eden space 262144K, 0% used [0x00007e52f7b00000,0x00007e52f7b00000,0x00007e5307b00000)
  from space 43520K, 0% used [0x00007e5307b00000,0x00007e5307b00000,0x00007e530a580000)
  to   space 43520K, 0% used [0x00007e530a580000,0x00007e530a580000,0x00007e530d000000)
 ParOldGen       total 699392K, used 455421K [0x00007e52cd000000, 0x00007e52f7b00000, 0x00007e52f7b00000)
  object space 699392K, 65% used [0x00007e52cd000000,0x00007e52e8cbf5f0,0x00007e52f7b00000)
 Metaspace       used 6423K, committed 6528K, reserved 8192K
}
Event: 4,361 GC heap before
{Heap before GC invocations=5 (full 1):
 PSYoungGen      total 305664K, used 139754K [0x00007e52f7b00000, 0x00007e530d000000, 0x00007e530d000000)
  eden space 262144K, 53% used [0x00007e52f7b00000,0x00007e530037a970,0x00007e5307b00000)
  from space 43520K, 0% used [0x00007e5307b00000,0x00007e5307b00000,0x00007e530a580000)
  to   space 43520K, 0% used [0x00007e530a580000,0x00007e530a580000,0x00007e530d000000)
 ParOldGen       total 699392K, used 455421K [0x00007e52cd000000, 0x00007e52f7b00000, 0x00007e52f7b00000)
  object space 699392K, 65% used [0x00007e52cd000000,0x00007e52e8cbf5f0,0x00007e52f7b00000)
 Metaspace       used 6428K, committed 6528K, reserved 8192K
}
Event: 4,594 GC heap after
{Heap after GC invocations=5 (full 1):
 PSYoungGen      total 305664K, used 43520K [0x00007e52f7b00000, 0x00007e530d000000, 0x00007e530d000000)
  eden space 262144K, 0% used [0x00007e52f7b00000,0x00007e52f7b00000,0x00007e5307b00000)
  from space 43520K, 100% used [0x00007e530a580000,0x00007e530d000000,0x00007e530d000000)
  to   space 43520K, 0% used [0x00007e5307b00000,0x00007e5307b00000,0x00007e530a580000)
 ParOldGen       total 699392K, used 540613K [0x00007e52cd000000, 0x00007e52f7b00000, 0x00007e52f7b00000)
  object space 699392K, 77% used [0x00007e52cd000000,0x00007e52edff15f0,0x00007e52f7b00000)
 Metaspace       used 6428K, committed 6528K, reserved 8192K
}
Event: 4,594 GC heap before
{Heap before GC invocations=6 (full 2):
 PSYoungGen      total 305664K, used 43520K [0x00007e52f7b00000, 0x00007e530d000000, 0x00007e530d000000)
  eden space 262144K, 0% used [0x00007e52f7b00000,0x00007e52f7b00000,0x00007e5307b00000)
  from space 43520K, 100% used [0x00007e530a580000,0x00007e530d000000,0x00007e530d000000)
  to   space 43520K, 0% used [0x00007e5307b00000,0x00007e5307b00000,0x00007e530a580000)
 ParOldGen       total 699392K, used 540613K [0x00007e52cd000000, 0x00007e52f7b00000, 0x00007e52f7b00000)
  object space 699392K, 77% used [0x00007e52cd000000,0x00007e52edff15f0,0x00007e52f7b00000)
 Metaspace       used 6428K, committed 6528K, reserved 8192K
}
Event: 6,008 GC heap after
{Heap after GC invocations=6 (full 2):
 PSYoungGen      total 305664K, used 0K [0x00007e52f7b00000, 0x00007e530d000000, 0x00007e530d000000)
  eden space 262144K, 0% used [0x00007e52f7b00000,0x00007e52f7b00000,0x00007e5307b00000)
  from space 43520K, 0% used [0x00007e530a580000,0x00007e530a580000,0x00007e530d000000)
  to   space 43520K, 0% used [0x00007e5307b00000,0x00007e5307b00000,0x00007e530a580000)
 ParOldGen       total 699392K, used 548023K [0x00007e52cd000000, 0x00007e52f7b00000, 0x00007e52f7b00000)
  object space 699392K, 78% used [0x00007e52cd000000,0x00007e52ee72dd68,0x00007e52f7b00000)
 Metaspace       used 6428K, committed 6528K, reserved 8192K
}

