# JRE version: OpenJDK Runtime Environment (17.0.6) (build 17.0.6-internal+0-adhoc.konstdelis.jdk17u067)
# Java VM: OpenJDK 64-Bit Server VM (17.0.6-internal+0-adhoc.konstdelis.jdk17u067, mixed mode, tiered, parallel gc, linux-amd64)
GC Precious Log:
 CPUs: 32 total, 32 available
 Memory: 251G
 Large Page Support: Disabled
 NUMA Support: Disabled
 Compressed Oops: Disabled
 Alignments: Space 512K, Generation 512K, Heap 2M
 Heap Min Capacity: 3G
 Heap Initial Capacity: 3G
 Heap Max Capacity: 3G
 Pre-touch: Disabled
 Parallel Workers: 8
Heap:
 PSYoungGen      total 917504K, used 0K [0x00007e77ed000000, 0x00007e782d000000, 0x00007e782d000000)
  eden space 786432K, 0% used [0x00007e77ed000000,0x00007e77ed000000,0x00007e781d000000)
  from space 131072K, 0% used [0x00007e781d000000,0x00007e781d000000,0x00007e7825000000)
  to   space 131072K, 0% used [0x00007e7825000000,0x00007e7825000000,0x00007e782d000000)
 ParOldGen       total 2097152K, used 1355627K [0x00007e776d000000, 0x00007e77ed000000, 0x00007e77ed000000)
  object space 2097152K, 64% used [0x00007e776d000000,0x00007e77bfbdac98,0x00007e77ed000000)
 Metaspace       used 7095K, committed 7168K, reserved 8192K
GC Heap History (13 events):
Event: 1,824 GC heap before
{Heap before GC invocations=1 (full 0):
 PSYoungGen      total 917504K, used 786432K [0x00007e77ed000000, 0x00007e782d000000, 0x00007e782d000000)
  eden space 786432K, 100% used [0x00007e77ed000000,0x00007e781d000000,0x00007e781d000000)
  from space 131072K, 0% used [0x00007e7825000000,0x00007e7825000000,0x00007e782d000000)
  to   space 131072K, 0% used [0x00007e781d000000,0x00007e781d000000,0x00007e7825000000)
 ParOldGen       total 2097152K, used 0K [0x00007e776d000000, 0x00007e77ed000000, 0x00007e77ed000000)
  object space 2097152K, 0% used [0x00007e776d000000,0x00007e776d000000,0x00007e77ed000000)
 Metaspace       used 7053K, committed 7104K, reserved 8192K
}
Event: 2,110 GC heap after
{Heap after GC invocations=1 (full 0):
 PSYoungGen      total 917504K, used 131065K [0x00007e77ed000000, 0x00007e782d000000, 0x00007e782d000000)
  eden space 786432K, 0% used [0x00007e77ed000000,0x00007e77ed000000,0x00007e781d000000)
  from space 131072K, 99% used [0x00007e781d000000,0x00007e7824ffe600,0x00007e7825000000)
  to   space 131072K, 0% used [0x00007e7825000000,0x00007e7825000000,0x00007e782d000000)
 ParOldGen       total 2097152K, used 501984K [0x00007e776d000000, 0x00007e77ed000000, 0x00007e77ed000000)
  object space 2097152K, 23% used [0x00007e776d000000,0x00007e778ba38000,0x00007e77ed000000)
 Metaspace       used 7053K, committed 7104K, reserved 8192K
}
Event: 2,395 GC heap before
{Heap before GC invocations=2 (full 0):
 PSYoungGen      total 917504K, used 917497K [0x00007e77ed000000, 0x00007e782d000000, 0x00007e782d000000)
  eden space 786432K, 100% used [0x00007e77ed000000,0x00007e781d000000,0x00007e781d000000)
  from space 131072K, 99% used [0x00007e781d000000,0x00007e7824ffe600,0x00007e7825000000)
  to   space 131072K, 0% used [0x00007e7825000000,0x00007e7825000000,0x00007e782d000000)
 ParOldGen       total 2097152K, used 501984K [0x00007e776d000000, 0x00007e77ed000000, 0x00007e77ed000000)
  object space 2097152K, 23% used [0x00007e776d000000,0x00007e778ba38000,0x00007e77ed000000)
 Metaspace       used 7053K, committed 7104K, reserved 8192K
}
Event: 2,739 GC heap after
{Heap after GC invocations=2 (full 0):
 PSYoungGen      total 917504K, used 131040K [0x00007e77ed000000, 0x00007e782d000000, 0x00007e782d000000)
  eden space 786432K, 0% used [0x00007e77ed000000,0x00007e77ed000000,0x00007e781d000000)
  from space 131072K, 99% used [0x00007e7825000000,0x00007e782cff8018,0x00007e782d000000)
  to   space 131072K, 0% used [0x00007e781d000000,0x00007e781d000000,0x00007e7825000000)
 ParOldGen       total 2097152K, used 1153416K [0x00007e776d000000, 0x00007e77ed000000, 0x00007e77ed000000)
  object space 2097152K, 54% used [0x00007e776d000000,0x00007e77b3662000,0x00007e77ed000000)
 Metaspace       used 7053K, committed 7104K, reserved 8192K
}
Event: 3,028 GC heap before
{Heap before GC invocations=3 (full 0):
 PSYoungGen      total 917504K, used 917472K [0x00007e77ed000000, 0x00007e782d000000, 0x00007e782d000000)
  eden space 786432K, 100% used [0x00007e77ed000000,0x00007e781d000000,0x00007e781d000000)
  from space 131072K, 99% used [0x00007e7825000000,0x00007e782cff8018,0x00007e782d000000)
  to   space 131072K, 0% used [0x00007e781d000000,0x00007e781d000000,0x00007e7825000000)
 ParOldGen       total 2097152K, used 1153416K [0x00007e776d000000, 0x00007e77ed000000, 0x00007e77ed000000)
  object space 2097152K, 54% used [0x00007e776d000000,0x00007e77b3662000,0x00007e77ed000000)
 Metaspace       used 7053K, committed 7104K, reserved 8192K
}
Event: 3,374 GC heap after
{Heap after GC invocations=3 (full 0):
 PSYoungGen      total 917504K, used 131054K [0x00007e77ed000000, 0x00007e782d000000, 0x00007e782d000000)
  eden space 786432K, 0% used [0x00007e77ed000000,0x00007e77ed000000,0x00007e781d000000)
  from space 131072K, 99% used [0x00007e781d000000,0x00007e7824ffb8c0,0x00007e7825000000)
  to   space 131072K, 0% used [0x00007e7825000000,0x00007e7825000000,0x00007e782d000000)
 ParOldGen       total 2097152K, used 1810493K [0x00007e776d000000, 0x00007e77ed000000, 0x00007e77ed000000)
  object space 2097152K, 86% used [0x00007e776d000000,0x00007e77db80f510,0x00007e77ed000000)
 Metaspace       used 7053K, committed 7104K, reserved 8192K
}
Event: 3,374 GC heap before
{Heap before GC invocations=4 (full 1):
 PSYoungGen      total 917504K, used 131054K [0x00007e77ed000000, 0x00007e782d000000, 0x00007e782d000000)
  eden space 786432K, 0% used [0x00007e77ed000000,0x00007e77ed000000,0x00007e781d000000)
  from space 131072K, 99% used [0x00007e781d000000,0x00007e7824ffb8c0,0x00007e7825000000)
  to   space 131072K, 0% used [0x00007e7825000000,0x00007e7825000000,0x00007e782d000000)
 ParOldGen       total 2097152K, used 1810493K [0x00007e776d000000, 0x00007e77ed000000, 0x00007e77ed000000)
  object space 2097152K, 86% used [0x00007e776d000000,0x00007e77db80f510,0x00007e77ed000000)
 Metaspace       used 7053K, committed 7104K, reserved 8192K
}
Event: 5,552 GC heap after
{Heap after GC invocations=4 (full 1):
 PSYoungGen      total 917504K, used 0K [0x00007e77ed000000, 0x00007e782d000000, 0x00007e782d000000)
  eden space 786432K, 0% used [0x00007e77ed000000,0x00007e77ed000000,0x00007e781d000000)
  from space 131072K, 0% used [0x00007e7825000000,0x00007e7825000000,0x00007e782d000000)
  to   space 131072K, 0% used [0x00007e781d000000,0x00007e781d000000,0x00007e7825000000)
 ParOldGen       total 2097152K, used 1929325K [0x00007e776d000000, 0x00007e77ed000000, 0x00007e77ed000000)
  object space 2097152K, 91% used [0x00007e776d000000,0x00007e77e2c1b498,0x00007e77ed000000)
 Metaspace       used 7053K, committed 7104K, reserved 8192K
}
Event: 6,464 GC heap before
{Heap before GC invocations=5 (full 2):
 PSYoungGen      total 917504K, used 411063K [0x00007e77ed000000, 0x00007e782d000000, 0x00007e782d000000)
  eden space 786432K, 52% used [0x00007e77ed000000,0x00007e780616df98,0x00007e781d000000)
  from space 131072K, 0% used [0x00007e7825000000,0x00007e7825000000,0x00007e782d000000)
  to   space 131072K, 0% used [0x00007e781d000000,0x00007e781d000000,0x00007e7825000000)
 ParOldGen       total 2097152K, used 1929325K [0x00007e776d000000, 0x00007e77ed000000, 0x00007e77ed000000)
  object space 2097152K, 91% used [0x00007e776d000000,0x00007e77e2c1b498,0x00007e77ed000000)
 Metaspace       used 7088K, committed 7168K, reserved 8192K
}
Event: 12,475 GC heap after
{Heap after GC invocations=5 (full 2):
 PSYoungGen      total 917504K, used 0K [0x00007e77ed000000, 0x00007e782d000000, 0x00007e782d000000)
  eden space 786432K, 0% used [0x00007e77ed000000,0x00007e77ed000000,0x00007e781d000000)
  from space 131072K, 0% used [0x00007e7825000000,0x00007e7825000000,0x00007e782d000000)
  to   space 131072K, 0% used [0x00007e781d000000,0x00007e781d000000,0x00007e7825000000)
 ParOldGen       total 2097152K, used 1355627K [0x00007e776d000000, 0x00007e77ed000000, 0x00007e77ed000000)
  object space 2097152K, 64% used [0x00007e776d000000,0x00007e77bfbdac98,0x00007e77ed000000)
 Metaspace       used 7088K, committed 7168K, reserved 8192K
}
Event: 12,660 GC heap before
{Heap before GC invocations=6 (full 2):
 PSYoungGen      total 917504K, used 15284K [0x00007e77ed000000, 0x00007e782d000000, 0x00007e782d000000)
  eden space 786432K, 1% used [0x00007e77ed000000,0x00007e77edeed3b8,0x00007e781d000000)
  from space 131072K, 0% used [0x00007e7825000000,0x00007e7825000000,0x00007e782d000000)
  to   space 131072K, 0% used [0x00007e781d000000,0x00007e781d000000,0x00007e7825000000)
 ParOldGen       total 2097152K, used 1355627K [0x00007e776d000000, 0x00007e77ed000000, 0x00007e77ed000000)
  object space 2097152K, 64% used [0x00007e776d000000,0x00007e77bfbdac98,0x00007e77ed000000)
 Metaspace       used 7095K, committed 7168K, reserved 8192K
}
Event: 12,909 GC heap after
{Heap after GC invocations=6 (full 2):
 PSYoungGen      total 917504K, used 0K [0x00007e77ed000000, 0x00007e782d000000, 0x00007e782d000000)
  eden space 786432K, 0% used [0x00007e77ed000000,0x00007e77ed000000,0x00007e781d000000)
  from space 131072K, 0% used [0x00007e781d000000,0x00007e781d000000,0x00007e7825000000)
  to   space 131072K, 0% used [0x00007e7825000000,0x00007e7825000000,0x00007e782d000000)
 ParOldGen       total 2097152K, used 1355627K [0x00007e776d000000, 0x00007e77ed000000, 0x00007e77ed000000)
  object space 2097152K, 64% used [0x00007e776d000000,0x00007e77bfbdac98,0x00007e77ed000000)
 Metaspace       used 7095K, committed 7168K, reserved 8192K
}
Event: 12,909 GC heap before
{Heap before GC invocations=7 (full 3):
 PSYoungGen      total 917504K, used 0K [0x00007e77ed000000, 0x00007e782d000000, 0x00007e782d000000)
  eden space 786432K, 0% used [0x00007e77ed000000,0x00007e77ed000000,0x00007e781d000000)
  from space 131072K, 0% used [0x00007e781d000000,0x00007e781d000000,0x00007e7825000000)
  to   space 131072K, 0% used [0x00007e7825000000,0x00007e7825000000,0x00007e782d000000)
 ParOldGen       total 2097152K, used 1355627K [0x00007e776d000000, 0x00007e77ed000000, 0x00007e77ed000000)
  object space 2097152K, 64% used [0x00007e776d000000,0x00007e77bfbdac98,0x00007e77ed000000)
 Metaspace       used 7095K, committed 7168K, reserved 8192K
}

