# JRE version: OpenJDK Runtime Environment (17.0.6) (fastdebug build 17.0.6-internal+0-adhoc.konstdelis.jdk17u067)
# Java VM: OpenJDK 64-Bit Server VM (fastdebug 17.0.6-internal+0-adhoc.konstdelis.jdk17u067, mixed mode, tiered, parallel gc, linux-amd64)
GC Precious Log:
 CPUs: 32 total, 32 available
 Memory: 251G
 Large Page Support: Disabled
 NUMA Support: Disabled
 Compressed Oops: Disabled
 Alignments: Space 512K, Generation 512K, Heap 2M
 Heap Min Capacity: 3G
 Heap Initial Capacity: 3G
 Heap Max Capacity: 3G
 Pre-touch: Disabled
 Parallel Workers: 1
Heap:
 PSYoungGen      total 917504K, used 0K [0x00007f4a30400000, 0x00007f4a70400000, 0x00007f4a70400000)
  eden space 786432K, 0% used [0x00007f4a30400000,0x00007f4a30400000,0x00007f4a60400000)
  from space 131072K, 0% used [0x00007f4a68400000,0x00007f4a68400000,0x00007f4a70400000)
  to   space 131072K, 0% used [0x00007f4a60400000,0x00007f4a60400000,0x00007f4a68400000)
 ParOldGen       total 2097152K, used 1441K [0x00007f49b0400000, 0x00007f4a30400000, 0x00007f4a30400000)
  object space 2097152K, 0% used [0x00007f49b0400000,0x00007f49b0568638,0x00007f4a30400000)
 Metaspace       used 7394K, committed 7488K, reserved 8192K
GC Heap History (15 events):
Event: 2,968 GC heap before
{Heap before GC invocations=1 (full 0):
 PSYoungGen      total 917504K, used 786432K [0x00007f4a30400000, 0x00007f4a70400000, 0x00007f4a70400000)
  eden space 786432K, 100% used [0x00007f4a30400000,0x00007f4a60400000,0x00007f4a60400000)
  from space 131072K, 0% used [0x00007f4a68400000,0x00007f4a68400000,0x00007f4a70400000)
  to   space 131072K, 0% used [0x00007f4a60400000,0x00007f4a60400000,0x00007f4a68400000)
 ParOldGen       total 2097152K, used 0K [0x00007f49b0400000, 0x00007f4a30400000, 0x00007f4a30400000)
  object space 2097152K, 0% used [0x00007f49b0400000,0x00007f49b0400000,0x00007f4a30400000)
 Metaspace       used 7360K, committed 7488K, reserved 8192K
}
Event: 6,701 GC heap after
{Heap after GC invocations=1 (full 0):
 PSYoungGen      total 917504K, used 131049K [0x00007f4a30400000, 0x00007f4a70400000, 0x00007f4a70400000)
  eden space 786432K, 0% used [0x00007f4a30400000,0x00007f4a30400000,0x00007f4a60400000)
  from space 131072K, 99% used [0x00007f4a60400000,0x00007f4a683fa5e0,0x00007f4a68400000)
  to   space 131072K, 0% used [0x00007f4a68400000,0x00007f4a68400000,0x00007f4a70400000)
 ParOldGen       total 2097152K, used 473624K [0x00007f49b0400000, 0x00007f4a30400000, 0x00007f4a30400000)
  object space 2097152K, 22% used [0x00007f49b0400000,0x00007f49cd286000,0x00007f4a30400000)
 Metaspace       used 7360K, committed 7488K, reserved 8192K
}
Event: 7,122 GC heap before
{Heap before GC invocations=2 (full 0):
 PSYoungGen      total 917504K, used 917481K [0x00007f4a30400000, 0x00007f4a70400000, 0x00007f4a70400000)
  eden space 786432K, 100% used [0x00007f4a30400000,0x00007f4a60400000,0x00007f4a60400000)
  from space 131072K, 99% used [0x00007f4a60400000,0x00007f4a683fa5e0,0x00007f4a68400000)
  to   space 131072K, 0% used [0x00007f4a68400000,0x00007f4a68400000,0x00007f4a70400000)
 ParOldGen       total 2097152K, used 473624K [0x00007f49b0400000, 0x00007f4a30400000, 0x00007f4a30400000)
  object space 2097152K, 22% used [0x00007f49b0400000,0x00007f49cd286000,0x00007f4a30400000)
 Metaspace       used 7360K, committed 7488K, reserved 8192K
}
Event: 11,881 GC heap after
{Heap after GC invocations=2 (full 0):
 PSYoungGen      total 917504K, used 131068K [0x00007f4a30400000, 0x00007f4a70400000, 0x00007f4a70400000)
  eden space 786432K, 0% used [0x00007f4a30400000,0x00007f4a30400000,0x00007f4a60400000)
  from space 131072K, 99% used [0x00007f4a68400000,0x00007f4a703ff1e8,0x00007f4a70400000)
  to   space 131072K, 0% used [0x00007f4a60400000,0x00007f4a60400000,0x00007f4a68400000)
 ParOldGen       total 2097152K, used 1121285K [0x00007f49b0400000, 0x00007f4a30400000, 0x00007f4a30400000)
  object space 2097152K, 53% used [0x00007f49b0400000,0x00007f49f4b01510,0x00007f4a30400000)
 Metaspace       used 7360K, committed 7488K, reserved 8192K
}
Event: 12,248 GC heap before
{Heap before GC invocations=3 (full 0):
 PSYoungGen      total 917504K, used 917500K [0x00007f4a30400000, 0x00007f4a70400000, 0x00007f4a70400000)
  eden space 786432K, 100% used [0x00007f4a30400000,0x00007f4a60400000,0x00007f4a60400000)
  from space 131072K, 99% used [0x00007f4a68400000,0x00007f4a703ff1e8,0x00007f4a70400000)
  to   space 131072K, 0% used [0x00007f4a60400000,0x00007f4a60400000,0x00007f4a68400000)
 ParOldGen       total 2097152K, used 1121285K [0x00007f49b0400000, 0x00007f4a30400000, 0x00007f4a30400000)
  object space 2097152K, 53% used [0x00007f49b0400000,0x00007f49f4b01510,0x00007f4a30400000)
 Metaspace       used 7360K, committed 7488K, reserved 8192K
}
Event: 18,127 GC heap after
{Heap after GC invocations=3 (full 0):
 PSYoungGen      total 917504K, used 131072K [0x00007f4a30400000, 0x00007f4a70400000, 0x00007f4a70400000)
  eden space 786432K, 0% used [0x00007f4a30400000,0x00007f4a30400000,0x00007f4a60400000)
  from space 131072K, 100% used [0x00007f4a60400000,0x00007f4a68400000,0x00007f4a68400000)
  to   space 131072K, 0% used [0x00007f4a68400000,0x00007f4a68400000,0x00007f4a70400000)
 ParOldGen       total 2097152K, used 1774027K [0x00007f49b0400000, 0x00007f4a30400000, 0x00007f4a30400000)
  object space 2097152K, 84% used [0x00007f49b0400000,0x00007f4a1c872dd0,0x00007f4a30400000)
 Metaspace       used 7360K, committed 7488K, reserved 8192K
}
Event: 18,127 GC heap before
{Heap before GC invocations=4 (full 1):
 PSYoungGen      total 917504K, used 131072K [0x00007f4a30400000, 0x00007f4a70400000, 0x00007f4a70400000)
  eden space 786432K, 0% used [0x00007f4a30400000,0x00007f4a30400000,0x00007f4a60400000)
  from space 131072K, 100% used [0x00007f4a60400000,0x00007f4a68400000,0x00007f4a68400000)
  to   space 131072K, 0% used [0x00007f4a68400000,0x00007f4a68400000,0x00007f4a70400000)
 ParOldGen       total 2097152K, used 1774027K [0x00007f49b0400000, 0x00007f4a30400000, 0x00007f4a30400000)
  object space 2097152K, 84% used [0x00007f49b0400000,0x00007f4a1c872dd0,0x00007f4a30400000)
 Metaspace       used 7360K, committed 7488K, reserved 8192K
}
Event: 54,572 GC heap after
{Heap after GC invocations=4 (full 1):
 PSYoungGen      total 917504K, used 0K [0x00007f4a30400000, 0x00007f4a70400000, 0x00007f4a70400000)
  eden space 786432K, 0% used [0x00007f4a30400000,0x00007f4a30400000,0x00007f4a60400000)
  from space 131072K, 0% used [0x00007f4a68400000,0x00007f4a68400000,0x00007f4a70400000)
  to   space 131072K, 0% used [0x00007f4a60400000,0x00007f4a60400000,0x00007f4a68400000)
 ParOldGen       total 2097152K, used 691762K [0x00007f49b0400000, 0x00007f4a30400000, 0x00007f4a30400000)
  object space 2097152K, 32% used [0x00007f49b0400000,0x00007f49da78cbe8,0x00007f4a30400000)
 Metaspace       used 7360K, committed 7488K, reserved 8192K
}
Event: 56,302 GC heap before
{Heap before GC invocations=5 (full 1):
 PSYoungGen      total 917504K, used 440720K [0x00007f4a30400000, 0x00007f4a70400000, 0x00007f4a70400000)
  eden space 786432K, 56% used [0x00007f4a30400000,0x00007f4a4b264200,0x00007f4a60400000)
  from space 131072K, 0% used [0x00007f4a68400000,0x00007f4a68400000,0x00007f4a70400000)
  to   space 131072K, 0% used [0x00007f4a60400000,0x00007f4a60400000,0x00007f4a68400000)
 ParOldGen       total 2097152K, used 691762K [0x00007f49b0400000, 0x00007f4a30400000, 0x00007f4a30400000)
  object space 2097152K, 32% used [0x00007f49b0400000,0x00007f49da78cbe8,0x00007f4a30400000)
 Metaspace       used 7389K, committed 7488K, reserved 8192K
}
Event: 59,684 GC heap after
{Heap after GC invocations=5 (full 1):
 PSYoungGen      total 917504K, used 131072K [0x00007f4a30400000, 0x00007f4a70400000, 0x00007f4a70400000)
  eden space 786432K, 0% used [0x00007f4a30400000,0x00007f4a30400000,0x00007f4a60400000)
  from space 131072K, 100% used [0x00007f4a60400000,0x00007f4a68400000,0x00007f4a68400000)
  to   space 131072K, 0% used [0x00007f4a68400000,0x00007f4a68400000,0x00007f4a70400000)
 ParOldGen       total 2097152K, used 988952K [0x00007f49b0400000, 0x00007f4a30400000, 0x00007f4a30400000)
  object space 2097152K, 47% used [0x00007f49b0400000,0x00007f49ec9c60f8,0x00007f4a30400000)
 Metaspace       used 7389K, committed 7488K, reserved 8192K
}
Event: 59,684 GC heap before
{Heap before GC invocations=6 (full 2):
 PSYoungGen      total 917504K, used 131072K [0x00007f4a30400000, 0x00007f4a70400000, 0x00007f4a70400000)
  eden space 786432K, 0% used [0x00007f4a30400000,0x00007f4a30400000,0x00007f4a60400000)
  from space 131072K, 100% used [0x00007f4a60400000,0x00007f4a68400000,0x00007f4a68400000)
  to   space 131072K, 0% used [0x00007f4a68400000,0x00007f4a68400000,0x00007f4a70400000)
 ParOldGen       total 2097152K, used 988952K [0x00007f49b0400000, 0x00007f4a30400000, 0x00007f4a30400000)
  object space 2097152K, 47% used [0x00007f49b0400000,0x00007f49ec9c60f8,0x00007f4a30400000)
 Metaspace       used 7389K, committed 7488K, reserved 8192K
}
Event: 87,647 GC heap after
{Heap after GC invocations=6 (full 2):
 PSYoungGen      total 917504K, used 0K [0x00007f4a30400000, 0x00007f4a70400000, 0x00007f4a70400000)
  eden space 786432K, 0% used [0x00007f4a30400000,0x00007f4a30400000,0x00007f4a60400000)
  from space 131072K, 0% used [0x00007f4a60400000,0x00007f4a60400000,0x00007f4a68400000)
  to   space 131072K, 0% used [0x00007f4a68400000,0x00007f4a68400000,0x00007f4a70400000)
 ParOldGen       total 2097152K, used 1441K [0x00007f49b0400000, 0x00007f4a30400000, 0x00007f4a30400000)
  object space 2097152K, 0% used [0x00007f49b0400000,0x00007f49b0568638,0x00007f4a30400000)
 Metaspace       used 7389K, committed 7488K, reserved 8192K
}
Event: 87,777 GC heap before
{Heap before GC invocations=7 (full 2):
 PSYoungGen      total 917504K, used 15263K [0x00007f4a30400000, 0x00007f4a70400000, 0x00007f4a70400000)
  eden space 786432K, 1% used [0x00007f4a30400000,0x00007f4a312e7e00,0x00007f4a60400000)
  from space 131072K, 0% used [0x00007f4a60400000,0x00007f4a60400000,0x00007f4a68400000)
  to   space 131072K, 0% used [0x00007f4a68400000,0x00007f4a68400000,0x00007f4a70400000)
 ParOldGen       total 2097152K, used 1441K [0x00007f49b0400000, 0x00007f4a30400000, 0x00007f4a30400000)
  object space 2097152K, 0% used [0x00007f49b0400000,0x00007f49b0568638,0x00007f4a30400000)
 Metaspace       used 7394K, committed 7488K, reserved 8192K
}
Event: 87,796 GC heap after
{Heap after GC invocations=7 (full 2):
 PSYoungGen      total 917504K, used 0K [0x00007f4a30400000, 0x00007f4a70400000, 0x00007f4a70400000)
  eden space 786432K, 0% used [0x00007f4a30400000,0x00007f4a30400000,0x00007f4a60400000)
  from space 131072K, 0% used [0x00007f4a68400000,0x00007f4a68400000,0x00007f4a70400000)
  to   space 131072K, 0% used [0x00007f4a60400000,0x00007f4a60400000,0x00007f4a68400000)
 ParOldGen       total 2097152K, used 1441K [0x00007f49b0400000, 0x00007f4a30400000, 0x00007f4a30400000)
  object space 2097152K, 0% used [0x00007f49b0400000,0x00007f49b0568638,0x00007f4a30400000)
 Metaspace       used 7394K, committed 7488K, reserved 8192K
}
Event: 87,796 GC heap before
{Heap before GC invocations=8 (full 3):
 PSYoungGen      total 917504K, used 0K [0x00007f4a30400000, 0x00007f4a70400000, 0x00007f4a70400000)
  eden space 786432K, 0% used [0x00007f4a30400000,0x00007f4a30400000,0x00007f4a60400000)
  from space 131072K, 0% used [0x00007f4a68400000,0x00007f4a68400000,0x00007f4a70400000)
  to   space 131072K, 0% used [0x00007f4a60400000,0x00007f4a60400000,0x00007f4a68400000)
 ParOldGen       total 2097152K, used 1441K [0x00007f49b0400000, 0x00007f4a30400000, 0x00007f4a30400000)
  object space 2097152K, 0% used [0x00007f49b0400000,0x00007f49b0568638,0x00007f4a30400000)
 Metaspace       used 7394K, committed 7488K, reserved 8192K
}

