# JRE version: OpenJDK Runtime Environment (17.0.6) (build 17.0.6-internal+0-adhoc.konstdelis.jdk17u067)
# Java VM: OpenJDK 64-Bit Server VM (17.0.6-internal+0-adhoc.konstdelis.jdk17u067, mixed mode, tiered, parallel gc, linux-amd64)
GC Precious Log:
 CPUs: 32 total, 32 available
 Memory: 251G
 Large Page Support: Disabled
 NUMA Support: Disabled
 Compressed Oops: Disabled
 Alignments: Space 512K, Generation 512K, Heap 2M
 Heap Min Capacity: 3G
 Heap Initial Capacity: 3G
 Heap Max Capacity: 3G
 Pre-touch: Disabled
 Parallel Workers: 8
Heap:
 PSYoungGen      total 917504K, used 0K [0x00007eb67d000000, 0x00007eb6bd000000, 0x00007eb6bd000000)
  eden space 786432K, 0% used [0x00007eb67d000000,0x00007eb67d000000,0x00007eb6ad000000)
  from space 131072K, 0% used [0x00007eb6ad000000,0x00007eb6ad000000,0x00007eb6b5000000)
  to   space 131072K, 0% used [0x00007eb6b5000000,0x00007eb6b5000000,0x00007eb6bd000000)
 ParOldGen       total 2097152K, used 1407649K [0x00007eb5fd000000, 0x00007eb67d000000, 0x00007eb67d000000)
  object space 2097152K, 67% used [0x00007eb5fd000000,0x00007eb652ea84e8,0x00007eb67d000000)
 Metaspace       used 7086K, committed 7168K, reserved 8192K
GC Heap History (13 events):
Event: 1.726 GC heap before
{Heap before GC invocations=1 (full 0):
 PSYoungGen      total 917504K, used 786432K [0x00007eb67d000000, 0x00007eb6bd000000, 0x00007eb6bd000000)
  eden space 786432K, 100% used [0x00007eb67d000000,0x00007eb6ad000000,0x00007eb6ad000000)
  from space 131072K, 0% used [0x00007eb6b5000000,0x00007eb6b5000000,0x00007eb6bd000000)
  to   space 131072K, 0% used [0x00007eb6ad000000,0x00007eb6ad000000,0x00007eb6b5000000)
 ParOldGen       total 2097152K, used 0K [0x00007eb5fd000000, 0x00007eb67d000000, 0x00007eb67d000000)
  object space 2097152K, 0% used [0x00007eb5fd000000,0x00007eb5fd000000,0x00007eb67d000000)
 Metaspace       used 7053K, committed 7104K, reserved 8192K
}
Event: 2.014 GC heap after
{Heap after GC invocations=1 (full 0):
 PSYoungGen      total 917504K, used 131065K [0x00007eb67d000000, 0x00007eb6bd000000, 0x00007eb6bd000000)
  eden space 786432K, 0% used [0x00007eb67d000000,0x00007eb67d000000,0x00007eb6ad000000)
  from space 131072K, 99% used [0x00007eb6ad000000,0x00007eb6b4ffe640,0x00007eb6b5000000)
  to   space 131072K, 0% used [0x00007eb6b5000000,0x00007eb6b5000000,0x00007eb6bd000000)
 ParOldGen       total 2097152K, used 502200K [0x00007eb5fd000000, 0x00007eb67d000000, 0x00007eb67d000000)
  object space 2097152K, 23% used [0x00007eb5fd000000,0x00007eb61ba6e000,0x00007eb67d000000)
 Metaspace       used 7053K, committed 7104K, reserved 8192K
}
Event: 2.299 GC heap before
{Heap before GC invocations=2 (full 0):
 PSYoungGen      total 917504K, used 917497K [0x00007eb67d000000, 0x00007eb6bd000000, 0x00007eb6bd000000)
  eden space 786432K, 100% used [0x00007eb67d000000,0x00007eb6ad000000,0x00007eb6ad000000)
  from space 131072K, 99% used [0x00007eb6ad000000,0x00007eb6b4ffe640,0x00007eb6b5000000)
  to   space 131072K, 0% used [0x00007eb6b5000000,0x00007eb6b5000000,0x00007eb6bd000000)
 ParOldGen       total 2097152K, used 502200K [0x00007eb5fd000000, 0x00007eb67d000000, 0x00007eb67d000000)
  object space 2097152K, 23% used [0x00007eb5fd000000,0x00007eb61ba6e000,0x00007eb67d000000)
 Metaspace       used 7053K, committed 7104K, reserved 8192K
}
Event: 2.640 GC heap after
{Heap after GC invocations=2 (full 0):
 PSYoungGen      total 917504K, used 131055K [0x00007eb67d000000, 0x00007eb6bd000000, 0x00007eb6bd000000)
  eden space 786432K, 0% used [0x00007eb67d000000,0x00007eb67d000000,0x00007eb6ad000000)
  from space 131072K, 99% used [0x00007eb6b5000000,0x00007eb6bcffbff8,0x00007eb6bd000000)
  to   space 131072K, 0% used [0x00007eb6ad000000,0x00007eb6ad000000,0x00007eb6b5000000)
 ParOldGen       total 2097152K, used 1153744K [0x00007eb5fd000000, 0x00007eb67d000000, 0x00007eb67d000000)
  object space 2097152K, 55% used [0x00007eb5fd000000,0x00007eb6436b4000,0x00007eb67d000000)
 Metaspace       used 7053K, committed 7104K, reserved 8192K
}
Event: 2.925 GC heap before
{Heap before GC invocations=3 (full 0):
 PSYoungGen      total 917504K, used 917487K [0x00007eb67d000000, 0x00007eb6bd000000, 0x00007eb6bd000000)
  eden space 786432K, 100% used [0x00007eb67d000000,0x00007eb6ad000000,0x00007eb6ad000000)
  from space 131072K, 99% used [0x00007eb6b5000000,0x00007eb6bcffbff8,0x00007eb6bd000000)
  to   space 131072K, 0% used [0x00007eb6ad000000,0x00007eb6ad000000,0x00007eb6b5000000)
 ParOldGen       total 2097152K, used 1153744K [0x00007eb5fd000000, 0x00007eb67d000000, 0x00007eb67d000000)
  object space 2097152K, 55% used [0x00007eb5fd000000,0x00007eb6436b4000,0x00007eb67d000000)
 Metaspace       used 7053K, committed 7104K, reserved 8192K
}
Event: 3.270 GC heap after
{Heap after GC invocations=3 (full 0):
 PSYoungGen      total 917504K, used 131054K [0x00007eb67d000000, 0x00007eb6bd000000, 0x00007eb6bd000000)
  eden space 786432K, 0% used [0x00007eb67d000000,0x00007eb67d000000,0x00007eb6ad000000)
  from space 131072K, 99% used [0x00007eb6ad000000,0x00007eb6b4ffb8c0,0x00007eb6b5000000)
  to   space 131072K, 0% used [0x00007eb6b5000000,0x00007eb6b5000000,0x00007eb6bd000000)
 ParOldGen       total 2097152K, used 1810845K [0x00007eb5fd000000, 0x00007eb67d000000, 0x00007eb67d000000)
  object space 2097152K, 86% used [0x00007eb5fd000000,0x00007eb66b867510,0x00007eb67d000000)
 Metaspace       used 7053K, committed 7104K, reserved 8192K
}
Event: 3.270 GC heap before
{Heap before GC invocations=4 (full 1):
 PSYoungGen      total 917504K, used 131054K [0x00007eb67d000000, 0x00007eb6bd000000, 0x00007eb6bd000000)
  eden space 786432K, 0% used [0x00007eb67d000000,0x00007eb67d000000,0x00007eb6ad000000)
  from space 131072K, 99% used [0x00007eb6ad000000,0x00007eb6b4ffb8c0,0x00007eb6b5000000)
  to   space 131072K, 0% used [0x00007eb6b5000000,0x00007eb6b5000000,0x00007eb6bd000000)
 ParOldGen       total 2097152K, used 1810845K [0x00007eb5fd000000, 0x00007eb67d000000, 0x00007eb67d000000)
  object space 2097152K, 86% used [0x00007eb5fd000000,0x00007eb66b867510,0x00007eb67d000000)
 Metaspace       used 7053K, committed 7104K, reserved 8192K
}
Event: 5.481 GC heap after
{Heap after GC invocations=4 (full 1):
 PSYoungGen      total 917504K, used 0K [0x00007eb67d000000, 0x00007eb6bd000000, 0x00007eb6bd000000)
  eden space 786432K, 0% used [0x00007eb67d000000,0x00007eb67d000000,0x00007eb6ad000000)
  from space 131072K, 0% used [0x00007eb6b5000000,0x00007eb6b5000000,0x00007eb6bd000000)
  to   space 131072K, 0% used [0x00007eb6ad000000,0x00007eb6ad000000,0x00007eb6b5000000)
 ParOldGen       total 2097152K, used 1929692K [0x00007eb5fd000000, 0x00007eb67d000000, 0x00007eb67d000000)
  object space 2097152K, 92% used [0x00007eb5fd000000,0x00007eb672c77118,0x00007eb67d000000)
 Metaspace       used 7053K, committed 7104K, reserved 8192K
}
Event: 6.395 GC heap before
{Heap before GC invocations=5 (full 2):
 PSYoungGen      total 917504K, used 411068K [0x00007eb67d000000, 0x00007eb6bd000000, 0x00007eb6bd000000)
  eden space 786432K, 52% used [0x00007eb67d000000,0x00007eb69616f3b8,0x00007eb6ad000000)
  from space 131072K, 0% used [0x00007eb6b5000000,0x00007eb6b5000000,0x00007eb6bd000000)
  to   space 131072K, 0% used [0x00007eb6ad000000,0x00007eb6ad000000,0x00007eb6b5000000)
 ParOldGen       total 2097152K, used 1929692K [0x00007eb5fd000000, 0x00007eb67d000000, 0x00007eb67d000000)
  object space 2097152K, 92% used [0x00007eb5fd000000,0x00007eb672c77118,0x00007eb67d000000)
 Metaspace       used 7080K, committed 7168K, reserved 8192K
}
Event: 11.954 GC heap after
{Heap after GC invocations=5 (full 2):
 PSYoungGen      total 917504K, used 0K [0x00007eb67d000000, 0x00007eb6bd000000, 0x00007eb6bd000000)
  eden space 786432K, 0% used [0x00007eb67d000000,0x00007eb67d000000,0x00007eb6ad000000)
  from space 131072K, 0% used [0x00007eb6b5000000,0x00007eb6b5000000,0x00007eb6bd000000)
  to   space 131072K, 0% used [0x00007eb6ad000000,0x00007eb6ad000000,0x00007eb6b5000000)
 ParOldGen       total 2097152K, used 1407649K [0x00007eb5fd000000, 0x00007eb67d000000, 0x00007eb67d000000)
  object space 2097152K, 67% used [0x00007eb5fd000000,0x00007eb652ea84e8,0x00007eb67d000000)
 Metaspace       used 7080K, committed 7168K, reserved 8192K
}
Event: 12.166 GC heap before
{Heap before GC invocations=6 (full 2):
 PSYoungGen      total 917504K, used 15285K [0x00007eb67d000000, 0x00007eb6bd000000, 0x00007eb6bd000000)
  eden space 786432K, 1% used [0x00007eb67d000000,0x00007eb67deed460,0x00007eb6ad000000)
  from space 131072K, 0% used [0x00007eb6b5000000,0x00007eb6b5000000,0x00007eb6bd000000)
  to   space 131072K, 0% used [0x00007eb6ad000000,0x00007eb6ad000000,0x00007eb6b5000000)
 ParOldGen       total 2097152K, used 1407649K [0x00007eb5fd000000, 0x00007eb67d000000, 0x00007eb67d000000)
  object space 2097152K, 67% used [0x00007eb5fd000000,0x00007eb652ea84e8,0x00007eb67d000000)
 Metaspace       used 7086K, committed 7168K, reserved 8192K
}
Event: 12.388 GC heap after
{Heap after GC invocations=6 (full 2):
 PSYoungGen      total 917504K, used 0K [0x00007eb67d000000, 0x00007eb6bd000000, 0x00007eb6bd000000)
  eden space 786432K, 0% used [0x00007eb67d000000,0x00007eb67d000000,0x00007eb6ad000000)
  from space 131072K, 0% used [0x00007eb6ad000000,0x00007eb6ad000000,0x00007eb6b5000000)
  to   space 131072K, 0% used [0x00007eb6b5000000,0x00007eb6b5000000,0x00007eb6bd000000)
 ParOldGen       total 2097152K, used 1407649K [0x00007eb5fd000000, 0x00007eb67d000000, 0x00007eb67d000000)
  object space 2097152K, 67% used [0x00007eb5fd000000,0x00007eb652ea84e8,0x00007eb67d000000)
 Metaspace       used 7086K, committed 7168K, reserved 8192K
}
Event: 12.388 GC heap before
{Heap before GC invocations=7 (full 3):
 PSYoungGen      total 917504K, used 0K [0x00007eb67d000000, 0x00007eb6bd000000, 0x00007eb6bd000000)
  eden space 786432K, 0% used [0x00007eb67d000000,0x00007eb67d000000,0x00007eb6ad000000)
  from space 131072K, 0% used [0x00007eb6ad000000,0x00007eb6ad000000,0x00007eb6b5000000)
  to   space 131072K, 0% used [0x00007eb6b5000000,0x00007eb6b5000000,0x00007eb6bd000000)
 ParOldGen       total 2097152K, used 1407649K [0x00007eb5fd000000, 0x00007eb67d000000, 0x00007eb67d000000)
  object space 2097152K, 67% used [0x00007eb5fd000000,0x00007eb652ea84e8,0x00007eb67d000000)
 Metaspace       used 7086K, committed 7168K, reserved 8192K
}

