# JRE version: OpenJDK Runtime Environment (17.0.6) (fastdebug build 17.0.6-internal+0-adhoc.konstdelis.jdk17u067)
# Java VM: OpenJDK 64-Bit Server VM (fastdebug 17.0.6-internal+0-adhoc.konstdelis.jdk17u067, mixed mode, tiered, parallel gc, linux-amd64)
GC Precious Log:
 CPUs: 32 total, 32 available
 Memory: 251G
 Large Page Support: Disabled
 NUMA Support: Disabled
 Compressed Oops: Disabled
 Alignments: Space 512K, Generation 512K, Heap 2M
 Heap Min Capacity: 3G
 Heap Initial Capacity: 3G
 Heap Max Capacity: 3G
 Pre-touch: Disabled
 Parallel Workers: 8
Heap:
 PSYoungGen      total 917504K, used 131045K [0x00007f4789000000, 0x00007f47c9000000, 0x00007f47c9000000)
  eden space 786432K, 0% used [0x00007f4789000000,0x00007f4789000000,0x00007f47b9000000)
  from space 131072K, 99% used [0x00007f47b9000000,0x00007f47c0ff9510,0x00007f47c1000000)
  to   space 131072K, 0% used [0x00007f47c1000000,0x00007f47c1000000,0x00007f47c9000000)
 ParOldGen       total 2097152K, used 1778854K [0x00007f4709000000, 0x00007f4789000000, 0x00007f4789000000)
  object space 2097152K, 84% used [0x00007f4709000000,0x00007f47759298c0,0x00007f4789000000)
 Metaspace       used 7351K, committed 7488K, reserved 8192K
GC Heap History (7 events):
Event: 2.953 GC heap before
{Heap before GC invocations=1 (full 0):
 PSYoungGen      total 917504K, used 786432K [0x00007f4789000000, 0x00007f47c9000000, 0x00007f47c9000000)
  eden space 786432K, 100% used [0x00007f4789000000,0x00007f47b9000000,0x00007f47b9000000)
  from space 131072K, 0% used [0x00007f47c1000000,0x00007f47c1000000,0x00007f47c9000000)
  to   space 131072K, 0% used [0x00007f47b9000000,0x00007f47b9000000,0x00007f47c1000000)
 ParOldGen       total 2097152K, used 0K [0x00007f4709000000, 0x00007f4789000000, 0x00007f4789000000)
  object space 2097152K, 0% used [0x00007f4709000000,0x00007f4709000000,0x00007f4789000000)
 Metaspace       used 7351K, committed 7488K, reserved 8192K
}
Event: 3.739 GC heap after
{Heap after GC invocations=1 (full 0):
 PSYoungGen      total 917504K, used 131065K [0x00007f4789000000, 0x00007f47c9000000, 0x00007f47c9000000)
  eden space 786432K, 0% used [0x00007f4789000000,0x00007f4789000000,0x00007f47b9000000)
  from space 131072K, 99% used [0x00007f47b9000000,0x00007f47c0ffe600,0x00007f47c1000000)
  to   space 131072K, 0% used [0x00007f47c1000000,0x00007f47c1000000,0x00007f47c9000000)
 ParOldGen       total 2097152K, used 478352K [0x00007f4709000000, 0x00007f4789000000, 0x00007f4789000000)
  object space 2097152K, 22% used [0x00007f4709000000,0x00007f4726324000,0x00007f4789000000)
 Metaspace       used 7351K, committed 7488K, reserved 8192K
}
Event: 4.113 GC heap before
{Heap before GC invocations=2 (full 0):
 PSYoungGen      total 917504K, used 917497K [0x00007f4789000000, 0x00007f47c9000000, 0x00007f47c9000000)
  eden space 786432K, 100% used [0x00007f4789000000,0x00007f47b9000000,0x00007f47b9000000)
  from space 131072K, 99% used [0x00007f47b9000000,0x00007f47c0ffe600,0x00007f47c1000000)
  to   space 131072K, 0% used [0x00007f47c1000000,0x00007f47c1000000,0x00007f47c9000000)
 ParOldGen       total 2097152K, used 478352K [0x00007f4709000000, 0x00007f4789000000, 0x00007f4789000000)
  object space 2097152K, 22% used [0x00007f4709000000,0x00007f4726324000,0x00007f4789000000)
 Metaspace       used 7351K, committed 7488K, reserved 8192K
}
Event: 5.143 GC heap after
{Heap after GC invocations=2 (full 0):
 PSYoungGen      total 917504K, used 131057K [0x00007f4789000000, 0x00007f47c9000000, 0x00007f47c9000000)
  eden space 786432K, 0% used [0x00007f4789000000,0x00007f4789000000,0x00007f47b9000000)
  from space 131072K, 99% used [0x00007f47c1000000,0x00007f47c8ffc718,0x00007f47c9000000)
  to   space 131072K, 0% used [0x00007f47b9000000,0x00007f47b9000000,0x00007f47c1000000)
 ParOldGen       total 2097152K, used 1125904K [0x00007f4709000000, 0x00007f4789000000, 0x00007f4789000000)
  object space 2097152K, 53% used [0x00007f4709000000,0x00007f474db84000,0x00007f4789000000)
 Metaspace       used 7351K, committed 7488K, reserved 8192K
}
Event: 5.512 GC heap before
{Heap before GC invocations=3 (full 0):
 PSYoungGen      total 917504K, used 917489K [0x00007f4789000000, 0x00007f47c9000000, 0x00007f47c9000000)
  eden space 786432K, 100% used [0x00007f4789000000,0x00007f47b9000000,0x00007f47b9000000)
  from space 131072K, 99% used [0x00007f47c1000000,0x00007f47c8ffc718,0x00007f47c9000000)
  to   space 131072K, 0% used [0x00007f47b9000000,0x00007f47b9000000,0x00007f47c1000000)
 ParOldGen       total 2097152K, used 1125904K [0x00007f4709000000, 0x00007f4789000000, 0x00007f4789000000)
  object space 2097152K, 53% used [0x00007f4709000000,0x00007f474db84000,0x00007f4789000000)
 Metaspace       used 7351K, committed 7488K, reserved 8192K
}
Event: 6.579 GC heap after
{Heap after GC invocations=3 (full 0):
 PSYoungGen      total 917504K, used 131045K [0x00007f4789000000, 0x00007f47c9000000, 0x00007f47c9000000)
  eden space 786432K, 0% used [0x00007f4789000000,0x00007f4789000000,0x00007f47b9000000)
  from space 131072K, 99% used [0x00007f47b9000000,0x00007f47c0ff9510,0x00007f47c1000000)
  to   space 131072K, 0% used [0x00007f47c1000000,0x00007f47c1000000,0x00007f47c9000000)
 ParOldGen       total 2097152K, used 1778854K [0x00007f4709000000, 0x00007f4789000000, 0x00007f4789000000)
  object space 2097152K, 84% used [0x00007f4709000000,0x00007f47759298c0,0x00007f4789000000)
 Metaspace       used 7351K, committed 7488K, reserved 8192K
}
Event: 6.579 GC heap before
{Heap before GC invocations=4 (full 1):
 PSYoungGen      total 917504K, used 131045K [0x00007f4789000000, 0x00007f47c9000000, 0x00007f47c9000000)
  eden space 786432K, 0% used [0x00007f4789000000,0x00007f4789000000,0x00007f47b9000000)
  from space 131072K, 99% used [0x00007f47b9000000,0x00007f47c0ff9510,0x00007f47c1000000)
  to   space 131072K, 0% used [0x00007f47c1000000,0x00007f47c1000000,0x00007f47c9000000)
 ParOldGen       total 2097152K, used 1778854K [0x00007f4709000000, 0x00007f4789000000, 0x00007f4789000000)
  object space 2097152K, 84% used [0x00007f4709000000,0x00007f47759298c0,0x00007f4789000000)
 Metaspace       used 7351K, committed 7488K, reserved 8192K
}

