# JRE version: OpenJDK Runtime Environment (17.0.6) (build 17.0.6-internal+0-adhoc.konstdelis.jdk17u067)
# Java VM: OpenJDK 64-Bit Server VM (17.0.6-internal+0-adhoc.konstdelis.jdk17u067, mixed mode, tiered, parallel gc, linux-amd64)
GC Precious Log:
 CPUs: 32 total, 32 available
 Memory: 251G
 Large Page Support: Disabled
 NUMA Support: Disabled
 Compressed Oops: Disabled
 Alignments: Space 512K, Generation 512K, Heap 2M
 Heap Min Capacity: 1G
 Heap Initial Capacity: 1G
 Heap Max Capacity: 1G
 Pre-touch: Disabled
 Parallel Workers: 8
Heap:
 PSYoungGen      total 305664K, used 305632K [0x00007ec8bbb00000, 0x00007ec8d1000000, 0x00007ec8d1000000)
  eden space 262144K, 100% used [0x00007ec8bbb00000,0x00007ec8cbb00000,0x00007ec8cbb00000)
  from space 43520K, 99% used [0x00007ec8ce580000,0x00007ec8d0ff8040,0x00007ec8d1000000)
  to   space 43520K, 100% used [0x00007ec8cbb00000,0x00007ec8ce580000,0x00007ec8ce580000)
 ParOldGen       total 699392K, used 699384K [0x00007ec891000000, 0x00007ec8bbb00000, 0x00007ec8bbb00000)
  object space 699392K, 99% used [0x00007ec891000000,0x00007ec8bbafe160,0x00007ec8bbb00000)
 Metaspace       used 6423K, committed 6528K, reserved 8192K
GC Heap History (7 events):
Event: 0,668 GC heap before
{Heap before GC invocations=1 (full 0):
 PSYoungGen      total 305664K, used 262144K [0x00007ec8bbb00000, 0x00007ec8d1000000, 0x00007ec8d1000000)
  eden space 262144K, 100% used [0x00007ec8bbb00000,0x00007ec8cbb00000,0x00007ec8cbb00000)
  from space 43520K, 0% used [0x00007ec8ce580000,0x00007ec8ce580000,0x00007ec8d1000000)
  to   space 43520K, 0% used [0x00007ec8cbb00000,0x00007ec8cbb00000,0x00007ec8ce580000)
 ParOldGen       total 699392K, used 0K [0x00007ec891000000, 0x00007ec8bbb00000, 0x00007ec8bbb00000)
  object space 699392K, 0% used [0x00007ec891000000,0x00007ec891000000,0x00007ec8bbb00000)
 Metaspace       used 6423K, committed 6528K, reserved 8192K
}
Event: 0,841 GC heap after
{Heap after GC invocations=1 (full 0):
 PSYoungGen      total 305664K, used 43504K [0x00007ec8bbb00000, 0x00007ec8d1000000, 0x00007ec8d1000000)
  eden space 262144K, 0% used [0x00007ec8bbb00000,0x00007ec8bbb00000,0x00007ec8cbb00000)
  from space 43520K, 99% used [0x00007ec8cbb00000,0x00007ec8ce57c060,0x00007ec8ce580000)
  to   space 43520K, 0% used [0x00007ec8ce580000,0x00007ec8ce580000,0x00007ec8d1000000)
 ParOldGen       total 699392K, used 186480K [0x00007ec891000000, 0x00007ec8bbb00000, 0x00007ec8bbb00000)
  object space 699392K, 26% used [0x00007ec891000000,0x00007ec89c61c000,0x00007ec8bbb00000)
 Metaspace       used 6423K, committed 6528K, reserved 8192K
}
Event: 1,129 GC heap before
{Heap before GC invocations=2 (full 0):
 PSYoungGen      total 305664K, used 305648K [0x00007ec8bbb00000, 0x00007ec8d1000000, 0x00007ec8d1000000)
  eden space 262144K, 100% used [0x00007ec8bbb00000,0x00007ec8cbb00000,0x00007ec8cbb00000)
  from space 43520K, 99% used [0x00007ec8cbb00000,0x00007ec8ce57c060,0x00007ec8ce580000)
  to   space 43520K, 0% used [0x00007ec8ce580000,0x00007ec8ce580000,0x00007ec8d1000000)
 ParOldGen       total 699392K, used 186480K [0x00007ec891000000, 0x00007ec8bbb00000, 0x00007ec8bbb00000)
  object space 699392K, 26% used [0x00007ec891000000,0x00007ec89c61c000,0x00007ec8bbb00000)
 Metaspace       used 6423K, committed 6528K, reserved 8192K
}
Event: 1,360 GC heap after
{Heap after GC invocations=2 (full 0):
 PSYoungGen      total 305664K, used 43488K [0x00007ec8bbb00000, 0x00007ec8d1000000, 0x00007ec8d1000000)
  eden space 262144K, 0% used [0x00007ec8bbb00000,0x00007ec8bbb00000,0x00007ec8cbb00000)
  from space 43520K, 99% used [0x00007ec8ce580000,0x00007ec8d0ff8040,0x00007ec8d1000000)
  to   space 43520K, 0% used [0x00007ec8cbb00000,0x00007ec8cbb00000,0x00007ec8ce580000)
 ParOldGen       total 699392K, used 416536K [0x00007ec891000000, 0x00007ec8bbb00000, 0x00007ec8bbb00000)
  object space 699392K, 59% used [0x00007ec891000000,0x00007ec8aa6c6020,0x00007ec8bbb00000)
 Metaspace       used 6423K, committed 6528K, reserved 8192K
}
Event: 1,737 GC heap before
{Heap before GC invocations=3 (full 0):
 PSYoungGen      total 305664K, used 305632K [0x00007ec8bbb00000, 0x00007ec8d1000000, 0x00007ec8d1000000)
  eden space 262144K, 100% used [0x00007ec8bbb00000,0x00007ec8cbb00000,0x00007ec8cbb00000)
  from space 43520K, 99% used [0x00007ec8ce580000,0x00007ec8d0ff8040,0x00007ec8d1000000)
  to   space 43520K, 0% used [0x00007ec8cbb00000,0x00007ec8cbb00000,0x00007ec8ce580000)
 ParOldGen       total 699392K, used 416536K [0x00007ec891000000, 0x00007ec8bbb00000, 0x00007ec8bbb00000)
  object space 699392K, 59% used [0x00007ec891000000,0x00007ec8aa6c6020,0x00007ec8bbb00000)
 Metaspace       used 6423K, committed 6528K, reserved 8192K
}
Event: 2,113 GC heap after
{Heap after GC invocations=3 (full 0):
 PSYoungGen      total 305664K, used 305632K [0x00007ec8bbb00000, 0x00007ec8d1000000, 0x00007ec8d1000000)
  eden space 262144K, 100% used [0x00007ec8bbb00000,0x00007ec8cbb00000,0x00007ec8cbb00000)
  from space 43520K, 99% used [0x00007ec8ce580000,0x00007ec8d0ff8040,0x00007ec8d1000000)
  to   space 43520K, 100% used [0x00007ec8cbb00000,0x00007ec8ce580000,0x00007ec8ce580000)
 ParOldGen       total 699392K, used 699384K [0x00007ec891000000, 0x00007ec8bbb00000, 0x00007ec8bbb00000)
  object space 699392K, 99% used [0x00007ec891000000,0x00007ec8bbafe160,0x00007ec8bbb00000)
 Metaspace       used 6423K, committed 6528K, reserved 8192K
}
Event: 2,113 GC heap before
{Heap before GC invocations=4 (full 1):
 PSYoungGen      total 305664K, used 305632K [0x00007ec8bbb00000, 0x00007ec8d1000000, 0x00007ec8d1000000)
  eden space 262144K, 100% used [0x00007ec8bbb00000,0x00007ec8cbb00000,0x00007ec8cbb00000)
  from space 43520K, 99% used [0x00007ec8ce580000,0x00007ec8d0ff8040,0x00007ec8d1000000)
  to   space 43520K, 100% used [0x00007ec8cbb00000,0x00007ec8ce580000,0x00007ec8ce580000)
 ParOldGen       total 699392K, used 699384K [0x00007ec891000000, 0x00007ec8bbb00000, 0x00007ec8bbb00000)
  object space 699392K, 99% used [0x00007ec891000000,0x00007ec8bbafe160,0x00007ec8bbb00000)
 Metaspace       used 6423K, committed 6528K, reserved 8192K
}

