# JRE version: OpenJDK Runtime Environment (17.0.6) (fastdebug build 17.0.6-internal+0-adhoc.konstdelis.jdk17u067)
# Java VM: OpenJDK 64-Bit Server VM (fastdebug 17.0.6-internal+0-adhoc.konstdelis.jdk17u067, mixed mode, tiered, parallel gc, linux-amd64)
GC Precious Log:
 CPUs: 32 total, 32 available
 Memory: 251G
 Large Page Support: Disabled
 NUMA Support: Disabled
 Compressed Oops: Disabled
 Alignments: Space 512K, Generation 512K, Heap 2M
 Heap Min Capacity: 3G
 Heap Initial Capacity: 3G
 Heap Max Capacity: 3G
 Pre-touch: Disabled
 Parallel Workers: 8
Heap:
 PSYoungGen      total 917504K, used 0K [0x00007ebb91000000, 0x00007ebbd1000000, 0x00007ebbd1000000)
  eden space 786432K, 0% used [0x00007ebb91000000,0x00007ebb91000000,0x00007ebbc1000000)
  from space 131072K, 0% used [0x00007ebbc9000000,0x00007ebbc9000000,0x00007ebbd1000000)
  to   space 131072K, 0% used [0x00007ebbc1000000,0x00007ebbc1000000,0x00007ebbc9000000)
 ParOldGen       total 2097152K, used 77467K [0x00007ebb11000000, 0x00007ebb91000000, 0x00007ebb91000000)
  object space 2097152K, 3% used [0x00007ebb11000000,0x00007ebb15ba6de8,0x00007ebb91000000)
 Metaspace       used 7406K, committed 7488K, reserved 8192K
GC Heap History (17 events):
Event: 2,994 GC heap before
{Heap before GC invocations=1 (full 0):
 PSYoungGen      total 917504K, used 786432K [0x00007ebb91000000, 0x00007ebbd1000000, 0x00007ebbd1000000)
  eden space 786432K, 100% used [0x00007ebb91000000,0x00007ebbc1000000,0x00007ebbc1000000)
  from space 131072K, 0% used [0x00007ebbc9000000,0x00007ebbc9000000,0x00007ebbd1000000)
  to   space 131072K, 0% used [0x00007ebbc1000000,0x00007ebbc1000000,0x00007ebbc9000000)
 ParOldGen       total 2097152K, used 0K [0x00007ebb11000000, 0x00007ebb91000000, 0x00007ebb91000000)
  object space 2097152K, 0% used [0x00007ebb11000000,0x00007ebb11000000,0x00007ebb91000000)
 Metaspace       used 7360K, committed 7488K, reserved 8192K
}
Event: 3,638 GC heap after
{Heap after GC invocations=1 (full 0):
 PSYoungGen      total 917504K, used 131065K [0x00007ebb91000000, 0x00007ebbd1000000, 0x00007ebbd1000000)
  eden space 786432K, 0% used [0x00007ebb91000000,0x00007ebb91000000,0x00007ebbc1000000)
  from space 131072K, 99% used [0x00007ebbc1000000,0x00007ebbc8ffe640,0x00007ebbc9000000)
  to   space 131072K, 0% used [0x00007ebbc9000000,0x00007ebbc9000000,0x00007ebbd1000000)
 ParOldGen       total 2097152K, used 458272K [0x00007ebb11000000, 0x00007ebb91000000, 0x00007ebb91000000)
  object space 2097152K, 21% used [0x00007ebb11000000,0x00007ebb2cf88000,0x00007ebb91000000)
 Metaspace       used 7360K, committed 7488K, reserved 8192K
}
Event: 4,015 GC heap before
{Heap before GC invocations=2 (full 0):
 PSYoungGen      total 917504K, used 917497K [0x00007ebb91000000, 0x00007ebbd1000000, 0x00007ebbd1000000)
  eden space 786432K, 100% used [0x00007ebb91000000,0x00007ebbc1000000,0x00007ebbc1000000)
  from space 131072K, 99% used [0x00007ebbc1000000,0x00007ebbc8ffe640,0x00007ebbc9000000)
  to   space 131072K, 0% used [0x00007ebbc9000000,0x00007ebbc9000000,0x00007ebbd1000000)
 ParOldGen       total 2097152K, used 458272K [0x00007ebb11000000, 0x00007ebb91000000, 0x00007ebb91000000)
  object space 2097152K, 21% used [0x00007ebb11000000,0x00007ebb2cf88000,0x00007ebb91000000)
 Metaspace       used 7360K, committed 7488K, reserved 8192K
}
Event: 4,855 GC heap after
{Heap after GC invocations=2 (full 0):
 PSYoungGen      total 917504K, used 131058K [0x00007ebb91000000, 0x00007ebbd1000000, 0x00007ebbd1000000)
  eden space 786432K, 0% used [0x00007ebb91000000,0x00007ebb91000000,0x00007ebbc1000000)
  from space 131072K, 99% used [0x00007ebbc9000000,0x00007ebbd0ffcbd8,0x00007ebbd1000000)
  to   space 131072K, 0% used [0x00007ebbc1000000,0x00007ebbc1000000,0x00007ebbc9000000)
 ParOldGen       total 2097152K, used 1112792K [0x00007ebb11000000, 0x00007ebb91000000, 0x00007ebb91000000)
  object space 2097152K, 53% used [0x00007ebb11000000,0x00007ebb54eb6000,0x00007ebb91000000)
 Metaspace       used 7360K, committed 7488K, reserved 8192K
}
Event: 5,242 GC heap before
{Heap before GC invocations=3 (full 0):
 PSYoungGen      total 917504K, used 917490K [0x00007ebb91000000, 0x00007ebbd1000000, 0x00007ebbd1000000)
  eden space 786432K, 100% used [0x00007ebb91000000,0x00007ebbc1000000,0x00007ebbc1000000)
  from space 131072K, 99% used [0x00007ebbc9000000,0x00007ebbd0ffcbd8,0x00007ebbd1000000)
  to   space 131072K, 0% used [0x00007ebbc1000000,0x00007ebbc1000000,0x00007ebbc9000000)
 ParOldGen       total 2097152K, used 1112792K [0x00007ebb11000000, 0x00007ebb91000000, 0x00007ebb91000000)
  object space 2097152K, 53% used [0x00007ebb11000000,0x00007ebb54eb6000,0x00007ebb91000000)
 Metaspace       used 7360K, committed 7488K, reserved 8192K
}
Event: 6,352 GC heap after
{Heap after GC invocations=3 (full 0):
 PSYoungGen      total 917504K, used 131045K [0x00007ebb91000000, 0x00007ebbd1000000, 0x00007ebbd1000000)
  eden space 786432K, 0% used [0x00007ebb91000000,0x00007ebb91000000,0x00007ebbc1000000)
  from space 131072K, 99% used [0x00007ebbc1000000,0x00007ebbc8ff9550,0x00007ebbc9000000)
  to   space 131072K, 0% used [0x00007ebbc9000000,0x00007ebbc9000000,0x00007ebbd1000000)
 ParOldGen       total 2097152K, used 1752126K [0x00007ebb11000000, 0x00007ebb91000000, 0x00007ebb91000000)
  object space 2097152K, 83% used [0x00007ebb11000000,0x00007ebb7bf0f8c0,0x00007ebb91000000)
 Metaspace       used 7360K, committed 7488K, reserved 8192K
}
Event: 6,352 GC heap before
{Heap before GC invocations=4 (full 1):
 PSYoungGen      total 917504K, used 131045K [0x00007ebb91000000, 0x00007ebbd1000000, 0x00007ebbd1000000)
  eden space 786432K, 0% used [0x00007ebb91000000,0x00007ebb91000000,0x00007ebbc1000000)
  from space 131072K, 99% used [0x00007ebbc1000000,0x00007ebbc8ff9550,0x00007ebbc9000000)
  to   space 131072K, 0% used [0x00007ebbc9000000,0x00007ebbc9000000,0x00007ebbd1000000)
 ParOldGen       total 2097152K, used 1752126K [0x00007ebb11000000, 0x00007ebb91000000, 0x00007ebb91000000)
  object space 2097152K, 83% used [0x00007ebb11000000,0x00007ebb7bf0f8c0,0x00007ebb91000000)
 Metaspace       used 7360K, committed 7488K, reserved 8192K
}
Event: 13,748 GC heap after
{Heap after GC invocations=4 (full 1):
 PSYoungGen      total 917504K, used 0K [0x00007ebb91000000, 0x00007ebbd1000000, 0x00007ebbd1000000)
  eden space 786432K, 0% used [0x00007ebb91000000,0x00007ebb91000000,0x00007ebbc1000000)
  from space 131072K, 0% used [0x00007ebbc9000000,0x00007ebbc9000000,0x00007ebbd1000000)
  to   space 131072K, 0% used [0x00007ebbc1000000,0x00007ebbc1000000,0x00007ebbc9000000)
 ParOldGen       total 2097152K, used 1871117K [0x00007ebb11000000, 0x00007ebb91000000, 0x00007ebb91000000)
  object space 2097152K, 89% used [0x00007ebb11000000,0x00007ebb833437f0,0x00007ebb91000000)
 Metaspace       used 7360K, committed 7488K, reserved 8192K
}
Event: 14,940 GC heap before
{Heap before GC invocations=5 (full 2):
 PSYoungGen      total 917504K, used 478000K [0x00007ebb91000000, 0x00007ebbd1000000, 0x00007ebbd1000000)
  eden space 786432K, 60% used [0x00007ebb91000000,0x00007ebbae2cc020,0x00007ebbc1000000)
  from space 131072K, 0% used [0x00007ebbc9000000,0x00007ebbc9000000,0x00007ebbd1000000)
  to   space 131072K, 0% used [0x00007ebbc1000000,0x00007ebbc1000000,0x00007ebbc9000000)
 ParOldGen       total 2097152K, used 1871117K [0x00007ebb11000000, 0x00007ebb91000000, 0x00007ebb91000000)
  object space 2097152K, 89% used [0x00007ebb11000000,0x00007ebb833437f0,0x00007ebb91000000)
 Metaspace       used 7406K, committed 7488K, reserved 8192K
}
Event: 39,283 GC heap after
{Heap after GC invocations=5 (full 2):
 PSYoungGen      total 917504K, used 0K [0x00007ebb91000000, 0x00007ebbd1000000, 0x00007ebbd1000000)
  eden space 786432K, 0% used [0x00007ebb91000000,0x00007ebb91000000,0x00007ebbc1000000)
  from space 131072K, 0% used [0x00007ebbc9000000,0x00007ebbc9000000,0x00007ebbd1000000)
  to   space 131072K, 0% used [0x00007ebbc1000000,0x00007ebbc1000000,0x00007ebbc9000000)
 ParOldGen       total 2097152K, used 1122845K [0x00007ebb11000000, 0x00007ebb91000000, 0x00007ebb91000000)
  object space 2097152K, 53% used [0x00007ebb11000000,0x00007ebb55887720,0x00007ebb91000000)
 Metaspace       used 7406K, committed 7488K, reserved 8192K
}
Event: 39,600 GC heap before
{Heap before GC invocations=6 (full 2):
 PSYoungGen      total 917504K, used 15153K [0x00007ebb91000000, 0x00007ebbd1000000, 0x00007ebbd1000000)
  eden space 786432K, 1% used [0x00007ebb91000000,0x00007ebb91ecc730,0x00007ebbc1000000)
  from space 131072K, 0% used [0x00007ebbc9000000,0x00007ebbc9000000,0x00007ebbd1000000)
  to   space 131072K, 0% used [0x00007ebbc1000000,0x00007ebbc1000000,0x00007ebbc9000000)
 ParOldGen       total 2097152K, used 1122845K [0x00007ebb11000000, 0x00007ebb91000000, 0x00007ebb91000000)
  object space 2097152K, 53% used [0x00007ebb11000000,0x00007ebb55887720,0x00007ebb91000000)
 Metaspace       used 7406K, committed 7488K, reserved 8192K
}
Event: 40,272 GC heap after
{Heap after GC invocations=6 (full 2):
 PSYoungGen      total 917504K, used 0K [0x00007ebb91000000, 0x00007ebbd1000000, 0x00007ebbd1000000)
  eden space 786432K, 0% used [0x00007ebb91000000,0x00007ebb91000000,0x00007ebbc1000000)
  from space 131072K, 0% used [0x00007ebbc1000000,0x00007ebbc1000000,0x00007ebbc9000000)
  to   space 131072K, 0% used [0x00007ebbc9000000,0x00007ebbc9000000,0x00007ebbd1000000)
 ParOldGen       total 2097152K, used 1122845K [0x00007ebb11000000, 0x00007ebb91000000, 0x00007ebb91000000)
  object space 2097152K, 53% used [0x00007ebb11000000,0x00007ebb55887720,0x00007ebb91000000)
 Metaspace       used 7406K, committed 7488K, reserved 8192K
}
Event: 40,272 GC heap before
{Heap before GC invocations=7 (full 3):
 PSYoungGen      total 917504K, used 0K [0x00007ebb91000000, 0x00007ebbd1000000, 0x00007ebbd1000000)
  eden space 786432K, 0% used [0x00007ebb91000000,0x00007ebb91000000,0x00007ebbc1000000)
  from space 131072K, 0% used [0x00007ebbc1000000,0x00007ebbc1000000,0x00007ebbc9000000)
  to   space 131072K, 0% used [0x00007ebbc9000000,0x00007ebbc9000000,0x00007ebbd1000000)
 ParOldGen       total 2097152K, used 1122845K [0x00007ebb11000000, 0x00007ebb91000000, 0x00007ebb91000000)
  object space 2097152K, 53% used [0x00007ebb11000000,0x00007ebb55887720,0x00007ebb91000000)
 Metaspace       used 7406K, committed 7488K, reserved 8192K
}
Event: 68,475 GC heap after
{Heap after GC invocations=7 (full 3):
 PSYoungGen      total 917504K, used 0K [0x00007ebb91000000, 0x00007ebbd1000000, 0x00007ebbd1000000)
  eden space 786432K, 0% used [0x00007ebb91000000,0x00007ebb91000000,0x00007ebbc1000000)
  from space 131072K, 0% used [0x00007ebbc1000000,0x00007ebbc1000000,0x00007ebbc9000000)
  to   space 131072K, 0% used [0x00007ebbc9000000,0x00007ebbc9000000,0x00007ebbd1000000)
 ParOldGen       total 2097152K, used 77467K [0x00007ebb11000000, 0x00007ebb91000000, 0x00007ebb91000000)
  object space 2097152K, 3% used [0x00007ebb11000000,0x00007ebb15ba6de8,0x00007ebb91000000)
 Metaspace       used 7406K, committed 7488K, reserved 8192K
}
Event: 69,293 GC heap before
{Heap before GC invocations=8 (full 3):
 PSYoungGen      total 917504K, used 15153K [0x00007ebb91000000, 0x00007ebbd1000000, 0x00007ebbd1000000)
  eden space 786432K, 1% used [0x00007ebb91000000,0x00007ebb91ecc730,0x00007ebbc1000000)
  from space 131072K, 0% used [0x00007ebbc1000000,0x00007ebbc1000000,0x00007ebbc9000000)
  to   space 131072K, 0% used [0x00007ebbc9000000,0x00007ebbc9000000,0x00007ebbd1000000)
 ParOldGen       total 2097152K, used 77467K [0x00007ebb11000000, 0x00007ebb91000000, 0x00007ebb91000000)
  object space 2097152K, 3% used [0x00007ebb11000000,0x00007ebb15ba6de8,0x00007ebb91000000)
 Metaspace       used 7406K, committed 7488K, reserved 8192K
}
Event: 70,817 GC heap after
{Heap after GC invocations=8 (full 3):
 PSYoungGen      total 917504K, used 0K [0x00007ebb91000000, 0x00007ebbd1000000, 0x00007ebbd1000000)
  eden space 786432K, 0% used [0x00007ebb91000000,0x00007ebb91000000,0x00007ebbc1000000)
  from space 131072K, 0% used [0x00007ebbc9000000,0x00007ebbc9000000,0x00007ebbd1000000)
  to   space 131072K, 0% used [0x00007ebbc1000000,0x00007ebbc1000000,0x00007ebbc9000000)
 ParOldGen       total 2097152K, used 77467K [0x00007ebb11000000, 0x00007ebb91000000, 0x00007ebb91000000)
  object space 2097152K, 3% used [0x00007ebb11000000,0x00007ebb15ba6de8,0x00007ebb91000000)
 Metaspace       used 7406K, committed 7488K, reserved 8192K
}
Event: 70,817 GC heap before
{Heap before GC invocations=9 (full 4):
 PSYoungGen      total 917504K, used 0K [0x00007ebb91000000, 0x00007ebbd1000000, 0x00007ebbd1000000)
  eden space 786432K, 0% used [0x00007ebb91000000,0x00007ebb91000000,0x00007ebbc1000000)
  from space 131072K, 0% used [0x00007ebbc9000000,0x00007ebbc9000000,0x00007ebbd1000000)
  to   space 131072K, 0% used [0x00007ebbc1000000,0x00007ebbc1000000,0x00007ebbc9000000)
 ParOldGen       total 2097152K, used 77467K [0x00007ebb11000000, 0x00007ebb91000000, 0x00007ebb91000000)
  object space 2097152K, 3% used [0x00007ebb11000000,0x00007ebb15ba6de8,0x00007ebb91000000)
 Metaspace       used 7406K, committed 7488K, reserved 8192K
}

