# JRE version: OpenJDK Runtime Environment (17.0.6) (build 17.0.6-internal+0-adhoc.konstdelis.jdk17u067)
# Java VM: OpenJDK 64-Bit Server VM (17.0.6-internal+0-adhoc.konstdelis.jdk17u067, mixed mode, tiered, parallel gc, linux-amd64)
GC Precious Log:
 CPUs: 32 total, 32 available
 Memory: 251G
 Large Page Support: Disabled
 NUMA Support: Disabled
 Compressed Oops: Disabled
 Alignments: Space 512K, Generation 512K, Heap 2M
 Heap Min Capacity: 1G
 Heap Initial Capacity: 1G
 Heap Max Capacity: 1G
 Pre-touch: Disabled
 Parallel Workers: 8
Heap:
 PSYoungGen      total 305664K, used 15393K [0x00007f49bbb00000, 0x00007f49d1000000, 0x00007f49d1000000)
  eden space 262144K, 5% used [0x00007f49bbb00000,0x00007f49bca087e0,0x00007f49cbb00000)
  from space 43520K, 0% used [0x00007f49ce580000,0x00007f49ce580000,0x00007f49d1000000)
  to   space 43520K, 0% used [0x00007f49cbb00000,0x00007f49cbb00000,0x00007f49ce580000)
 ParOldGen       total 699392K, used 547732K [0x00007f4991000000, 0x00007f49bbb00000, 0x00007f49bbb00000)
  object space 699392K, 78% used [0x00007f4991000000,0x00007f49b26e53b0,0x00007f49bbb00000)
 Metaspace       used 6427K, committed 6528K, reserved 8192K
GC Heap History (12 events):
Event: 0,680 GC heap before
{Heap before GC invocations=1 (full 0):
 PSYoungGen      total 305664K, used 262144K [0x00007f49bbb00000, 0x00007f49d1000000, 0x00007f49d1000000)
  eden space 262144K, 100% used [0x00007f49bbb00000,0x00007f49cbb00000,0x00007f49cbb00000)
  from space 43520K, 0% used [0x00007f49ce580000,0x00007f49ce580000,0x00007f49d1000000)
  to   space 43520K, 0% used [0x00007f49cbb00000,0x00007f49cbb00000,0x00007f49ce580000)
 ParOldGen       total 699392K, used 0K [0x00007f4991000000, 0x00007f49bbb00000, 0x00007f49bbb00000)
  object space 699392K, 0% used [0x00007f4991000000,0x00007f4991000000,0x00007f49bbb00000)
 Metaspace       used 6422K, committed 6528K, reserved 8192K
}
Event: 0,859 GC heap after
{Heap after GC invocations=1 (full 0):
 PSYoungGen      total 305664K, used 43488K [0x00007f49bbb00000, 0x00007f49d1000000, 0x00007f49d1000000)
  eden space 262144K, 0% used [0x00007f49bbb00000,0x00007f49bbb00000,0x00007f49cbb00000)
  from space 43520K, 99% used [0x00007f49cbb00000,0x00007f49ce578060,0x00007f49ce580000)
  to   space 43520K, 0% used [0x00007f49ce580000,0x00007f49ce580000,0x00007f49d1000000)
 ParOldGen       total 699392K, used 170024K [0x00007f4991000000, 0x00007f49bbb00000, 0x00007f49bbb00000)
  object space 699392K, 24% used [0x00007f4991000000,0x00007f499b60a000,0x00007f49bbb00000)
 Metaspace       used 6422K, committed 6528K, reserved 8192K
}
Event: 1,146 GC heap before
{Heap before GC invocations=2 (full 0):
 PSYoungGen      total 305664K, used 305632K [0x00007f49bbb00000, 0x00007f49d1000000, 0x00007f49d1000000)
  eden space 262144K, 100% used [0x00007f49bbb00000,0x00007f49cbb00000,0x00007f49cbb00000)
  from space 43520K, 99% used [0x00007f49cbb00000,0x00007f49ce578060,0x00007f49ce580000)
  to   space 43520K, 0% used [0x00007f49ce580000,0x00007f49ce580000,0x00007f49d1000000)
 ParOldGen       total 699392K, used 170024K [0x00007f4991000000, 0x00007f49bbb00000, 0x00007f49bbb00000)
  object space 699392K, 24% used [0x00007f4991000000,0x00007f499b60a000,0x00007f49bbb00000)
 Metaspace       used 6422K, committed 6528K, reserved 8192K
}
Event: 1,385 GC heap after
{Heap after GC invocations=2 (full 0):
 PSYoungGen      total 305664K, used 43488K [0x00007f49bbb00000, 0x00007f49d1000000, 0x00007f49d1000000)
  eden space 262144K, 0% used [0x00007f49bbb00000,0x00007f49bbb00000,0x00007f49cbb00000)
  from space 43520K, 99% used [0x00007f49ce580000,0x00007f49d0ff8040,0x00007f49d1000000)
  to   space 43520K, 0% used [0x00007f49cbb00000,0x00007f49cbb00000,0x00007f49ce580000)
 ParOldGen       total 699392K, used 415120K [0x00007f4991000000, 0x00007f49bbb00000, 0x00007f49bbb00000)
  object space 699392K, 59% used [0x00007f4991000000,0x00007f49aa564020,0x00007f49bbb00000)
 Metaspace       used 6422K, committed 6528K, reserved 8192K
}
Event: 1,763 GC heap before
{Heap before GC invocations=3 (full 0):
 PSYoungGen      total 305664K, used 305632K [0x00007f49bbb00000, 0x00007f49d1000000, 0x00007f49d1000000)
  eden space 262144K, 100% used [0x00007f49bbb00000,0x00007f49cbb00000,0x00007f49cbb00000)
  from space 43520K, 99% used [0x00007f49ce580000,0x00007f49d0ff8040,0x00007f49d1000000)
  to   space 43520K, 0% used [0x00007f49cbb00000,0x00007f49cbb00000,0x00007f49ce580000)
 ParOldGen       total 699392K, used 415120K [0x00007f4991000000, 0x00007f49bbb00000, 0x00007f49bbb00000)
  object space 699392K, 59% used [0x00007f4991000000,0x00007f49aa564020,0x00007f49bbb00000)
 Metaspace       used 6422K, committed 6528K, reserved 8192K
}
Event: 2,133 GC heap after
{Heap after GC invocations=3 (full 0):
 PSYoungGen      total 305664K, used 305632K [0x00007f49bbb00000, 0x00007f49d1000000, 0x00007f49d1000000)
  eden space 262144K, 100% used [0x00007f49bbb00000,0x00007f49cbb00000,0x00007f49cbb00000)
  from space 43520K, 99% used [0x00007f49ce580000,0x00007f49d0ff8040,0x00007f49d1000000)
  to   space 43520K, 100% used [0x00007f49cbb00000,0x00007f49ce580000,0x00007f49ce580000)
 ParOldGen       total 699392K, used 699384K [0x00007f4991000000, 0x00007f49bbb00000, 0x00007f49bbb00000)
  object space 699392K, 99% used [0x00007f4991000000,0x00007f49bbafe160,0x00007f49bbb00000)
 Metaspace       used 6422K, committed 6528K, reserved 8192K
}
Event: 2,133 GC heap before
{Heap before GC invocations=4 (full 1):
 PSYoungGen      total 305664K, used 305632K [0x00007f49bbb00000, 0x00007f49d1000000, 0x00007f49d1000000)
  eden space 262144K, 100% used [0x00007f49bbb00000,0x00007f49cbb00000,0x00007f49cbb00000)
  from space 43520K, 99% used [0x00007f49ce580000,0x00007f49d0ff8040,0x00007f49d1000000)
  to   space 43520K, 100% used [0x00007f49cbb00000,0x00007f49ce580000,0x00007f49ce580000)
 ParOldGen       total 699392K, used 699384K [0x00007f4991000000, 0x00007f49bbb00000, 0x00007f49bbb00000)
  object space 699392K, 99% used [0x00007f4991000000,0x00007f49bbafe160,0x00007f49bbb00000)
 Metaspace       used 6422K, committed 6528K, reserved 8192K
}
Event: 4,071 GC heap after
{Heap after GC invocations=4 (full 1):
 PSYoungGen      total 305664K, used 0K [0x00007f49bbb00000, 0x00007f49d1000000, 0x00007f49d1000000)
  eden space 262144K, 0% used [0x00007f49bbb00000,0x00007f49bbb00000,0x00007f49cbb00000)
  from space 43520K, 0% used [0x00007f49cbb00000,0x00007f49cbb00000,0x00007f49ce580000)
  to   space 43520K, 0% used [0x00007f49ce580000,0x00007f49ce580000,0x00007f49d1000000)
 ParOldGen       total 699392K, used 461788K [0x00007f4991000000, 0x00007f49bbb00000, 0x00007f49bbb00000)
  object space 699392K, 66% used [0x00007f4991000000,0x00007f49ad2f70f0,0x00007f49bbb00000)
 Metaspace       used 6422K, committed 6528K, reserved 8192K
}
Event: 4,480 GC heap before
{Heap before GC invocations=5 (full 1):
 PSYoungGen      total 305664K, used 139754K [0x00007f49bbb00000, 0x00007f49d1000000, 0x00007f49d1000000)
  eden space 262144K, 53% used [0x00007f49bbb00000,0x00007f49c437a978,0x00007f49cbb00000)
  from space 43520K, 0% used [0x00007f49cbb00000,0x00007f49cbb00000,0x00007f49ce580000)
  to   space 43520K, 0% used [0x00007f49ce580000,0x00007f49ce580000,0x00007f49d1000000)
 ParOldGen       total 699392K, used 461788K [0x00007f4991000000, 0x00007f49bbb00000, 0x00007f49bbb00000)
  object space 699392K, 66% used [0x00007f4991000000,0x00007f49ad2f70f0,0x00007f49bbb00000)
 Metaspace       used 6427K, committed 6528K, reserved 8192K
}
Event: 4,725 GC heap after
{Heap after GC invocations=5 (full 1):
 PSYoungGen      total 305664K, used 43520K [0x00007f49bbb00000, 0x00007f49d1000000, 0x00007f49d1000000)
  eden space 262144K, 0% used [0x00007f49bbb00000,0x00007f49bbb00000,0x00007f49cbb00000)
  from space 43520K, 100% used [0x00007f49ce580000,0x00007f49d1000000,0x00007f49d1000000)
  to   space 43520K, 0% used [0x00007f49cbb00000,0x00007f49cbb00000,0x00007f49ce580000)
 ParOldGen       total 699392K, used 546980K [0x00007f4991000000, 0x00007f49bbb00000, 0x00007f49bbb00000)
  object space 699392K, 78% used [0x00007f4991000000,0x00007f49b26290f0,0x00007f49bbb00000)
 Metaspace       used 6427K, committed 6528K, reserved 8192K
}
Event: 4,725 GC heap before
{Heap before GC invocations=6 (full 2):
 PSYoungGen      total 305664K, used 43520K [0x00007f49bbb00000, 0x00007f49d1000000, 0x00007f49d1000000)
  eden space 262144K, 0% used [0x00007f49bbb00000,0x00007f49bbb00000,0x00007f49cbb00000)
  from space 43520K, 100% used [0x00007f49ce580000,0x00007f49d1000000,0x00007f49d1000000)
  to   space 43520K, 0% used [0x00007f49cbb00000,0x00007f49cbb00000,0x00007f49ce580000)
 ParOldGen       total 699392K, used 546980K [0x00007f4991000000, 0x00007f49bbb00000, 0x00007f49bbb00000)
  object space 699392K, 78% used [0x00007f4991000000,0x00007f49b26290f0,0x00007f49bbb00000)
 Metaspace       used 6427K, committed 6528K, reserved 8192K
}
Event: 6,147 GC heap after
{Heap after GC invocations=6 (full 2):
 PSYoungGen      total 305664K, used 0K [0x00007f49bbb00000, 0x00007f49d1000000, 0x00007f49d1000000)
  eden space 262144K, 0% used [0x00007f49bbb00000,0x00007f49bbb00000,0x00007f49cbb00000)
  from space 43520K, 0% used [0x00007f49ce580000,0x00007f49ce580000,0x00007f49d1000000)
  to   space 43520K, 0% used [0x00007f49cbb00000,0x00007f49cbb00000,0x00007f49ce580000)
 ParOldGen       total 699392K, used 547732K [0x00007f4991000000, 0x00007f49bbb00000, 0x00007f49bbb00000)
  object space 699392K, 78% used [0x00007f4991000000,0x00007f49b26e53b0,0x00007f49bbb00000)
 Metaspace       used 6427K, committed 6528K, reserved 8192K
}

