# JRE version: OpenJDK Runtime Environment (17.0.6) (fastdebug build 17.0.6-internal+0-adhoc.konstdelis.jdk17u067)
# Java VM: OpenJDK 64-Bit Server VM (fastdebug 17.0.6-internal+0-adhoc.konstdelis.jdk17u067, mixed mode, tiered, parallel gc, linux-amd64)
GC Precious Log:
 CPUs: 32 total, 32 available
 Memory: 251G
 Large Page Support: Disabled
 NUMA Support: Disabled
 Compressed Oops: Disabled
 Alignments: Space 512K, Generation 512K, Heap 2M
 Heap Min Capacity: 3G
 Heap Initial Capacity: 3G
 Heap Max Capacity: 3G
 Pre-touch: Disabled
 Parallel Workers: 8
Heap:
 PSYoungGen      total 917504K, used 128K [0x00007ea86d000000, 0x00007ea8ad000000, 0x00007ea8ad000000)
  eden space 786432K, 0% used [0x00007ea86d000000,0x00007ea86d000000,0x00007ea89d000000)
  from space 131072K, 0% used [0x00007ea89d000000,0x00007ea89d020000,0x00007ea8a5000000)
  to   space 131072K, 0% used [0x00007ea8a5000000,0x00007ea8a5000000,0x00007ea8ad000000)
 ParOldGen       total 2097152K, used 1467K [0x00007ea7ed000000, 0x00007ea86d000000, 0x00007ea86d000000)
  object space 2097152K, 0% used [0x00007ea7ed000000,0x00007ea7ed16ed60,0x00007ea86d000000)
 Metaspace       used 7387K, committed 7488K, reserved 8192K
GC Heap History (19 events):
Event: 2,393 GC heap before
{Heap before GC invocations=1 (full 0):
 PSYoungGen      total 917504K, used 78643K [0x00007ea86d000000, 0x00007ea8ad000000, 0x00007ea8ad000000)
  eden space 786432K, 10% used [0x00007ea86d000000,0x00007ea871cccf00,0x00007ea89d000000)
  from space 131072K, 0% used [0x00007ea8a5000000,0x00007ea8a5000000,0x00007ea8ad000000)
  to   space 131072K, 0% used [0x00007ea89d000000,0x00007ea89d000000,0x00007ea8a5000000)
 ParOldGen       total 2097152K, used 0K [0x00007ea7ed000000, 0x00007ea86d000000, 0x00007ea86d000000)
  object space 2097152K, 0% used [0x00007ea7ed000000,0x00007ea7ed000000,0x00007ea86d000000)
 Metaspace       used 7387K, committed 7488K, reserved 8192K
}
Event: 2,412 GC heap after
{Heap after GC invocations=1 (full 0):
 PSYoungGen      total 917504K, used 1600K [0x00007ea86d000000, 0x00007ea8ad000000, 0x00007ea8ad000000)
  eden space 786432K, 0% used [0x00007ea86d000000,0x00007ea86d000000,0x00007ea89d000000)
  from space 131072K, 1% used [0x00007ea89d000000,0x00007ea89d190040,0x00007ea8a5000000)
  to   space 131072K, 0% used [0x00007ea8a5000000,0x00007ea8a5000000,0x00007ea8ad000000)
 ParOldGen       total 2097152K, used 8K [0x00007ea7ed000000, 0x00007ea86d000000, 0x00007ea86d000000)
  object space 2097152K, 0% used [0x00007ea7ed000000,0x00007ea7ed002000,0x00007ea86d000000)
 Metaspace       used 7387K, committed 7488K, reserved 8192K
}
Event: 2,412 GC heap before
{Heap before GC invocations=2 (full 1):
 PSYoungGen      total 917504K, used 1600K [0x00007ea86d000000, 0x00007ea8ad000000, 0x00007ea8ad000000)
  eden space 786432K, 0% used [0x00007ea86d000000,0x00007ea86d000000,0x00007ea89d000000)
  from space 131072K, 1% used [0x00007ea89d000000,0x00007ea89d190040,0x00007ea8a5000000)
  to   space 131072K, 0% used [0x00007ea8a5000000,0x00007ea8a5000000,0x00007ea8ad000000)
 ParOldGen       total 2097152K, used 8K [0x00007ea7ed000000, 0x00007ea86d000000, 0x00007ea86d000000)
  object space 2097152K, 0% used [0x00007ea7ed000000,0x00007ea7ed002000,0x00007ea86d000000)
 Metaspace       used 7387K, committed 7488K, reserved 8192K
}
Event: 2,441 GC heap after
{Heap after GC invocations=2 (full 1):
 PSYoungGen      total 917504K, used 0K [0x00007ea86d000000, 0x00007ea8ad000000, 0x00007ea8ad000000)
  eden space 786432K, 0% used [0x00007ea86d000000,0x00007ea86d000000,0x00007ea89d000000)
  from space 131072K, 0% used [0x00007ea89d000000,0x00007ea89d000000,0x00007ea8a5000000)
  to   space 131072K, 0% used [0x00007ea8a5000000,0x00007ea8a5000000,0x00007ea8ad000000)
 ParOldGen       total 2097152K, used 1473K [0x00007ea7ed000000, 0x00007ea86d000000, 0x00007ea86d000000)
  object space 2097152K, 0% used [0x00007ea7ed000000,0x00007ea7ed1705a0,0x00007ea86d000000)
 Metaspace       used 7387K, committed 7488K, reserved 8192K
}
Event: 2,448 GC heap before
{Heap before GC invocations=3 (full 1):
 PSYoungGen      total 917504K, used 47186K [0x00007ea86d000000, 0x00007ea8ad000000, 0x00007ea8ad000000)
  eden space 786432K, 6% used [0x00007ea86d000000,0x00007ea86fe14818,0x00007ea89d000000)
  from space 131072K, 0% used [0x00007ea89d000000,0x00007ea89d000000,0x00007ea8a5000000)
  to   space 131072K, 0% used [0x00007ea8a5000000,0x00007ea8a5000000,0x00007ea8ad000000)
 ParOldGen       total 2097152K, used 1473K [0x00007ea7ed000000, 0x00007ea86d000000, 0x00007ea86d000000)
  object space 2097152K, 0% used [0x00007ea7ed000000,0x00007ea7ed1705a0,0x00007ea86d000000)
 Metaspace       used 7387K, committed 7488K, reserved 8192K
}
Event: 2,459 GC heap after
{Heap after GC invocations=3 (full 1):
 PSYoungGen      total 917504K, used 96K [0x00007ea86d000000, 0x00007ea8ad000000, 0x00007ea8ad000000)
  eden space 786432K, 0% used [0x00007ea86d000000,0x00007ea86d000000,0x00007ea89d000000)
  from space 131072K, 0% used [0x00007ea8a5000000,0x00007ea8a5018000,0x00007ea8ad000000)
  to   space 131072K, 0% used [0x00007ea89d000000,0x00007ea89d000000,0x00007ea8a5000000)
 ParOldGen       total 2097152K, used 1473K [0x00007ea7ed000000, 0x00007ea86d000000, 0x00007ea86d000000)
  object space 2097152K, 0% used [0x00007ea7ed000000,0x00007ea7ed1705a0,0x00007ea86d000000)
 Metaspace       used 7387K, committed 7488K, reserved 8192K
}
Event: 2,459 GC heap before
{Heap before GC invocations=4 (full 2):
 PSYoungGen      total 917504K, used 96K [0x00007ea86d000000, 0x00007ea8ad000000, 0x00007ea8ad000000)
  eden space 786432K, 0% used [0x00007ea86d000000,0x00007ea86d000000,0x00007ea89d000000)
  from space 131072K, 0% used [0x00007ea8a5000000,0x00007ea8a5018000,0x00007ea8ad000000)
  to   space 131072K, 0% used [0x00007ea89d000000,0x00007ea89d000000,0x00007ea8a5000000)
 ParOldGen       total 2097152K, used 1473K [0x00007ea7ed000000, 0x00007ea86d000000, 0x00007ea86d000000)
  object space 2097152K, 0% used [0x00007ea7ed000000,0x00007ea7ed1705a0,0x00007ea86d000000)
 Metaspace       used 7387K, committed 7488K, reserved 8192K
}
Event: 2,491 GC heap after
{Heap after GC invocations=4 (full 2):
 PSYoungGen      total 917504K, used 0K [0x00007ea86d000000, 0x00007ea8ad000000, 0x00007ea8ad000000)
  eden space 786432K, 0% used [0x00007ea86d000000,0x00007ea86d000000,0x00007ea89d000000)
  from space 131072K, 0% used [0x00007ea8a5000000,0x00007ea8a5000000,0x00007ea8ad000000)
  to   space 131072K, 0% used [0x00007ea89d000000,0x00007ea89d000000,0x00007ea8a5000000)
 ParOldGen       total 2097152K, used 1467K [0x00007ea7ed000000, 0x00007ea86d000000, 0x00007ea86d000000)
  object space 2097152K, 0% used [0x00007ea7ed000000,0x00007ea7ed16ed60,0x00007ea86d000000)
 Metaspace       used 7387K, committed 7488K, reserved 8192K
}
Event: 2,495 GC heap before
{Heap before GC invocations=5 (full 2):
 PSYoungGen      total 917504K, used 15728K [0x00007ea86d000000, 0x00007ea8ad000000, 0x00007ea8ad000000)
  eden space 786432K, 2% used [0x00007ea86d000000,0x00007ea86df5c2c8,0x00007ea89d000000)
  from space 131072K, 0% used [0x00007ea8a5000000,0x00007ea8a5000000,0x00007ea8ad000000)
  to   space 131072K, 0% used [0x00007ea89d000000,0x00007ea89d000000,0x00007ea8a5000000)
 ParOldGen       total 2097152K, used 1467K [0x00007ea7ed000000, 0x00007ea86d000000, 0x00007ea86d000000)
  object space 2097152K, 0% used [0x00007ea7ed000000,0x00007ea7ed16ed60,0x00007ea86d000000)
 Metaspace       used 7387K, committed 7488K, reserved 8192K
}
Event: 2,497 GC heap after
{Heap after GC invocations=5 (full 2):
 PSYoungGen      total 917504K, used 0K [0x00007ea86d000000, 0x00007ea8ad000000, 0x00007ea8ad000000)
  eden space 786432K, 0% used [0x00007ea86d000000,0x00007ea86d000000,0x00007ea89d000000)
  from space 131072K, 0% used [0x00007ea89d000000,0x00007ea89d000000,0x00007ea8a5000000)
  to   space 131072K, 0% used [0x00007ea8a5000000,0x00007ea8a5000000,0x00007ea8ad000000)
 ParOldGen       total 2097152K, used 1467K [0x00007ea7ed000000, 0x00007ea86d000000, 0x00007ea86d000000)
  object space 2097152K, 0% used [0x00007ea7ed000000,0x00007ea7ed16ed60,0x00007ea86d000000)
 Metaspace       used 7387K, committed 7488K, reserved 8192K
}
Event: 2,497 GC heap before
{Heap before GC invocations=6 (full 3):
 PSYoungGen      total 917504K, used 0K [0x00007ea86d000000, 0x00007ea8ad000000, 0x00007ea8ad000000)
  eden space 786432K, 0% used [0x00007ea86d000000,0x00007ea86d000000,0x00007ea89d000000)
  from space 131072K, 0% used [0x00007ea89d000000,0x00007ea89d000000,0x00007ea8a5000000)
  to   space 131072K, 0% used [0x00007ea8a5000000,0x00007ea8a5000000,0x00007ea8ad000000)
 ParOldGen       total 2097152K, used 1467K [0x00007ea7ed000000, 0x00007ea86d000000, 0x00007ea86d000000)
  object space 2097152K, 0% used [0x00007ea7ed000000,0x00007ea7ed16ed60,0x00007ea86d000000)
 Metaspace       used 7387K, committed 7488K, reserved 8192K
}
Event: 2,618 GC heap after
{Heap after GC invocations=6 (full 3):
 PSYoungGen      total 917504K, used 0K [0x00007ea86d000000, 0x00007ea8ad000000, 0x00007ea8ad000000)
  eden space 786432K, 0% used [0x00007ea86d000000,0x00007ea86d000000,0x00007ea89d000000)
  from space 131072K, 0% used [0x00007ea89d000000,0x00007ea89d000000,0x00007ea8a5000000)
  to   space 131072K, 0% used [0x00007ea8a5000000,0x00007ea8a5000000,0x00007ea8ad000000)
 ParOldGen       total 2097152K, used 1468K [0x00007ea7ed000000, 0x00007ea86d000000, 0x00007ea86d000000)
  object space 2097152K, 0% used [0x00007ea7ed000000,0x00007ea7ed16f1c0,0x00007ea86d000000)
 Metaspace       used 7387K, committed 7488K, reserved 8192K
}
Event: 2,621 GC heap before
{Heap before GC invocations=7 (full 3):
 PSYoungGen      total 917504K, used 15728K [0x00007ea86d000000, 0x00007ea8ad000000, 0x00007ea8ad000000)
  eden space 786432K, 2% used [0x00007ea86d000000,0x00007ea86df5c2c8,0x00007ea89d000000)
  from space 131072K, 0% used [0x00007ea89d000000,0x00007ea89d000000,0x00007ea8a5000000)
  to   space 131072K, 0% used [0x00007ea8a5000000,0x00007ea8a5000000,0x00007ea8ad000000)
 ParOldGen       total 2097152K, used 1468K [0x00007ea7ed000000, 0x00007ea86d000000, 0x00007ea86d000000)
  object space 2097152K, 0% used [0x00007ea7ed000000,0x00007ea7ed16f1c0,0x00007ea86d000000)
 Metaspace       used 7387K, committed 7488K, reserved 8192K
}
Event: 2,623 GC heap after
{Heap after GC invocations=7 (full 3):
 PSYoungGen      total 917504K, used 0K [0x00007ea86d000000, 0x00007ea8ad000000, 0x00007ea8ad000000)
  eden space 786432K, 0% used [0x00007ea86d000000,0x00007ea86d000000,0x00007ea89d000000)
  from space 131072K, 0% used [0x00007ea8a5000000,0x00007ea8a5000000,0x00007ea8ad000000)
  to   space 131072K, 0% used [0x00007ea89d000000,0x00007ea89d000000,0x00007ea8a5000000)
 ParOldGen       total 2097152K, used 1468K [0x00007ea7ed000000, 0x00007ea86d000000, 0x00007ea86d000000)
  object space 2097152K, 0% used [0x00007ea7ed000000,0x00007ea7ed16f1c0,0x00007ea86d000000)
 Metaspace       used 7387K, committed 7488K, reserved 8192K
}
Event: 2,623 GC heap before
{Heap before GC invocations=8 (full 4):
 PSYoungGen      total 917504K, used 0K [0x00007ea86d000000, 0x00007ea8ad000000, 0x00007ea8ad000000)
  eden space 786432K, 0% used [0x00007ea86d000000,0x00007ea86d000000,0x00007ea89d000000)
  from space 131072K, 0% used [0x00007ea8a5000000,0x00007ea8a5000000,0x00007ea8ad000000)
  to   space 131072K, 0% used [0x00007ea89d000000,0x00007ea89d000000,0x00007ea8a5000000)
 ParOldGen       total 2097152K, used 1468K [0x00007ea7ed000000, 0x00007ea86d000000, 0x00007ea86d000000)
  object space 2097152K, 0% used [0x00007ea7ed000000,0x00007ea7ed16f1c0,0x00007ea86d000000)
 Metaspace       used 7387K, committed 7488K, reserved 8192K
}
Event: 2,649 GC heap after
{Heap after GC invocations=8 (full 4):
 PSYoungGen      total 917504K, used 0K [0x00007ea86d000000, 0x00007ea8ad000000, 0x00007ea8ad000000)
  eden space 786432K, 0% used [0x00007ea86d000000,0x00007ea86d000000,0x00007ea89d000000)
  from space 131072K, 0% used [0x00007ea8a5000000,0x00007ea8a5000000,0x00007ea8ad000000)
  to   space 131072K, 0% used [0x00007ea89d000000,0x00007ea89d000000,0x00007ea8a5000000)
 ParOldGen       total 2097152K, used 1467K [0x00007ea7ed000000, 0x00007ea86d000000, 0x00007ea86d000000)
  object space 2097152K, 0% used [0x00007ea7ed000000,0x00007ea7ed16ed60,0x00007ea86d000000)
 Metaspace       used 7387K, committed 7488K, reserved 8192K
}
Event: 2,653 GC heap before
{Heap before GC invocations=9 (full 4):
 PSYoungGen      total 917504K, used 15728K [0x00007ea86d000000, 0x00007ea8ad000000, 0x00007ea8ad000000)
  eden space 786432K, 2% used [0x00007ea86d000000,0x00007ea86df5c2c8,0x00007ea89d000000)
  from space 131072K, 0% used [0x00007ea8a5000000,0x00007ea8a5000000,0x00007ea8ad000000)
  to   space 131072K, 0% used [0x00007ea89d000000,0x00007ea89d000000,0x00007ea8a5000000)
 ParOldGen       total 2097152K, used 1467K [0x00007ea7ed000000, 0x00007ea86d000000, 0x00007ea86d000000)
  object space 2097152K, 0% used [0x00007ea7ed000000,0x00007ea7ed16ed60,0x00007ea86d000000)
 Metaspace       used 7387K, committed 7488K, reserved 8192K
}
Event: 2,655 GC heap after
{Heap after GC invocations=9 (full 4):
 PSYoungGen      total 917504K, used 128K [0x00007ea86d000000, 0x00007ea8ad000000, 0x00007ea8ad000000)
  eden space 786432K, 0% used [0x00007ea86d000000,0x00007ea86d000000,0x00007ea89d000000)
  from space 131072K, 0% used [0x00007ea89d000000,0x00007ea89d020000,0x00007ea8a5000000)
  to   space 131072K, 0% used [0x00007ea8a5000000,0x00007ea8a5000000,0x00007ea8ad000000)
 ParOldGen       total 2097152K, used 1467K [0x00007ea7ed000000, 0x00007ea86d000000, 0x00007ea86d000000)
  object space 2097152K, 0% used [0x00007ea7ed000000,0x00007ea7ed16ed60,0x00007ea86d000000)
 Metaspace       used 7387K, committed 7488K, reserved 8192K
}
Event: 2,655 GC heap before
{Heap before GC invocations=10 (full 5):
 PSYoungGen      total 917504K, used 128K [0x00007ea86d000000, 0x00007ea8ad000000, 0x00007ea8ad000000)
  eden space 786432K, 0% used [0x00007ea86d000000,0x00007ea86d000000,0x00007ea89d000000)
  from space 131072K, 0% used [0x00007ea89d000000,0x00007ea89d020000,0x00007ea8a5000000)
  to   space 131072K, 0% used [0x00007ea8a5000000,0x00007ea8a5000000,0x00007ea8ad000000)
 ParOldGen       total 2097152K, used 1467K [0x00007ea7ed000000, 0x00007ea86d000000, 0x00007ea86d000000)
  object space 2097152K, 0% used [0x00007ea7ed000000,0x00007ea7ed16ed60,0x00007ea86d000000)
 Metaspace       used 7387K, committed 7488K, reserved 8192K
}

