# JRE version: OpenJDK Runtime Environment (17.0.6) (fastdebug build 17.0.6-internal+0-adhoc.konstdelis.jdk17u067)
# Java VM: OpenJDK 64-Bit Server VM (fastdebug 17.0.6-internal+0-adhoc.konstdelis.jdk17u067, mixed mode, tiered, parallel gc, linux-amd64)
GC Precious Log:
 CPUs: 32 total, 32 available
 Memory: 251G
 Large Page Support: Disabled
 NUMA Support: Disabled
 Compressed Oops: Disabled
 Alignments: Space 512K, Generation 512K, Heap 2M
 Heap Min Capacity: 3G
 Heap Initial Capacity: 3G
 Heap Max Capacity: 3G
 Pre-touch: Disabled
 Parallel Workers: 8
Heap:
 PSYoungGen      total 917504K, used 0K [0x00007e5f99000000, 0x00007e5fd9000000, 0x00007e5fd9000000)
  eden space 786432K, 0% used [0x00007e5f99000000,0x00007e5f99000000,0x00007e5fc9000000)
  from space 131072K, 0% used [0x00007e5fc9000000,0x00007e5fc9000000,0x00007e5fd1000000)
  to   space 131072K, 0% used [0x00007e5fd1000000,0x00007e5fd1000000,0x00007e5fd9000000)
 ParOldGen       total 2097152K, used 1168076K [0x00007e5f19000000, 0x00007e5f99000000, 0x00007e5f99000000)
  object space 2097152K, 55% used [0x00007e5f19000000,0x00007e5f604b3130,0x00007e5f99000000)
 Metaspace       used 7391K, committed 7488K, reserved 8192K
GC Heap History (13 events):
Event: 2,733 GC heap before
{Heap before GC invocations=1 (full 0):
 PSYoungGen      total 917504K, used 786432K [0x00007e5f99000000, 0x00007e5fd9000000, 0x00007e5fd9000000)
  eden space 786432K, 100% used [0x00007e5f99000000,0x00007e5fc9000000,0x00007e5fc9000000)
  from space 131072K, 0% used [0x00007e5fd1000000,0x00007e5fd1000000,0x00007e5fd9000000)
  to   space 131072K, 0% used [0x00007e5fc9000000,0x00007e5fc9000000,0x00007e5fd1000000)
 ParOldGen       total 2097152K, used 0K [0x00007e5f19000000, 0x00007e5f99000000, 0x00007e5f99000000)
  object space 2097152K, 0% used [0x00007e5f19000000,0x00007e5f19000000,0x00007e5f99000000)
 Metaspace       used 7357K, committed 7488K, reserved 8192K
}
Event: 3,440 GC heap after
{Heap after GC invocations=1 (full 0):
 PSYoungGen      total 917504K, used 131065K [0x00007e5f99000000, 0x00007e5fd9000000, 0x00007e5fd9000000)
  eden space 786432K, 0% used [0x00007e5f99000000,0x00007e5f99000000,0x00007e5fc9000000)
  from space 131072K, 99% used [0x00007e5fc9000000,0x00007e5fd0ffe640,0x00007e5fd1000000)
  to   space 131072K, 0% used [0x00007e5fd1000000,0x00007e5fd1000000,0x00007e5fd9000000)
 ParOldGen       total 2097152K, used 478672K [0x00007e5f19000000, 0x00007e5f99000000, 0x00007e5f99000000)
  object space 2097152K, 22% used [0x00007e5f19000000,0x00007e5f36374000,0x00007e5f99000000)
 Metaspace       used 7357K, committed 7488K, reserved 8192K
}
Event: 3,863 GC heap before
{Heap before GC invocations=2 (full 0):
 PSYoungGen      total 917504K, used 917497K [0x00007e5f99000000, 0x00007e5fd9000000, 0x00007e5fd9000000)
  eden space 786432K, 100% used [0x00007e5f99000000,0x00007e5fc9000000,0x00007e5fc9000000)
  from space 131072K, 99% used [0x00007e5fc9000000,0x00007e5fd0ffe640,0x00007e5fd1000000)
  to   space 131072K, 0% used [0x00007e5fd1000000,0x00007e5fd1000000,0x00007e5fd9000000)
 ParOldGen       total 2097152K, used 478672K [0x00007e5f19000000, 0x00007e5f99000000, 0x00007e5f99000000)
  object space 2097152K, 22% used [0x00007e5f19000000,0x00007e5f36374000,0x00007e5f99000000)
 Metaspace       used 7357K, committed 7488K, reserved 8192K
}
Event: 4,921 GC heap after
{Heap after GC invocations=2 (full 0):
 PSYoungGen      total 917504K, used 131041K [0x00007e5f99000000, 0x00007e5fd9000000, 0x00007e5fd9000000)
  eden space 786432K, 0% used [0x00007e5f99000000,0x00007e5f99000000,0x00007e5fc9000000)
  from space 131072K, 99% used [0x00007e5fd1000000,0x00007e5fd8ff86f8,0x00007e5fd9000000)
  to   space 131072K, 0% used [0x00007e5fc9000000,0x00007e5fc9000000,0x00007e5fd1000000)
 ParOldGen       total 2097152K, used 1125944K [0x00007e5f19000000, 0x00007e5f99000000, 0x00007e5f99000000)
  object space 2097152K, 53% used [0x00007e5f19000000,0x00007e5f5db8e000,0x00007e5f99000000)
 Metaspace       used 7357K, committed 7488K, reserved 8192K
}
Event: 5,298 GC heap before
{Heap before GC invocations=3 (full 0):
 PSYoungGen      total 917504K, used 917473K [0x00007e5f99000000, 0x00007e5fd9000000, 0x00007e5fd9000000)
  eden space 786432K, 100% used [0x00007e5f99000000,0x00007e5fc9000000,0x00007e5fc9000000)
  from space 131072K, 99% used [0x00007e5fd1000000,0x00007e5fd8ff86f8,0x00007e5fd9000000)
  to   space 131072K, 0% used [0x00007e5fc9000000,0x00007e5fc9000000,0x00007e5fd1000000)
 ParOldGen       total 2097152K, used 1125944K [0x00007e5f19000000, 0x00007e5f99000000, 0x00007e5f99000000)
  object space 2097152K, 53% used [0x00007e5f19000000,0x00007e5f5db8e000,0x00007e5f99000000)
 Metaspace       used 7357K, committed 7488K, reserved 8192K
}
Event: 6,433 GC heap after
{Heap after GC invocations=3 (full 0):
 PSYoungGen      total 917504K, used 131061K [0x00007e5f99000000, 0x00007e5fd9000000, 0x00007e5fd9000000)
  eden space 786432K, 0% used [0x00007e5f99000000,0x00007e5f99000000,0x00007e5fc9000000)
  from space 131072K, 99% used [0x00007e5fc9000000,0x00007e5fd0ffd570,0x00007e5fd1000000)
  to   space 131072K, 0% used [0x00007e5fd1000000,0x00007e5fd1000000,0x00007e5fd9000000)
 ParOldGen       total 2097152K, used 1778862K [0x00007e5f19000000, 0x00007e5f99000000, 0x00007e5f99000000)
  object space 2097152K, 84% used [0x00007e5f19000000,0x00007e5f8592b8c0,0x00007e5f99000000)
 Metaspace       used 7357K, committed 7488K, reserved 8192K
}
Event: 6,433 GC heap before
{Heap before GC invocations=4 (full 1):
 PSYoungGen      total 917504K, used 131061K [0x00007e5f99000000, 0x00007e5fd9000000, 0x00007e5fd9000000)
  eden space 786432K, 0% used [0x00007e5f99000000,0x00007e5f99000000,0x00007e5fc9000000)
  from space 131072K, 99% used [0x00007e5fc9000000,0x00007e5fd0ffd570,0x00007e5fd1000000)
  to   space 131072K, 0% used [0x00007e5fd1000000,0x00007e5fd1000000,0x00007e5fd9000000)
 ParOldGen       total 2097152K, used 1778862K [0x00007e5f19000000, 0x00007e5f99000000, 0x00007e5f99000000)
  object space 2097152K, 84% used [0x00007e5f19000000,0x00007e5f8592b8c0,0x00007e5f99000000)
 Metaspace       used 7357K, committed 7488K, reserved 8192K
}
Event: 13,856 GC heap after
{Heap after GC invocations=4 (full 1):
 PSYoungGen      total 917504K, used 0K [0x00007e5f99000000, 0x00007e5fd9000000, 0x00007e5fd9000000)
  eden space 786432K, 0% used [0x00007e5f99000000,0x00007e5f99000000,0x00007e5fc9000000)
  from space 131072K, 0% used [0x00007e5fd1000000,0x00007e5fd1000000,0x00007e5fd9000000)
  to   space 131072K, 0% used [0x00007e5fc9000000,0x00007e5fc9000000,0x00007e5fd1000000)
 ParOldGen       total 2097152K, used 1897737K [0x00007e5f19000000, 0x00007e5f99000000, 0x00007e5f99000000)
  object space 2097152K, 90% used [0x00007e5f19000000,0x00007e5f8cd427d0,0x00007e5f99000000)
 Metaspace       used 7357K, committed 7488K, reserved 8192K
}
Event: 14,981 GC heap before
{Heap before GC invocations=5 (full 2):
 PSYoungGen      total 917504K, used 440739K [0x00007e5f99000000, 0x00007e5fd9000000, 0x00007e5fd9000000)
  eden space 786432K, 56% used [0x00007e5f99000000,0x00007e5fb3e68cd8,0x00007e5fc9000000)
  from space 131072K, 0% used [0x00007e5fd1000000,0x00007e5fd1000000,0x00007e5fd9000000)
  to   space 131072K, 0% used [0x00007e5fc9000000,0x00007e5fc9000000,0x00007e5fd1000000)
 ParOldGen       total 2097152K, used 1897737K [0x00007e5f19000000, 0x00007e5f99000000, 0x00007e5f99000000)
  object space 2097152K, 90% used [0x00007e5f19000000,0x00007e5f8cd427d0,0x00007e5f99000000)
 Metaspace       used 7391K, committed 7488K, reserved 8192K
}
Event: 37,995 GC heap after
{Heap after GC invocations=5 (full 2):
 PSYoungGen      total 917504K, used 0K [0x00007e5f99000000, 0x00007e5fd9000000, 0x00007e5fd9000000)
  eden space 786432K, 0% used [0x00007e5f99000000,0x00007e5f99000000,0x00007e5fc9000000)
  from space 131072K, 0% used [0x00007e5fd1000000,0x00007e5fd1000000,0x00007e5fd9000000)
  to   space 131072K, 0% used [0x00007e5fc9000000,0x00007e5fc9000000,0x00007e5fd1000000)
 ParOldGen       total 2097152K, used 1168076K [0x00007e5f19000000, 0x00007e5f99000000, 0x00007e5f99000000)
  object space 2097152K, 55% used [0x00007e5f19000000,0x00007e5f604b3130,0x00007e5f99000000)
 Metaspace       used 7391K, committed 7488K, reserved 8192K
}
Event: 38,261 GC heap before
{Heap before GC invocations=6 (full 2):
 PSYoungGen      total 917504K, used 15264K [0x00007e5f99000000, 0x00007e5fd9000000, 0x00007e5fd9000000)
  eden space 786432K, 1% used [0x00007e5f99000000,0x00007e5f99ee8058,0x00007e5fc9000000)
  from space 131072K, 0% used [0x00007e5fd1000000,0x00007e5fd1000000,0x00007e5fd9000000)
  to   space 131072K, 0% used [0x00007e5fc9000000,0x00007e5fc9000000,0x00007e5fd1000000)
 ParOldGen       total 2097152K, used 1168076K [0x00007e5f19000000, 0x00007e5f99000000, 0x00007e5f99000000)
  object space 2097152K, 55% used [0x00007e5f19000000,0x00007e5f604b3130,0x00007e5f99000000)
 Metaspace       used 7391K, committed 7488K, reserved 8192K
}
Event: 38,930 GC heap after
{Heap after GC invocations=6 (full 2):
 PSYoungGen      total 917504K, used 0K [0x00007e5f99000000, 0x00007e5fd9000000, 0x00007e5fd9000000)
  eden space 786432K, 0% used [0x00007e5f99000000,0x00007e5f99000000,0x00007e5fc9000000)
  from space 131072K, 0% used [0x00007e5fc9000000,0x00007e5fc9000000,0x00007e5fd1000000)
  to   space 131072K, 0% used [0x00007e5fd1000000,0x00007e5fd1000000,0x00007e5fd9000000)
 ParOldGen       total 2097152K, used 1168076K [0x00007e5f19000000, 0x00007e5f99000000, 0x00007e5f99000000)
  object space 2097152K, 55% used [0x00007e5f19000000,0x00007e5f604b3130,0x00007e5f99000000)
 Metaspace       used 7391K, committed 7488K, reserved 8192K
}
Event: 38,930 GC heap before
{Heap before GC invocations=7 (full 3):
 PSYoungGen      total 917504K, used 0K [0x00007e5f99000000, 0x00007e5fd9000000, 0x00007e5fd9000000)
  eden space 786432K, 0% used [0x00007e5f99000000,0x00007e5f99000000,0x00007e5fc9000000)
  from space 131072K, 0% used [0x00007e5fc9000000,0x00007e5fc9000000,0x00007e5fd1000000)
  to   space 131072K, 0% used [0x00007e5fd1000000,0x00007e5fd1000000,0x00007e5fd9000000)
 ParOldGen       total 2097152K, used 1168076K [0x00007e5f19000000, 0x00007e5f99000000, 0x00007e5f99000000)
  object space 2097152K, 55% used [0x00007e5f19000000,0x00007e5f604b3130,0x00007e5f99000000)
 Metaspace       used 7391K, committed 7488K, reserved 8192K
}

