# JRE version: OpenJDK Runtime Environment (17.0.6) (fastdebug build 17.0.6-internal+0-adhoc.konstdelis.jdk17u067)
# Java VM: OpenJDK 64-Bit Server VM (fastdebug 17.0.6-internal+0-adhoc.konstdelis.jdk17u067, mixed mode, tiered, parallel gc, linux-amd64)
GC Precious Log:
 CPUs: 32 total, 32 available
 Memory: 251G
 Large Page Support: Disabled
 NUMA Support: Disabled
 Compressed Oops: Disabled
 Alignments: Space 512K, Generation 512K, Heap 2M
 Heap Min Capacity: 3G
 Heap Initial Capacity: 3G
 Heap Max Capacity: 3G
 Pre-touch: Disabled
 Parallel Workers: 2
Heap:
 PSYoungGen      total 917504K, used 31457K [0x00007f50a0c00000, 0x00007f50e0c00000, 0x00007f50e0c00000)
  eden space 786432K, 4% used [0x00007f50a0c00000,0x00007f50a2ab86f8,0x00007f50d0c00000)
  from space 131072K, 0% used [0x00007f50d8c00000,0x00007f50d8c00000,0x00007f50e0c00000)
  to   space 131072K, 0% used [0x00007f50d0c00000,0x00007f50d0c00000,0x00007f50d8c00000)
 ParOldGen       total 2097152K, used 2018K [0x00007f5020c00000, 0x00007f50a0c00000, 0x00007f50a0c00000)
  object space 2097152K, 0% used [0x00007f5020c00000,0x00007f5020df8a30,0x00007f50a0c00000)
 Metaspace       used 7408K, committed 7488K, reserved 8192K
GC Heap History (20 events):
Event: 2,454 GC heap before
{Heap before GC invocations=3 (full 1):
 PSYoungGen      total 917504K, used 31457K [0x00007f50a0c00000, 0x00007f50e0c00000, 0x00007f50e0c00000)
  eden space 786432K, 4% used [0x00007f50a0c00000,0x00007f50a2ab8570,0x00007f50d0c00000)
  from space 131072K, 0% used [0x00007f50d0c00000,0x00007f50d0c00000,0x00007f50d8c00000)
  to   space 131072K, 0% used [0x00007f50d8c00000,0x00007f50d8c00000,0x00007f50e0c00000)
 ParOldGen       total 2097152K, used 1569K [0x00007f5020c00000, 0x00007f50a0c00000, 0x00007f50a0c00000)
  object space 2097152K, 0% used [0x00007f5020c00000,0x00007f5020d88508,0x00007f50a0c00000)
 Metaspace       used 7405K, committed 7488K, reserved 8192K
}
Event: 2,461 GC heap after
{Heap after GC invocations=3 (full 1):
 PSYoungGen      total 917504K, used 32K [0x00007f50a0c00000, 0x00007f50e0c00000, 0x00007f50e0c00000)
  eden space 786432K, 0% used [0x00007f50a0c00000,0x00007f50a0c00000,0x00007f50d0c00000)
  from space 131072K, 0% used [0x00007f50d8c00000,0x00007f50d8c08000,0x00007f50e0c00000)
  to   space 131072K, 0% used [0x00007f50d0c00000,0x00007f50d0c00000,0x00007f50d8c00000)
 ParOldGen       total 2097152K, used 1569K [0x00007f5020c00000, 0x00007f50a0c00000, 0x00007f50a0c00000)
  object space 2097152K, 0% used [0x00007f5020c00000,0x00007f5020d88508,0x00007f50a0c00000)
 Metaspace       used 7405K, committed 7488K, reserved 8192K
}
Event: 2,461 GC heap before
{Heap before GC invocations=4 (full 2):
 PSYoungGen      total 917504K, used 32K [0x00007f50a0c00000, 0x00007f50e0c00000, 0x00007f50e0c00000)
  eden space 786432K, 0% used [0x00007f50a0c00000,0x00007f50a0c00000,0x00007f50d0c00000)
  from space 131072K, 0% used [0x00007f50d8c00000,0x00007f50d8c08000,0x00007f50e0c00000)
  to   space 131072K, 0% used [0x00007f50d0c00000,0x00007f50d0c00000,0x00007f50d8c00000)
 ParOldGen       total 2097152K, used 1569K [0x00007f5020c00000, 0x00007f50a0c00000, 0x00007f50a0c00000)
  object space 2097152K, 0% used [0x00007f5020c00000,0x00007f5020d88508,0x00007f50a0c00000)
 Metaspace       used 7405K, committed 7488K, reserved 8192K
}
Event: 2,670 GC heap after
{Heap after GC invocations=4 (full 2):
 PSYoungGen      total 917504K, used 0K [0x00007f50a0c00000, 0x00007f50e0c00000, 0x00007f50e0c00000)
  eden space 786432K, 0% used [0x00007f50a0c00000,0x00007f50a0c00000,0x00007f50d0c00000)
  from space 131072K, 0% used [0x00007f50d8c00000,0x00007f50d8c00000,0x00007f50e0c00000)
  to   space 131072K, 0% used [0x00007f50d0c00000,0x00007f50d0c00000,0x00007f50d8c00000)
 ParOldGen       total 2097152K, used 1681K [0x00007f5020c00000, 0x00007f50a0c00000, 0x00007f50a0c00000)
  object space 2097152K, 0% used [0x00007f5020c00000,0x00007f5020da4548,0x00007f50a0c00000)
 Metaspace       used 7405K, committed 7488K, reserved 8192K
}
Event: 2,673 GC heap before
{Heap before GC invocations=5 (full 2):
 PSYoungGen      total 917504K, used 15728K [0x00007f50a0c00000, 0x00007f50e0c00000, 0x00007f50e0c00000)
  eden space 786432K, 2% used [0x00007f50a0c00000,0x00007f50a1b5c2c8,0x00007f50d0c00000)
  from space 131072K, 0% used [0x00007f50d8c00000,0x00007f50d8c00000,0x00007f50e0c00000)
  to   space 131072K, 0% used [0x00007f50d0c00000,0x00007f50d0c00000,0x00007f50d8c00000)
 ParOldGen       total 2097152K, used 1681K [0x00007f5020c00000, 0x00007f50a0c00000, 0x00007f50a0c00000)
  object space 2097152K, 0% used [0x00007f5020c00000,0x00007f5020da4548,0x00007f50a0c00000)
 Metaspace       used 7405K, committed 7488K, reserved 8192K
}
Event: 2,675 GC heap after
{Heap after GC invocations=5 (full 2):
 PSYoungGen      total 917504K, used 0K [0x00007f50a0c00000, 0x00007f50e0c00000, 0x00007f50e0c00000)
  eden space 786432K, 0% used [0x00007f50a0c00000,0x00007f50a0c00000,0x00007f50d0c00000)
  from space 131072K, 0% used [0x00007f50d0c00000,0x00007f50d0c00000,0x00007f50d8c00000)
  to   space 131072K, 0% used [0x00007f50d8c00000,0x00007f50d8c00000,0x00007f50e0c00000)
 ParOldGen       total 2097152K, used 1681K [0x00007f5020c00000, 0x00007f50a0c00000, 0x00007f50a0c00000)
  object space 2097152K, 0% used [0x00007f5020c00000,0x00007f5020da4548,0x00007f50a0c00000)
 Metaspace       used 7405K, committed 7488K, reserved 8192K
}
Event: 2,676 GC heap before
{Heap before GC invocations=6 (full 3):
 PSYoungGen      total 917504K, used 0K [0x00007f50a0c00000, 0x00007f50e0c00000, 0x00007f50e0c00000)
  eden space 786432K, 0% used [0x00007f50a0c00000,0x00007f50a0c00000,0x00007f50d0c00000)
  from space 131072K, 0% used [0x00007f50d0c00000,0x00007f50d0c00000,0x00007f50d8c00000)
  to   space 131072K, 0% used [0x00007f50d8c00000,0x00007f50d8c00000,0x00007f50e0c00000)
 ParOldGen       total 2097152K, used 1681K [0x00007f5020c00000, 0x00007f50a0c00000, 0x00007f50a0c00000)
  object space 2097152K, 0% used [0x00007f5020c00000,0x00007f5020da4548,0x00007f50a0c00000)
 Metaspace       used 7405K, committed 7488K, reserved 8192K
}
Event: 2,703 GC heap after
{Heap after GC invocations=6 (full 3):
 PSYoungGen      total 917504K, used 0K [0x00007f50a0c00000, 0x00007f50e0c00000, 0x00007f50e0c00000)
  eden space 786432K, 0% used [0x00007f50a0c00000,0x00007f50a0c00000,0x00007f50d0c00000)
  from space 131072K, 0% used [0x00007f50d0c00000,0x00007f50d0c00000,0x00007f50d8c00000)
  to   space 131072K, 0% used [0x00007f50d8c00000,0x00007f50d8c00000,0x00007f50e0c00000)
 ParOldGen       total 2097152K, used 1564K [0x00007f5020c00000, 0x00007f50a0c00000, 0x00007f50a0c00000)
  object space 2097152K, 0% used [0x00007f5020c00000,0x00007f5020d870d8,0x00007f50a0c00000)
 Metaspace       used 7405K, committed 7488K, reserved 8192K
}
Event: 2,705 GC heap before
{Heap before GC invocations=7 (full 3):
 PSYoungGen      total 917504K, used 15728K [0x00007f50a0c00000, 0x00007f50e0c00000, 0x00007f50e0c00000)
  eden space 786432K, 2% used [0x00007f50a0c00000,0x00007f50a1b5c2c8,0x00007f50d0c00000)
  from space 131072K, 0% used [0x00007f50d0c00000,0x00007f50d0c00000,0x00007f50d8c00000)
  to   space 131072K, 0% used [0x00007f50d8c00000,0x00007f50d8c00000,0x00007f50e0c00000)
 ParOldGen       total 2097152K, used 1564K [0x00007f5020c00000, 0x00007f50a0c00000, 0x00007f50a0c00000)
  object space 2097152K, 0% used [0x00007f5020c00000,0x00007f5020d870d8,0x00007f50a0c00000)
 Metaspace       used 7405K, committed 7488K, reserved 8192K
}
Event: 2,708 GC heap after
{Heap after GC invocations=7 (full 3):
 PSYoungGen      total 917504K, used 0K [0x00007f50a0c00000, 0x00007f50e0c00000, 0x00007f50e0c00000)
  eden space 786432K, 0% used [0x00007f50a0c00000,0x00007f50a0c00000,0x00007f50d0c00000)
  from space 131072K, 0% used [0x00007f50d8c00000,0x00007f50d8c00000,0x00007f50e0c00000)
  to   space 131072K, 0% used [0x00007f50d0c00000,0x00007f50d0c00000,0x00007f50d8c00000)
 ParOldGen       total 2097152K, used 1564K [0x00007f5020c00000, 0x00007f50a0c00000, 0x00007f50a0c00000)
  object space 2097152K, 0% used [0x00007f5020c00000,0x00007f5020d870d8,0x00007f50a0c00000)
 Metaspace       used 7405K, committed 7488K, reserved 8192K
}
Event: 2,708 GC heap before
{Heap before GC invocations=8 (full 4):
 PSYoungGen      total 917504K, used 0K [0x00007f50a0c00000, 0x00007f50e0c00000, 0x00007f50e0c00000)
  eden space 786432K, 0% used [0x00007f50a0c00000,0x00007f50a0c00000,0x00007f50d0c00000)
  from space 131072K, 0% used [0x00007f50d8c00000,0x00007f50d8c00000,0x00007f50e0c00000)
  to   space 131072K, 0% used [0x00007f50d0c00000,0x00007f50d0c00000,0x00007f50d8c00000)
 ParOldGen       total 2097152K, used 1564K [0x00007f5020c00000, 0x00007f50a0c00000, 0x00007f50a0c00000)
  object space 2097152K, 0% used [0x00007f5020c00000,0x00007f5020d870d8,0x00007f50a0c00000)
 Metaspace       used 7405K, committed 7488K, reserved 8192K
}
Event: 2,879 GC heap after
{Heap after GC invocations=8 (full 4):
 PSYoungGen      total 917504K, used 0K [0x00007f50a0c00000, 0x00007f50e0c00000, 0x00007f50e0c00000)
  eden space 786432K, 0% used [0x00007f50a0c00000,0x00007f50a0c00000,0x00007f50d0c00000)
  from space 131072K, 0% used [0x00007f50d8c00000,0x00007f50d8c00000,0x00007f50e0c00000)
  to   space 131072K, 0% used [0x00007f50d0c00000,0x00007f50d0c00000,0x00007f50d8c00000)
 ParOldGen       total 2097152K, used 1798K [0x00007f5020c00000, 0x00007f50a0c00000, 0x00007f50a0c00000)
  object space 2097152K, 0% used [0x00007f5020c00000,0x00007f5020dc19b8,0x00007f50a0c00000)
 Metaspace       used 7405K, committed 7488K, reserved 8192K
}
Event: 2,882 GC heap before
{Heap before GC invocations=9 (full 4):
 PSYoungGen      total 917504K, used 15728K [0x00007f50a0c00000, 0x00007f50e0c00000, 0x00007f50e0c00000)
  eden space 786432K, 2% used [0x00007f50a0c00000,0x00007f50a1b5c2c8,0x00007f50d0c00000)
  from space 131072K, 0% used [0x00007f50d8c00000,0x00007f50d8c00000,0x00007f50e0c00000)
  to   space 131072K, 0% used [0x00007f50d0c00000,0x00007f50d0c00000,0x00007f50d8c00000)
 ParOldGen       total 2097152K, used 1798K [0x00007f5020c00000, 0x00007f50a0c00000, 0x00007f50a0c00000)
  object space 2097152K, 0% used [0x00007f5020c00000,0x00007f5020dc19b8,0x00007f50a0c00000)
 Metaspace       used 7405K, committed 7488K, reserved 8192K
}
Event: 2,885 GC heap after
{Heap after GC invocations=9 (full 4):
 PSYoungGen      total 917504K, used 149K [0x00007f50a0c00000, 0x00007f50e0c00000, 0x00007f50e0c00000)
  eden space 786432K, 0% used [0x00007f50a0c00000,0x00007f50a0c00000,0x00007f50d0c00000)
  from space 131072K, 0% used [0x00007f50d0c00000,0x00007f50d0c256e0,0x00007f50d8c00000)
  to   space 131072K, 0% used [0x00007f50d8c00000,0x00007f50d8c00000,0x00007f50e0c00000)
 ParOldGen       total 2097152K, used 1798K [0x00007f5020c00000, 0x00007f50a0c00000, 0x00007f50a0c00000)
  object space 2097152K, 0% used [0x00007f5020c00000,0x00007f5020dc19b8,0x00007f50a0c00000)
 Metaspace       used 7405K, committed 7488K, reserved 8192K
}
Event: 2,885 GC heap before
{Heap before GC invocations=10 (full 5):
 PSYoungGen      total 917504K, used 149K [0x00007f50a0c00000, 0x00007f50e0c00000, 0x00007f50e0c00000)
  eden space 786432K, 0% used [0x00007f50a0c00000,0x00007f50a0c00000,0x00007f50d0c00000)
  from space 131072K, 0% used [0x00007f50d0c00000,0x00007f50d0c256e0,0x00007f50d8c00000)
  to   space 131072K, 0% used [0x00007f50d8c00000,0x00007f50d8c00000,0x00007f50e0c00000)
 ParOldGen       total 2097152K, used 1798K [0x00007f5020c00000, 0x00007f50a0c00000, 0x00007f50a0c00000)
  object space 2097152K, 0% used [0x00007f5020c00000,0x00007f5020dc19b8,0x00007f50a0c00000)
 Metaspace       used 7405K, committed 7488K, reserved 8192K
}
Event: 2,920 GC heap after
{Heap after GC invocations=10 (full 5):
 PSYoungGen      total 917504K, used 0K [0x00007f50a0c00000, 0x00007f50e0c00000, 0x00007f50e0c00000)
  eden space 786432K, 0% used [0x00007f50a0c00000,0x00007f50a0c00000,0x00007f50d0c00000)
  from space 131072K, 0% used [0x00007f50d0c00000,0x00007f50d0c00000,0x00007f50d8c00000)
  to   space 131072K, 0% used [0x00007f50d8c00000,0x00007f50d8c00000,0x00007f50e0c00000)
 ParOldGen       total 2097152K, used 1584K [0x00007f5020c00000, 0x00007f50a0c00000, 0x00007f50a0c00000)
  object space 2097152K, 0% used [0x00007f5020c00000,0x00007f5020d8c0a0,0x00007f50a0c00000)
 Metaspace       used 7405K, committed 7488K, reserved 8192K
}
Event: 2,922 GC heap before
{Heap before GC invocations=11 (full 5):
 PSYoungGen      total 917504K, used 15728K [0x00007f50a0c00000, 0x00007f50e0c00000, 0x00007f50e0c00000)
  eden space 786432K, 2% used [0x00007f50a0c00000,0x00007f50a1b5c2c8,0x00007f50d0c00000)
  from space 131072K, 0% used [0x00007f50d0c00000,0x00007f50d0c00000,0x00007f50d8c00000)
  to   space 131072K, 0% used [0x00007f50d8c00000,0x00007f50d8c00000,0x00007f50e0c00000)
 ParOldGen       total 2097152K, used 1584K [0x00007f5020c00000, 0x00007f50a0c00000, 0x00007f50a0c00000)
  object space 2097152K, 0% used [0x00007f5020c00000,0x00007f5020d8c0a0,0x00007f50a0c00000)
 Metaspace       used 7405K, committed 7488K, reserved 8192K
}
Event: 2,925 GC heap after
{Heap after GC invocations=11 (full 5):
 PSYoungGen      total 917504K, used 32K [0x00007f50a0c00000, 0x00007f50e0c00000, 0x00007f50e0c00000)
  eden space 786432K, 0% used [0x00007f50a0c00000,0x00007f50a0c00000,0x00007f50d0c00000)
  from space 131072K, 0% used [0x00007f50d8c00000,0x00007f50d8c08000,0x00007f50e0c00000)
  to   space 131072K, 0% used [0x00007f50d0c00000,0x00007f50d0c00000,0x00007f50d8c00000)
 ParOldGen       total 2097152K, used 1584K [0x00007f5020c00000, 0x00007f50a0c00000, 0x00007f50a0c00000)
  object space 2097152K, 0% used [0x00007f5020c00000,0x00007f5020d8c0a0,0x00007f50a0c00000)
 Metaspace       used 7405K, committed 7488K, reserved 8192K
}
Event: 2,925 GC heap before
{Heap before GC invocations=12 (full 6):
 PSYoungGen      total 917504K, used 32K [0x00007f50a0c00000, 0x00007f50e0c00000, 0x00007f50e0c00000)
  eden space 786432K, 0% used [0x00007f50a0c00000,0x00007f50a0c00000,0x00007f50d0c00000)
  from space 131072K, 0% used [0x00007f50d8c00000,0x00007f50d8c08000,0x00007f50e0c00000)
  to   space 131072K, 0% used [0x00007f50d0c00000,0x00007f50d0c00000,0x00007f50d8c00000)
 ParOldGen       total 2097152K, used 1584K [0x00007f5020c00000, 0x00007f50a0c00000, 0x00007f50a0c00000)
  object space 2097152K, 0% used [0x00007f5020c00000,0x00007f5020d8c0a0,0x00007f50a0c00000)
 Metaspace       used 7405K, committed 7488K, reserved 8192K
}
Event: 3,097 GC heap after
{Heap after GC invocations=12 (full 6):
 PSYoungGen      total 917504K, used 0K [0x00007f50a0c00000, 0x00007f50e0c00000, 0x00007f50e0c00000)
  eden space 786432K, 0% used [0x00007f50a0c00000,0x00007f50a0c00000,0x00007f50d0c00000)
  from space 131072K, 0% used [0x00007f50d8c00000,0x00007f50d8c00000,0x00007f50e0c00000)
  to   space 131072K, 0% used [0x00007f50d0c00000,0x00007f50d0c00000,0x00007f50d8c00000)
 ParOldGen       total 2097152K, used 2018K [0x00007f5020c00000, 0x00007f50a0c00000, 0x00007f50a0c00000)
  object space 2097152K, 0% used [0x00007f5020c00000,0x00007f5020df8a30,0x00007f50a0c00000)
 Metaspace       used 7405K, committed 7488K, reserved 8192K
}

