# JRE version: OpenJDK Runtime Environment (17.0.6) (build 17.0.6-internal+0-adhoc.konstdelis.jdk17u067)
# Java VM: OpenJDK 64-Bit Server VM (17.0.6-internal+0-adhoc.konstdelis.jdk17u067, mixed mode, tiered, parallel gc, linux-amd64)
GC Precious Log:
 CPUs: 32 total, 32 available
 Memory: 251G
 Large Page Support: Disabled
 NUMA Support: Disabled
 Compressed Oops: Disabled
 Alignments: Space 512K, Generation 512K, Heap 2M
 Heap Min Capacity: 3G
 Heap Initial Capacity: 3G
 Heap Max Capacity: 3G
 Pre-touch: Disabled
 Parallel Workers: 8
Heap:
 PSYoungGen      total 917504K, used 0K [0x00007ec0a8e00000, 0x00007ec0e8e00000, 0x00007ec0e8e00000)
  eden space 786432K, 0% used [0x00007ec0a8e00000,0x00007ec0a8e00000,0x00007ec0d8e00000)
  from space 131072K, 0% used [0x00007ec0d8e00000,0x00007ec0d8e00000,0x00007ec0e0e00000)
  to   space 131072K, 0% used [0x00007ec0e0e00000,0x00007ec0e0e00000,0x00007ec0e8e00000)
 ParOldGen       total 2097152K, used 1280531K [0x00007ec028e00000, 0x00007ec0a8e00000, 0x00007ec0a8e00000)
  object space 2097152K, 61% used [0x00007ec028e00000,0x00007ec077084f60,0x00007ec0a8e00000)
 Metaspace       used 7090K, committed 7168K, reserved 8192K
GC Heap History (13 events):
Event: 1.941 GC heap before
{Heap before GC invocations=1 (full 0):
 PSYoungGen      total 917504K, used 786432K [0x00007ec0a8e00000, 0x00007ec0e8e00000, 0x00007ec0e8e00000)
  eden space 786432K, 100% used [0x00007ec0a8e00000,0x00007ec0d8e00000,0x00007ec0d8e00000)
  from space 131072K, 0% used [0x00007ec0e0e00000,0x00007ec0e0e00000,0x00007ec0e8e00000)
  to   space 131072K, 0% used [0x00007ec0d8e00000,0x00007ec0d8e00000,0x00007ec0e0e00000)
 ParOldGen       total 2097152K, used 0K [0x00007ec028e00000, 0x00007ec0a8e00000, 0x00007ec0a8e00000)
  object space 2097152K, 0% used [0x00007ec028e00000,0x00007ec028e00000,0x00007ec0a8e00000)
 Metaspace       used 7053K, committed 7104K, reserved 8192K
}
Event: 2.361 GC heap after
{Heap after GC invocations=1 (full 0):
 PSYoungGen      total 917504K, used 131049K [0x00007ec0a8e00000, 0x00007ec0e8e00000, 0x00007ec0e8e00000)
  eden space 786432K, 0% used [0x00007ec0a8e00000,0x00007ec0a8e00000,0x00007ec0d8e00000)
  from space 131072K, 99% used [0x00007ec0d8e00000,0x00007ec0e0dfa620,0x00007ec0e0e00000)
  to   space 131072K, 0% used [0x00007ec0e0e00000,0x00007ec0e0e00000,0x00007ec0e8e00000)
 ParOldGen       total 2097152K, used 502208K [0x00007ec028e00000, 0x00007ec0a8e00000, 0x00007ec0a8e00000)
  object space 2097152K, 23% used [0x00007ec028e00000,0x00007ec047870000,0x00007ec0a8e00000)
 Metaspace       used 7053K, committed 7104K, reserved 8192K
}
Event: 2.649 GC heap before
{Heap before GC invocations=2 (full 0):
 PSYoungGen      total 917504K, used 917481K [0x00007ec0a8e00000, 0x00007ec0e8e00000, 0x00007ec0e8e00000)
  eden space 786432K, 100% used [0x00007ec0a8e00000,0x00007ec0d8e00000,0x00007ec0d8e00000)
  from space 131072K, 99% used [0x00007ec0d8e00000,0x00007ec0e0dfa620,0x00007ec0e0e00000)
  to   space 131072K, 0% used [0x00007ec0e0e00000,0x00007ec0e0e00000,0x00007ec0e8e00000)
 ParOldGen       total 2097152K, used 502208K [0x00007ec028e00000, 0x00007ec0a8e00000, 0x00007ec0a8e00000)
  object space 2097152K, 23% used [0x00007ec028e00000,0x00007ec047870000,0x00007ec0a8e00000)
 Metaspace       used 7053K, committed 7104K, reserved 8192K
}
Event: 3.185 GC heap after
{Heap after GC invocations=2 (full 0):
 PSYoungGen      total 917504K, used 131055K [0x00007ec0a8e00000, 0x00007ec0e8e00000, 0x00007ec0e8e00000)
  eden space 786432K, 0% used [0x00007ec0a8e00000,0x00007ec0a8e00000,0x00007ec0d8e00000)
  from space 131072K, 99% used [0x00007ec0e0e00000,0x00007ec0e8dfbff8,0x00007ec0e8e00000)
  to   space 131072K, 0% used [0x00007ec0d8e00000,0x00007ec0d8e00000,0x00007ec0e0e00000)
 ParOldGen       total 2097152K, used 1153736K [0x00007ec028e00000, 0x00007ec0a8e00000, 0x00007ec0a8e00000)
  object space 2097152K, 55% used [0x00007ec028e00000,0x00007ec06f4b2000,0x00007ec0a8e00000)
 Metaspace       used 7053K, committed 7104K, reserved 8192K
}
Event: 3.477 GC heap before
{Heap before GC invocations=3 (full 0):
 PSYoungGen      total 917504K, used 917487K [0x00007ec0a8e00000, 0x00007ec0e8e00000, 0x00007ec0e8e00000)
  eden space 786432K, 100% used [0x00007ec0a8e00000,0x00007ec0d8e00000,0x00007ec0d8e00000)
  from space 131072K, 99% used [0x00007ec0e0e00000,0x00007ec0e8dfbff8,0x00007ec0e8e00000)
  to   space 131072K, 0% used [0x00007ec0d8e00000,0x00007ec0d8e00000,0x00007ec0e0e00000)
 ParOldGen       total 2097152K, used 1153736K [0x00007ec028e00000, 0x00007ec0a8e00000, 0x00007ec0a8e00000)
  object space 2097152K, 55% used [0x00007ec028e00000,0x00007ec06f4b2000,0x00007ec0a8e00000)
 Metaspace       used 7053K, committed 7104K, reserved 8192K
}
Event: 4.107 GC heap after
{Heap after GC invocations=3 (full 0):
 PSYoungGen      total 917504K, used 131061K [0x00007ec0a8e00000, 0x00007ec0e8e00000, 0x00007ec0e8e00000)
  eden space 786432K, 0% used [0x00007ec0a8e00000,0x00007ec0a8e00000,0x00007ec0d8e00000)
  from space 131072K, 99% used [0x00007ec0d8e00000,0x00007ec0e0dfd530,0x00007ec0e0e00000)
  to   space 131072K, 0% used [0x00007ec0e0e00000,0x00007ec0e0e00000,0x00007ec0e8e00000)
 ParOldGen       total 2097152K, used 1810950K [0x00007ec028e00000, 0x00007ec0a8e00000, 0x00007ec0a8e00000)
  object space 2097152K, 86% used [0x00007ec028e00000,0x00007ec0976818c0,0x00007ec0a8e00000)
 Metaspace       used 7053K, committed 7104K, reserved 8192K
}
Event: 4.107 GC heap before
{Heap before GC invocations=4 (full 1):
 PSYoungGen      total 917504K, used 131061K [0x00007ec0a8e00000, 0x00007ec0e8e00000, 0x00007ec0e8e00000)
  eden space 786432K, 0% used [0x00007ec0a8e00000,0x00007ec0a8e00000,0x00007ec0d8e00000)
  from space 131072K, 99% used [0x00007ec0d8e00000,0x00007ec0e0dfd530,0x00007ec0e0e00000)
  to   space 131072K, 0% used [0x00007ec0e0e00000,0x00007ec0e0e00000,0x00007ec0e8e00000)
 ParOldGen       total 2097152K, used 1810950K [0x00007ec028e00000, 0x00007ec0a8e00000, 0x00007ec0a8e00000)
  object space 2097152K, 86% used [0x00007ec028e00000,0x00007ec0976818c0,0x00007ec0a8e00000)
 Metaspace       used 7053K, committed 7104K, reserved 8192K
}
Event: 6.885 GC heap after
{Heap after GC invocations=4 (full 1):
 PSYoungGen      total 917504K, used 0K [0x00007ec0a8e00000, 0x00007ec0e8e00000, 0x00007ec0e8e00000)
  eden space 786432K, 0% used [0x00007ec0a8e00000,0x00007ec0a8e00000,0x00007ec0d8e00000)
  from space 131072K, 0% used [0x00007ec0e0e00000,0x00007ec0e0e00000,0x00007ec0e8e00000)
  to   space 131072K, 0% used [0x00007ec0d8e00000,0x00007ec0d8e00000,0x00007ec0e0e00000)
 ParOldGen       total 2097152K, used 1929692K [0x00007ec028e00000, 0x00007ec0a8e00000, 0x00007ec0a8e00000)
  object space 2097152K, 92% used [0x00007ec028e00000,0x00007ec09ea771d0,0x00007ec0a8e00000)
 Metaspace       used 7053K, committed 7104K, reserved 8192K
}
Event: 7.871 GC heap before
{Heap before GC invocations=5 (full 2):
 PSYoungGen      total 917504K, used 411069K [0x00007ec0a8e00000, 0x00007ec0e8e00000, 0x00007ec0e8e00000)
  eden space 786432K, 52% used [0x00007ec0a8e00000,0x00007ec0c1f6f4f8,0x00007ec0d8e00000)
  from space 131072K, 0% used [0x00007ec0e0e00000,0x00007ec0e0e00000,0x00007ec0e8e00000)
  to   space 131072K, 0% used [0x00007ec0d8e00000,0x00007ec0d8e00000,0x00007ec0e0e00000)
 ParOldGen       total 2097152K, used 1929692K [0x00007ec028e00000, 0x00007ec0a8e00000, 0x00007ec0a8e00000)
  object space 2097152K, 92% used [0x00007ec028e00000,0x00007ec09ea771d0,0x00007ec0a8e00000)
 Metaspace       used 7083K, committed 7168K, reserved 8192K
}
Event: 14.608 GC heap after
{Heap after GC invocations=5 (full 2):
 PSYoungGen      total 917504K, used 0K [0x00007ec0a8e00000, 0x00007ec0e8e00000, 0x00007ec0e8e00000)
  eden space 786432K, 0% used [0x00007ec0a8e00000,0x00007ec0a8e00000,0x00007ec0d8e00000)
  from space 131072K, 0% used [0x00007ec0e0e00000,0x00007ec0e0e00000,0x00007ec0e8e00000)
  to   space 131072K, 0% used [0x00007ec0d8e00000,0x00007ec0d8e00000,0x00007ec0e0e00000)
 ParOldGen       total 2097152K, used 1280531K [0x00007ec028e00000, 0x00007ec0a8e00000, 0x00007ec0a8e00000)
  object space 2097152K, 61% used [0x00007ec028e00000,0x00007ec077084f60,0x00007ec0a8e00000)
 Metaspace       used 7083K, committed 7168K, reserved 8192K
}
Event: 14.814 GC heap before
{Heap before GC invocations=6 (full 2):
 PSYoungGen      total 917504K, used 15285K [0x00007ec0a8e00000, 0x00007ec0e8e00000, 0x00007ec0e8e00000)
  eden space 786432K, 1% used [0x00007ec0a8e00000,0x00007ec0a9ced470,0x00007ec0d8e00000)
  from space 131072K, 0% used [0x00007ec0e0e00000,0x00007ec0e0e00000,0x00007ec0e8e00000)
  to   space 131072K, 0% used [0x00007ec0d8e00000,0x00007ec0d8e00000,0x00007ec0e0e00000)
 ParOldGen       total 2097152K, used 1280531K [0x00007ec028e00000, 0x00007ec0a8e00000, 0x00007ec0a8e00000)
  object space 2097152K, 61% used [0x00007ec028e00000,0x00007ec077084f60,0x00007ec0a8e00000)
 Metaspace       used 7090K, committed 7168K, reserved 8192K
}
Event: 15.043 GC heap after
{Heap after GC invocations=6 (full 2):
 PSYoungGen      total 917504K, used 0K [0x00007ec0a8e00000, 0x00007ec0e8e00000, 0x00007ec0e8e00000)
  eden space 786432K, 0% used [0x00007ec0a8e00000,0x00007ec0a8e00000,0x00007ec0d8e00000)
  from space 131072K, 0% used [0x00007ec0d8e00000,0x00007ec0d8e00000,0x00007ec0e0e00000)
  to   space 131072K, 0% used [0x00007ec0e0e00000,0x00007ec0e0e00000,0x00007ec0e8e00000)
 ParOldGen       total 2097152K, used 1280531K [0x00007ec028e00000, 0x00007ec0a8e00000, 0x00007ec0a8e00000)
  object space 2097152K, 61% used [0x00007ec028e00000,0x00007ec077084f60,0x00007ec0a8e00000)
 Metaspace       used 7090K, committed 7168K, reserved 8192K
}
Event: 15.043 GC heap before
{Heap before GC invocations=7 (full 3):
 PSYoungGen      total 917504K, used 0K [0x00007ec0a8e00000, 0x00007ec0e8e00000, 0x00007ec0e8e00000)
  eden space 786432K, 0% used [0x00007ec0a8e00000,0x00007ec0a8e00000,0x00007ec0d8e00000)
  from space 131072K, 0% used [0x00007ec0d8e00000,0x00007ec0d8e00000,0x00007ec0e0e00000)
  to   space 131072K, 0% used [0x00007ec0e0e00000,0x00007ec0e0e00000,0x00007ec0e8e00000)
 ParOldGen       total 2097152K, used 1280531K [0x00007ec028e00000, 0x00007ec0a8e00000, 0x00007ec0a8e00000)
  object space 2097152K, 61% used [0x00007ec028e00000,0x00007ec077084f60,0x00007ec0a8e00000)
 Metaspace       used 7090K, committed 7168K, reserved 8192K
}

