# JRE version: OpenJDK Runtime Environment (17.0.6) (fastdebug build 17.0.6-internal+0-adhoc.konstdelis.jdk17u067)
# Java VM: OpenJDK 64-Bit Server VM (fastdebug 17.0.6-internal+0-adhoc.konstdelis.jdk17u067, mixed mode, tiered, parallel gc, linux-amd64)
GC Precious Log:
 CPUs: 32 total, 32 available
 Memory: 251G
 Large Page Support: Disabled
 NUMA Support: Disabled
 Compressed Oops: Disabled
 Alignments: Space 512K, Generation 512K, Heap 2M
 Heap Min Capacity: 3G
 Heap Initial Capacity: 3G
 Heap Max Capacity: 3G
 Pre-touch: Disabled
 Parallel Workers: 1
Heap:
 PSYoungGen      total 917504K, used 0K [0x00007f25c9000000, 0x00007f2609000000, 0x00007f2609000000)
  eden space 786432K, 0% used [0x00007f25c9000000,0x00007f25c9000000,0x00007f25f9000000)
  from space 131072K, 0% used [0x00007f25f9000000,0x00007f25f9000000,0x00007f2601000000)
  to   space 131072K, 0% used [0x00007f2601000000,0x00007f2601000000,0x00007f2609000000)
 ParOldGen       total 2097152K, used 1466K [0x00007f2549000000, 0x00007f25c9000000, 0x00007f25c9000000)
  object space 2097152K, 0% used [0x00007f2549000000,0x00007f254916e858,0x00007f25c9000000)
 Metaspace       used 7390K, committed 7488K, reserved 8192K
GC Heap History (11 events):
Event: 2,576 GC heap before
{Heap before GC invocations=1 (full 0):
 PSYoungGen      total 917504K, used 78643K [0x00007f25c9000000, 0x00007f2609000000, 0x00007f2609000000)
  eden space 786432K, 10% used [0x00007f25c9000000,0x00007f25cdcccf00,0x00007f25f9000000)
  from space 131072K, 0% used [0x00007f2601000000,0x00007f2601000000,0x00007f2609000000)
  to   space 131072K, 0% used [0x00007f25f9000000,0x00007f25f9000000,0x00007f2601000000)
 ParOldGen       total 2097152K, used 0K [0x00007f2549000000, 0x00007f25c9000000, 0x00007f25c9000000)
  object space 2097152K, 0% used [0x00007f2549000000,0x00007f2549000000,0x00007f25c9000000)
 Metaspace       used 7390K, committed 7488K, reserved 8192K
}
Event: 2,603 GC heap after
{Heap after GC invocations=1 (full 0):
 PSYoungGen      total 917504K, used 1520K [0x00007f25c9000000, 0x00007f2609000000, 0x00007f2609000000)
  eden space 786432K, 0% used [0x00007f25c9000000,0x00007f25c9000000,0x00007f25f9000000)
  from space 131072K, 1% used [0x00007f25f9000000,0x00007f25f917c020,0x00007f2601000000)
  to   space 131072K, 0% used [0x00007f2601000000,0x00007f2601000000,0x00007f2609000000)
 ParOldGen       total 2097152K, used 0K [0x00007f2549000000, 0x00007f25c9000000, 0x00007f25c9000000)
  object space 2097152K, 0% used [0x00007f2549000000,0x00007f2549000000,0x00007f25c9000000)
 Metaspace       used 7390K, committed 7488K, reserved 8192K
}
Event: 2,603 GC heap before
{Heap before GC invocations=2 (full 1):
 PSYoungGen      total 917504K, used 1520K [0x00007f25c9000000, 0x00007f2609000000, 0x00007f2609000000)
  eden space 786432K, 0% used [0x00007f25c9000000,0x00007f25c9000000,0x00007f25f9000000)
  from space 131072K, 1% used [0x00007f25f9000000,0x00007f25f917c020,0x00007f2601000000)
  to   space 131072K, 0% used [0x00007f2601000000,0x00007f2601000000,0x00007f2609000000)
 ParOldGen       total 2097152K, used 0K [0x00007f2549000000, 0x00007f25c9000000, 0x00007f25c9000000)
  object space 2097152K, 0% used [0x00007f2549000000,0x00007f2549000000,0x00007f25c9000000)
 Metaspace       used 7390K, committed 7488K, reserved 8192K
}
Event: 2,646 GC heap after
{Heap after GC invocations=2 (full 1):
 PSYoungGen      total 917504K, used 0K [0x00007f25c9000000, 0x00007f2609000000, 0x00007f2609000000)
  eden space 786432K, 0% used [0x00007f25c9000000,0x00007f25c9000000,0x00007f25f9000000)
  from space 131072K, 0% used [0x00007f25f9000000,0x00007f25f9000000,0x00007f2601000000)
  to   space 131072K, 0% used [0x00007f2601000000,0x00007f2601000000,0x00007f2609000000)
 ParOldGen       total 2097152K, used 1471K [0x00007f2549000000, 0x00007f25c9000000, 0x00007f25c9000000)
  object space 2097152K, 0% used [0x00007f2549000000,0x00007f254916fc38,0x00007f25c9000000)
 Metaspace       used 7390K, committed 7488K, reserved 8192K
}
Event: 2,651 GC heap before
{Heap before GC invocations=3 (full 1):
 PSYoungGen      total 917504K, used 47186K [0x00007f25c9000000, 0x00007f2609000000, 0x00007f2609000000)
  eden space 786432K, 6% used [0x00007f25c9000000,0x00007f25cbe14818,0x00007f25f9000000)
  from space 131072K, 0% used [0x00007f25f9000000,0x00007f25f9000000,0x00007f2601000000)
  to   space 131072K, 0% used [0x00007f2601000000,0x00007f2601000000,0x00007f2609000000)
 ParOldGen       total 2097152K, used 1471K [0x00007f2549000000, 0x00007f25c9000000, 0x00007f25c9000000)
  object space 2097152K, 0% used [0x00007f2549000000,0x00007f254916fc38,0x00007f25c9000000)
 Metaspace       used 7390K, committed 7488K, reserved 8192K
}
Event: 2,662 GC heap after
{Heap after GC invocations=3 (full 1):
 PSYoungGen      total 917504K, used 32K [0x00007f25c9000000, 0x00007f2609000000, 0x00007f2609000000)
  eden space 786432K, 0% used [0x00007f25c9000000,0x00007f25c9000000,0x00007f25f9000000)
  from space 131072K, 0% used [0x00007f2601000000,0x00007f2601008000,0x00007f2609000000)
  to   space 131072K, 0% used [0x00007f25f9000000,0x00007f25f9000000,0x00007f2601000000)
 ParOldGen       total 2097152K, used 1471K [0x00007f2549000000, 0x00007f25c9000000, 0x00007f25c9000000)
  object space 2097152K, 0% used [0x00007f2549000000,0x00007f254916fc38,0x00007f25c9000000)
 Metaspace       used 7390K, committed 7488K, reserved 8192K
}
Event: 2,662 GC heap before
{Heap before GC invocations=4 (full 2):
 PSYoungGen      total 917504K, used 32K [0x00007f25c9000000, 0x00007f2609000000, 0x00007f2609000000)
  eden space 786432K, 0% used [0x00007f25c9000000,0x00007f25c9000000,0x00007f25f9000000)
  from space 131072K, 0% used [0x00007f2601000000,0x00007f2601008000,0x00007f2609000000)
  to   space 131072K, 0% used [0x00007f25f9000000,0x00007f25f9000000,0x00007f2601000000)
 ParOldGen       total 2097152K, used 1471K [0x00007f2549000000, 0x00007f25c9000000, 0x00007f25c9000000)
  object space 2097152K, 0% used [0x00007f2549000000,0x00007f254916fc38,0x00007f25c9000000)
 Metaspace       used 7390K, committed 7488K, reserved 8192K
}
Event: 2,893 GC heap after
{Heap after GC invocations=4 (full 2):
 PSYoungGen      total 917504K, used 0K [0x00007f25c9000000, 0x00007f2609000000, 0x00007f2609000000)
  eden space 786432K, 0% used [0x00007f25c9000000,0x00007f25c9000000,0x00007f25f9000000)
  from space 131072K, 0% used [0x00007f2601000000,0x00007f2601000000,0x00007f2609000000)
  to   space 131072K, 0% used [0x00007f25f9000000,0x00007f25f9000000,0x00007f2601000000)
 ParOldGen       total 2097152K, used 1466K [0x00007f2549000000, 0x00007f25c9000000, 0x00007f25c9000000)
  object space 2097152K, 0% used [0x00007f2549000000,0x00007f254916e858,0x00007f25c9000000)
 Metaspace       used 7390K, committed 7488K, reserved 8192K
}
Event: 2,895 GC heap before
{Heap before GC invocations=5 (full 2):
 PSYoungGen      total 917504K, used 15728K [0x00007f25c9000000, 0x00007f2609000000, 0x00007f2609000000)
  eden space 786432K, 2% used [0x00007f25c9000000,0x00007f25c9f5c2c8,0x00007f25f9000000)
  from space 131072K, 0% used [0x00007f2601000000,0x00007f2601000000,0x00007f2609000000)
  to   space 131072K, 0% used [0x00007f25f9000000,0x00007f25f9000000,0x00007f2601000000)
 ParOldGen       total 2097152K, used 1466K [0x00007f2549000000, 0x00007f25c9000000, 0x00007f25c9000000)
  object space 2097152K, 0% used [0x00007f2549000000,0x00007f254916e858,0x00007f25c9000000)
 Metaspace       used 7390K, committed 7488K, reserved 8192K
}
Event: 2,898 GC heap after
{Heap after GC invocations=5 (full 2):
 PSYoungGen      total 917504K, used 0K [0x00007f25c9000000, 0x00007f2609000000, 0x00007f2609000000)
  eden space 786432K, 0% used [0x00007f25c9000000,0x00007f25c9000000,0x00007f25f9000000)
  from space 131072K, 0% used [0x00007f25f9000000,0x00007f25f9000000,0x00007f2601000000)
  to   space 131072K, 0% used [0x00007f2601000000,0x00007f2601000000,0x00007f2609000000)
 ParOldGen       total 2097152K, used 1466K [0x00007f2549000000, 0x00007f25c9000000, 0x00007f25c9000000)
  object space 2097152K, 0% used [0x00007f2549000000,0x00007f254916e858,0x00007f25c9000000)
 Metaspace       used 7390K, committed 7488K, reserved 8192K
}
Event: 2,898 GC heap before
{Heap before GC invocations=6 (full 3):
 PSYoungGen      total 917504K, used 0K [0x00007f25c9000000, 0x00007f2609000000, 0x00007f2609000000)
  eden space 786432K, 0% used [0x00007f25c9000000,0x00007f25c9000000,0x00007f25f9000000)
  from space 131072K, 0% used [0x00007f25f9000000,0x00007f25f9000000,0x00007f2601000000)
  to   space 131072K, 0% used [0x00007f2601000000,0x00007f2601000000,0x00007f2609000000)
 ParOldGen       total 2097152K, used 1466K [0x00007f2549000000, 0x00007f25c9000000, 0x00007f25c9000000)
  object space 2097152K, 0% used [0x00007f2549000000,0x00007f254916e858,0x00007f25c9000000)
 Metaspace       used 7390K, committed 7488K, reserved 8192K
}

