# JRE version: OpenJDK Runtime Environment (17.0.6) (fastdebug build 17.0.6-internal+0-adhoc.konstdelis.jdk17u067)
# Java VM: OpenJDK 64-Bit Server VM (fastdebug 17.0.6-internal+0-adhoc.konstdelis.jdk17u067, mixed mode, tiered, parallel gc, linux-amd64)
GC Precious Log:
 CPUs: 32 total, 32 available
 Memory: 251G
 Large Page Support: Disabled
 NUMA Support: Disabled
 Compressed Oops: Disabled
 Alignments: Space 512K, Generation 512K, Heap 2M
 Heap Min Capacity: 3G
 Heap Initial Capacity: 3G
 Heap Max Capacity: 3G
 Pre-touch: Disabled
 Parallel Workers: 1
Heap:
 PSYoungGen      total 917504K, used 32K [0x00007eb8a9000000, 0x00007eb8e9000000, 0x00007eb8e9000000)
  eden space 786432K, 0% used [0x00007eb8a9000000,0x00007eb8a9000000,0x00007eb8d9000000)
  from space 131072K, 0% used [0x00007eb8d9000000,0x00007eb8d9008000,0x00007eb8e1000000)
  to   space 131072K, 0% used [0x00007eb8e1000000,0x00007eb8e1000000,0x00007eb8e9000000)
 ParOldGen       total 2097152K, used 1466K [0x00007eb829000000, 0x00007eb8a9000000, 0x00007eb8a9000000)
  object space 2097152K, 0% used [0x00007eb829000000,0x00007eb82916e808,0x00007eb8a9000000)
 Metaspace       used 7388K, committed 7488K, reserved 8192K
GC Heap History (11 events):
Event: 2,308 GC heap before
{Heap before GC invocations=1 (full 0):
 PSYoungGen      total 917504K, used 78643K [0x00007eb8a9000000, 0x00007eb8e9000000, 0x00007eb8e9000000)
  eden space 786432K, 10% used [0x00007eb8a9000000,0x00007eb8adcccf00,0x00007eb8d9000000)
  from space 131072K, 0% used [0x00007eb8e1000000,0x00007eb8e1000000,0x00007eb8e9000000)
  to   space 131072K, 0% used [0x00007eb8d9000000,0x00007eb8d9000000,0x00007eb8e1000000)
 ParOldGen       total 2097152K, used 0K [0x00007eb829000000, 0x00007eb8a9000000, 0x00007eb8a9000000)
  object space 2097152K, 0% used [0x00007eb829000000,0x00007eb829000000,0x00007eb8a9000000)
 Metaspace       used 7388K, committed 7488K, reserved 8192K
}
Event: 2,335 GC heap after
{Heap after GC invocations=1 (full 0):
 PSYoungGen      total 917504K, used 1520K [0x00007eb8a9000000, 0x00007eb8e9000000, 0x00007eb8e9000000)
  eden space 786432K, 0% used [0x00007eb8a9000000,0x00007eb8a9000000,0x00007eb8d9000000)
  from space 131072K, 1% used [0x00007eb8d9000000,0x00007eb8d917c020,0x00007eb8e1000000)
  to   space 131072K, 0% used [0x00007eb8e1000000,0x00007eb8e1000000,0x00007eb8e9000000)
 ParOldGen       total 2097152K, used 0K [0x00007eb829000000, 0x00007eb8a9000000, 0x00007eb8a9000000)
  object space 2097152K, 0% used [0x00007eb829000000,0x00007eb829000000,0x00007eb8a9000000)
 Metaspace       used 7388K, committed 7488K, reserved 8192K
}
Event: 2,335 GC heap before
{Heap before GC invocations=2 (full 1):
 PSYoungGen      total 917504K, used 1520K [0x00007eb8a9000000, 0x00007eb8e9000000, 0x00007eb8e9000000)
  eden space 786432K, 0% used [0x00007eb8a9000000,0x00007eb8a9000000,0x00007eb8d9000000)
  from space 131072K, 1% used [0x00007eb8d9000000,0x00007eb8d917c020,0x00007eb8e1000000)
  to   space 131072K, 0% used [0x00007eb8e1000000,0x00007eb8e1000000,0x00007eb8e9000000)
 ParOldGen       total 2097152K, used 0K [0x00007eb829000000, 0x00007eb8a9000000, 0x00007eb8a9000000)
  object space 2097152K, 0% used [0x00007eb829000000,0x00007eb829000000,0x00007eb8a9000000)
 Metaspace       used 7388K, committed 7488K, reserved 8192K
}
Event: 2,379 GC heap after
{Heap after GC invocations=2 (full 1):
 PSYoungGen      total 917504K, used 0K [0x00007eb8a9000000, 0x00007eb8e9000000, 0x00007eb8e9000000)
  eden space 786432K, 0% used [0x00007eb8a9000000,0x00007eb8a9000000,0x00007eb8d9000000)
  from space 131072K, 0% used [0x00007eb8d9000000,0x00007eb8d9000000,0x00007eb8e1000000)
  to   space 131072K, 0% used [0x00007eb8e1000000,0x00007eb8e1000000,0x00007eb8e9000000)
 ParOldGen       total 2097152K, used 1471K [0x00007eb829000000, 0x00007eb8a9000000, 0x00007eb8a9000000)
  object space 2097152K, 0% used [0x00007eb829000000,0x00007eb82916fc88,0x00007eb8a9000000)
 Metaspace       used 7388K, committed 7488K, reserved 8192K
}
Event: 2,381 GC heap before
{Heap before GC invocations=3 (full 1):
 PSYoungGen      total 917504K, used 15728K [0x00007eb8a9000000, 0x00007eb8e9000000, 0x00007eb8e9000000)
  eden space 786432K, 2% used [0x00007eb8a9000000,0x00007eb8a9f5c2c8,0x00007eb8d9000000)
  from space 131072K, 0% used [0x00007eb8d9000000,0x00007eb8d9000000,0x00007eb8e1000000)
  to   space 131072K, 0% used [0x00007eb8e1000000,0x00007eb8e1000000,0x00007eb8e9000000)
 ParOldGen       total 2097152K, used 1471K [0x00007eb829000000, 0x00007eb8a9000000, 0x00007eb8a9000000)
  object space 2097152K, 0% used [0x00007eb829000000,0x00007eb82916fc88,0x00007eb8a9000000)
 Metaspace       used 7388K, committed 7488K, reserved 8192K
}
Event: 2,385 GC heap after
{Heap after GC invocations=3 (full 1):
 PSYoungGen      total 917504K, used 0K [0x00007eb8a9000000, 0x00007eb8e9000000, 0x00007eb8e9000000)
  eden space 786432K, 0% used [0x00007eb8a9000000,0x00007eb8a9000000,0x00007eb8d9000000)
  from space 131072K, 0% used [0x00007eb8e1000000,0x00007eb8e1000000,0x00007eb8e9000000)
  to   space 131072K, 0% used [0x00007eb8d9000000,0x00007eb8d9000000,0x00007eb8e1000000)
 ParOldGen       total 2097152K, used 1471K [0x00007eb829000000, 0x00007eb8a9000000, 0x00007eb8a9000000)
  object space 2097152K, 0% used [0x00007eb829000000,0x00007eb82916fc88,0x00007eb8a9000000)
 Metaspace       used 7388K, committed 7488K, reserved 8192K
}
Event: 2,385 GC heap before
{Heap before GC invocations=4 (full 2):
 PSYoungGen      total 917504K, used 0K [0x00007eb8a9000000, 0x00007eb8e9000000, 0x00007eb8e9000000)
  eden space 786432K, 0% used [0x00007eb8a9000000,0x00007eb8a9000000,0x00007eb8d9000000)
  from space 131072K, 0% used [0x00007eb8e1000000,0x00007eb8e1000000,0x00007eb8e9000000)
  to   space 131072K, 0% used [0x00007eb8d9000000,0x00007eb8d9000000,0x00007eb8e1000000)
 ParOldGen       total 2097152K, used 1471K [0x00007eb829000000, 0x00007eb8a9000000, 0x00007eb8a9000000)
  object space 2097152K, 0% used [0x00007eb829000000,0x00007eb82916fc88,0x00007eb8a9000000)
 Metaspace       used 7388K, committed 7488K, reserved 8192K
}
Event: 2,665 GC heap after
{Heap after GC invocations=4 (full 2):
 PSYoungGen      total 917504K, used 0K [0x00007eb8a9000000, 0x00007eb8e9000000, 0x00007eb8e9000000)
  eden space 786432K, 0% used [0x00007eb8a9000000,0x00007eb8a9000000,0x00007eb8d9000000)
  from space 131072K, 0% used [0x00007eb8e1000000,0x00007eb8e1000000,0x00007eb8e9000000)
  to   space 131072K, 0% used [0x00007eb8d9000000,0x00007eb8d9000000,0x00007eb8e1000000)
 ParOldGen       total 2097152K, used 1466K [0x00007eb829000000, 0x00007eb8a9000000, 0x00007eb8a9000000)
  object space 2097152K, 0% used [0x00007eb829000000,0x00007eb82916e808,0x00007eb8a9000000)
 Metaspace       used 7388K, committed 7488K, reserved 8192K
}
Event: 2,669 GC heap before
{Heap before GC invocations=5 (full 2):
 PSYoungGen      total 917504K, used 31457K [0x00007eb8a9000000, 0x00007eb8e9000000, 0x00007eb8e9000000)
  eden space 786432K, 4% used [0x00007eb8a9000000,0x00007eb8aaeb8570,0x00007eb8d9000000)
  from space 131072K, 0% used [0x00007eb8e1000000,0x00007eb8e1000000,0x00007eb8e9000000)
  to   space 131072K, 0% used [0x00007eb8d9000000,0x00007eb8d9000000,0x00007eb8e1000000)
 ParOldGen       total 2097152K, used 1466K [0x00007eb829000000, 0x00007eb8a9000000, 0x00007eb8a9000000)
  object space 2097152K, 0% used [0x00007eb829000000,0x00007eb82916e808,0x00007eb8a9000000)
 Metaspace       used 7388K, committed 7488K, reserved 8192K
}
Event: 2,676 GC heap after
{Heap after GC invocations=5 (full 2):
 PSYoungGen      total 917504K, used 32K [0x00007eb8a9000000, 0x00007eb8e9000000, 0x00007eb8e9000000)
  eden space 786432K, 0% used [0x00007eb8a9000000,0x00007eb8a9000000,0x00007eb8d9000000)
  from space 131072K, 0% used [0x00007eb8d9000000,0x00007eb8d9008000,0x00007eb8e1000000)
  to   space 131072K, 0% used [0x00007eb8e1000000,0x00007eb8e1000000,0x00007eb8e9000000)
 ParOldGen       total 2097152K, used 1466K [0x00007eb829000000, 0x00007eb8a9000000, 0x00007eb8a9000000)
  object space 2097152K, 0% used [0x00007eb829000000,0x00007eb82916e808,0x00007eb8a9000000)
 Metaspace       used 7388K, committed 7488K, reserved 8192K
}
Event: 2,676 GC heap before
{Heap before GC invocations=6 (full 3):
 PSYoungGen      total 917504K, used 32K [0x00007eb8a9000000, 0x00007eb8e9000000, 0x00007eb8e9000000)
  eden space 786432K, 0% used [0x00007eb8a9000000,0x00007eb8a9000000,0x00007eb8d9000000)
  from space 131072K, 0% used [0x00007eb8d9000000,0x00007eb8d9008000,0x00007eb8e1000000)
  to   space 131072K, 0% used [0x00007eb8e1000000,0x00007eb8e1000000,0x00007eb8e9000000)
 ParOldGen       total 2097152K, used 1466K [0x00007eb829000000, 0x00007eb8a9000000, 0x00007eb8a9000000)
  object space 2097152K, 0% used [0x00007eb829000000,0x00007eb82916e808,0x00007eb8a9000000)
 Metaspace       used 7388K, committed 7488K, reserved 8192K
}

