# JRE version: OpenJDK Runtime Environment (17.0.6) (fastdebug build 17.0.6-internal+0-adhoc.konstdelis.jdk17u067)
# Java VM: OpenJDK 64-Bit Server VM (fastdebug 17.0.6-internal+0-adhoc.konstdelis.jdk17u067, mixed mode, tiered, parallel gc, linux-amd64)
GC Precious Log:
 CPUs: 32 total, 32 available
 Memory: 251G
 Large Page Support: Disabled
 NUMA Support: Disabled
 Compressed Oops: Disabled
 Alignments: Space 512K, Generation 512K, Heap 2M
 Heap Min Capacity: 3G
 Heap Initial Capacity: 3G
 Heap Max Capacity: 3G
 Pre-touch: Disabled
 Parallel Workers: 8
Heap:
 PSYoungGen      total 917504K, used 291501K [0x00007f1339000000, 0x00007f1379000000, 0x00007f1379000000)
  eden space 786432K, 37% used [0x00007f1339000000,0x00007f134acab7a8,0x00007f1369000000)
  from space 131072K, 0% used [0x00007f1369000000,0x00007f1369000000,0x00007f1371000000)
  to   space 131072K, 0% used [0x00007f1371000000,0x00007f1371000000,0x00007f1379000000)
 ParOldGen       total 2097152K, used 2096891K [0x00007f12b9000000, 0x00007f1339000000, 0x00007f1339000000)
  object space 2097152K, 99% used [0x00007f12b9000000,0x00007f1338fbecb8,0x00007f1339000000)
 Metaspace       used 7360K, committed 7488K, reserved 8192K
GC Heap History (20 events):
Event: 5,145 GC heap after
{Heap after GC invocations=2 (full 0):
 PSYoungGen      total 917504K, used 131045K [0x00007f1339000000, 0x00007f1379000000, 0x00007f1379000000)
  eden space 786432K, 0% used [0x00007f1339000000,0x00007f1339000000,0x00007f1369000000)
  from space 131072K, 99% used [0x00007f1371000000,0x00007f1378ff9550,0x00007f1379000000)
  to   space 131072K, 0% used [0x00007f1369000000,0x00007f1369000000,0x00007f1371000000)
 ParOldGen       total 2097152K, used 1134856K [0x00007f12b9000000, 0x00007f1339000000, 0x00007f1339000000)
  object space 2097152K, 54% used [0x00007f12b9000000,0x00007f12fe442000,0x00007f1339000000)
 Metaspace       used 7360K, committed 7488K, reserved 8192K
}
Event: 5,491 GC heap before
{Heap before GC invocations=3 (full 0):
 PSYoungGen      total 917504K, used 917477K [0x00007f1339000000, 0x00007f1379000000, 0x00007f1379000000)
  eden space 786432K, 100% used [0x00007f1339000000,0x00007f1369000000,0x00007f1369000000)
  from space 131072K, 99% used [0x00007f1371000000,0x00007f1378ff9550,0x00007f1379000000)
  to   space 131072K, 0% used [0x00007f1369000000,0x00007f1369000000,0x00007f1371000000)
 ParOldGen       total 2097152K, used 1134856K [0x00007f12b9000000, 0x00007f1339000000, 0x00007f1339000000)
  object space 2097152K, 54% used [0x00007f12b9000000,0x00007f12fe442000,0x00007f1339000000)
 Metaspace       used 7360K, committed 7488K, reserved 8192K
}
Event: 6,565 GC heap after
{Heap after GC invocations=3 (full 0):
 PSYoungGen      total 917504K, used 131056K [0x00007f1339000000, 0x00007f1379000000, 0x00007f1379000000)
  eden space 786432K, 0% used [0x00007f1339000000,0x00007f1339000000,0x00007f1369000000)
  from space 131072K, 99% used [0x00007f1369000000,0x00007f1370ffc020,0x00007f1371000000)
  to   space 131072K, 0% used [0x00007f1371000000,0x00007f1371000000,0x00007f1379000000)
 ParOldGen       total 2097152K, used 1817895K [0x00007f12b9000000, 0x00007f1339000000, 0x00007f1339000000)
  object space 2097152K, 86% used [0x00007f12b9000000,0x00007f1327f49f88,0x00007f1339000000)
 Metaspace       used 7360K, committed 7488K, reserved 8192K
}
Event: 6,565 GC heap before
{Heap before GC invocations=4 (full 1):
 PSYoungGen      total 917504K, used 131056K [0x00007f1339000000, 0x00007f1379000000, 0x00007f1379000000)
  eden space 786432K, 0% used [0x00007f1339000000,0x00007f1339000000,0x00007f1369000000)
  from space 131072K, 99% used [0x00007f1369000000,0x00007f1370ffc020,0x00007f1371000000)
  to   space 131072K, 0% used [0x00007f1371000000,0x00007f1371000000,0x00007f1379000000)
 ParOldGen       total 2097152K, used 1817895K [0x00007f12b9000000, 0x00007f1339000000, 0x00007f1339000000)
  object space 2097152K, 86% used [0x00007f12b9000000,0x00007f1327f49f88,0x00007f1339000000)
 Metaspace       used 7360K, committed 7488K, reserved 8192K
}
Event: 14,476 GC heap after
{Heap after GC invocations=4 (full 1):
 PSYoungGen      total 917504K, used 0K [0x00007f1339000000, 0x00007f1379000000, 0x00007f1379000000)
  eden space 786432K, 0% used [0x00007f1339000000,0x00007f1339000000,0x00007f1369000000)
  from space 131072K, 0% used [0x00007f1371000000,0x00007f1371000000,0x00007f1379000000)
  to   space 131072K, 0% used [0x00007f1369000000,0x00007f1369000000,0x00007f1371000000)
 ParOldGen       total 2097152K, used 1934079K [0x00007f12b9000000, 0x00007f1339000000, 0x00007f1339000000)
  object space 2097152K, 92% used [0x00007f12b9000000,0x00007f132f0bff18,0x00007f1339000000)
 Metaspace       used 7360K, committed 7488K, reserved 8192K
}
Event: 14,805 GC heap before
{Heap before GC invocations=5 (full 2):
 PSYoungGen      total 917504K, used 786432K [0x00007f1339000000, 0x00007f1379000000, 0x00007f1379000000)
  eden space 786432K, 100% used [0x00007f1339000000,0x00007f1369000000,0x00007f1369000000)
  from space 131072K, 0% used [0x00007f1371000000,0x00007f1371000000,0x00007f1379000000)
  to   space 131072K, 0% used [0x00007f1369000000,0x00007f1369000000,0x00007f1371000000)
 ParOldGen       total 2097152K, used 1934079K [0x00007f12b9000000, 0x00007f1339000000, 0x00007f1339000000)
  object space 2097152K, 92% used [0x00007f12b9000000,0x00007f132f0bff18,0x00007f1339000000)
 Metaspace       used 7360K, committed 7488K, reserved 8192K
}
Event: 33,749 GC heap after
{Heap after GC invocations=5 (full 2):
 PSYoungGen      total 917504K, used 0K [0x00007f1339000000, 0x00007f1379000000, 0x00007f1379000000)
  eden space 786432K, 0% used [0x00007f1339000000,0x00007f1339000000,0x00007f1369000000)
  from space 131072K, 0% used [0x00007f1369000000,0x00007f1369000000,0x00007f1371000000)
  to   space 131072K, 0% used [0x00007f1371000000,0x00007f1371000000,0x00007f1379000000)
 ParOldGen       total 2097152K, used 1132793K [0x00007f12b9000000, 0x00007f1339000000, 0x00007f1339000000)
  object space 2097152K, 54% used [0x00007f12b9000000,0x00007f12fe23e6e0,0x00007f1339000000)
 Metaspace       used 7360K, committed 7488K, reserved 8192K
}
Event: 34,138 GC heap before
{Heap before GC invocations=6 (full 2):
 PSYoungGen      total 917504K, used 786432K [0x00007f1339000000, 0x00007f1379000000, 0x00007f1379000000)
  eden space 786432K, 100% used [0x00007f1339000000,0x00007f1369000000,0x00007f1369000000)
  from space 131072K, 0% used [0x00007f1369000000,0x00007f1369000000,0x00007f1371000000)
  to   space 131072K, 0% used [0x00007f1371000000,0x00007f1371000000,0x00007f1379000000)
 ParOldGen       total 2097152K, used 1132793K [0x00007f12b9000000, 0x00007f1339000000, 0x00007f1339000000)
  object space 2097152K, 54% used [0x00007f12b9000000,0x00007f12fe23e6e0,0x00007f1339000000)
 Metaspace       used 7360K, committed 7488K, reserved 8192K
}
Event: 37,812 GC heap after
{Heap after GC invocations=6 (full 2):
 PSYoungGen      total 917504K, used 131072K [0x00007f1339000000, 0x00007f1379000000, 0x00007f1379000000)
  eden space 786432K, 0% used [0x00007f1339000000,0x00007f1339000000,0x00007f1369000000)
  from space 131072K, 100% used [0x00007f1371000000,0x00007f1379000000,0x00007f1379000000)
  to   space 131072K, 0% used [0x00007f1369000000,0x00007f1369000000,0x00007f1371000000)
 ParOldGen       total 2097152K, used 1793113K [0x00007f12b9000000, 0x00007f1339000000, 0x00007f1339000000)
  object space 2097152K, 85% used [0x00007f12b9000000,0x00007f13267166e0,0x00007f1339000000)
 Metaspace       used 7360K, committed 7488K, reserved 8192K
}
Event: 37,812 GC heap before
{Heap before GC invocations=7 (full 3):
 PSYoungGen      total 917504K, used 131072K [0x00007f1339000000, 0x00007f1379000000, 0x00007f1379000000)
  eden space 786432K, 0% used [0x00007f1339000000,0x00007f1339000000,0x00007f1369000000)
  from space 131072K, 100% used [0x00007f1371000000,0x00007f1379000000,0x00007f1379000000)
  to   space 131072K, 0% used [0x00007f1369000000,0x00007f1369000000,0x00007f1371000000)
 ParOldGen       total 2097152K, used 1793113K [0x00007f12b9000000, 0x00007f1339000000, 0x00007f1339000000)
  object space 2097152K, 85% used [0x00007f12b9000000,0x00007f13267166e0,0x00007f1339000000)
 Metaspace       used 7360K, committed 7488K, reserved 8192K
}
Event: 53,574 GC heap after
{Heap after GC invocations=7 (full 3):
 PSYoungGen      total 917504K, used 0K [0x00007f1339000000, 0x00007f1379000000, 0x00007f1379000000)
  eden space 786432K, 0% used [0x00007f1339000000,0x00007f1339000000,0x00007f1369000000)
  from space 131072K, 0% used [0x00007f1369000000,0x00007f1369000000,0x00007f1371000000)
  to   space 131072K, 0% used [0x00007f1371000000,0x00007f1371000000,0x00007f1379000000)
 ParOldGen       total 2097152K, used 1637357K [0x00007f12b9000000, 0x00007f1339000000, 0x00007f1339000000)
  object space 2097152K, 78% used [0x00007f12b9000000,0x00007f131cefb540,0x00007f1339000000)
 Metaspace       used 7360K, committed 7488K, reserved 8192K
}
Event: 53,873 GC heap before
{Heap before GC invocations=8 (full 4):
 PSYoungGen      total 917504K, used 786432K [0x00007f1339000000, 0x00007f1379000000, 0x00007f1379000000)
  eden space 786432K, 100% used [0x00007f1339000000,0x00007f1369000000,0x00007f1369000000)
  from space 131072K, 0% used [0x00007f1369000000,0x00007f1369000000,0x00007f1371000000)
  to   space 131072K, 0% used [0x00007f1371000000,0x00007f1371000000,0x00007f1379000000)
 ParOldGen       total 2097152K, used 1637357K [0x00007f12b9000000, 0x00007f1339000000, 0x00007f1339000000)
  object space 2097152K, 78% used [0x00007f12b9000000,0x00007f131cefb540,0x00007f1339000000)
 Metaspace       used 7360K, committed 7488K, reserved 8192K
}
Event: 68,963 GC heap after
{Heap after GC invocations=8 (full 4):
 PSYoungGen      total 917504K, used 0K [0x00007f1339000000, 0x00007f1379000000, 0x00007f1379000000)
  eden space 786432K, 0% used [0x00007f1339000000,0x00007f1339000000,0x00007f1369000000)
  from space 131072K, 0% used [0x00007f1371000000,0x00007f1371000000,0x00007f1379000000)
  to   space 131072K, 0% used [0x00007f1369000000,0x00007f1369000000,0x00007f1371000000)
 ParOldGen       total 2097152K, used 2063657K [0x00007f12b9000000, 0x00007f1339000000, 0x00007f1339000000)
  object space 2097152K, 98% used [0x00007f12b9000000,0x00007f1336f4a4c8,0x00007f1339000000)
 Metaspace       used 7360K, committed 7488K, reserved 8192K
}
Event: 69,352 GC heap before
{Heap before GC invocations=9 (full 5):
 PSYoungGen      total 917504K, used 786432K [0x00007f1339000000, 0x00007f1379000000, 0x00007f1379000000)
  eden space 786432K, 100% used [0x00007f1339000000,0x00007f1369000000,0x00007f1369000000)
  from space 131072K, 0% used [0x00007f1371000000,0x00007f1371000000,0x00007f1379000000)
  to   space 131072K, 0% used [0x00007f1369000000,0x00007f1369000000,0x00007f1371000000)
 ParOldGen       total 2097152K, used 2063657K [0x00007f12b9000000, 0x00007f1339000000, 0x00007f1339000000)
  object space 2097152K, 98% used [0x00007f12b9000000,0x00007f1336f4a4c8,0x00007f1339000000)
 Metaspace       used 7360K, committed 7488K, reserved 8192K
}
Event: 86,198 GC heap after
{Heap after GC invocations=9 (full 5):
 PSYoungGen      total 917504K, used 203808K [0x00007f1339000000, 0x00007f1379000000, 0x00007f1379000000)
  eden space 786432K, 25% used [0x00007f1339000000,0x00007f1345708238,0x00007f1369000000)
  from space 131072K, 0% used [0x00007f1369000000,0x00007f1369000000,0x00007f1371000000)
  to   space 131072K, 0% used [0x00007f1371000000,0x00007f1371000000,0x00007f1379000000)
 ParOldGen       total 2097152K, used 2097096K [0x00007f12b9000000, 0x00007f1339000000, 0x00007f1339000000)
  object space 2097152K, 99% used [0x00007f12b9000000,0x00007f1338ff20b8,0x00007f1339000000)
 Metaspace       used 7360K, committed 7488K, reserved 8192K
}
Event: 86,487 GC heap before
{Heap before GC invocations=10 (full 6):
 PSYoungGen      total 917504K, used 786432K [0x00007f1339000000, 0x00007f1379000000, 0x00007f1379000000)
  eden space 786432K, 100% used [0x00007f1339000000,0x00007f1369000000,0x00007f1369000000)
  from space 131072K, 0% used [0x00007f1369000000,0x00007f1369000000,0x00007f1371000000)
  to   space 131072K, 0% used [0x00007f1371000000,0x00007f1371000000,0x00007f1379000000)
 ParOldGen       total 2097152K, used 2097096K [0x00007f12b9000000, 0x00007f1339000000, 0x00007f1339000000)
  object space 2097152K, 99% used [0x00007f12b9000000,0x00007f1338ff20b8,0x00007f1339000000)
 Metaspace       used 7360K, committed 7488K, reserved 8192K
}
Event: 103,524 GC heap after
{Heap after GC invocations=10 (full 6):
 PSYoungGen      total 917504K, used 452905K [0x00007f1339000000, 0x00007f1379000000, 0x00007f1379000000)
  eden space 786432K, 57% used [0x00007f1339000000,0x00007f1354a4a778,0x00007f1369000000)
  from space 131072K, 0% used [0x00007f1371000000,0x00007f1371000000,0x00007f1379000000)
  to   space 131072K, 0% used [0x00007f1369000000,0x00007f1369000000,0x00007f1371000000)
 ParOldGen       total 2097152K, used 2096969K [0x00007f12b9000000, 0x00007f1339000000, 0x00007f1339000000)
  object space 2097152K, 99% used [0x00007f12b9000000,0x00007f1338fd2770,0x00007f1339000000)
 Metaspace       used 7360K, committed 7488K, reserved 8192K
}
Event: 103,635 GC heap before
{Heap before GC invocations=11 (full 7):
 PSYoungGen      total 917504K, used 681114K [0x00007f1339000000, 0x00007f1379000000, 0x00007f1379000000)
  eden space 786432K, 86% used [0x00007f1339000000,0x00007f13629268a0,0x00007f1369000000)
  from space 131072K, 0% used [0x00007f1371000000,0x00007f1371000000,0x00007f1379000000)
  to   space 131072K, 0% used [0x00007f1369000000,0x00007f1369000000,0x00007f1371000000)
 ParOldGen       total 2097152K, used 2096969K [0x00007f12b9000000, 0x00007f1339000000, 0x00007f1339000000)
  object space 2097152K, 99% used [0x00007f12b9000000,0x00007f1338fd2770,0x00007f1339000000)
 Metaspace       used 7360K, committed 7488K, reserved 8192K
}
Event: 121,336 GC heap after
{Heap after GC invocations=11 (full 7):
 PSYoungGen      total 917504K, used 291501K [0x00007f1339000000, 0x00007f1379000000, 0x00007f1379000000)
  eden space 786432K, 37% used [0x00007f1339000000,0x00007f134acab7a8,0x00007f1369000000)
  from space 131072K, 0% used [0x00007f1369000000,0x00007f1369000000,0x00007f1371000000)
  to   space 131072K, 0% used [0x00007f1371000000,0x00007f1371000000,0x00007f1379000000)
 ParOldGen       total 2097152K, used 2096891K [0x00007f12b9000000, 0x00007f1339000000, 0x00007f1339000000)
  object space 2097152K, 99% used [0x00007f12b9000000,0x00007f1338fbecb8,0x00007f1339000000)
 Metaspace       used 7360K, committed 7488K, reserved 8192K
}
Event: 121,336 GC heap before
{Heap before GC invocations=12 (full 8):
 PSYoungGen      total 917504K, used 291501K [0x00007f1339000000, 0x00007f1379000000, 0x00007f1379000000)
  eden space 786432K, 37% used [0x00007f1339000000,0x00007f134acab7a8,0x00007f1369000000)
  from space 131072K, 0% used [0x00007f1369000000,0x00007f1369000000,0x00007f1371000000)
  to   space 131072K, 0% used [0x00007f1371000000,0x00007f1371000000,0x00007f1379000000)
 ParOldGen       total 2097152K, used 2096891K [0x00007f12b9000000, 0x00007f1339000000, 0x00007f1339000000)
  object space 2097152K, 99% used [0x00007f12b9000000,0x00007f1338fbecb8,0x00007f1339000000)
 Metaspace       used 7360K, committed 7488K, reserved 8192K
}

