# JRE version: OpenJDK Runtime Environment (17.0.6) (fastdebug build 17.0.6-internal+0-adhoc.konstdelis.jdk17u067)
# Java VM: OpenJDK 64-Bit Server VM (fastdebug 17.0.6-internal+0-adhoc.konstdelis.jdk17u067, mixed mode, tiered, parallel gc, linux-amd64)
GC Precious Log:
 CPUs: 32 total, 32 available
 Memory: 251G
 Large Page Support: Disabled
 NUMA Support: Disabled
 Compressed Oops: Disabled
 Alignments: Space 512K, Generation 512K, Heap 2M
 Heap Min Capacity: 3G
 Heap Initial Capacity: 3G
 Heap Max Capacity: 3G
 Pre-touch: Disabled
 Parallel Workers: 1
Heap:
 PSYoungGen      total 917504K, used 20971K [0x00007f2bb1000000, 0x00007f2bf1000000, 0x00007f2bf1000000)
  eden space 786432K, 2% used [0x00007f2bb1000000,0x00007f2bb247aff0,0x00007f2be1000000)
  from space 131072K, 0% used [0x00007f2be9000000,0x00007f2be9000000,0x00007f2bf1000000)
  to   space 131072K, 0% used [0x00007f2be1000000,0x00007f2be1000000,0x00007f2be9000000)
 ParOldGen       total 2097152K, used 263631K [0x00007f2b31000000, 0x00007f2bb1000000, 0x00007f2bb1000000)
  object space 2097152K, 12% used [0x00007f2b31000000,0x00007f2b41173d28,0x00007f2bb1000000)
 Metaspace       used 7396K, committed 7488K, reserved 8192K
GC Heap History (8 events):
Event: 2,541 GC heap before
{Heap before GC invocations=1 (full 0):
 PSYoungGen      total 917504K, used 94372K [0x00007f2bb1000000, 0x00007f2bf1000000, 0x00007f2bf1000000)
  eden space 786432K, 12% used [0x00007f2bb1000000,0x00007f2bb6c291b0,0x00007f2be1000000)
  from space 131072K, 0% used [0x00007f2be9000000,0x00007f2be9000000,0x00007f2bf1000000)
  to   space 131072K, 0% used [0x00007f2be1000000,0x00007f2be1000000,0x00007f2be9000000)
 ParOldGen       total 2097152K, used 0K [0x00007f2b31000000, 0x00007f2bb1000000, 0x00007f2bb1000000)
  object space 2097152K, 0% used [0x00007f2b31000000,0x00007f2b31000000,0x00007f2bb1000000)
 Metaspace       used 7392K, committed 7488K, reserved 8192K
}
Event: 2,572 GC heap after
{Heap after GC invocations=1 (full 0):
 PSYoungGen      total 917504K, used 1520K [0x00007f2bb1000000, 0x00007f2bf1000000, 0x00007f2bf1000000)
  eden space 786432K, 0% used [0x00007f2bb1000000,0x00007f2bb1000000,0x00007f2be1000000)
  from space 131072K, 1% used [0x00007f2be1000000,0x00007f2be117c020,0x00007f2be9000000)
  to   space 131072K, 0% used [0x00007f2be9000000,0x00007f2be9000000,0x00007f2bf1000000)
 ParOldGen       total 2097152K, used 0K [0x00007f2b31000000, 0x00007f2bb1000000, 0x00007f2bb1000000)
  object space 2097152K, 0% used [0x00007f2b31000000,0x00007f2b31000000,0x00007f2bb1000000)
 Metaspace       used 7392K, committed 7488K, reserved 8192K
}
Event: 2,572 GC heap before
{Heap before GC invocations=2 (full 1):
 PSYoungGen      total 917504K, used 1520K [0x00007f2bb1000000, 0x00007f2bf1000000, 0x00007f2bf1000000)
  eden space 786432K, 0% used [0x00007f2bb1000000,0x00007f2bb1000000,0x00007f2be1000000)
  from space 131072K, 1% used [0x00007f2be1000000,0x00007f2be117c020,0x00007f2be9000000)
  to   space 131072K, 0% used [0x00007f2be9000000,0x00007f2be9000000,0x00007f2bf1000000)
 ParOldGen       total 2097152K, used 0K [0x00007f2b31000000, 0x00007f2bb1000000, 0x00007f2bb1000000)
  object space 2097152K, 0% used [0x00007f2b31000000,0x00007f2b31000000,0x00007f2bb1000000)
 Metaspace       used 7392K, committed 7488K, reserved 8192K
}
Event: 2,616 GC heap after
{Heap after GC invocations=2 (full 1):
 PSYoungGen      total 917504K, used 0K [0x00007f2bb1000000, 0x00007f2bf1000000, 0x00007f2bf1000000)
  eden space 786432K, 0% used [0x00007f2bb1000000,0x00007f2bb1000000,0x00007f2be1000000)
  from space 131072K, 0% used [0x00007f2be1000000,0x00007f2be1000000,0x00007f2be9000000)
  to   space 131072K, 0% used [0x00007f2be9000000,0x00007f2be9000000,0x00007f2bf1000000)
 ParOldGen       total 2097152K, used 1480K [0x00007f2b31000000, 0x00007f2bb1000000, 0x00007f2bb1000000)
  object space 2097152K, 0% used [0x00007f2b31000000,0x00007f2b31172318,0x00007f2bb1000000)
 Metaspace       used 7392K, committed 7488K, reserved 8192K
}
Event: 2,618 GC heap before
{Heap before GC invocations=3 (full 1):
 PSYoungGen      total 917504K, used 15728K [0x00007f2bb1000000, 0x00007f2bf1000000, 0x00007f2bf1000000)
  eden space 786432K, 2% used [0x00007f2bb1000000,0x00007f2bb1f5c2c8,0x00007f2be1000000)
  from space 131072K, 0% used [0x00007f2be1000000,0x00007f2be1000000,0x00007f2be9000000)
  to   space 131072K, 0% used [0x00007f2be9000000,0x00007f2be9000000,0x00007f2bf1000000)
 ParOldGen       total 2097152K, used 1480K [0x00007f2b31000000, 0x00007f2bb1000000, 0x00007f2bb1000000)
  object space 2097152K, 0% used [0x00007f2b31000000,0x00007f2b31172318,0x00007f2bb1000000)
 Metaspace       used 7392K, committed 7488K, reserved 8192K
}
Event: 2,622 GC heap after
{Heap after GC invocations=3 (full 1):
 PSYoungGen      total 917504K, used 0K [0x00007f2bb1000000, 0x00007f2bf1000000, 0x00007f2bf1000000)
  eden space 786432K, 0% used [0x00007f2bb1000000,0x00007f2bb1000000,0x00007f2be1000000)
  from space 131072K, 0% used [0x00007f2be9000000,0x00007f2be9000000,0x00007f2bf1000000)
  to   space 131072K, 0% used [0x00007f2be1000000,0x00007f2be1000000,0x00007f2be9000000)
 ParOldGen       total 2097152K, used 1480K [0x00007f2b31000000, 0x00007f2bb1000000, 0x00007f2bb1000000)
  object space 2097152K, 0% used [0x00007f2b31000000,0x00007f2b31172318,0x00007f2bb1000000)
 Metaspace       used 7392K, committed 7488K, reserved 8192K
}
Event: 2,623 GC heap before
{Heap before GC invocations=4 (full 2):
 PSYoungGen      total 917504K, used 0K [0x00007f2bb1000000, 0x00007f2bf1000000, 0x00007f2bf1000000)
  eden space 786432K, 0% used [0x00007f2bb1000000,0x00007f2bb1000000,0x00007f2be1000000)
  from space 131072K, 0% used [0x00007f2be9000000,0x00007f2be9000000,0x00007f2bf1000000)
  to   space 131072K, 0% used [0x00007f2be1000000,0x00007f2be1000000,0x00007f2be9000000)
 ParOldGen       total 2097152K, used 1480K [0x00007f2b31000000, 0x00007f2bb1000000, 0x00007f2bb1000000)
  object space 2097152K, 0% used [0x00007f2b31000000,0x00007f2b31172318,0x00007f2bb1000000)
 Metaspace       used 7392K, committed 7488K, reserved 8192K
}
Event: 2,844 GC heap after
{Heap after GC invocations=4 (full 2):
 PSYoungGen      total 917504K, used 0K [0x00007f2bb1000000, 0x00007f2bf1000000, 0x00007f2bf1000000)
  eden space 786432K, 0% used [0x00007f2bb1000000,0x00007f2bb1000000,0x00007f2be1000000)
  from space 131072K, 0% used [0x00007f2be9000000,0x00007f2be9000000,0x00007f2bf1000000)
  to   space 131072K, 0% used [0x00007f2be1000000,0x00007f2be1000000,0x00007f2be9000000)
 ParOldGen       total 2097152K, used 263631K [0x00007f2b31000000, 0x00007f2bb1000000, 0x00007f2bb1000000)
  object space 2097152K, 12% used [0x00007f2b31000000,0x00007f2b41173d28,0x00007f2bb1000000)
 Metaspace       used 7392K, committed 7488K, reserved 8192K
}

