# JRE version: OpenJDK Runtime Environment (17.0.6) (fastdebug build 17.0.6-internal+0-adhoc.konstdelis.jdk17u067)
# Java VM: OpenJDK 64-Bit Server VM (fastdebug 17.0.6-internal+0-adhoc.konstdelis.jdk17u067, mixed mode, tiered, parallel gc, linux-amd64)
GC Precious Log:
 CPUs: 32 total, 32 available
 Memory: 251G
 Large Page Support: Disabled
 NUMA Support: Disabled
 Compressed Oops: Disabled
 Alignments: Space 512K, Generation 512K, Heap 2M
 Heap Min Capacity: 3G
 Heap Initial Capacity: 3G
 Heap Max Capacity: 3G
 Pre-touch: Disabled
 Parallel Workers: 4
Heap:
 PSYoungGen      total 917504K, used 64K [0x00007f400c400000, 0x00007f404c400000, 0x00007f404c400000)
  eden space 786432K, 0% used [0x00007f400c400000,0x00007f400c400000,0x00007f403c400000)
  from space 131072K, 0% used [0x00007f403c400000,0x00007f403c410000,0x00007f4044400000)
  to   space 131072K, 0% used [0x00007f4044400000,0x00007f4044400000,0x00007f404c400000)
 ParOldGen       total 2097152K, used 1467K [0x00007f3f8c400000, 0x00007f400c400000, 0x00007f400c400000)
  object space 2097152K, 0% used [0x00007f3f8c400000,0x00007f3f8c56ec40,0x00007f400c400000)
 Metaspace       used 7388K, committed 7488K, reserved 8192K
GC Heap History (19 events):
Event: 2,350 GC heap before
{Heap before GC invocations=1 (full 0):
 PSYoungGen      total 917504K, used 94372K [0x00007f400c400000, 0x00007f404c400000, 0x00007f404c400000)
  eden space 786432K, 12% used [0x00007f400c400000,0x00007f40120291b0,0x00007f403c400000)
  from space 131072K, 0% used [0x00007f4044400000,0x00007f4044400000,0x00007f404c400000)
  to   space 131072K, 0% used [0x00007f403c400000,0x00007f403c400000,0x00007f4044400000)
 ParOldGen       total 2097152K, used 0K [0x00007f3f8c400000, 0x00007f400c400000, 0x00007f400c400000)
  object space 2097152K, 0% used [0x00007f3f8c400000,0x00007f3f8c400000,0x00007f400c400000)
 Metaspace       used 7388K, committed 7488K, reserved 8192K
}
Event: 2,365 GC heap after
{Heap after GC invocations=1 (full 0):
 PSYoungGen      total 917504K, used 1568K [0x00007f400c400000, 0x00007f404c400000, 0x00007f404c400000)
  eden space 786432K, 0% used [0x00007f400c400000,0x00007f400c400000,0x00007f403c400000)
  from space 131072K, 1% used [0x00007f403c400000,0x00007f403c588040,0x00007f4044400000)
  to   space 131072K, 0% used [0x00007f4044400000,0x00007f4044400000,0x00007f404c400000)
 ParOldGen       total 2097152K, used 16K [0x00007f3f8c400000, 0x00007f400c400000, 0x00007f400c400000)
  object space 2097152K, 0% used [0x00007f3f8c400000,0x00007f3f8c404000,0x00007f400c400000)
 Metaspace       used 7388K, committed 7488K, reserved 8192K
}
Event: 2,366 GC heap before
{Heap before GC invocations=2 (full 1):
 PSYoungGen      total 917504K, used 1568K [0x00007f400c400000, 0x00007f404c400000, 0x00007f404c400000)
  eden space 786432K, 0% used [0x00007f400c400000,0x00007f400c400000,0x00007f403c400000)
  from space 131072K, 1% used [0x00007f403c400000,0x00007f403c588040,0x00007f4044400000)
  to   space 131072K, 0% used [0x00007f4044400000,0x00007f4044400000,0x00007f404c400000)
 ParOldGen       total 2097152K, used 16K [0x00007f3f8c400000, 0x00007f400c400000, 0x00007f400c400000)
  object space 2097152K, 0% used [0x00007f3f8c400000,0x00007f3f8c404000,0x00007f400c400000)
 Metaspace       used 7388K, committed 7488K, reserved 8192K
}
Event: 2,396 GC heap after
{Heap after GC invocations=2 (full 1):
 PSYoungGen      total 917504K, used 0K [0x00007f400c400000, 0x00007f404c400000, 0x00007f404c400000)
  eden space 786432K, 0% used [0x00007f400c400000,0x00007f400c400000,0x00007f403c400000)
  from space 131072K, 0% used [0x00007f403c400000,0x00007f403c400000,0x00007f4044400000)
  to   space 131072K, 0% used [0x00007f4044400000,0x00007f4044400000,0x00007f404c400000)
 ParOldGen       total 2097152K, used 1473K [0x00007f3f8c400000, 0x00007f400c400000, 0x00007f400c400000)
  object space 2097152K, 0% used [0x00007f3f8c400000,0x00007f3f8c570520,0x00007f400c400000)
 Metaspace       used 7388K, committed 7488K, reserved 8192K
}
Event: 2,400 GC heap before
{Heap before GC invocations=3 (full 1):
 PSYoungGen      total 917504K, used 15728K [0x00007f400c400000, 0x00007f404c400000, 0x00007f404c400000)
  eden space 786432K, 2% used [0x00007f400c400000,0x00007f400d35c2c8,0x00007f403c400000)
  from space 131072K, 0% used [0x00007f403c400000,0x00007f403c400000,0x00007f4044400000)
  to   space 131072K, 0% used [0x00007f4044400000,0x00007f4044400000,0x00007f404c400000)
 ParOldGen       total 2097152K, used 1473K [0x00007f3f8c400000, 0x00007f400c400000, 0x00007f400c400000)
  object space 2097152K, 0% used [0x00007f3f8c400000,0x00007f3f8c570520,0x00007f400c400000)
 Metaspace       used 7388K, committed 7488K, reserved 8192K
}
Event: 2,402 GC heap after
{Heap after GC invocations=3 (full 1):
 PSYoungGen      total 917504K, used 0K [0x00007f400c400000, 0x00007f404c400000, 0x00007f404c400000)
  eden space 786432K, 0% used [0x00007f400c400000,0x00007f400c400000,0x00007f403c400000)
  from space 131072K, 0% used [0x00007f4044400000,0x00007f4044400000,0x00007f404c400000)
  to   space 131072K, 0% used [0x00007f403c400000,0x00007f403c400000,0x00007f4044400000)
 ParOldGen       total 2097152K, used 1473K [0x00007f3f8c400000, 0x00007f400c400000, 0x00007f400c400000)
  object space 2097152K, 0% used [0x00007f3f8c400000,0x00007f3f8c570520,0x00007f400c400000)
 Metaspace       used 7388K, committed 7488K, reserved 8192K
}
Event: 2,402 GC heap before
{Heap before GC invocations=4 (full 2):
 PSYoungGen      total 917504K, used 0K [0x00007f400c400000, 0x00007f404c400000, 0x00007f404c400000)
  eden space 786432K, 0% used [0x00007f400c400000,0x00007f400c400000,0x00007f403c400000)
  from space 131072K, 0% used [0x00007f4044400000,0x00007f4044400000,0x00007f404c400000)
  to   space 131072K, 0% used [0x00007f403c400000,0x00007f403c400000,0x00007f4044400000)
 ParOldGen       total 2097152K, used 1473K [0x00007f3f8c400000, 0x00007f400c400000, 0x00007f400c400000)
  object space 2097152K, 0% used [0x00007f3f8c400000,0x00007f3f8c570520,0x00007f400c400000)
 Metaspace       used 7388K, committed 7488K, reserved 8192K
}
Event: 2,436 GC heap after
{Heap after GC invocations=4 (full 2):
 PSYoungGen      total 917504K, used 0K [0x00007f400c400000, 0x00007f404c400000, 0x00007f404c400000)
  eden space 786432K, 0% used [0x00007f400c400000,0x00007f400c400000,0x00007f403c400000)
  from space 131072K, 0% used [0x00007f4044400000,0x00007f4044400000,0x00007f404c400000)
  to   space 131072K, 0% used [0x00007f403c400000,0x00007f403c400000,0x00007f4044400000)
 ParOldGen       total 2097152K, used 1467K [0x00007f3f8c400000, 0x00007f400c400000, 0x00007f400c400000)
  object space 2097152K, 0% used [0x00007f3f8c400000,0x00007f3f8c56ec40,0x00007f400c400000)
 Metaspace       used 7388K, committed 7488K, reserved 8192K
}
Event: 2,439 GC heap before
{Heap before GC invocations=5 (full 2):
 PSYoungGen      total 917504K, used 15728K [0x00007f400c400000, 0x00007f404c400000, 0x00007f404c400000)
  eden space 786432K, 2% used [0x00007f400c400000,0x00007f400d35c2c8,0x00007f403c400000)
  from space 131072K, 0% used [0x00007f4044400000,0x00007f4044400000,0x00007f404c400000)
  to   space 131072K, 0% used [0x00007f403c400000,0x00007f403c400000,0x00007f4044400000)
 ParOldGen       total 2097152K, used 1467K [0x00007f3f8c400000, 0x00007f400c400000, 0x00007f400c400000)
  object space 2097152K, 0% used [0x00007f3f8c400000,0x00007f3f8c56ec40,0x00007f400c400000)
 Metaspace       used 7388K, committed 7488K, reserved 8192K
}
Event: 2,441 GC heap after
{Heap after GC invocations=5 (full 2):
 PSYoungGen      total 917504K, used 0K [0x00007f400c400000, 0x00007f404c400000, 0x00007f404c400000)
  eden space 786432K, 0% used [0x00007f400c400000,0x00007f400c400000,0x00007f403c400000)
  from space 131072K, 0% used [0x00007f403c400000,0x00007f403c400000,0x00007f4044400000)
  to   space 131072K, 0% used [0x00007f4044400000,0x00007f4044400000,0x00007f404c400000)
 ParOldGen       total 2097152K, used 1467K [0x00007f3f8c400000, 0x00007f400c400000, 0x00007f400c400000)
  object space 2097152K, 0% used [0x00007f3f8c400000,0x00007f3f8c56ec40,0x00007f400c400000)
 Metaspace       used 7388K, committed 7488K, reserved 8192K
}
Event: 2,442 GC heap before
{Heap before GC invocations=6 (full 3):
 PSYoungGen      total 917504K, used 0K [0x00007f400c400000, 0x00007f404c400000, 0x00007f404c400000)
  eden space 786432K, 0% used [0x00007f400c400000,0x00007f400c400000,0x00007f403c400000)
  from space 131072K, 0% used [0x00007f403c400000,0x00007f403c400000,0x00007f4044400000)
  to   space 131072K, 0% used [0x00007f4044400000,0x00007f4044400000,0x00007f404c400000)
 ParOldGen       total 2097152K, used 1467K [0x00007f3f8c400000, 0x00007f400c400000, 0x00007f400c400000)
  object space 2097152K, 0% used [0x00007f3f8c400000,0x00007f3f8c56ec40,0x00007f400c400000)
 Metaspace       used 7388K, committed 7488K, reserved 8192K
}
Event: 2,663 GC heap after
{Heap after GC invocations=6 (full 3):
 PSYoungGen      total 917504K, used 0K [0x00007f400c400000, 0x00007f404c400000, 0x00007f404c400000)
  eden space 786432K, 0% used [0x00007f400c400000,0x00007f400c400000,0x00007f403c400000)
  from space 131072K, 0% used [0x00007f403c400000,0x00007f403c400000,0x00007f4044400000)
  to   space 131072K, 0% used [0x00007f4044400000,0x00007f4044400000,0x00007f404c400000)
 ParOldGen       total 2097152K, used 1468K [0x00007f3f8c400000, 0x00007f400c400000, 0x00007f400c400000)
  object space 2097152K, 0% used [0x00007f3f8c400000,0x00007f3f8c56f0a0,0x00007f400c400000)
 Metaspace       used 7388K, committed 7488K, reserved 8192K
}
Event: 2,666 GC heap before
{Heap before GC invocations=7 (full 3):
 PSYoungGen      total 917504K, used 15728K [0x00007f400c400000, 0x00007f404c400000, 0x00007f404c400000)
  eden space 786432K, 2% used [0x00007f400c400000,0x00007f400d35c2c8,0x00007f403c400000)
  from space 131072K, 0% used [0x00007f403c400000,0x00007f403c400000,0x00007f4044400000)
  to   space 131072K, 0% used [0x00007f4044400000,0x00007f4044400000,0x00007f404c400000)
 ParOldGen       total 2097152K, used 1468K [0x00007f3f8c400000, 0x00007f400c400000, 0x00007f400c400000)
  object space 2097152K, 0% used [0x00007f3f8c400000,0x00007f3f8c56f0a0,0x00007f400c400000)
 Metaspace       used 7388K, committed 7488K, reserved 8192K
}
Event: 2,668 GC heap after
{Heap after GC invocations=7 (full 3):
 PSYoungGen      total 917504K, used 0K [0x00007f400c400000, 0x00007f404c400000, 0x00007f404c400000)
  eden space 786432K, 0% used [0x00007f400c400000,0x00007f400c400000,0x00007f403c400000)
  from space 131072K, 0% used [0x00007f4044400000,0x00007f4044400000,0x00007f404c400000)
  to   space 131072K, 0% used [0x00007f403c400000,0x00007f403c400000,0x00007f4044400000)
 ParOldGen       total 2097152K, used 1468K [0x00007f3f8c400000, 0x00007f400c400000, 0x00007f400c400000)
  object space 2097152K, 0% used [0x00007f3f8c400000,0x00007f3f8c56f0a0,0x00007f400c400000)
 Metaspace       used 7388K, committed 7488K, reserved 8192K
}
Event: 2,668 GC heap before
{Heap before GC invocations=8 (full 4):
 PSYoungGen      total 917504K, used 0K [0x00007f400c400000, 0x00007f404c400000, 0x00007f404c400000)
  eden space 786432K, 0% used [0x00007f400c400000,0x00007f400c400000,0x00007f403c400000)
  from space 131072K, 0% used [0x00007f4044400000,0x00007f4044400000,0x00007f404c400000)
  to   space 131072K, 0% used [0x00007f403c400000,0x00007f403c400000,0x00007f4044400000)
 ParOldGen       total 2097152K, used 1468K [0x00007f3f8c400000, 0x00007f400c400000, 0x00007f400c400000)
  object space 2097152K, 0% used [0x00007f3f8c400000,0x00007f3f8c56f0a0,0x00007f400c400000)
 Metaspace       used 7388K, committed 7488K, reserved 8192K
}
Event: 2,694 GC heap after
{Heap after GC invocations=8 (full 4):
 PSYoungGen      total 917504K, used 0K [0x00007f400c400000, 0x00007f404c400000, 0x00007f404c400000)
  eden space 786432K, 0% used [0x00007f400c400000,0x00007f400c400000,0x00007f403c400000)
  from space 131072K, 0% used [0x00007f4044400000,0x00007f4044400000,0x00007f404c400000)
  to   space 131072K, 0% used [0x00007f403c400000,0x00007f403c400000,0x00007f4044400000)
 ParOldGen       total 2097152K, used 1467K [0x00007f3f8c400000, 0x00007f400c400000, 0x00007f400c400000)
  object space 2097152K, 0% used [0x00007f3f8c400000,0x00007f3f8c56ec40,0x00007f400c400000)
 Metaspace       used 7388K, committed 7488K, reserved 8192K
}
Event: 2,697 GC heap before
{Heap before GC invocations=9 (full 4):
 PSYoungGen      total 917504K, used 15728K [0x00007f400c400000, 0x00007f404c400000, 0x00007f404c400000)
  eden space 786432K, 2% used [0x00007f400c400000,0x00007f400d35c2c8,0x00007f403c400000)
  from space 131072K, 0% used [0x00007f4044400000,0x00007f4044400000,0x00007f404c400000)
  to   space 131072K, 0% used [0x00007f403c400000,0x00007f403c400000,0x00007f4044400000)
 ParOldGen       total 2097152K, used 1467K [0x00007f3f8c400000, 0x00007f400c400000, 0x00007f400c400000)
  object space 2097152K, 0% used [0x00007f3f8c400000,0x00007f3f8c56ec40,0x00007f400c400000)
 Metaspace       used 7388K, committed 7488K, reserved 8192K
}
Event: 2,700 GC heap after
{Heap after GC invocations=9 (full 4):
 PSYoungGen      total 917504K, used 64K [0x00007f400c400000, 0x00007f404c400000, 0x00007f404c400000)
  eden space 786432K, 0% used [0x00007f400c400000,0x00007f400c400000,0x00007f403c400000)
  from space 131072K, 0% used [0x00007f403c400000,0x00007f403c410000,0x00007f4044400000)
  to   space 131072K, 0% used [0x00007f4044400000,0x00007f4044400000,0x00007f404c400000)
 ParOldGen       total 2097152K, used 1467K [0x00007f3f8c400000, 0x00007f400c400000, 0x00007f400c400000)
  object space 2097152K, 0% used [0x00007f3f8c400000,0x00007f3f8c56ec40,0x00007f400c400000)
 Metaspace       used 7388K, committed 7488K, reserved 8192K
}
Event: 2,700 GC heap before
{Heap before GC invocations=10 (full 5):
 PSYoungGen      total 917504K, used 64K [0x00007f400c400000, 0x00007f404c400000, 0x00007f404c400000)
  eden space 786432K, 0% used [0x00007f400c400000,0x00007f400c400000,0x00007f403c400000)
  from space 131072K, 0% used [0x00007f403c400000,0x00007f403c410000,0x00007f4044400000)
  to   space 131072K, 0% used [0x00007f4044400000,0x00007f4044400000,0x00007f404c400000)
 ParOldGen       total 2097152K, used 1467K [0x00007f3f8c400000, 0x00007f400c400000, 0x00007f400c400000)
  object space 2097152K, 0% used [0x00007f3f8c400000,0x00007f3f8c56ec40,0x00007f400c400000)
 Metaspace       used 7388K, committed 7488K, reserved 8192K
}

