# JRE version: OpenJDK Runtime Environment (17.0.6) (fastdebug build 17.0.6-internal+0-adhoc.konstdelis.jdk17u067)
# Java VM: OpenJDK 64-Bit Server VM (fastdebug 17.0.6-internal+0-adhoc.konstdelis.jdk17u067, mixed mode, tiered, parallel gc, linux-amd64)
GC Precious Log:
 CPUs: 32 total, 32 available
 Memory: 251G
 Large Page Support: Disabled
 NUMA Support: Disabled
 Compressed Oops: Disabled
 Alignments: Space 512K, Generation 512K, Heap 2M
 Heap Min Capacity: 3G
 Heap Initial Capacity: 3G
 Heap Max Capacity: 3G
 Pre-touch: Disabled
 Parallel Workers: 8
Heap:
 PSYoungGen      total 917504K, used 31457K [0x00007e8970800000, 0x00007e89b0800000, 0x00007e89b0800000)
  eden space 786432K, 4% used [0x00007e8970800000,0x00007e89726b86f8,0x00007e89a0800000)
  from space 131072K, 0% used [0x00007e89a8800000,0x00007e89a8800000,0x00007e89b0800000)
  to   space 131072K, 0% used [0x00007e89a0800000,0x00007e89a0800000,0x00007e89a8800000)
 ParOldGen       total 2097152K, used 495613K [0x00007e88f0800000, 0x00007e8970800000, 0x00007e8970800000)
  object space 2097152K, 23% used [0x00007e88f0800000,0x00007e890ebff4c0,0x00007e8970800000)
 Metaspace       used 7423K, committed 7488K, reserved 8192K
GC Heap History (20 events):
Event: 4,305 GC heap before
{Heap before GC invocations=3 (full 1):
 PSYoungGen      total 917504K, used 15728K [0x00007e8970800000, 0x00007e89b0800000, 0x00007e89b0800000)
  eden space 786432K, 2% used [0x00007e8970800000,0x00007e897175c2c8,0x00007e89a0800000)
  from space 131072K, 0% used [0x00007e89a0800000,0x00007e89a0800000,0x00007e89a8800000)
  to   space 131072K, 0% used [0x00007e89a8800000,0x00007e89a8800000,0x00007e89b0800000)
 ParOldGen       total 2097152K, used 193661K [0x00007e88f0800000, 0x00007e8970800000, 0x00007e8970800000)
  object space 2097152K, 9% used [0x00007e88f0800000,0x00007e88fc51f5c0,0x00007e8970800000)
 Metaspace       used 7420K, committed 7488K, reserved 8192K
}
Event: 4,337 GC heap after
{Heap after GC invocations=3 (full 1):
 PSYoungGen      total 917504K, used 0K [0x00007e8970800000, 0x00007e89b0800000, 0x00007e89b0800000)
  eden space 786432K, 0% used [0x00007e8970800000,0x00007e8970800000,0x00007e89a0800000)
  from space 131072K, 0% used [0x00007e89a8800000,0x00007e89a8800000,0x00007e89b0800000)
  to   space 131072K, 0% used [0x00007e89a0800000,0x00007e89a0800000,0x00007e89a8800000)
 ParOldGen       total 2097152K, used 193661K [0x00007e88f0800000, 0x00007e8970800000, 0x00007e8970800000)
  object space 2097152K, 9% used [0x00007e88f0800000,0x00007e88fc51f5c0,0x00007e8970800000)
 Metaspace       used 7420K, committed 7488K, reserved 8192K
}
Event: 4,338 GC heap before
{Heap before GC invocations=4 (full 2):
 PSYoungGen      total 917504K, used 0K [0x00007e8970800000, 0x00007e89b0800000, 0x00007e89b0800000)
  eden space 786432K, 0% used [0x00007e8970800000,0x00007e8970800000,0x00007e89a0800000)
  from space 131072K, 0% used [0x00007e89a8800000,0x00007e89a8800000,0x00007e89b0800000)
  to   space 131072K, 0% used [0x00007e89a0800000,0x00007e89a0800000,0x00007e89a8800000)
 ParOldGen       total 2097152K, used 193661K [0x00007e88f0800000, 0x00007e8970800000, 0x00007e8970800000)
  object space 2097152K, 9% used [0x00007e88f0800000,0x00007e88fc51f5c0,0x00007e8970800000)
 Metaspace       used 7420K, committed 7488K, reserved 8192K
}
Event: 5,892 GC heap after
{Heap after GC invocations=4 (full 2):
 PSYoungGen      total 917504K, used 0K [0x00007e8970800000, 0x00007e89b0800000, 0x00007e89b0800000)
  eden space 786432K, 0% used [0x00007e8970800000,0x00007e8970800000,0x00007e89a0800000)
  from space 131072K, 0% used [0x00007e89a8800000,0x00007e89a8800000,0x00007e89b0800000)
  to   space 131072K, 0% used [0x00007e89a0800000,0x00007e89a0800000,0x00007e89a8800000)
 ParOldGen       total 2097152K, used 223507K [0x00007e88f0800000, 0x00007e8970800000, 0x00007e8970800000)
  object space 2097152K, 10% used [0x00007e88f0800000,0x00007e88fe244e38,0x00007e8970800000)
 Metaspace       used 7420K, committed 7488K, reserved 8192K
}
Event: 5,902 GC heap before
{Heap before GC invocations=5 (full 2):
 PSYoungGen      total 917504K, used 15728K [0x00007e8970800000, 0x00007e89b0800000, 0x00007e89b0800000)
  eden space 786432K, 2% used [0x00007e8970800000,0x00007e897175c2c8,0x00007e89a0800000)
  from space 131072K, 0% used [0x00007e89a8800000,0x00007e89a8800000,0x00007e89b0800000)
  to   space 131072K, 0% used [0x00007e89a0800000,0x00007e89a0800000,0x00007e89a8800000)
 ParOldGen       total 2097152K, used 223507K [0x00007e88f0800000, 0x00007e8970800000, 0x00007e8970800000)
  object space 2097152K, 10% used [0x00007e88f0800000,0x00007e88fe244e38,0x00007e8970800000)
 Metaspace       used 7420K, committed 7488K, reserved 8192K
}
Event: 5,905 GC heap after
{Heap after GC invocations=5 (full 2):
 PSYoungGen      total 917504K, used 0K [0x00007e8970800000, 0x00007e89b0800000, 0x00007e89b0800000)
  eden space 786432K, 0% used [0x00007e8970800000,0x00007e8970800000,0x00007e89a0800000)
  from space 131072K, 0% used [0x00007e89a0800000,0x00007e89a0800000,0x00007e89a8800000)
  to   space 131072K, 0% used [0x00007e89a8800000,0x00007e89a8800000,0x00007e89b0800000)
 ParOldGen       total 2097152K, used 223507K [0x00007e88f0800000, 0x00007e8970800000, 0x00007e8970800000)
  object space 2097152K, 10% used [0x00007e88f0800000,0x00007e88fe244e38,0x00007e8970800000)
 Metaspace       used 7420K, committed 7488K, reserved 8192K
}
Event: 5,905 GC heap before
{Heap before GC invocations=6 (full 3):
 PSYoungGen      total 917504K, used 0K [0x00007e8970800000, 0x00007e89b0800000, 0x00007e89b0800000)
  eden space 786432K, 0% used [0x00007e8970800000,0x00007e8970800000,0x00007e89a0800000)
  from space 131072K, 0% used [0x00007e89a0800000,0x00007e89a0800000,0x00007e89a8800000)
  to   space 131072K, 0% used [0x00007e89a8800000,0x00007e89a8800000,0x00007e89b0800000)
 ParOldGen       total 2097152K, used 223507K [0x00007e88f0800000, 0x00007e8970800000, 0x00007e8970800000)
  object space 2097152K, 10% used [0x00007e88f0800000,0x00007e88fe244e38,0x00007e8970800000)
 Metaspace       used 7420K, committed 7488K, reserved 8192K
}
Event: 7,626 GC heap after
{Heap after GC invocations=6 (full 3):
 PSYoungGen      total 917504K, used 0K [0x00007e8970800000, 0x00007e89b0800000, 0x00007e89b0800000)
  eden space 786432K, 0% used [0x00007e8970800000,0x00007e8970800000,0x00007e89a0800000)
  from space 131072K, 0% used [0x00007e89a0800000,0x00007e89a0800000,0x00007e89a8800000)
  to   space 131072K, 0% used [0x00007e89a8800000,0x00007e89a8800000,0x00007e89b0800000)
 ParOldGen       total 2097152K, used 253358K [0x00007e88f0800000, 0x00007e8970800000, 0x00007e8970800000)
  object space 2097152K, 12% used [0x00007e88f0800000,0x00007e88fff6bb30,0x00007e8970800000)
 Metaspace       used 7420K, committed 7488K, reserved 8192K
}
Event: 7,635 GC heap before
{Heap before GC invocations=7 (full 3):
 PSYoungGen      total 917504K, used 15728K [0x00007e8970800000, 0x00007e89b0800000, 0x00007e89b0800000)
  eden space 786432K, 2% used [0x00007e8970800000,0x00007e897175c2c8,0x00007e89a0800000)
  from space 131072K, 0% used [0x00007e89a0800000,0x00007e89a0800000,0x00007e89a8800000)
  to   space 131072K, 0% used [0x00007e89a8800000,0x00007e89a8800000,0x00007e89b0800000)
 ParOldGen       total 2097152K, used 253358K [0x00007e88f0800000, 0x00007e8970800000, 0x00007e8970800000)
  object space 2097152K, 12% used [0x00007e88f0800000,0x00007e88fff6bb30,0x00007e8970800000)
 Metaspace       used 7420K, committed 7488K, reserved 8192K
}
Event: 7,638 GC heap after
{Heap after GC invocations=7 (full 3):
 PSYoungGen      total 917504K, used 0K [0x00007e8970800000, 0x00007e89b0800000, 0x00007e89b0800000)
  eden space 786432K, 0% used [0x00007e8970800000,0x00007e8970800000,0x00007e89a0800000)
  from space 131072K, 0% used [0x00007e89a8800000,0x00007e89a8800000,0x00007e89b0800000)
  to   space 131072K, 0% used [0x00007e89a0800000,0x00007e89a0800000,0x00007e89a8800000)
 ParOldGen       total 2097152K, used 253358K [0x00007e88f0800000, 0x00007e8970800000, 0x00007e8970800000)
  object space 2097152K, 12% used [0x00007e88f0800000,0x00007e88fff6bb30,0x00007e8970800000)
 Metaspace       used 7420K, committed 7488K, reserved 8192K
}
Event: 7,638 GC heap before
{Heap before GC invocations=8 (full 4):
 PSYoungGen      total 917504K, used 0K [0x00007e8970800000, 0x00007e89b0800000, 0x00007e89b0800000)
  eden space 786432K, 0% used [0x00007e8970800000,0x00007e8970800000,0x00007e89a0800000)
  from space 131072K, 0% used [0x00007e89a8800000,0x00007e89a8800000,0x00007e89b0800000)
  to   space 131072K, 0% used [0x00007e89a0800000,0x00007e89a0800000,0x00007e89a8800000)
 ParOldGen       total 2097152K, used 253358K [0x00007e88f0800000, 0x00007e8970800000, 0x00007e8970800000)
  object space 2097152K, 12% used [0x00007e88f0800000,0x00007e88fff6bb30,0x00007e8970800000)
 Metaspace       used 7420K, committed 7488K, reserved 8192K
}
Event: 8,788 GC heap after
{Heap after GC invocations=8 (full 4):
 PSYoungGen      total 917504K, used 0K [0x00007e8970800000, 0x00007e89b0800000, 0x00007e89b0800000)
  eden space 786432K, 0% used [0x00007e8970800000,0x00007e8970800000,0x00007e89a0800000)
  from space 131072K, 0% used [0x00007e89a8800000,0x00007e89a8800000,0x00007e89b0800000)
  to   space 131072K, 0% used [0x00007e89a0800000,0x00007e89a0800000,0x00007e89a8800000)
 ParOldGen       total 2097152K, used 328539K [0x00007e88f0800000, 0x00007e8970800000, 0x00007e8970800000)
  object space 2097152K, 15% used [0x00007e88f0800000,0x00007e89048d6fc8,0x00007e8970800000)
 Metaspace       used 7420K, committed 7488K, reserved 8192K
}
Event: 8,899 GC heap before
{Heap before GC invocations=9 (full 4):
 PSYoungGen      total 917504K, used 161439K [0x00007e8970800000, 0x00007e89b0800000, 0x00007e89b0800000)
  eden space 786432K, 20% used [0x00007e8970800000,0x00007e897a5a7e18,0x00007e89a0800000)
  from space 131072K, 0% used [0x00007e89a8800000,0x00007e89a8800000,0x00007e89b0800000)
  to   space 131072K, 0% used [0x00007e89a0800000,0x00007e89a0800000,0x00007e89a8800000)
 ParOldGen       total 2097152K, used 328539K [0x00007e88f0800000, 0x00007e8970800000, 0x00007e8970800000)
  object space 2097152K, 15% used [0x00007e88f0800000,0x00007e89048d6fc8,0x00007e8970800000)
 Metaspace       used 7420K, committed 7488K, reserved 8192K
}
Event: 9,079 GC heap after
{Heap after GC invocations=9 (full 4):
 PSYoungGen      total 917504K, used 130294K [0x00007e8970800000, 0x00007e89b0800000, 0x00007e89b0800000)
  eden space 786432K, 0% used [0x00007e8970800000,0x00007e8970800000,0x00007e89a0800000)
  from space 131072K, 99% used [0x00007e89a0800000,0x00007e89a873d808,0x00007e89a8800000)
  to   space 131072K, 0% used [0x00007e89a8800000,0x00007e89a8800000,0x00007e89b0800000)
 ParOldGen       total 2097152K, used 328539K [0x00007e88f0800000, 0x00007e8970800000, 0x00007e8970800000)
  object space 2097152K, 15% used [0x00007e88f0800000,0x00007e89048d6fc8,0x00007e8970800000)
 Metaspace       used 7420K, committed 7488K, reserved 8192K
}
Event: 9,079 GC heap before
{Heap before GC invocations=10 (full 5):
 PSYoungGen      total 917504K, used 130294K [0x00007e8970800000, 0x00007e89b0800000, 0x00007e89b0800000)
  eden space 786432K, 0% used [0x00007e8970800000,0x00007e8970800000,0x00007e89a0800000)
  from space 131072K, 99% used [0x00007e89a0800000,0x00007e89a873d808,0x00007e89a8800000)
  to   space 131072K, 0% used [0x00007e89a8800000,0x00007e89a8800000,0x00007e89b0800000)
 ParOldGen       total 2097152K, used 328539K [0x00007e88f0800000, 0x00007e8970800000, 0x00007e8970800000)
  object space 2097152K, 15% used [0x00007e88f0800000,0x00007e89048d6fc8,0x00007e8970800000)
 Metaspace       used 7420K, committed 7488K, reserved 8192K
}
Event: 10,756 GC heap after
{Heap after GC invocations=10 (full 5):
 PSYoungGen      total 917504K, used 0K [0x00007e8970800000, 0x00007e89b0800000, 0x00007e89b0800000)
  eden space 786432K, 0% used [0x00007e8970800000,0x00007e8970800000,0x00007e89a0800000)
  from space 131072K, 0% used [0x00007e89a0800000,0x00007e89a0800000,0x00007e89a8800000)
  to   space 131072K, 0% used [0x00007e89a8800000,0x00007e89a8800000,0x00007e89b0800000)
 ParOldGen       total 2097152K, used 498346K [0x00007e88f0800000, 0x00007e8970800000, 0x00007e8970800000)
  object space 2097152K, 23% used [0x00007e88f0800000,0x00007e890eeaa9c8,0x00007e8970800000)
 Metaspace       used 7420K, committed 7488K, reserved 8192K
}
Event: 10,766 GC heap before
{Heap before GC invocations=11 (full 5):
 PSYoungGen      total 917504K, used 15728K [0x00007e8970800000, 0x00007e89b0800000, 0x00007e89b0800000)
  eden space 786432K, 2% used [0x00007e8970800000,0x00007e897175c2c8,0x00007e89a0800000)
  from space 131072K, 0% used [0x00007e89a0800000,0x00007e89a0800000,0x00007e89a8800000)
  to   space 131072K, 0% used [0x00007e89a8800000,0x00007e89a8800000,0x00007e89b0800000)
 ParOldGen       total 2097152K, used 498346K [0x00007e88f0800000, 0x00007e8970800000, 0x00007e8970800000)
  object space 2097152K, 23% used [0x00007e88f0800000,0x00007e890eeaa9c8,0x00007e8970800000)
 Metaspace       used 7420K, committed 7488K, reserved 8192K
}
Event: 10,794 GC heap after
{Heap after GC invocations=11 (full 5):
 PSYoungGen      total 917504K, used 0K [0x00007e8970800000, 0x00007e89b0800000, 0x00007e89b0800000)
  eden space 786432K, 0% used [0x00007e8970800000,0x00007e8970800000,0x00007e89a0800000)
  from space 131072K, 0% used [0x00007e89a8800000,0x00007e89a8800000,0x00007e89b0800000)
  to   space 131072K, 0% used [0x00007e89a0800000,0x00007e89a0800000,0x00007e89a8800000)
 ParOldGen       total 2097152K, used 498346K [0x00007e88f0800000, 0x00007e8970800000, 0x00007e8970800000)
  object space 2097152K, 23% used [0x00007e88f0800000,0x00007e890eeaa9c8,0x00007e8970800000)
 Metaspace       used 7420K, committed 7488K, reserved 8192K
}
Event: 10,794 GC heap before
{Heap before GC invocations=12 (full 6):
 PSYoungGen      total 917504K, used 0K [0x00007e8970800000, 0x00007e89b0800000, 0x00007e89b0800000)
  eden space 786432K, 0% used [0x00007e8970800000,0x00007e8970800000,0x00007e89a0800000)
  from space 131072K, 0% used [0x00007e89a8800000,0x00007e89a8800000,0x00007e89b0800000)
  to   space 131072K, 0% used [0x00007e89a0800000,0x00007e89a0800000,0x00007e89a8800000)
 ParOldGen       total 2097152K, used 498346K [0x00007e88f0800000, 0x00007e8970800000, 0x00007e8970800000)
  object space 2097152K, 23% used [0x00007e88f0800000,0x00007e890eeaa9c8,0x00007e8970800000)
 Metaspace       used 7420K, committed 7488K, reserved 8192K
}
Event: 12,581 GC heap after
{Heap after GC invocations=12 (full 6):
 PSYoungGen      total 917504K, used 0K [0x00007e8970800000, 0x00007e89b0800000, 0x00007e89b0800000)
  eden space 786432K, 0% used [0x00007e8970800000,0x00007e8970800000,0x00007e89a0800000)
  from space 131072K, 0% used [0x00007e89a8800000,0x00007e89a8800000,0x00007e89b0800000)
  to   space 131072K, 0% used [0x00007e89a0800000,0x00007e89a0800000,0x00007e89a8800000)
 ParOldGen       total 2097152K, used 495613K [0x00007e88f0800000, 0x00007e8970800000, 0x00007e8970800000)
  object space 2097152K, 23% used [0x00007e88f0800000,0x00007e890ebff4c0,0x00007e8970800000)
 Metaspace       used 7420K, committed 7488K, reserved 8192K
}

