# JRE version: OpenJDK Runtime Environment (17.0.6) (build 17.0.6-internal+0-adhoc.konstdelis.jdk17u067)
# Java VM: OpenJDK 64-Bit Server VM (17.0.6-internal+0-adhoc.konstdelis.jdk17u067, mixed mode, tiered, parallel gc, linux-amd64)
GC Precious Log:
 CPUs: 32 total, 32 available
 Memory: 251G
 Large Page Support: Disabled
 NUMA Support: Disabled
 Compressed Oops: Disabled
 Alignments: Space 512K, Generation 512K, Heap 2M
 Heap Min Capacity: 3G
 Heap Initial Capacity: 3G
 Heap Max Capacity: 3G
 Pre-touch: Disabled
 Parallel Workers: 8
Heap:
 PSYoungGen      total 917504K, used 0K [0x00007ebf3d000000, 0x00007ebf7d000000, 0x00007ebf7d000000)
  eden space 786432K, 0% used [0x00007ebf3d000000,0x00007ebf3d000000,0x00007ebf6d000000)
  from space 131072K, 0% used [0x00007ebf6d000000,0x00007ebf6d000000,0x00007ebf75000000)
  to   space 131072K, 0% used [0x00007ebf75000000,0x00007ebf75000000,0x00007ebf7d000000)
 ParOldGen       total 2097152K, used 1351508K [0x00007ebebd000000, 0x00007ebf3d000000, 0x00007ebf3d000000)
  object space 2097152K, 64% used [0x00007ebebd000000,0x00007ebf0f7d53f8,0x00007ebf3d000000)
 Metaspace       used 7095K, committed 7168K, reserved 8192K
GC Heap History (13 events):
Event: 1.736 GC heap before
{Heap before GC invocations=1 (full 0):
 PSYoungGen      total 917504K, used 786432K [0x00007ebf3d000000, 0x00007ebf7d000000, 0x00007ebf7d000000)
  eden space 786432K, 100% used [0x00007ebf3d000000,0x00007ebf6d000000,0x00007ebf6d000000)
  from space 131072K, 0% used [0x00007ebf75000000,0x00007ebf75000000,0x00007ebf7d000000)
  to   space 131072K, 0% used [0x00007ebf6d000000,0x00007ebf6d000000,0x00007ebf75000000)
 ParOldGen       total 2097152K, used 0K [0x00007ebebd000000, 0x00007ebf3d000000, 0x00007ebf3d000000)
  object space 2097152K, 0% used [0x00007ebebd000000,0x00007ebebd000000,0x00007ebf3d000000)
 Metaspace       used 7053K, committed 7104K, reserved 8192K
}
Event: 2.172 GC heap after
{Heap after GC invocations=1 (full 0):
 PSYoungGen      total 917504K, used 131049K [0x00007ebf3d000000, 0x00007ebf7d000000, 0x00007ebf7d000000)
  eden space 786432K, 0% used [0x00007ebf3d000000,0x00007ebf3d000000,0x00007ebf6d000000)
  from space 131072K, 99% used [0x00007ebf6d000000,0x00007ebf74ffa620,0x00007ebf75000000)
  to   space 131072K, 0% used [0x00007ebf75000000,0x00007ebf75000000,0x00007ebf7d000000)
 ParOldGen       total 2097152K, used 502216K [0x00007ebebd000000, 0x00007ebf3d000000, 0x00007ebf3d000000)
  object space 2097152K, 23% used [0x00007ebebd000000,0x00007ebedba72000,0x00007ebf3d000000)
 Metaspace       used 7053K, committed 7104K, reserved 8192K
}
Event: 2.460 GC heap before
{Heap before GC invocations=2 (full 0):
 PSYoungGen      total 917504K, used 917481K [0x00007ebf3d000000, 0x00007ebf7d000000, 0x00007ebf7d000000)
  eden space 786432K, 100% used [0x00007ebf3d000000,0x00007ebf6d000000,0x00007ebf6d000000)
  from space 131072K, 99% used [0x00007ebf6d000000,0x00007ebf74ffa620,0x00007ebf75000000)
  to   space 131072K, 0% used [0x00007ebf75000000,0x00007ebf75000000,0x00007ebf7d000000)
 ParOldGen       total 2097152K, used 502216K [0x00007ebebd000000, 0x00007ebf3d000000, 0x00007ebf3d000000)
  object space 2097152K, 23% used [0x00007ebebd000000,0x00007ebedba72000,0x00007ebf3d000000)
 Metaspace       used 7053K, committed 7104K, reserved 8192K
}
Event: 2.994 GC heap after
{Heap after GC invocations=2 (full 0):
 PSYoungGen      total 917504K, used 131056K [0x00007ebf3d000000, 0x00007ebf7d000000, 0x00007ebf7d000000)
  eden space 786432K, 0% used [0x00007ebf3d000000,0x00007ebf3d000000,0x00007ebf6d000000)
  from space 131072K, 99% used [0x00007ebf75000000,0x00007ebf7cffc038,0x00007ebf7d000000)
  to   space 131072K, 0% used [0x00007ebf6d000000,0x00007ebf6d000000,0x00007ebf75000000)
 ParOldGen       total 2097152K, used 1153744K [0x00007ebebd000000, 0x00007ebf3d000000, 0x00007ebf3d000000)
  object space 2097152K, 55% used [0x00007ebebd000000,0x00007ebf036b4000,0x00007ebf3d000000)
 Metaspace       used 7053K, committed 7104K, reserved 8192K
}
Event: 3.284 GC heap before
{Heap before GC invocations=3 (full 0):
 PSYoungGen      total 917504K, used 917488K [0x00007ebf3d000000, 0x00007ebf7d000000, 0x00007ebf7d000000)
  eden space 786432K, 100% used [0x00007ebf3d000000,0x00007ebf6d000000,0x00007ebf6d000000)
  from space 131072K, 99% used [0x00007ebf75000000,0x00007ebf7cffc038,0x00007ebf7d000000)
  to   space 131072K, 0% used [0x00007ebf6d000000,0x00007ebf6d000000,0x00007ebf75000000)
 ParOldGen       total 2097152K, used 1153744K [0x00007ebebd000000, 0x00007ebf3d000000, 0x00007ebf3d000000)
  object space 2097152K, 55% used [0x00007ebebd000000,0x00007ebf036b4000,0x00007ebf3d000000)
 Metaspace       used 7053K, committed 7104K, reserved 8192K
}
Event: 3.923 GC heap after
{Heap after GC invocations=3 (full 0):
 PSYoungGen      total 917504K, used 131045K [0x00007ebf3d000000, 0x00007ebf7d000000, 0x00007ebf7d000000)
  eden space 786432K, 0% used [0x00007ebf3d000000,0x00007ebf3d000000,0x00007ebf6d000000)
  from space 131072K, 99% used [0x00007ebf6d000000,0x00007ebf74ff9550,0x00007ebf75000000)
  to   space 131072K, 0% used [0x00007ebf75000000,0x00007ebf75000000,0x00007ebf7d000000)
 ParOldGen       total 2097152K, used 1810942K [0x00007ebebd000000, 0x00007ebf3d000000, 0x00007ebf3d000000)
  object space 2097152K, 86% used [0x00007ebebd000000,0x00007ebf2b87f8c0,0x00007ebf3d000000)
 Metaspace       used 7053K, committed 7104K, reserved 8192K
}
Event: 3.923 GC heap before
{Heap before GC invocations=4 (full 1):
 PSYoungGen      total 917504K, used 131045K [0x00007ebf3d000000, 0x00007ebf7d000000, 0x00007ebf7d000000)
  eden space 786432K, 0% used [0x00007ebf3d000000,0x00007ebf3d000000,0x00007ebf6d000000)
  from space 131072K, 99% used [0x00007ebf6d000000,0x00007ebf74ff9550,0x00007ebf75000000)
  to   space 131072K, 0% used [0x00007ebf75000000,0x00007ebf75000000,0x00007ebf7d000000)
 ParOldGen       total 2097152K, used 1810942K [0x00007ebebd000000, 0x00007ebf3d000000, 0x00007ebf3d000000)
  object space 2097152K, 86% used [0x00007ebebd000000,0x00007ebf2b87f8c0,0x00007ebf3d000000)
 Metaspace       used 7053K, committed 7104K, reserved 8192K
}
Event: 6.479 GC heap after
{Heap after GC invocations=4 (full 1):
 PSYoungGen      total 917504K, used 0K [0x00007ebf3d000000, 0x00007ebf7d000000, 0x00007ebf7d000000)
  eden space 786432K, 0% used [0x00007ebf3d000000,0x00007ebf3d000000,0x00007ebf6d000000)
  from space 131072K, 0% used [0x00007ebf75000000,0x00007ebf75000000,0x00007ebf7d000000)
  to   space 131072K, 0% used [0x00007ebf6d000000,0x00007ebf6d000000,0x00007ebf75000000)
 ParOldGen       total 2097152K, used 1929691K [0x00007ebebd000000, 0x00007ebf3d000000, 0x00007ebf3d000000)
  object space 2097152K, 92% used [0x00007ebebd000000,0x00007ebf32c76d30,0x00007ebf3d000000)
 Metaspace       used 7053K, committed 7104K, reserved 8192K
}
Event: 7.469 GC heap before
{Heap before GC invocations=5 (full 2):
 PSYoungGen      total 917504K, used 418933K [0x00007ebf3d000000, 0x00007ebf7d000000, 0x00007ebf7d000000)
  eden space 786432K, 53% used [0x00007ebf3d000000,0x00007ebf5691d5b8,0x00007ebf6d000000)
  from space 131072K, 0% used [0x00007ebf75000000,0x00007ebf75000000,0x00007ebf7d000000)
  to   space 131072K, 0% used [0x00007ebf6d000000,0x00007ebf6d000000,0x00007ebf75000000)
 ParOldGen       total 2097152K, used 1929691K [0x00007ebebd000000, 0x00007ebf3d000000, 0x00007ebf3d000000)
  object space 2097152K, 92% used [0x00007ebebd000000,0x00007ebf32c76d30,0x00007ebf3d000000)
 Metaspace       used 7088K, committed 7168K, reserved 8192K
}
Event: 13.899 GC heap after
{Heap after GC invocations=5 (full 2):
 PSYoungGen      total 917504K, used 0K [0x00007ebf3d000000, 0x00007ebf7d000000, 0x00007ebf7d000000)
  eden space 786432K, 0% used [0x00007ebf3d000000,0x00007ebf3d000000,0x00007ebf6d000000)
  from space 131072K, 0% used [0x00007ebf75000000,0x00007ebf75000000,0x00007ebf7d000000)
  to   space 131072K, 0% used [0x00007ebf6d000000,0x00007ebf6d000000,0x00007ebf75000000)
 ParOldGen       total 2097152K, used 1351508K [0x00007ebebd000000, 0x00007ebf3d000000, 0x00007ebf3d000000)
  object space 2097152K, 64% used [0x00007ebebd000000,0x00007ebf0f7d53f8,0x00007ebf3d000000)
 Metaspace       used 7088K, committed 7168K, reserved 8192K
}
Event: 14.148 GC heap before
{Heap before GC invocations=6 (full 2):
 PSYoungGen      total 917504K, used 15187K [0x00007ebf3d000000, 0x00007ebf7d000000, 0x00007ebf7d000000)
  eden space 786432K, 1% used [0x00007ebf3d000000,0x00007ebf3ded4e88,0x00007ebf6d000000)
  from space 131072K, 0% used [0x00007ebf75000000,0x00007ebf75000000,0x00007ebf7d000000)
  to   space 131072K, 0% used [0x00007ebf6d000000,0x00007ebf6d000000,0x00007ebf75000000)
 ParOldGen       total 2097152K, used 1351508K [0x00007ebebd000000, 0x00007ebf3d000000, 0x00007ebf3d000000)
  object space 2097152K, 64% used [0x00007ebebd000000,0x00007ebf0f7d53f8,0x00007ebf3d000000)
 Metaspace       used 7095K, committed 7168K, reserved 8192K
}
Event: 14.375 GC heap after
{Heap after GC invocations=6 (full 2):
 PSYoungGen      total 917504K, used 0K [0x00007ebf3d000000, 0x00007ebf7d000000, 0x00007ebf7d000000)
  eden space 786432K, 0% used [0x00007ebf3d000000,0x00007ebf3d000000,0x00007ebf6d000000)
  from space 131072K, 0% used [0x00007ebf6d000000,0x00007ebf6d000000,0x00007ebf75000000)
  to   space 131072K, 0% used [0x00007ebf75000000,0x00007ebf75000000,0x00007ebf7d000000)
 ParOldGen       total 2097152K, used 1351508K [0x00007ebebd000000, 0x00007ebf3d000000, 0x00007ebf3d000000)
  object space 2097152K, 64% used [0x00007ebebd000000,0x00007ebf0f7d53f8,0x00007ebf3d000000)
 Metaspace       used 7095K, committed 7168K, reserved 8192K
}
Event: 14.375 GC heap before
{Heap before GC invocations=7 (full 3):
 PSYoungGen      total 917504K, used 0K [0x00007ebf3d000000, 0x00007ebf7d000000, 0x00007ebf7d000000)
  eden space 786432K, 0% used [0x00007ebf3d000000,0x00007ebf3d000000,0x00007ebf6d000000)
  from space 131072K, 0% used [0x00007ebf6d000000,0x00007ebf6d000000,0x00007ebf75000000)
  to   space 131072K, 0% used [0x00007ebf75000000,0x00007ebf75000000,0x00007ebf7d000000)
 ParOldGen       total 2097152K, used 1351508K [0x00007ebebd000000, 0x00007ebf3d000000, 0x00007ebf3d000000)
  object space 2097152K, 64% used [0x00007ebebd000000,0x00007ebf0f7d53f8,0x00007ebf3d000000)
 Metaspace       used 7095K, committed 7168K, reserved 8192K
}

