# JRE version: OpenJDK Runtime Environment (17.0.6) (build 17.0.6-internal+0-adhoc.konstdelis.jdk17u067)
# Java VM: OpenJDK 64-Bit Server VM (17.0.6-internal+0-adhoc.konstdelis.jdk17u067, mixed mode, tiered, parallel gc, linux-amd64)
GC Precious Log:
 CPUs: 32 total, 32 available
 Memory: 251G
 Large Page Support: Disabled
 NUMA Support: Disabled
 Compressed Oops: Disabled
 Alignments: Space 512K, Generation 512K, Heap 2M
 Heap Min Capacity: 1G
 Heap Initial Capacity: 1G
 Heap Max Capacity: 1G
 Pre-touch: Disabled
 Parallel Workers: 8
Heap:
 PSYoungGen      total 305664K, used 15393K [0x00007e8777b00000, 0x00007e878d000000, 0x00007e878d000000)
  eden space 262144K, 5% used [0x00007e8777b00000,0x00007e8778a087c8,0x00007e8787b00000)
  from space 43520K, 0% used [0x00007e878a580000,0x00007e878a580000,0x00007e878d000000)
  to   space 43520K, 0% used [0x00007e8787b00000,0x00007e8787b00000,0x00007e878a580000)
 ParOldGen       total 699392K, used 561259K [0x00007e874d000000, 0x00007e8777b00000, 0x00007e8777b00000)
  object space 699392K, 80% used [0x00007e874d000000,0x00007e876f41afd8,0x00007e8777b00000)
 Metaspace       used 6429K, committed 6528K, reserved 8192K
GC Heap History (12 events):
Event: 0,667 GC heap before
{Heap before GC invocations=1 (full 0):
 PSYoungGen      total 305664K, used 262144K [0x00007e8777b00000, 0x00007e878d000000, 0x00007e878d000000)
  eden space 262144K, 100% used [0x00007e8777b00000,0x00007e8787b00000,0x00007e8787b00000)
  from space 43520K, 0% used [0x00007e878a580000,0x00007e878a580000,0x00007e878d000000)
  to   space 43520K, 0% used [0x00007e8787b00000,0x00007e8787b00000,0x00007e878a580000)
 ParOldGen       total 699392K, used 0K [0x00007e874d000000, 0x00007e8777b00000, 0x00007e8777b00000)
  object space 699392K, 0% used [0x00007e874d000000,0x00007e874d000000,0x00007e8777b00000)
 Metaspace       used 6424K, committed 6528K, reserved 8192K
}
Event: 0,833 GC heap after
{Heap after GC invocations=1 (full 0):
 PSYoungGen      total 305664K, used 43504K [0x00007e8777b00000, 0x00007e878d000000, 0x00007e878d000000)
  eden space 262144K, 0% used [0x00007e8777b00000,0x00007e8777b00000,0x00007e8787b00000)
  from space 43520K, 99% used [0x00007e8787b00000,0x00007e878a57c040,0x00007e878a580000)
  to   space 43520K, 0% used [0x00007e878a580000,0x00007e878a580000,0x00007e878d000000)
 ParOldGen       total 699392K, used 170048K [0x00007e874d000000, 0x00007e8777b00000, 0x00007e8777b00000)
  object space 699392K, 24% used [0x00007e874d000000,0x00007e8757610000,0x00007e8777b00000)
 Metaspace       used 6424K, committed 6528K, reserved 8192K
}
Event: 1,118 GC heap before
{Heap before GC invocations=2 (full 0):
 PSYoungGen      total 305664K, used 305648K [0x00007e8777b00000, 0x00007e878d000000, 0x00007e878d000000)
  eden space 262144K, 100% used [0x00007e8777b00000,0x00007e8787b00000,0x00007e8787b00000)
  from space 43520K, 99% used [0x00007e8787b00000,0x00007e878a57c040,0x00007e878a580000)
  to   space 43520K, 0% used [0x00007e878a580000,0x00007e878a580000,0x00007e878d000000)
 ParOldGen       total 699392K, used 170048K [0x00007e874d000000, 0x00007e8777b00000, 0x00007e8777b00000)
  object space 699392K, 24% used [0x00007e874d000000,0x00007e8757610000,0x00007e8777b00000)
 Metaspace       used 6424K, committed 6528K, reserved 8192K
}
Event: 1,343 GC heap after
{Heap after GC invocations=2 (full 0):
 PSYoungGen      total 305664K, used 43504K [0x00007e8777b00000, 0x00007e878d000000, 0x00007e878d000000)
  eden space 262144K, 0% used [0x00007e8777b00000,0x00007e8777b00000,0x00007e8787b00000)
  from space 43520K, 99% used [0x00007e878a580000,0x00007e878cffc060,0x00007e878d000000)
  to   space 43520K, 0% used [0x00007e8787b00000,0x00007e8787b00000,0x00007e878a580000)
 ParOldGen       total 699392K, used 415128K [0x00007e874d000000, 0x00007e8777b00000, 0x00007e8777b00000)
  object space 699392K, 59% used [0x00007e874d000000,0x00007e8766566020,0x00007e8777b00000)
 Metaspace       used 6424K, committed 6528K, reserved 8192K
}
Event: 1,720 GC heap before
{Heap before GC invocations=3 (full 0):
 PSYoungGen      total 305664K, used 305648K [0x00007e8777b00000, 0x00007e878d000000, 0x00007e878d000000)
  eden space 262144K, 100% used [0x00007e8777b00000,0x00007e8787b00000,0x00007e8787b00000)
  from space 43520K, 99% used [0x00007e878a580000,0x00007e878cffc060,0x00007e878d000000)
  to   space 43520K, 0% used [0x00007e8787b00000,0x00007e8787b00000,0x00007e878a580000)
 ParOldGen       total 699392K, used 415128K [0x00007e874d000000, 0x00007e8777b00000, 0x00007e8777b00000)
  object space 699392K, 59% used [0x00007e874d000000,0x00007e8766566020,0x00007e8777b00000)
 Metaspace       used 6424K, committed 6528K, reserved 8192K
}
Event: 2,086 GC heap after
{Heap after GC invocations=3 (full 0):
 PSYoungGen      total 305664K, used 305648K [0x00007e8777b00000, 0x00007e878d000000, 0x00007e878d000000)
  eden space 262144K, 100% used [0x00007e8777b00000,0x00007e8787b00000,0x00007e8787b00000)
  from space 43520K, 99% used [0x00007e878a580000,0x00007e878cffc060,0x00007e878d000000)
  to   space 43520K, 100% used [0x00007e8787b00000,0x00007e878a580000,0x00007e878a580000)
 ParOldGen       total 699392K, used 699384K [0x00007e874d000000, 0x00007e8777b00000, 0x00007e8777b00000)
  object space 699392K, 99% used [0x00007e874d000000,0x00007e8777afe140,0x00007e8777b00000)
 Metaspace       used 6424K, committed 6528K, reserved 8192K
}
Event: 2,086 GC heap before
{Heap before GC invocations=4 (full 1):
 PSYoungGen      total 305664K, used 305648K [0x00007e8777b00000, 0x00007e878d000000, 0x00007e878d000000)
  eden space 262144K, 100% used [0x00007e8777b00000,0x00007e8787b00000,0x00007e8787b00000)
  from space 43520K, 99% used [0x00007e878a580000,0x00007e878cffc060,0x00007e878d000000)
  to   space 43520K, 100% used [0x00007e8787b00000,0x00007e878a580000,0x00007e878a580000)
 ParOldGen       total 699392K, used 699384K [0x00007e874d000000, 0x00007e8777b00000, 0x00007e8777b00000)
  object space 699392K, 99% used [0x00007e874d000000,0x00007e8777afe140,0x00007e8777b00000)
 Metaspace       used 6424K, committed 6528K, reserved 8192K
}
Event: 4,004 GC heap after
{Heap after GC invocations=4 (full 1):
 PSYoungGen      total 305664K, used 0K [0x00007e8777b00000, 0x00007e878d000000, 0x00007e878d000000)
  eden space 262144K, 0% used [0x00007e8777b00000,0x00007e8777b00000,0x00007e8787b00000)
  from space 43520K, 0% used [0x00007e8787b00000,0x00007e8787b00000,0x00007e878a580000)
  to   space 43520K, 0% used [0x00007e878a580000,0x00007e878a580000,0x00007e878d000000)
 ParOldGen       total 699392K, used 465460K [0x00007e874d000000, 0x00007e8777b00000, 0x00007e8777b00000)
  object space 699392K, 66% used [0x00007e874d000000,0x00007e876968d150,0x00007e8777b00000)
 Metaspace       used 6424K, committed 6528K, reserved 8192K
}
Event: 4,403 GC heap before
{Heap before GC invocations=5 (full 1):
 PSYoungGen      total 305664K, used 139754K [0x00007e8777b00000, 0x00007e878d000000, 0x00007e878d000000)
  eden space 262144K, 53% used [0x00007e8777b00000,0x00007e878037a8a0,0x00007e8787b00000)
  from space 43520K, 0% used [0x00007e8787b00000,0x00007e8787b00000,0x00007e878a580000)
  to   space 43520K, 0% used [0x00007e878a580000,0x00007e878a580000,0x00007e878d000000)
 ParOldGen       total 699392K, used 465460K [0x00007e874d000000, 0x00007e8777b00000, 0x00007e8777b00000)
  object space 699392K, 66% used [0x00007e874d000000,0x00007e876968d150,0x00007e8777b00000)
 Metaspace       used 6429K, committed 6528K, reserved 8192K
}
Event: 4,627 GC heap after
{Heap after GC invocations=5 (full 1):
 PSYoungGen      total 305664K, used 43520K [0x00007e8777b00000, 0x00007e878d000000, 0x00007e878d000000)
  eden space 262144K, 0% used [0x00007e8777b00000,0x00007e8777b00000,0x00007e8787b00000)
  from space 43520K, 100% used [0x00007e878a580000,0x00007e878d000000,0x00007e878d000000)
  to   space 43520K, 0% used [0x00007e8787b00000,0x00007e8787b00000,0x00007e878a580000)
 ParOldGen       total 699392K, used 550652K [0x00007e874d000000, 0x00007e8777b00000, 0x00007e8777b00000)
  object space 699392K, 78% used [0x00007e874d000000,0x00007e876e9bf150,0x00007e8777b00000)
 Metaspace       used 6429K, committed 6528K, reserved 8192K
}
Event: 4,627 GC heap before
{Heap before GC invocations=6 (full 2):
 PSYoungGen      total 305664K, used 43520K [0x00007e8777b00000, 0x00007e878d000000, 0x00007e878d000000)
  eden space 262144K, 0% used [0x00007e8777b00000,0x00007e8777b00000,0x00007e8787b00000)
  from space 43520K, 100% used [0x00007e878a580000,0x00007e878d000000,0x00007e878d000000)
  to   space 43520K, 0% used [0x00007e8787b00000,0x00007e8787b00000,0x00007e878a580000)
 ParOldGen       total 699392K, used 550652K [0x00007e874d000000, 0x00007e8777b00000, 0x00007e8777b00000)
  object space 699392K, 78% used [0x00007e874d000000,0x00007e876e9bf150,0x00007e8777b00000)
 Metaspace       used 6429K, committed 6528K, reserved 8192K
}
Event: 6,198 GC heap after
{Heap after GC invocations=6 (full 2):
 PSYoungGen      total 305664K, used 0K [0x00007e8777b00000, 0x00007e878d000000, 0x00007e878d000000)
  eden space 262144K, 0% used [0x00007e8777b00000,0x00007e8777b00000,0x00007e8787b00000)
  from space 43520K, 0% used [0x00007e878a580000,0x00007e878a580000,0x00007e878d000000)
  to   space 43520K, 0% used [0x00007e8787b00000,0x00007e8787b00000,0x00007e878a580000)
 ParOldGen       total 699392K, used 561259K [0x00007e874d000000, 0x00007e8777b00000, 0x00007e8777b00000)
  object space 699392K, 80% used [0x00007e874d000000,0x00007e876f41afd8,0x00007e8777b00000)
 Metaspace       used 6429K, committed 6528K, reserved 8192K
}

