# JRE version: OpenJDK Runtime Environment (17.0.6) (fastdebug build 17.0.6-internal+0-adhoc.konstdelis.jdk17u067)
# Java VM: OpenJDK 64-Bit Server VM (fastdebug 17.0.6-internal+0-adhoc.konstdelis.jdk17u067, mixed mode, tiered, parallel gc, linux-amd64)
GC Precious Log:
 CPUs: 32 total, 32 available
 Memory: 251G
 Large Page Support: Disabled
 NUMA Support: Disabled
 Compressed Oops: Disabled
 Alignments: Space 512K, Generation 512K, Heap 2M
 Heap Min Capacity: 3G
 Heap Initial Capacity: 3G
 Heap Max Capacity: 3G
 Pre-touch: Disabled
 Parallel Workers: 1
Heap:
 PSYoungGen      total 917504K, used 786432K [0x00007eb345000000, 0x00007eb385000000, 0x00007eb385000000)
  eden space 786432K, 100% used [0x00007eb345000000,0x00007eb375000000,0x00007eb375000000)
  from space 131072K, 0% used [0x00007eb37d000000,0x00007eb37d000000,0x00007eb385000000)
  to   space 131072K, 0% used [0x00007eb375000000,0x00007eb375000000,0x00007eb37d000000)
 ParOldGen       total 2097152K, used 2094363K [0x00007eb2c5000000, 0x00007eb345000000, 0x00007eb345000000)
  object space 2097152K, 99% used [0x00007eb2c5000000,0x00007eb344d46f00,0x00007eb345000000)
 Metaspace       used 7360K, committed 7488K, reserved 8192K
GC Heap History (20 events):
Event: 53,631 GC heap after
{Heap after GC invocations=5 (full 1):
 PSYoungGen      total 917504K, used 131072K [0x00007eb345000000, 0x00007eb385000000, 0x00007eb385000000)
  eden space 786432K, 0% used [0x00007eb345000000,0x00007eb345000000,0x00007eb375000000)
  from space 131072K, 100% used [0x00007eb375000000,0x00007eb37d000000,0x00007eb37d000000)
  to   space 131072K, 0% used [0x00007eb37d000000,0x00007eb37d000000,0x00007eb385000000)
 ParOldGen       total 2097152K, used 1455554K [0x00007eb2c5000000, 0x00007eb345000000, 0x00007eb345000000)
  object space 2097152K, 69% used [0x00007eb2c5000000,0x00007eb31dd70a00,0x00007eb345000000)
 Metaspace       used 7360K, committed 7488K, reserved 8192K
}
Event: 53,631 GC heap before
{Heap before GC invocations=6 (full 2):
 PSYoungGen      total 917504K, used 131072K [0x00007eb345000000, 0x00007eb385000000, 0x00007eb385000000)
  eden space 786432K, 0% used [0x00007eb345000000,0x00007eb345000000,0x00007eb375000000)
  from space 131072K, 100% used [0x00007eb375000000,0x00007eb37d000000,0x00007eb37d000000)
  to   space 131072K, 0% used [0x00007eb37d000000,0x00007eb37d000000,0x00007eb385000000)
 ParOldGen       total 2097152K, used 1455554K [0x00007eb2c5000000, 0x00007eb345000000, 0x00007eb345000000)
  object space 2097152K, 69% used [0x00007eb2c5000000,0x00007eb31dd70a00,0x00007eb345000000)
 Metaspace       used 7360K, committed 7488K, reserved 8192K
}
Event: 72,869 GC heap after
{Heap after GC invocations=6 (full 2):
 PSYoungGen      total 917504K, used 0K [0x00007eb345000000, 0x00007eb385000000, 0x00007eb385000000)
  eden space 786432K, 0% used [0x00007eb345000000,0x00007eb345000000,0x00007eb375000000)
  from space 131072K, 0% used [0x00007eb37d000000,0x00007eb37d000000,0x00007eb385000000)
  to   space 131072K, 0% used [0x00007eb375000000,0x00007eb375000000,0x00007eb37d000000)
 ParOldGen       total 2097152K, used 1333513K [0x00007eb2c5000000, 0x00007eb345000000, 0x00007eb345000000)
  object space 2097152K, 63% used [0x00007eb2c5000000,0x00007eb3166425d0,0x00007eb345000000)
 Metaspace       used 7360K, committed 7488K, reserved 8192K
}
Event: 73,259 GC heap before
{Heap before GC invocations=7 (full 3):
 PSYoungGen      total 917504K, used 786432K [0x00007eb345000000, 0x00007eb385000000, 0x00007eb385000000)
  eden space 786432K, 100% used [0x00007eb345000000,0x00007eb375000000,0x00007eb375000000)
  from space 131072K, 0% used [0x00007eb37d000000,0x00007eb37d000000,0x00007eb385000000)
  to   space 131072K, 0% used [0x00007eb375000000,0x00007eb375000000,0x00007eb37d000000)
 ParOldGen       total 2097152K, used 1333513K [0x00007eb2c5000000, 0x00007eb345000000, 0x00007eb345000000)
  object space 2097152K, 63% used [0x00007eb2c5000000,0x00007eb3166425d0,0x00007eb345000000)
 Metaspace       used 7360K, committed 7488K, reserved 8192K
}
Event: 101,250 GC heap after
{Heap after GC invocations=7 (full 3):
 PSYoungGen      total 917504K, used 0K [0x00007eb345000000, 0x00007eb385000000, 0x00007eb385000000)
  eden space 786432K, 0% used [0x00007eb345000000,0x00007eb345000000,0x00007eb375000000)
  from space 131072K, 0% used [0x00007eb375000000,0x00007eb375000000,0x00007eb37d000000)
  to   space 131072K, 0% used [0x00007eb37d000000,0x00007eb37d000000,0x00007eb385000000)
 ParOldGen       total 2097152K, used 1614371K [0x00007eb2c5000000, 0x00007eb345000000, 0x00007eb345000000)
  object space 2097152K, 76% used [0x00007eb2c5000000,0x00007eb327888d60,0x00007eb345000000)
 Metaspace       used 7360K, committed 7488K, reserved 8192K
}
Event: 101,544 GC heap before
{Heap before GC invocations=8 (full 4):
 PSYoungGen      total 917504K, used 786432K [0x00007eb345000000, 0x00007eb385000000, 0x00007eb385000000)
  eden space 786432K, 100% used [0x00007eb345000000,0x00007eb375000000,0x00007eb375000000)
  from space 131072K, 0% used [0x00007eb375000000,0x00007eb375000000,0x00007eb37d000000)
  to   space 131072K, 0% used [0x00007eb37d000000,0x00007eb37d000000,0x00007eb385000000)
 ParOldGen       total 2097152K, used 1614371K [0x00007eb2c5000000, 0x00007eb345000000, 0x00007eb345000000)
  object space 2097152K, 76% used [0x00007eb2c5000000,0x00007eb327888d60,0x00007eb345000000)
 Metaspace       used 7360K, committed 7488K, reserved 8192K
}
Event: 129,328 GC heap after
{Heap after GC invocations=8 (full 4):
 PSYoungGen      total 917504K, used 0K [0x00007eb345000000, 0x00007eb385000000, 0x00007eb385000000)
  eden space 786432K, 0% used [0x00007eb345000000,0x00007eb345000000,0x00007eb375000000)
  from space 131072K, 0% used [0x00007eb37d000000,0x00007eb37d000000,0x00007eb385000000)
  to   space 131072K, 0% used [0x00007eb375000000,0x00007eb375000000,0x00007eb37d000000)
 ParOldGen       total 2097152K, used 1886542K [0x00007eb2c5000000, 0x00007eb345000000, 0x00007eb345000000)
  object space 2097152K, 89% used [0x00007eb2c5000000,0x00007eb338253870,0x00007eb345000000)
 Metaspace       used 7360K, committed 7488K, reserved 8192K
}
Event: 129,720 GC heap before
{Heap before GC invocations=9 (full 5):
 PSYoungGen      total 917504K, used 786432K [0x00007eb345000000, 0x00007eb385000000, 0x00007eb385000000)
  eden space 786432K, 100% used [0x00007eb345000000,0x00007eb375000000,0x00007eb375000000)
  from space 131072K, 0% used [0x00007eb37d000000,0x00007eb37d000000,0x00007eb385000000)
  to   space 131072K, 0% used [0x00007eb375000000,0x00007eb375000000,0x00007eb37d000000)
 ParOldGen       total 2097152K, used 1886542K [0x00007eb2c5000000, 0x00007eb345000000, 0x00007eb345000000)
  object space 2097152K, 89% used [0x00007eb2c5000000,0x00007eb338253870,0x00007eb345000000)
 Metaspace       used 7360K, committed 7488K, reserved 8192K
}
Event: 163,009 GC heap after
{Heap after GC invocations=9 (full 5):
 PSYoungGen      total 917504K, used 0K [0x00007eb345000000, 0x00007eb385000000, 0x00007eb385000000)
  eden space 786432K, 0% used [0x00007eb345000000,0x00007eb345000000,0x00007eb375000000)
  from space 131072K, 0% used [0x00007eb375000000,0x00007eb375000000,0x00007eb37d000000)
  to   space 131072K, 0% used [0x00007eb37d000000,0x00007eb37d000000,0x00007eb385000000)
 ParOldGen       total 2097152K, used 1905256K [0x00007eb2c5000000, 0x00007eb345000000, 0x00007eb345000000)
  object space 2097152K, 90% used [0x00007eb2c5000000,0x00007eb33949a0b0,0x00007eb345000000)
 Metaspace       used 7360K, committed 7488K, reserved 8192K
}
Event: 163,399 GC heap before
{Heap before GC invocations=10 (full 6):
 PSYoungGen      total 917504K, used 786432K [0x00007eb345000000, 0x00007eb385000000, 0x00007eb385000000)
  eden space 786432K, 100% used [0x00007eb345000000,0x00007eb375000000,0x00007eb375000000)
  from space 131072K, 0% used [0x00007eb375000000,0x00007eb375000000,0x00007eb37d000000)
  to   space 131072K, 0% used [0x00007eb37d000000,0x00007eb37d000000,0x00007eb385000000)
 ParOldGen       total 2097152K, used 1905256K [0x00007eb2c5000000, 0x00007eb345000000, 0x00007eb345000000)
  object space 2097152K, 90% used [0x00007eb2c5000000,0x00007eb33949a0b0,0x00007eb345000000)
 Metaspace       used 7360K, committed 7488K, reserved 8192K
}
Event: 196,069 GC heap after
{Heap after GC invocations=10 (full 6):
 PSYoungGen      total 917504K, used 89047K [0x00007eb345000000, 0x00007eb385000000, 0x00007eb385000000)
  eden space 786432K, 11% used [0x00007eb345000000,0x00007eb34a6f5fe0,0x00007eb375000000)
  from space 131072K, 0% used [0x00007eb37d000000,0x00007eb37d000000,0x00007eb385000000)
  to   space 131072K, 0% used [0x00007eb375000000,0x00007eb375000000,0x00007eb37d000000)
 ParOldGen       total 2097152K, used 2097066K [0x00007eb2c5000000, 0x00007eb345000000, 0x00007eb345000000)
  object space 2097152K, 99% used [0x00007eb2c5000000,0x00007eb344fea978,0x00007eb345000000)
 Metaspace       used 7360K, committed 7488K, reserved 8192K
}
Event: 196,273 GC heap before
{Heap before GC invocations=11 (full 7):
 PSYoungGen      total 917504K, used 786432K [0x00007eb345000000, 0x00007eb385000000, 0x00007eb385000000)
  eden space 786432K, 100% used [0x00007eb345000000,0x00007eb375000000,0x00007eb375000000)
  from space 131072K, 0% used [0x00007eb37d000000,0x00007eb37d000000,0x00007eb385000000)
  to   space 131072K, 0% used [0x00007eb375000000,0x00007eb375000000,0x00007eb37d000000)
 ParOldGen       total 2097152K, used 2097066K [0x00007eb2c5000000, 0x00007eb345000000, 0x00007eb345000000)
  object space 2097152K, 99% used [0x00007eb2c5000000,0x00007eb344fea978,0x00007eb345000000)
 Metaspace       used 7360K, committed 7488K, reserved 8192K
}
Event: 226,098 GC heap after
{Heap after GC invocations=11 (full 7):
 PSYoungGen      total 917504K, used 589915K [0x00007eb345000000, 0x00007eb385000000, 0x00007eb385000000)
  eden space 786432K, 75% used [0x00007eb345000000,0x00007eb369016c98,0x00007eb375000000)
  from space 131072K, 0% used [0x00007eb375000000,0x00007eb375000000,0x00007eb37d000000)
  to   space 131072K, 0% used [0x00007eb37d000000,0x00007eb37d000000,0x00007eb385000000)
 ParOldGen       total 2097152K, used 2094368K [0x00007eb2c5000000, 0x00007eb345000000, 0x00007eb345000000)
  object space 2097152K, 99% used [0x00007eb2c5000000,0x00007eb344d483f8,0x00007eb345000000)
 Metaspace       used 7360K, committed 7488K, reserved 8192K
}
Event: 226,196 GC heap before
{Heap before GC invocations=12 (full 8):
 PSYoungGen      total 917504K, used 786432K [0x00007eb345000000, 0x00007eb385000000, 0x00007eb385000000)
  eden space 786432K, 100% used [0x00007eb345000000,0x00007eb375000000,0x00007eb375000000)
  from space 131072K, 0% used [0x00007eb375000000,0x00007eb375000000,0x00007eb37d000000)
  to   space 131072K, 0% used [0x00007eb37d000000,0x00007eb37d000000,0x00007eb385000000)
 ParOldGen       total 2097152K, used 2094368K [0x00007eb2c5000000, 0x00007eb345000000, 0x00007eb345000000)
  object space 2097152K, 99% used [0x00007eb2c5000000,0x00007eb344d483f8,0x00007eb345000000)
 Metaspace       used 7360K, committed 7488K, reserved 8192K
}
Event: 258,444 GC heap after
{Heap after GC invocations=12 (full 8):
 PSYoungGen      total 917504K, used 660096K [0x00007eb345000000, 0x00007eb385000000, 0x00007eb385000000)
  eden space 786432K, 83% used [0x00007eb345000000,0x00007eb36d4a02b0,0x00007eb375000000)
  from space 131072K, 0% used [0x00007eb37d000000,0x00007eb37d000000,0x00007eb385000000)
  to   space 131072K, 0% used [0x00007eb375000000,0x00007eb375000000,0x00007eb37d000000)
 ParOldGen       total 2097152K, used 2094368K [0x00007eb2c5000000, 0x00007eb345000000, 0x00007eb345000000)
  object space 2097152K, 99% used [0x00007eb2c5000000,0x00007eb344d483f8,0x00007eb345000000)
 Metaspace       used 7360K, committed 7488K, reserved 8192K
}
Event: 258,546 GC heap before
{Heap before GC invocations=13 (full 9):
 PSYoungGen      total 917504K, used 786432K [0x00007eb345000000, 0x00007eb385000000, 0x00007eb385000000)
  eden space 786432K, 100% used [0x00007eb345000000,0x00007eb375000000,0x00007eb375000000)
  from space 131072K, 0% used [0x00007eb37d000000,0x00007eb37d000000,0x00007eb385000000)
  to   space 131072K, 0% used [0x00007eb375000000,0x00007eb375000000,0x00007eb37d000000)
 ParOldGen       total 2097152K, used 2094368K [0x00007eb2c5000000, 0x00007eb345000000, 0x00007eb345000000)
  object space 2097152K, 99% used [0x00007eb2c5000000,0x00007eb344d483f8,0x00007eb345000000)
 Metaspace       used 7360K, committed 7488K, reserved 8192K
}
Event: 296,146 GC heap after
{Heap after GC invocations=13 (full 9):
 PSYoungGen      total 917504K, used 741052K [0x00007eb345000000, 0x00007eb385000000, 0x00007eb385000000)
  eden space 786432K, 94% used [0x00007eb345000000,0x00007eb3723af1d0,0x00007eb375000000)
  from space 131072K, 0% used [0x00007eb375000000,0x00007eb375000000,0x00007eb37d000000)
  to   space 131072K, 0% used [0x00007eb37d000000,0x00007eb37d000000,0x00007eb385000000)
 ParOldGen       total 2097152K, used 2094356K [0x00007eb2c5000000, 0x00007eb345000000, 0x00007eb345000000)
  object space 2097152K, 99% used [0x00007eb2c5000000,0x00007eb344d453b0,0x00007eb345000000)
 Metaspace       used 7360K, committed 7488K, reserved 8192K
}
Event: 296,167 GC heap before
{Heap before GC invocations=14 (full 10):
 PSYoungGen      total 917504K, used 786432K [0x00007eb345000000, 0x00007eb385000000, 0x00007eb385000000)
  eden space 786432K, 100% used [0x00007eb345000000,0x00007eb375000000,0x00007eb375000000)
  from space 131072K, 0% used [0x00007eb375000000,0x00007eb375000000,0x00007eb37d000000)
  to   space 131072K, 0% used [0x00007eb37d000000,0x00007eb37d000000,0x00007eb385000000)
 ParOldGen       total 2097152K, used 2094356K [0x00007eb2c5000000, 0x00007eb345000000, 0x00007eb345000000)
  object space 2097152K, 99% used [0x00007eb2c5000000,0x00007eb344d453b0,0x00007eb345000000)
 Metaspace       used 7360K, committed 7488K, reserved 8192K
}
Event: 327,714 GC heap after
{Heap after GC invocations=14 (full 10):
 PSYoungGen      total 917504K, used 780098K [0x00007eb345000000, 0x00007eb385000000, 0x00007eb385000000)
  eden space 786432K, 99% used [0x00007eb345000000,0x00007eb3749d0978,0x00007eb375000000)
  from space 131072K, 0% used [0x00007eb37d000000,0x00007eb37d000000,0x00007eb385000000)
  to   space 131072K, 0% used [0x00007eb375000000,0x00007eb375000000,0x00007eb37d000000)
 ParOldGen       total 2097152K, used 2094363K [0x00007eb2c5000000, 0x00007eb345000000, 0x00007eb345000000)
  object space 2097152K, 99% used [0x00007eb2c5000000,0x00007eb344d46f00,0x00007eb345000000)
 Metaspace       used 7360K, committed 7488K, reserved 8192K
}
Event: 327,718 GC heap before
{Heap before GC invocations=15 (full 11):
 PSYoungGen      total 917504K, used 786432K [0x00007eb345000000, 0x00007eb385000000, 0x00007eb385000000)
  eden space 786432K, 100% used [0x00007eb345000000,0x00007eb375000000,0x00007eb375000000)
  from space 131072K, 0% used [0x00007eb37d000000,0x00007eb37d000000,0x00007eb385000000)
  to   space 131072K, 0% used [0x00007eb375000000,0x00007eb375000000,0x00007eb37d000000)
 ParOldGen       total 2097152K, used 2094363K [0x00007eb2c5000000, 0x00007eb345000000, 0x00007eb345000000)
  object space 2097152K, 99% used [0x00007eb2c5000000,0x00007eb344d46f00,0x00007eb345000000)
 Metaspace       used 7360K, committed 7488K, reserved 8192K
}

