# JRE version: OpenJDK Runtime Environment (17.0.6) (build 17.0.6-internal+0-adhoc.konstdelis.jdk17u067)
# Java VM: OpenJDK 64-Bit Server VM (17.0.6-internal+0-adhoc.konstdelis.jdk17u067, mixed mode, tiered, parallel gc, linux-amd64)
GC Precious Log:
 CPUs: 32 total, 32 available
 Memory: 251G
 Large Page Support: Disabled
 NUMA Support: Disabled
 Compressed Oops: Disabled
 Alignments: Space 512K, Generation 512K, Heap 2M
 Heap Min Capacity: 1G
 Heap Initial Capacity: 1G
 Heap Max Capacity: 1G
 Pre-touch: Disabled
 Parallel Workers: 8
Heap:
 PSYoungGen      total 305664K, used 288K [0x00007ea593100000, 0x00007ea5a8600000, 0x00007ea5a8600000)
  eden space 262144K, 0% used [0x00007ea593100000,0x00007ea593100000,0x00007ea5a3100000)
  from space 43520K, 0% used [0x00007ea5a5b80000,0x00007ea5a5bc8000,0x00007ea5a8600000)
  to   space 43520K, 0% used [0x00007ea5a3100000,0x00007ea5a3100000,0x00007ea5a5b80000)
 ParOldGen       total 699392K, used 1383K [0x00007ea568600000, 0x00007ea593100000, 0x00007ea593100000)
  object space 699392K, 0% used [0x00007ea568600000,0x00007ea568759dc8,0x00007ea593100000)
 Metaspace       used 7018K, committed 7104K, reserved 8192K
GC Heap History (7 events):
Event: 0,333 GC heap before
{Heap before GC invocations=1 (full 0):
 PSYoungGen      total 305664K, used 26215K [0x00007ea593100000, 0x00007ea5a8600000, 0x00007ea5a8600000)
  eden space 262144K, 10% used [0x00007ea593100000,0x00007ea594a99c18,0x00007ea5a3100000)
  from space 43520K, 0% used [0x00007ea5a5b80000,0x00007ea5a5b80000,0x00007ea5a8600000)
  to   space 43520K, 0% used [0x00007ea5a3100000,0x00007ea5a3100000,0x00007ea5a5b80000)
 ParOldGen       total 699392K, used 0K [0x00007ea568600000, 0x00007ea593100000, 0x00007ea593100000)
  object space 699392K, 0% used [0x00007ea568600000,0x00007ea568600000,0x00007ea593100000)
 Metaspace       used 6991K, committed 7104K, reserved 8192K
}
Event: 0,335 GC heap after
{Heap after GC invocations=1 (full 0):
 PSYoungGen      total 305664K, used 1472K [0x00007ea593100000, 0x00007ea5a8600000, 0x00007ea5a8600000)
  eden space 262144K, 0% used [0x00007ea593100000,0x00007ea593100000,0x00007ea5a3100000)
  from space 43520K, 3% used [0x00007ea5a3100000,0x00007ea5a3270000,0x00007ea5a5b80000)
  to   space 43520K, 0% used [0x00007ea5a5b80000,0x00007ea5a5b80000,0x00007ea5a8600000)
 ParOldGen       total 699392K, used 16K [0x00007ea568600000, 0x00007ea593100000, 0x00007ea593100000)
  object space 699392K, 0% used [0x00007ea568600000,0x00007ea568604000,0x00007ea593100000)
 Metaspace       used 6991K, committed 7104K, reserved 8192K
}
Event: 0,335 GC heap before
{Heap before GC invocations=2 (full 1):
 PSYoungGen      total 305664K, used 1472K [0x00007ea593100000, 0x00007ea5a8600000, 0x00007ea5a8600000)
  eden space 262144K, 0% used [0x00007ea593100000,0x00007ea593100000,0x00007ea5a3100000)
  from space 43520K, 3% used [0x00007ea5a3100000,0x00007ea5a3270000,0x00007ea5a5b80000)
  to   space 43520K, 0% used [0x00007ea5a5b80000,0x00007ea5a5b80000,0x00007ea5a8600000)
 ParOldGen       total 699392K, used 16K [0x00007ea568600000, 0x00007ea593100000, 0x00007ea593100000)
  object space 699392K, 0% used [0x00007ea568600000,0x00007ea568604000,0x00007ea593100000)
 Metaspace       used 6991K, committed 7104K, reserved 8192K
}
Event: 0,340 GC heap after
{Heap after GC invocations=2 (full 1):
 PSYoungGen      total 305664K, used 0K [0x00007ea593100000, 0x00007ea5a8600000, 0x00007ea5a8600000)
  eden space 262144K, 0% used [0x00007ea593100000,0x00007ea593100000,0x00007ea5a3100000)
  from space 43520K, 0% used [0x00007ea5a3100000,0x00007ea5a3100000,0x00007ea5a5b80000)
  to   space 43520K, 0% used [0x00007ea5a5b80000,0x00007ea5a5b80000,0x00007ea5a8600000)
 ParOldGen       total 699392K, used 1383K [0x00007ea568600000, 0x00007ea593100000, 0x00007ea593100000)
  object space 699392K, 0% used [0x00007ea568600000,0x00007ea568759dc8,0x00007ea593100000)
 Metaspace       used 6991K, committed 7104K, reserved 8192K
}
Event: 0,345 GC heap before
{Heap before GC invocations=3 (full 1):
 PSYoungGen      total 305664K, used 5242K [0x00007ea593100000, 0x00007ea5a8600000, 0x00007ea5a8600000)
  eden space 262144K, 2% used [0x00007ea593100000,0x00007ea59361ebc8,0x00007ea5a3100000)
  from space 43520K, 0% used [0x00007ea5a3100000,0x00007ea5a3100000,0x00007ea5a5b80000)
  to   space 43520K, 0% used [0x00007ea5a5b80000,0x00007ea5a5b80000,0x00007ea5a8600000)
 ParOldGen       total 699392K, used 1383K [0x00007ea568600000, 0x00007ea593100000, 0x00007ea593100000)
  object space 699392K, 0% used [0x00007ea568600000,0x00007ea568759dc8,0x00007ea593100000)
 Metaspace       used 7018K, committed 7104K, reserved 8192K
}
Event: 0,346 GC heap after
{Heap after GC invocations=3 (full 1):
 PSYoungGen      total 305664K, used 288K [0x00007ea593100000, 0x00007ea5a8600000, 0x00007ea5a8600000)
  eden space 262144K, 0% used [0x00007ea593100000,0x00007ea593100000,0x00007ea5a3100000)
  from space 43520K, 0% used [0x00007ea5a5b80000,0x00007ea5a5bc8000,0x00007ea5a8600000)
  to   space 43520K, 0% used [0x00007ea5a3100000,0x00007ea5a3100000,0x00007ea5a5b80000)
 ParOldGen       total 699392K, used 1383K [0x00007ea568600000, 0x00007ea593100000, 0x00007ea593100000)
  object space 699392K, 0% used [0x00007ea568600000,0x00007ea568759dc8,0x00007ea593100000)
 Metaspace       used 7018K, committed 7104K, reserved 8192K
}
Event: 0,346 GC heap before
{Heap before GC invocations=4 (full 2):
 PSYoungGen      total 305664K, used 288K [0x00007ea593100000, 0x00007ea5a8600000, 0x00007ea5a8600000)
  eden space 262144K, 0% used [0x00007ea593100000,0x00007ea593100000,0x00007ea5a3100000)
  from space 43520K, 0% used [0x00007ea5a5b80000,0x00007ea5a5bc8000,0x00007ea5a8600000)
  to   space 43520K, 0% used [0x00007ea5a3100000,0x00007ea5a3100000,0x00007ea5a5b80000)
 ParOldGen       total 699392K, used 1383K [0x00007ea568600000, 0x00007ea593100000, 0x00007ea593100000)
  object space 699392K, 0% used [0x00007ea568600000,0x00007ea568759dc8,0x00007ea593100000)
 Metaspace       used 7018K, committed 7104K, reserved 8192K
}

