# JRE version: OpenJDK Runtime Environment (17.0.6) (fastdebug build 17.0.6-internal+0-adhoc.konstdelis.jdk17u067)
# Java VM: OpenJDK 64-Bit Server VM (fastdebug 17.0.6-internal+0-adhoc.konstdelis.jdk17u067, mixed mode, tiered, parallel gc, linux-amd64)
GC Precious Log:
 CPUs: 32 total, 32 available
 Memory: 251G
 Large Page Support: Disabled
 NUMA Support: Disabled
 Compressed Oops: Disabled
 Alignments: Space 512K, Generation 512K, Heap 2M
 Heap Min Capacity: 3G
 Heap Initial Capacity: 3G
 Heap Max Capacity: 3G
 Pre-touch: Disabled
 Parallel Workers: 1
Heap:
 PSYoungGen      total 917504K, used 20971K [0x00007e9479000000, 0x00007e94b9000000, 0x00007e94b9000000)
  eden space 786432K, 2% used [0x00007e9479000000,0x00007e947a47aff0,0x00007e94a9000000)
  from space 131072K, 0% used [0x00007e94b1000000,0x00007e94b1000000,0x00007e94b9000000)
  to   space 131072K, 0% used [0x00007e94a9000000,0x00007e94a9000000,0x00007e94b1000000)
 ParOldGen       total 2097152K, used 263619K [0x00007e93f9000000, 0x00007e9479000000, 0x00007e9479000000)
  object space 2097152K, 12% used [0x00007e93f9000000,0x00007e9409170e98,0x00007e9479000000)
 Metaspace       used 7396K, committed 7488K, reserved 8192K
GC Heap History (8 events):
Event: 2,532 GC heap before
{Heap before GC invocations=1 (full 0):
 PSYoungGen      total 917504K, used 94372K [0x00007e9479000000, 0x00007e94b9000000, 0x00007e94b9000000)
  eden space 786432K, 12% used [0x00007e9479000000,0x00007e947ec291b0,0x00007e94a9000000)
  from space 131072K, 0% used [0x00007e94b1000000,0x00007e94b1000000,0x00007e94b9000000)
  to   space 131072K, 0% used [0x00007e94a9000000,0x00007e94a9000000,0x00007e94b1000000)
 ParOldGen       total 2097152K, used 0K [0x00007e93f9000000, 0x00007e9479000000, 0x00007e9479000000)
  object space 2097152K, 0% used [0x00007e93f9000000,0x00007e93f9000000,0x00007e9479000000)
 Metaspace       used 7391K, committed 7488K, reserved 8192K
}
Event: 2,563 GC heap after
{Heap after GC invocations=1 (full 0):
 PSYoungGen      total 917504K, used 1520K [0x00007e9479000000, 0x00007e94b9000000, 0x00007e94b9000000)
  eden space 786432K, 0% used [0x00007e9479000000,0x00007e9479000000,0x00007e94a9000000)
  from space 131072K, 1% used [0x00007e94a9000000,0x00007e94a917c020,0x00007e94b1000000)
  to   space 131072K, 0% used [0x00007e94b1000000,0x00007e94b1000000,0x00007e94b9000000)
 ParOldGen       total 2097152K, used 0K [0x00007e93f9000000, 0x00007e9479000000, 0x00007e9479000000)
  object space 2097152K, 0% used [0x00007e93f9000000,0x00007e93f9000000,0x00007e9479000000)
 Metaspace       used 7391K, committed 7488K, reserved 8192K
}
Event: 2,564 GC heap before
{Heap before GC invocations=2 (full 1):
 PSYoungGen      total 917504K, used 1520K [0x00007e9479000000, 0x00007e94b9000000, 0x00007e94b9000000)
  eden space 786432K, 0% used [0x00007e9479000000,0x00007e9479000000,0x00007e94a9000000)
  from space 131072K, 1% used [0x00007e94a9000000,0x00007e94a917c020,0x00007e94b1000000)
  to   space 131072K, 0% used [0x00007e94b1000000,0x00007e94b1000000,0x00007e94b9000000)
 ParOldGen       total 2097152K, used 0K [0x00007e93f9000000, 0x00007e9479000000, 0x00007e9479000000)
  object space 2097152K, 0% used [0x00007e93f9000000,0x00007e93f9000000,0x00007e9479000000)
 Metaspace       used 7391K, committed 7488K, reserved 8192K
}
Event: 2,607 GC heap after
{Heap after GC invocations=2 (full 1):
 PSYoungGen      total 917504K, used 0K [0x00007e9479000000, 0x00007e94b9000000, 0x00007e94b9000000)
  eden space 786432K, 0% used [0x00007e9479000000,0x00007e9479000000,0x00007e94a9000000)
  from space 131072K, 0% used [0x00007e94a9000000,0x00007e94a9000000,0x00007e94b1000000)
  to   space 131072K, 0% used [0x00007e94b1000000,0x00007e94b1000000,0x00007e94b9000000)
 ParOldGen       total 2097152K, used 1480K [0x00007e93f9000000, 0x00007e9479000000, 0x00007e9479000000)
  object space 2097152K, 0% used [0x00007e93f9000000,0x00007e93f91722c8,0x00007e9479000000)
 Metaspace       used 7391K, committed 7488K, reserved 8192K
}
Event: 2,612 GC heap before
{Heap before GC invocations=3 (full 1):
 PSYoungGen      total 917504K, used 31457K [0x00007e9479000000, 0x00007e94b9000000, 0x00007e94b9000000)
  eden space 786432K, 4% used [0x00007e9479000000,0x00007e947aeb8570,0x00007e94a9000000)
  from space 131072K, 0% used [0x00007e94a9000000,0x00007e94a9000000,0x00007e94b1000000)
  to   space 131072K, 0% used [0x00007e94b1000000,0x00007e94b1000000,0x00007e94b9000000)
 ParOldGen       total 2097152K, used 1480K [0x00007e93f9000000, 0x00007e9479000000, 0x00007e9479000000)
  object space 2097152K, 0% used [0x00007e93f9000000,0x00007e93f91722c8,0x00007e9479000000)
 Metaspace       used 7391K, committed 7488K, reserved 8192K
}
Event: 2,620 GC heap after
{Heap after GC invocations=3 (full 1):
 PSYoungGen      total 917504K, used 32K [0x00007e9479000000, 0x00007e94b9000000, 0x00007e94b9000000)
  eden space 786432K, 0% used [0x00007e9479000000,0x00007e9479000000,0x00007e94a9000000)
  from space 131072K, 0% used [0x00007e94b1000000,0x00007e94b1008000,0x00007e94b9000000)
  to   space 131072K, 0% used [0x00007e94a9000000,0x00007e94a9000000,0x00007e94b1000000)
 ParOldGen       total 2097152K, used 1480K [0x00007e93f9000000, 0x00007e9479000000, 0x00007e9479000000)
  object space 2097152K, 0% used [0x00007e93f9000000,0x00007e93f91722c8,0x00007e9479000000)
 Metaspace       used 7391K, committed 7488K, reserved 8192K
}
Event: 2,620 GC heap before
{Heap before GC invocations=4 (full 2):
 PSYoungGen      total 917504K, used 32K [0x00007e9479000000, 0x00007e94b9000000, 0x00007e94b9000000)
  eden space 786432K, 0% used [0x00007e9479000000,0x00007e9479000000,0x00007e94a9000000)
  from space 131072K, 0% used [0x00007e94b1000000,0x00007e94b1008000,0x00007e94b9000000)
  to   space 131072K, 0% used [0x00007e94a9000000,0x00007e94a9000000,0x00007e94b1000000)
 ParOldGen       total 2097152K, used 1480K [0x00007e93f9000000, 0x00007e9479000000, 0x00007e9479000000)
  object space 2097152K, 0% used [0x00007e93f9000000,0x00007e93f91722c8,0x00007e9479000000)
 Metaspace       used 7391K, committed 7488K, reserved 8192K
}
Event: 2,842 GC heap after
{Heap after GC invocations=4 (full 2):
 PSYoungGen      total 917504K, used 0K [0x00007e9479000000, 0x00007e94b9000000, 0x00007e94b9000000)
  eden space 786432K, 0% used [0x00007e9479000000,0x00007e9479000000,0x00007e94a9000000)
  from space 131072K, 0% used [0x00007e94b1000000,0x00007e94b1000000,0x00007e94b9000000)
  to   space 131072K, 0% used [0x00007e94a9000000,0x00007e94a9000000,0x00007e94b1000000)
 ParOldGen       total 2097152K, used 263619K [0x00007e93f9000000, 0x00007e9479000000, 0x00007e9479000000)
  object space 2097152K, 12% used [0x00007e93f9000000,0x00007e9409170e98,0x00007e9479000000)
 Metaspace       used 7391K, committed 7488K, reserved 8192K
}

