# JRE version: OpenJDK Runtime Environment (17.0.6) (fastdebug build 17.0.6-internal+0-adhoc.konstdelis.jdk17u067)
# Java VM: OpenJDK 64-Bit Server VM (fastdebug 17.0.6-internal+0-adhoc.konstdelis.jdk17u067, mixed mode, tiered, parallel gc, linux-amd64)
GC Precious Log:
 CPUs: 32 total, 32 available
 Memory: 251G
 Large Page Support: Disabled
 NUMA Support: Disabled
 Compressed Oops: Disabled
 Alignments: Space 512K, Generation 512K, Heap 2M
 Heap Min Capacity: 3G
 Heap Initial Capacity: 3G
 Heap Max Capacity: 3G
 Pre-touch: Disabled
 Parallel Workers: 8
Heap:
 PSYoungGen      total 917504K, used 0K [0x00007ecad5000000, 0x00007ecb15000000, 0x00007ecb15000000)
  eden space 786432K, 0% used [0x00007ecad5000000,0x00007ecad5000000,0x00007ecb05000000)
  from space 131072K, 0% used [0x00007ecb0d000000,0x00007ecb0d000000,0x00007ecb15000000)
  to   space 131072K, 0% used [0x00007ecb05000000,0x00007ecb05000000,0x00007ecb0d000000)
 ParOldGen       total 2097152K, used 43975K [0x00007eca55000000, 0x00007ecad5000000, 0x00007ecad5000000)
  object space 2097152K, 2% used [0x00007eca55000000,0x00007eca57af1fa8,0x00007ecad5000000)
 Metaspace       used 7394K, committed 7488K, reserved 8192K
GC Heap History (17 events):
Event: 2,958 GC heap before
{Heap before GC invocations=1 (full 0):
 PSYoungGen      total 917504K, used 786432K [0x00007ecad5000000, 0x00007ecb15000000, 0x00007ecb15000000)
  eden space 786432K, 100% used [0x00007ecad5000000,0x00007ecb05000000,0x00007ecb05000000)
  from space 131072K, 0% used [0x00007ecb0d000000,0x00007ecb0d000000,0x00007ecb15000000)
  to   space 131072K, 0% used [0x00007ecb05000000,0x00007ecb05000000,0x00007ecb0d000000)
 ParOldGen       total 2097152K, used 0K [0x00007eca55000000, 0x00007ecad5000000, 0x00007ecad5000000)
  object space 2097152K, 0% used [0x00007eca55000000,0x00007eca55000000,0x00007ecad5000000)
 Metaspace       used 7360K, committed 7488K, reserved 8192K
}
Event: 3,612 GC heap after
{Heap after GC invocations=1 (full 0):
 PSYoungGen      total 917504K, used 131049K [0x00007ecad5000000, 0x00007ecb15000000, 0x00007ecb15000000)
  eden space 786432K, 0% used [0x00007ecad5000000,0x00007ecad5000000,0x00007ecb05000000)
  from space 131072K, 99% used [0x00007ecb05000000,0x00007ecb0cffa620,0x00007ecb0d000000)
  to   space 131072K, 0% used [0x00007ecb0d000000,0x00007ecb0d000000,0x00007ecb15000000)
 ParOldGen       total 2097152K, used 478376K [0x00007eca55000000, 0x00007ecad5000000, 0x00007ecad5000000)
  object space 2097152K, 22% used [0x00007eca55000000,0x00007eca7232a000,0x00007ecad5000000)
 Metaspace       used 7360K, committed 7488K, reserved 8192K
}
Event: 4,051 GC heap before
{Heap before GC invocations=2 (full 0):
 PSYoungGen      total 917504K, used 917481K [0x00007ecad5000000, 0x00007ecb15000000, 0x00007ecb15000000)
  eden space 786432K, 100% used [0x00007ecad5000000,0x00007ecb05000000,0x00007ecb05000000)
  from space 131072K, 99% used [0x00007ecb05000000,0x00007ecb0cffa620,0x00007ecb0d000000)
  to   space 131072K, 0% used [0x00007ecb0d000000,0x00007ecb0d000000,0x00007ecb15000000)
 ParOldGen       total 2097152K, used 478376K [0x00007eca55000000, 0x00007ecad5000000, 0x00007ecad5000000)
  object space 2097152K, 22% used [0x00007eca55000000,0x00007eca7232a000,0x00007ecad5000000)
 Metaspace       used 7360K, committed 7488K, reserved 8192K
}
Event: 4,952 GC heap after
{Heap after GC invocations=2 (full 0):
 PSYoungGen      total 917504K, used 131057K [0x00007ecad5000000, 0x00007ecb15000000, 0x00007ecb15000000)
  eden space 786432K, 0% used [0x00007ecad5000000,0x00007ecad5000000,0x00007ecb05000000)
  from space 131072K, 99% used [0x00007ecb0d000000,0x00007ecb14ffc718,0x00007ecb15000000)
  to   space 131072K, 0% used [0x00007ecb05000000,0x00007ecb05000000,0x00007ecb0d000000)
 ParOldGen       total 2097152K, used 1125904K [0x00007eca55000000, 0x00007ecad5000000, 0x00007ecad5000000)
  object space 2097152K, 53% used [0x00007eca55000000,0x00007eca99b84000,0x00007ecad5000000)
 Metaspace       used 7360K, committed 7488K, reserved 8192K
}
Event: 5,353 GC heap before
{Heap before GC invocations=3 (full 0):
 PSYoungGen      total 917504K, used 917489K [0x00007ecad5000000, 0x00007ecb15000000, 0x00007ecb15000000)
  eden space 786432K, 100% used [0x00007ecad5000000,0x00007ecb05000000,0x00007ecb05000000)
  from space 131072K, 99% used [0x00007ecb0d000000,0x00007ecb14ffc718,0x00007ecb15000000)
  to   space 131072K, 0% used [0x00007ecb05000000,0x00007ecb05000000,0x00007ecb0d000000)
 ParOldGen       total 2097152K, used 1125904K [0x00007eca55000000, 0x00007ecad5000000, 0x00007ecad5000000)
  object space 2097152K, 53% used [0x00007eca55000000,0x00007eca99b84000,0x00007ecad5000000)
 Metaspace       used 7360K, committed 7488K, reserved 8192K
}
Event: 6,231 GC heap after
{Heap after GC invocations=3 (full 0):
 PSYoungGen      total 917504K, used 131070K [0x00007ecad5000000, 0x00007ecb15000000, 0x00007ecb15000000)
  eden space 786432K, 0% used [0x00007ecad5000000,0x00007ecad5000000,0x00007ecb05000000)
  from space 131072K, 99% used [0x00007ecb05000000,0x00007ecb0cfff8e0,0x00007ecb0d000000)
  to   space 131072K, 0% used [0x00007ecb0d000000,0x00007ecb0d000000,0x00007ecb15000000)
 ParOldGen       total 2097152K, used 1778749K [0x00007eca55000000, 0x00007ecad5000000, 0x00007ecad5000000)
  object space 2097152K, 84% used [0x00007eca55000000,0x00007ecac190f510,0x00007ecad5000000)
 Metaspace       used 7360K, committed 7488K, reserved 8192K
}
Event: 6,232 GC heap before
{Heap before GC invocations=4 (full 1):
 PSYoungGen      total 917504K, used 131070K [0x00007ecad5000000, 0x00007ecb15000000, 0x00007ecb15000000)
  eden space 786432K, 0% used [0x00007ecad5000000,0x00007ecad5000000,0x00007ecb05000000)
  from space 131072K, 99% used [0x00007ecb05000000,0x00007ecb0cfff8e0,0x00007ecb0d000000)
  to   space 131072K, 0% used [0x00007ecb0d000000,0x00007ecb0d000000,0x00007ecb15000000)
 ParOldGen       total 2097152K, used 1778749K [0x00007eca55000000, 0x00007ecad5000000, 0x00007ecad5000000)
  object space 2097152K, 84% used [0x00007eca55000000,0x00007ecac190f510,0x00007ecad5000000)
 Metaspace       used 7360K, committed 7488K, reserved 8192K
}
Event: 13,686 GC heap after
{Heap after GC invocations=4 (full 1):
 PSYoungGen      total 917504K, used 0K [0x00007ecad5000000, 0x00007ecb15000000, 0x00007ecb15000000)
  eden space 786432K, 0% used [0x00007ecad5000000,0x00007ecad5000000,0x00007ecb05000000)
  from space 131072K, 0% used [0x00007ecb0d000000,0x00007ecb0d000000,0x00007ecb15000000)
  to   space 131072K, 0% used [0x00007ecb05000000,0x00007ecb05000000,0x00007ecb0d000000)
 ParOldGen       total 2097152K, used 1897739K [0x00007eca55000000, 0x00007ecad5000000, 0x00007ecad5000000)
  object space 2097152K, 90% used [0x00007eca55000000,0x00007ecac8d42cc8,0x00007ecad5000000)
 Metaspace       used 7360K, committed 7488K, reserved 8192K
}
Event: 14,760 GC heap before
{Heap before GC invocations=5 (full 2):
 PSYoungGen      total 917504K, used 440739K [0x00007ecad5000000, 0x00007ecb15000000, 0x00007ecb15000000)
  eden space 786432K, 56% used [0x00007ecad5000000,0x00007ecaefe68cd8,0x00007ecb05000000)
  from space 131072K, 0% used [0x00007ecb0d000000,0x00007ecb0d000000,0x00007ecb15000000)
  to   space 131072K, 0% used [0x00007ecb05000000,0x00007ecb05000000,0x00007ecb0d000000)
 ParOldGen       total 2097152K, used 1897739K [0x00007eca55000000, 0x00007ecad5000000, 0x00007ecad5000000)
  object space 2097152K, 90% used [0x00007eca55000000,0x00007ecac8d42cc8,0x00007ecad5000000)
 Metaspace       used 7394K, committed 7488K, reserved 8192K
}
Event: 34,679 GC heap after
{Heap after GC invocations=5 (full 2):
 PSYoungGen      total 917504K, used 0K [0x00007ecad5000000, 0x00007ecb15000000, 0x00007ecb15000000)
  eden space 786432K, 0% used [0x00007ecad5000000,0x00007ecad5000000,0x00007ecb05000000)
  from space 131072K, 0% used [0x00007ecb0d000000,0x00007ecb0d000000,0x00007ecb15000000)
  to   space 131072K, 0% used [0x00007ecb05000000,0x00007ecb05000000,0x00007ecb0d000000)
 ParOldGen       total 2097152K, used 1335471K [0x00007eca55000000, 0x00007ecad5000000, 0x00007ecad5000000)
  object space 2097152K, 63% used [0x00007eca55000000,0x00007ecaa682bce0,0x00007ecad5000000)
 Metaspace       used 7394K, committed 7488K, reserved 8192K
}
Event: 34,910 GC heap before
{Heap before GC invocations=6 (full 2):
 PSYoungGen      total 917504K, used 15264K [0x00007ecad5000000, 0x00007ecb15000000, 0x00007ecb15000000)
  eden space 786432K, 1% used [0x00007ecad5000000,0x00007ecad5ee8058,0x00007ecb05000000)
  from space 131072K, 0% used [0x00007ecb0d000000,0x00007ecb0d000000,0x00007ecb15000000)
  to   space 131072K, 0% used [0x00007ecb05000000,0x00007ecb05000000,0x00007ecb0d000000)
 ParOldGen       total 2097152K, used 1335471K [0x00007eca55000000, 0x00007ecad5000000, 0x00007ecad5000000)
  object space 2097152K, 63% used [0x00007eca55000000,0x00007ecaa682bce0,0x00007ecad5000000)
 Metaspace       used 7394K, committed 7488K, reserved 8192K
}
Event: 35,589 GC heap after
{Heap after GC invocations=6 (full 2):
 PSYoungGen      total 917504K, used 0K [0x00007ecad5000000, 0x00007ecb15000000, 0x00007ecb15000000)
  eden space 786432K, 0% used [0x00007ecad5000000,0x00007ecad5000000,0x00007ecb05000000)
  from space 131072K, 0% used [0x00007ecb05000000,0x00007ecb05000000,0x00007ecb0d000000)
  to   space 131072K, 0% used [0x00007ecb0d000000,0x00007ecb0d000000,0x00007ecb15000000)
 ParOldGen       total 2097152K, used 1335471K [0x00007eca55000000, 0x00007ecad5000000, 0x00007ecad5000000)
  object space 2097152K, 63% used [0x00007eca55000000,0x00007ecaa682bce0,0x00007ecad5000000)
 Metaspace       used 7394K, committed 7488K, reserved 8192K
}
Event: 35,589 GC heap before
{Heap before GC invocations=7 (full 3):
 PSYoungGen      total 917504K, used 0K [0x00007ecad5000000, 0x00007ecb15000000, 0x00007ecb15000000)
  eden space 786432K, 0% used [0x00007ecad5000000,0x00007ecad5000000,0x00007ecb05000000)
  from space 131072K, 0% used [0x00007ecb05000000,0x00007ecb05000000,0x00007ecb0d000000)
  to   space 131072K, 0% used [0x00007ecb0d000000,0x00007ecb0d000000,0x00007ecb15000000)
 ParOldGen       total 2097152K, used 1335471K [0x00007eca55000000, 0x00007ecad5000000, 0x00007ecad5000000)
  object space 2097152K, 63% used [0x00007eca55000000,0x00007ecaa682bce0,0x00007ecad5000000)
 Metaspace       used 7394K, committed 7488K, reserved 8192K
}
Event: 69,149 GC heap after
{Heap after GC invocations=7 (full 3):
 PSYoungGen      total 917504K, used 0K [0x00007ecad5000000, 0x00007ecb15000000, 0x00007ecb15000000)
  eden space 786432K, 0% used [0x00007ecad5000000,0x00007ecad5000000,0x00007ecb05000000)
  from space 131072K, 0% used [0x00007ecb05000000,0x00007ecb05000000,0x00007ecb0d000000)
  to   space 131072K, 0% used [0x00007ecb0d000000,0x00007ecb0d000000,0x00007ecb15000000)
 ParOldGen       total 2097152K, used 43975K [0x00007eca55000000, 0x00007ecad5000000, 0x00007ecad5000000)
  object space 2097152K, 2% used [0x00007eca55000000,0x00007eca57af1fa8,0x00007ecad5000000)
 Metaspace       used 7394K, committed 7488K, reserved 8192K
}
Event: 69,618 GC heap before
{Heap before GC invocations=8 (full 3):
 PSYoungGen      total 917504K, used 15264K [0x00007ecad5000000, 0x00007ecb15000000, 0x00007ecb15000000)
  eden space 786432K, 1% used [0x00007ecad5000000,0x00007ecad5ee8058,0x00007ecb05000000)
  from space 131072K, 0% used [0x00007ecb05000000,0x00007ecb05000000,0x00007ecb0d000000)
  to   space 131072K, 0% used [0x00007ecb0d000000,0x00007ecb0d000000,0x00007ecb15000000)
 ParOldGen       total 2097152K, used 43975K [0x00007eca55000000, 0x00007ecad5000000, 0x00007ecad5000000)
  object space 2097152K, 2% used [0x00007eca55000000,0x00007eca57af1fa8,0x00007ecad5000000)
 Metaspace       used 7394K, committed 7488K, reserved 8192K
}
Event: 70,308 GC heap after
{Heap after GC invocations=8 (full 3):
 PSYoungGen      total 917504K, used 0K [0x00007ecad5000000, 0x00007ecb15000000, 0x00007ecb15000000)
  eden space 786432K, 0% used [0x00007ecad5000000,0x00007ecad5000000,0x00007ecb05000000)
  from space 131072K, 0% used [0x00007ecb0d000000,0x00007ecb0d000000,0x00007ecb15000000)
  to   space 131072K, 0% used [0x00007ecb05000000,0x00007ecb05000000,0x00007ecb0d000000)
 ParOldGen       total 2097152K, used 43975K [0x00007eca55000000, 0x00007ecad5000000, 0x00007ecad5000000)
  object space 2097152K, 2% used [0x00007eca55000000,0x00007eca57af1fa8,0x00007ecad5000000)
 Metaspace       used 7394K, committed 7488K, reserved 8192K
}
Event: 70,308 GC heap before
{Heap before GC invocations=9 (full 4):
 PSYoungGen      total 917504K, used 0K [0x00007ecad5000000, 0x00007ecb15000000, 0x00007ecb15000000)
  eden space 786432K, 0% used [0x00007ecad5000000,0x00007ecad5000000,0x00007ecb05000000)
  from space 131072K, 0% used [0x00007ecb0d000000,0x00007ecb0d000000,0x00007ecb15000000)
  to   space 131072K, 0% used [0x00007ecb05000000,0x00007ecb05000000,0x00007ecb0d000000)
 ParOldGen       total 2097152K, used 43975K [0x00007eca55000000, 0x00007ecad5000000, 0x00007ecad5000000)
  object space 2097152K, 2% used [0x00007eca55000000,0x00007eca57af1fa8,0x00007ecad5000000)
 Metaspace       used 7394K, committed 7488K, reserved 8192K
}

