# JRE version: OpenJDK Runtime Environment (17.0.6) (build 17.0.6-internal+0-adhoc.konstdelis.jdk17u067)
# Java VM: OpenJDK 64-Bit Server VM (17.0.6-internal+0-adhoc.konstdelis.jdk17u067, mixed mode, tiered, parallel gc, linux-amd64)
GC Precious Log:
 CPUs: 32 total, 32 available
 Memory: 251G
 Large Page Support: Disabled
 NUMA Support: Disabled
 Compressed Oops: Disabled
 Alignments: Space 512K, Generation 512K, Heap 2M
 Heap Min Capacity: 3G
 Heap Initial Capacity: 3G
 Heap Max Capacity: 3G
 Pre-touch: Disabled
 Parallel Workers: 4
Heap:
 PSYoungGen      total 917504K, used 0K [0x00007f13e5000000, 0x00007f1425000000, 0x00007f1425000000)
  eden space 786432K, 0% used [0x00007f13e5000000,0x00007f13e5000000,0x00007f1415000000)
  from space 131072K, 0% used [0x00007f141d000000,0x00007f141d000000,0x00007f1425000000)
  to   space 131072K, 0% used [0x00007f1415000000,0x00007f1415000000,0x00007f141d000000)
 ParOldGen       total 2097152K, used 74146K [0x00007f1365000000, 0x00007f13e5000000, 0x00007f13e5000000)
  object space 2097152K, 3% used [0x00007f1365000000,0x00007f1369868828,0x00007f13e5000000)
 Metaspace       used 7110K, committed 7232K, reserved 8192K
GC Heap History (20 events):
Event: 0,952 GC heap after
{Heap after GC invocations=2 (full 1):
 PSYoungGen      total 917504K, used 0K [0x00007f13e5000000, 0x00007f1425000000, 0x00007f1425000000)
  eden space 786432K, 0% used [0x00007f13e5000000,0x00007f13e5000000,0x00007f1415000000)
  from space 131072K, 0% used [0x00007f1415000000,0x00007f1415000000,0x00007f141d000000)
  to   space 131072K, 0% used [0x00007f141d000000,0x00007f141d000000,0x00007f1425000000)
 ParOldGen       total 2097152K, used 49308K [0x00007f1365000000, 0x00007f13e5000000, 0x00007f13e5000000)
  object space 2097152K, 2% used [0x00007f1365000000,0x00007f1368027008,0x00007f13e5000000)
 Metaspace       used 7105K, committed 7232K, reserved 8192K
}
Event: 0,964 GC heap before
{Heap before GC invocations=3 (full 1):
 PSYoungGen      total 917504K, used 15728K [0x00007f13e5000000, 0x00007f1425000000, 0x00007f1425000000)
  eden space 786432K, 2% used [0x00007f13e5000000,0x00007f13e5f5c2c8,0x00007f1415000000)
  from space 131072K, 0% used [0x00007f1415000000,0x00007f1415000000,0x00007f141d000000)
  to   space 131072K, 0% used [0x00007f141d000000,0x00007f141d000000,0x00007f1425000000)
 ParOldGen       total 2097152K, used 49308K [0x00007f1365000000, 0x00007f13e5000000, 0x00007f13e5000000)
  object space 2097152K, 2% used [0x00007f1365000000,0x00007f1368027008,0x00007f13e5000000)
 Metaspace       used 7110K, committed 7232K, reserved 8192K
}
Event: 0,964 GC heap after
{Heap after GC invocations=3 (full 1):
 PSYoungGen      total 917504K, used 0K [0x00007f13e5000000, 0x00007f1425000000, 0x00007f1425000000)
  eden space 786432K, 0% used [0x00007f13e5000000,0x00007f13e5000000,0x00007f1415000000)
  from space 131072K, 0% used [0x00007f141d000000,0x00007f141d000000,0x00007f1425000000)
  to   space 131072K, 0% used [0x00007f1415000000,0x00007f1415000000,0x00007f141d000000)
 ParOldGen       total 2097152K, used 49308K [0x00007f1365000000, 0x00007f13e5000000, 0x00007f13e5000000)
  object space 2097152K, 2% used [0x00007f1365000000,0x00007f1368027008,0x00007f13e5000000)
 Metaspace       used 7110K, committed 7232K, reserved 8192K
}
Event: 0,964 GC heap before
{Heap before GC invocations=4 (full 2):
 PSYoungGen      total 917504K, used 0K [0x00007f13e5000000, 0x00007f1425000000, 0x00007f1425000000)
  eden space 786432K, 0% used [0x00007f13e5000000,0x00007f13e5000000,0x00007f1415000000)
  from space 131072K, 0% used [0x00007f141d000000,0x00007f141d000000,0x00007f1425000000)
  to   space 131072K, 0% used [0x00007f1415000000,0x00007f1415000000,0x00007f141d000000)
 ParOldGen       total 2097152K, used 49308K [0x00007f1365000000, 0x00007f13e5000000, 0x00007f13e5000000)
  object space 2097152K, 2% used [0x00007f1365000000,0x00007f1368027008,0x00007f13e5000000)
 Metaspace       used 7110K, committed 7232K, reserved 8192K
}
Event: 1,115 GC heap after
{Heap after GC invocations=4 (full 2):
 PSYoungGen      total 917504K, used 0K [0x00007f13e5000000, 0x00007f1425000000, 0x00007f1425000000)
  eden space 786432K, 0% used [0x00007f13e5000000,0x00007f13e5000000,0x00007f1415000000)
  from space 131072K, 0% used [0x00007f141d000000,0x00007f141d000000,0x00007f1425000000)
  to   space 131072K, 0% used [0x00007f1415000000,0x00007f1415000000,0x00007f141d000000)
 ParOldGen       total 2097152K, used 49062K [0x00007f1365000000, 0x00007f13e5000000, 0x00007f13e5000000)
  object space 2097152K, 2% used [0x00007f1365000000,0x00007f1367fe9b50,0x00007f13e5000000)
 Metaspace       used 7110K, committed 7232K, reserved 8192K
}
Event: 1,119 GC heap before
{Heap before GC invocations=5 (full 2):
 PSYoungGen      total 917504K, used 15728K [0x00007f13e5000000, 0x00007f1425000000, 0x00007f1425000000)
  eden space 786432K, 2% used [0x00007f13e5000000,0x00007f13e5f5c2c8,0x00007f1415000000)
  from space 131072K, 0% used [0x00007f141d000000,0x00007f141d000000,0x00007f1425000000)
  to   space 131072K, 0% used [0x00007f1415000000,0x00007f1415000000,0x00007f141d000000)
 ParOldGen       total 2097152K, used 49062K [0x00007f1365000000, 0x00007f13e5000000, 0x00007f13e5000000)
  object space 2097152K, 2% used [0x00007f1365000000,0x00007f1367fe9b50,0x00007f13e5000000)
 Metaspace       used 7110K, committed 7232K, reserved 8192K
}
Event: 1,120 GC heap after
{Heap after GC invocations=5 (full 2):
 PSYoungGen      total 917504K, used 0K [0x00007f13e5000000, 0x00007f1425000000, 0x00007f1425000000)
  eden space 786432K, 0% used [0x00007f13e5000000,0x00007f13e5000000,0x00007f1415000000)
  from space 131072K, 0% used [0x00007f1415000000,0x00007f1415000000,0x00007f141d000000)
  to   space 131072K, 0% used [0x00007f141d000000,0x00007f141d000000,0x00007f1425000000)
 ParOldGen       total 2097152K, used 49062K [0x00007f1365000000, 0x00007f13e5000000, 0x00007f13e5000000)
  object space 2097152K, 2% used [0x00007f1365000000,0x00007f1367fe9b50,0x00007f13e5000000)
 Metaspace       used 7110K, committed 7232K, reserved 8192K
}
Event: 1,120 GC heap before
{Heap before GC invocations=6 (full 3):
 PSYoungGen      total 917504K, used 0K [0x00007f13e5000000, 0x00007f1425000000, 0x00007f1425000000)
  eden space 786432K, 0% used [0x00007f13e5000000,0x00007f13e5000000,0x00007f1415000000)
  from space 131072K, 0% used [0x00007f1415000000,0x00007f1415000000,0x00007f141d000000)
  to   space 131072K, 0% used [0x00007f141d000000,0x00007f141d000000,0x00007f1425000000)
 ParOldGen       total 2097152K, used 49062K [0x00007f1365000000, 0x00007f13e5000000, 0x00007f13e5000000)
  object space 2097152K, 2% used [0x00007f1365000000,0x00007f1367fe9b50,0x00007f13e5000000)
 Metaspace       used 7110K, committed 7232K, reserved 8192K
}
Event: 1,692 GC heap after
{Heap after GC invocations=6 (full 3):
 PSYoungGen      total 917504K, used 0K [0x00007f13e5000000, 0x00007f1425000000, 0x00007f1425000000)
  eden space 786432K, 0% used [0x00007f13e5000000,0x00007f13e5000000,0x00007f1415000000)
  from space 131072K, 0% used [0x00007f1415000000,0x00007f1415000000,0x00007f141d000000)
  to   space 131072K, 0% used [0x00007f141d000000,0x00007f141d000000,0x00007f1425000000)
 ParOldGen       total 2097152K, used 111388K [0x00007f1365000000, 0x00007f13e5000000, 0x00007f13e5000000)
  object space 2097152K, 5% used [0x00007f1365000000,0x00007f136bcc7280,0x00007f13e5000000)
 Metaspace       used 7110K, committed 7232K, reserved 8192K
}
Event: 1,697 GC heap before
{Heap before GC invocations=7 (full 3):
 PSYoungGen      total 917504K, used 15728K [0x00007f13e5000000, 0x00007f1425000000, 0x00007f1425000000)
  eden space 786432K, 2% used [0x00007f13e5000000,0x00007f13e5f5c2c8,0x00007f1415000000)
  from space 131072K, 0% used [0x00007f1415000000,0x00007f1415000000,0x00007f141d000000)
  to   space 131072K, 0% used [0x00007f141d000000,0x00007f141d000000,0x00007f1425000000)
 ParOldGen       total 2097152K, used 111388K [0x00007f1365000000, 0x00007f13e5000000, 0x00007f13e5000000)
  object space 2097152K, 5% used [0x00007f1365000000,0x00007f136bcc7280,0x00007f13e5000000)
 Metaspace       used 7110K, committed 7232K, reserved 8192K
}
Event: 1,698 GC heap after
{Heap after GC invocations=7 (full 3):
 PSYoungGen      total 917504K, used 0K [0x00007f13e5000000, 0x00007f1425000000, 0x00007f1425000000)
  eden space 786432K, 0% used [0x00007f13e5000000,0x00007f13e5000000,0x00007f1415000000)
  from space 131072K, 0% used [0x00007f141d000000,0x00007f141d000000,0x00007f1425000000)
  to   space 131072K, 0% used [0x00007f1415000000,0x00007f1415000000,0x00007f141d000000)
 ParOldGen       total 2097152K, used 111388K [0x00007f1365000000, 0x00007f13e5000000, 0x00007f13e5000000)
  object space 2097152K, 5% used [0x00007f1365000000,0x00007f136bcc7280,0x00007f13e5000000)
 Metaspace       used 7110K, committed 7232K, reserved 8192K
}
Event: 1,698 GC heap before
{Heap before GC invocations=8 (full 4):
 PSYoungGen      total 917504K, used 0K [0x00007f13e5000000, 0x00007f1425000000, 0x00007f1425000000)
  eden space 786432K, 0% used [0x00007f13e5000000,0x00007f13e5000000,0x00007f1415000000)
  from space 131072K, 0% used [0x00007f141d000000,0x00007f141d000000,0x00007f1425000000)
  to   space 131072K, 0% used [0x00007f1415000000,0x00007f1415000000,0x00007f141d000000)
 ParOldGen       total 2097152K, used 111388K [0x00007f1365000000, 0x00007f13e5000000, 0x00007f13e5000000)
  object space 2097152K, 5% used [0x00007f1365000000,0x00007f136bcc7280,0x00007f13e5000000)
 Metaspace       used 7110K, committed 7232K, reserved 8192K
}
Event: 2,058 GC heap after
{Heap after GC invocations=8 (full 4):
 PSYoungGen      total 917504K, used 0K [0x00007f13e5000000, 0x00007f1425000000, 0x00007f1425000000)
  eden space 786432K, 0% used [0x00007f13e5000000,0x00007f13e5000000,0x00007f1415000000)
  from space 131072K, 0% used [0x00007f141d000000,0x00007f141d000000,0x00007f1425000000)
  to   space 131072K, 0% used [0x00007f1415000000,0x00007f1415000000,0x00007f141d000000)
 ParOldGen       total 2097152K, used 49702K [0x00007f1365000000, 0x00007f13e5000000, 0x00007f13e5000000)
  object space 2097152K, 2% used [0x00007f1365000000,0x00007f1368089b50,0x00007f13e5000000)
 Metaspace       used 7110K, committed 7232K, reserved 8192K
}
Event: 2,104 GC heap before
{Heap before GC invocations=9 (full 4):
 PSYoungGen      total 917504K, used 88139K [0x00007f13e5000000, 0x00007f1425000000, 0x00007f1425000000)
  eden space 786432K, 11% used [0x00007f13e5000000,0x00007f13ea612dc0,0x00007f1415000000)
  from space 131072K, 0% used [0x00007f141d000000,0x00007f141d000000,0x00007f1425000000)
  to   space 131072K, 0% used [0x00007f1415000000,0x00007f1415000000,0x00007f141d000000)
 ParOldGen       total 2097152K, used 49702K [0x00007f1365000000, 0x00007f13e5000000, 0x00007f13e5000000)
  object space 2097152K, 2% used [0x00007f1365000000,0x00007f1368089b50,0x00007f13e5000000)
 Metaspace       used 7110K, committed 7232K, reserved 8192K
}
Event: 2,134 GC heap after
{Heap after GC invocations=9 (full 4):
 PSYoungGen      total 917504K, used 63576K [0x00007f13e5000000, 0x00007f1425000000, 0x00007f1425000000)
  eden space 786432K, 0% used [0x00007f13e5000000,0x00007f13e5000000,0x00007f1415000000)
  from space 131072K, 48% used [0x00007f1415000000,0x00007f1418e16018,0x00007f141d000000)
  to   space 131072K, 0% used [0x00007f141d000000,0x00007f141d000000,0x00007f1425000000)
 ParOldGen       total 2097152K, used 49710K [0x00007f1365000000, 0x00007f13e5000000, 0x00007f13e5000000)
  object space 2097152K, 2% used [0x00007f1365000000,0x00007f136808bb50,0x00007f13e5000000)
 Metaspace       used 7110K, committed 7232K, reserved 8192K
}
Event: 2,134 GC heap before
{Heap before GC invocations=10 (full 5):
 PSYoungGen      total 917504K, used 63576K [0x00007f13e5000000, 0x00007f1425000000, 0x00007f1425000000)
  eden space 786432K, 0% used [0x00007f13e5000000,0x00007f13e5000000,0x00007f1415000000)
  from space 131072K, 48% used [0x00007f1415000000,0x00007f1418e16018,0x00007f141d000000)
  to   space 131072K, 0% used [0x00007f141d000000,0x00007f141d000000,0x00007f1425000000)
 ParOldGen       total 2097152K, used 49710K [0x00007f1365000000, 0x00007f13e5000000, 0x00007f13e5000000)
  object space 2097152K, 2% used [0x00007f1365000000,0x00007f136808bb50,0x00007f13e5000000)
 Metaspace       used 7110K, committed 7232K, reserved 8192K
}
Event: 2,652 GC heap after
{Heap after GC invocations=10 (full 5):
 PSYoungGen      total 917504K, used 0K [0x00007f13e5000000, 0x00007f1425000000, 0x00007f1425000000)
  eden space 786432K, 0% used [0x00007f13e5000000,0x00007f13e5000000,0x00007f1415000000)
  from space 131072K, 0% used [0x00007f1415000000,0x00007f1415000000,0x00007f141d000000)
  to   space 131072K, 0% used [0x00007f141d000000,0x00007f141d000000,0x00007f1425000000)
 ParOldGen       total 2097152K, used 74146K [0x00007f1365000000, 0x00007f13e5000000, 0x00007f13e5000000)
  object space 2097152K, 3% used [0x00007f1365000000,0x00007f1369868828,0x00007f13e5000000)
 Metaspace       used 7110K, committed 7232K, reserved 8192K
}
Event: 2,657 GC heap before
{Heap before GC invocations=11 (full 5):
 PSYoungGen      total 917504K, used 15728K [0x00007f13e5000000, 0x00007f1425000000, 0x00007f1425000000)
  eden space 786432K, 2% used [0x00007f13e5000000,0x00007f13e5f5c2c8,0x00007f1415000000)
  from space 131072K, 0% used [0x00007f1415000000,0x00007f1415000000,0x00007f141d000000)
  to   space 131072K, 0% used [0x00007f141d000000,0x00007f141d000000,0x00007f1425000000)
 ParOldGen       total 2097152K, used 74146K [0x00007f1365000000, 0x00007f13e5000000, 0x00007f13e5000000)
  object space 2097152K, 3% used [0x00007f1365000000,0x00007f1369868828,0x00007f13e5000000)
 Metaspace       used 7110K, committed 7232K, reserved 8192K
}
Event: 2,659 GC heap after
{Heap after GC invocations=11 (full 5):
 PSYoungGen      total 917504K, used 0K [0x00007f13e5000000, 0x00007f1425000000, 0x00007f1425000000)
  eden space 786432K, 0% used [0x00007f13e5000000,0x00007f13e5000000,0x00007f1415000000)
  from space 131072K, 0% used [0x00007f141d000000,0x00007f141d000000,0x00007f1425000000)
  to   space 131072K, 0% used [0x00007f1415000000,0x00007f1415000000,0x00007f141d000000)
 ParOldGen       total 2097152K, used 74146K [0x00007f1365000000, 0x00007f13e5000000, 0x00007f13e5000000)
  object space 2097152K, 3% used [0x00007f1365000000,0x00007f1369868828,0x00007f13e5000000)
 Metaspace       used 7110K, committed 7232K, reserved 8192K
}
Event: 2,659 GC heap before
{Heap before GC invocations=12 (full 6):
 PSYoungGen      total 917504K, used 0K [0x00007f13e5000000, 0x00007f1425000000, 0x00007f1425000000)
  eden space 786432K, 0% used [0x00007f13e5000000,0x00007f13e5000000,0x00007f1415000000)
  from space 131072K, 0% used [0x00007f141d000000,0x00007f141d000000,0x00007f1425000000)
  to   space 131072K, 0% used [0x00007f1415000000,0x00007f1415000000,0x00007f141d000000)
 ParOldGen       total 2097152K, used 74146K [0x00007f1365000000, 0x00007f13e5000000, 0x00007f13e5000000)
  object space 2097152K, 3% used [0x00007f1365000000,0x00007f1369868828,0x00007f13e5000000)
 Metaspace       used 7110K, committed 7232K, reserved 8192K
}

