# JRE version: OpenJDK Runtime Environment (17.0.6) (fastdebug build 17.0.6-internal+0-adhoc.konstdelis.jdk17u067)
# Java VM: OpenJDK 64-Bit Server VM (fastdebug 17.0.6-internal+0-adhoc.konstdelis.jdk17u067, mixed mode, tiered, parallel gc, linux-amd64)
GC Precious Log:
 CPUs: 32 total, 32 available
 Memory: 251G
 Large Page Support: Disabled
 NUMA Support: Disabled
 Compressed Oops: Disabled
 Alignments: Space 512K, Generation 512K, Heap 2M
 Heap Min Capacity: 3G
 Heap Initial Capacity: 3G
 Heap Max Capacity: 3G
 Pre-touch: Disabled
 Parallel Workers: 8
Heap:
 PSYoungGen      total 917504K, used 31457K [0x00007f32ed000000, 0x00007f332d000000, 0x00007f332d000000)
  eden space 786432K, 4% used [0x00007f32ed000000,0x00007f32eeeb86f8,0x00007f331d000000)
  from space 131072K, 0% used [0x00007f3325000000,0x00007f3325000000,0x00007f332d000000)
  to   space 131072K, 0% used [0x00007f331d000000,0x00007f331d000000,0x00007f3325000000)
 ParOldGen       total 2097152K, used 286278K [0x00007f326d000000, 0x00007f32ed000000, 0x00007f32ed000000)
  object space 2097152K, 13% used [0x00007f326d000000,0x00007f327e791ad0,0x00007f32ed000000)
 Metaspace       used 7425K, committed 7488K, reserved 8192K
GC Heap History (20 events):
Event: 4,410 GC heap before
{Heap before GC invocations=3 (full 1):
 PSYoungGen      total 917504K, used 15728K [0x00007f32ed000000, 0x00007f332d000000, 0x00007f332d000000)
  eden space 786432K, 2% used [0x00007f32ed000000,0x00007f32edf5c2c8,0x00007f331d000000)
  from space 131072K, 0% used [0x00007f331d000000,0x00007f331d000000,0x00007f3325000000)
  to   space 131072K, 0% used [0x00007f3325000000,0x00007f3325000000,0x00007f332d000000)
 ParOldGen       total 2097152K, used 190104K [0x00007f326d000000, 0x00007f32ed000000, 0x00007f32ed000000)
  object space 2097152K, 9% used [0x00007f326d000000,0x00007f32789a60d8,0x00007f32ed000000)
 Metaspace       used 7422K, committed 7488K, reserved 8192K
}
Event: 4,442 GC heap after
{Heap after GC invocations=3 (full 1):
 PSYoungGen      total 917504K, used 0K [0x00007f32ed000000, 0x00007f332d000000, 0x00007f332d000000)
  eden space 786432K, 0% used [0x00007f32ed000000,0x00007f32ed000000,0x00007f331d000000)
  from space 131072K, 0% used [0x00007f3325000000,0x00007f3325000000,0x00007f332d000000)
  to   space 131072K, 0% used [0x00007f331d000000,0x00007f331d000000,0x00007f3325000000)
 ParOldGen       total 2097152K, used 190104K [0x00007f326d000000, 0x00007f32ed000000, 0x00007f32ed000000)
  object space 2097152K, 9% used [0x00007f326d000000,0x00007f32789a60d8,0x00007f32ed000000)
 Metaspace       used 7422K, committed 7488K, reserved 8192K
}
Event: 4,442 GC heap before
{Heap before GC invocations=4 (full 2):
 PSYoungGen      total 917504K, used 0K [0x00007f32ed000000, 0x00007f332d000000, 0x00007f332d000000)
  eden space 786432K, 0% used [0x00007f32ed000000,0x00007f32ed000000,0x00007f331d000000)
  from space 131072K, 0% used [0x00007f3325000000,0x00007f3325000000,0x00007f332d000000)
  to   space 131072K, 0% used [0x00007f331d000000,0x00007f331d000000,0x00007f3325000000)
 ParOldGen       total 2097152K, used 190104K [0x00007f326d000000, 0x00007f32ed000000, 0x00007f32ed000000)
  object space 2097152K, 9% used [0x00007f326d000000,0x00007f32789a60d8,0x00007f32ed000000)
 Metaspace       used 7422K, committed 7488K, reserved 8192K
}
Event: 5,875 GC heap after
{Heap after GC invocations=4 (full 2):
 PSYoungGen      total 917504K, used 0K [0x00007f32ed000000, 0x00007f332d000000, 0x00007f332d000000)
  eden space 786432K, 0% used [0x00007f32ed000000,0x00007f32ed000000,0x00007f331d000000)
  from space 131072K, 0% used [0x00007f3325000000,0x00007f3325000000,0x00007f332d000000)
  to   space 131072K, 0% used [0x00007f331d000000,0x00007f331d000000,0x00007f3325000000)
 ParOldGen       total 2097152K, used 223507K [0x00007f326d000000, 0x00007f32ed000000, 0x00007f32ed000000)
  object space 2097152K, 10% used [0x00007f326d000000,0x00007f327aa44e38,0x00007f32ed000000)
 Metaspace       used 7422K, committed 7488K, reserved 8192K
}
Event: 5,885 GC heap before
{Heap before GC invocations=5 (full 2):
 PSYoungGen      total 917504K, used 15728K [0x00007f32ed000000, 0x00007f332d000000, 0x00007f332d000000)
  eden space 786432K, 2% used [0x00007f32ed000000,0x00007f32edf5c2c8,0x00007f331d000000)
  from space 131072K, 0% used [0x00007f3325000000,0x00007f3325000000,0x00007f332d000000)
  to   space 131072K, 0% used [0x00007f331d000000,0x00007f331d000000,0x00007f3325000000)
 ParOldGen       total 2097152K, used 223507K [0x00007f326d000000, 0x00007f32ed000000, 0x00007f32ed000000)
  object space 2097152K, 10% used [0x00007f326d000000,0x00007f327aa44e38,0x00007f32ed000000)
 Metaspace       used 7422K, committed 7488K, reserved 8192K
}
Event: 5,889 GC heap after
{Heap after GC invocations=5 (full 2):
 PSYoungGen      total 917504K, used 0K [0x00007f32ed000000, 0x00007f332d000000, 0x00007f332d000000)
  eden space 786432K, 0% used [0x00007f32ed000000,0x00007f32ed000000,0x00007f331d000000)
  from space 131072K, 0% used [0x00007f331d000000,0x00007f331d000000,0x00007f3325000000)
  to   space 131072K, 0% used [0x00007f3325000000,0x00007f3325000000,0x00007f332d000000)
 ParOldGen       total 2097152K, used 223507K [0x00007f326d000000, 0x00007f32ed000000, 0x00007f32ed000000)
  object space 2097152K, 10% used [0x00007f326d000000,0x00007f327aa44e38,0x00007f32ed000000)
 Metaspace       used 7422K, committed 7488K, reserved 8192K
}
Event: 5,889 GC heap before
{Heap before GC invocations=6 (full 3):
 PSYoungGen      total 917504K, used 0K [0x00007f32ed000000, 0x00007f332d000000, 0x00007f332d000000)
  eden space 786432K, 0% used [0x00007f32ed000000,0x00007f32ed000000,0x00007f331d000000)
  from space 131072K, 0% used [0x00007f331d000000,0x00007f331d000000,0x00007f3325000000)
  to   space 131072K, 0% used [0x00007f3325000000,0x00007f3325000000,0x00007f332d000000)
 ParOldGen       total 2097152K, used 223507K [0x00007f326d000000, 0x00007f32ed000000, 0x00007f32ed000000)
  object space 2097152K, 10% used [0x00007f326d000000,0x00007f327aa44e38,0x00007f32ed000000)
 Metaspace       used 7422K, committed 7488K, reserved 8192K
}
Event: 7,310 GC heap after
{Heap after GC invocations=6 (full 3):
 PSYoungGen      total 917504K, used 0K [0x00007f32ed000000, 0x00007f332d000000, 0x00007f332d000000)
  eden space 786432K, 0% used [0x00007f32ed000000,0x00007f32ed000000,0x00007f331d000000)
  from space 131072K, 0% used [0x00007f331d000000,0x00007f331d000000,0x00007f3325000000)
  to   space 131072K, 0% used [0x00007f3325000000,0x00007f3325000000,0x00007f332d000000)
 ParOldGen       total 2097152K, used 256916K [0x00007f326d000000, 0x00007f32ed000000, 0x00007f32ed000000)
  object space 2097152K, 12% used [0x00007f326d000000,0x00007f327cae5018,0x00007f32ed000000)
 Metaspace       used 7422K, committed 7488K, reserved 8192K
}
Event: 7,319 GC heap before
{Heap before GC invocations=7 (full 3):
 PSYoungGen      total 917504K, used 15728K [0x00007f32ed000000, 0x00007f332d000000, 0x00007f332d000000)
  eden space 786432K, 2% used [0x00007f32ed000000,0x00007f32edf5c2c8,0x00007f331d000000)
  from space 131072K, 0% used [0x00007f331d000000,0x00007f331d000000,0x00007f3325000000)
  to   space 131072K, 0% used [0x00007f3325000000,0x00007f3325000000,0x00007f332d000000)
 ParOldGen       total 2097152K, used 256916K [0x00007f326d000000, 0x00007f32ed000000, 0x00007f32ed000000)
  object space 2097152K, 12% used [0x00007f326d000000,0x00007f327cae5018,0x00007f32ed000000)
 Metaspace       used 7422K, committed 7488K, reserved 8192K
}
Event: 7,323 GC heap after
{Heap after GC invocations=7 (full 3):
 PSYoungGen      total 917504K, used 0K [0x00007f32ed000000, 0x00007f332d000000, 0x00007f332d000000)
  eden space 786432K, 0% used [0x00007f32ed000000,0x00007f32ed000000,0x00007f331d000000)
  from space 131072K, 0% used [0x00007f3325000000,0x00007f3325000000,0x00007f332d000000)
  to   space 131072K, 0% used [0x00007f331d000000,0x00007f331d000000,0x00007f3325000000)
 ParOldGen       total 2097152K, used 256916K [0x00007f326d000000, 0x00007f32ed000000, 0x00007f32ed000000)
  object space 2097152K, 12% used [0x00007f326d000000,0x00007f327cae5018,0x00007f32ed000000)
 Metaspace       used 7422K, committed 7488K, reserved 8192K
}
Event: 7,324 GC heap before
{Heap before GC invocations=8 (full 4):
 PSYoungGen      total 917504K, used 0K [0x00007f32ed000000, 0x00007f332d000000, 0x00007f332d000000)
  eden space 786432K, 0% used [0x00007f32ed000000,0x00007f32ed000000,0x00007f331d000000)
  from space 131072K, 0% used [0x00007f3325000000,0x00007f3325000000,0x00007f332d000000)
  to   space 131072K, 0% used [0x00007f331d000000,0x00007f331d000000,0x00007f3325000000)
 ParOldGen       total 2097152K, used 256916K [0x00007f326d000000, 0x00007f32ed000000, 0x00007f32ed000000)
  object space 2097152K, 12% used [0x00007f326d000000,0x00007f327cae5018,0x00007f32ed000000)
 Metaspace       used 7422K, committed 7488K, reserved 8192K
}
Event: 8,849 GC heap after
{Heap after GC invocations=8 (full 4):
 PSYoungGen      total 917504K, used 0K [0x00007f32ed000000, 0x00007f332d000000, 0x00007f332d000000)
  eden space 786432K, 0% used [0x00007f32ed000000,0x00007f32ed000000,0x00007f331d000000)
  from space 131072K, 0% used [0x00007f3325000000,0x00007f3325000000,0x00007f332d000000)
  to   space 131072K, 0% used [0x00007f331d000000,0x00007f331d000000,0x00007f3325000000)
 ParOldGen       total 2097152K, used 315245K [0x00007f326d000000, 0x00007f32ed000000, 0x00007f32ed000000)
  object space 2097152K, 15% used [0x00007f326d000000,0x00007f32803db590,0x00007f32ed000000)
 Metaspace       used 7422K, committed 7488K, reserved 8192K
}
Event: 8,960 GC heap before
{Heap before GC invocations=9 (full 4):
 PSYoungGen      total 917504K, used 161439K [0x00007f32ed000000, 0x00007f332d000000, 0x00007f332d000000)
  eden space 786432K, 20% used [0x00007f32ed000000,0x00007f32f6da7e18,0x00007f331d000000)
  from space 131072K, 0% used [0x00007f3325000000,0x00007f3325000000,0x00007f332d000000)
  to   space 131072K, 0% used [0x00007f331d000000,0x00007f331d000000,0x00007f3325000000)
 ParOldGen       total 2097152K, used 315245K [0x00007f326d000000, 0x00007f32ed000000, 0x00007f32ed000000)
  object space 2097152K, 15% used [0x00007f326d000000,0x00007f32803db590,0x00007f32ed000000)
 Metaspace       used 7422K, committed 7488K, reserved 8192K
}
Event: 9,130 GC heap after
{Heap after GC invocations=9 (full 4):
 PSYoungGen      total 917504K, used 130262K [0x00007f32ed000000, 0x00007f332d000000, 0x00007f332d000000)
  eden space 786432K, 0% used [0x00007f32ed000000,0x00007f32ed000000,0x00007f331d000000)
  from space 131072K, 99% used [0x00007f331d000000,0x00007f3324f35808,0x00007f3325000000)
  to   space 131072K, 0% used [0x00007f3325000000,0x00007f3325000000,0x00007f332d000000)
 ParOldGen       total 2097152K, used 315253K [0x00007f326d000000, 0x00007f32ed000000, 0x00007f32ed000000)
  object space 2097152K, 15% used [0x00007f326d000000,0x00007f32803dd590,0x00007f32ed000000)
 Metaspace       used 7422K, committed 7488K, reserved 8192K
}
Event: 9,131 GC heap before
{Heap before GC invocations=10 (full 5):
 PSYoungGen      total 917504K, used 130262K [0x00007f32ed000000, 0x00007f332d000000, 0x00007f332d000000)
  eden space 786432K, 0% used [0x00007f32ed000000,0x00007f32ed000000,0x00007f331d000000)
  from space 131072K, 99% used [0x00007f331d000000,0x00007f3324f35808,0x00007f3325000000)
  to   space 131072K, 0% used [0x00007f3325000000,0x00007f3325000000,0x00007f332d000000)
 ParOldGen       total 2097152K, used 315253K [0x00007f326d000000, 0x00007f32ed000000, 0x00007f32ed000000)
  object space 2097152K, 15% used [0x00007f326d000000,0x00007f32803dd590,0x00007f32ed000000)
 Metaspace       used 7422K, committed 7488K, reserved 8192K
}
Event: 11,343 GC heap after
{Heap after GC invocations=10 (full 5):
 PSYoungGen      total 917504K, used 0K [0x00007f32ed000000, 0x00007f332d000000, 0x00007f332d000000)
  eden space 786432K, 0% used [0x00007f32ed000000,0x00007f32ed000000,0x00007f331d000000)
  from space 131072K, 0% used [0x00007f331d000000,0x00007f331d000000,0x00007f3325000000)
  to   space 131072K, 0% used [0x00007f3325000000,0x00007f3325000000,0x00007f332d000000)
 ParOldGen       total 2097152K, used 440408K [0x00007f326d000000, 0x00007f32ed000000, 0x00007f32ed000000)
  object space 2097152K, 21% used [0x00007f326d000000,0x00007f3287e161f0,0x00007f32ed000000)
 Metaspace       used 7422K, committed 7488K, reserved 8192K
}
Event: 11,352 GC heap before
{Heap before GC invocations=11 (full 5):
 PSYoungGen      total 917504K, used 15728K [0x00007f32ed000000, 0x00007f332d000000, 0x00007f332d000000)
  eden space 786432K, 2% used [0x00007f32ed000000,0x00007f32edf5c2c8,0x00007f331d000000)
  from space 131072K, 0% used [0x00007f331d000000,0x00007f331d000000,0x00007f3325000000)
  to   space 131072K, 0% used [0x00007f3325000000,0x00007f3325000000,0x00007f332d000000)
 ParOldGen       total 2097152K, used 440408K [0x00007f326d000000, 0x00007f32ed000000, 0x00007f32ed000000)
  object space 2097152K, 21% used [0x00007f326d000000,0x00007f3287e161f0,0x00007f32ed000000)
 Metaspace       used 7422K, committed 7488K, reserved 8192K
}
Event: 11,412 GC heap after
{Heap after GC invocations=11 (full 5):
 PSYoungGen      total 917504K, used 0K [0x00007f32ed000000, 0x00007f332d000000, 0x00007f332d000000)
  eden space 786432K, 0% used [0x00007f32ed000000,0x00007f32ed000000,0x00007f331d000000)
  from space 131072K, 0% used [0x00007f3325000000,0x00007f3325000000,0x00007f332d000000)
  to   space 131072K, 0% used [0x00007f331d000000,0x00007f331d000000,0x00007f3325000000)
 ParOldGen       total 2097152K, used 440408K [0x00007f326d000000, 0x00007f32ed000000, 0x00007f32ed000000)
  object space 2097152K, 21% used [0x00007f326d000000,0x00007f3287e161f0,0x00007f32ed000000)
 Metaspace       used 7422K, committed 7488K, reserved 8192K
}
Event: 11,413 GC heap before
{Heap before GC invocations=12 (full 6):
 PSYoungGen      total 917504K, used 0K [0x00007f32ed000000, 0x00007f332d000000, 0x00007f332d000000)
  eden space 786432K, 0% used [0x00007f32ed000000,0x00007f32ed000000,0x00007f331d000000)
  from space 131072K, 0% used [0x00007f3325000000,0x00007f3325000000,0x00007f332d000000)
  to   space 131072K, 0% used [0x00007f331d000000,0x00007f331d000000,0x00007f3325000000)
 ParOldGen       total 2097152K, used 440408K [0x00007f326d000000, 0x00007f32ed000000, 0x00007f32ed000000)
  object space 2097152K, 21% used [0x00007f326d000000,0x00007f3287e161f0,0x00007f32ed000000)
 Metaspace       used 7422K, committed 7488K, reserved 8192K
}
Event: 12,967 GC heap after
{Heap after GC invocations=12 (full 6):
 PSYoungGen      total 917504K, used 0K [0x00007f32ed000000, 0x00007f332d000000, 0x00007f332d000000)
  eden space 786432K, 0% used [0x00007f32ed000000,0x00007f32ed000000,0x00007f331d000000)
  from space 131072K, 0% used [0x00007f3325000000,0x00007f3325000000,0x00007f332d000000)
  to   space 131072K, 0% used [0x00007f331d000000,0x00007f331d000000,0x00007f3325000000)
 ParOldGen       total 2097152K, used 286278K [0x00007f326d000000, 0x00007f32ed000000, 0x00007f32ed000000)
  object space 2097152K, 13% used [0x00007f326d000000,0x00007f327e791ad0,0x00007f32ed000000)
 Metaspace       used 7422K, committed 7488K, reserved 8192K
}

