# JRE version: OpenJDK Runtime Environment (17.0.6) (fastdebug build 17.0.6-internal+0-adhoc.konstdelis.jdk17u067)
# Java VM: OpenJDK 64-Bit Server VM (fastdebug 17.0.6-internal+0-adhoc.konstdelis.jdk17u067, mixed mode, tiered, parallel gc, linux-amd64)
GC Precious Log:
 CPUs: 32 total, 32 available
 Memory: 251G
 Large Page Support: Disabled
 NUMA Support: Disabled
 Compressed Oops: Disabled
 Alignments: Space 512K, Generation 512K, Heap 2M
 Heap Min Capacity: 3G
 Heap Initial Capacity: 3G
 Heap Max Capacity: 3G
 Pre-touch: Disabled
 Parallel Workers: 8
Heap:
 PSYoungGen      total 917504K, used 484265K [0x00007f50a0c00000, 0x00007f50e0c00000, 0x00007f50e0c00000)
  eden space 786432K, 61% used [0x00007f50a0c00000,0x00007f50be4ea590,0x00007f50d0c00000)
  from space 131072K, 0% used [0x00007f50d0c00000,0x00007f50d0c00000,0x00007f50d8c00000)
  to   space 131072K, 0% used [0x00007f50d8c00000,0x00007f50d8c00000,0x00007f50e0c00000)
 ParOldGen       total 2097152K, used 2096991K [0x00007f5020c00000, 0x00007f50a0c00000, 0x00007f50a0c00000)
  object space 2097152K, 99% used [0x00007f5020c00000,0x00007f50a0bd7dc0,0x00007f50a0c00000)
 Metaspace       used 7360K, committed 7488K, reserved 8192K
GC Heap History (20 events):
Event: 14,409 GC heap after
{Heap after GC invocations=4 (full 1):
 PSYoungGen      total 917504K, used 0K [0x00007f50a0c00000, 0x00007f50e0c00000, 0x00007f50e0c00000)
  eden space 786432K, 0% used [0x00007f50a0c00000,0x00007f50a0c00000,0x00007f50d0c00000)
  from space 131072K, 0% used [0x00007f50d8c00000,0x00007f50d8c00000,0x00007f50e0c00000)
  to   space 131072K, 0% used [0x00007f50d0c00000,0x00007f50d0c00000,0x00007f50d8c00000)
 ParOldGen       total 2097152K, used 1935677K [0x00007f5020c00000, 0x00007f50a0c00000, 0x00007f50a0c00000)
  object space 2097152K, 92% used [0x00007f5020c00000,0x00007f5096e4f6d0,0x00007f50a0c00000)
 Metaspace       used 7360K, committed 7488K, reserved 8192K
}
Event: 14,763 GC heap before
{Heap before GC invocations=5 (full 2):
 PSYoungGen      total 917504K, used 786432K [0x00007f50a0c00000, 0x00007f50e0c00000, 0x00007f50e0c00000)
  eden space 786432K, 100% used [0x00007f50a0c00000,0x00007f50d0c00000,0x00007f50d0c00000)
  from space 131072K, 0% used [0x00007f50d8c00000,0x00007f50d8c00000,0x00007f50e0c00000)
  to   space 131072K, 0% used [0x00007f50d0c00000,0x00007f50d0c00000,0x00007f50d8c00000)
 ParOldGen       total 2097152K, used 1935677K [0x00007f5020c00000, 0x00007f50a0c00000, 0x00007f50a0c00000)
  object space 2097152K, 92% used [0x00007f5020c00000,0x00007f5096e4f6d0,0x00007f50a0c00000)
 Metaspace       used 7360K, committed 7488K, reserved 8192K
}
Event: 21,600 GC heap after
{Heap after GC invocations=5 (full 2):
 PSYoungGen      total 917504K, used 462839K [0x00007f50a0c00000, 0x00007f50e0c00000, 0x00007f50e0c00000)
  eden space 786432K, 58% used [0x00007f50a0c00000,0x00007f50bcffde18,0x00007f50d0c00000)
  from space 131072K, 0% used [0x00007f50d0c00000,0x00007f50d0c00000,0x00007f50d8c00000)
  to   space 131072K, 0% used [0x00007f50d8c00000,0x00007f50d8c00000,0x00007f50e0c00000)
 ParOldGen       total 2097152K, used 2097002K [0x00007f5020c00000, 0x00007f50a0c00000, 0x00007f50a0c00000)
  object space 2097152K, 99% used [0x00007f5020c00000,0x00007f50a0bda830,0x00007f50a0c00000)
 Metaspace       used 7360K, committed 7488K, reserved 8192K
}
Event: 21,775 GC heap before
{Heap before GC invocations=6 (full 3):
 PSYoungGen      total 917504K, used 786432K [0x00007f50a0c00000, 0x00007f50e0c00000, 0x00007f50e0c00000)
  eden space 786432K, 100% used [0x00007f50a0c00000,0x00007f50d0c00000,0x00007f50d0c00000)
  from space 131072K, 0% used [0x00007f50d0c00000,0x00007f50d0c00000,0x00007f50d8c00000)
  to   space 131072K, 0% used [0x00007f50d8c00000,0x00007f50d8c00000,0x00007f50e0c00000)
 ParOldGen       total 2097152K, used 2097002K [0x00007f5020c00000, 0x00007f50a0c00000, 0x00007f50a0c00000)
  object space 2097152K, 99% used [0x00007f5020c00000,0x00007f50a0bda830,0x00007f50a0c00000)
 Metaspace       used 7360K, committed 7488K, reserved 8192K
}
Event: 30,934 GC heap after
{Heap after GC invocations=6 (full 3):
 PSYoungGen      total 917504K, used 786419K [0x00007f50a0c00000, 0x00007f50e0c00000, 0x00007f50e0c00000)
  eden space 786432K, 99% used [0x00007f50a0c00000,0x00007f50d0bfced0,0x00007f50d0c00000)
  from space 131072K, 0% used [0x00007f50d8c00000,0x00007f50d8c00000,0x00007f50e0c00000)
  to   space 131072K, 0% used [0x00007f50d0c00000,0x00007f50d0c00000,0x00007f50d8c00000)
 ParOldGen       total 2097152K, used 2097002K [0x00007f5020c00000, 0x00007f50a0c00000, 0x00007f50a0c00000)
  object space 2097152K, 99% used [0x00007f5020c00000,0x00007f50a0bda830,0x00007f50a0c00000)
 Metaspace       used 7360K, committed 7488K, reserved 8192K
}
Event: 30,935 GC heap before
{Heap before GC invocations=7 (full 4):
 PSYoungGen      total 917504K, used 786432K [0x00007f50a0c00000, 0x00007f50e0c00000, 0x00007f50e0c00000)
  eden space 786432K, 100% used [0x00007f50a0c00000,0x00007f50d0c00000,0x00007f50d0c00000)
  from space 131072K, 0% used [0x00007f50d8c00000,0x00007f50d8c00000,0x00007f50e0c00000)
  to   space 131072K, 0% used [0x00007f50d0c00000,0x00007f50d0c00000,0x00007f50d8c00000)
 ParOldGen       total 2097152K, used 2097002K [0x00007f5020c00000, 0x00007f50a0c00000, 0x00007f50a0c00000)
  object space 2097152K, 99% used [0x00007f5020c00000,0x00007f50a0bda830,0x00007f50a0c00000)
 Metaspace       used 7360K, committed 7488K, reserved 8192K
}
Event: 38,802 GC heap after
{Heap after GC invocations=7 (full 4):
 PSYoungGen      total 917504K, used 786431K [0x00007f50a0c00000, 0x00007f50e0c00000, 0x00007f50e0c00000)
  eden space 786432K, 99% used [0x00007f50a0c00000,0x00007f50d0bffda0,0x00007f50d0c00000)
  from space 131072K, 0% used [0x00007f50d0c00000,0x00007f50d0c00000,0x00007f50d8c00000)
  to   space 131072K, 0% used [0x00007f50d8c00000,0x00007f50d8c00000,0x00007f50e0c00000)
 ParOldGen       total 2097152K, used 2097002K [0x00007f5020c00000, 0x00007f50a0c00000, 0x00007f50a0c00000)
  object space 2097152K, 99% used [0x00007f5020c00000,0x00007f50a0bda830,0x00007f50a0c00000)
 Metaspace       used 7360K, committed 7488K, reserved 8192K
}
Event: 38,802 GC heap before
{Heap before GC invocations=8 (full 5):
 PSYoungGen      total 917504K, used 786431K [0x00007f50a0c00000, 0x00007f50e0c00000, 0x00007f50e0c00000)
  eden space 786432K, 99% used [0x00007f50a0c00000,0x00007f50d0bfffd0,0x00007f50d0c00000)
  from space 131072K, 0% used [0x00007f50d0c00000,0x00007f50d0c00000,0x00007f50d8c00000)
  to   space 131072K, 0% used [0x00007f50d8c00000,0x00007f50d8c00000,0x00007f50e0c00000)
 ParOldGen       total 2097152K, used 2097002K [0x00007f5020c00000, 0x00007f50a0c00000, 0x00007f50a0c00000)
  object space 2097152K, 99% used [0x00007f5020c00000,0x00007f50a0bda830,0x00007f50a0c00000)
 Metaspace       used 7360K, committed 7488K, reserved 8192K
}
Event: 60,465 GC heap after
{Heap after GC invocations=8 (full 5):
 PSYoungGen      total 917504K, used 0K [0x00007f50a0c00000, 0x00007f50e0c00000, 0x00007f50e0c00000)
  eden space 786432K, 0% used [0x00007f50a0c00000,0x00007f50a0c00000,0x00007f50d0c00000)
  from space 131072K, 0% used [0x00007f50d8c00000,0x00007f50d8c00000,0x00007f50e0c00000)
  to   space 131072K, 0% used [0x00007f50d0c00000,0x00007f50d0c00000,0x00007f50d8c00000)
 ParOldGen       total 2097152K, used 1236154K [0x00007f5020c00000, 0x00007f50a0c00000, 0x00007f50a0c00000)
  object space 2097152K, 58% used [0x00007f5020c00000,0x00007f506c32ebb8,0x00007f50a0c00000)
 Metaspace       used 7360K, committed 7488K, reserved 8192K
}
Event: 60,879 GC heap before
{Heap before GC invocations=9 (full 5):
 PSYoungGen      total 917504K, used 770525K [0x00007f50a0c00000, 0x00007f50e0c00000, 0x00007f50e0c00000)
  eden space 786432K, 97% used [0x00007f50a0c00000,0x00007f50cfc77548,0x00007f50d0c00000)
  from space 131072K, 0% used [0x00007f50d8c00000,0x00007f50d8c00000,0x00007f50e0c00000)
  to   space 131072K, 0% used [0x00007f50d0c00000,0x00007f50d0c00000,0x00007f50d8c00000)
 ParOldGen       total 2097152K, used 1236154K [0x00007f5020c00000, 0x00007f50a0c00000, 0x00007f50a0c00000)
  object space 2097152K, 58% used [0x00007f5020c00000,0x00007f506c32ebb8,0x00007f50a0c00000)
 Metaspace       used 7360K, committed 7488K, reserved 8192K
}
Event: 64,303 GC heap after
{Heap after GC invocations=9 (full 5):
 PSYoungGen      total 917504K, used 131072K [0x00007f50a0c00000, 0x00007f50e0c00000, 0x00007f50e0c00000)
  eden space 786432K, 0% used [0x00007f50a0c00000,0x00007f50a0c00000,0x00007f50d0c00000)
  from space 131072K, 100% used [0x00007f50d0c00000,0x00007f50d8c00000,0x00007f50d8c00000)
  to   space 131072K, 0% used [0x00007f50d8c00000,0x00007f50d8c00000,0x00007f50e0c00000)
 ParOldGen       total 2097152K, used 1878618K [0x00007f5020c00000, 0x00007f50a0c00000, 0x00007f50a0c00000)
  object space 2097152K, 89% used [0x00007f5020c00000,0x00007f5093696bb8,0x00007f50a0c00000)
 Metaspace       used 7360K, committed 7488K, reserved 8192K
}
Event: 64,304 GC heap before
{Heap before GC invocations=10 (full 6):
 PSYoungGen      total 917504K, used 131072K [0x00007f50a0c00000, 0x00007f50e0c00000, 0x00007f50e0c00000)
  eden space 786432K, 0% used [0x00007f50a0c00000,0x00007f50a0c00000,0x00007f50d0c00000)
  from space 131072K, 100% used [0x00007f50d0c00000,0x00007f50d8c00000,0x00007f50d8c00000)
  to   space 131072K, 0% used [0x00007f50d8c00000,0x00007f50d8c00000,0x00007f50e0c00000)
 ParOldGen       total 2097152K, used 1878618K [0x00007f5020c00000, 0x00007f50a0c00000, 0x00007f50a0c00000)
  object space 2097152K, 89% used [0x00007f5020c00000,0x00007f5093696bb8,0x00007f50a0c00000)
 Metaspace       used 7360K, committed 7488K, reserved 8192K
}
Event: 76,646 GC heap after
{Heap after GC invocations=10 (full 6):
 PSYoungGen      total 917504K, used 0K [0x00007f50a0c00000, 0x00007f50e0c00000, 0x00007f50e0c00000)
  eden space 786432K, 0% used [0x00007f50a0c00000,0x00007f50a0c00000,0x00007f50d0c00000)
  from space 131072K, 0% used [0x00007f50d8c00000,0x00007f50d8c00000,0x00007f50e0c00000)
  to   space 131072K, 0% used [0x00007f50d0c00000,0x00007f50d0c00000,0x00007f50d8c00000)
 ParOldGen       total 2097152K, used 1906367K [0x00007f5020c00000, 0x00007f50a0c00000, 0x00007f50a0c00000)
  object space 2097152K, 90% used [0x00007f5020c00000,0x00007f50951aff38,0x00007f50a0c00000)
 Metaspace       used 7360K, committed 7488K, reserved 8192K
}
Event: 76,968 GC heap before
{Heap before GC invocations=11 (full 7):
 PSYoungGen      total 917504K, used 786432K [0x00007f50a0c00000, 0x00007f50e0c00000, 0x00007f50e0c00000)
  eden space 786432K, 100% used [0x00007f50a0c00000,0x00007f50d0c00000,0x00007f50d0c00000)
  from space 131072K, 0% used [0x00007f50d8c00000,0x00007f50d8c00000,0x00007f50e0c00000)
  to   space 131072K, 0% used [0x00007f50d0c00000,0x00007f50d0c00000,0x00007f50d8c00000)
 ParOldGen       total 2097152K, used 1906367K [0x00007f5020c00000, 0x00007f50a0c00000, 0x00007f50a0c00000)
  object space 2097152K, 90% used [0x00007f5020c00000,0x00007f50951aff38,0x00007f50a0c00000)
 Metaspace       used 7360K, committed 7488K, reserved 8192K
}
Event: 90,520 GC heap after
{Heap after GC invocations=11 (full 7):
 PSYoungGen      total 917504K, used 195061K [0x00007f50a0c00000, 0x00007f50e0c00000, 0x00007f50e0c00000)
  eden space 786432K, 24% used [0x00007f50a0c00000,0x00007f50aca7d410,0x00007f50d0c00000)
  from space 131072K, 0% used [0x00007f50d0c00000,0x00007f50d0c00000,0x00007f50d8c00000)
  to   space 131072K, 0% used [0x00007f50d8c00000,0x00007f50d8c00000,0x00007f50e0c00000)
 ParOldGen       total 2097152K, used 2096770K [0x00007f5020c00000, 0x00007f50a0c00000, 0x00007f50a0c00000)
  object space 2097152K, 99% used [0x00007f5020c00000,0x00007f50a0ba0ab0,0x00007f50a0c00000)
 Metaspace       used 7360K, committed 7488K, reserved 8192K
}
Event: 90,839 GC heap before
{Heap before GC invocations=12 (full 8):
 PSYoungGen      total 917504K, used 786432K [0x00007f50a0c00000, 0x00007f50e0c00000, 0x00007f50e0c00000)
  eden space 786432K, 100% used [0x00007f50a0c00000,0x00007f50d0c00000,0x00007f50d0c00000)
  from space 131072K, 0% used [0x00007f50d0c00000,0x00007f50d0c00000,0x00007f50d8c00000)
  to   space 131072K, 0% used [0x00007f50d8c00000,0x00007f50d8c00000,0x00007f50e0c00000)
 ParOldGen       total 2097152K, used 2096770K [0x00007f5020c00000, 0x00007f50a0c00000, 0x00007f50a0c00000)
  object space 2097152K, 99% used [0x00007f5020c00000,0x00007f50a0ba0ab0,0x00007f50a0c00000)
 Metaspace       used 7360K, committed 7488K, reserved 8192K
}
Event: 111,558 GC heap after
{Heap after GC invocations=12 (full 8):
 PSYoungGen      total 917504K, used 0K [0x00007f50a0c00000, 0x00007f50e0c00000, 0x00007f50e0c00000)
  eden space 786432K, 0% used [0x00007f50a0c00000,0x00007f50a0c00000,0x00007f50d0c00000)
  from space 131072K, 0% used [0x00007f50d8c00000,0x00007f50d8c00000,0x00007f50e0c00000)
  to   space 131072K, 0% used [0x00007f50d0c00000,0x00007f50d0c00000,0x00007f50d8c00000)
 ParOldGen       total 2097152K, used 1945770K [0x00007f5020c00000, 0x00007f50a0c00000, 0x00007f50a0c00000)
  object space 2097152K, 92% used [0x00007f5020c00000,0x00007f509782a810,0x00007f50a0c00000)
 Metaspace       used 7360K, committed 7488K, reserved 8192K
}
Event: 111,927 GC heap before
{Heap before GC invocations=13 (full 9):
 PSYoungGen      total 917504K, used 696728K [0x00007f50a0c00000, 0x00007f50e0c00000, 0x00007f50e0c00000)
  eden space 786432K, 88% used [0x00007f50a0c00000,0x00007f50cb4661b0,0x00007f50d0c00000)
  from space 131072K, 0% used [0x00007f50d8c00000,0x00007f50d8c00000,0x00007f50e0c00000)
  to   space 131072K, 0% used [0x00007f50d0c00000,0x00007f50d0c00000,0x00007f50d8c00000)
 ParOldGen       total 2097152K, used 1945770K [0x00007f5020c00000, 0x00007f50a0c00000, 0x00007f50a0c00000)
  object space 2097152K, 92% used [0x00007f5020c00000,0x00007f509782a810,0x00007f50a0c00000)
 Metaspace       used 7360K, committed 7488K, reserved 8192K
}
Event: 126,212 GC heap after
{Heap after GC invocations=13 (full 9):
 PSYoungGen      total 917504K, used 484265K [0x00007f50a0c00000, 0x00007f50e0c00000, 0x00007f50e0c00000)
  eden space 786432K, 61% used [0x00007f50a0c00000,0x00007f50be4ea590,0x00007f50d0c00000)
  from space 131072K, 0% used [0x00007f50d0c00000,0x00007f50d0c00000,0x00007f50d8c00000)
  to   space 131072K, 0% used [0x00007f50d8c00000,0x00007f50d8c00000,0x00007f50e0c00000)
 ParOldGen       total 2097152K, used 2096991K [0x00007f5020c00000, 0x00007f50a0c00000, 0x00007f50a0c00000)
  object space 2097152K, 99% used [0x00007f5020c00000,0x00007f50a0bd7dc0,0x00007f50a0c00000)
 Metaspace       used 7360K, committed 7488K, reserved 8192K
}
Event: 126,213 GC heap before
{Heap before GC invocations=14 (full 10):
 PSYoungGen      total 917504K, used 484265K [0x00007f50a0c00000, 0x00007f50e0c00000, 0x00007f50e0c00000)
  eden space 786432K, 61% used [0x00007f50a0c00000,0x00007f50be4ea590,0x00007f50d0c00000)
  from space 131072K, 0% used [0x00007f50d0c00000,0x00007f50d0c00000,0x00007f50d8c00000)
  to   space 131072K, 0% used [0x00007f50d8c00000,0x00007f50d8c00000,0x00007f50e0c00000)
 ParOldGen       total 2097152K, used 2096991K [0x00007f5020c00000, 0x00007f50a0c00000, 0x00007f50a0c00000)
  object space 2097152K, 99% used [0x00007f5020c00000,0x00007f50a0bd7dc0,0x00007f50a0c00000)
 Metaspace       used 7360K, committed 7488K, reserved 8192K
}

