# JRE version: OpenJDK Runtime Environment (17.0.6) (fastdebug build 17.0.6-internal+0-adhoc.konstdelis.jdk17u067)
# Java VM: OpenJDK 64-Bit Server VM (fastdebug 17.0.6-internal+0-adhoc.konstdelis.jdk17u067, mixed mode, tiered, parallel gc, linux-amd64)
GC Precious Log:
 CPUs: 32 total, 32 available
 Memory: 251G
 Large Page Support: Disabled
 NUMA Support: Disabled
 Compressed Oops: Disabled
 Alignments: Space 512K, Generation 512K, Heap 2M
 Heap Min Capacity: 3G
 Heap Initial Capacity: 3G
 Heap Max Capacity: 3G
 Pre-touch: Disabled
 Parallel Workers: 2
Heap:
 PSYoungGen      total 917504K, used 32K [0x00007f301d000000, 0x00007f305d000000, 0x00007f305d000000)
  eden space 786432K, 0% used [0x00007f301d000000,0x00007f301d000000,0x00007f304d000000)
  from space 131072K, 0% used [0x00007f3055000000,0x00007f3055008000,0x00007f305d000000)
  to   space 131072K, 0% used [0x00007f304d000000,0x00007f304d000000,0x00007f3055000000)
 ParOldGen       total 2097152K, used 1582K [0x00007f2f9d000000, 0x00007f301d000000, 0x00007f301d000000)
  object space 2097152K, 0% used [0x00007f2f9d000000,0x00007f2f9d18b8c8,0x00007f301d000000)
 Metaspace       used 7408K, committed 7488K, reserved 8192K
GC Heap History (20 events):
Event: 4,389 GC heap after
{Heap after GC invocations=2 (full 1):
 PSYoungGen      total 917504K, used 0K [0x00007f301d000000, 0x00007f305d000000, 0x00007f305d000000)
  eden space 786432K, 0% used [0x00007f301d000000,0x00007f301d000000,0x00007f304d000000)
  from space 131072K, 0% used [0x00007f304d000000,0x00007f304d000000,0x00007f3055000000)
  to   space 131072K, 0% used [0x00007f3055000000,0x00007f3055000000,0x00007f305d000000)
 ParOldGen       total 2097152K, used 1568K [0x00007f2f9d000000, 0x00007f301d000000, 0x00007f301d000000)
  object space 2097152K, 0% used [0x00007f2f9d000000,0x00007f2f9d188318,0x00007f301d000000)
 Metaspace       used 7408K, committed 7488K, reserved 8192K
}
Event: 4,400 GC heap before
{Heap before GC invocations=3 (full 1):
 PSYoungGen      total 917504K, used 31457K [0x00007f301d000000, 0x00007f305d000000, 0x00007f305d000000)
  eden space 786432K, 4% used [0x00007f301d000000,0x00007f301eeb8570,0x00007f304d000000)
  from space 131072K, 0% used [0x00007f304d000000,0x00007f304d000000,0x00007f3055000000)
  to   space 131072K, 0% used [0x00007f3055000000,0x00007f3055000000,0x00007f305d000000)
 ParOldGen       total 2097152K, used 1568K [0x00007f2f9d000000, 0x00007f301d000000, 0x00007f301d000000)
  object space 2097152K, 0% used [0x00007f2f9d000000,0x00007f2f9d188318,0x00007f301d000000)
 Metaspace       used 7408K, committed 7488K, reserved 8192K
}
Event: 4,408 GC heap after
{Heap after GC invocations=3 (full 1):
 PSYoungGen      total 917504K, used 32K [0x00007f301d000000, 0x00007f305d000000, 0x00007f305d000000)
  eden space 786432K, 0% used [0x00007f301d000000,0x00007f301d000000,0x00007f304d000000)
  from space 131072K, 0% used [0x00007f3055000000,0x00007f3055008000,0x00007f305d000000)
  to   space 131072K, 0% used [0x00007f304d000000,0x00007f304d000000,0x00007f3055000000)
 ParOldGen       total 2097152K, used 1576K [0x00007f2f9d000000, 0x00007f301d000000, 0x00007f301d000000)
  object space 2097152K, 0% used [0x00007f2f9d000000,0x00007f2f9d18a318,0x00007f301d000000)
 Metaspace       used 7408K, committed 7488K, reserved 8192K
}
Event: 4,408 GC heap before
{Heap before GC invocations=4 (full 2):
 PSYoungGen      total 917504K, used 32K [0x00007f301d000000, 0x00007f305d000000, 0x00007f305d000000)
  eden space 786432K, 0% used [0x00007f301d000000,0x00007f301d000000,0x00007f304d000000)
  from space 131072K, 0% used [0x00007f3055000000,0x00007f3055008000,0x00007f305d000000)
  to   space 131072K, 0% used [0x00007f304d000000,0x00007f304d000000,0x00007f3055000000)
 ParOldGen       total 2097152K, used 1576K [0x00007f2f9d000000, 0x00007f301d000000, 0x00007f301d000000)
  object space 2097152K, 0% used [0x00007f2f9d000000,0x00007f2f9d18a318,0x00007f301d000000)
 Metaspace       used 7408K, committed 7488K, reserved 8192K
}
Event: 5,651 GC heap after
{Heap after GC invocations=4 (full 2):
 PSYoungGen      total 917504K, used 0K [0x00007f301d000000, 0x00007f305d000000, 0x00007f305d000000)
  eden space 786432K, 0% used [0x00007f301d000000,0x00007f301d000000,0x00007f304d000000)
  from space 131072K, 0% used [0x00007f3055000000,0x00007f3055000000,0x00007f305d000000)
  to   space 131072K, 0% used [0x00007f304d000000,0x00007f304d000000,0x00007f3055000000)
 ParOldGen       total 2097152K, used 1680K [0x00007f2f9d000000, 0x00007f301d000000, 0x00007f301d000000)
  object space 2097152K, 0% used [0x00007f2f9d000000,0x00007f2f9d1a4358,0x00007f301d000000)
 Metaspace       used 7408K, committed 7488K, reserved 8192K
}
Event: 5,657 GC heap before
{Heap before GC invocations=5 (full 2):
 PSYoungGen      total 917504K, used 15728K [0x00007f301d000000, 0x00007f305d000000, 0x00007f305d000000)
  eden space 786432K, 2% used [0x00007f301d000000,0x00007f301df5c2c8,0x00007f304d000000)
  from space 131072K, 0% used [0x00007f3055000000,0x00007f3055000000,0x00007f305d000000)
  to   space 131072K, 0% used [0x00007f304d000000,0x00007f304d000000,0x00007f3055000000)
 ParOldGen       total 2097152K, used 1680K [0x00007f2f9d000000, 0x00007f301d000000, 0x00007f301d000000)
  object space 2097152K, 0% used [0x00007f2f9d000000,0x00007f2f9d1a4358,0x00007f301d000000)
 Metaspace       used 7408K, committed 7488K, reserved 8192K
}
Event: 5,661 GC heap after
{Heap after GC invocations=5 (full 2):
 PSYoungGen      total 917504K, used 0K [0x00007f301d000000, 0x00007f305d000000, 0x00007f305d000000)
  eden space 786432K, 0% used [0x00007f301d000000,0x00007f301d000000,0x00007f304d000000)
  from space 131072K, 0% used [0x00007f304d000000,0x00007f304d000000,0x00007f3055000000)
  to   space 131072K, 0% used [0x00007f3055000000,0x00007f3055000000,0x00007f305d000000)
 ParOldGen       total 2097152K, used 1680K [0x00007f2f9d000000, 0x00007f301d000000, 0x00007f301d000000)
  object space 2097152K, 0% used [0x00007f2f9d000000,0x00007f2f9d1a4358,0x00007f301d000000)
 Metaspace       used 7408K, committed 7488K, reserved 8192K
}
Event: 5,665 GC heap before
{Heap before GC invocations=6 (full 3):
 PSYoungGen      total 917504K, used 0K [0x00007f301d000000, 0x00007f305d000000, 0x00007f305d000000)
  eden space 786432K, 0% used [0x00007f301d000000,0x00007f301d000000,0x00007f304d000000)
  from space 131072K, 0% used [0x00007f304d000000,0x00007f304d000000,0x00007f3055000000)
  to   space 131072K, 0% used [0x00007f3055000000,0x00007f3055000000,0x00007f305d000000)
 ParOldGen       total 2097152K, used 1680K [0x00007f2f9d000000, 0x00007f301d000000, 0x00007f301d000000)
  object space 2097152K, 0% used [0x00007f2f9d000000,0x00007f2f9d1a4358,0x00007f301d000000)
 Metaspace       used 7408K, committed 7488K, reserved 8192K
}
Event: 5,703 GC heap after
{Heap after GC invocations=6 (full 3):
 PSYoungGen      total 917504K, used 0K [0x00007f301d000000, 0x00007f305d000000, 0x00007f305d000000)
  eden space 786432K, 0% used [0x00007f301d000000,0x00007f301d000000,0x00007f304d000000)
  from space 131072K, 0% used [0x00007f304d000000,0x00007f304d000000,0x00007f3055000000)
  to   space 131072K, 0% used [0x00007f3055000000,0x00007f3055000000,0x00007f305d000000)
 ParOldGen       total 2097152K, used 1563K [0x00007f2f9d000000, 0x00007f301d000000, 0x00007f301d000000)
  object space 2097152K, 0% used [0x00007f2f9d000000,0x00007f2f9d186ee8,0x00007f301d000000)
 Metaspace       used 7408K, committed 7488K, reserved 8192K
}
Event: 5,712 GC heap before
{Heap before GC invocations=7 (full 3):
 PSYoungGen      total 917504K, used 15728K [0x00007f301d000000, 0x00007f305d000000, 0x00007f305d000000)
  eden space 786432K, 2% used [0x00007f301d000000,0x00007f301df5c2c8,0x00007f304d000000)
  from space 131072K, 0% used [0x00007f304d000000,0x00007f304d000000,0x00007f3055000000)
  to   space 131072K, 0% used [0x00007f3055000000,0x00007f3055000000,0x00007f305d000000)
 ParOldGen       total 2097152K, used 1563K [0x00007f2f9d000000, 0x00007f301d000000, 0x00007f301d000000)
  object space 2097152K, 0% used [0x00007f2f9d000000,0x00007f2f9d186ee8,0x00007f301d000000)
 Metaspace       used 7408K, committed 7488K, reserved 8192K
}
Event: 5,716 GC heap after
{Heap after GC invocations=7 (full 3):
 PSYoungGen      total 917504K, used 0K [0x00007f301d000000, 0x00007f305d000000, 0x00007f305d000000)
  eden space 786432K, 0% used [0x00007f301d000000,0x00007f301d000000,0x00007f304d000000)
  from space 131072K, 0% used [0x00007f3055000000,0x00007f3055000000,0x00007f305d000000)
  to   space 131072K, 0% used [0x00007f304d000000,0x00007f304d000000,0x00007f3055000000)
 ParOldGen       total 2097152K, used 1563K [0x00007f2f9d000000, 0x00007f301d000000, 0x00007f301d000000)
  object space 2097152K, 0% used [0x00007f2f9d000000,0x00007f2f9d186ee8,0x00007f301d000000)
 Metaspace       used 7408K, committed 7488K, reserved 8192K
}
Event: 5,719 GC heap before
{Heap before GC invocations=8 (full 4):
 PSYoungGen      total 917504K, used 0K [0x00007f301d000000, 0x00007f305d000000, 0x00007f305d000000)
  eden space 786432K, 0% used [0x00007f301d000000,0x00007f301d000000,0x00007f304d000000)
  from space 131072K, 0% used [0x00007f3055000000,0x00007f3055000000,0x00007f305d000000)
  to   space 131072K, 0% used [0x00007f304d000000,0x00007f304d000000,0x00007f3055000000)
 ParOldGen       total 2097152K, used 1563K [0x00007f2f9d000000, 0x00007f301d000000, 0x00007f301d000000)
  object space 2097152K, 0% used [0x00007f2f9d000000,0x00007f2f9d186ee8,0x00007f301d000000)
 Metaspace       used 7408K, committed 7488K, reserved 8192K
}
Event: 7,573 GC heap after
{Heap after GC invocations=8 (full 4):
 PSYoungGen      total 917504K, used 0K [0x00007f301d000000, 0x00007f305d000000, 0x00007f305d000000)
  eden space 786432K, 0% used [0x00007f301d000000,0x00007f301d000000,0x00007f304d000000)
  from space 131072K, 0% used [0x00007f3055000000,0x00007f3055000000,0x00007f305d000000)
  to   space 131072K, 0% used [0x00007f304d000000,0x00007f304d000000,0x00007f3055000000)
 ParOldGen       total 2097152K, used 1797K [0x00007f2f9d000000, 0x00007f301d000000, 0x00007f301d000000)
  object space 2097152K, 0% used [0x00007f2f9d000000,0x00007f2f9d1c17c8,0x00007f301d000000)
 Metaspace       used 7408K, committed 7488K, reserved 8192K
}
Event: 7,580 GC heap before
{Heap before GC invocations=9 (full 4):
 PSYoungGen      total 917504K, used 15728K [0x00007f301d000000, 0x00007f305d000000, 0x00007f305d000000)
  eden space 786432K, 2% used [0x00007f301d000000,0x00007f301df5c2c8,0x00007f304d000000)
  from space 131072K, 0% used [0x00007f3055000000,0x00007f3055000000,0x00007f305d000000)
  to   space 131072K, 0% used [0x00007f304d000000,0x00007f304d000000,0x00007f3055000000)
 ParOldGen       total 2097152K, used 1797K [0x00007f2f9d000000, 0x00007f301d000000, 0x00007f301d000000)
  object space 2097152K, 0% used [0x00007f2f9d000000,0x00007f2f9d1c17c8,0x00007f301d000000)
 Metaspace       used 7408K, committed 7488K, reserved 8192K
}
Event: 7,583 GC heap after
{Heap after GC invocations=9 (full 4):
 PSYoungGen      total 917504K, used 149K [0x00007f301d000000, 0x00007f305d000000, 0x00007f305d000000)
  eden space 786432K, 0% used [0x00007f301d000000,0x00007f301d000000,0x00007f304d000000)
  from space 131072K, 0% used [0x00007f304d000000,0x00007f304d0256e0,0x00007f3055000000)
  to   space 131072K, 0% used [0x00007f3055000000,0x00007f3055000000,0x00007f305d000000)
 ParOldGen       total 2097152K, used 1797K [0x00007f2f9d000000, 0x00007f301d000000, 0x00007f301d000000)
  object space 2097152K, 0% used [0x00007f2f9d000000,0x00007f2f9d1c17c8,0x00007f301d000000)
 Metaspace       used 7408K, committed 7488K, reserved 8192K
}
Event: 7,591 GC heap before
{Heap before GC invocations=10 (full 5):
 PSYoungGen      total 917504K, used 149K [0x00007f301d000000, 0x00007f305d000000, 0x00007f305d000000)
  eden space 786432K, 0% used [0x00007f301d000000,0x00007f301d000000,0x00007f304d000000)
  from space 131072K, 0% used [0x00007f304d000000,0x00007f304d0256e0,0x00007f3055000000)
  to   space 131072K, 0% used [0x00007f3055000000,0x00007f3055000000,0x00007f305d000000)
 ParOldGen       total 2097152K, used 1797K [0x00007f2f9d000000, 0x00007f301d000000, 0x00007f301d000000)
  object space 2097152K, 0% used [0x00007f2f9d000000,0x00007f2f9d1c17c8,0x00007f301d000000)
 Metaspace       used 7408K, committed 7488K, reserved 8192K
}
Event: 7,667 GC heap after
{Heap after GC invocations=10 (full 5):
 PSYoungGen      total 917504K, used 0K [0x00007f301d000000, 0x00007f305d000000, 0x00007f305d000000)
  eden space 786432K, 0% used [0x00007f301d000000,0x00007f301d000000,0x00007f304d000000)
  from space 131072K, 0% used [0x00007f304d000000,0x00007f304d000000,0x00007f3055000000)
  to   space 131072K, 0% used [0x00007f3055000000,0x00007f3055000000,0x00007f305d000000)
 ParOldGen       total 2097152K, used 1582K [0x00007f2f9d000000, 0x00007f301d000000, 0x00007f301d000000)
  object space 2097152K, 0% used [0x00007f2f9d000000,0x00007f2f9d18b8c8,0x00007f301d000000)
 Metaspace       used 7408K, committed 7488K, reserved 8192K
}
Event: 7,678 GC heap before
{Heap before GC invocations=11 (full 5):
 PSYoungGen      total 917504K, used 15728K [0x00007f301d000000, 0x00007f305d000000, 0x00007f305d000000)
  eden space 786432K, 2% used [0x00007f301d000000,0x00007f301df5c2c8,0x00007f304d000000)
  from space 131072K, 0% used [0x00007f304d000000,0x00007f304d000000,0x00007f3055000000)
  to   space 131072K, 0% used [0x00007f3055000000,0x00007f3055000000,0x00007f305d000000)
 ParOldGen       total 2097152K, used 1582K [0x00007f2f9d000000, 0x00007f301d000000, 0x00007f301d000000)
  object space 2097152K, 0% used [0x00007f2f9d000000,0x00007f2f9d18b8c8,0x00007f301d000000)
 Metaspace       used 7408K, committed 7488K, reserved 8192K
}
Event: 7,680 GC heap after
{Heap after GC invocations=11 (full 5):
 PSYoungGen      total 917504K, used 32K [0x00007f301d000000, 0x00007f305d000000, 0x00007f305d000000)
  eden space 786432K, 0% used [0x00007f301d000000,0x00007f301d000000,0x00007f304d000000)
  from space 131072K, 0% used [0x00007f3055000000,0x00007f3055008000,0x00007f305d000000)
  to   space 131072K, 0% used [0x00007f304d000000,0x00007f304d000000,0x00007f3055000000)
 ParOldGen       total 2097152K, used 1582K [0x00007f2f9d000000, 0x00007f301d000000, 0x00007f301d000000)
  object space 2097152K, 0% used [0x00007f2f9d000000,0x00007f2f9d18b8c8,0x00007f301d000000)
 Metaspace       used 7408K, committed 7488K, reserved 8192K
}
Event: 7,686 GC heap before
{Heap before GC invocations=12 (full 6):
 PSYoungGen      total 917504K, used 32K [0x00007f301d000000, 0x00007f305d000000, 0x00007f305d000000)
  eden space 786432K, 0% used [0x00007f301d000000,0x00007f301d000000,0x00007f304d000000)
  from space 131072K, 0% used [0x00007f3055000000,0x00007f3055008000,0x00007f305d000000)
  to   space 131072K, 0% used [0x00007f304d000000,0x00007f304d000000,0x00007f3055000000)
 ParOldGen       total 2097152K, used 1582K [0x00007f2f9d000000, 0x00007f301d000000, 0x00007f301d000000)
  object space 2097152K, 0% used [0x00007f2f9d000000,0x00007f2f9d18b8c8,0x00007f301d000000)
 Metaspace       used 7408K, committed 7488K, reserved 8192K
}

