# JRE version: OpenJDK Runtime Environment (17.0.6) (fastdebug build 17.0.6-internal+0-adhoc.konstdelis.jdk17u067)
# Java VM: OpenJDK 64-Bit Server VM (fastdebug 17.0.6-internal+0-adhoc.konstdelis.jdk17u067, mixed mode, tiered, parallel gc, linux-amd64)
GC Precious Log:
 CPUs: 32 total, 32 available
 Memory: 251G
 Large Page Support: Disabled
 NUMA Support: Disabled
 Compressed Oops: Disabled
 Alignments: Space 512K, Generation 512K, Heap 2M
 Heap Min Capacity: 3G
 Heap Initial Capacity: 3G
 Heap Max Capacity: 3G
 Pre-touch: Disabled
 Parallel Workers: 8
Heap:
 PSYoungGen      total 917504K, used 368107K [0x00007f3369000000, 0x00007f33a9000000, 0x00007f33a9000000)
  eden space 786432K, 46% used [0x00007f3369000000,0x00007f337f77ae30,0x00007f3399000000)
  from space 131072K, 0% used [0x00007f3399000000,0x00007f3399000000,0x00007f33a1000000)
  to   space 131072K, 0% used [0x00007f33a1000000,0x00007f33a1000000,0x00007f33a9000000)
 ParOldGen       total 2097152K, used 2097122K [0x00007f32e9000000, 0x00007f3369000000, 0x00007f3369000000)
  object space 2097152K, 99% used [0x00007f32e9000000,0x00007f3368ff8940,0x00007f3369000000)
 Metaspace       used 7360K, committed 7488K, reserved 8192K
GC Heap History (20 events):
Event: 5,165 GC heap after
{Heap after GC invocations=2 (full 0):
 PSYoungGen      total 917504K, used 131045K [0x00007f3369000000, 0x00007f33a9000000, 0x00007f33a9000000)
  eden space 786432K, 0% used [0x00007f3369000000,0x00007f3369000000,0x00007f3399000000)
  from space 131072K, 99% used [0x00007f33a1000000,0x00007f33a8ff9510,0x00007f33a9000000)
  to   space 131072K, 0% used [0x00007f3399000000,0x00007f3399000000,0x00007f33a1000000)
 ParOldGen       total 2097152K, used 1130352K [0x00007f32e9000000, 0x00007f3369000000, 0x00007f3369000000)
  object space 2097152K, 53% used [0x00007f32e9000000,0x00007f332dfdc000,0x00007f3369000000)
 Metaspace       used 7360K, committed 7488K, reserved 8192K
}
Event: 5,520 GC heap before
{Heap before GC invocations=3 (full 0):
 PSYoungGen      total 917504K, used 917477K [0x00007f3369000000, 0x00007f33a9000000, 0x00007f33a9000000)
  eden space 786432K, 100% used [0x00007f3369000000,0x00007f3399000000,0x00007f3399000000)
  from space 131072K, 99% used [0x00007f33a1000000,0x00007f33a8ff9510,0x00007f33a9000000)
  to   space 131072K, 0% used [0x00007f3399000000,0x00007f3399000000,0x00007f33a1000000)
 ParOldGen       total 2097152K, used 1130352K [0x00007f32e9000000, 0x00007f3369000000, 0x00007f3369000000)
  object space 2097152K, 53% used [0x00007f32e9000000,0x00007f332dfdc000,0x00007f3369000000)
 Metaspace       used 7360K, committed 7488K, reserved 8192K
}
Event: 6,535 GC heap after
{Heap after GC invocations=3 (full 0):
 PSYoungGen      total 917504K, used 131056K [0x00007f3369000000, 0x00007f33a9000000, 0x00007f33a9000000)
  eden space 786432K, 0% used [0x00007f3369000000,0x00007f3369000000,0x00007f3399000000)
  from space 131072K, 99% used [0x00007f3399000000,0x00007f33a0ffc020,0x00007f33a1000000)
  to   space 131072K, 0% used [0x00007f33a1000000,0x00007f33a1000000,0x00007f33a9000000)
 ParOldGen       total 2097152K, used 1813391K [0x00007f32e9000000, 0x00007f3369000000, 0x00007f3369000000)
  object space 2097152K, 86% used [0x00007f32e9000000,0x00007f3357ae3f88,0x00007f3369000000)
 Metaspace       used 7360K, committed 7488K, reserved 8192K
}
Event: 6,535 GC heap before
{Heap before GC invocations=4 (full 1):
 PSYoungGen      total 917504K, used 131056K [0x00007f3369000000, 0x00007f33a9000000, 0x00007f33a9000000)
  eden space 786432K, 0% used [0x00007f3369000000,0x00007f3369000000,0x00007f3399000000)
  from space 131072K, 99% used [0x00007f3399000000,0x00007f33a0ffc020,0x00007f33a1000000)
  to   space 131072K, 0% used [0x00007f33a1000000,0x00007f33a1000000,0x00007f33a9000000)
 ParOldGen       total 2097152K, used 1813391K [0x00007f32e9000000, 0x00007f3369000000, 0x00007f3369000000)
  object space 2097152K, 86% used [0x00007f32e9000000,0x00007f3357ae3f88,0x00007f3369000000)
 Metaspace       used 7360K, committed 7488K, reserved 8192K
}
Event: 20,315 GC heap after
{Heap after GC invocations=4 (full 1):
 PSYoungGen      total 917504K, used 0K [0x00007f3369000000, 0x00007f33a9000000, 0x00007f33a9000000)
  eden space 786432K, 0% used [0x00007f3369000000,0x00007f3369000000,0x00007f3399000000)
  from space 131072K, 0% used [0x00007f33a1000000,0x00007f33a1000000,0x00007f33a9000000)
  to   space 131072K, 0% used [0x00007f3399000000,0x00007f3399000000,0x00007f33a1000000)
 ParOldGen       total 2097152K, used 958028K [0x00007f32e9000000, 0x00007f3369000000, 0x00007f3369000000)
  object space 2097152K, 45% used [0x00007f32e9000000,0x00007f33237931d0,0x00007f3369000000)
 Metaspace       used 7360K, committed 7488K, reserved 8192K
}
Event: 20,654 GC heap before
{Heap before GC invocations=5 (full 1):
 PSYoungGen      total 917504K, used 786432K [0x00007f3369000000, 0x00007f33a9000000, 0x00007f33a9000000)
  eden space 786432K, 100% used [0x00007f3369000000,0x00007f3399000000,0x00007f3399000000)
  from space 131072K, 0% used [0x00007f33a1000000,0x00007f33a1000000,0x00007f33a9000000)
  to   space 131072K, 0% used [0x00007f3399000000,0x00007f3399000000,0x00007f33a1000000)
 ParOldGen       total 2097152K, used 958028K [0x00007f32e9000000, 0x00007f3369000000, 0x00007f3369000000)
  object space 2097152K, 45% used [0x00007f32e9000000,0x00007f33237931d0,0x00007f3369000000)
 Metaspace       used 7360K, committed 7488K, reserved 8192K
}
Event: 22,350 GC heap after
{Heap after GC invocations=5 (full 1):
 PSYoungGen      total 917504K, used 131072K [0x00007f3369000000, 0x00007f33a9000000, 0x00007f33a9000000)
  eden space 786432K, 0% used [0x00007f3369000000,0x00007f3369000000,0x00007f3399000000)
  from space 131072K, 100% used [0x00007f3399000000,0x00007f33a1000000,0x00007f33a1000000)
  to   space 131072K, 0% used [0x00007f33a1000000,0x00007f33a1000000,0x00007f33a9000000)
 ParOldGen       total 2097152K, used 1617288K [0x00007f32e9000000, 0x00007f3369000000, 0x00007f3369000000)
  object space 2097152K, 77% used [0x00007f32e9000000,0x00007f334bb62108,0x00007f3369000000)
 Metaspace       used 7360K, committed 7488K, reserved 8192K
}
Event: 22,350 GC heap before
{Heap before GC invocations=6 (full 2):
 PSYoungGen      total 917504K, used 131072K [0x00007f3369000000, 0x00007f33a9000000, 0x00007f33a9000000)
  eden space 786432K, 0% used [0x00007f3369000000,0x00007f3369000000,0x00007f3399000000)
  from space 131072K, 100% used [0x00007f3399000000,0x00007f33a1000000,0x00007f33a1000000)
  to   space 131072K, 0% used [0x00007f33a1000000,0x00007f33a1000000,0x00007f33a9000000)
 ParOldGen       total 2097152K, used 1617288K [0x00007f32e9000000, 0x00007f3369000000, 0x00007f3369000000)
  object space 2097152K, 77% used [0x00007f32e9000000,0x00007f334bb62108,0x00007f3369000000)
 Metaspace       used 7360K, committed 7488K, reserved 8192K
}
Event: 32,952 GC heap after
{Heap after GC invocations=6 (full 2):
 PSYoungGen      total 917504K, used 0K [0x00007f3369000000, 0x00007f33a9000000, 0x00007f33a9000000)
  eden space 786432K, 0% used [0x00007f3369000000,0x00007f3369000000,0x00007f3399000000)
  from space 131072K, 0% used [0x00007f33a1000000,0x00007f33a1000000,0x00007f33a9000000)
  to   space 131072K, 0% used [0x00007f3399000000,0x00007f3399000000,0x00007f33a1000000)
 ParOldGen       total 2097152K, used 1563697K [0x00007f32e9000000, 0x00007f3369000000, 0x00007f3369000000)
  object space 2097152K, 74% used [0x00007f32e9000000,0x00007f334870c658,0x00007f3369000000)
 Metaspace       used 7360K, committed 7488K, reserved 8192K
}
Event: 33,348 GC heap before
{Heap before GC invocations=7 (full 3):
 PSYoungGen      total 917504K, used 786432K [0x00007f3369000000, 0x00007f33a9000000, 0x00007f33a9000000)
  eden space 786432K, 100% used [0x00007f3369000000,0x00007f3399000000,0x00007f3399000000)
  from space 131072K, 0% used [0x00007f33a1000000,0x00007f33a1000000,0x00007f33a9000000)
  to   space 131072K, 0% used [0x00007f3399000000,0x00007f3399000000,0x00007f33a1000000)
 ParOldGen       total 2097152K, used 1563697K [0x00007f32e9000000, 0x00007f3369000000, 0x00007f3369000000)
  object space 2097152K, 74% used [0x00007f32e9000000,0x00007f334870c658,0x00007f3369000000)
 Metaspace       used 7360K, committed 7488K, reserved 8192K
}
Event: 51,008 GC heap after
{Heap after GC invocations=7 (full 3):
 PSYoungGen      total 917504K, used 0K [0x00007f3369000000, 0x00007f33a9000000, 0x00007f33a9000000)
  eden space 786432K, 0% used [0x00007f3369000000,0x00007f3369000000,0x00007f3399000000)
  from space 131072K, 0% used [0x00007f3399000000,0x00007f3399000000,0x00007f33a1000000)
  to   space 131072K, 0% used [0x00007f33a1000000,0x00007f33a1000000,0x00007f33a9000000)
 ParOldGen       total 2097152K, used 1618060K [0x00007f32e9000000, 0x00007f3369000000, 0x00007f3369000000)
  object space 2097152K, 77% used [0x00007f32e9000000,0x00007f334bc232d0,0x00007f3369000000)
 Metaspace       used 7360K, committed 7488K, reserved 8192K
}
Event: 51,320 GC heap before
{Heap before GC invocations=8 (full 4):
 PSYoungGen      total 917504K, used 786432K [0x00007f3369000000, 0x00007f33a9000000, 0x00007f33a9000000)
  eden space 786432K, 100% used [0x00007f3369000000,0x00007f3399000000,0x00007f3399000000)
  from space 131072K, 0% used [0x00007f3399000000,0x00007f3399000000,0x00007f33a1000000)
  to   space 131072K, 0% used [0x00007f33a1000000,0x00007f33a1000000,0x00007f33a9000000)
 ParOldGen       total 2097152K, used 1618060K [0x00007f32e9000000, 0x00007f3369000000, 0x00007f3369000000)
  object space 2097152K, 77% used [0x00007f32e9000000,0x00007f334bc232d0,0x00007f3369000000)
 Metaspace       used 7360K, committed 7488K, reserved 8192K
}
Event: 67,509 GC heap after
{Heap after GC invocations=8 (full 4):
 PSYoungGen      total 917504K, used 0K [0x00007f3369000000, 0x00007f33a9000000, 0x00007f33a9000000)
  eden space 786432K, 0% used [0x00007f3369000000,0x00007f3369000000,0x00007f3399000000)
  from space 131072K, 0% used [0x00007f33a1000000,0x00007f33a1000000,0x00007f33a9000000)
  to   space 131072K, 0% used [0x00007f3399000000,0x00007f3399000000,0x00007f33a1000000)
 ParOldGen       total 2097152K, used 1890086K [0x00007f32e9000000, 0x00007f3369000000, 0x00007f3369000000)
  object space 2097152K, 90% used [0x00007f32e9000000,0x00007f335c5c9960,0x00007f3369000000)
 Metaspace       used 7360K, committed 7488K, reserved 8192K
}
Event: 67,913 GC heap before
{Heap before GC invocations=9 (full 5):
 PSYoungGen      total 917504K, used 786432K [0x00007f3369000000, 0x00007f33a9000000, 0x00007f33a9000000)
  eden space 786432K, 100% used [0x00007f3369000000,0x00007f3399000000,0x00007f3399000000)
  from space 131072K, 0% used [0x00007f33a1000000,0x00007f33a1000000,0x00007f33a9000000)
  to   space 131072K, 0% used [0x00007f3399000000,0x00007f3399000000,0x00007f33a1000000)
 ParOldGen       total 2097152K, used 1890086K [0x00007f32e9000000, 0x00007f3369000000, 0x00007f3369000000)
  object space 2097152K, 90% used [0x00007f32e9000000,0x00007f335c5c9960,0x00007f3369000000)
 Metaspace       used 7360K, committed 7488K, reserved 8192K
}
Event: 83,727 GC heap after
{Heap after GC invocations=9 (full 5):
 PSYoungGen      total 917504K, used 201444K [0x00007f3369000000, 0x00007f33a9000000, 0x00007f33a9000000)
  eden space 786432K, 25% used [0x00007f3369000000,0x00007f33754b91d0,0x00007f3399000000)
  from space 131072K, 0% used [0x00007f3399000000,0x00007f3399000000,0x00007f33a1000000)
  to   space 131072K, 0% used [0x00007f33a1000000,0x00007f33a1000000,0x00007f33a9000000)
 ParOldGen       total 2097152K, used 2096910K [0x00007f32e9000000, 0x00007f3369000000, 0x00007f3369000000)
  object space 2097152K, 99% used [0x00007f32e9000000,0x00007f3368fc3940,0x00007f3369000000)
 Metaspace       used 7360K, committed 7488K, reserved 8192K
}
Event: 84,029 GC heap before
{Heap before GC invocations=10 (full 6):
 PSYoungGen      total 917504K, used 786432K [0x00007f3369000000, 0x00007f33a9000000, 0x00007f33a9000000)
  eden space 786432K, 100% used [0x00007f3369000000,0x00007f3399000000,0x00007f3399000000)
  from space 131072K, 0% used [0x00007f3399000000,0x00007f3399000000,0x00007f33a1000000)
  to   space 131072K, 0% used [0x00007f33a1000000,0x00007f33a1000000,0x00007f33a9000000)
 ParOldGen       total 2097152K, used 2096910K [0x00007f32e9000000, 0x00007f3369000000, 0x00007f3369000000)
  object space 2097152K, 99% used [0x00007f32e9000000,0x00007f3368fc3940,0x00007f3369000000)
 Metaspace       used 7360K, committed 7488K, reserved 8192K
}
Event: 100,793 GC heap after
{Heap after GC invocations=10 (full 6):
 PSYoungGen      total 917504K, used 407644K [0x00007f3369000000, 0x00007f33a9000000, 0x00007f33a9000000)
  eden space 786432K, 51% used [0x00007f3369000000,0x00007f3381e173d8,0x00007f3399000000)
  from space 131072K, 0% used [0x00007f33a1000000,0x00007f33a1000000,0x00007f33a9000000)
  to   space 131072K, 0% used [0x00007f3399000000,0x00007f3399000000,0x00007f33a1000000)
 ParOldGen       total 2097152K, used 2097136K [0x00007f32e9000000, 0x00007f3369000000, 0x00007f3369000000)
  object space 2097152K, 99% used [0x00007f32e9000000,0x00007f3368ffc350,0x00007f3369000000)
 Metaspace       used 7360K, committed 7488K, reserved 8192K
}
Event: 100,911 GC heap before
{Heap before GC invocations=11 (full 7):
 PSYoungGen      total 917504K, used 636117K [0x00007f3369000000, 0x00007f33a9000000, 0x00007f33a9000000)
  eden space 786432K, 80% used [0x00007f3369000000,0x00007f338fd357a0,0x00007f3399000000)
  from space 131072K, 0% used [0x00007f33a1000000,0x00007f33a1000000,0x00007f33a9000000)
  to   space 131072K, 0% used [0x00007f3399000000,0x00007f3399000000,0x00007f33a1000000)
 ParOldGen       total 2097152K, used 2097136K [0x00007f32e9000000, 0x00007f3369000000, 0x00007f3369000000)
  object space 2097152K, 99% used [0x00007f32e9000000,0x00007f3368ffc350,0x00007f3369000000)
 Metaspace       used 7360K, committed 7488K, reserved 8192K
}
Event: 117,998 GC heap after
{Heap after GC invocations=11 (full 7):
 PSYoungGen      total 917504K, used 368107K [0x00007f3369000000, 0x00007f33a9000000, 0x00007f33a9000000)
  eden space 786432K, 46% used [0x00007f3369000000,0x00007f337f77ae30,0x00007f3399000000)
  from space 131072K, 0% used [0x00007f3399000000,0x00007f3399000000,0x00007f33a1000000)
  to   space 131072K, 0% used [0x00007f33a1000000,0x00007f33a1000000,0x00007f33a9000000)
 ParOldGen       total 2097152K, used 2097122K [0x00007f32e9000000, 0x00007f3369000000, 0x00007f3369000000)
  object space 2097152K, 99% used [0x00007f32e9000000,0x00007f3368ff8940,0x00007f3369000000)
 Metaspace       used 7360K, committed 7488K, reserved 8192K
}
Event: 117,998 GC heap before
{Heap before GC invocations=12 (full 8):
 PSYoungGen      total 917504K, used 368107K [0x00007f3369000000, 0x00007f33a9000000, 0x00007f33a9000000)
  eden space 786432K, 46% used [0x00007f3369000000,0x00007f337f77ae30,0x00007f3399000000)
  from space 131072K, 0% used [0x00007f3399000000,0x00007f3399000000,0x00007f33a1000000)
  to   space 131072K, 0% used [0x00007f33a1000000,0x00007f33a1000000,0x00007f33a9000000)
 ParOldGen       total 2097152K, used 2097122K [0x00007f32e9000000, 0x00007f3369000000, 0x00007f3369000000)
  object space 2097152K, 99% used [0x00007f32e9000000,0x00007f3368ff8940,0x00007f3369000000)
 Metaspace       used 7360K, committed 7488K, reserved 8192K
}

