# JRE version: OpenJDK Runtime Environment (17.0.6) (fastdebug build 17.0.6-internal+0-adhoc.konstdelis.jdk17u067)
# Java VM: OpenJDK 64-Bit Server VM (fastdebug 17.0.6-internal+0-adhoc.konstdelis.jdk17u067, mixed mode, tiered, parallel gc, linux-amd64)
GC Precious Log:
 CPUs: 32 total, 32 available
 Memory: 251G
 Large Page Support: Disabled
 NUMA Support: Disabled
 Compressed Oops: Disabled
 Alignments: Space 512K, Generation 512K, Heap 2M
 Heap Min Capacity: 3G
 Heap Initial Capacity: 3G
 Heap Max Capacity: 3G
 Pre-touch: Disabled
 Parallel Workers: 1
Heap:
 PSYoungGen      total 917504K, used 20971K [0x00007e9300800000, 0x00007e9340800000, 0x00007e9340800000)
  eden space 786432K, 2% used [0x00007e9300800000,0x00007e9301c7aff0,0x00007e9330800000)
  from space 131072K, 0% used [0x00007e9338800000,0x00007e9338800000,0x00007e9340800000)
  to   space 131072K, 0% used [0x00007e9330800000,0x00007e9330800000,0x00007e9338800000)
 ParOldGen       total 2621440K, used 263619K [0x00007e9280800000, 0x00007e9300800000, 0x00007e9300800000)
  object space 2621440K, 10% used [0x00007e9280800000,0x00007e9290970e90,0x00007e9320800000)
 Metaspace       used 7395K, committed 7488K, reserved 8192K
GC Heap History (8 events):
Event: 2,509 GC heap before
{Heap before GC invocations=1 (full 0):
 PSYoungGen      total 917504K, used 94372K [0x00007e9300800000, 0x00007e9340800000, 0x00007e9340800000)
  eden space 786432K, 12% used [0x00007e9300800000,0x00007e93064291b0,0x00007e9330800000)
  from space 131072K, 0% used [0x00007e9338800000,0x00007e9338800000,0x00007e9340800000)
  to   space 131072K, 0% used [0x00007e9330800000,0x00007e9330800000,0x00007e9338800000)
 ParOldGen       total 2097152K, used 0K [0x00007e9280800000, 0x00007e9300800000, 0x00007e9300800000)
  object space 2097152K, 0% used [0x00007e9280800000,0x00007e9280800000,0x00007e9300800000)
 Metaspace       used 7391K, committed 7488K, reserved 8192K
}
Event: 2,540 GC heap after
{Heap after GC invocations=1 (full 0):
 PSYoungGen      total 917504K, used 1520K [0x00007e9300800000, 0x00007e9340800000, 0x00007e9340800000)
  eden space 786432K, 0% used [0x00007e9300800000,0x00007e9300800000,0x00007e9330800000)
  from space 131072K, 1% used [0x00007e9330800000,0x00007e933097c020,0x00007e9338800000)
  to   space 131072K, 0% used [0x00007e9338800000,0x00007e9338800000,0x00007e9340800000)
 ParOldGen       total 2097152K, used 0K [0x00007e9280800000, 0x00007e9300800000, 0x00007e9300800000)
  object space 2097152K, 0% used [0x00007e9280800000,0x00007e9280800000,0x00007e9300800000)
 Metaspace       used 7391K, committed 7488K, reserved 8192K
}
Event: 2,541 GC heap before
{Heap before GC invocations=2 (full 1):
 PSYoungGen      total 917504K, used 1520K [0x00007e9300800000, 0x00007e9340800000, 0x00007e9340800000)
  eden space 786432K, 0% used [0x00007e9300800000,0x00007e9300800000,0x00007e9330800000)
  from space 131072K, 1% used [0x00007e9330800000,0x00007e933097c020,0x00007e9338800000)
  to   space 131072K, 0% used [0x00007e9338800000,0x00007e9338800000,0x00007e9340800000)
 ParOldGen       total 2097152K, used 0K [0x00007e9280800000, 0x00007e9300800000, 0x00007e9300800000)
  object space 2097152K, 0% used [0x00007e9280800000,0x00007e9280800000,0x00007e9300800000)
 Metaspace       used 7391K, committed 7488K, reserved 8192K
}
Event: 2,589 GC heap after
{Heap after GC invocations=2 (full 1):
 PSYoungGen      total 917504K, used 0K [0x00007e9300800000, 0x00007e9340800000, 0x00007e9340800000)
  eden space 786432K, 0% used [0x00007e9300800000,0x00007e9300800000,0x00007e9330800000)
  from space 131072K, 0% used [0x00007e9330800000,0x00007e9330800000,0x00007e9338800000)
  to   space 131072K, 0% used [0x00007e9338800000,0x00007e9338800000,0x00007e9340800000)
 ParOldGen       total 2359296K, used 1480K [0x00007e9280800000, 0x00007e9300800000, 0x00007e9300800000)
  object space 2359296K, 0% used [0x00007e9280800000,0x00007e9280972310,0x00007e9310800000)
 Metaspace       used 7391K, committed 7488K, reserved 8192K
}
Event: 2,592 GC heap before
{Heap before GC invocations=3 (full 1):
 PSYoungGen      total 917504K, used 15728K [0x00007e9300800000, 0x00007e9340800000, 0x00007e9340800000)
  eden space 786432K, 2% used [0x00007e9300800000,0x00007e930175c2c8,0x00007e9330800000)
  from space 131072K, 0% used [0x00007e9330800000,0x00007e9330800000,0x00007e9338800000)
  to   space 131072K, 0% used [0x00007e9338800000,0x00007e9338800000,0x00007e9340800000)
 ParOldGen       total 2359296K, used 1480K [0x00007e9280800000, 0x00007e9300800000, 0x00007e9300800000)
  object space 2359296K, 0% used [0x00007e9280800000,0x00007e9280972310,0x00007e9310800000)
 Metaspace       used 7391K, committed 7488K, reserved 8192K
}
Event: 2,595 GC heap after
{Heap after GC invocations=3 (full 1):
 PSYoungGen      total 917504K, used 0K [0x00007e9300800000, 0x00007e9340800000, 0x00007e9340800000)
  eden space 786432K, 0% used [0x00007e9300800000,0x00007e9300800000,0x00007e9330800000)
  from space 131072K, 0% used [0x00007e9338800000,0x00007e9338800000,0x00007e9340800000)
  to   space 131072K, 0% used [0x00007e9330800000,0x00007e9330800000,0x00007e9338800000)
 ParOldGen       total 2359296K, used 1480K [0x00007e9280800000, 0x00007e9300800000, 0x00007e9300800000)
  object space 2359296K, 0% used [0x00007e9280800000,0x00007e9280972310,0x00007e9310800000)
 Metaspace       used 7391K, committed 7488K, reserved 8192K
}
Event: 2,596 GC heap before
{Heap before GC invocations=4 (full 2):
 PSYoungGen      total 917504K, used 0K [0x00007e9300800000, 0x00007e9340800000, 0x00007e9340800000)
  eden space 786432K, 0% used [0x00007e9300800000,0x00007e9300800000,0x00007e9330800000)
  from space 131072K, 0% used [0x00007e9338800000,0x00007e9338800000,0x00007e9340800000)
  to   space 131072K, 0% used [0x00007e9330800000,0x00007e9330800000,0x00007e9338800000)
 ParOldGen       total 2359296K, used 1480K [0x00007e9280800000, 0x00007e9300800000, 0x00007e9300800000)
  object space 2359296K, 0% used [0x00007e9280800000,0x00007e9280972310,0x00007e9310800000)
 Metaspace       used 7391K, committed 7488K, reserved 8192K
}
Event: 2,826 GC heap after
{Heap after GC invocations=4 (full 2):
 PSYoungGen      total 917504K, used 0K [0x00007e9300800000, 0x00007e9340800000, 0x00007e9340800000)
  eden space 786432K, 0% used [0x00007e9300800000,0x00007e9300800000,0x00007e9330800000)
  from space 131072K, 0% used [0x00007e9338800000,0x00007e9338800000,0x00007e9340800000)
  to   space 131072K, 0% used [0x00007e9330800000,0x00007e9330800000,0x00007e9338800000)
 ParOldGen       total 2621440K, used 263619K [0x00007e9280800000, 0x00007e9300800000, 0x00007e9300800000)
  object space 2621440K, 10% used [0x00007e9280800000,0x00007e9290970e90,0x00007e9320800000)
 Metaspace       used 7391K, committed 7488K, reserved 8192K
}

