# JRE version: OpenJDK Runtime Environment (17.0.6) (build 17.0.6-internal+0-adhoc.konstdelis.jdk17u067)
# Java VM: OpenJDK 64-Bit Server VM (17.0.6-internal+0-adhoc.konstdelis.jdk17u067, mixed mode, tiered, parallel gc, linux-amd64)
GC Precious Log:
 CPUs: 32 total, 32 available
 Memory: 251G
 Large Page Support: Disabled
 NUMA Support: Disabled
 Compressed Oops: Disabled
 Alignments: Space 512K, Generation 512K, Heap 2M
 Heap Min Capacity: 1G
 Heap Initial Capacity: 1G
 Heap Max Capacity: 1G
 Pre-touch: Disabled
 Parallel Workers: 8
Heap:
 PSYoungGen      total 305664K, used 262144K [0x00007ef397b00000, 0x00007ef3ad000000, 0x00007ef3ad000000)
  eden space 262144K, 100% used [0x00007ef397b00000,0x00007ef3a7b00000,0x00007ef3a7b00000)
  from space 43520K, 0% used [0x00007ef3a7b00000,0x00007ef3a7b00000,0x00007ef3aa580000)
  to   space 43520K, 0% used [0x00007ef3aa580000,0x00007ef3aa580000,0x00007ef3ad000000)
 ParOldGen       total 699392K, used 699332K [0x00007ef36d000000, 0x00007ef397b00000, 0x00007ef397b00000)
  object space 699392K, 99% used [0x00007ef36d000000,0x00007ef397af1038,0x00007ef397b00000)
 Metaspace       used 6426K, committed 6528K, reserved 8192K
GC Heap History (15 events):
Event: 0,663 GC heap before
{Heap before GC invocations=1 (full 0):
 PSYoungGen      total 305664K, used 262144K [0x00007ef397b00000, 0x00007ef3ad000000, 0x00007ef3ad000000)
  eden space 262144K, 100% used [0x00007ef397b00000,0x00007ef3a7b00000,0x00007ef3a7b00000)
  from space 43520K, 0% used [0x00007ef3aa580000,0x00007ef3aa580000,0x00007ef3ad000000)
  to   space 43520K, 0% used [0x00007ef3a7b00000,0x00007ef3a7b00000,0x00007ef3aa580000)
 ParOldGen       total 699392K, used 0K [0x00007ef36d000000, 0x00007ef397b00000, 0x00007ef397b00000)
  object space 699392K, 0% used [0x00007ef36d000000,0x00007ef36d000000,0x00007ef397b00000)
 Metaspace       used 6421K, committed 6528K, reserved 8192K
}
Event: 0,827 GC heap after
{Heap after GC invocations=1 (full 0):
 PSYoungGen      total 305664K, used 43504K [0x00007ef397b00000, 0x00007ef3ad000000, 0x00007ef3ad000000)
  eden space 262144K, 0% used [0x00007ef397b00000,0x00007ef397b00000,0x00007ef3a7b00000)
  from space 43520K, 99% used [0x00007ef3a7b00000,0x00007ef3aa57c040,0x00007ef3aa580000)
  to   space 43520K, 0% used [0x00007ef3aa580000,0x00007ef3aa580000,0x00007ef3ad000000)
 ParOldGen       total 699392K, used 170024K [0x00007ef36d000000, 0x00007ef397b00000, 0x00007ef397b00000)
  object space 699392K, 24% used [0x00007ef36d000000,0x00007ef37760a000,0x00007ef397b00000)
 Metaspace       used 6421K, committed 6528K, reserved 8192K
}
Event: 1,115 GC heap before
{Heap before GC invocations=2 (full 0):
 PSYoungGen      total 305664K, used 305648K [0x00007ef397b00000, 0x00007ef3ad000000, 0x00007ef3ad000000)
  eden space 262144K, 100% used [0x00007ef397b00000,0x00007ef3a7b00000,0x00007ef3a7b00000)
  from space 43520K, 99% used [0x00007ef3a7b00000,0x00007ef3aa57c040,0x00007ef3aa580000)
  to   space 43520K, 0% used [0x00007ef3aa580000,0x00007ef3aa580000,0x00007ef3ad000000)
 ParOldGen       total 699392K, used 170024K [0x00007ef36d000000, 0x00007ef397b00000, 0x00007ef397b00000)
  object space 699392K, 24% used [0x00007ef36d000000,0x00007ef37760a000,0x00007ef397b00000)
 Metaspace       used 6421K, committed 6528K, reserved 8192K
}
Event: 1,344 GC heap after
{Heap after GC invocations=2 (full 0):
 PSYoungGen      total 305664K, used 43504K [0x00007ef397b00000, 0x00007ef3ad000000, 0x00007ef3ad000000)
  eden space 262144K, 0% used [0x00007ef397b00000,0x00007ef397b00000,0x00007ef3a7b00000)
  from space 43520K, 99% used [0x00007ef3aa580000,0x00007ef3acffc020,0x00007ef3ad000000)
  to   space 43520K, 0% used [0x00007ef3a7b00000,0x00007ef3a7b00000,0x00007ef3aa580000)
 ParOldGen       total 699392K, used 415112K [0x00007ef36d000000, 0x00007ef397b00000, 0x00007ef397b00000)
  object space 699392K, 59% used [0x00007ef36d000000,0x00007ef386562020,0x00007ef397b00000)
 Metaspace       used 6421K, committed 6528K, reserved 8192K
}
Event: 1,724 GC heap before
{Heap before GC invocations=3 (full 0):
 PSYoungGen      total 305664K, used 305648K [0x00007ef397b00000, 0x00007ef3ad000000, 0x00007ef3ad000000)
  eden space 262144K, 100% used [0x00007ef397b00000,0x00007ef3a7b00000,0x00007ef3a7b00000)
  from space 43520K, 99% used [0x00007ef3aa580000,0x00007ef3acffc020,0x00007ef3ad000000)
  to   space 43520K, 0% used [0x00007ef3a7b00000,0x00007ef3a7b00000,0x00007ef3aa580000)
 ParOldGen       total 699392K, used 415112K [0x00007ef36d000000, 0x00007ef397b00000, 0x00007ef397b00000)
  object space 699392K, 59% used [0x00007ef36d000000,0x00007ef386562020,0x00007ef397b00000)
 Metaspace       used 6421K, committed 6528K, reserved 8192K
}
Event: 2,092 GC heap after
{Heap after GC invocations=3 (full 0):
 PSYoungGen      total 305664K, used 305648K [0x00007ef397b00000, 0x00007ef3ad000000, 0x00007ef3ad000000)
  eden space 262144K, 100% used [0x00007ef397b00000,0x00007ef3a7b00000,0x00007ef3a7b00000)
  from space 43520K, 99% used [0x00007ef3aa580000,0x00007ef3acffc020,0x00007ef3ad000000)
  to   space 43520K, 100% used [0x00007ef3a7b00000,0x00007ef3aa580000,0x00007ef3aa580000)
 ParOldGen       total 699392K, used 699384K [0x00007ef36d000000, 0x00007ef397b00000, 0x00007ef397b00000)
  object space 699392K, 99% used [0x00007ef36d000000,0x00007ef397afe140,0x00007ef397b00000)
 Metaspace       used 6421K, committed 6528K, reserved 8192K
}
Event: 2,092 GC heap before
{Heap before GC invocations=4 (full 1):
 PSYoungGen      total 305664K, used 305648K [0x00007ef397b00000, 0x00007ef3ad000000, 0x00007ef3ad000000)
  eden space 262144K, 100% used [0x00007ef397b00000,0x00007ef3a7b00000,0x00007ef3a7b00000)
  from space 43520K, 99% used [0x00007ef3aa580000,0x00007ef3acffc020,0x00007ef3ad000000)
  to   space 43520K, 100% used [0x00007ef3a7b00000,0x00007ef3aa580000,0x00007ef3aa580000)
 ParOldGen       total 699392K, used 699384K [0x00007ef36d000000, 0x00007ef397b00000, 0x00007ef397b00000)
  object space 699392K, 99% used [0x00007ef36d000000,0x00007ef397afe140,0x00007ef397b00000)
 Metaspace       used 6421K, committed 6528K, reserved 8192K
}
Event: 3,195 GC heap after
{Heap after GC invocations=4 (full 1):
 PSYoungGen      total 305664K, used 0K [0x00007ef397b00000, 0x00007ef3ad000000, 0x00007ef3ad000000)
  eden space 262144K, 0% used [0x00007ef397b00000,0x00007ef397b00000,0x00007ef3a7b00000)
  from space 43520K, 0% used [0x00007ef3a7b00000,0x00007ef3a7b00000,0x00007ef3aa580000)
  to   space 43520K, 0% used [0x00007ef3aa580000,0x00007ef3aa580000,0x00007ef3ad000000)
 ParOldGen       total 699392K, used 641951K [0x00007ef36d000000, 0x00007ef397b00000, 0x00007ef397b00000)
  object space 699392K, 91% used [0x00007ef36d000000,0x00007ef3942e7e30,0x00007ef397b00000)
 Metaspace       used 6421K, committed 6528K, reserved 8192K
}
Event: 3,605 GC heap before
{Heap before GC invocations=5 (full 2):
 PSYoungGen      total 305664K, used 139754K [0x00007ef397b00000, 0x00007ef3ad000000, 0x00007ef3ad000000)
  eden space 262144K, 53% used [0x00007ef397b00000,0x00007ef3a037a970,0x00007ef3a7b00000)
  from space 43520K, 0% used [0x00007ef3a7b00000,0x00007ef3a7b00000,0x00007ef3aa580000)
  to   space 43520K, 0% used [0x00007ef3aa580000,0x00007ef3aa580000,0x00007ef3ad000000)
 ParOldGen       total 699392K, used 641951K [0x00007ef36d000000, 0x00007ef397b00000, 0x00007ef397b00000)
  object space 699392K, 91% used [0x00007ef36d000000,0x00007ef3942e7e30,0x00007ef397b00000)
 Metaspace       used 6426K, committed 6528K, reserved 8192K
}
Event: 4,569 GC heap after
{Heap after GC invocations=5 (full 2):
 PSYoungGen      total 305664K, used 70652K [0x00007ef397b00000, 0x00007ef3ad000000, 0x00007ef3ad000000)
  eden space 262144K, 26% used [0x00007ef397b00000,0x00007ef39bfff330,0x00007ef3a7b00000)
  from space 43520K, 0% used [0x00007ef3a7b00000,0x00007ef3a7b00000,0x00007ef3aa580000)
  to   space 43520K, 0% used [0x00007ef3aa580000,0x00007ef3aa580000,0x00007ef3ad000000)
 ParOldGen       total 699392K, used 699289K [0x00007ef36d000000, 0x00007ef397b00000, 0x00007ef397b00000)
  object space 699392K, 99% used [0x00007ef36d000000,0x00007ef397ae6520,0x00007ef397b00000)
 Metaspace       used 6426K, committed 6528K, reserved 8192K
}
Event: 4,768 GC heap before
{Heap before GC invocations=6 (full 3):
 PSYoungGen      total 305664K, used 262144K [0x00007ef397b00000, 0x00007ef3ad000000, 0x00007ef3ad000000)
  eden space 262144K, 100% used [0x00007ef397b00000,0x00007ef3a7b00000,0x00007ef3a7b00000)
  from space 43520K, 0% used [0x00007ef3a7b00000,0x00007ef3a7b00000,0x00007ef3aa580000)
  to   space 43520K, 0% used [0x00007ef3aa580000,0x00007ef3aa580000,0x00007ef3ad000000)
 ParOldGen       total 699392K, used 699289K [0x00007ef36d000000, 0x00007ef397b00000, 0x00007ef397b00000)
  object space 699392K, 99% used [0x00007ef36d000000,0x00007ef397ae6520,0x00007ef397b00000)
 Metaspace       used 6426K, committed 6528K, reserved 8192K
}
Event: 24,392 GC heap after
{Heap after GC invocations=6 (full 3):
 PSYoungGen      total 305664K, used 0K [0x00007ef397b00000, 0x00007ef3ad000000, 0x00007ef3ad000000)
  eden space 262144K, 0% used [0x00007ef397b00000,0x00007ef397b00000,0x00007ef3a7b00000)
  from space 43520K, 0% used [0x00007ef3aa580000,0x00007ef3aa580000,0x00007ef3ad000000)
  to   space 43520K, 0% used [0x00007ef3a7b00000,0x00007ef3a7b00000,0x00007ef3aa580000)
 ParOldGen       total 699392K, used 694008K [0x00007ef36d000000, 0x00007ef397b00000, 0x00007ef397b00000)
  object space 699392K, 99% used [0x00007ef36d000000,0x00007ef3975be2e8,0x00007ef397b00000)
 Metaspace       used 6426K, committed 6528K, reserved 8192K
}
Event: 24,884 GC heap before
{Heap before GC invocations=7 (full 4):
 PSYoungGen      total 305664K, used 262144K [0x00007ef397b00000, 0x00007ef3ad000000, 0x00007ef3ad000000)
  eden space 262144K, 100% used [0x00007ef397b00000,0x00007ef3a7b00000,0x00007ef3a7b00000)
  from space 43520K, 0% used [0x00007ef3aa580000,0x00007ef3aa580000,0x00007ef3ad000000)
  to   space 43520K, 0% used [0x00007ef3a7b00000,0x00007ef3a7b00000,0x00007ef3aa580000)
 ParOldGen       total 699392K, used 694008K [0x00007ef36d000000, 0x00007ef397b00000, 0x00007ef397b00000)
  object space 699392K, 99% used [0x00007ef36d000000,0x00007ef3975be2e8,0x00007ef397b00000)
 Metaspace       used 6426K, committed 6528K, reserved 8192K
}
Event: 30,897 GC heap after
{Heap after GC invocations=7 (full 4):
 PSYoungGen      total 305664K, used 75012K [0x00007ef397b00000, 0x00007ef3ad000000, 0x00007ef3ad000000)
  eden space 262144K, 28% used [0x00007ef397b00000,0x00007ef39c441180,0x00007ef3a7b00000)
  from space 43520K, 0% used [0x00007ef3a7b00000,0x00007ef3a7b00000,0x00007ef3aa580000)
  to   space 43520K, 0% used [0x00007ef3aa580000,0x00007ef3aa580000,0x00007ef3ad000000)
 ParOldGen       total 699392K, used 699332K [0x00007ef36d000000, 0x00007ef397b00000, 0x00007ef397b00000)
  object space 699392K, 99% used [0x00007ef36d000000,0x00007ef397af1038,0x00007ef397b00000)
 Metaspace       used 6426K, committed 6528K, reserved 8192K
}
Event: 31,052 GC heap before
{Heap before GC invocations=8 (full 5):
 PSYoungGen      total 305664K, used 262144K [0x00007ef397b00000, 0x00007ef3ad000000, 0x00007ef3ad000000)
  eden space 262144K, 100% used [0x00007ef397b00000,0x00007ef3a7b00000,0x00007ef3a7b00000)
  from space 43520K, 0% used [0x00007ef3a7b00000,0x00007ef3a7b00000,0x00007ef3aa580000)
  to   space 43520K, 0% used [0x00007ef3aa580000,0x00007ef3aa580000,0x00007ef3ad000000)
 ParOldGen       total 699392K, used 699332K [0x00007ef36d000000, 0x00007ef397b00000, 0x00007ef397b00000)
  object space 699392K, 99% used [0x00007ef36d000000,0x00007ef397af1038,0x00007ef397b00000)
 Metaspace       used 6426K, committed 6528K, reserved 8192K
}

