# JRE version: OpenJDK Runtime Environment (17.0.6) (fastdebug build 17.0.6-internal+0-adhoc.konstdelis.jdk17u067)
# Java VM: OpenJDK 64-Bit Server VM (fastdebug 17.0.6-internal+0-adhoc.konstdelis.jdk17u067, mixed mode, tiered, parallel gc, linux-amd64)
GC Precious Log:
 CPUs: 32 total, 32 available
 Memory: 251G
 Large Page Support: Disabled
 NUMA Support: Disabled
 Compressed Oops: Disabled
 Alignments: Space 512K, Generation 512K, Heap 2M
 Heap Min Capacity: 1G
 Heap Initial Capacity: 1G
 Heap Max Capacity: 1G
 Pre-touch: Disabled
 Parallel Workers: 1
Heap:
 PSYoungGen      total 305664K, used 32K [0x00007f50cb700000, 0x00007f50e0c00000, 0x00007f50e0c00000)
  eden space 262144K, 0% used [0x00007f50cb700000,0x00007f50cb700000,0x00007f50db700000)
  from space 43520K, 0% used [0x00007f50db700000,0x00007f50db708000,0x00007f50de180000)
  to   space 43520K, 0% used [0x00007f50de180000,0x00007f50de180000,0x00007f50e0c00000)
 ParOldGen       total 699392K, used 221540K [0x00007f50a0c00000, 0x00007f50cb700000, 0x00007f50cb700000)
  object space 699392K, 31% used [0x00007f50a0c00000,0x00007f50ae4590d8,0x00007f50cb700000)
 Metaspace       used 6722K, committed 6784K, reserved 8192K
GC Heap History (11 events):
Event: 2,058 GC heap before
{Heap before GC invocations=1 (full 0):
 PSYoungGen      total 305664K, used 244656K [0x00007f50cb700000, 0x00007f50e0c00000, 0x00007f50e0c00000)
  eden space 262144K, 93% used [0x00007f50cb700000,0x00007f50da5ec1b0,0x00007f50db700000)
  from space 43520K, 0% used [0x00007f50de180000,0x00007f50de180000,0x00007f50e0c00000)
  to   space 43520K, 0% used [0x00007f50db700000,0x00007f50db700000,0x00007f50de180000)
 ParOldGen       total 699392K, used 0K [0x00007f50a0c00000, 0x00007f50cb700000, 0x00007f50cb700000)
  object space 699392K, 0% used [0x00007f50a0c00000,0x00007f50a0c00000,0x00007f50cb700000)
 Metaspace       used 6722K, committed 6784K, reserved 8192K
}
Event: 3,471 GC heap after
{Heap after GC invocations=1 (full 0):
 PSYoungGen      total 305664K, used 43488K [0x00007f50cb700000, 0x00007f50e0c00000, 0x00007f50e0c00000)
  eden space 262144K, 0% used [0x00007f50cb700000,0x00007f50cb700000,0x00007f50db700000)
  from space 43520K, 99% used [0x00007f50db700000,0x00007f50de178020,0x00007f50de180000)
  to   space 43520K, 0% used [0x00007f50de180000,0x00007f50de180000,0x00007f50e0c00000)
 ParOldGen       total 699392K, used 115688K [0x00007f50a0c00000, 0x00007f50cb700000, 0x00007f50cb700000)
  object space 699392K, 16% used [0x00007f50a0c00000,0x00007f50a7cfa000,0x00007f50cb700000)
 Metaspace       used 6722K, committed 6784K, reserved 8192K
}
Event: 3,471 GC heap before
{Heap before GC invocations=2 (full 1):
 PSYoungGen      total 305664K, used 43488K [0x00007f50cb700000, 0x00007f50e0c00000, 0x00007f50e0c00000)
  eden space 262144K, 0% used [0x00007f50cb700000,0x00007f50cb700000,0x00007f50db700000)
  from space 43520K, 99% used [0x00007f50db700000,0x00007f50de178020,0x00007f50de180000)
  to   space 43520K, 0% used [0x00007f50de180000,0x00007f50de180000,0x00007f50e0c00000)
 ParOldGen       total 699392K, used 115688K [0x00007f50a0c00000, 0x00007f50cb700000, 0x00007f50cb700000)
  object space 699392K, 16% used [0x00007f50a0c00000,0x00007f50a7cfa000,0x00007f50cb700000)
 Metaspace       used 6722K, committed 6784K, reserved 8192K
}
Event: 6,284 GC heap after
{Heap after GC invocations=2 (full 1):
 PSYoungGen      total 305664K, used 0K [0x00007f50cb700000, 0x00007f50e0c00000, 0x00007f50e0c00000)
  eden space 262144K, 0% used [0x00007f50cb700000,0x00007f50cb700000,0x00007f50db700000)
  from space 43520K, 0% used [0x00007f50db700000,0x00007f50db700000,0x00007f50de180000)
  to   space 43520K, 0% used [0x00007f50de180000,0x00007f50de180000,0x00007f50e0c00000)
 ParOldGen       total 699392K, used 158299K [0x00007f50a0c00000, 0x00007f50cb700000, 0x00007f50cb700000)
  object space 699392K, 22% used [0x00007f50a0c00000,0x00007f50aa696c90,0x00007f50cb700000)
 Metaspace       used 6722K, committed 6784K, reserved 8192K
}
Event: 6,607 GC heap before
{Heap before GC invocations=3 (full 1):
 PSYoungGen      total 305664K, used 199559K [0x00007f50cb700000, 0x00007f50e0c00000, 0x00007f50e0c00000)
  eden space 262144K, 76% used [0x00007f50cb700000,0x00007f50d79e1fd0,0x00007f50db700000)
  from space 43520K, 0% used [0x00007f50db700000,0x00007f50db700000,0x00007f50de180000)
  to   space 43520K, 0% used [0x00007f50de180000,0x00007f50de180000,0x00007f50e0c00000)
 ParOldGen       total 699392K, used 158299K [0x00007f50a0c00000, 0x00007f50cb700000, 0x00007f50cb700000)
  object space 699392K, 22% used [0x00007f50a0c00000,0x00007f50aa696c90,0x00007f50cb700000)
 Metaspace       used 6722K, committed 6784K, reserved 8192K
}
Event: 8,505 GC heap after
{Heap after GC invocations=3 (full 1):
 PSYoungGen      total 305664K, used 43520K [0x00007f50cb700000, 0x00007f50e0c00000, 0x00007f50e0c00000)
  eden space 262144K, 0% used [0x00007f50cb700000,0x00007f50cb700000,0x00007f50db700000)
  from space 43520K, 100% used [0x00007f50de180000,0x00007f50e0c00000,0x00007f50e0c00000)
  to   space 43520K, 0% used [0x00007f50db700000,0x00007f50db700000,0x00007f50de180000)
 ParOldGen       total 699392K, used 310675K [0x00007f50a0c00000, 0x00007f50cb700000, 0x00007f50cb700000)
  object space 699392K, 44% used [0x00007f50a0c00000,0x00007f50b3b64cb0,0x00007f50cb700000)
 Metaspace       used 6722K, committed 6784K, reserved 8192K
}
Event: 8,505 GC heap before
{Heap before GC invocations=4 (full 2):
 PSYoungGen      total 305664K, used 43520K [0x00007f50cb700000, 0x00007f50e0c00000, 0x00007f50e0c00000)
  eden space 262144K, 0% used [0x00007f50cb700000,0x00007f50cb700000,0x00007f50db700000)
  from space 43520K, 100% used [0x00007f50de180000,0x00007f50e0c00000,0x00007f50e0c00000)
  to   space 43520K, 0% used [0x00007f50db700000,0x00007f50db700000,0x00007f50de180000)
 ParOldGen       total 699392K, used 310675K [0x00007f50a0c00000, 0x00007f50cb700000, 0x00007f50cb700000)
  object space 699392K, 44% used [0x00007f50a0c00000,0x00007f50b3b64cb0,0x00007f50cb700000)
 Metaspace       used 6722K, committed 6784K, reserved 8192K
}
Event: 15,056 GC heap after
{Heap after GC invocations=4 (full 2):
 PSYoungGen      total 305664K, used 0K [0x00007f50cb700000, 0x00007f50e0c00000, 0x00007f50e0c00000)
  eden space 262144K, 0% used [0x00007f50cb700000,0x00007f50cb700000,0x00007f50db700000)
  from space 43520K, 0% used [0x00007f50de180000,0x00007f50de180000,0x00007f50e0c00000)
  to   space 43520K, 0% used [0x00007f50db700000,0x00007f50db700000,0x00007f50de180000)
 ParOldGen       total 699392K, used 221540K [0x00007f50a0c00000, 0x00007f50cb700000, 0x00007f50cb700000)
  object space 699392K, 31% used [0x00007f50a0c00000,0x00007f50ae4590d8,0x00007f50cb700000)
 Metaspace       used 6722K, committed 6784K, reserved 8192K
}
Event: 15,196 GC heap before
{Heap before GC invocations=5 (full 2):
 PSYoungGen      total 305664K, used 29870K [0x00007f50cb700000, 0x00007f50e0c00000, 0x00007f50e0c00000)
  eden space 262144K, 11% used [0x00007f50cb700000,0x00007f50cd42b9d8,0x00007f50db700000)
  from space 43520K, 0% used [0x00007f50de180000,0x00007f50de180000,0x00007f50e0c00000)
  to   space 43520K, 0% used [0x00007f50db700000,0x00007f50db700000,0x00007f50de180000)
 ParOldGen       total 699392K, used 221540K [0x00007f50a0c00000, 0x00007f50cb700000, 0x00007f50cb700000)
  object space 699392K, 31% used [0x00007f50a0c00000,0x00007f50ae4590d8,0x00007f50cb700000)
 Metaspace       used 6722K, committed 6784K, reserved 8192K
}
Event: 15,204 GC heap after
{Heap after GC invocations=5 (full 2):
 PSYoungGen      total 305664K, used 32K [0x00007f50cb700000, 0x00007f50e0c00000, 0x00007f50e0c00000)
  eden space 262144K, 0% used [0x00007f50cb700000,0x00007f50cb700000,0x00007f50db700000)
  from space 43520K, 0% used [0x00007f50db700000,0x00007f50db708000,0x00007f50de180000)
  to   space 43520K, 0% used [0x00007f50de180000,0x00007f50de180000,0x00007f50e0c00000)
 ParOldGen       total 699392K, used 221540K [0x00007f50a0c00000, 0x00007f50cb700000, 0x00007f50cb700000)
  object space 699392K, 31% used [0x00007f50a0c00000,0x00007f50ae4590d8,0x00007f50cb700000)
 Metaspace       used 6722K, committed 6784K, reserved 8192K
}
Event: 15,204 GC heap before
{Heap before GC invocations=6 (full 3):
 PSYoungGen      total 305664K, used 32K [0x00007f50cb700000, 0x00007f50e0c00000, 0x00007f50e0c00000)
  eden space 262144K, 0% used [0x00007f50cb700000,0x00007f50cb700000,0x00007f50db700000)
  from space 43520K, 0% used [0x00007f50db700000,0x00007f50db708000,0x00007f50de180000)
  to   space 43520K, 0% used [0x00007f50de180000,0x00007f50de180000,0x00007f50e0c00000)
 ParOldGen       total 699392K, used 221540K [0x00007f50a0c00000, 0x00007f50cb700000, 0x00007f50cb700000)
  object space 699392K, 31% used [0x00007f50a0c00000,0x00007f50ae4590d8,0x00007f50cb700000)
 Metaspace       used 6722K, committed 6784K, reserved 8192K
}

