# JRE version: OpenJDK Runtime Environment (17.0.6) (fastdebug build 17.0.6-internal+0-adhoc.konstdelis.jdk17u067)
# Java VM: OpenJDK 64-Bit Server VM (fastdebug 17.0.6-internal+0-adhoc.konstdelis.jdk17u067, mixed mode, tiered, parallel gc, linux-amd64)
GC Precious Log:
 CPUs: 32 total, 32 available
 Memory: 251G
 Large Page Support: Disabled
 NUMA Support: Disabled
 Compressed Oops: Disabled
 Alignments: Space 512K, Generation 512K, Heap 2M
 Heap Min Capacity: 3G
 Heap Initial Capacity: 3G
 Heap Max Capacity: 3G
 Pre-touch: Disabled
 Parallel Workers: 1
Heap:
 PSYoungGen      total 917504K, used 31457K [0x00007ea355000000, 0x00007ea395000000, 0x00007ea395000000)
  eden space 786432K, 4% used [0x00007ea355000000,0x00007ea356eb8570,0x00007ea385000000)
  from space 131072K, 0% used [0x00007ea38d000000,0x00007ea38d000000,0x00007ea395000000)
  to   space 131072K, 0% used [0x00007ea385000000,0x00007ea385008000,0x00007ea38d000000)
 ParOldGen       total 2097152K, used 263619K [0x00007ea2d5000000, 0x00007ea355000000, 0x00007ea355000000)
  object space 2097152K, 12% used [0x00007ea2d5000000,0x00007ea2e5170e58,0x00007ea355000000)
 Metaspace       used 7389K, committed 7488K, reserved 8192K
GC Heap History (9 events):
Event: 2,523 GC heap before
{Heap before GC invocations=1 (full 0):
 PSYoungGen      total 917504K, used 78643K [0x00007ea355000000, 0x00007ea395000000, 0x00007ea395000000)
  eden space 786432K, 10% used [0x00007ea355000000,0x00007ea359cccf00,0x00007ea385000000)
  from space 131072K, 0% used [0x00007ea38d000000,0x00007ea38d000000,0x00007ea395000000)
  to   space 131072K, 0% used [0x00007ea385000000,0x00007ea385000000,0x00007ea38d000000)
 ParOldGen       total 2097152K, used 0K [0x00007ea2d5000000, 0x00007ea355000000, 0x00007ea355000000)
  object space 2097152K, 0% used [0x00007ea2d5000000,0x00007ea2d5000000,0x00007ea355000000)
 Metaspace       used 7389K, committed 7488K, reserved 8192K
}
Event: 2,551 GC heap after
{Heap after GC invocations=1 (full 0):
 PSYoungGen      total 917504K, used 1520K [0x00007ea355000000, 0x00007ea395000000, 0x00007ea395000000)
  eden space 786432K, 0% used [0x00007ea355000000,0x00007ea355000000,0x00007ea385000000)
  from space 131072K, 1% used [0x00007ea385000000,0x00007ea38517c020,0x00007ea38d000000)
  to   space 131072K, 0% used [0x00007ea38d000000,0x00007ea38d000000,0x00007ea395000000)
 ParOldGen       total 2097152K, used 0K [0x00007ea2d5000000, 0x00007ea355000000, 0x00007ea355000000)
  object space 2097152K, 0% used [0x00007ea2d5000000,0x00007ea2d5000000,0x00007ea355000000)
 Metaspace       used 7389K, committed 7488K, reserved 8192K
}
Event: 2,551 GC heap before
{Heap before GC invocations=2 (full 1):
 PSYoungGen      total 917504K, used 1520K [0x00007ea355000000, 0x00007ea395000000, 0x00007ea395000000)
  eden space 786432K, 0% used [0x00007ea355000000,0x00007ea355000000,0x00007ea385000000)
  from space 131072K, 1% used [0x00007ea385000000,0x00007ea38517c020,0x00007ea38d000000)
  to   space 131072K, 0% used [0x00007ea38d000000,0x00007ea38d000000,0x00007ea395000000)
 ParOldGen       total 2097152K, used 0K [0x00007ea2d5000000, 0x00007ea355000000, 0x00007ea355000000)
  object space 2097152K, 0% used [0x00007ea2d5000000,0x00007ea2d5000000,0x00007ea355000000)
 Metaspace       used 7389K, committed 7488K, reserved 8192K
}
Event: 2,599 GC heap after
{Heap after GC invocations=2 (full 1):
 PSYoungGen      total 917504K, used 0K [0x00007ea355000000, 0x00007ea395000000, 0x00007ea395000000)
  eden space 786432K, 0% used [0x00007ea355000000,0x00007ea355000000,0x00007ea385000000)
  from space 131072K, 0% used [0x00007ea385000000,0x00007ea385000000,0x00007ea38d000000)
  to   space 131072K, 0% used [0x00007ea38d000000,0x00007ea38d000000,0x00007ea395000000)
 ParOldGen       total 2097152K, used 1480K [0x00007ea2d5000000, 0x00007ea355000000, 0x00007ea355000000)
  object space 2097152K, 0% used [0x00007ea2d5000000,0x00007ea2d5172288,0x00007ea355000000)
 Metaspace       used 7389K, committed 7488K, reserved 8192K
}
Event: 2,602 GC heap before
{Heap before GC invocations=3 (full 1):
 PSYoungGen      total 917504K, used 31457K [0x00007ea355000000, 0x00007ea395000000, 0x00007ea395000000)
  eden space 786432K, 4% used [0x00007ea355000000,0x00007ea356eb8570,0x00007ea385000000)
  from space 131072K, 0% used [0x00007ea385000000,0x00007ea385000000,0x00007ea38d000000)
  to   space 131072K, 0% used [0x00007ea38d000000,0x00007ea38d000000,0x00007ea395000000)
 ParOldGen       total 2097152K, used 1480K [0x00007ea2d5000000, 0x00007ea355000000, 0x00007ea355000000)
  object space 2097152K, 0% used [0x00007ea2d5000000,0x00007ea2d5172288,0x00007ea355000000)
 Metaspace       used 7389K, committed 7488K, reserved 8192K
}
Event: 2,609 GC heap after
{Heap after GC invocations=3 (full 1):
 PSYoungGen      total 917504K, used 32K [0x00007ea355000000, 0x00007ea395000000, 0x00007ea395000000)
  eden space 786432K, 0% used [0x00007ea355000000,0x00007ea355000000,0x00007ea385000000)
  from space 131072K, 0% used [0x00007ea38d000000,0x00007ea38d008000,0x00007ea395000000)
  to   space 131072K, 0% used [0x00007ea385000000,0x00007ea385000000,0x00007ea38d000000)
 ParOldGen       total 2097152K, used 1480K [0x00007ea2d5000000, 0x00007ea355000000, 0x00007ea355000000)
  object space 2097152K, 0% used [0x00007ea2d5000000,0x00007ea2d5172288,0x00007ea355000000)
 Metaspace       used 7389K, committed 7488K, reserved 8192K
}
Event: 2,609 GC heap before
{Heap before GC invocations=4 (full 2):
 PSYoungGen      total 917504K, used 32K [0x00007ea355000000, 0x00007ea395000000, 0x00007ea395000000)
  eden space 786432K, 0% used [0x00007ea355000000,0x00007ea355000000,0x00007ea385000000)
  from space 131072K, 0% used [0x00007ea38d000000,0x00007ea38d008000,0x00007ea395000000)
  to   space 131072K, 0% used [0x00007ea385000000,0x00007ea385000000,0x00007ea38d000000)
 ParOldGen       total 2097152K, used 1480K [0x00007ea2d5000000, 0x00007ea355000000, 0x00007ea355000000)
  object space 2097152K, 0% used [0x00007ea2d5000000,0x00007ea2d5172288,0x00007ea355000000)
 Metaspace       used 7389K, committed 7488K, reserved 8192K
}
Event: 2,841 GC heap after
{Heap after GC invocations=4 (full 2):
 PSYoungGen      total 917504K, used 0K [0x00007ea355000000, 0x00007ea395000000, 0x00007ea395000000)
  eden space 786432K, 0% used [0x00007ea355000000,0x00007ea355000000,0x00007ea385000000)
  from space 131072K, 0% used [0x00007ea38d000000,0x00007ea38d000000,0x00007ea395000000)
  to   space 131072K, 0% used [0x00007ea385000000,0x00007ea385000000,0x00007ea38d000000)
 ParOldGen       total 2097152K, used 263619K [0x00007ea2d5000000, 0x00007ea355000000, 0x00007ea355000000)
  object space 2097152K, 12% used [0x00007ea2d5000000,0x00007ea2e5170e58,0x00007ea355000000)
 Metaspace       used 7389K, committed 7488K, reserved 8192K
}
Event: 2,845 GC heap before
{Heap before GC invocations=5 (full 2):
 PSYoungGen      total 917504K, used 31457K [0x00007ea355000000, 0x00007ea395000000, 0x00007ea395000000)
  eden space 786432K, 4% used [0x00007ea355000000,0x00007ea356eb8570,0x00007ea385000000)
  from space 131072K, 0% used [0x00007ea38d000000,0x00007ea38d000000,0x00007ea395000000)
  to   space 131072K, 0% used [0x00007ea385000000,0x00007ea385000000,0x00007ea38d000000)
 ParOldGen       total 2097152K, used 263619K [0x00007ea2d5000000, 0x00007ea355000000, 0x00007ea355000000)
  object space 2097152K, 12% used [0x00007ea2d5000000,0x00007ea2e5170e58,0x00007ea355000000)
 Metaspace       used 7389K, committed 7488K, reserved 8192K
}

