# JRE version: OpenJDK Runtime Environment (17.0.6) (fastdebug build 17.0.6-internal+0-adhoc.konstdelis.jdk17u067)
# Java VM: OpenJDK 64-Bit Server VM (fastdebug 17.0.6-internal+0-adhoc.konstdelis.jdk17u067, mixed mode, tiered, parallel gc, linux-amd64)
GC Precious Log:
 CPUs: 32 total, 32 available
 Memory: 251G
 Large Page Support: Disabled
 NUMA Support: Disabled
 Compressed Oops: Disabled
 Alignments: Space 512K, Generation 512K, Heap 2M
 Heap Min Capacity: 1G
 Heap Initial Capacity: 1G
 Heap Max Capacity: 1G
 Pre-touch: Disabled
 Parallel Workers: 8
Heap:
 PSYoungGen      total 305664K, used 149352K [0x00007ea53bb00000, 0x00007ea551000000, 0x00007ea551000000)
  eden space 262144K, 56% used [0x00007ea53bb00000,0x00007ea544cda1b0,0x00007ea54bb00000)
  from space 43520K, 0% used [0x00007ea54bb00000,0x00007ea54bb00000,0x00007ea54e580000)
  to   space 43520K, 100% used [0x00007ea54e580000,0x00007ea551000000,0x00007ea551000000)
 ParOldGen       total 699392K, used 428790K [0x00007ea511000000, 0x00007ea53bb00000, 0x00007ea53bb00000)
  object space 699392K, 61% used [0x00007ea511000000,0x00007ea52b2bdba8,0x00007ea53bb00000)
 Metaspace       used 6722K, committed 6784K, reserved 8192K
GC Heap History (13 events):
Event: 2,001 GC heap before
{Heap before GC invocations=1 (full 0):
 PSYoungGen      total 305664K, used 244656K [0x00007ea53bb00000, 0x00007ea551000000, 0x00007ea551000000)
  eden space 262144K, 93% used [0x00007ea53bb00000,0x00007ea54a9ec158,0x00007ea54bb00000)
  from space 43520K, 0% used [0x00007ea54e580000,0x00007ea54e580000,0x00007ea551000000)
  to   space 43520K, 0% used [0x00007ea54bb00000,0x00007ea54bb00000,0x00007ea54e580000)
 ParOldGen       total 699392K, used 0K [0x00007ea511000000, 0x00007ea53bb00000, 0x00007ea53bb00000)
  object space 699392K, 0% used [0x00007ea511000000,0x00007ea511000000,0x00007ea53bb00000)
 Metaspace       used 6722K, committed 6784K, reserved 8192K
}
Event: 2,286 GC heap after
{Heap after GC invocations=1 (full 0):
 PSYoungGen      total 305664K, used 43504K [0x00007ea53bb00000, 0x00007ea551000000, 0x00007ea551000000)
  eden space 262144K, 0% used [0x00007ea53bb00000,0x00007ea53bb00000,0x00007ea54bb00000)
  from space 43520K, 99% used [0x00007ea54bb00000,0x00007ea54e57c060,0x00007ea54e580000)
  to   space 43520K, 0% used [0x00007ea54e580000,0x00007ea54e580000,0x00007ea551000000)
 ParOldGen       total 699392K, used 132144K [0x00007ea511000000, 0x00007ea53bb00000, 0x00007ea53bb00000)
  object space 699392K, 18% used [0x00007ea511000000,0x00007ea51910c000,0x00007ea53bb00000)
 Metaspace       used 6722K, committed 6784K, reserved 8192K
}
Event: 2,286 GC heap before
{Heap before GC invocations=2 (full 1):
 PSYoungGen      total 305664K, used 43504K [0x00007ea53bb00000, 0x00007ea551000000, 0x00007ea551000000)
  eden space 262144K, 0% used [0x00007ea53bb00000,0x00007ea53bb00000,0x00007ea54bb00000)
  from space 43520K, 99% used [0x00007ea54bb00000,0x00007ea54e57c060,0x00007ea54e580000)
  to   space 43520K, 0% used [0x00007ea54e580000,0x00007ea54e580000,0x00007ea551000000)
 ParOldGen       total 699392K, used 132144K [0x00007ea511000000, 0x00007ea53bb00000, 0x00007ea53bb00000)
  object space 699392K, 18% used [0x00007ea511000000,0x00007ea51910c000,0x00007ea53bb00000)
 Metaspace       used 6722K, committed 6784K, reserved 8192K
}
Event: 3,099 GC heap after
{Heap after GC invocations=2 (full 1):
 PSYoungGen      total 305664K, used 0K [0x00007ea53bb00000, 0x00007ea551000000, 0x00007ea551000000)
  eden space 262144K, 0% used [0x00007ea53bb00000,0x00007ea53bb00000,0x00007ea54bb00000)
  from space 43520K, 0% used [0x00007ea54bb00000,0x00007ea54bb00000,0x00007ea54e580000)
  to   space 43520K, 0% used [0x00007ea54e580000,0x00007ea54e580000,0x00007ea551000000)
 ParOldGen       total 699392K, used 158298K [0x00007ea511000000, 0x00007ea53bb00000, 0x00007ea53bb00000)
  object space 699392K, 22% used [0x00007ea511000000,0x00007ea51aa96ab8,0x00007ea53bb00000)
 Metaspace       used 6722K, committed 6784K, reserved 8192K
}
Event: 3,426 GC heap before
{Heap before GC invocations=3 (full 1):
 PSYoungGen      total 305664K, used 199559K [0x00007ea53bb00000, 0x00007ea551000000, 0x00007ea551000000)
  eden space 262144K, 76% used [0x00007ea53bb00000,0x00007ea547de1fd0,0x00007ea54bb00000)
  from space 43520K, 0% used [0x00007ea54bb00000,0x00007ea54bb00000,0x00007ea54e580000)
  to   space 43520K, 0% used [0x00007ea54e580000,0x00007ea54e580000,0x00007ea551000000)
 ParOldGen       total 699392K, used 158298K [0x00007ea511000000, 0x00007ea53bb00000, 0x00007ea53bb00000)
  object space 699392K, 22% used [0x00007ea511000000,0x00007ea51aa96ab8,0x00007ea53bb00000)
 Metaspace       used 6722K, committed 6784K, reserved 8192K
}
Event: 4,068 GC heap after
{Heap after GC invocations=3 (full 1):
 PSYoungGen      total 305664K, used 43520K [0x00007ea53bb00000, 0x00007ea551000000, 0x00007ea551000000)
  eden space 262144K, 0% used [0x00007ea53bb00000,0x00007ea53bb00000,0x00007ea54bb00000)
  from space 43520K, 100% used [0x00007ea54e580000,0x00007ea551000000,0x00007ea551000000)
  to   space 43520K, 0% used [0x00007ea54bb00000,0x00007ea54bb00000,0x00007ea54e580000)
 ParOldGen       total 699392K, used 310698K [0x00007ea511000000, 0x00007ea53bb00000, 0x00007ea53bb00000)
  object space 699392K, 44% used [0x00007ea511000000,0x00007ea523f6aad8,0x00007ea53bb00000)
 Metaspace       used 6722K, committed 6784K, reserved 8192K
}
Event: 4,069 GC heap before
{Heap before GC invocations=4 (full 2):
 PSYoungGen      total 305664K, used 43520K [0x00007ea53bb00000, 0x00007ea551000000, 0x00007ea551000000)
  eden space 262144K, 0% used [0x00007ea53bb00000,0x00007ea53bb00000,0x00007ea54bb00000)
  from space 43520K, 100% used [0x00007ea54e580000,0x00007ea551000000,0x00007ea551000000)
  to   space 43520K, 0% used [0x00007ea54bb00000,0x00007ea54bb00000,0x00007ea54e580000)
 ParOldGen       total 699392K, used 310698K [0x00007ea511000000, 0x00007ea53bb00000, 0x00007ea53bb00000)
  object space 699392K, 44% used [0x00007ea511000000,0x00007ea523f6aad8,0x00007ea53bb00000)
 Metaspace       used 6722K, committed 6784K, reserved 8192K
}
Event: 6,049 GC heap after
{Heap after GC invocations=4 (full 2):
 PSYoungGen      total 305664K, used 0K [0x00007ea53bb00000, 0x00007ea551000000, 0x00007ea551000000)
  eden space 262144K, 0% used [0x00007ea53bb00000,0x00007ea53bb00000,0x00007ea54bb00000)
  from space 43520K, 0% used [0x00007ea54e580000,0x00007ea54e580000,0x00007ea551000000)
  to   space 43520K, 0% used [0x00007ea54bb00000,0x00007ea54bb00000,0x00007ea54e580000)
 ParOldGen       total 699392K, used 242293K [0x00007ea511000000, 0x00007ea53bb00000, 0x00007ea53bb00000)
  object space 699392K, 34% used [0x00007ea511000000,0x00007ea51fc9d610,0x00007ea53bb00000)
 Metaspace       used 6722K, committed 6784K, reserved 8192K
}
Event: 6,198 GC heap before
{Heap before GC invocations=5 (full 2):
 PSYoungGen      total 305664K, used 24892K [0x00007ea53bb00000, 0x00007ea551000000, 0x00007ea551000000)
  eden space 262144K, 9% used [0x00007ea53bb00000,0x00007ea53d34f038,0x00007ea54bb00000)
  from space 43520K, 0% used [0x00007ea54e580000,0x00007ea54e580000,0x00007ea551000000)
  to   space 43520K, 0% used [0x00007ea54bb00000,0x00007ea54bb00000,0x00007ea54e580000)
 ParOldGen       total 699392K, used 242293K [0x00007ea511000000, 0x00007ea53bb00000, 0x00007ea53bb00000)
  object space 699392K, 34% used [0x00007ea511000000,0x00007ea51fc9d610,0x00007ea53bb00000)
 Metaspace       used 6722K, committed 6784K, reserved 8192K
}
Event: 6,204 GC heap after
{Heap after GC invocations=5 (full 2):
 PSYoungGen      total 305664K, used 32K [0x00007ea53bb00000, 0x00007ea551000000, 0x00007ea551000000)
  eden space 262144K, 0% used [0x00007ea53bb00000,0x00007ea53bb00000,0x00007ea54bb00000)
  from space 43520K, 0% used [0x00007ea54bb00000,0x00007ea54bb08000,0x00007ea54e580000)
  to   space 43520K, 0% used [0x00007ea54e580000,0x00007ea54e580000,0x00007ea551000000)
 ParOldGen       total 699392K, used 242293K [0x00007ea511000000, 0x00007ea53bb00000, 0x00007ea53bb00000)
  object space 699392K, 34% used [0x00007ea511000000,0x00007ea51fc9d610,0x00007ea53bb00000)
 Metaspace       used 6722K, committed 6784K, reserved 8192K
}
Event: 6,204 GC heap before
{Heap before GC invocations=6 (full 3):
 PSYoungGen      total 305664K, used 32K [0x00007ea53bb00000, 0x00007ea551000000, 0x00007ea551000000)
  eden space 262144K, 0% used [0x00007ea53bb00000,0x00007ea53bb00000,0x00007ea54bb00000)
  from space 43520K, 0% used [0x00007ea54bb00000,0x00007ea54bb08000,0x00007ea54e580000)
  to   space 43520K, 0% used [0x00007ea54e580000,0x00007ea54e580000,0x00007ea551000000)
 ParOldGen       total 699392K, used 242293K [0x00007ea511000000, 0x00007ea53bb00000, 0x00007ea53bb00000)
  object space 699392K, 34% used [0x00007ea511000000,0x00007ea51fc9d610,0x00007ea53bb00000)
 Metaspace       used 6722K, committed 6784K, reserved 8192K
}
Event: 8,030 GC heap after
{Heap after GC invocations=6 (full 3):
 PSYoungGen      total 305664K, used 0K [0x00007ea53bb00000, 0x00007ea551000000, 0x00007ea551000000)
  eden space 262144K, 0% used [0x00007ea53bb00000,0x00007ea53bb00000,0x00007ea54bb00000)
  from space 43520K, 0% used [0x00007ea54bb00000,0x00007ea54bb00000,0x00007ea54e580000)
  to   space 43520K, 0% used [0x00007ea54e580000,0x00007ea54e580000,0x00007ea551000000)
 ParOldGen       total 699392K, used 323030K [0x00007ea511000000, 0x00007ea53bb00000, 0x00007ea53bb00000)
  object space 699392K, 46% used [0x00007ea511000000,0x00007ea524b75ba8,0x00007ea53bb00000)
 Metaspace       used 6722K, committed 6784K, reserved 8192K
}
Event: 8,226 GC heap before
{Heap before GC invocations=7 (full 3):
 PSYoungGen      total 305664K, used 149352K [0x00007ea53bb00000, 0x00007ea551000000, 0x00007ea551000000)
  eden space 262144K, 56% used [0x00007ea53bb00000,0x00007ea544cda1b0,0x00007ea54bb00000)
  from space 43520K, 0% used [0x00007ea54bb00000,0x00007ea54bb00000,0x00007ea54e580000)
  to   space 43520K, 0% used [0x00007ea54e580000,0x00007ea54e580000,0x00007ea551000000)
 ParOldGen       total 699392K, used 323030K [0x00007ea511000000, 0x00007ea53bb00000, 0x00007ea53bb00000)
  object space 699392K, 46% used [0x00007ea511000000,0x00007ea524b75ba8,0x00007ea53bb00000)
 Metaspace       used 6722K, committed 6784K, reserved 8192K
}

