# JRE version: OpenJDK Runtime Environment (17.0.6) (build 17.0.6-internal+0-adhoc.konstdelis.jdk17u067)
# Java VM: OpenJDK 64-Bit Server VM (17.0.6-internal+0-adhoc.konstdelis.jdk17u067, mixed mode, tiered, parallel gc, linux-amd64)
GC Precious Log:
 CPUs: 32 total, 32 available
 Memory: 251G
 Large Page Support: Disabled
 NUMA Support: Disabled
 Compressed Oops: Disabled
 Alignments: Space 512K, Generation 512K, Heap 2M
 Heap Min Capacity: 1G
 Heap Initial Capacity: 1G
 Heap Max Capacity: 1G
 Pre-touch: Disabled
 Parallel Workers: 8
Heap:
 PSYoungGen      total 305664K, used 305648K [0x00007f40dbb00000, 0x00007f40f1000000, 0x00007f40f1000000)
  eden space 262144K, 100% used [0x00007f40dbb00000,0x00007f40ebb00000,0x00007f40ebb00000)
  from space 43520K, 99% used [0x00007f40ee580000,0x00007f40f0ffc060,0x00007f40f1000000)
  to   space 43520K, 100% used [0x00007f40ebb00000,0x00007f40ee580000,0x00007f40ee580000)
 ParOldGen       total 699392K, used 699384K [0x00007f40b1000000, 0x00007f40dbb00000, 0x00007f40dbb00000)
  object space 699392K, 99% used [0x00007f40b1000000,0x00007f40dbafe140,0x00007f40dbb00000)
 Metaspace       used 6423K, committed 6528K, reserved 8192K
GC Heap History (7 events):
Event: 0,668 GC heap before
{Heap before GC invocations=1 (full 0):
 PSYoungGen      total 305664K, used 262144K [0x00007f40dbb00000, 0x00007f40f1000000, 0x00007f40f1000000)
  eden space 262144K, 100% used [0x00007f40dbb00000,0x00007f40ebb00000,0x00007f40ebb00000)
  from space 43520K, 0% used [0x00007f40ee580000,0x00007f40ee580000,0x00007f40f1000000)
  to   space 43520K, 0% used [0x00007f40ebb00000,0x00007f40ebb00000,0x00007f40ee580000)
 ParOldGen       total 699392K, used 0K [0x00007f40b1000000, 0x00007f40dbb00000, 0x00007f40dbb00000)
  object space 699392K, 0% used [0x00007f40b1000000,0x00007f40b1000000,0x00007f40dbb00000)
 Metaspace       used 6423K, committed 6528K, reserved 8192K
}
Event: 0,831 GC heap after
{Heap after GC invocations=1 (full 0):
 PSYoungGen      total 305664K, used 43504K [0x00007f40dbb00000, 0x00007f40f1000000, 0x00007f40f1000000)
  eden space 262144K, 0% used [0x00007f40dbb00000,0x00007f40dbb00000,0x00007f40ebb00000)
  from space 43520K, 99% used [0x00007f40ebb00000,0x00007f40ee57c080,0x00007f40ee580000)
  to   space 43520K, 0% used [0x00007f40ee580000,0x00007f40ee580000,0x00007f40f1000000)
 ParOldGen       total 699392K, used 170008K [0x00007f40b1000000, 0x00007f40dbb00000, 0x00007f40dbb00000)
  object space 699392K, 24% used [0x00007f40b1000000,0x00007f40bb606000,0x00007f40dbb00000)
 Metaspace       used 6423K, committed 6528K, reserved 8192K
}
Event: 1,118 GC heap before
{Heap before GC invocations=2 (full 0):
 PSYoungGen      total 305664K, used 305648K [0x00007f40dbb00000, 0x00007f40f1000000, 0x00007f40f1000000)
  eden space 262144K, 100% used [0x00007f40dbb00000,0x00007f40ebb00000,0x00007f40ebb00000)
  from space 43520K, 99% used [0x00007f40ebb00000,0x00007f40ee57c080,0x00007f40ee580000)
  to   space 43520K, 0% used [0x00007f40ee580000,0x00007f40ee580000,0x00007f40f1000000)
 ParOldGen       total 699392K, used 170008K [0x00007f40b1000000, 0x00007f40dbb00000, 0x00007f40dbb00000)
  object space 699392K, 24% used [0x00007f40b1000000,0x00007f40bb606000,0x00007f40dbb00000)
 Metaspace       used 6423K, committed 6528K, reserved 8192K
}
Event: 1,345 GC heap after
{Heap after GC invocations=2 (full 0):
 PSYoungGen      total 305664K, used 43504K [0x00007f40dbb00000, 0x00007f40f1000000, 0x00007f40f1000000)
  eden space 262144K, 0% used [0x00007f40dbb00000,0x00007f40dbb00000,0x00007f40ebb00000)
  from space 43520K, 99% used [0x00007f40ee580000,0x00007f40f0ffc060,0x00007f40f1000000)
  to   space 43520K, 0% used [0x00007f40ebb00000,0x00007f40ebb00000,0x00007f40ee580000)
 ParOldGen       total 699392K, used 415112K [0x00007f40b1000000, 0x00007f40dbb00000, 0x00007f40dbb00000)
  object space 699392K, 59% used [0x00007f40b1000000,0x00007f40ca562020,0x00007f40dbb00000)
 Metaspace       used 6423K, committed 6528K, reserved 8192K
}
Event: 1,721 GC heap before
{Heap before GC invocations=3 (full 0):
 PSYoungGen      total 305664K, used 305648K [0x00007f40dbb00000, 0x00007f40f1000000, 0x00007f40f1000000)
  eden space 262144K, 100% used [0x00007f40dbb00000,0x00007f40ebb00000,0x00007f40ebb00000)
  from space 43520K, 99% used [0x00007f40ee580000,0x00007f40f0ffc060,0x00007f40f1000000)
  to   space 43520K, 0% used [0x00007f40ebb00000,0x00007f40ebb00000,0x00007f40ee580000)
 ParOldGen       total 699392K, used 415112K [0x00007f40b1000000, 0x00007f40dbb00000, 0x00007f40dbb00000)
  object space 699392K, 59% used [0x00007f40b1000000,0x00007f40ca562020,0x00007f40dbb00000)
 Metaspace       used 6423K, committed 6528K, reserved 8192K
}
Event: 2,094 GC heap after
{Heap after GC invocations=3 (full 0):
 PSYoungGen      total 305664K, used 305648K [0x00007f40dbb00000, 0x00007f40f1000000, 0x00007f40f1000000)
  eden space 262144K, 100% used [0x00007f40dbb00000,0x00007f40ebb00000,0x00007f40ebb00000)
  from space 43520K, 99% used [0x00007f40ee580000,0x00007f40f0ffc060,0x00007f40f1000000)
  to   space 43520K, 100% used [0x00007f40ebb00000,0x00007f40ee580000,0x00007f40ee580000)
 ParOldGen       total 699392K, used 699384K [0x00007f40b1000000, 0x00007f40dbb00000, 0x00007f40dbb00000)
  object space 699392K, 99% used [0x00007f40b1000000,0x00007f40dbafe140,0x00007f40dbb00000)
 Metaspace       used 6423K, committed 6528K, reserved 8192K
}
Event: 2,094 GC heap before
{Heap before GC invocations=4 (full 1):
 PSYoungGen      total 305664K, used 305648K [0x00007f40dbb00000, 0x00007f40f1000000, 0x00007f40f1000000)
  eden space 262144K, 100% used [0x00007f40dbb00000,0x00007f40ebb00000,0x00007f40ebb00000)
  from space 43520K, 99% used [0x00007f40ee580000,0x00007f40f0ffc060,0x00007f40f1000000)
  to   space 43520K, 100% used [0x00007f40ebb00000,0x00007f40ee580000,0x00007f40ee580000)
 ParOldGen       total 699392K, used 699384K [0x00007f40b1000000, 0x00007f40dbb00000, 0x00007f40dbb00000)
  object space 699392K, 99% used [0x00007f40b1000000,0x00007f40dbafe140,0x00007f40dbb00000)
 Metaspace       used 6423K, committed 6528K, reserved 8192K
}

