# JRE version: OpenJDK Runtime Environment (17.0.6) (fastdebug build 17.0.6-internal+0-adhoc.konstdelis.jdk17u067)
# Java VM: OpenJDK 64-Bit Server VM (fastdebug 17.0.6-internal+0-adhoc.konstdelis.jdk17u067, mixed mode, tiered, parallel gc, linux-amd64)
GC Precious Log:
 CPUs: 32 total, 32 available
 Memory: 251G
 Large Page Support: Disabled
 NUMA Support: Disabled
 Compressed Oops: Disabled
 Alignments: Space 512K, Generation 512K, Heap 2M
 Heap Min Capacity: 3G
 Heap Initial Capacity: 3G
 Heap Max Capacity: 3G
 Pre-touch: Disabled
 Parallel Workers: 2
Heap:
 PSYoungGen      total 917504K, used 31457K [0x00007e7f81000000, 0x00007e7fc1000000, 0x00007e7fc1000000)
  eden space 786432K, 4% used [0x00007e7f81000000,0x00007e7f82eb86f8,0x00007e7fb1000000)
  from space 131072K, 0% used [0x00007e7fb9000000,0x00007e7fb9000000,0x00007e7fc1000000)
  to   space 131072K, 0% used [0x00007e7fb1000000,0x00007e7fb1000000,0x00007e7fb9000000)
 ParOldGen       total 2097152K, used 2017K [0x00007e7f01000000, 0x00007e7f81000000, 0x00007e7f81000000)
  object space 2097152K, 0% used [0x00007e7f01000000,0x00007e7f011f8610,0x00007e7f81000000)
 Metaspace       used 7408K, committed 7488K, reserved 8192K
GC Heap History (20 events):
Event: 2,434 GC heap before
{Heap before GC invocations=3 (full 1):
 PSYoungGen      total 917504K, used 47186K [0x00007e7f81000000, 0x00007e7fc1000000, 0x00007e7fc1000000)
  eden space 786432K, 6% used [0x00007e7f81000000,0x00007e7f83e14818,0x00007e7fb1000000)
  from space 131072K, 0% used [0x00007e7fb1000000,0x00007e7fb1000000,0x00007e7fb9000000)
  to   space 131072K, 0% used [0x00007e7fb9000000,0x00007e7fb9000000,0x00007e7fc1000000)
 ParOldGen       total 2097152K, used 1568K [0x00007e7f01000000, 0x00007e7f81000000, 0x00007e7f81000000)
  object space 2097152K, 0% used [0x00007e7f01000000,0x00007e7f011882e0,0x00007e7f81000000)
 Metaspace       used 7404K, committed 7488K, reserved 8192K
}
Event: 2,445 GC heap after
{Heap after GC invocations=3 (full 1):
 PSYoungGen      total 917504K, used 32K [0x00007e7f81000000, 0x00007e7fc1000000, 0x00007e7fc1000000)
  eden space 786432K, 0% used [0x00007e7f81000000,0x00007e7f81000000,0x00007e7fb1000000)
  from space 131072K, 0% used [0x00007e7fb9000000,0x00007e7fb9008000,0x00007e7fc1000000)
  to   space 131072K, 0% used [0x00007e7fb1000000,0x00007e7fb1000000,0x00007e7fb9000000)
 ParOldGen       total 2097152K, used 1568K [0x00007e7f01000000, 0x00007e7f81000000, 0x00007e7f81000000)
  object space 2097152K, 0% used [0x00007e7f01000000,0x00007e7f011882e0,0x00007e7f81000000)
 Metaspace       used 7404K, committed 7488K, reserved 8192K
}
Event: 2,446 GC heap before
{Heap before GC invocations=4 (full 2):
 PSYoungGen      total 917504K, used 32K [0x00007e7f81000000, 0x00007e7fc1000000, 0x00007e7fc1000000)
  eden space 786432K, 0% used [0x00007e7f81000000,0x00007e7f81000000,0x00007e7fb1000000)
  from space 131072K, 0% used [0x00007e7fb9000000,0x00007e7fb9008000,0x00007e7fc1000000)
  to   space 131072K, 0% used [0x00007e7fb1000000,0x00007e7fb1000000,0x00007e7fb9000000)
 ParOldGen       total 2097152K, used 1568K [0x00007e7f01000000, 0x00007e7f81000000, 0x00007e7f81000000)
  object space 2097152K, 0% used [0x00007e7f01000000,0x00007e7f011882e0,0x00007e7f81000000)
 Metaspace       used 7404K, committed 7488K, reserved 8192K
}
Event: 2,656 GC heap after
{Heap after GC invocations=4 (full 2):
 PSYoungGen      total 917504K, used 0K [0x00007e7f81000000, 0x00007e7fc1000000, 0x00007e7fc1000000)
  eden space 786432K, 0% used [0x00007e7f81000000,0x00007e7f81000000,0x00007e7fb1000000)
  from space 131072K, 0% used [0x00007e7fb9000000,0x00007e7fb9000000,0x00007e7fc1000000)
  to   space 131072K, 0% used [0x00007e7fb1000000,0x00007e7fb1000000,0x00007e7fb9000000)
 ParOldGen       total 2097152K, used 1680K [0x00007e7f01000000, 0x00007e7f81000000, 0x00007e7f81000000)
  object space 2097152K, 0% used [0x00007e7f01000000,0x00007e7f011a4370,0x00007e7f81000000)
 Metaspace       used 7404K, committed 7488K, reserved 8192K
}
Event: 2,659 GC heap before
{Heap before GC invocations=5 (full 2):
 PSYoungGen      total 917504K, used 15728K [0x00007e7f81000000, 0x00007e7fc1000000, 0x00007e7fc1000000)
  eden space 786432K, 2% used [0x00007e7f81000000,0x00007e7f81f5c2c8,0x00007e7fb1000000)
  from space 131072K, 0% used [0x00007e7fb9000000,0x00007e7fb9000000,0x00007e7fc1000000)
  to   space 131072K, 0% used [0x00007e7fb1000000,0x00007e7fb1000000,0x00007e7fb9000000)
 ParOldGen       total 2097152K, used 1680K [0x00007e7f01000000, 0x00007e7f81000000, 0x00007e7f81000000)
  object space 2097152K, 0% used [0x00007e7f01000000,0x00007e7f011a4370,0x00007e7f81000000)
 Metaspace       used 7404K, committed 7488K, reserved 8192K
}
Event: 2,662 GC heap after
{Heap after GC invocations=5 (full 2):
 PSYoungGen      total 917504K, used 0K [0x00007e7f81000000, 0x00007e7fc1000000, 0x00007e7fc1000000)
  eden space 786432K, 0% used [0x00007e7f81000000,0x00007e7f81000000,0x00007e7fb1000000)
  from space 131072K, 0% used [0x00007e7fb1000000,0x00007e7fb1000000,0x00007e7fb9000000)
  to   space 131072K, 0% used [0x00007e7fb9000000,0x00007e7fb9000000,0x00007e7fc1000000)
 ParOldGen       total 2097152K, used 1680K [0x00007e7f01000000, 0x00007e7f81000000, 0x00007e7f81000000)
  object space 2097152K, 0% used [0x00007e7f01000000,0x00007e7f011a4370,0x00007e7f81000000)
 Metaspace       used 7404K, committed 7488K, reserved 8192K
}
Event: 2,662 GC heap before
{Heap before GC invocations=6 (full 3):
 PSYoungGen      total 917504K, used 0K [0x00007e7f81000000, 0x00007e7fc1000000, 0x00007e7fc1000000)
  eden space 786432K, 0% used [0x00007e7f81000000,0x00007e7f81000000,0x00007e7fb1000000)
  from space 131072K, 0% used [0x00007e7fb1000000,0x00007e7fb1000000,0x00007e7fb9000000)
  to   space 131072K, 0% used [0x00007e7fb9000000,0x00007e7fb9000000,0x00007e7fc1000000)
 ParOldGen       total 2097152K, used 1680K [0x00007e7f01000000, 0x00007e7f81000000, 0x00007e7f81000000)
  object space 2097152K, 0% used [0x00007e7f01000000,0x00007e7f011a4370,0x00007e7f81000000)
 Metaspace       used 7404K, committed 7488K, reserved 8192K
}
Event: 2,691 GC heap after
{Heap after GC invocations=6 (full 3):
 PSYoungGen      total 917504K, used 0K [0x00007e7f81000000, 0x00007e7fc1000000, 0x00007e7fc1000000)
  eden space 786432K, 0% used [0x00007e7f81000000,0x00007e7f81000000,0x00007e7fb1000000)
  from space 131072K, 0% used [0x00007e7fb1000000,0x00007e7fb1000000,0x00007e7fb9000000)
  to   space 131072K, 0% used [0x00007e7fb9000000,0x00007e7fb9000000,0x00007e7fc1000000)
 ParOldGen       total 2097152K, used 1563K [0x00007e7f01000000, 0x00007e7f81000000, 0x00007e7f81000000)
  object space 2097152K, 0% used [0x00007e7f01000000,0x00007e7f01186f00,0x00007e7f81000000)
 Metaspace       used 7404K, committed 7488K, reserved 8192K
}
Event: 2,694 GC heap before
{Heap before GC invocations=7 (full 3):
 PSYoungGen      total 917504K, used 15728K [0x00007e7f81000000, 0x00007e7fc1000000, 0x00007e7fc1000000)
  eden space 786432K, 2% used [0x00007e7f81000000,0x00007e7f81f5c2c8,0x00007e7fb1000000)
  from space 131072K, 0% used [0x00007e7fb1000000,0x00007e7fb1000000,0x00007e7fb9000000)
  to   space 131072K, 0% used [0x00007e7fb9000000,0x00007e7fb9000000,0x00007e7fc1000000)
 ParOldGen       total 2097152K, used 1563K [0x00007e7f01000000, 0x00007e7f81000000, 0x00007e7f81000000)
  object space 2097152K, 0% used [0x00007e7f01000000,0x00007e7f01186f00,0x00007e7f81000000)
 Metaspace       used 7404K, committed 7488K, reserved 8192K
}
Event: 2,697 GC heap after
{Heap after GC invocations=7 (full 3):
 PSYoungGen      total 917504K, used 0K [0x00007e7f81000000, 0x00007e7fc1000000, 0x00007e7fc1000000)
  eden space 786432K, 0% used [0x00007e7f81000000,0x00007e7f81000000,0x00007e7fb1000000)
  from space 131072K, 0% used [0x00007e7fb9000000,0x00007e7fb9000000,0x00007e7fc1000000)
  to   space 131072K, 0% used [0x00007e7fb1000000,0x00007e7fb1000000,0x00007e7fb9000000)
 ParOldGen       total 2097152K, used 1563K [0x00007e7f01000000, 0x00007e7f81000000, 0x00007e7f81000000)
  object space 2097152K, 0% used [0x00007e7f01000000,0x00007e7f01186f00,0x00007e7f81000000)
 Metaspace       used 7404K, committed 7488K, reserved 8192K
}
Event: 2,698 GC heap before
{Heap before GC invocations=8 (full 4):
 PSYoungGen      total 917504K, used 0K [0x00007e7f81000000, 0x00007e7fc1000000, 0x00007e7fc1000000)
  eden space 786432K, 0% used [0x00007e7f81000000,0x00007e7f81000000,0x00007e7fb1000000)
  from space 131072K, 0% used [0x00007e7fb9000000,0x00007e7fb9000000,0x00007e7fc1000000)
  to   space 131072K, 0% used [0x00007e7fb1000000,0x00007e7fb1000000,0x00007e7fb9000000)
 ParOldGen       total 2097152K, used 1563K [0x00007e7f01000000, 0x00007e7f81000000, 0x00007e7f81000000)
  object space 2097152K, 0% used [0x00007e7f01000000,0x00007e7f01186f00,0x00007e7f81000000)
 Metaspace       used 7404K, committed 7488K, reserved 8192K
}
Event: 2,868 GC heap after
{Heap after GC invocations=8 (full 4):
 PSYoungGen      total 917504K, used 0K [0x00007e7f81000000, 0x00007e7fc1000000, 0x00007e7fc1000000)
  eden space 786432K, 0% used [0x00007e7f81000000,0x00007e7f81000000,0x00007e7fb1000000)
  from space 131072K, 0% used [0x00007e7fb9000000,0x00007e7fb9000000,0x00007e7fc1000000)
  to   space 131072K, 0% used [0x00007e7fb1000000,0x00007e7fb1000000,0x00007e7fb9000000)
 ParOldGen       total 2097152K, used 1797K [0x00007e7f01000000, 0x00007e7f81000000, 0x00007e7f81000000)
  object space 2097152K, 0% used [0x00007e7f01000000,0x00007e7f011c17e0,0x00007e7f81000000)
 Metaspace       used 7404K, committed 7488K, reserved 8192K
}
Event: 2,872 GC heap before
{Heap before GC invocations=9 (full 4):
 PSYoungGen      total 917504K, used 15728K [0x00007e7f81000000, 0x00007e7fc1000000, 0x00007e7fc1000000)
  eden space 786432K, 2% used [0x00007e7f81000000,0x00007e7f81f5c2c8,0x00007e7fb1000000)
  from space 131072K, 0% used [0x00007e7fb9000000,0x00007e7fb9000000,0x00007e7fc1000000)
  to   space 131072K, 0% used [0x00007e7fb1000000,0x00007e7fb1000000,0x00007e7fb9000000)
 ParOldGen       total 2097152K, used 1797K [0x00007e7f01000000, 0x00007e7f81000000, 0x00007e7f81000000)
  object space 2097152K, 0% used [0x00007e7f01000000,0x00007e7f011c17e0,0x00007e7f81000000)
 Metaspace       used 7404K, committed 7488K, reserved 8192K
}
Event: 2,875 GC heap after
{Heap after GC invocations=9 (full 4):
 PSYoungGen      total 917504K, used 149K [0x00007e7f81000000, 0x00007e7fc1000000, 0x00007e7fc1000000)
  eden space 786432K, 0% used [0x00007e7f81000000,0x00007e7f81000000,0x00007e7fb1000000)
  from space 131072K, 0% used [0x00007e7fb1000000,0x00007e7fb10256e0,0x00007e7fb9000000)
  to   space 131072K, 0% used [0x00007e7fb9000000,0x00007e7fb9000000,0x00007e7fc1000000)
 ParOldGen       total 2097152K, used 1797K [0x00007e7f01000000, 0x00007e7f81000000, 0x00007e7f81000000)
  object space 2097152K, 0% used [0x00007e7f01000000,0x00007e7f011c17e0,0x00007e7f81000000)
 Metaspace       used 7404K, committed 7488K, reserved 8192K
}
Event: 2,875 GC heap before
{Heap before GC invocations=10 (full 5):
 PSYoungGen      total 917504K, used 149K [0x00007e7f81000000, 0x00007e7fc1000000, 0x00007e7fc1000000)
  eden space 786432K, 0% used [0x00007e7f81000000,0x00007e7f81000000,0x00007e7fb1000000)
  from space 131072K, 0% used [0x00007e7fb1000000,0x00007e7fb10256e0,0x00007e7fb9000000)
  to   space 131072K, 0% used [0x00007e7fb9000000,0x00007e7fb9000000,0x00007e7fc1000000)
 ParOldGen       total 2097152K, used 1797K [0x00007e7f01000000, 0x00007e7f81000000, 0x00007e7f81000000)
  object space 2097152K, 0% used [0x00007e7f01000000,0x00007e7f011c17e0,0x00007e7f81000000)
 Metaspace       used 7404K, committed 7488K, reserved 8192K
}
Event: 2,912 GC heap after
{Heap after GC invocations=10 (full 5):
 PSYoungGen      total 917504K, used 0K [0x00007e7f81000000, 0x00007e7fc1000000, 0x00007e7fc1000000)
  eden space 786432K, 0% used [0x00007e7f81000000,0x00007e7f81000000,0x00007e7fb1000000)
  from space 131072K, 0% used [0x00007e7fb1000000,0x00007e7fb1000000,0x00007e7fb9000000)
  to   space 131072K, 0% used [0x00007e7fb9000000,0x00007e7fb9000000,0x00007e7fc1000000)
 ParOldGen       total 2097152K, used 1582K [0x00007e7f01000000, 0x00007e7f81000000, 0x00007e7f81000000)
  object space 2097152K, 0% used [0x00007e7f01000000,0x00007e7f0118b890,0x00007e7f81000000)
 Metaspace       used 7404K, committed 7488K, reserved 8192K
}
Event: 2,915 GC heap before
{Heap before GC invocations=11 (full 5):
 PSYoungGen      total 917504K, used 15728K [0x00007e7f81000000, 0x00007e7fc1000000, 0x00007e7fc1000000)
  eden space 786432K, 2% used [0x00007e7f81000000,0x00007e7f81f5c2c8,0x00007e7fb1000000)
  from space 131072K, 0% used [0x00007e7fb1000000,0x00007e7fb1000000,0x00007e7fb9000000)
  to   space 131072K, 0% used [0x00007e7fb9000000,0x00007e7fb9000000,0x00007e7fc1000000)
 ParOldGen       total 2097152K, used 1582K [0x00007e7f01000000, 0x00007e7f81000000, 0x00007e7f81000000)
  object space 2097152K, 0% used [0x00007e7f01000000,0x00007e7f0118b890,0x00007e7f81000000)
 Metaspace       used 7404K, committed 7488K, reserved 8192K
}
Event: 2,918 GC heap after
{Heap after GC invocations=11 (full 5):
 PSYoungGen      total 917504K, used 32K [0x00007e7f81000000, 0x00007e7fc1000000, 0x00007e7fc1000000)
  eden space 786432K, 0% used [0x00007e7f81000000,0x00007e7f81000000,0x00007e7fb1000000)
  from space 131072K, 0% used [0x00007e7fb9000000,0x00007e7fb9008000,0x00007e7fc1000000)
  to   space 131072K, 0% used [0x00007e7fb1000000,0x00007e7fb1000000,0x00007e7fb9000000)
 ParOldGen       total 2097152K, used 1582K [0x00007e7f01000000, 0x00007e7f81000000, 0x00007e7f81000000)
  object space 2097152K, 0% used [0x00007e7f01000000,0x00007e7f0118b890,0x00007e7f81000000)
 Metaspace       used 7404K, committed 7488K, reserved 8192K
}
Event: 2,918 GC heap before
{Heap before GC invocations=12 (full 6):
 PSYoungGen      total 917504K, used 32K [0x00007e7f81000000, 0x00007e7fc1000000, 0x00007e7fc1000000)
  eden space 786432K, 0% used [0x00007e7f81000000,0x00007e7f81000000,0x00007e7fb1000000)
  from space 131072K, 0% used [0x00007e7fb9000000,0x00007e7fb9008000,0x00007e7fc1000000)
  to   space 131072K, 0% used [0x00007e7fb1000000,0x00007e7fb1000000,0x00007e7fb9000000)
 ParOldGen       total 2097152K, used 1582K [0x00007e7f01000000, 0x00007e7f81000000, 0x00007e7f81000000)
  object space 2097152K, 0% used [0x00007e7f01000000,0x00007e7f0118b890,0x00007e7f81000000)
 Metaspace       used 7404K, committed 7488K, reserved 8192K
}
Event: 3,095 GC heap after
{Heap after GC invocations=12 (full 6):
 PSYoungGen      total 917504K, used 0K [0x00007e7f81000000, 0x00007e7fc1000000, 0x00007e7fc1000000)
  eden space 786432K, 0% used [0x00007e7f81000000,0x00007e7f81000000,0x00007e7fb1000000)
  from space 131072K, 0% used [0x00007e7fb9000000,0x00007e7fb9000000,0x00007e7fc1000000)
  to   space 131072K, 0% used [0x00007e7fb1000000,0x00007e7fb1000000,0x00007e7fb9000000)
 ParOldGen       total 2097152K, used 2017K [0x00007e7f01000000, 0x00007e7f81000000, 0x00007e7f81000000)
  object space 2097152K, 0% used [0x00007e7f01000000,0x00007e7f011f8610,0x00007e7f81000000)
 Metaspace       used 7404K, committed 7488K, reserved 8192K
}

