# JRE version: OpenJDK Runtime Environment (17.0.6) (build 17.0.6-internal+0-adhoc.konstdelis.jdk17u067)
# Java VM: OpenJDK 64-Bit Server VM (17.0.6-internal+0-adhoc.konstdelis.jdk17u067, mixed mode, tiered, parallel gc, linux-amd64)
GC Precious Log:
 CPUs: 32 total, 32 available
 Memory: 251G
 Large Page Support: Disabled
 NUMA Support: Disabled
 Compressed Oops: Disabled
 Alignments: Space 512K, Generation 512K, Heap 2M
 Heap Min Capacity: 3G
 Heap Initial Capacity: 3G
 Heap Max Capacity: 3G
 Pre-touch: Disabled
 Parallel Workers: 8
Heap:
 PSYoungGen      total 917504K, used 0K [0x00007f0265000000, 0x00007f02a5000000, 0x00007f02a5000000)
  eden space 786432K, 0% used [0x00007f0265000000,0x00007f0265000000,0x00007f0295000000)
  from space 131072K, 0% used [0x00007f0295000000,0x00007f0295000000,0x00007f029d000000)
  to   space 131072K, 0% used [0x00007f029d000000,0x00007f029d000000,0x00007f02a5000000)
 ParOldGen       total 2097152K, used 1466026K [0x00007f01e5000000, 0x00007f0265000000, 0x00007f0265000000)
  object space 2097152K, 69% used [0x00007f01e5000000,0x00007f023e7aaae8,0x00007f0265000000)
 Metaspace       used 7095K, committed 7168K, reserved 8192K
GC Heap History (13 events):
Event: 1.753 GC heap before
{Heap before GC invocations=1 (full 0):
 PSYoungGen      total 917504K, used 786432K [0x00007f0265000000, 0x00007f02a5000000, 0x00007f02a5000000)
  eden space 786432K, 100% used [0x00007f0265000000,0x00007f0295000000,0x00007f0295000000)
  from space 131072K, 0% used [0x00007f029d000000,0x00007f029d000000,0x00007f02a5000000)
  to   space 131072K, 0% used [0x00007f0295000000,0x00007f0295000000,0x00007f029d000000)
 ParOldGen       total 2097152K, used 0K [0x00007f01e5000000, 0x00007f0265000000, 0x00007f0265000000)
  object space 2097152K, 0% used [0x00007f01e5000000,0x00007f01e5000000,0x00007f0265000000)
 Metaspace       used 7053K, committed 7104K, reserved 8192K
}
Event: 2.168 GC heap after
{Heap after GC invocations=1 (full 0):
 PSYoungGen      total 917504K, used 131065K [0x00007f0265000000, 0x00007f02a5000000, 0x00007f02a5000000)
  eden space 786432K, 0% used [0x00007f0265000000,0x00007f0265000000,0x00007f0295000000)
  from space 131072K, 99% used [0x00007f0295000000,0x00007f029cffe600,0x00007f029d000000)
  to   space 131072K, 0% used [0x00007f029d000000,0x00007f029d000000,0x00007f02a5000000)
 ParOldGen       total 2097152K, used 502192K [0x00007f01e5000000, 0x00007f0265000000, 0x00007f0265000000)
  object space 2097152K, 23% used [0x00007f01e5000000,0x00007f0203a6c000,0x00007f0265000000)
 Metaspace       used 7053K, committed 7104K, reserved 8192K
}
Event: 2.457 GC heap before
{Heap before GC invocations=2 (full 0):
 PSYoungGen      total 917504K, used 917497K [0x00007f0265000000, 0x00007f02a5000000, 0x00007f02a5000000)
  eden space 786432K, 100% used [0x00007f0265000000,0x00007f0295000000,0x00007f0295000000)
  from space 131072K, 99% used [0x00007f0295000000,0x00007f029cffe600,0x00007f029d000000)
  to   space 131072K, 0% used [0x00007f029d000000,0x00007f029d000000,0x00007f02a5000000)
 ParOldGen       total 2097152K, used 502192K [0x00007f01e5000000, 0x00007f0265000000, 0x00007f0265000000)
  object space 2097152K, 23% used [0x00007f01e5000000,0x00007f0203a6c000,0x00007f0265000000)
 Metaspace       used 7053K, committed 7104K, reserved 8192K
}
Event: 2.991 GC heap after
{Heap after GC invocations=2 (full 0):
 PSYoungGen      total 917504K, used 131055K [0x00007f0265000000, 0x00007f02a5000000, 0x00007f02a5000000)
  eden space 786432K, 0% used [0x00007f0265000000,0x00007f0265000000,0x00007f0295000000)
  from space 131072K, 99% used [0x00007f029d000000,0x00007f02a4ffbff8,0x00007f02a5000000)
  to   space 131072K, 0% used [0x00007f0295000000,0x00007f0295000000,0x00007f029d000000)
 ParOldGen       total 2097152K, used 1153384K [0x00007f01e5000000, 0x00007f0265000000, 0x00007f0265000000)
  object space 2097152K, 54% used [0x00007f01e5000000,0x00007f022b65a000,0x00007f0265000000)
 Metaspace       used 7053K, committed 7104K, reserved 8192K
}
Event: 3.282 GC heap before
{Heap before GC invocations=3 (full 0):
 PSYoungGen      total 917504K, used 917487K [0x00007f0265000000, 0x00007f02a5000000, 0x00007f02a5000000)
  eden space 786432K, 100% used [0x00007f0265000000,0x00007f0295000000,0x00007f0295000000)
  from space 131072K, 99% used [0x00007f029d000000,0x00007f02a4ffbff8,0x00007f02a5000000)
  to   space 131072K, 0% used [0x00007f0295000000,0x00007f0295000000,0x00007f029d000000)
 ParOldGen       total 2097152K, used 1153384K [0x00007f01e5000000, 0x00007f0265000000, 0x00007f0265000000)
  object space 2097152K, 54% used [0x00007f01e5000000,0x00007f022b65a000,0x00007f0265000000)
 Metaspace       used 7053K, committed 7104K, reserved 8192K
}
Event: 3.877 GC heap after
{Heap after GC invocations=3 (full 0):
 PSYoungGen      total 917504K, used 131070K [0x00007f0265000000, 0x00007f02a5000000, 0x00007f02a5000000)
  eden space 786432K, 0% used [0x00007f0265000000,0x00007f0265000000,0x00007f0295000000)
  from space 131072K, 99% used [0x00007f0295000000,0x00007f029cfff8e0,0x00007f029d000000)
  to   space 131072K, 0% used [0x00007f029d000000,0x00007f029d000000,0x00007f02a5000000)
 ParOldGen       total 2097152K, used 1810477K [0x00007f01e5000000, 0x00007f0265000000, 0x00007f0265000000)
  object space 2097152K, 86% used [0x00007f01e5000000,0x00007f025380b510,0x00007f0265000000)
 Metaspace       used 7053K, committed 7104K, reserved 8192K
}
Event: 3.877 GC heap before
{Heap before GC invocations=4 (full 1):
 PSYoungGen      total 917504K, used 131070K [0x00007f0265000000, 0x00007f02a5000000, 0x00007f02a5000000)
  eden space 786432K, 0% used [0x00007f0265000000,0x00007f0265000000,0x00007f0295000000)
  from space 131072K, 99% used [0x00007f0295000000,0x00007f029cfff8e0,0x00007f029d000000)
  to   space 131072K, 0% used [0x00007f029d000000,0x00007f029d000000,0x00007f02a5000000)
 ParOldGen       total 2097152K, used 1810477K [0x00007f01e5000000, 0x00007f0265000000, 0x00007f0265000000)
  object space 2097152K, 86% used [0x00007f01e5000000,0x00007f025380b510,0x00007f0265000000)
 Metaspace       used 7053K, committed 7104K, reserved 8192K
}
Event: 6.357 GC heap after
{Heap after GC invocations=4 (full 1):
 PSYoungGen      total 917504K, used 0K [0x00007f0265000000, 0x00007f02a5000000, 0x00007f02a5000000)
  eden space 786432K, 0% used [0x00007f0265000000,0x00007f0265000000,0x00007f0295000000)
  from space 131072K, 0% used [0x00007f029d000000,0x00007f029d000000,0x00007f02a5000000)
  to   space 131072K, 0% used [0x00007f0295000000,0x00007f0295000000,0x00007f029d000000)
 ParOldGen       total 2097152K, used 1929357K [0x00007f01e5000000, 0x00007f0265000000, 0x00007f0265000000)
  object space 2097152K, 91% used [0x00007f01e5000000,0x00007f025ac23478,0x00007f0265000000)
 Metaspace       used 7053K, committed 7104K, reserved 8192K
}
Event: 7.333 GC heap before
{Heap before GC invocations=5 (full 2):
 PSYoungGen      total 917504K, used 411068K [0x00007f0265000000, 0x00007f02a5000000, 0x00007f02a5000000)
  eden space 786432K, 52% used [0x00007f0265000000,0x00007f027e16f160,0x00007f0295000000)
  from space 131072K, 0% used [0x00007f029d000000,0x00007f029d000000,0x00007f02a5000000)
  to   space 131072K, 0% used [0x00007f0295000000,0x00007f0295000000,0x00007f029d000000)
 ParOldGen       total 2097152K, used 1929357K [0x00007f01e5000000, 0x00007f0265000000, 0x00007f0265000000)
  object space 2097152K, 91% used [0x00007f01e5000000,0x00007f025ac23478,0x00007f0265000000)
 Metaspace       used 7088K, committed 7168K, reserved 8192K
}
Event: 13.481 GC heap after
{Heap after GC invocations=5 (full 2):
 PSYoungGen      total 917504K, used 0K [0x00007f0265000000, 0x00007f02a5000000, 0x00007f02a5000000)
  eden space 786432K, 0% used [0x00007f0265000000,0x00007f0265000000,0x00007f0295000000)
  from space 131072K, 0% used [0x00007f029d000000,0x00007f029d000000,0x00007f02a5000000)
  to   space 131072K, 0% used [0x00007f0295000000,0x00007f0295000000,0x00007f029d000000)
 ParOldGen       total 2097152K, used 1466026K [0x00007f01e5000000, 0x00007f0265000000, 0x00007f0265000000)
  object space 2097152K, 69% used [0x00007f01e5000000,0x00007f023e7aaae8,0x00007f0265000000)
 Metaspace       used 7088K, committed 7168K, reserved 8192K
}
Event: 13.618 GC heap before
{Heap before GC invocations=6 (full 2):
 PSYoungGen      total 917504K, used 15285K [0x00007f0265000000, 0x00007f02a5000000, 0x00007f02a5000000)
  eden space 786432K, 1% used [0x00007f0265000000,0x00007f0265eed450,0x00007f0295000000)
  from space 131072K, 0% used [0x00007f029d000000,0x00007f029d000000,0x00007f02a5000000)
  to   space 131072K, 0% used [0x00007f0295000000,0x00007f0295000000,0x00007f029d000000)
 ParOldGen       total 2097152K, used 1466026K [0x00007f01e5000000, 0x00007f0265000000, 0x00007f0265000000)
  object space 2097152K, 69% used [0x00007f01e5000000,0x00007f023e7aaae8,0x00007f0265000000)
 Metaspace       used 7095K, committed 7168K, reserved 8192K
}
Event: 13.879 GC heap after
{Heap after GC invocations=6 (full 2):
 PSYoungGen      total 917504K, used 0K [0x00007f0265000000, 0x00007f02a5000000, 0x00007f02a5000000)
  eden space 786432K, 0% used [0x00007f0265000000,0x00007f0265000000,0x00007f0295000000)
  from space 131072K, 0% used [0x00007f0295000000,0x00007f0295000000,0x00007f029d000000)
  to   space 131072K, 0% used [0x00007f029d000000,0x00007f029d000000,0x00007f02a5000000)
 ParOldGen       total 2097152K, used 1466026K [0x00007f01e5000000, 0x00007f0265000000, 0x00007f0265000000)
  object space 2097152K, 69% used [0x00007f01e5000000,0x00007f023e7aaae8,0x00007f0265000000)
 Metaspace       used 7095K, committed 7168K, reserved 8192K
}
Event: 13.879 GC heap before
{Heap before GC invocations=7 (full 3):
 PSYoungGen      total 917504K, used 0K [0x00007f0265000000, 0x00007f02a5000000, 0x00007f02a5000000)
  eden space 786432K, 0% used [0x00007f0265000000,0x00007f0265000000,0x00007f0295000000)
  from space 131072K, 0% used [0x00007f0295000000,0x00007f0295000000,0x00007f029d000000)
  to   space 131072K, 0% used [0x00007f029d000000,0x00007f029d000000,0x00007f02a5000000)
 ParOldGen       total 2097152K, used 1466026K [0x00007f01e5000000, 0x00007f0265000000, 0x00007f0265000000)
  object space 2097152K, 69% used [0x00007f01e5000000,0x00007f023e7aaae8,0x00007f0265000000)
 Metaspace       used 7095K, committed 7168K, reserved 8192K
}

