# JRE version: OpenJDK Runtime Environment (17.0.6) (build 17.0.6-internal+0-adhoc.konstdelis.jdk17u067)
# Java VM: OpenJDK 64-Bit Server VM (17.0.6-internal+0-adhoc.konstdelis.jdk17u067, mixed mode, tiered, parallel gc, linux-amd64)
GC Precious Log:
 CPUs: 32 total, 32 available
 Memory: 251G
 Large Page Support: Disabled
 NUMA Support: Disabled
 Compressed Oops: Disabled
 Alignments: Space 512K, Generation 512K, Heap 2M
 Heap Min Capacity: 1G
 Heap Initial Capacity: 1G
 Heap Max Capacity: 1G
 Pre-touch: Disabled
 Parallel Workers: 8
Heap:
 PSYoungGen      total 305664K, used 262144K [0x00007ef343b00000, 0x00007ef359000000, 0x00007ef359000000)
  eden space 262144K, 100% used [0x00007ef343b00000,0x00007ef353b00000,0x00007ef353b00000)
  from space 43520K, 0% used [0x00007ef353b00000,0x00007ef353b00000,0x00007ef356580000)
  to   space 43520K, 0% used [0x00007ef356580000,0x00007ef356580000,0x00007ef359000000)
 ParOldGen       total 699392K, used 699015K [0x00007ef319000000, 0x00007ef343b00000, 0x00007ef343b00000)
  object space 699392K, 99% used [0x00007ef319000000,0x00007ef343aa1d38,0x00007ef343b00000)
 Metaspace       used 6427K, committed 6528K, reserved 8192K
GC Heap History (17 events):
Event: 0,668 GC heap before
{Heap before GC invocations=1 (full 0):
 PSYoungGen      total 305664K, used 262144K [0x00007ef343b00000, 0x00007ef359000000, 0x00007ef359000000)
  eden space 262144K, 100% used [0x00007ef343b00000,0x00007ef353b00000,0x00007ef353b00000)
  from space 43520K, 0% used [0x00007ef356580000,0x00007ef356580000,0x00007ef359000000)
  to   space 43520K, 0% used [0x00007ef353b00000,0x00007ef353b00000,0x00007ef356580000)
 ParOldGen       total 699392K, used 0K [0x00007ef319000000, 0x00007ef343b00000, 0x00007ef343b00000)
  object space 699392K, 0% used [0x00007ef319000000,0x00007ef319000000,0x00007ef343b00000)
 Metaspace       used 6422K, committed 6528K, reserved 8192K
}
Event: 0,839 GC heap after
{Heap after GC invocations=1 (full 0):
 PSYoungGen      total 305664K, used 43488K [0x00007ef343b00000, 0x00007ef359000000, 0x00007ef359000000)
  eden space 262144K, 0% used [0x00007ef343b00000,0x00007ef343b00000,0x00007ef353b00000)
  from space 43520K, 99% used [0x00007ef353b00000,0x00007ef356578080,0x00007ef356580000)
  to   space 43520K, 0% used [0x00007ef356580000,0x00007ef356580000,0x00007ef359000000)
 ParOldGen       total 699392K, used 186496K [0x00007ef319000000, 0x00007ef343b00000, 0x00007ef343b00000)
  object space 699392K, 26% used [0x00007ef319000000,0x00007ef324620000,0x00007ef343b00000)
 Metaspace       used 6422K, committed 6528K, reserved 8192K
}
Event: 1,129 GC heap before
{Heap before GC invocations=2 (full 0):
 PSYoungGen      total 305664K, used 305632K [0x00007ef343b00000, 0x00007ef359000000, 0x00007ef359000000)
  eden space 262144K, 100% used [0x00007ef343b00000,0x00007ef353b00000,0x00007ef353b00000)
  from space 43520K, 99% used [0x00007ef353b00000,0x00007ef356578080,0x00007ef356580000)
  to   space 43520K, 0% used [0x00007ef356580000,0x00007ef356580000,0x00007ef359000000)
 ParOldGen       total 699392K, used 186496K [0x00007ef319000000, 0x00007ef343b00000, 0x00007ef343b00000)
  object space 699392K, 26% used [0x00007ef319000000,0x00007ef324620000,0x00007ef343b00000)
 Metaspace       used 6423K, committed 6528K, reserved 8192K
}
Event: 1,358 GC heap after
{Heap after GC invocations=2 (full 0):
 PSYoungGen      total 305664K, used 43520K [0x00007ef343b00000, 0x00007ef359000000, 0x00007ef359000000)
  eden space 262144K, 0% used [0x00007ef343b00000,0x00007ef343b00000,0x00007ef353b00000)
  from space 43520K, 100% used [0x00007ef356580000,0x00007ef359000000,0x00007ef359000000)
  to   space 43520K, 0% used [0x00007ef353b00000,0x00007ef353b00000,0x00007ef356580000)
 ParOldGen       total 699392K, used 416496K [0x00007ef319000000, 0x00007ef343b00000, 0x00007ef343b00000)
  object space 699392K, 59% used [0x00007ef319000000,0x00007ef3326bc100,0x00007ef343b00000)
 Metaspace       used 6423K, committed 6528K, reserved 8192K
}
Event: 1,746 GC heap before
{Heap before GC invocations=3 (full 0):
 PSYoungGen      total 305664K, used 305664K [0x00007ef343b00000, 0x00007ef359000000, 0x00007ef359000000)
  eden space 262144K, 100% used [0x00007ef343b00000,0x00007ef353b00000,0x00007ef353b00000)
  from space 43520K, 100% used [0x00007ef356580000,0x00007ef359000000,0x00007ef359000000)
  to   space 43520K, 0% used [0x00007ef353b00000,0x00007ef353b00000,0x00007ef356580000)
 ParOldGen       total 699392K, used 416496K [0x00007ef319000000, 0x00007ef343b00000, 0x00007ef343b00000)
  object space 699392K, 59% used [0x00007ef319000000,0x00007ef3326bc100,0x00007ef343b00000)
 Metaspace       used 6423K, committed 6528K, reserved 8192K
}
Event: 2,065 GC heap after
{Heap after GC invocations=3 (full 0):
 PSYoungGen      total 305664K, used 43520K [0x00007ef343b00000, 0x00007ef359000000, 0x00007ef359000000)
  eden space 262144K, 0% used [0x00007ef343b00000,0x00007ef343b00000,0x00007ef353b00000)
  from space 43520K, 100% used [0x00007ef353b00000,0x00007ef356580000,0x00007ef356580000)
  to   space 43520K, 0% used [0x00007ef356580000,0x00007ef356580000,0x00007ef359000000)
 ParOldGen       total 699392K, used 679840K [0x00007ef319000000, 0x00007ef343b00000, 0x00007ef343b00000)
  object space 699392K, 97% used [0x00007ef319000000,0x00007ef3427e8140,0x00007ef343b00000)
 Metaspace       used 6423K, committed 6528K, reserved 8192K
}
Event: 2,065 GC heap before
{Heap before GC invocations=4 (full 1):
 PSYoungGen      total 305664K, used 43520K [0x00007ef343b00000, 0x00007ef359000000, 0x00007ef359000000)
  eden space 262144K, 0% used [0x00007ef343b00000,0x00007ef343b00000,0x00007ef353b00000)
  from space 43520K, 100% used [0x00007ef353b00000,0x00007ef356580000,0x00007ef356580000)
  to   space 43520K, 0% used [0x00007ef356580000,0x00007ef356580000,0x00007ef359000000)
 ParOldGen       total 699392K, used 679840K [0x00007ef319000000, 0x00007ef343b00000, 0x00007ef343b00000)
  object space 699392K, 97% used [0x00007ef319000000,0x00007ef3427e8140,0x00007ef343b00000)
 Metaspace       used 6423K, committed 6528K, reserved 8192K
}
Event: 3,157 GC heap after
{Heap after GC invocations=4 (full 1):
 PSYoungGen      total 305664K, used 0K [0x00007ef343b00000, 0x00007ef359000000, 0x00007ef359000000)
  eden space 262144K, 0% used [0x00007ef343b00000,0x00007ef343b00000,0x00007ef353b00000)
  from space 43520K, 0% used [0x00007ef356580000,0x00007ef356580000,0x00007ef359000000)
  to   space 43520K, 0% used [0x00007ef353b00000,0x00007ef353b00000,0x00007ef356580000)
 ParOldGen       total 699392K, used 641951K [0x00007ef319000000, 0x00007ef343b00000, 0x00007ef343b00000)
  object space 699392K, 91% used [0x00007ef319000000,0x00007ef3402e7e88,0x00007ef343b00000)
 Metaspace       used 6423K, committed 6528K, reserved 8192K
}
Event: 3,585 GC heap before
{Heap before GC invocations=5 (full 2):
 PSYoungGen      total 305664K, used 139754K [0x00007ef343b00000, 0x00007ef359000000, 0x00007ef359000000)
  eden space 262144K, 53% used [0x00007ef343b00000,0x00007ef34c37a980,0x00007ef353b00000)
  from space 43520K, 0% used [0x00007ef356580000,0x00007ef356580000,0x00007ef359000000)
  to   space 43520K, 0% used [0x00007ef353b00000,0x00007ef353b00000,0x00007ef356580000)
 ParOldGen       total 699392K, used 641951K [0x00007ef319000000, 0x00007ef343b00000, 0x00007ef343b00000)
  object space 699392K, 91% used [0x00007ef319000000,0x00007ef3402e7e88,0x00007ef343b00000)
 Metaspace       used 6427K, committed 6528K, reserved 8192K
}
Event: 4,495 GC heap after
{Heap after GC invocations=5 (full 2):
 PSYoungGen      total 305664K, used 70652K [0x00007ef343b00000, 0x00007ef359000000, 0x00007ef359000000)
  eden space 262144K, 26% used [0x00007ef343b00000,0x00007ef347fff270,0x00007ef353b00000)
  from space 43520K, 0% used [0x00007ef356580000,0x00007ef356580000,0x00007ef359000000)
  to   space 43520K, 0% used [0x00007ef353b00000,0x00007ef353b00000,0x00007ef356580000)
 ParOldGen       total 699392K, used 699289K [0x00007ef319000000, 0x00007ef343b00000, 0x00007ef343b00000)
  object space 699392K, 99% used [0x00007ef319000000,0x00007ef343ae6578,0x00007ef343b00000)
 Metaspace       used 6427K, committed 6528K, reserved 8192K
}
Event: 4,707 GC heap before
{Heap before GC invocations=6 (full 3):
 PSYoungGen      total 305664K, used 262144K [0x00007ef343b00000, 0x00007ef359000000, 0x00007ef359000000)
  eden space 262144K, 100% used [0x00007ef343b00000,0x00007ef353b00000,0x00007ef353b00000)
  from space 43520K, 0% used [0x00007ef356580000,0x00007ef356580000,0x00007ef359000000)
  to   space 43520K, 0% used [0x00007ef353b00000,0x00007ef353b00000,0x00007ef356580000)
 ParOldGen       total 699392K, used 699289K [0x00007ef319000000, 0x00007ef343b00000, 0x00007ef343b00000)
  object space 699392K, 99% used [0x00007ef319000000,0x00007ef343ae6578,0x00007ef343b00000)
 Metaspace       used 6427K, committed 6528K, reserved 8192K
}
Event: 5,926 GC heap after
{Heap after GC invocations=6 (full 3):
 PSYoungGen      total 305664K, used 262119K [0x00007ef343b00000, 0x00007ef359000000, 0x00007ef359000000)
  eden space 262144K, 99% used [0x00007ef343b00000,0x00007ef353af9c90,0x00007ef353b00000)
  from space 43520K, 0% used [0x00007ef353b00000,0x00007ef353b00000,0x00007ef356580000)
  to   space 43520K, 0% used [0x00007ef356580000,0x00007ef356580000,0x00007ef359000000)
 ParOldGen       total 699392K, used 699280K [0x00007ef319000000, 0x00007ef343b00000, 0x00007ef343b00000)
  object space 699392K, 99% used [0x00007ef319000000,0x00007ef343ae4340,0x00007ef343b00000)
 Metaspace       used 6427K, committed 6528K, reserved 8192K
}
Event: 5,926 GC heap before
{Heap before GC invocations=7 (full 4):
 PSYoungGen      total 305664K, used 262144K [0x00007ef343b00000, 0x00007ef359000000, 0x00007ef359000000)
  eden space 262144K, 100% used [0x00007ef343b00000,0x00007ef353b00000,0x00007ef353b00000)
  from space 43520K, 0% used [0x00007ef353b00000,0x00007ef353b00000,0x00007ef356580000)
  to   space 43520K, 0% used [0x00007ef356580000,0x00007ef356580000,0x00007ef359000000)
 ParOldGen       total 699392K, used 699280K [0x00007ef319000000, 0x00007ef343b00000, 0x00007ef343b00000)
  object space 699392K, 99% used [0x00007ef319000000,0x00007ef343ae4340,0x00007ef343b00000)
 Metaspace       used 6427K, committed 6528K, reserved 8192K
}
Event: 8,844 GC heap after
{Heap after GC invocations=7 (full 4):
 PSYoungGen      total 305664K, used 21260K [0x00007ef343b00000, 0x00007ef359000000, 0x00007ef359000000)
  eden space 262144K, 8% used [0x00007ef343b00000,0x00007ef344fc3098,0x00007ef353b00000)
  from space 43520K, 0% used [0x00007ef356580000,0x00007ef356580000,0x00007ef359000000)
  to   space 43520K, 0% used [0x00007ef353b00000,0x00007ef353b00000,0x00007ef356580000)
 ParOldGen       total 699392K, used 699093K [0x00007ef319000000, 0x00007ef343b00000, 0x00007ef343b00000)
  object space 699392K, 99% used [0x00007ef319000000,0x00007ef343ab5400,0x00007ef343b00000)
 Metaspace       used 6427K, committed 6528K, reserved 8192K
}
Event: 9,334 GC heap before
{Heap before GC invocations=8 (full 5):
 PSYoungGen      total 305664K, used 262144K [0x00007ef343b00000, 0x00007ef359000000, 0x00007ef359000000)
  eden space 262144K, 100% used [0x00007ef343b00000,0x00007ef353b00000,0x00007ef353b00000)
  from space 43520K, 0% used [0x00007ef356580000,0x00007ef356580000,0x00007ef359000000)
  to   space 43520K, 0% used [0x00007ef353b00000,0x00007ef353b00000,0x00007ef356580000)
 ParOldGen       total 699392K, used 699093K [0x00007ef319000000, 0x00007ef343b00000, 0x00007ef343b00000)
  object space 699392K, 99% used [0x00007ef319000000,0x00007ef343ab5400,0x00007ef343b00000)
 Metaspace       used 6427K, committed 6528K, reserved 8192K
}
Event: 11,892 GC heap after
{Heap after GC invocations=8 (full 5):
 PSYoungGen      total 305664K, used 60949K [0x00007ef343b00000, 0x00007ef359000000, 0x00007ef359000000)
  eden space 262144K, 23% used [0x00007ef343b00000,0x00007ef3476857c8,0x00007ef353b00000)
  from space 43520K, 0% used [0x00007ef353b00000,0x00007ef353b00000,0x00007ef356580000)
  to   space 43520K, 0% used [0x00007ef356580000,0x00007ef356580000,0x00007ef359000000)
 ParOldGen       total 699392K, used 699015K [0x00007ef319000000, 0x00007ef343b00000, 0x00007ef343b00000)
  object space 699392K, 99% used [0x00007ef319000000,0x00007ef343aa1d38,0x00007ef343b00000)
 Metaspace       used 6427K, committed 6528K, reserved 8192K
}
Event: 12,064 GC heap before
{Heap before GC invocations=9 (full 6):
 PSYoungGen      total 305664K, used 262144K [0x00007ef343b00000, 0x00007ef359000000, 0x00007ef359000000)
  eden space 262144K, 100% used [0x00007ef343b00000,0x00007ef353b00000,0x00007ef353b00000)
  from space 43520K, 0% used [0x00007ef353b00000,0x00007ef353b00000,0x00007ef356580000)
  to   space 43520K, 0% used [0x00007ef356580000,0x00007ef356580000,0x00007ef359000000)
 ParOldGen       total 699392K, used 699015K [0x00007ef319000000, 0x00007ef343b00000, 0x00007ef343b00000)
  object space 699392K, 99% used [0x00007ef319000000,0x00007ef343aa1d38,0x00007ef343b00000)
 Metaspace       used 6427K, committed 6528K, reserved 8192K
}

