# JRE version: OpenJDK Runtime Environment (17.0.6) (fastdebug build 17.0.6-internal+0-adhoc.konstdelis.jdk17u067)
# Java VM: OpenJDK 64-Bit Server VM (fastdebug 17.0.6-internal+0-adhoc.konstdelis.jdk17u067, mixed mode, tiered, parallel gc, linux-amd64)
GC Precious Log:
 CPUs: 32 total, 32 available
 Memory: 251G
 Large Page Support: Disabled
 NUMA Support: Disabled
 Compressed Oops: Disabled
 Alignments: Space 512K, Generation 512K, Heap 2M
 Heap Min Capacity: 3G
 Heap Initial Capacity: 3G
 Heap Max Capacity: 3G
 Pre-touch: Disabled
 Parallel Workers: 1
Heap:
 PSYoungGen      total 917504K, used 36700K [0x00007ecf9d000000, 0x00007ecfdd000000, 0x00007ecfdd000000)
  eden space 786432K, 4% used [0x00007ecf9d000000,0x00007ecf9f3d7298,0x00007ecfcd000000)
  from space 131072K, 0% used [0x00007ecfd5000000,0x00007ecfd5000000,0x00007ecfdd000000)
  to   space 131072K, 0% used [0x00007ecfcd000000,0x00007ecfcd000000,0x00007ecfd5000000)
 ParOldGen       total 2097152K, used 263619K [0x00007ecf1d000000, 0x00007ecf9d000000, 0x00007ecf9d000000)
  object space 2097152K, 12% used [0x00007ecf1d000000,0x00007ecf2d170ef8,0x00007ecf9d000000)
 Metaspace       used 7395K, committed 7488K, reserved 8192K
GC Heap History (8 events):
Event: 2,569 GC heap before
{Heap before GC invocations=1 (full 0):
 PSYoungGen      total 917504K, used 78643K [0x00007ecf9d000000, 0x00007ecfdd000000, 0x00007ecfdd000000)
  eden space 786432K, 10% used [0x00007ecf9d000000,0x00007ecfa1cccf00,0x00007ecfcd000000)
  from space 131072K, 0% used [0x00007ecfd5000000,0x00007ecfd5000000,0x00007ecfdd000000)
  to   space 131072K, 0% used [0x00007ecfcd000000,0x00007ecfcd000000,0x00007ecfd5000000)
 ParOldGen       total 2097152K, used 0K [0x00007ecf1d000000, 0x00007ecf9d000000, 0x00007ecf9d000000)
  object space 2097152K, 0% used [0x00007ecf1d000000,0x00007ecf1d000000,0x00007ecf9d000000)
 Metaspace       used 7390K, committed 7488K, reserved 8192K
}
Event: 2,596 GC heap after
{Heap after GC invocations=1 (full 0):
 PSYoungGen      total 917504K, used 1520K [0x00007ecf9d000000, 0x00007ecfdd000000, 0x00007ecfdd000000)
  eden space 786432K, 0% used [0x00007ecf9d000000,0x00007ecf9d000000,0x00007ecfcd000000)
  from space 131072K, 1% used [0x00007ecfcd000000,0x00007ecfcd17c020,0x00007ecfd5000000)
  to   space 131072K, 0% used [0x00007ecfd5000000,0x00007ecfd5000000,0x00007ecfdd000000)
 ParOldGen       total 2097152K, used 0K [0x00007ecf1d000000, 0x00007ecf9d000000, 0x00007ecf9d000000)
  object space 2097152K, 0% used [0x00007ecf1d000000,0x00007ecf1d000000,0x00007ecf9d000000)
 Metaspace       used 7390K, committed 7488K, reserved 8192K
}
Event: 2,597 GC heap before
{Heap before GC invocations=2 (full 1):
 PSYoungGen      total 917504K, used 1520K [0x00007ecf9d000000, 0x00007ecfdd000000, 0x00007ecfdd000000)
  eden space 786432K, 0% used [0x00007ecf9d000000,0x00007ecf9d000000,0x00007ecfcd000000)
  from space 131072K, 1% used [0x00007ecfcd000000,0x00007ecfcd17c020,0x00007ecfd5000000)
  to   space 131072K, 0% used [0x00007ecfd5000000,0x00007ecfd5000000,0x00007ecfdd000000)
 ParOldGen       total 2097152K, used 0K [0x00007ecf1d000000, 0x00007ecf9d000000, 0x00007ecf9d000000)
  object space 2097152K, 0% used [0x00007ecf1d000000,0x00007ecf1d000000,0x00007ecf9d000000)
 Metaspace       used 7390K, committed 7488K, reserved 8192K
}
Event: 2,640 GC heap after
{Heap after GC invocations=2 (full 1):
 PSYoungGen      total 917504K, used 0K [0x00007ecf9d000000, 0x00007ecfdd000000, 0x00007ecfdd000000)
  eden space 786432K, 0% used [0x00007ecf9d000000,0x00007ecf9d000000,0x00007ecfcd000000)
  from space 131072K, 0% used [0x00007ecfcd000000,0x00007ecfcd000000,0x00007ecfd5000000)
  to   space 131072K, 0% used [0x00007ecfd5000000,0x00007ecfd5000000,0x00007ecfdd000000)
 ParOldGen       total 2097152K, used 1480K [0x00007ecf1d000000, 0x00007ecf9d000000, 0x00007ecf9d000000)
  object space 2097152K, 0% used [0x00007ecf1d000000,0x00007ecf1d172328,0x00007ecf9d000000)
 Metaspace       used 7390K, committed 7488K, reserved 8192K
}
Event: 2,643 GC heap before
{Heap before GC invocations=3 (full 1):
 PSYoungGen      total 917504K, used 31457K [0x00007ecf9d000000, 0x00007ecfdd000000, 0x00007ecfdd000000)
  eden space 786432K, 4% used [0x00007ecf9d000000,0x00007ecf9eeb8570,0x00007ecfcd000000)
  from space 131072K, 0% used [0x00007ecfcd000000,0x00007ecfcd000000,0x00007ecfd5000000)
  to   space 131072K, 0% used [0x00007ecfd5000000,0x00007ecfd5000000,0x00007ecfdd000000)
 ParOldGen       total 2097152K, used 1480K [0x00007ecf1d000000, 0x00007ecf9d000000, 0x00007ecf9d000000)
  object space 2097152K, 0% used [0x00007ecf1d000000,0x00007ecf1d172328,0x00007ecf9d000000)
 Metaspace       used 7390K, committed 7488K, reserved 8192K
}
Event: 2,650 GC heap after
{Heap after GC invocations=3 (full 1):
 PSYoungGen      total 917504K, used 32K [0x00007ecf9d000000, 0x00007ecfdd000000, 0x00007ecfdd000000)
  eden space 786432K, 0% used [0x00007ecf9d000000,0x00007ecf9d000000,0x00007ecfcd000000)
  from space 131072K, 0% used [0x00007ecfd5000000,0x00007ecfd5008000,0x00007ecfdd000000)
  to   space 131072K, 0% used [0x00007ecfcd000000,0x00007ecfcd000000,0x00007ecfd5000000)
 ParOldGen       total 2097152K, used 1480K [0x00007ecf1d000000, 0x00007ecf9d000000, 0x00007ecf9d000000)
  object space 2097152K, 0% used [0x00007ecf1d000000,0x00007ecf1d172328,0x00007ecf9d000000)
 Metaspace       used 7390K, committed 7488K, reserved 8192K
}
Event: 2,651 GC heap before
{Heap before GC invocations=4 (full 2):
 PSYoungGen      total 917504K, used 32K [0x00007ecf9d000000, 0x00007ecfdd000000, 0x00007ecfdd000000)
  eden space 786432K, 0% used [0x00007ecf9d000000,0x00007ecf9d000000,0x00007ecfcd000000)
  from space 131072K, 0% used [0x00007ecfd5000000,0x00007ecfd5008000,0x00007ecfdd000000)
  to   space 131072K, 0% used [0x00007ecfcd000000,0x00007ecfcd000000,0x00007ecfd5000000)
 ParOldGen       total 2097152K, used 1480K [0x00007ecf1d000000, 0x00007ecf9d000000, 0x00007ecf9d000000)
  object space 2097152K, 0% used [0x00007ecf1d000000,0x00007ecf1d172328,0x00007ecf9d000000)
 Metaspace       used 7390K, committed 7488K, reserved 8192K
}
Event: 2,874 GC heap after
{Heap after GC invocations=4 (full 2):
 PSYoungGen      total 917504K, used 0K [0x00007ecf9d000000, 0x00007ecfdd000000, 0x00007ecfdd000000)
  eden space 786432K, 0% used [0x00007ecf9d000000,0x00007ecf9d000000,0x00007ecfcd000000)
  from space 131072K, 0% used [0x00007ecfd5000000,0x00007ecfd5000000,0x00007ecfdd000000)
  to   space 131072K, 0% used [0x00007ecfcd000000,0x00007ecfcd000000,0x00007ecfd5000000)
 ParOldGen       total 2097152K, used 263619K [0x00007ecf1d000000, 0x00007ecf9d000000, 0x00007ecf9d000000)
  object space 2097152K, 12% used [0x00007ecf1d000000,0x00007ecf2d170ef8,0x00007ecf9d000000)
 Metaspace       used 7390K, committed 7488K, reserved 8192K
}

