# JRE version: OpenJDK Runtime Environment (17.0.6) (fastdebug build 17.0.6-internal+0-adhoc.konstdelis.jdk17u067)
# Java VM: OpenJDK 64-Bit Server VM (fastdebug 17.0.6-internal+0-adhoc.konstdelis.jdk17u067, mixed mode, tiered, parallel gc, linux-amd64)
GC Precious Log:
 CPUs: 32 total, 32 available
 Memory: 251G
 Large Page Support: Disabled
 NUMA Support: Disabled
 Compressed Oops: Disabled
 Alignments: Space 512K, Generation 512K, Heap 2M
 Heap Min Capacity: 3G
 Heap Initial Capacity: 3G
 Heap Max Capacity: 3G
 Pre-touch: Disabled
 Parallel Workers: 8
Heap:
 PSYoungGen      total 917504K, used 31457K [0x00007ebf49000000, 0x00007ebf89000000, 0x00007ebf89000000)
  eden space 786432K, 4% used [0x00007ebf49000000,0x00007ebf4aeb86f8,0x00007ebf79000000)
  from space 131072K, 0% used [0x00007ebf81000000,0x00007ebf81000000,0x00007ebf89000000)
  to   space 131072K, 0% used [0x00007ebf79000000,0x00007ebf79000000,0x00007ebf81000000)
 ParOldGen       total 2097152K, used 1997K [0x00007ebec9000000, 0x00007ebf49000000, 0x00007ebf49000000)
  object space 2097152K, 0% used [0x00007ebec9000000,0x00007ebec91f3450,0x00007ebf49000000)
 Metaspace       used 7407K, committed 7488K, reserved 8192K
GC Heap History (20 events):
Event: 2,480 GC heap before
{Heap before GC invocations=3 (full 1):
 PSYoungGen      total 917504K, used 47186K [0x00007ebf49000000, 0x00007ebf89000000, 0x00007ebf89000000)
  eden space 786432K, 6% used [0x00007ebf49000000,0x00007ebf4be14818,0x00007ebf79000000)
  from space 131072K, 0% used [0x00007ebf79000000,0x00007ebf79000000,0x00007ebf81000000)
  to   space 131072K, 0% used [0x00007ebf81000000,0x00007ebf81000000,0x00007ebf89000000)
 ParOldGen       total 2097152K, used 1592K [0x00007ebec9000000, 0x00007ebf49000000, 0x00007ebf49000000)
  object space 2097152K, 0% used [0x00007ebec9000000,0x00007ebec918e228,0x00007ebf49000000)
 Metaspace       used 7404K, committed 7488K, reserved 8192K
}
Event: 2,492 GC heap after
{Heap after GC invocations=3 (full 1):
 PSYoungGen      total 917504K, used 64K [0x00007ebf49000000, 0x00007ebf89000000, 0x00007ebf89000000)
  eden space 786432K, 0% used [0x00007ebf49000000,0x00007ebf49000000,0x00007ebf79000000)
  from space 131072K, 0% used [0x00007ebf81000000,0x00007ebf81010000,0x00007ebf89000000)
  to   space 131072K, 0% used [0x00007ebf79000000,0x00007ebf79000000,0x00007ebf81000000)
 ParOldGen       total 2097152K, used 1592K [0x00007ebec9000000, 0x00007ebf49000000, 0x00007ebf49000000)
  object space 2097152K, 0% used [0x00007ebec9000000,0x00007ebec918e228,0x00007ebf49000000)
 Metaspace       used 7404K, committed 7488K, reserved 8192K
}
Event: 2,492 GC heap before
{Heap before GC invocations=4 (full 2):
 PSYoungGen      total 917504K, used 64K [0x00007ebf49000000, 0x00007ebf89000000, 0x00007ebf89000000)
  eden space 786432K, 0% used [0x00007ebf49000000,0x00007ebf49000000,0x00007ebf79000000)
  from space 131072K, 0% used [0x00007ebf81000000,0x00007ebf81010000,0x00007ebf89000000)
  to   space 131072K, 0% used [0x00007ebf79000000,0x00007ebf79000000,0x00007ebf81000000)
 ParOldGen       total 2097152K, used 1592K [0x00007ebec9000000, 0x00007ebf49000000, 0x00007ebf49000000)
  object space 2097152K, 0% used [0x00007ebec9000000,0x00007ebec918e228,0x00007ebf49000000)
 Metaspace       used 7404K, committed 7488K, reserved 8192K
}
Event: 2,694 GC heap after
{Heap after GC invocations=4 (full 2):
 PSYoungGen      total 917504K, used 0K [0x00007ebf49000000, 0x00007ebf89000000, 0x00007ebf89000000)
  eden space 786432K, 0% used [0x00007ebf49000000,0x00007ebf49000000,0x00007ebf79000000)
  from space 131072K, 0% used [0x00007ebf81000000,0x00007ebf81000000,0x00007ebf89000000)
  to   space 131072K, 0% used [0x00007ebf79000000,0x00007ebf79000000,0x00007ebf81000000)
 ParOldGen       total 2097152K, used 1682K [0x00007ebec9000000, 0x00007ebf49000000, 0x00007ebf49000000)
  object space 2097152K, 0% used [0x00007ebec9000000,0x00007ebec91a4870,0x00007ebf49000000)
 Metaspace       used 7404K, committed 7488K, reserved 8192K
}
Event: 2,697 GC heap before
{Heap before GC invocations=5 (full 2):
 PSYoungGen      total 917504K, used 15728K [0x00007ebf49000000, 0x00007ebf89000000, 0x00007ebf89000000)
  eden space 786432K, 2% used [0x00007ebf49000000,0x00007ebf49f5c2c8,0x00007ebf79000000)
  from space 131072K, 0% used [0x00007ebf81000000,0x00007ebf81000000,0x00007ebf89000000)
  to   space 131072K, 0% used [0x00007ebf79000000,0x00007ebf79000000,0x00007ebf81000000)
 ParOldGen       total 2097152K, used 1682K [0x00007ebec9000000, 0x00007ebf49000000, 0x00007ebf49000000)
  object space 2097152K, 0% used [0x00007ebec9000000,0x00007ebec91a4870,0x00007ebf49000000)
 Metaspace       used 7404K, committed 7488K, reserved 8192K
}
Event: 2,700 GC heap after
{Heap after GC invocations=5 (full 2):
 PSYoungGen      total 917504K, used 0K [0x00007ebf49000000, 0x00007ebf89000000, 0x00007ebf89000000)
  eden space 786432K, 0% used [0x00007ebf49000000,0x00007ebf49000000,0x00007ebf79000000)
  from space 131072K, 0% used [0x00007ebf79000000,0x00007ebf79000000,0x00007ebf81000000)
  to   space 131072K, 0% used [0x00007ebf81000000,0x00007ebf81000000,0x00007ebf89000000)
 ParOldGen       total 2097152K, used 1682K [0x00007ebec9000000, 0x00007ebf49000000, 0x00007ebf49000000)
  object space 2097152K, 0% used [0x00007ebec9000000,0x00007ebec91a4870,0x00007ebf49000000)
 Metaspace       used 7404K, committed 7488K, reserved 8192K
}
Event: 2,700 GC heap before
{Heap before GC invocations=6 (full 3):
 PSYoungGen      total 917504K, used 0K [0x00007ebf49000000, 0x00007ebf89000000, 0x00007ebf89000000)
  eden space 786432K, 0% used [0x00007ebf49000000,0x00007ebf49000000,0x00007ebf79000000)
  from space 131072K, 0% used [0x00007ebf79000000,0x00007ebf79000000,0x00007ebf81000000)
  to   space 131072K, 0% used [0x00007ebf81000000,0x00007ebf81000000,0x00007ebf89000000)
 ParOldGen       total 2097152K, used 1682K [0x00007ebec9000000, 0x00007ebf49000000, 0x00007ebf49000000)
  object space 2097152K, 0% used [0x00007ebec9000000,0x00007ebec91a4870,0x00007ebf49000000)
 Metaspace       used 7404K, committed 7488K, reserved 8192K
}
Event: 2,732 GC heap after
{Heap after GC invocations=6 (full 3):
 PSYoungGen      total 917504K, used 0K [0x00007ebf49000000, 0x00007ebf89000000, 0x00007ebf89000000)
  eden space 786432K, 0% used [0x00007ebf49000000,0x00007ebf49000000,0x00007ebf79000000)
  from space 131072K, 0% used [0x00007ebf79000000,0x00007ebf79000000,0x00007ebf81000000)
  to   space 131072K, 0% used [0x00007ebf81000000,0x00007ebf81000000,0x00007ebf89000000)
 ParOldGen       total 2097152K, used 1582K [0x00007ebec9000000, 0x00007ebf49000000, 0x00007ebf49000000)
  object space 2097152K, 0% used [0x00007ebec9000000,0x00007ebec918bbd8,0x00007ebf49000000)
 Metaspace       used 7404K, committed 7488K, reserved 8192K
}
Event: 2,735 GC heap before
{Heap before GC invocations=7 (full 3):
 PSYoungGen      total 917504K, used 15728K [0x00007ebf49000000, 0x00007ebf89000000, 0x00007ebf89000000)
  eden space 786432K, 2% used [0x00007ebf49000000,0x00007ebf49f5c2c8,0x00007ebf79000000)
  from space 131072K, 0% used [0x00007ebf79000000,0x00007ebf79000000,0x00007ebf81000000)
  to   space 131072K, 0% used [0x00007ebf81000000,0x00007ebf81000000,0x00007ebf89000000)
 ParOldGen       total 2097152K, used 1582K [0x00007ebec9000000, 0x00007ebf49000000, 0x00007ebf49000000)
  object space 2097152K, 0% used [0x00007ebec9000000,0x00007ebec918bbd8,0x00007ebf49000000)
 Metaspace       used 7404K, committed 7488K, reserved 8192K
}
Event: 2,738 GC heap after
{Heap after GC invocations=7 (full 3):
 PSYoungGen      total 917504K, used 0K [0x00007ebf49000000, 0x00007ebf89000000, 0x00007ebf89000000)
  eden space 786432K, 0% used [0x00007ebf49000000,0x00007ebf49000000,0x00007ebf79000000)
  from space 131072K, 0% used [0x00007ebf81000000,0x00007ebf81000000,0x00007ebf89000000)
  to   space 131072K, 0% used [0x00007ebf79000000,0x00007ebf79000000,0x00007ebf81000000)
 ParOldGen       total 2097152K, used 1582K [0x00007ebec9000000, 0x00007ebf49000000, 0x00007ebf49000000)
  object space 2097152K, 0% used [0x00007ebec9000000,0x00007ebec918bbd8,0x00007ebf49000000)
 Metaspace       used 7404K, committed 7488K, reserved 8192K
}
Event: 2,739 GC heap before
{Heap before GC invocations=8 (full 4):
 PSYoungGen      total 917504K, used 0K [0x00007ebf49000000, 0x00007ebf89000000, 0x00007ebf89000000)
  eden space 786432K, 0% used [0x00007ebf49000000,0x00007ebf49000000,0x00007ebf79000000)
  from space 131072K, 0% used [0x00007ebf81000000,0x00007ebf81000000,0x00007ebf89000000)
  to   space 131072K, 0% used [0x00007ebf79000000,0x00007ebf79000000,0x00007ebf81000000)
 ParOldGen       total 2097152K, used 1582K [0x00007ebec9000000, 0x00007ebf49000000, 0x00007ebf49000000)
  object space 2097152K, 0% used [0x00007ebec9000000,0x00007ebec918bbd8,0x00007ebf49000000)
 Metaspace       used 7404K, committed 7488K, reserved 8192K
}
Event: 2,910 GC heap after
{Heap after GC invocations=8 (full 4):
 PSYoungGen      total 917504K, used 0K [0x00007ebf49000000, 0x00007ebf89000000, 0x00007ebf89000000)
  eden space 786432K, 0% used [0x00007ebf49000000,0x00007ebf49000000,0x00007ebf79000000)
  from space 131072K, 0% used [0x00007ebf81000000,0x00007ebf81000000,0x00007ebf89000000)
  to   space 131072K, 0% used [0x00007ebf79000000,0x00007ebf79000000,0x00007ebf81000000)
 ParOldGen       total 2097152K, used 1776K [0x00007ebec9000000, 0x00007ebf49000000, 0x00007ebf49000000)
  object space 2097152K, 0% used [0x00007ebec9000000,0x00007ebec91bc298,0x00007ebf49000000)
 Metaspace       used 7404K, committed 7488K, reserved 8192K
}
Event: 2,914 GC heap before
{Heap before GC invocations=9 (full 4):
 PSYoungGen      total 917504K, used 15728K [0x00007ebf49000000, 0x00007ebf89000000, 0x00007ebf89000000)
  eden space 786432K, 2% used [0x00007ebf49000000,0x00007ebf49f5c2c8,0x00007ebf79000000)
  from space 131072K, 0% used [0x00007ebf81000000,0x00007ebf81000000,0x00007ebf89000000)
  to   space 131072K, 0% used [0x00007ebf79000000,0x00007ebf79000000,0x00007ebf81000000)
 ParOldGen       total 2097152K, used 1776K [0x00007ebec9000000, 0x00007ebf49000000, 0x00007ebf49000000)
  object space 2097152K, 0% used [0x00007ebec9000000,0x00007ebec91bc298,0x00007ebf49000000)
 Metaspace       used 7404K, committed 7488K, reserved 8192K
}
Event: 2,917 GC heap after
{Heap after GC invocations=9 (full 4):
 PSYoungGen      total 917504K, used 256K [0x00007ebf49000000, 0x00007ebf89000000, 0x00007ebf89000000)
  eden space 786432K, 0% used [0x00007ebf49000000,0x00007ebf49000000,0x00007ebf79000000)
  from space 131072K, 0% used [0x00007ebf79000000,0x00007ebf79040000,0x00007ebf81000000)
  to   space 131072K, 0% used [0x00007ebf81000000,0x00007ebf81000000,0x00007ebf89000000)
 ParOldGen       total 2097152K, used 1776K [0x00007ebec9000000, 0x00007ebf49000000, 0x00007ebf49000000)
  object space 2097152K, 0% used [0x00007ebec9000000,0x00007ebec91bc298,0x00007ebf49000000)
 Metaspace       used 7404K, committed 7488K, reserved 8192K
}
Event: 2,917 GC heap before
{Heap before GC invocations=10 (full 5):
 PSYoungGen      total 917504K, used 256K [0x00007ebf49000000, 0x00007ebf89000000, 0x00007ebf89000000)
  eden space 786432K, 0% used [0x00007ebf49000000,0x00007ebf49000000,0x00007ebf79000000)
  from space 131072K, 0% used [0x00007ebf79000000,0x00007ebf79040000,0x00007ebf81000000)
  to   space 131072K, 0% used [0x00007ebf81000000,0x00007ebf81000000,0x00007ebf89000000)
 ParOldGen       total 2097152K, used 1776K [0x00007ebec9000000, 0x00007ebf49000000, 0x00007ebf49000000)
  object space 2097152K, 0% used [0x00007ebec9000000,0x00007ebec91bc298,0x00007ebf49000000)
 Metaspace       used 7404K, committed 7488K, reserved 8192K
}
Event: 3,088 GC heap after
{Heap after GC invocations=10 (full 5):
 PSYoungGen      total 917504K, used 0K [0x00007ebf49000000, 0x00007ebf89000000, 0x00007ebf89000000)
  eden space 786432K, 0% used [0x00007ebf49000000,0x00007ebf49000000,0x00007ebf79000000)
  from space 131072K, 0% used [0x00007ebf79000000,0x00007ebf79000000,0x00007ebf81000000)
  to   space 131072K, 0% used [0x00007ebf81000000,0x00007ebf81000000,0x00007ebf89000000)
 ParOldGen       total 2097152K, used 1977K [0x00007ebec9000000, 0x00007ebf49000000, 0x00007ebf49000000)
  object space 2097152K, 0% used [0x00007ebec9000000,0x00007ebec91ee768,0x00007ebf49000000)
 Metaspace       used 7404K, committed 7488K, reserved 8192K
}
Event: 3,091 GC heap before
{Heap before GC invocations=11 (full 5):
 PSYoungGen      total 917504K, used 15728K [0x00007ebf49000000, 0x00007ebf89000000, 0x00007ebf89000000)
  eden space 786432K, 2% used [0x00007ebf49000000,0x00007ebf49f5c2c8,0x00007ebf79000000)
  from space 131072K, 0% used [0x00007ebf79000000,0x00007ebf79000000,0x00007ebf81000000)
  to   space 131072K, 0% used [0x00007ebf81000000,0x00007ebf81000000,0x00007ebf89000000)
 ParOldGen       total 2097152K, used 1977K [0x00007ebec9000000, 0x00007ebf49000000, 0x00007ebf49000000)
  object space 2097152K, 0% used [0x00007ebec9000000,0x00007ebec91ee768,0x00007ebf49000000)
 Metaspace       used 7404K, committed 7488K, reserved 8192K
}
Event: 3,094 GC heap after
{Heap after GC invocations=11 (full 5):
 PSYoungGen      total 917504K, used 192K [0x00007ebf49000000, 0x00007ebf89000000, 0x00007ebf89000000)
  eden space 786432K, 0% used [0x00007ebf49000000,0x00007ebf49000000,0x00007ebf79000000)
  from space 131072K, 0% used [0x00007ebf81000000,0x00007ebf81030000,0x00007ebf89000000)
  to   space 131072K, 0% used [0x00007ebf79000000,0x00007ebf79000000,0x00007ebf81000000)
 ParOldGen       total 2097152K, used 1977K [0x00007ebec9000000, 0x00007ebf49000000, 0x00007ebf49000000)
  object space 2097152K, 0% used [0x00007ebec9000000,0x00007ebec91ee768,0x00007ebf49000000)
 Metaspace       used 7404K, committed 7488K, reserved 8192K
}
Event: 3,094 GC heap before
{Heap before GC invocations=12 (full 6):
 PSYoungGen      total 917504K, used 192K [0x00007ebf49000000, 0x00007ebf89000000, 0x00007ebf89000000)
  eden space 786432K, 0% used [0x00007ebf49000000,0x00007ebf49000000,0x00007ebf79000000)
  from space 131072K, 0% used [0x00007ebf81000000,0x00007ebf81030000,0x00007ebf89000000)
  to   space 131072K, 0% used [0x00007ebf79000000,0x00007ebf79000000,0x00007ebf81000000)
 ParOldGen       total 2097152K, used 1977K [0x00007ebec9000000, 0x00007ebf49000000, 0x00007ebf49000000)
  object space 2097152K, 0% used [0x00007ebec9000000,0x00007ebec91ee768,0x00007ebf49000000)
 Metaspace       used 7404K, committed 7488K, reserved 8192K
}
Event: 3,266 GC heap after
{Heap after GC invocations=12 (full 6):
 PSYoungGen      total 917504K, used 0K [0x00007ebf49000000, 0x00007ebf89000000, 0x00007ebf89000000)
  eden space 786432K, 0% used [0x00007ebf49000000,0x00007ebf49000000,0x00007ebf79000000)
  from space 131072K, 0% used [0x00007ebf81000000,0x00007ebf81000000,0x00007ebf89000000)
  to   space 131072K, 0% used [0x00007ebf79000000,0x00007ebf79000000,0x00007ebf81000000)
 ParOldGen       total 2097152K, used 1997K [0x00007ebec9000000, 0x00007ebf49000000, 0x00007ebf49000000)
  object space 2097152K, 0% used [0x00007ebec9000000,0x00007ebec91f3450,0x00007ebf49000000)
 Metaspace       used 7404K, committed 7488K, reserved 8192K
}

