# JRE version: OpenJDK Runtime Environment (17.0.6) (fastdebug build 17.0.6-internal+0-adhoc.konstdelis.jdk17u067)
# Java VM: OpenJDK 64-Bit Server VM (fastdebug 17.0.6-internal+0-adhoc.konstdelis.jdk17u067, mixed mode, tiered, parallel gc, linux-amd64)
GC Precious Log:
 CPUs: 32 total, 32 available
 Memory: 251G
 Large Page Support: Disabled
 NUMA Support: Disabled
 Compressed Oops: Disabled
 Alignments: Space 512K, Generation 512K, Heap 2M
 Heap Min Capacity: 1G
 Heap Initial Capacity: 1G
 Heap Max Capacity: 1G
 Pre-touch: Disabled
 Parallel Workers: 1
Heap:
 PSYoungGen      total 305664K, used 32K [0x00007e4e7bb00000, 0x00007e4e91000000, 0x00007e4e91000000)
  eden space 262144K, 0% used [0x00007e4e7bb00000,0x00007e4e7bb00000,0x00007e4e8bb00000)
  from space 43520K, 0% used [0x00007e4e8bb00000,0x00007e4e8bb08000,0x00007e4e8e580000)
  to   space 43520K, 0% used [0x00007e4e8e580000,0x00007e4e8e580000,0x00007e4e91000000)
 ParOldGen       total 699392K, used 221541K [0x00007e4e51000000, 0x00007e4e7bb00000, 0x00007e4e7bb00000)
  object space 699392K, 31% used [0x00007e4e51000000,0x00007e4e5e859468,0x00007e4e7bb00000)
 Metaspace       used 6719K, committed 6784K, reserved 8192K
GC Heap History (11 events):
Event: 2,307 GC heap before
{Heap before GC invocations=1 (full 0):
 PSYoungGen      total 305664K, used 239413K [0x00007e4e7bb00000, 0x00007e4e91000000, 0x00007e4e91000000)
  eden space 262144K, 91% used [0x00007e4e7bb00000,0x00007e4e8a4cd598,0x00007e4e8bb00000)
  from space 43520K, 0% used [0x00007e4e8e580000,0x00007e4e8e580000,0x00007e4e91000000)
  to   space 43520K, 0% used [0x00007e4e8bb00000,0x00007e4e8bb00000,0x00007e4e8e580000)
 ParOldGen       total 699392K, used 0K [0x00007e4e51000000, 0x00007e4e7bb00000, 0x00007e4e7bb00000)
  object space 699392K, 0% used [0x00007e4e51000000,0x00007e4e51000000,0x00007e4e7bb00000)
 Metaspace       used 6719K, committed 6784K, reserved 8192K
}
Event: 3,714 GC heap after
{Heap after GC invocations=1 (full 0):
 PSYoungGen      total 305664K, used 43488K [0x00007e4e7bb00000, 0x00007e4e91000000, 0x00007e4e91000000)
  eden space 262144K, 0% used [0x00007e4e7bb00000,0x00007e4e7bb00000,0x00007e4e8bb00000)
  from space 43520K, 99% used [0x00007e4e8bb00000,0x00007e4e8e578020,0x00007e4e8e580000)
  to   space 43520K, 0% used [0x00007e4e8e580000,0x00007e4e8e580000,0x00007e4e91000000)
 ParOldGen       total 699392K, used 115688K [0x00007e4e51000000, 0x00007e4e7bb00000, 0x00007e4e7bb00000)
  object space 699392K, 16% used [0x00007e4e51000000,0x00007e4e580fa000,0x00007e4e7bb00000)
 Metaspace       used 6719K, committed 6784K, reserved 8192K
}
Event: 3,715 GC heap before
{Heap before GC invocations=2 (full 1):
 PSYoungGen      total 305664K, used 43488K [0x00007e4e7bb00000, 0x00007e4e91000000, 0x00007e4e91000000)
  eden space 262144K, 0% used [0x00007e4e7bb00000,0x00007e4e7bb00000,0x00007e4e8bb00000)
  from space 43520K, 99% used [0x00007e4e8bb00000,0x00007e4e8e578020,0x00007e4e8e580000)
  to   space 43520K, 0% used [0x00007e4e8e580000,0x00007e4e8e580000,0x00007e4e91000000)
 ParOldGen       total 699392K, used 115688K [0x00007e4e51000000, 0x00007e4e7bb00000, 0x00007e4e7bb00000)
  object space 699392K, 16% used [0x00007e4e51000000,0x00007e4e580fa000,0x00007e4e7bb00000)
 Metaspace       used 6719K, committed 6784K, reserved 8192K
}
Event: 6,374 GC heap after
{Heap after GC invocations=2 (full 1):
 PSYoungGen      total 305664K, used 0K [0x00007e4e7bb00000, 0x00007e4e91000000, 0x00007e4e91000000)
  eden space 262144K, 0% used [0x00007e4e7bb00000,0x00007e4e7bb00000,0x00007e4e8bb00000)
  from space 43520K, 0% used [0x00007e4e8bb00000,0x00007e4e8bb00000,0x00007e4e8e580000)
  to   space 43520K, 0% used [0x00007e4e8e580000,0x00007e4e8e580000,0x00007e4e91000000)
 ParOldGen       total 699392K, used 158300K [0x00007e4e51000000, 0x00007e4e7bb00000, 0x00007e4e7bb00000)
  object space 699392K, 22% used [0x00007e4e51000000,0x00007e4e5aa97020,0x00007e4e7bb00000)
 Metaspace       used 6719K, committed 6784K, reserved 8192K
}
Event: 6,700 GC heap before
{Heap before GC invocations=3 (full 1):
 PSYoungGen      total 305664K, used 196305K [0x00007e4e7bb00000, 0x00007e4e91000000, 0x00007e4e91000000)
  eden space 262144K, 74% used [0x00007e4e7bb00000,0x00007e4e87ab4450,0x00007e4e8bb00000)
  from space 43520K, 0% used [0x00007e4e8bb00000,0x00007e4e8bb00000,0x00007e4e8e580000)
  to   space 43520K, 0% used [0x00007e4e8e580000,0x00007e4e8e580000,0x00007e4e91000000)
 ParOldGen       total 699392K, used 158300K [0x00007e4e51000000, 0x00007e4e7bb00000, 0x00007e4e7bb00000)
  object space 699392K, 22% used [0x00007e4e51000000,0x00007e4e5aa97020,0x00007e4e7bb00000)
 Metaspace       used 6719K, committed 6784K, reserved 8192K
}
Event: 8,579 GC heap after
{Heap after GC invocations=3 (full 1):
 PSYoungGen      total 305664K, used 43520K [0x00007e4e7bb00000, 0x00007e4e91000000, 0x00007e4e91000000)
  eden space 262144K, 0% used [0x00007e4e7bb00000,0x00007e4e7bb00000,0x00007e4e8bb00000)
  from space 43520K, 100% used [0x00007e4e8e580000,0x00007e4e91000000,0x00007e4e91000000)
  to   space 43520K, 0% used [0x00007e4e8bb00000,0x00007e4e8bb00000,0x00007e4e8e580000)
 ParOldGen       total 699392K, used 310676K [0x00007e4e51000000, 0x00007e4e7bb00000, 0x00007e4e7bb00000)
  object space 699392K, 44% used [0x00007e4e51000000,0x00007e4e63f65040,0x00007e4e7bb00000)
 Metaspace       used 6719K, committed 6784K, reserved 8192K
}
Event: 8,579 GC heap before
{Heap before GC invocations=4 (full 2):
 PSYoungGen      total 305664K, used 43520K [0x00007e4e7bb00000, 0x00007e4e91000000, 0x00007e4e91000000)
  eden space 262144K, 0% used [0x00007e4e7bb00000,0x00007e4e7bb00000,0x00007e4e8bb00000)
  from space 43520K, 100% used [0x00007e4e8e580000,0x00007e4e91000000,0x00007e4e91000000)
  to   space 43520K, 0% used [0x00007e4e8bb00000,0x00007e4e8bb00000,0x00007e4e8e580000)
 ParOldGen       total 699392K, used 310676K [0x00007e4e51000000, 0x00007e4e7bb00000, 0x00007e4e7bb00000)
  object space 699392K, 44% used [0x00007e4e51000000,0x00007e4e63f65040,0x00007e4e7bb00000)
 Metaspace       used 6719K, committed 6784K, reserved 8192K
}
Event: 14,744 GC heap after
{Heap after GC invocations=4 (full 2):
 PSYoungGen      total 305664K, used 0K [0x00007e4e7bb00000, 0x00007e4e91000000, 0x00007e4e91000000)
  eden space 262144K, 0% used [0x00007e4e7bb00000,0x00007e4e7bb00000,0x00007e4e8bb00000)
  from space 43520K, 0% used [0x00007e4e8e580000,0x00007e4e8e580000,0x00007e4e91000000)
  to   space 43520K, 0% used [0x00007e4e8bb00000,0x00007e4e8bb00000,0x00007e4e8e580000)
 ParOldGen       total 699392K, used 221541K [0x00007e4e51000000, 0x00007e4e7bb00000, 0x00007e4e7bb00000)
  object space 699392K, 31% used [0x00007e4e51000000,0x00007e4e5e859468,0x00007e4e7bb00000)
 Metaspace       used 6719K, committed 6784K, reserved 8192K
}
Event: 14,884 GC heap before
{Heap before GC invocations=5 (full 2):
 PSYoungGen      total 305664K, used 30058K [0x00007e4e7bb00000, 0x00007e4e91000000, 0x00007e4e91000000)
  eden space 262144K, 11% used [0x00007e4e7bb00000,0x00007e4e7d85a8f8,0x00007e4e8bb00000)
  from space 43520K, 0% used [0x00007e4e8e580000,0x00007e4e8e580000,0x00007e4e91000000)
  to   space 43520K, 0% used [0x00007e4e8bb00000,0x00007e4e8bb00000,0x00007e4e8e580000)
 ParOldGen       total 699392K, used 221541K [0x00007e4e51000000, 0x00007e4e7bb00000, 0x00007e4e7bb00000)
  object space 699392K, 31% used [0x00007e4e51000000,0x00007e4e5e859468,0x00007e4e7bb00000)
 Metaspace       used 6719K, committed 6784K, reserved 8192K
}
Event: 14,891 GC heap after
{Heap after GC invocations=5 (full 2):
 PSYoungGen      total 305664K, used 32K [0x00007e4e7bb00000, 0x00007e4e91000000, 0x00007e4e91000000)
  eden space 262144K, 0% used [0x00007e4e7bb00000,0x00007e4e7bb00000,0x00007e4e8bb00000)
  from space 43520K, 0% used [0x00007e4e8bb00000,0x00007e4e8bb08000,0x00007e4e8e580000)
  to   space 43520K, 0% used [0x00007e4e8e580000,0x00007e4e8e580000,0x00007e4e91000000)
 ParOldGen       total 699392K, used 221541K [0x00007e4e51000000, 0x00007e4e7bb00000, 0x00007e4e7bb00000)
  object space 699392K, 31% used [0x00007e4e51000000,0x00007e4e5e859468,0x00007e4e7bb00000)
 Metaspace       used 6719K, committed 6784K, reserved 8192K
}
Event: 14,892 GC heap before
{Heap before GC invocations=6 (full 3):
 PSYoungGen      total 305664K, used 32K [0x00007e4e7bb00000, 0x00007e4e91000000, 0x00007e4e91000000)
  eden space 262144K, 0% used [0x00007e4e7bb00000,0x00007e4e7bb00000,0x00007e4e8bb00000)
  from space 43520K, 0% used [0x00007e4e8bb00000,0x00007e4e8bb08000,0x00007e4e8e580000)
  to   space 43520K, 0% used [0x00007e4e8e580000,0x00007e4e8e580000,0x00007e4e91000000)
 ParOldGen       total 699392K, used 221541K [0x00007e4e51000000, 0x00007e4e7bb00000, 0x00007e4e7bb00000)
  object space 699392K, 31% used [0x00007e4e51000000,0x00007e4e5e859468,0x00007e4e7bb00000)
 Metaspace       used 6719K, committed 6784K, reserved 8192K
}

