# JRE version: OpenJDK Runtime Environment (17.0.6) (fastdebug build 17.0.6-internal+0-adhoc.konstdelis.jdk17u067)
# Java VM: OpenJDK 64-Bit Server VM (fastdebug 17.0.6-internal+0-adhoc.konstdelis.jdk17u067, mixed mode, tiered, parallel gc, linux-amd64)
GC Precious Log:
 CPUs: 32 total, 32 available
 Memory: 251G
 Large Page Support: Disabled
 NUMA Support: Disabled
 Compressed Oops: Disabled
 Alignments: Space 512K, Generation 512K, Heap 2M
 Heap Min Capacity: 3G
 Heap Initial Capacity: 3G
 Heap Max Capacity: 3G
 Pre-touch: Disabled
 Parallel Workers: 8
Heap:
 PSYoungGen      total 917504K, used 0K [0x00007f2071000000, 0x00007f20b1000000, 0x00007f20b1000000)
  eden space 786432K, 0% used [0x00007f2071000000,0x00007f2071000000,0x00007f20a1000000)
  from space 131072K, 0% used [0x00007f20a1000000,0x00007f20a1000000,0x00007f20a9000000)
  to   space 131072K, 0% used [0x00007f20a9000000,0x00007f20a9000000,0x00007f20b1000000)
 ParOldGen       total 2097152K, used 1316658K [0x00007f1ff1000000, 0x00007f2071000000, 0x00007f2071000000)
  object space 2097152K, 62% used [0x00007f1ff1000000,0x00007f20415ccbe8,0x00007f2071000000)
 Metaspace       used 7393K, committed 7488K, reserved 8192K
GC Heap History (13 events):
Event: 2,847 GC heap before
{Heap before GC invocations=1 (full 0):
 PSYoungGen      total 917504K, used 786432K [0x00007f2071000000, 0x00007f20b1000000, 0x00007f20b1000000)
  eden space 786432K, 100% used [0x00007f2071000000,0x00007f20a1000000,0x00007f20a1000000)
  from space 131072K, 0% used [0x00007f20a9000000,0x00007f20a9000000,0x00007f20b1000000)
  to   space 131072K, 0% used [0x00007f20a1000000,0x00007f20a1000000,0x00007f20a9000000)
 ParOldGen       total 2097152K, used 0K [0x00007f1ff1000000, 0x00007f2071000000, 0x00007f2071000000)
  object space 2097152K, 0% used [0x00007f1ff1000000,0x00007f1ff1000000,0x00007f2071000000)
 Metaspace       used 7359K, committed 7488K, reserved 8192K
}
Event: 3,397 GC heap after
{Heap after GC invocations=1 (full 0):
 PSYoungGen      total 917504K, used 131065K [0x00007f2071000000, 0x00007f20b1000000, 0x00007f20b1000000)
  eden space 786432K, 0% used [0x00007f2071000000,0x00007f2071000000,0x00007f20a1000000)
  from space 131072K, 99% used [0x00007f20a1000000,0x00007f20a8ffe640,0x00007f20a9000000)
  to   space 131072K, 0% used [0x00007f20a9000000,0x00007f20a9000000,0x00007f20b1000000)
 ParOldGen       total 2097152K, used 477832K [0x00007f1ff1000000, 0x00007f2071000000, 0x00007f2071000000)
  object space 2097152K, 22% used [0x00007f1ff1000000,0x00007f200e2a2000,0x00007f2071000000)
 Metaspace       used 7359K, committed 7488K, reserved 8192K
}
Event: 3,772 GC heap before
{Heap before GC invocations=2 (full 0):
 PSYoungGen      total 917504K, used 917497K [0x00007f2071000000, 0x00007f20b1000000, 0x00007f20b1000000)
  eden space 786432K, 100% used [0x00007f2071000000,0x00007f20a1000000,0x00007f20a1000000)
  from space 131072K, 99% used [0x00007f20a1000000,0x00007f20a8ffe640,0x00007f20a9000000)
  to   space 131072K, 0% used [0x00007f20a9000000,0x00007f20a9000000,0x00007f20b1000000)
 ParOldGen       total 2097152K, used 477832K [0x00007f1ff1000000, 0x00007f2071000000, 0x00007f2071000000)
  object space 2097152K, 22% used [0x00007f1ff1000000,0x00007f200e2a2000,0x00007f2071000000)
 Metaspace       used 7359K, committed 7488K, reserved 8192K
}
Event: 4,460 GC heap after
{Heap after GC invocations=2 (full 0):
 PSYoungGen      total 917504K, used 131057K [0x00007f2071000000, 0x00007f20b1000000, 0x00007f20b1000000)
  eden space 786432K, 0% used [0x00007f2071000000,0x00007f2071000000,0x00007f20a1000000)
  from space 131072K, 99% used [0x00007f20a9000000,0x00007f20b0ffc718,0x00007f20b1000000)
  to   space 131072K, 0% used [0x00007f20a1000000,0x00007f20a1000000,0x00007f20a9000000)
 ParOldGen       total 2097152K, used 1125400K [0x00007f1ff1000000, 0x00007f2071000000, 0x00007f2071000000)
  object space 2097152K, 53% used [0x00007f1ff1000000,0x00007f2035b06000,0x00007f2071000000)
 Metaspace       used 7359K, committed 7488K, reserved 8192K
}
Event: 4,820 GC heap before
{Heap before GC invocations=3 (full 0):
 PSYoungGen      total 917504K, used 917489K [0x00007f2071000000, 0x00007f20b1000000, 0x00007f20b1000000)
  eden space 786432K, 100% used [0x00007f2071000000,0x00007f20a1000000,0x00007f20a1000000)
  from space 131072K, 99% used [0x00007f20a9000000,0x00007f20b0ffc718,0x00007f20b1000000)
  to   space 131072K, 0% used [0x00007f20a1000000,0x00007f20a1000000,0x00007f20a9000000)
 ParOldGen       total 2097152K, used 1125400K [0x00007f1ff1000000, 0x00007f2071000000, 0x00007f2071000000)
  object space 2097152K, 53% used [0x00007f1ff1000000,0x00007f2035b06000,0x00007f2071000000)
 Metaspace       used 7359K, committed 7488K, reserved 8192K
}
Event: 5,534 GC heap after
{Heap after GC invocations=3 (full 0):
 PSYoungGen      total 917504K, used 131070K [0x00007f2071000000, 0x00007f20b1000000, 0x00007f20b1000000)
  eden space 786432K, 0% used [0x00007f2071000000,0x00007f2071000000,0x00007f20a1000000)
  from space 131072K, 99% used [0x00007f20a1000000,0x00007f20a8fff8e0,0x00007f20a9000000)
  to   space 131072K, 0% used [0x00007f20a9000000,0x00007f20a9000000,0x00007f20b1000000)
 ParOldGen       total 2097152K, used 1778229K [0x00007f1ff1000000, 0x00007f2071000000, 0x00007f2071000000)
  object space 2097152K, 84% used [0x00007f1ff1000000,0x00007f205d88d510,0x00007f2071000000)
 Metaspace       used 7359K, committed 7488K, reserved 8192K
}
Event: 5,534 GC heap before
{Heap before GC invocations=4 (full 1):
 PSYoungGen      total 917504K, used 131070K [0x00007f2071000000, 0x00007f20b1000000, 0x00007f20b1000000)
  eden space 786432K, 0% used [0x00007f2071000000,0x00007f2071000000,0x00007f20a1000000)
  from space 131072K, 99% used [0x00007f20a1000000,0x00007f20a8fff8e0,0x00007f20a9000000)
  to   space 131072K, 0% used [0x00007f20a9000000,0x00007f20a9000000,0x00007f20b1000000)
 ParOldGen       total 2097152K, used 1778229K [0x00007f1ff1000000, 0x00007f2071000000, 0x00007f2071000000)
  object space 2097152K, 84% used [0x00007f1ff1000000,0x00007f205d88d510,0x00007f2071000000)
 Metaspace       used 7359K, committed 7488K, reserved 8192K
}
Event: 12,051 GC heap after
{Heap after GC invocations=4 (full 1):
 PSYoungGen      total 917504K, used 0K [0x00007f2071000000, 0x00007f20b1000000, 0x00007f20b1000000)
  eden space 786432K, 0% used [0x00007f2071000000,0x00007f2071000000,0x00007f20a1000000)
  from space 131072K, 0% used [0x00007f20a9000000,0x00007f20a9000000,0x00007f20b1000000)
  to   space 131072K, 0% used [0x00007f20a1000000,0x00007f20a1000000,0x00007f20a9000000)
 ParOldGen       total 2097152K, used 1897194K [0x00007f1ff1000000, 0x00007f2071000000, 0x00007f2071000000)
  object space 2097152K, 90% used [0x00007f1ff1000000,0x00007f2064cbaa58,0x00007f2071000000)
 Metaspace       used 7359K, committed 7488K, reserved 8192K
}
Event: 13,057 GC heap before
{Heap before GC invocations=5 (full 2):
 PSYoungGen      total 917504K, used 440719K [0x00007f2071000000, 0x00007f20b1000000, 0x00007f20b1000000)
  eden space 786432K, 56% used [0x00007f2071000000,0x00007f208be63cc8,0x00007f20a1000000)
  from space 131072K, 0% used [0x00007f20a9000000,0x00007f20a9000000,0x00007f20b1000000)
  to   space 131072K, 0% used [0x00007f20a1000000,0x00007f20a1000000,0x00007f20a9000000)
 ParOldGen       total 2097152K, used 1897194K [0x00007f1ff1000000, 0x00007f2071000000, 0x00007f2071000000)
  object space 2097152K, 90% used [0x00007f1ff1000000,0x00007f2064cbaa58,0x00007f2071000000)
 Metaspace       used 7388K, committed 7488K, reserved 8192K
}
Event: 32,613 GC heap after
{Heap after GC invocations=5 (full 2):
 PSYoungGen      total 917504K, used 0K [0x00007f2071000000, 0x00007f20b1000000, 0x00007f20b1000000)
  eden space 786432K, 0% used [0x00007f2071000000,0x00007f2071000000,0x00007f20a1000000)
  from space 131072K, 0% used [0x00007f20a9000000,0x00007f20a9000000,0x00007f20b1000000)
  to   space 131072K, 0% used [0x00007f20a1000000,0x00007f20a1000000,0x00007f20a9000000)
 ParOldGen       total 2097152K, used 1316658K [0x00007f1ff1000000, 0x00007f2071000000, 0x00007f2071000000)
  object space 2097152K, 62% used [0x00007f1ff1000000,0x00007f20415ccbe8,0x00007f2071000000)
 Metaspace       used 7388K, committed 7488K, reserved 8192K
}
Event: 32,870 GC heap before
{Heap before GC invocations=6 (full 2):
 PSYoungGen      total 917504K, used 15263K [0x00007f2071000000, 0x00007f20b1000000, 0x00007f20b1000000)
  eden space 786432K, 1% used [0x00007f2071000000,0x00007f2071ee7de0,0x00007f20a1000000)
  from space 131072K, 0% used [0x00007f20a9000000,0x00007f20a9000000,0x00007f20b1000000)
  to   space 131072K, 0% used [0x00007f20a1000000,0x00007f20a1000000,0x00007f20a9000000)
 ParOldGen       total 2097152K, used 1316658K [0x00007f1ff1000000, 0x00007f2071000000, 0x00007f2071000000)
  object space 2097152K, 62% used [0x00007f1ff1000000,0x00007f20415ccbe8,0x00007f2071000000)
 Metaspace       used 7393K, committed 7488K, reserved 8192K
}
Event: 33,518 GC heap after
{Heap after GC invocations=6 (full 2):
 PSYoungGen      total 917504K, used 0K [0x00007f2071000000, 0x00007f20b1000000, 0x00007f20b1000000)
  eden space 786432K, 0% used [0x00007f2071000000,0x00007f2071000000,0x00007f20a1000000)
  from space 131072K, 0% used [0x00007f20a1000000,0x00007f20a1000000,0x00007f20a9000000)
  to   space 131072K, 0% used [0x00007f20a9000000,0x00007f20a9000000,0x00007f20b1000000)
 ParOldGen       total 2097152K, used 1316658K [0x00007f1ff1000000, 0x00007f2071000000, 0x00007f2071000000)
  object space 2097152K, 62% used [0x00007f1ff1000000,0x00007f20415ccbe8,0x00007f2071000000)
 Metaspace       used 7393K, committed 7488K, reserved 8192K
}
Event: 33,519 GC heap before
{Heap before GC invocations=7 (full 3):
 PSYoungGen      total 917504K, used 0K [0x00007f2071000000, 0x00007f20b1000000, 0x00007f20b1000000)
  eden space 786432K, 0% used [0x00007f2071000000,0x00007f2071000000,0x00007f20a1000000)
  from space 131072K, 0% used [0x00007f20a1000000,0x00007f20a1000000,0x00007f20a9000000)
  to   space 131072K, 0% used [0x00007f20a9000000,0x00007f20a9000000,0x00007f20b1000000)
 ParOldGen       total 2097152K, used 1316658K [0x00007f1ff1000000, 0x00007f2071000000, 0x00007f2071000000)
  object space 2097152K, 62% used [0x00007f1ff1000000,0x00007f20415ccbe8,0x00007f2071000000)
 Metaspace       used 7393K, committed 7488K, reserved 8192K
}

