# JRE version: OpenJDK Runtime Environment (17.0.6) (fastdebug build 17.0.6-internal+0-adhoc.konstdelis.jdk17u067)
# Java VM: OpenJDK 64-Bit Server VM (fastdebug 17.0.6-internal+0-adhoc.konstdelis.jdk17u067, mixed mode, tiered, parallel gc, linux-amd64)
GC Precious Log:
 CPUs: 32 total, 32 available
 Memory: 251G
 Large Page Support: Disabled
 NUMA Support: Disabled
 Compressed Oops: Disabled
 Alignments: Space 512K, Generation 512K, Heap 2M
 Heap Min Capacity: 3G
 Heap Initial Capacity: 3G
 Heap Max Capacity: 3G
 Pre-touch: Disabled
 Parallel Workers: 1
Heap:
 PSYoungGen      total 917504K, used 15728K [0x00007ed129000000, 0x00007ed169000000, 0x00007ed169000000)
  eden space 786432K, 2% used [0x00007ed129000000,0x00007ed129f5c2c8,0x00007ed159000000)
  from space 131072K, 0% used [0x00007ed161000000,0x00007ed161000000,0x00007ed169000000)
  to   space 131072K, 0% used [0x00007ed159000000,0x00007ed159000000,0x00007ed161000000)
 ParOldGen       total 2097152K, used 98580K [0x00007ed0a9000000, 0x00007ed129000000, 0x00007ed129000000)
  object space 2097152K, 4% used [0x00007ed0a9000000,0x00007ed0af0450b8,0x00007ed129000000)
 Metaspace       used 7420K, committed 7488K, reserved 8192K
GC Heap History (8 events):
Event: 2,854 GC heap before
{Heap before GC invocations=1 (full 0):
 PSYoungGen      total 917504K, used 383098K [0x00007ed129000000, 0x00007ed169000000, 0x00007ed169000000)
  eden space 786432K, 48% used [0x00007ed129000000,0x00007ed14061eb40,0x00007ed159000000)
  from space 131072K, 0% used [0x00007ed161000000,0x00007ed161000000,0x00007ed169000000)
  to   space 131072K, 0% used [0x00007ed159000000,0x00007ed159000000,0x00007ed161000000)
 ParOldGen       total 2097152K, used 0K [0x00007ed0a9000000, 0x00007ed129000000, 0x00007ed129000000)
  object space 2097152K, 0% used [0x00007ed0a9000000,0x00007ed0a9000000,0x00007ed129000000)
 Metaspace       used 7415K, committed 7488K, reserved 8192K
}
Event: 4,383 GC heap after
{Heap after GC invocations=1 (full 0):
 PSYoungGen      total 917504K, used 131040K [0x00007ed129000000, 0x00007ed169000000, 0x00007ed169000000)
  eden space 786432K, 0% used [0x00007ed129000000,0x00007ed129000000,0x00007ed159000000)
  from space 131072K, 99% used [0x00007ed159000000,0x00007ed160ff8050,0x00007ed161000000)
  to   space 131072K, 0% used [0x00007ed161000000,0x00007ed161000000,0x00007ed169000000)
 ParOldGen       total 2097152K, used 93440K [0x00007ed0a9000000, 0x00007ed129000000, 0x00007ed129000000)
  object space 2097152K, 4% used [0x00007ed0a9000000,0x00007ed0aeb40000,0x00007ed129000000)
 Metaspace       used 7415K, committed 7488K, reserved 8192K
}
Event: 4,384 GC heap before
{Heap before GC invocations=2 (full 1):
 PSYoungGen      total 917504K, used 131040K [0x00007ed129000000, 0x00007ed169000000, 0x00007ed169000000)
  eden space 786432K, 0% used [0x00007ed129000000,0x00007ed129000000,0x00007ed159000000)
  from space 131072K, 99% used [0x00007ed159000000,0x00007ed160ff8050,0x00007ed161000000)
  to   space 131072K, 0% used [0x00007ed161000000,0x00007ed161000000,0x00007ed169000000)
 ParOldGen       total 2097152K, used 93440K [0x00007ed0a9000000, 0x00007ed129000000, 0x00007ed129000000)
  object space 2097152K, 4% used [0x00007ed0a9000000,0x00007ed0aeb40000,0x00007ed129000000)
 Metaspace       used 7415K, committed 7488K, reserved 8192K
}
Event: 8,175 GC heap after
{Heap after GC invocations=2 (full 1):
 PSYoungGen      total 917504K, used 0K [0x00007ed129000000, 0x00007ed169000000, 0x00007ed169000000)
  eden space 786432K, 0% used [0x00007ed129000000,0x00007ed129000000,0x00007ed159000000)
  from space 131072K, 0% used [0x00007ed159000000,0x00007ed159000000,0x00007ed161000000)
  to   space 131072K, 0% used [0x00007ed161000000,0x00007ed161000000,0x00007ed169000000)
 ParOldGen       total 2097152K, used 98585K [0x00007ed0a9000000, 0x00007ed129000000, 0x00007ed129000000)
  object space 2097152K, 4% used [0x00007ed0a9000000,0x00007ed0af046538,0x00007ed129000000)
 Metaspace       used 7415K, committed 7488K, reserved 8192K
}
Event: 8,203 GC heap before
{Heap before GC invocations=3 (full 1):
 PSYoungGen      total 917504K, used 15728K [0x00007ed129000000, 0x00007ed169000000, 0x00007ed169000000)
  eden space 786432K, 2% used [0x00007ed129000000,0x00007ed129f5c2c8,0x00007ed159000000)
  from space 131072K, 0% used [0x00007ed159000000,0x00007ed159000000,0x00007ed161000000)
  to   space 131072K, 0% used [0x00007ed161000000,0x00007ed161000000,0x00007ed169000000)
 ParOldGen       total 2097152K, used 98585K [0x00007ed0a9000000, 0x00007ed129000000, 0x00007ed129000000)
  object space 2097152K, 4% used [0x00007ed0a9000000,0x00007ed0af046538,0x00007ed129000000)
 Metaspace       used 7420K, committed 7488K, reserved 8192K
}
Event: 8,222 GC heap after
{Heap after GC invocations=3 (full 1):
 PSYoungGen      total 917504K, used 0K [0x00007ed129000000, 0x00007ed169000000, 0x00007ed169000000)
  eden space 786432K, 0% used [0x00007ed129000000,0x00007ed129000000,0x00007ed159000000)
  from space 131072K, 0% used [0x00007ed161000000,0x00007ed161000000,0x00007ed169000000)
  to   space 131072K, 0% used [0x00007ed159000000,0x00007ed159000000,0x00007ed161000000)
 ParOldGen       total 2097152K, used 98585K [0x00007ed0a9000000, 0x00007ed129000000, 0x00007ed129000000)
  object space 2097152K, 4% used [0x00007ed0a9000000,0x00007ed0af046538,0x00007ed129000000)
 Metaspace       used 7420K, committed 7488K, reserved 8192K
}
Event: 8,222 GC heap before
{Heap before GC invocations=4 (full 2):
 PSYoungGen      total 917504K, used 0K [0x00007ed129000000, 0x00007ed169000000, 0x00007ed169000000)
  eden space 786432K, 0% used [0x00007ed129000000,0x00007ed129000000,0x00007ed159000000)
  from space 131072K, 0% used [0x00007ed161000000,0x00007ed161000000,0x00007ed169000000)
  to   space 131072K, 0% used [0x00007ed159000000,0x00007ed159000000,0x00007ed161000000)
 ParOldGen       total 2097152K, used 98585K [0x00007ed0a9000000, 0x00007ed129000000, 0x00007ed129000000)
  object space 2097152K, 4% used [0x00007ed0a9000000,0x00007ed0af046538,0x00007ed129000000)
 Metaspace       used 7420K, committed 7488K, reserved 8192K
}
Event: 9,628 GC heap after
{Heap after GC invocations=4 (full 2):
 PSYoungGen      total 917504K, used 0K [0x00007ed129000000, 0x00007ed169000000, 0x00007ed169000000)
  eden space 786432K, 0% used [0x00007ed129000000,0x00007ed129000000,0x00007ed159000000)
  from space 131072K, 0% used [0x00007ed161000000,0x00007ed161000000,0x00007ed169000000)
  to   space 131072K, 0% used [0x00007ed159000000,0x00007ed159000000,0x00007ed161000000)
 ParOldGen       total 2097152K, used 98580K [0x00007ed0a9000000, 0x00007ed129000000, 0x00007ed129000000)
  object space 2097152K, 4% used [0x00007ed0a9000000,0x00007ed0af0450b8,0x00007ed129000000)
 Metaspace       used 7420K, committed 7488K, reserved 8192K
}

