# JRE version: OpenJDK Runtime Environment (17.0.6) (fastdebug build 17.0.6-internal+0-adhoc.konstdelis.jdk17u067)
# Java VM: OpenJDK 64-Bit Server VM (fastdebug 17.0.6-internal+0-adhoc.konstdelis.jdk17u067, mixed mode, tiered, parallel gc, linux-amd64)
GC Precious Log:
 CPUs: 32 total, 32 available
 Memory: 251G
 Large Page Support: Disabled
 NUMA Support: Disabled
 Compressed Oops: Disabled
 Alignments: Space 512K, Generation 512K, Heap 2M
 Heap Min Capacity: 3G
 Heap Initial Capacity: 3G
 Heap Max Capacity: 3G
 Pre-touch: Disabled
 Parallel Workers: 8
Heap:
 PSYoungGen      total 917504K, used 786432K [0x00007e88f5000000, 0x00007e8935000000, 0x00007e8935000000)
  eden space 786432K, 100% used [0x00007e88f5000000,0x00007e8925000000,0x00007e8925000000)
  from space 131072K, 0% used [0x00007e892d000000,0x00007e892d000000,0x00007e8935000000)
  to   space 131072K, 0% used [0x00007e8925000000,0x00007e8925000000,0x00007e892d000000)
 ParOldGen       total 2097152K, used 2092396K [0x00007e8875000000, 0x00007e88f5000000, 0x00007e88f5000000)
  object space 2097152K, 99% used [0x00007e8875000000,0x00007e88f4b5b288,0x00007e88f5000000)
 Metaspace       used 7360K, committed 7488K, reserved 8192K
GC Heap History (20 events):
Event: 124,649 GC heap after
{Heap after GC invocations=11 (full 7):
 PSYoungGen      total 917504K, used 63267K [0x00007e88f5000000, 0x00007e8935000000, 0x00007e8935000000)
  eden space 786432K, 8% used [0x00007e88f5000000,0x00007e88f8dc8d70,0x00007e8925000000)
  from space 131072K, 0% used [0x00007e8925000000,0x00007e8925000000,0x00007e892d000000)
  to   space 131072K, 0% used [0x00007e892d000000,0x00007e892d000000,0x00007e8935000000)
 ParOldGen       total 2097152K, used 2097142K [0x00007e8875000000, 0x00007e88f5000000, 0x00007e88f5000000)
  object space 2097152K, 99% used [0x00007e8875000000,0x00007e88f4ffda78,0x00007e88f5000000)
 Metaspace       used 7360K, committed 7488K, reserved 8192K
}
Event: 124,865 GC heap before
{Heap before GC invocations=12 (full 8):
 PSYoungGen      total 917504K, used 786432K [0x00007e88f5000000, 0x00007e8935000000, 0x00007e8935000000)
  eden space 786432K, 100% used [0x00007e88f5000000,0x00007e8925000000,0x00007e8925000000)
  from space 131072K, 0% used [0x00007e8925000000,0x00007e8925000000,0x00007e892d000000)
  to   space 131072K, 0% used [0x00007e892d000000,0x00007e892d000000,0x00007e8935000000)
 ParOldGen       total 2097152K, used 2097142K [0x00007e8875000000, 0x00007e88f5000000, 0x00007e88f5000000)
  object space 2097152K, 99% used [0x00007e8875000000,0x00007e88f4ffda78,0x00007e88f5000000)
 Metaspace       used 7360K, committed 7488K, reserved 8192K
}
Event: 140,208 GC heap after
{Heap after GC invocations=12 (full 8):
 PSYoungGen      total 917504K, used 593943K [0x00007e88f5000000, 0x00007e8935000000, 0x00007e8935000000)
  eden space 786432K, 75% used [0x00007e88f5000000,0x00007e8919405d90,0x00007e8925000000)
  from space 131072K, 0% used [0x00007e892d000000,0x00007e892d000000,0x00007e8935000000)
  to   space 131072K, 0% used [0x00007e8925000000,0x00007e8925000000,0x00007e892d000000)
 ParOldGen       total 2097152K, used 1855371K [0x00007e8875000000, 0x00007e88f5000000, 0x00007e88f5000000)
  object space 2097152K, 88% used [0x00007e8875000000,0x00007e88e63e2f10,0x00007e88f5000000)
 Metaspace       used 7360K, committed 7488K, reserved 8192K
}
Event: 140,305 GC heap before
{Heap before GC invocations=13 (full 9):
 PSYoungGen      total 917504K, used 786432K [0x00007e88f5000000, 0x00007e8935000000, 0x00007e8935000000)
  eden space 786432K, 100% used [0x00007e88f5000000,0x00007e8925000000,0x00007e8925000000)
  from space 131072K, 0% used [0x00007e892d000000,0x00007e892d000000,0x00007e8935000000)
  to   space 131072K, 0% used [0x00007e8925000000,0x00007e8925000000,0x00007e892d000000)
 ParOldGen       total 2097152K, used 1855371K [0x00007e8875000000, 0x00007e88f5000000, 0x00007e88f5000000)
  object space 2097152K, 88% used [0x00007e8875000000,0x00007e88e63e2f10,0x00007e88f5000000)
 Metaspace       used 7360K, committed 7488K, reserved 8192K
}
Event: 158,563 GC heap after
{Heap after GC invocations=13 (full 9):
 PSYoungGen      total 917504K, used 641839K [0x00007e88f5000000, 0x00007e8935000000, 0x00007e8935000000)
  eden space 786432K, 81% used [0x00007e88f5000000,0x00007e891c2cbf20,0x00007e8925000000)
  from space 131072K, 0% used [0x00007e8925000000,0x00007e8925000000,0x00007e892d000000)
  to   space 131072K, 0% used [0x00007e892d000000,0x00007e892d000000,0x00007e8935000000)
 ParOldGen       total 2097152K, used 2092324K [0x00007e8875000000, 0x00007e88f5000000, 0x00007e88f5000000)
  object space 2097152K, 99% used [0x00007e8875000000,0x00007e88f4b49198,0x00007e88f5000000)
 Metaspace       used 7360K, committed 7488K, reserved 8192K
}
Event: 158,635 GC heap before
{Heap before GC invocations=14 (full 10):
 PSYoungGen      total 917504K, used 786432K [0x00007e88f5000000, 0x00007e8935000000, 0x00007e8935000000)
  eden space 786432K, 100% used [0x00007e88f5000000,0x00007e8925000000,0x00007e8925000000)
  from space 131072K, 0% used [0x00007e8925000000,0x00007e8925000000,0x00007e892d000000)
  to   space 131072K, 0% used [0x00007e892d000000,0x00007e892d000000,0x00007e8935000000)
 ParOldGen       total 2097152K, used 2092324K [0x00007e8875000000, 0x00007e88f5000000, 0x00007e88f5000000)
  object space 2097152K, 99% used [0x00007e8875000000,0x00007e88f4b49198,0x00007e88f5000000)
 Metaspace       used 7360K, committed 7488K, reserved 8192K
}
Event: 178,456 GC heap after
{Heap after GC invocations=14 (full 10):
 PSYoungGen      total 917504K, used 693473K [0x00007e88f5000000, 0x00007e8935000000, 0x00007e8935000000)
  eden space 786432K, 88% used [0x00007e88f5000000,0x00007e891f5384c8,0x00007e8925000000)
  from space 131072K, 0% used [0x00007e892d000000,0x00007e892d000000,0x00007e8935000000)
  to   space 131072K, 0% used [0x00007e8925000000,0x00007e8925000000,0x00007e892d000000)
 ParOldGen       total 2097152K, used 2092325K [0x00007e8875000000, 0x00007e88f5000000, 0x00007e88f5000000)
  object space 2097152K, 99% used [0x00007e8875000000,0x00007e88f4b49588,0x00007e88f5000000)
 Metaspace       used 7360K, committed 7488K, reserved 8192K
}
Event: 178,503 GC heap before
{Heap before GC invocations=15 (full 11):
 PSYoungGen      total 917504K, used 786432K [0x00007e88f5000000, 0x00007e8935000000, 0x00007e8935000000)
  eden space 786432K, 100% used [0x00007e88f5000000,0x00007e8925000000,0x00007e8925000000)
  from space 131072K, 0% used [0x00007e892d000000,0x00007e892d000000,0x00007e8935000000)
  to   space 131072K, 0% used [0x00007e8925000000,0x00007e8925000000,0x00007e892d000000)
 ParOldGen       total 2097152K, used 2092325K [0x00007e8875000000, 0x00007e88f5000000, 0x00007e88f5000000)
  object space 2097152K, 99% used [0x00007e8875000000,0x00007e88f4b49588,0x00007e88f5000000)
 Metaspace       used 7360K, committed 7488K, reserved 8192K
}
Event: 195,061 GC heap after
{Heap after GC invocations=15 (full 11):
 PSYoungGen      total 917504K, used 726669K [0x00007e88f5000000, 0x00007e8935000000, 0x00007e8935000000)
  eden space 786432K, 92% used [0x00007e88f5000000,0x00007e89215a3428,0x00007e8925000000)
  from space 131072K, 0% used [0x00007e8925000000,0x00007e8925000000,0x00007e892d000000)
  to   space 131072K, 0% used [0x00007e892d000000,0x00007e892d000000,0x00007e8935000000)
 ParOldGen       total 2097152K, used 1850653K [0x00007e8875000000, 0x00007e88f5000000, 0x00007e88f5000000)
  object space 2097152K, 88% used [0x00007e8875000000,0x00007e88e5f47538,0x00007e88f5000000)
 Metaspace       used 7360K, committed 7488K, reserved 8192K
}
Event: 195,092 GC heap before
{Heap before GC invocations=16 (full 12):
 PSYoungGen      total 917504K, used 786432K [0x00007e88f5000000, 0x00007e8935000000, 0x00007e8935000000)
  eden space 786432K, 100% used [0x00007e88f5000000,0x00007e8925000000,0x00007e8925000000)
  from space 131072K, 0% used [0x00007e8925000000,0x00007e8925000000,0x00007e892d000000)
  to   space 131072K, 0% used [0x00007e892d000000,0x00007e892d000000,0x00007e8935000000)
 ParOldGen       total 2097152K, used 1850653K [0x00007e8875000000, 0x00007e88f5000000, 0x00007e88f5000000)
  object space 2097152K, 88% used [0x00007e8875000000,0x00007e88e5f47538,0x00007e88f5000000)
 Metaspace       used 7360K, committed 7488K, reserved 8192K
}
Event: 212,546 GC heap after
{Heap after GC invocations=16 (full 12):
 PSYoungGen      total 917504K, used 758686K [0x00007e88f5000000, 0x00007e8935000000, 0x00007e8935000000)
  eden space 786432K, 96% used [0x00007e88f5000000,0x00007e89234e78d0,0x00007e8925000000)
  from space 131072K, 0% used [0x00007e892d000000,0x00007e892d000000,0x00007e8935000000)
  to   space 131072K, 0% used [0x00007e8925000000,0x00007e8925000000,0x00007e892d000000)
 ParOldGen       total 2097152K, used 2094519K [0x00007e8875000000, 0x00007e88f5000000, 0x00007e88f5000000)
  object space 2097152K, 99% used [0x00007e8875000000,0x00007e88f4d6dca0,0x00007e88f5000000)
 Metaspace       used 7360K, committed 7488K, reserved 8192K
}
Event: 212,560 GC heap before
{Heap before GC invocations=17 (full 13):
 PSYoungGen      total 917504K, used 786432K [0x00007e88f5000000, 0x00007e8935000000, 0x00007e8935000000)
  eden space 786432K, 100% used [0x00007e88f5000000,0x00007e8925000000,0x00007e8925000000)
  from space 131072K, 0% used [0x00007e892d000000,0x00007e892d000000,0x00007e8935000000)
  to   space 131072K, 0% used [0x00007e8925000000,0x00007e8925000000,0x00007e892d000000)
 ParOldGen       total 2097152K, used 2094519K [0x00007e8875000000, 0x00007e88f5000000, 0x00007e88f5000000)
  object space 2097152K, 99% used [0x00007e8875000000,0x00007e88f4d6dca0,0x00007e88f5000000)
 Metaspace       used 7360K, committed 7488K, reserved 8192K
}
Event: 228,843 GC heap after
{Heap after GC invocations=17 (full 13):
 PSYoungGen      total 917504K, used 757918K [0x00007e88f5000000, 0x00007e8935000000, 0x00007e8935000000)
  eden space 786432K, 96% used [0x00007e88f5000000,0x00007e8923427a98,0x00007e8925000000)
  from space 131072K, 0% used [0x00007e8925000000,0x00007e8925000000,0x00007e892d000000)
  to   space 131072K, 0% used [0x00007e892d000000,0x00007e892d000000,0x00007e8935000000)
 ParOldGen       total 2097152K, used 1841529K [0x00007e8875000000, 0x00007e88f5000000, 0x00007e88f5000000)
  object space 2097152K, 87% used [0x00007e8875000000,0x00007e88e565e530,0x00007e88f5000000)
 Metaspace       used 7360K, committed 7488K, reserved 8192K
}
Event: 228,858 GC heap before
{Heap before GC invocations=18 (full 14):
 PSYoungGen      total 917504K, used 786432K [0x00007e88f5000000, 0x00007e8935000000, 0x00007e8935000000)
  eden space 786432K, 100% used [0x00007e88f5000000,0x00007e8925000000,0x00007e8925000000)
  from space 131072K, 0% used [0x00007e8925000000,0x00007e8925000000,0x00007e892d000000)
  to   space 131072K, 0% used [0x00007e892d000000,0x00007e892d000000,0x00007e8935000000)
 ParOldGen       total 2097152K, used 1841529K [0x00007e8875000000, 0x00007e88f5000000, 0x00007e88f5000000)
  object space 2097152K, 87% used [0x00007e8875000000,0x00007e88e565e530,0x00007e88f5000000)
 Metaspace       used 7360K, committed 7488K, reserved 8192K
}
Event: 246,349 GC heap after
{Heap after GC invocations=18 (full 14):
 PSYoungGen      total 917504K, used 772034K [0x00007e88f5000000, 0x00007e8935000000, 0x00007e8935000000)
  eden space 786432K, 98% used [0x00007e88f5000000,0x00007e89241f09d8,0x00007e8925000000)
  from space 131072K, 0% used [0x00007e892d000000,0x00007e892d000000,0x00007e8935000000)
  to   space 131072K, 0% used [0x00007e8925000000,0x00007e8925000000,0x00007e892d000000)
 ParOldGen       total 2097152K, used 2092318K [0x00007e8875000000, 0x00007e88f5000000, 0x00007e88f5000000)
  object space 2097152K, 99% used [0x00007e8875000000,0x00007e88f4b47a10,0x00007e88f5000000)
 Metaspace       used 7360K, committed 7488K, reserved 8192K
}
Event: 246,357 GC heap before
{Heap before GC invocations=19 (full 15):
 PSYoungGen      total 917504K, used 786432K [0x00007e88f5000000, 0x00007e8935000000, 0x00007e8935000000)
  eden space 786432K, 100% used [0x00007e88f5000000,0x00007e8925000000,0x00007e8925000000)
  from space 131072K, 0% used [0x00007e892d000000,0x00007e892d000000,0x00007e8935000000)
  to   space 131072K, 0% used [0x00007e8925000000,0x00007e8925000000,0x00007e892d000000)
 ParOldGen       total 2097152K, used 2092318K [0x00007e8875000000, 0x00007e88f5000000, 0x00007e88f5000000)
  object space 2097152K, 99% used [0x00007e8875000000,0x00007e88f4b47a10,0x00007e88f5000000)
 Metaspace       used 7360K, committed 7488K, reserved 8192K
}
Event: 265,902 GC heap after
{Heap after GC invocations=19 (full 15):
 PSYoungGen      total 917504K, used 773238K [0x00007e88f5000000, 0x00007e8935000000, 0x00007e8935000000)
  eden space 786432K, 98% used [0x00007e88f5000000,0x00007e892431db90,0x00007e8925000000)
  from space 131072K, 0% used [0x00007e8925000000,0x00007e8925000000,0x00007e892d000000)
  to   space 131072K, 0% used [0x00007e892d000000,0x00007e892d000000,0x00007e8935000000)
 ParOldGen       total 2097152K, used 2092498K [0x00007e8875000000, 0x00007e88f5000000, 0x00007e88f5000000)
  object space 2097152K, 99% used [0x00007e8875000000,0x00007e88f4b74ae8,0x00007e88f5000000)
 Metaspace       used 7360K, committed 7488K, reserved 8192K
}
Event: 265,909 GC heap before
{Heap before GC invocations=20 (full 16):
 PSYoungGen      total 917504K, used 786432K [0x00007e88f5000000, 0x00007e8935000000, 0x00007e8935000000)
  eden space 786432K, 100% used [0x00007e88f5000000,0x00007e8925000000,0x00007e8925000000)
  from space 131072K, 0% used [0x00007e8925000000,0x00007e8925000000,0x00007e892d000000)
  to   space 131072K, 0% used [0x00007e892d000000,0x00007e892d000000,0x00007e8935000000)
 ParOldGen       total 2097152K, used 2092498K [0x00007e8875000000, 0x00007e88f5000000, 0x00007e88f5000000)
  object space 2097152K, 99% used [0x00007e8875000000,0x00007e88f4b74ae8,0x00007e88f5000000)
 Metaspace       used 7360K, committed 7488K, reserved 8192K
}
Event: 282,169 GC heap after
{Heap after GC invocations=20 (full 16):
 PSYoungGen      total 917504K, used 777948K [0x00007e88f5000000, 0x00007e8935000000, 0x00007e8935000000)
  eden space 786432K, 98% used [0x00007e88f5000000,0x00007e89247b7208,0x00007e8925000000)
  from space 131072K, 0% used [0x00007e892d000000,0x00007e892d000000,0x00007e8935000000)
  to   space 131072K, 0% used [0x00007e8925000000,0x00007e8925000000,0x00007e892d000000)
 ParOldGen       total 2097152K, used 2092396K [0x00007e8875000000, 0x00007e88f5000000, 0x00007e88f5000000)
  object space 2097152K, 99% used [0x00007e8875000000,0x00007e88f4b5b288,0x00007e88f5000000)
 Metaspace       used 7360K, committed 7488K, reserved 8192K
}
Event: 282,174 GC heap before
{Heap before GC invocations=21 (full 17):
 PSYoungGen      total 917504K, used 786432K [0x00007e88f5000000, 0x00007e8935000000, 0x00007e8935000000)
  eden space 786432K, 100% used [0x00007e88f5000000,0x00007e8925000000,0x00007e8925000000)
  from space 131072K, 0% used [0x00007e892d000000,0x00007e892d000000,0x00007e8935000000)
  to   space 131072K, 0% used [0x00007e8925000000,0x00007e8925000000,0x00007e892d000000)
 ParOldGen       total 2097152K, used 2092396K [0x00007e8875000000, 0x00007e88f5000000, 0x00007e88f5000000)
  object space 2097152K, 99% used [0x00007e8875000000,0x00007e88f4b5b288,0x00007e88f5000000)
 Metaspace       used 7360K, committed 7488K, reserved 8192K
}

