# JRE version: OpenJDK Runtime Environment (17.0.6) (fastdebug build 17.0.6-internal+0-adhoc.konstdelis.jdk17u067)
# Java VM: OpenJDK 64-Bit Server VM (fastdebug 17.0.6-internal+0-adhoc.konstdelis.jdk17u067, mixed mode, tiered, parallel gc, linux-amd64)
GC Precious Log:
 CPUs: 32 total, 32 available
 Memory: 251G
 Large Page Support: Disabled
 NUMA Support: Disabled
 Compressed Oops: Disabled
 Alignments: Space 512K, Generation 512K, Heap 2M
 Heap Min Capacity: 1G
 Heap Initial Capacity: 1G
 Heap Max Capacity: 1G
 Pre-touch: Disabled
 Parallel Workers: 1
Heap:
 PSYoungGen      total 305664K, used 7864K [0x00007f061f100000, 0x00007f0634600000, 0x00007f0634600000)
  eden space 262144K, 3% used [0x00007f061f100000,0x00007f061f8ae330,0x00007f062f100000)
  from space 43520K, 0% used [0x00007f0631b80000,0x00007f0631b80000,0x00007f0634600000)
  to   space 43520K, 0% used [0x00007f062f100000,0x00007f062f100000,0x00007f0631b80000)
 ParOldGen       total 699392K, used 17077K [0x00007f05f4600000, 0x00007f061f100000, 0x00007f061f100000)
  object space 699392K, 2% used [0x00007f05f4600000,0x00007f05f56ad618,0x00007f061f100000)
 Metaspace       used 7457K, committed 7552K, reserved 8192K
GC Heap History (16 events):
Event: 1,843 GC heap before
{Heap before GC invocations=1 (full 0):
 PSYoungGen      total 305664K, used 36700K [0x00007f061f100000, 0x00007f0634600000, 0x00007f0634600000)
  eden space 262144K, 14% used [0x00007f061f100000,0x00007f06214d7340,0x00007f062f100000)
  from space 43520K, 0% used [0x00007f0631b80000,0x00007f0631b80000,0x00007f0634600000)
  to   space 43520K, 0% used [0x00007f062f100000,0x00007f062f100000,0x00007f0631b80000)
 ParOldGen       total 699392K, used 0K [0x00007f05f4600000, 0x00007f061f100000, 0x00007f061f100000)
  object space 699392K, 0% used [0x00007f05f4600000,0x00007f05f4600000,0x00007f061f100000)
 Metaspace       used 7335K, committed 7424K, reserved 8192K
}
Event: 1,940 GC heap after
{Heap after GC invocations=1 (full 0):
 PSYoungGen      total 305664K, used 9248K [0x00007f061f100000, 0x00007f0634600000, 0x00007f0634600000)
  eden space 262144K, 0% used [0x00007f061f100000,0x00007f061f100000,0x00007f062f100000)
  from space 43520K, 21% used [0x00007f062f100000,0x00007f062fa08000,0x00007f0631b80000)
  to   space 43520K, 0% used [0x00007f0631b80000,0x00007f0631b80000,0x00007f0634600000)
 ParOldGen       total 699392K, used 0K [0x00007f05f4600000, 0x00007f061f100000, 0x00007f061f100000)
  object space 699392K, 0% used [0x00007f05f4600000,0x00007f05f4600000,0x00007f061f100000)
 Metaspace       used 7335K, committed 7424K, reserved 8192K
}
Event: 1,940 GC heap before
{Heap before GC invocations=2 (full 1):
 PSYoungGen      total 305664K, used 9248K [0x00007f061f100000, 0x00007f0634600000, 0x00007f0634600000)
  eden space 262144K, 0% used [0x00007f061f100000,0x00007f061f100000,0x00007f062f100000)
  from space 43520K, 21% used [0x00007f062f100000,0x00007f062fa08000,0x00007f0631b80000)
  to   space 43520K, 0% used [0x00007f0631b80000,0x00007f0631b80000,0x00007f0634600000)
 ParOldGen       total 699392K, used 0K [0x00007f05f4600000, 0x00007f061f100000, 0x00007f061f100000)
  object space 699392K, 0% used [0x00007f05f4600000,0x00007f05f4600000,0x00007f061f100000)
 Metaspace       used 7335K, committed 7424K, reserved 8192K
}
Event: 2,170 GC heap after
{Heap after GC invocations=2 (full 1):
 PSYoungGen      total 305664K, used 0K [0x00007f061f100000, 0x00007f0634600000, 0x00007f0634600000)
  eden space 262144K, 0% used [0x00007f061f100000,0x00007f061f100000,0x00007f062f100000)
  from space 43520K, 0% used [0x00007f062f100000,0x00007f062f100000,0x00007f0631b80000)
  to   space 43520K, 0% used [0x00007f0631b80000,0x00007f0631b80000,0x00007f0634600000)
 ParOldGen       total 699392K, used 6078K [0x00007f05f4600000, 0x00007f061f100000, 0x00007f061f100000)
  object space 699392K, 0% used [0x00007f05f4600000,0x00007f05f4bef928,0x00007f061f100000)
 Metaspace       used 7335K, committed 7424K, reserved 8192K
}
Event: 26,697 GC heap before
{Heap before GC invocations=3 (full 1):
 PSYoungGen      total 305664K, used 33205K [0x00007f061f100000, 0x00007f0634600000, 0x00007f0634600000)
  eden space 262144K, 12% used [0x00007f061f100000,0x00007f062116d4c8,0x00007f062f100000)
  from space 43520K, 0% used [0x00007f062f100000,0x00007f062f100000,0x00007f0631b80000)
  to   space 43520K, 0% used [0x00007f0631b80000,0x00007f0631b80000,0x00007f0634600000)
 ParOldGen       total 699392K, used 6078K [0x00007f05f4600000, 0x00007f061f100000, 0x00007f061f100000)
  object space 699392K, 0% used [0x00007f05f4600000,0x00007f05f4bef928,0x00007f061f100000)
 Metaspace       used 7427K, committed 7488K, reserved 8192K
}
Event: 26,830 GC heap after
{Heap after GC invocations=3 (full 1):
 PSYoungGen      total 305664K, used 14208K [0x00007f061f100000, 0x00007f0634600000, 0x00007f0634600000)
  eden space 262144K, 0% used [0x00007f061f100000,0x00007f061f100000,0x00007f062f100000)
  from space 43520K, 32% used [0x00007f0631b80000,0x00007f0632960000,0x00007f0634600000)
  to   space 43520K, 0% used [0x00007f062f100000,0x00007f062f100000,0x00007f0631b80000)
 ParOldGen       total 699392K, used 6078K [0x00007f05f4600000, 0x00007f061f100000, 0x00007f061f100000)
  object space 699392K, 0% used [0x00007f05f4600000,0x00007f05f4bef928,0x00007f061f100000)
 Metaspace       used 7427K, committed 7488K, reserved 8192K
}
Event: 26,831 GC heap before
{Heap before GC invocations=4 (full 2):
 PSYoungGen      total 305664K, used 14208K [0x00007f061f100000, 0x00007f0634600000, 0x00007f0634600000)
  eden space 262144K, 0% used [0x00007f061f100000,0x00007f061f100000,0x00007f062f100000)
  from space 43520K, 32% used [0x00007f0631b80000,0x00007f0632960000,0x00007f0634600000)
  to   space 43520K, 0% used [0x00007f062f100000,0x00007f062f100000,0x00007f0631b80000)
 ParOldGen       total 699392K, used 6078K [0x00007f05f4600000, 0x00007f061f100000, 0x00007f061f100000)
  object space 699392K, 0% used [0x00007f05f4600000,0x00007f05f4bef928,0x00007f061f100000)
 Metaspace       used 7427K, committed 7488K, reserved 8192K
}
Event: 27,144 GC heap after
{Heap after GC invocations=4 (full 2):
 PSYoungGen      total 305664K, used 0K [0x00007f061f100000, 0x00007f0634600000, 0x00007f0634600000)
  eden space 262144K, 0% used [0x00007f061f100000,0x00007f061f100000,0x00007f062f100000)
  from space 43520K, 0% used [0x00007f0631b80000,0x00007f0631b80000,0x00007f0634600000)
  to   space 43520K, 0% used [0x00007f062f100000,0x00007f062f100000,0x00007f0631b80000)
 ParOldGen       total 699392K, used 9264K [0x00007f05f4600000, 0x00007f061f100000, 0x00007f061f100000)
  object space 699392K, 1% used [0x00007f05f4600000,0x00007f05f4f0c048,0x00007f061f100000)
 Metaspace       used 7427K, committed 7488K, reserved 8192K
}
Event: 27,165 GC heap before
{Heap before GC invocations=5 (full 2):
 PSYoungGen      total 305664K, used 10485K [0x00007f061f100000, 0x00007f0634600000, 0x00007f0634600000)
  eden space 262144K, 4% used [0x00007f061f100000,0x00007f061fb3d778,0x00007f062f100000)
  from space 43520K, 0% used [0x00007f0631b80000,0x00007f0631b80000,0x00007f0634600000)
  to   space 43520K, 0% used [0x00007f062f100000,0x00007f062f100000,0x00007f0631b80000)
 ParOldGen       total 699392K, used 9264K [0x00007f05f4600000, 0x00007f061f100000, 0x00007f061f100000)
  object space 699392K, 1% used [0x00007f05f4600000,0x00007f05f4f0c048,0x00007f061f100000)
 Metaspace       used 7427K, committed 7488K, reserved 8192K
}
Event: 27,247 GC heap after
{Heap after GC invocations=5 (full 2):
 PSYoungGen      total 305664K, used 7840K [0x00007f061f100000, 0x00007f0634600000, 0x00007f0634600000)
  eden space 262144K, 0% used [0x00007f061f100000,0x00007f061f100000,0x00007f062f100000)
  from space 43520K, 18% used [0x00007f062f100000,0x00007f062f8a8000,0x00007f0631b80000)
  to   space 43520K, 0% used [0x00007f0631b80000,0x00007f0631b80000,0x00007f0634600000)
 ParOldGen       total 699392K, used 9264K [0x00007f05f4600000, 0x00007f061f100000, 0x00007f061f100000)
  object space 699392K, 1% used [0x00007f05f4600000,0x00007f05f4f0c048,0x00007f061f100000)
 Metaspace       used 7427K, committed 7488K, reserved 8192K
}
Event: 27,248 GC heap before
{Heap before GC invocations=6 (full 3):
 PSYoungGen      total 305664K, used 7840K [0x00007f061f100000, 0x00007f0634600000, 0x00007f0634600000)
  eden space 262144K, 0% used [0x00007f061f100000,0x00007f061f100000,0x00007f062f100000)
  from space 43520K, 18% used [0x00007f062f100000,0x00007f062f8a8000,0x00007f0631b80000)
  to   space 43520K, 0% used [0x00007f0631b80000,0x00007f0631b80000,0x00007f0634600000)
 ParOldGen       total 699392K, used 9264K [0x00007f05f4600000, 0x00007f061f100000, 0x00007f061f100000)
  object space 699392K, 1% used [0x00007f05f4600000,0x00007f05f4f0c048,0x00007f061f100000)
 Metaspace       used 7427K, committed 7488K, reserved 8192K
}
Event: 27,875 GC heap after
{Heap after GC invocations=6 (full 3):
 PSYoungGen      total 305664K, used 0K [0x00007f061f100000, 0x00007f0634600000, 0x00007f0634600000)
  eden space 262144K, 0% used [0x00007f061f100000,0x00007f061f100000,0x00007f062f100000)
  from space 43520K, 0% used [0x00007f062f100000,0x00007f062f100000,0x00007f0631b80000)
  to   space 43520K, 0% used [0x00007f0631b80000,0x00007f0631b80000,0x00007f0634600000)
 ParOldGen       total 699392K, used 13957K [0x00007f05f4600000, 0x00007f061f100000, 0x00007f061f100000)
  object space 699392K, 1% used [0x00007f05f4600000,0x00007f05f53a1618,0x00007f061f100000)
 Metaspace       used 7427K, committed 7488K, reserved 8192K
}
Event: 38,310 GC heap before
{Heap before GC invocations=7 (full 3):
 PSYoungGen      total 305664K, used 5242K [0x00007f061f100000, 0x00007f0634600000, 0x00007f0634600000)
  eden space 262144K, 2% used [0x00007f061f100000,0x00007f061f61ebc8,0x00007f062f100000)
  from space 43520K, 0% used [0x00007f062f100000,0x00007f062f100000,0x00007f0631b80000)
  to   space 43520K, 0% used [0x00007f0631b80000,0x00007f0631b80000,0x00007f0634600000)
 ParOldGen       total 699392K, used 13957K [0x00007f05f4600000, 0x00007f061f100000, 0x00007f061f100000)
  object space 699392K, 1% used [0x00007f05f4600000,0x00007f05f53a1618,0x00007f061f100000)
 Metaspace       used 7441K, committed 7488K, reserved 8192K
}
Event: 38,313 GC heap after
{Heap after GC invocations=7 (full 3):
 PSYoungGen      total 305664K, used 32K [0x00007f061f100000, 0x00007f0634600000, 0x00007f0634600000)
  eden space 262144K, 0% used [0x00007f061f100000,0x00007f061f100000,0x00007f062f100000)
  from space 43520K, 0% used [0x00007f0631b80000,0x00007f0631b88000,0x00007f0634600000)
  to   space 43520K, 0% used [0x00007f062f100000,0x00007f062f100000,0x00007f0631b80000)
 ParOldGen       total 699392K, used 13957K [0x00007f05f4600000, 0x00007f061f100000, 0x00007f061f100000)
  object space 699392K, 1% used [0x00007f05f4600000,0x00007f05f53a1618,0x00007f061f100000)
 Metaspace       used 7441K, committed 7488K, reserved 8192K
}
Event: 38,313 GC heap before
{Heap before GC invocations=8 (full 4):
 PSYoungGen      total 305664K, used 32K [0x00007f061f100000, 0x00007f0634600000, 0x00007f0634600000)
  eden space 262144K, 0% used [0x00007f061f100000,0x00007f061f100000,0x00007f062f100000)
  from space 43520K, 0% used [0x00007f0631b80000,0x00007f0631b88000,0x00007f0634600000)
  to   space 43520K, 0% used [0x00007f062f100000,0x00007f062f100000,0x00007f0631b80000)
 ParOldGen       total 699392K, used 13957K [0x00007f05f4600000, 0x00007f061f100000, 0x00007f061f100000)
  object space 699392K, 1% used [0x00007f05f4600000,0x00007f05f53a1618,0x00007f061f100000)
 Metaspace       used 7441K, committed 7488K, reserved 8192K
}
Event: 38,645 GC heap after
{Heap after GC invocations=8 (full 4):
 PSYoungGen      total 305664K, used 0K [0x00007f061f100000, 0x00007f0634600000, 0x00007f0634600000)
  eden space 262144K, 0% used [0x00007f061f100000,0x00007f061f100000,0x00007f062f100000)
  from space 43520K, 0% used [0x00007f0631b80000,0x00007f0631b80000,0x00007f0634600000)
  to   space 43520K, 0% used [0x00007f062f100000,0x00007f062f100000,0x00007f0631b80000)
 ParOldGen       total 699392K, used 17077K [0x00007f05f4600000, 0x00007f061f100000, 0x00007f061f100000)
  object space 699392K, 2% used [0x00007f05f4600000,0x00007f05f56ad618,0x00007f061f100000)
 Metaspace       used 7441K, committed 7488K, reserved 8192K
}

