# JRE version: OpenJDK Runtime Environment (17.0.6) (fastdebug build 17.0.6-internal+0-adhoc.konstdelis.jdk17u067)
# Java VM: OpenJDK 64-Bit Server VM (fastdebug 17.0.6-internal+0-adhoc.konstdelis.jdk17u067, mixed mode, tiered, parallel gc, linux-amd64)
GC Precious Log:
 CPUs: 32 total, 32 available
 Memory: 251G
 Large Page Support: Disabled
 NUMA Support: Disabled
 Compressed Oops: Disabled
 Alignments: Space 512K, Generation 512K, Heap 2M
 Heap Min Capacity: 3G
 Heap Initial Capacity: 3G
 Heap Max Capacity: 3G
 Pre-touch: Disabled
 Parallel Workers: 8
Heap:
 PSYoungGen      total 917504K, used 0K [0x00007f2739000000, 0x00007f2779000000, 0x00007f2779000000)
  eden space 786432K, 0% used [0x00007f2739000000,0x00007f2739000000,0x00007f2769000000)
  from space 131072K, 0% used [0x00007f2771000000,0x00007f2771000000,0x00007f2779000000)
  to   space 131072K, 0% used [0x00007f2769000000,0x00007f2769000000,0x00007f2771000000)
 ParOldGen       total 2097152K, used 2003K [0x00007f26b9000000, 0x00007f2739000000, 0x00007f2739000000)
  object space 2097152K, 0% used [0x00007f26b9000000,0x00007f26b91f4cf0,0x00007f2739000000)
 Metaspace       used 7391K, committed 7488K, reserved 8192K
GC Heap History (20 events):
Event: 2,377 GC heap after
{Heap after GC invocations=2 (full 1):
 PSYoungGen      total 917504K, used 0K [0x00007f2739000000, 0x00007f2779000000, 0x00007f2779000000)
  eden space 786432K, 0% used [0x00007f2739000000,0x00007f2739000000,0x00007f2769000000)
  from space 131072K, 0% used [0x00007f2769000000,0x00007f2769000000,0x00007f2771000000)
  to   space 131072K, 0% used [0x00007f2771000000,0x00007f2771000000,0x00007f2779000000)
 ParOldGen       total 2097152K, used 1595K [0x00007f26b9000000, 0x00007f2739000000, 0x00007f2739000000)
  object space 2097152K, 0% used [0x00007f26b9000000,0x00007f26b918ed60,0x00007f2739000000)
 Metaspace       used 7391K, committed 7488K, reserved 8192K
}
Event: 2,383 GC heap before
{Heap before GC invocations=3 (full 1):
 PSYoungGen      total 917504K, used 47186K [0x00007f2739000000, 0x00007f2779000000, 0x00007f2779000000)
  eden space 786432K, 6% used [0x00007f2739000000,0x00007f273be14818,0x00007f2769000000)
  from space 131072K, 0% used [0x00007f2769000000,0x00007f2769000000,0x00007f2771000000)
  to   space 131072K, 0% used [0x00007f2771000000,0x00007f2771000000,0x00007f2779000000)
 ParOldGen       total 2097152K, used 1595K [0x00007f26b9000000, 0x00007f2739000000, 0x00007f2739000000)
  object space 2097152K, 0% used [0x00007f26b9000000,0x00007f26b918ed60,0x00007f2739000000)
 Metaspace       used 7391K, committed 7488K, reserved 8192K
}
Event: 2,394 GC heap after
{Heap after GC invocations=3 (full 1):
 PSYoungGen      total 917504K, used 64K [0x00007f2739000000, 0x00007f2779000000, 0x00007f2779000000)
  eden space 786432K, 0% used [0x00007f2739000000,0x00007f2739000000,0x00007f2769000000)
  from space 131072K, 0% used [0x00007f2771000000,0x00007f2771010000,0x00007f2779000000)
  to   space 131072K, 0% used [0x00007f2769000000,0x00007f2769000000,0x00007f2771000000)
 ParOldGen       total 2097152K, used 1595K [0x00007f26b9000000, 0x00007f2739000000, 0x00007f2739000000)
  object space 2097152K, 0% used [0x00007f26b9000000,0x00007f26b918ed60,0x00007f2739000000)
 Metaspace       used 7391K, committed 7488K, reserved 8192K
}
Event: 2,394 GC heap before
{Heap before GC invocations=4 (full 2):
 PSYoungGen      total 917504K, used 64K [0x00007f2739000000, 0x00007f2779000000, 0x00007f2779000000)
  eden space 786432K, 0% used [0x00007f2739000000,0x00007f2739000000,0x00007f2769000000)
  from space 131072K, 0% used [0x00007f2771000000,0x00007f2771010000,0x00007f2779000000)
  to   space 131072K, 0% used [0x00007f2769000000,0x00007f2769000000,0x00007f2771000000)
 ParOldGen       total 2097152K, used 1595K [0x00007f26b9000000, 0x00007f2739000000, 0x00007f2739000000)
  object space 2097152K, 0% used [0x00007f26b9000000,0x00007f26b918ed60,0x00007f2739000000)
 Metaspace       used 7391K, committed 7488K, reserved 8192K
}
Event: 2,602 GC heap after
{Heap after GC invocations=4 (full 2):
 PSYoungGen      total 917504K, used 0K [0x00007f2739000000, 0x00007f2779000000, 0x00007f2779000000)
  eden space 786432K, 0% used [0x00007f2739000000,0x00007f2739000000,0x00007f2769000000)
  from space 131072K, 0% used [0x00007f2771000000,0x00007f2771000000,0x00007f2779000000)
  to   space 131072K, 0% used [0x00007f2769000000,0x00007f2769000000,0x00007f2771000000)
 ParOldGen       total 2097152K, used 1680K [0x00007f26b9000000, 0x00007f2739000000, 0x00007f2739000000)
  object space 2097152K, 0% used [0x00007f26b9000000,0x00007f26b91a4370,0x00007f2739000000)
 Metaspace       used 7391K, committed 7488K, reserved 8192K
}
Event: 2,605 GC heap before
{Heap before GC invocations=5 (full 2):
 PSYoungGen      total 917504K, used 15728K [0x00007f2739000000, 0x00007f2779000000, 0x00007f2779000000)
  eden space 786432K, 2% used [0x00007f2739000000,0x00007f2739f5c2c8,0x00007f2769000000)
  from space 131072K, 0% used [0x00007f2771000000,0x00007f2771000000,0x00007f2779000000)
  to   space 131072K, 0% used [0x00007f2769000000,0x00007f2769000000,0x00007f2771000000)
 ParOldGen       total 2097152K, used 1680K [0x00007f26b9000000, 0x00007f2739000000, 0x00007f2739000000)
  object space 2097152K, 0% used [0x00007f26b9000000,0x00007f26b91a4370,0x00007f2739000000)
 Metaspace       used 7391K, committed 7488K, reserved 8192K
}
Event: 2,608 GC heap after
{Heap after GC invocations=5 (full 2):
 PSYoungGen      total 917504K, used 0K [0x00007f2739000000, 0x00007f2779000000, 0x00007f2779000000)
  eden space 786432K, 0% used [0x00007f2739000000,0x00007f2739000000,0x00007f2769000000)
  from space 131072K, 0% used [0x00007f2769000000,0x00007f2769000000,0x00007f2771000000)
  to   space 131072K, 0% used [0x00007f2771000000,0x00007f2771000000,0x00007f2779000000)
 ParOldGen       total 2097152K, used 1680K [0x00007f26b9000000, 0x00007f2739000000, 0x00007f2739000000)
  object space 2097152K, 0% used [0x00007f26b9000000,0x00007f26b91a4370,0x00007f2739000000)
 Metaspace       used 7391K, committed 7488K, reserved 8192K
}
Event: 2,608 GC heap before
{Heap before GC invocations=6 (full 3):
 PSYoungGen      total 917504K, used 0K [0x00007f2739000000, 0x00007f2779000000, 0x00007f2779000000)
  eden space 786432K, 0% used [0x00007f2739000000,0x00007f2739000000,0x00007f2769000000)
  from space 131072K, 0% used [0x00007f2769000000,0x00007f2769000000,0x00007f2771000000)
  to   space 131072K, 0% used [0x00007f2771000000,0x00007f2771000000,0x00007f2779000000)
 ParOldGen       total 2097152K, used 1680K [0x00007f26b9000000, 0x00007f2739000000, 0x00007f2739000000)
  object space 2097152K, 0% used [0x00007f26b9000000,0x00007f26b91a4370,0x00007f2739000000)
 Metaspace       used 7391K, committed 7488K, reserved 8192K
}
Event: 2,782 GC heap after
{Heap after GC invocations=6 (full 3):
 PSYoungGen      total 917504K, used 0K [0x00007f2739000000, 0x00007f2779000000, 0x00007f2779000000)
  eden space 786432K, 0% used [0x00007f2739000000,0x00007f2739000000,0x00007f2769000000)
  from space 131072K, 0% used [0x00007f2769000000,0x00007f2769000000,0x00007f2771000000)
  to   space 131072K, 0% used [0x00007f2771000000,0x00007f2771000000,0x00007f2779000000)
 ParOldGen       total 2097152K, used 1771K [0x00007f26b9000000, 0x00007f2739000000, 0x00007f2739000000)
  object space 2097152K, 0% used [0x00007f26b9000000,0x00007f26b91bad60,0x00007f2739000000)
 Metaspace       used 7391K, committed 7488K, reserved 8192K
}
Event: 2,784 GC heap before
{Heap before GC invocations=7 (full 3):
 PSYoungGen      total 917504K, used 15728K [0x00007f2739000000, 0x00007f2779000000, 0x00007f2779000000)
  eden space 786432K, 2% used [0x00007f2739000000,0x00007f2739f5c2c8,0x00007f2769000000)
  from space 131072K, 0% used [0x00007f2769000000,0x00007f2769000000,0x00007f2771000000)
  to   space 131072K, 0% used [0x00007f2771000000,0x00007f2771000000,0x00007f2779000000)
 ParOldGen       total 2097152K, used 1771K [0x00007f26b9000000, 0x00007f2739000000, 0x00007f2739000000)
  object space 2097152K, 0% used [0x00007f26b9000000,0x00007f26b91bad60,0x00007f2739000000)
 Metaspace       used 7391K, committed 7488K, reserved 8192K
}
Event: 2,787 GC heap after
{Heap after GC invocations=7 (full 3):
 PSYoungGen      total 917504K, used 0K [0x00007f2739000000, 0x00007f2779000000, 0x00007f2779000000)
  eden space 786432K, 0% used [0x00007f2739000000,0x00007f2739000000,0x00007f2769000000)
  from space 131072K, 0% used [0x00007f2771000000,0x00007f2771000000,0x00007f2779000000)
  to   space 131072K, 0% used [0x00007f2769000000,0x00007f2769000000,0x00007f2771000000)
 ParOldGen       total 2097152K, used 1771K [0x00007f26b9000000, 0x00007f2739000000, 0x00007f2739000000)
  object space 2097152K, 0% used [0x00007f26b9000000,0x00007f26b91bad60,0x00007f2739000000)
 Metaspace       used 7391K, committed 7488K, reserved 8192K
}
Event: 2,788 GC heap before
{Heap before GC invocations=8 (full 4):
 PSYoungGen      total 917504K, used 0K [0x00007f2739000000, 0x00007f2779000000, 0x00007f2779000000)
  eden space 786432K, 0% used [0x00007f2739000000,0x00007f2739000000,0x00007f2769000000)
  from space 131072K, 0% used [0x00007f2771000000,0x00007f2771000000,0x00007f2779000000)
  to   space 131072K, 0% used [0x00007f2769000000,0x00007f2769000000,0x00007f2771000000)
 ParOldGen       total 2097152K, used 1771K [0x00007f26b9000000, 0x00007f2739000000, 0x00007f2739000000)
  object space 2097152K, 0% used [0x00007f26b9000000,0x00007f26b91bad60,0x00007f2739000000)
 Metaspace       used 7391K, committed 7488K, reserved 8192K
}
Event: 2,963 GC heap after
{Heap after GC invocations=8 (full 4):
 PSYoungGen      total 917504K, used 0K [0x00007f2739000000, 0x00007f2779000000, 0x00007f2779000000)
  eden space 786432K, 0% used [0x00007f2739000000,0x00007f2739000000,0x00007f2769000000)
  from space 131072K, 0% used [0x00007f2771000000,0x00007f2771000000,0x00007f2779000000)
  to   space 131072K, 0% used [0x00007f2769000000,0x00007f2769000000,0x00007f2771000000)
 ParOldGen       total 2097152K, used 1801K [0x00007f26b9000000, 0x00007f2739000000, 0x00007f2739000000)
  object space 2097152K, 0% used [0x00007f26b9000000,0x00007f26b91c2780,0x00007f2739000000)
 Metaspace       used 7391K, committed 7488K, reserved 8192K
}
Event: 2,967 GC heap before
{Heap before GC invocations=9 (full 4):
 PSYoungGen      total 917504K, used 15728K [0x00007f2739000000, 0x00007f2779000000, 0x00007f2779000000)
  eden space 786432K, 2% used [0x00007f2739000000,0x00007f2739f5c2c8,0x00007f2769000000)
  from space 131072K, 0% used [0x00007f2771000000,0x00007f2771000000,0x00007f2779000000)
  to   space 131072K, 0% used [0x00007f2769000000,0x00007f2769000000,0x00007f2771000000)
 ParOldGen       total 2097152K, used 1801K [0x00007f26b9000000, 0x00007f2739000000, 0x00007f2739000000)
  object space 2097152K, 0% used [0x00007f26b9000000,0x00007f26b91c2780,0x00007f2739000000)
 Metaspace       used 7391K, committed 7488K, reserved 8192K
}
Event: 2,970 GC heap after
{Heap after GC invocations=9 (full 4):
 PSYoungGen      total 917504K, used 245K [0x00007f2739000000, 0x00007f2779000000, 0x00007f2779000000)
  eden space 786432K, 0% used [0x00007f2739000000,0x00007f2739000000,0x00007f2769000000)
  from space 131072K, 0% used [0x00007f2769000000,0x00007f276903d6e0,0x00007f2771000000)
  to   space 131072K, 0% used [0x00007f2771000000,0x00007f2771000000,0x00007f2779000000)
 ParOldGen       total 2097152K, used 1801K [0x00007f26b9000000, 0x00007f2739000000, 0x00007f2739000000)
  object space 2097152K, 0% used [0x00007f26b9000000,0x00007f26b91c2780,0x00007f2739000000)
 Metaspace       used 7391K, committed 7488K, reserved 8192K
}
Event: 2,970 GC heap before
{Heap before GC invocations=10 (full 5):
 PSYoungGen      total 917504K, used 245K [0x00007f2739000000, 0x00007f2779000000, 0x00007f2779000000)
  eden space 786432K, 0% used [0x00007f2739000000,0x00007f2739000000,0x00007f2769000000)
  from space 131072K, 0% used [0x00007f2769000000,0x00007f276903d6e0,0x00007f2771000000)
  to   space 131072K, 0% used [0x00007f2771000000,0x00007f2771000000,0x00007f2779000000)
 ParOldGen       total 2097152K, used 1801K [0x00007f26b9000000, 0x00007f2739000000, 0x00007f2739000000)
  object space 2097152K, 0% used [0x00007f26b9000000,0x00007f26b91c2780,0x00007f2739000000)
 Metaspace       used 7391K, committed 7488K, reserved 8192K
}
Event: 3,142 GC heap after
{Heap after GC invocations=10 (full 5):
 PSYoungGen      total 917504K, used 0K [0x00007f2739000000, 0x00007f2779000000, 0x00007f2779000000)
  eden space 786432K, 0% used [0x00007f2739000000,0x00007f2739000000,0x00007f2769000000)
  from space 131072K, 0% used [0x00007f2769000000,0x00007f2769000000,0x00007f2771000000)
  to   space 131072K, 0% used [0x00007f2771000000,0x00007f2771000000,0x00007f2779000000)
 ParOldGen       total 2097152K, used 2003K [0x00007f26b9000000, 0x00007f2739000000, 0x00007f2739000000)
  object space 2097152K, 0% used [0x00007f26b9000000,0x00007f26b91f4cf0,0x00007f2739000000)
 Metaspace       used 7391K, committed 7488K, reserved 8192K
}
Event: 3,144 GC heap before
{Heap before GC invocations=11 (full 5):
 PSYoungGen      total 917504K, used 15728K [0x00007f2739000000, 0x00007f2779000000, 0x00007f2779000000)
  eden space 786432K, 2% used [0x00007f2739000000,0x00007f2739f5c2c8,0x00007f2769000000)
  from space 131072K, 0% used [0x00007f2769000000,0x00007f2769000000,0x00007f2771000000)
  to   space 131072K, 0% used [0x00007f2771000000,0x00007f2771000000,0x00007f2779000000)
 ParOldGen       total 2097152K, used 2003K [0x00007f26b9000000, 0x00007f2739000000, 0x00007f2739000000)
  object space 2097152K, 0% used [0x00007f26b9000000,0x00007f26b91f4cf0,0x00007f2739000000)
 Metaspace       used 7391K, committed 7488K, reserved 8192K
}
Event: 3,147 GC heap after
{Heap after GC invocations=11 (full 5):
 PSYoungGen      total 917504K, used 0K [0x00007f2739000000, 0x00007f2779000000, 0x00007f2779000000)
  eden space 786432K, 0% used [0x00007f2739000000,0x00007f2739000000,0x00007f2769000000)
  from space 131072K, 0% used [0x00007f2771000000,0x00007f2771000000,0x00007f2779000000)
  to   space 131072K, 0% used [0x00007f2769000000,0x00007f2769000000,0x00007f2771000000)
 ParOldGen       total 2097152K, used 2003K [0x00007f26b9000000, 0x00007f2739000000, 0x00007f2739000000)
  object space 2097152K, 0% used [0x00007f26b9000000,0x00007f26b91f4cf0,0x00007f2739000000)
 Metaspace       used 7391K, committed 7488K, reserved 8192K
}
Event: 3,148 GC heap before
{Heap before GC invocations=12 (full 6):
 PSYoungGen      total 917504K, used 0K [0x00007f2739000000, 0x00007f2779000000, 0x00007f2779000000)
  eden space 786432K, 0% used [0x00007f2739000000,0x00007f2739000000,0x00007f2769000000)
  from space 131072K, 0% used [0x00007f2771000000,0x00007f2771000000,0x00007f2779000000)
  to   space 131072K, 0% used [0x00007f2769000000,0x00007f2769000000,0x00007f2771000000)
 ParOldGen       total 2097152K, used 2003K [0x00007f26b9000000, 0x00007f2739000000, 0x00007f2739000000)
  object space 2097152K, 0% used [0x00007f26b9000000,0x00007f26b91f4cf0,0x00007f2739000000)
 Metaspace       used 7391K, committed 7488K, reserved 8192K
}

