# JRE version: OpenJDK Runtime Environment (17.0.6) (fastdebug build 17.0.6-internal+0-adhoc.konstdelis.jdk17u067)
# Java VM: OpenJDK 64-Bit Server VM (fastdebug 17.0.6-internal+0-adhoc.konstdelis.jdk17u067, mixed mode, tiered, parallel gc, linux-amd64)
GC Precious Log:
 CPUs: 32 total, 32 available
 Memory: 251G
 Large Page Support: Disabled
 NUMA Support: Disabled
 Compressed Oops: Disabled
 Alignments: Space 512K, Generation 512K, Heap 2M
 Heap Min Capacity: 3G
 Heap Initial Capacity: 3G
 Heap Max Capacity: 3G
 Pre-touch: Disabled
 Parallel Workers: 1
Heap:
 PSYoungGen      total 917504K, used 0K [0x00007f3cc8800000, 0x00007f3d08800000, 0x00007f3d08800000)
  eden space 786432K, 0% used [0x00007f3cc8800000,0x00007f3cc8800000,0x00007f3cf8800000)
  from space 131072K, 0% used [0x00007f3cf8800000,0x00007f3cf8800000,0x00007f3d00800000)
  to   space 131072K, 0% used [0x00007f3d00800000,0x00007f3d00800000,0x00007f3d08800000)
 ParOldGen       total 2097152K, used 98579K [0x00007f3c48800000, 0x00007f3cc8800000, 0x00007f3cc8800000)
  object space 2097152K, 4% used [0x00007f3c48800000,0x00007f3c4e844cd8,0x00007f3cc8800000)
 Metaspace       used 7423K, committed 7488K, reserved 8192K
GC Heap History (11 events):
Event: 2,658 GC heap before
{Heap before GC invocations=1 (full 0):
 PSYoungGen      total 917504K, used 373160K [0x00007f3cc8800000, 0x00007f3d08800000, 0x00007f3d08800000)
  eden space 786432K, 47% used [0x00007f3cc8800000,0x00007f3cdf46a200,0x00007f3cf8800000)
  from space 131072K, 0% used [0x00007f3d00800000,0x00007f3d00800000,0x00007f3d08800000)
  to   space 131072K, 0% used [0x00007f3cf8800000,0x00007f3cf8800000,0x00007f3d00800000)
 ParOldGen       total 2097152K, used 0K [0x00007f3c48800000, 0x00007f3cc8800000, 0x00007f3cc8800000)
  object space 2097152K, 0% used [0x00007f3c48800000,0x00007f3c48800000,0x00007f3cc8800000)
 Metaspace       used 7423K, committed 7488K, reserved 8192K
}
Event: 4,191 GC heap after
{Heap after GC invocations=1 (full 0):
 PSYoungGen      total 917504K, used 131040K [0x00007f3cc8800000, 0x00007f3d08800000, 0x00007f3d08800000)
  eden space 786432K, 0% used [0x00007f3cc8800000,0x00007f3cc8800000,0x00007f3cf8800000)
  from space 131072K, 99% used [0x00007f3cf8800000,0x00007f3d007f8050,0x00007f3d00800000)
  to   space 131072K, 0% used [0x00007f3d00800000,0x00007f3d00800000,0x00007f3d08800000)
 ParOldGen       total 2097152K, used 93440K [0x00007f3c48800000, 0x00007f3cc8800000, 0x00007f3cc8800000)
  object space 2097152K, 4% used [0x00007f3c48800000,0x00007f3c4e340000,0x00007f3cc8800000)
 Metaspace       used 7423K, committed 7488K, reserved 8192K
}
Event: 4,191 GC heap before
{Heap before GC invocations=2 (full 1):
 PSYoungGen      total 917504K, used 131040K [0x00007f3cc8800000, 0x00007f3d08800000, 0x00007f3d08800000)
  eden space 786432K, 0% used [0x00007f3cc8800000,0x00007f3cc8800000,0x00007f3cf8800000)
  from space 131072K, 99% used [0x00007f3cf8800000,0x00007f3d007f8050,0x00007f3d00800000)
  to   space 131072K, 0% used [0x00007f3d00800000,0x00007f3d00800000,0x00007f3d08800000)
 ParOldGen       total 2097152K, used 93440K [0x00007f3c48800000, 0x00007f3cc8800000, 0x00007f3cc8800000)
  object space 2097152K, 4% used [0x00007f3c48800000,0x00007f3c4e340000,0x00007f3cc8800000)
 Metaspace       used 7423K, committed 7488K, reserved 8192K
}
Event: 7,991 GC heap after
{Heap after GC invocations=2 (full 1):
 PSYoungGen      total 917504K, used 0K [0x00007f3cc8800000, 0x00007f3d08800000, 0x00007f3d08800000)
  eden space 786432K, 0% used [0x00007f3cc8800000,0x00007f3cc8800000,0x00007f3cf8800000)
  from space 131072K, 0% used [0x00007f3cf8800000,0x00007f3cf8800000,0x00007f3d00800000)
  to   space 131072K, 0% used [0x00007f3d00800000,0x00007f3d00800000,0x00007f3d08800000)
 ParOldGen       total 2097152K, used 98584K [0x00007f3c48800000, 0x00007f3cc8800000, 0x00007f3cc8800000)
  object space 2097152K, 4% used [0x00007f3c48800000,0x00007f3c4e846158,0x00007f3cc8800000)
 Metaspace       used 7423K, committed 7488K, reserved 8192K
}
Event: 8,003 GC heap before
{Heap before GC invocations=3 (full 1):
 PSYoungGen      total 917504K, used 15728K [0x00007f3cc8800000, 0x00007f3d08800000, 0x00007f3d08800000)
  eden space 786432K, 2% used [0x00007f3cc8800000,0x00007f3cc975c2c8,0x00007f3cf8800000)
  from space 131072K, 0% used [0x00007f3cf8800000,0x00007f3cf8800000,0x00007f3d00800000)
  to   space 131072K, 0% used [0x00007f3d00800000,0x00007f3d00800000,0x00007f3d08800000)
 ParOldGen       total 2097152K, used 98584K [0x00007f3c48800000, 0x00007f3cc8800000, 0x00007f3cc8800000)
  object space 2097152K, 4% used [0x00007f3c48800000,0x00007f3c4e846158,0x00007f3cc8800000)
 Metaspace       used 7423K, committed 7488K, reserved 8192K
}
Event: 8,021 GC heap after
{Heap after GC invocations=3 (full 1):
 PSYoungGen      total 917504K, used 0K [0x00007f3cc8800000, 0x00007f3d08800000, 0x00007f3d08800000)
  eden space 786432K, 0% used [0x00007f3cc8800000,0x00007f3cc8800000,0x00007f3cf8800000)
  from space 131072K, 0% used [0x00007f3d00800000,0x00007f3d00800000,0x00007f3d08800000)
  to   space 131072K, 0% used [0x00007f3cf8800000,0x00007f3cf8800000,0x00007f3d00800000)
 ParOldGen       total 2097152K, used 98584K [0x00007f3c48800000, 0x00007f3cc8800000, 0x00007f3cc8800000)
  object space 2097152K, 4% used [0x00007f3c48800000,0x00007f3c4e846158,0x00007f3cc8800000)
 Metaspace       used 7423K, committed 7488K, reserved 8192K
}
Event: 8,022 GC heap before
{Heap before GC invocations=4 (full 2):
 PSYoungGen      total 917504K, used 0K [0x00007f3cc8800000, 0x00007f3d08800000, 0x00007f3d08800000)
  eden space 786432K, 0% used [0x00007f3cc8800000,0x00007f3cc8800000,0x00007f3cf8800000)
  from space 131072K, 0% used [0x00007f3d00800000,0x00007f3d00800000,0x00007f3d08800000)
  to   space 131072K, 0% used [0x00007f3cf8800000,0x00007f3cf8800000,0x00007f3d00800000)
 ParOldGen       total 2097152K, used 98584K [0x00007f3c48800000, 0x00007f3cc8800000, 0x00007f3cc8800000)
  object space 2097152K, 4% used [0x00007f3c48800000,0x00007f3c4e846158,0x00007f3cc8800000)
 Metaspace       used 7423K, committed 7488K, reserved 8192K
}
Event: 9,431 GC heap after
{Heap after GC invocations=4 (full 2):
 PSYoungGen      total 917504K, used 0K [0x00007f3cc8800000, 0x00007f3d08800000, 0x00007f3d08800000)
  eden space 786432K, 0% used [0x00007f3cc8800000,0x00007f3cc8800000,0x00007f3cf8800000)
  from space 131072K, 0% used [0x00007f3d00800000,0x00007f3d00800000,0x00007f3d08800000)
  to   space 131072K, 0% used [0x00007f3cf8800000,0x00007f3cf8800000,0x00007f3d00800000)
 ParOldGen       total 2097152K, used 98579K [0x00007f3c48800000, 0x00007f3cc8800000, 0x00007f3cc8800000)
  object space 2097152K, 4% used [0x00007f3c48800000,0x00007f3c4e844cd8,0x00007f3cc8800000)
 Metaspace       used 7423K, committed 7488K, reserved 8192K
}
Event: 9,443 GC heap before
{Heap before GC invocations=5 (full 2):
 PSYoungGen      total 917504K, used 15728K [0x00007f3cc8800000, 0x00007f3d08800000, 0x00007f3d08800000)
  eden space 786432K, 2% used [0x00007f3cc8800000,0x00007f3cc975c2c8,0x00007f3cf8800000)
  from space 131072K, 0% used [0x00007f3d00800000,0x00007f3d00800000,0x00007f3d08800000)
  to   space 131072K, 0% used [0x00007f3cf8800000,0x00007f3cf8800000,0x00007f3d00800000)
 ParOldGen       total 2097152K, used 98579K [0x00007f3c48800000, 0x00007f3cc8800000, 0x00007f3cc8800000)
  object space 2097152K, 4% used [0x00007f3c48800000,0x00007f3c4e844cd8,0x00007f3cc8800000)
 Metaspace       used 7423K, committed 7488K, reserved 8192K
}
Event: 9,446 GC heap after
{Heap after GC invocations=5 (full 2):
 PSYoungGen      total 917504K, used 0K [0x00007f3cc8800000, 0x00007f3d08800000, 0x00007f3d08800000)
  eden space 786432K, 0% used [0x00007f3cc8800000,0x00007f3cc8800000,0x00007f3cf8800000)
  from space 131072K, 0% used [0x00007f3cf8800000,0x00007f3cf8800000,0x00007f3d00800000)
  to   space 131072K, 0% used [0x00007f3d00800000,0x00007f3d00800000,0x00007f3d08800000)
 ParOldGen       total 2097152K, used 98579K [0x00007f3c48800000, 0x00007f3cc8800000, 0x00007f3cc8800000)
  object space 2097152K, 4% used [0x00007f3c48800000,0x00007f3c4e844cd8,0x00007f3cc8800000)
 Metaspace       used 7423K, committed 7488K, reserved 8192K
}
Event: 9,447 GC heap before
{Heap before GC invocations=6 (full 3):
 PSYoungGen      total 917504K, used 0K [0x00007f3cc8800000, 0x00007f3d08800000, 0x00007f3d08800000)
  eden space 786432K, 0% used [0x00007f3cc8800000,0x00007f3cc8800000,0x00007f3cf8800000)
  from space 131072K, 0% used [0x00007f3cf8800000,0x00007f3cf8800000,0x00007f3d00800000)
  to   space 131072K, 0% used [0x00007f3d00800000,0x00007f3d00800000,0x00007f3d08800000)
 ParOldGen       total 2097152K, used 98579K [0x00007f3c48800000, 0x00007f3cc8800000, 0x00007f3cc8800000)
  object space 2097152K, 4% used [0x00007f3c48800000,0x00007f3c4e844cd8,0x00007f3cc8800000)
 Metaspace       used 7423K, committed 7488K, reserved 8192K
}

