# JRE version: OpenJDK Runtime Environment (17.0.6) (fastdebug build 17.0.6-internal+0-adhoc.konstdelis.jdk17u067)
# Java VM: OpenJDK 64-Bit Server VM (fastdebug 17.0.6-internal+0-adhoc.konstdelis.jdk17u067, mixed mode, tiered, parallel gc, linux-amd64)
GC Precious Log:
 CPUs: 32 total, 32 available
 Memory: 251G
 Large Page Support: Disabled
 NUMA Support: Disabled
 Compressed Oops: Disabled
 Alignments: Space 512K, Generation 512K, Heap 2M
 Heap Min Capacity: 3G
 Heap Initial Capacity: 3G
 Heap Max Capacity: 3G
 Pre-touch: Disabled
 Parallel Workers: 8
Heap:
 PSYoungGen      total 917504K, used 0K [0x00007edd01000000, 0x00007edd41000000, 0x00007edd41000000)
  eden space 786432K, 0% used [0x00007edd01000000,0x00007edd01000000,0x00007edd31000000)
  from space 131072K, 0% used [0x00007edd31000000,0x00007edd31000000,0x00007edd39000000)
  to   space 131072K, 0% used [0x00007edd39000000,0x00007edd39000000,0x00007edd41000000)
 ParOldGen       total 2097152K, used 1585842K [0x00007edc81000000, 0x00007edd01000000, 0x00007edd01000000)
  object space 2097152K, 75% used [0x00007edc81000000,0x00007edce1cac9c8,0x00007edd01000000)
 Metaspace       used 7390K, committed 7488K, reserved 8192K
GC Heap History (13 events):
Event: 2,997 GC heap before
{Heap before GC invocations=1 (full 0):
 PSYoungGen      total 917504K, used 786432K [0x00007edd01000000, 0x00007edd41000000, 0x00007edd41000000)
  eden space 786432K, 100% used [0x00007edd01000000,0x00007edd31000000,0x00007edd31000000)
  from space 131072K, 0% used [0x00007edd39000000,0x00007edd39000000,0x00007edd41000000)
  to   space 131072K, 0% used [0x00007edd31000000,0x00007edd31000000,0x00007edd39000000)
 ParOldGen       total 2097152K, used 0K [0x00007edc81000000, 0x00007edd01000000, 0x00007edd01000000)
  object space 2097152K, 0% used [0x00007edc81000000,0x00007edc81000000,0x00007edd01000000)
 Metaspace       used 7356K, committed 7488K, reserved 8192K
}
Event: 3,777 GC heap after
{Heap after GC invocations=1 (full 0):
 PSYoungGen      total 917504K, used 131049K [0x00007edd01000000, 0x00007edd41000000, 0x00007edd41000000)
  eden space 786432K, 0% used [0x00007edd01000000,0x00007edd01000000,0x00007edd31000000)
  from space 131072K, 99% used [0x00007edd31000000,0x00007edd38ffa5e0,0x00007edd39000000)
  to   space 131072K, 0% used [0x00007edd39000000,0x00007edd39000000,0x00007edd41000000)
 ParOldGen       total 2097152K, used 474136K [0x00007edc81000000, 0x00007edd01000000, 0x00007edd01000000)
  object space 2097152K, 22% used [0x00007edc81000000,0x00007edc9df06000,0x00007edd01000000)
 Metaspace       used 7356K, committed 7488K, reserved 8192K
}
Event: 4,152 GC heap before
{Heap before GC invocations=2 (full 0):
 PSYoungGen      total 917504K, used 917481K [0x00007edd01000000, 0x00007edd41000000, 0x00007edd41000000)
  eden space 786432K, 100% used [0x00007edd01000000,0x00007edd31000000,0x00007edd31000000)
  from space 131072K, 99% used [0x00007edd31000000,0x00007edd38ffa5e0,0x00007edd39000000)
  to   space 131072K, 0% used [0x00007edd39000000,0x00007edd39000000,0x00007edd41000000)
 ParOldGen       total 2097152K, used 474136K [0x00007edc81000000, 0x00007edd01000000, 0x00007edd01000000)
  object space 2097152K, 22% used [0x00007edc81000000,0x00007edc9df06000,0x00007edd01000000)
 Metaspace       used 7356K, committed 7488K, reserved 8192K
}
Event: 5,212 GC heap after
{Heap after GC invocations=2 (full 0):
 PSYoungGen      total 917504K, used 131057K [0x00007edd01000000, 0x00007edd41000000, 0x00007edd41000000)
  eden space 786432K, 0% used [0x00007edd01000000,0x00007edd01000000,0x00007edd31000000)
  from space 131072K, 99% used [0x00007edd39000000,0x00007edd40ffc718,0x00007edd41000000)
  to   space 131072K, 0% used [0x00007edd31000000,0x00007edd31000000,0x00007edd39000000)
 ParOldGen       total 2097152K, used 1122328K [0x00007edc81000000, 0x00007edd01000000, 0x00007edd01000000)
  object space 2097152K, 53% used [0x00007edc81000000,0x00007edcc5806000,0x00007edd01000000)
 Metaspace       used 7356K, committed 7488K, reserved 8192K
}
Event: 5,584 GC heap before
{Heap before GC invocations=3 (full 0):
 PSYoungGen      total 917504K, used 917489K [0x00007edd01000000, 0x00007edd41000000, 0x00007edd41000000)
  eden space 786432K, 100% used [0x00007edd01000000,0x00007edd31000000,0x00007edd31000000)
  from space 131072K, 99% used [0x00007edd39000000,0x00007edd40ffc718,0x00007edd41000000)
  to   space 131072K, 0% used [0x00007edd31000000,0x00007edd31000000,0x00007edd39000000)
 ParOldGen       total 2097152K, used 1122328K [0x00007edc81000000, 0x00007edd01000000, 0x00007edd01000000)
  object space 2097152K, 53% used [0x00007edc81000000,0x00007edcc5806000,0x00007edd01000000)
 Metaspace       used 7356K, committed 7488K, reserved 8192K
}
Event: 6,559 GC heap after
{Heap after GC invocations=3 (full 0):
 PSYoungGen      total 917504K, used 131054K [0x00007edd01000000, 0x00007edd41000000, 0x00007edd41000000)
  eden space 786432K, 0% used [0x00007edd01000000,0x00007edd01000000,0x00007edd31000000)
  from space 131072K, 99% used [0x00007edd31000000,0x00007edd38ffb8c0,0x00007edd39000000)
  to   space 131072K, 0% used [0x00007edd39000000,0x00007edd39000000,0x00007edd41000000)
 ParOldGen       total 2097152K, used 1774861K [0x00007edc81000000, 0x00007edd01000000, 0x00007edd01000000)
  object space 2097152K, 84% used [0x00007edc81000000,0x00007edced543510,0x00007edd01000000)
 Metaspace       used 7356K, committed 7488K, reserved 8192K
}
Event: 6,559 GC heap before
{Heap before GC invocations=4 (full 1):
 PSYoungGen      total 917504K, used 131054K [0x00007edd01000000, 0x00007edd41000000, 0x00007edd41000000)
  eden space 786432K, 0% used [0x00007edd01000000,0x00007edd01000000,0x00007edd31000000)
  from space 131072K, 99% used [0x00007edd31000000,0x00007edd38ffb8c0,0x00007edd39000000)
  to   space 131072K, 0% used [0x00007edd39000000,0x00007edd39000000,0x00007edd41000000)
 ParOldGen       total 2097152K, used 1774861K [0x00007edc81000000, 0x00007edd01000000, 0x00007edd01000000)
  object space 2097152K, 84% used [0x00007edc81000000,0x00007edced543510,0x00007edd01000000)
 Metaspace       used 7356K, committed 7488K, reserved 8192K
}
Event: 14,282 GC heap after
{Heap after GC invocations=4 (full 1):
 PSYoungGen      total 917504K, used 0K [0x00007edd01000000, 0x00007edd41000000, 0x00007edd41000000)
  eden space 786432K, 0% used [0x00007edd01000000,0x00007edd01000000,0x00007edd31000000)
  from space 131072K, 0% used [0x00007edd39000000,0x00007edd39000000,0x00007edd41000000)
  to   space 131072K, 0% used [0x00007edd31000000,0x00007edd31000000,0x00007edd39000000)
 ParOldGen       total 2097152K, used 1893881K [0x00007edc81000000, 0x00007edd01000000, 0x00007edd01000000)
  object space 2097152K, 90% used [0x00007edc81000000,0x00007edcf497e790,0x00007edd01000000)
 Metaspace       used 7356K, committed 7488K, reserved 8192K
}
Event: 15,347 GC heap before
{Heap before GC invocations=5 (full 2):
 PSYoungGen      total 917504K, used 440739K [0x00007edd01000000, 0x00007edd41000000, 0x00007edd41000000)
  eden space 786432K, 56% used [0x00007edd01000000,0x00007edd1be68cd8,0x00007edd31000000)
  from space 131072K, 0% used [0x00007edd39000000,0x00007edd39000000,0x00007edd41000000)
  to   space 131072K, 0% used [0x00007edd31000000,0x00007edd31000000,0x00007edd39000000)
 ParOldGen       total 2097152K, used 1893881K [0x00007edc81000000, 0x00007edd01000000, 0x00007edd01000000)
  object space 2097152K, 90% used [0x00007edc81000000,0x00007edcf497e790,0x00007edd01000000)
 Metaspace       used 7385K, committed 7488K, reserved 8192K
}
Event: 32,533 GC heap after
{Heap after GC invocations=5 (full 2):
 PSYoungGen      total 917504K, used 0K [0x00007edd01000000, 0x00007edd41000000, 0x00007edd41000000)
  eden space 786432K, 0% used [0x00007edd01000000,0x00007edd01000000,0x00007edd31000000)
  from space 131072K, 0% used [0x00007edd39000000,0x00007edd39000000,0x00007edd41000000)
  to   space 131072K, 0% used [0x00007edd31000000,0x00007edd31000000,0x00007edd39000000)
 ParOldGen       total 2097152K, used 1585842K [0x00007edc81000000, 0x00007edd01000000, 0x00007edd01000000)
  object space 2097152K, 75% used [0x00007edc81000000,0x00007edce1cac9c8,0x00007edd01000000)
 Metaspace       used 7385K, committed 7488K, reserved 8192K
}
Event: 32,682 GC heap before
{Heap before GC invocations=6 (full 2):
 PSYoungGen      total 917504K, used 15264K [0x00007edd01000000, 0x00007edd41000000, 0x00007edd41000000)
  eden space 786432K, 1% used [0x00007edd01000000,0x00007edd01ee8058,0x00007edd31000000)
  from space 131072K, 0% used [0x00007edd39000000,0x00007edd39000000,0x00007edd41000000)
  to   space 131072K, 0% used [0x00007edd31000000,0x00007edd31000000,0x00007edd39000000)
 ParOldGen       total 2097152K, used 1585842K [0x00007edc81000000, 0x00007edd01000000, 0x00007edd01000000)
  object space 2097152K, 75% used [0x00007edc81000000,0x00007edce1cac9c8,0x00007edd01000000)
 Metaspace       used 7390K, committed 7488K, reserved 8192K
}
Event: 36,695 GC heap after
{Heap after GC invocations=6 (full 2):
 PSYoungGen      total 917504K, used 0K [0x00007edd01000000, 0x00007edd41000000, 0x00007edd41000000)
  eden space 786432K, 0% used [0x00007edd01000000,0x00007edd01000000,0x00007edd31000000)
  from space 131072K, 0% used [0x00007edd31000000,0x00007edd31000000,0x00007edd39000000)
  to   space 131072K, 0% used [0x00007edd39000000,0x00007edd39000000,0x00007edd41000000)
 ParOldGen       total 2097152K, used 1585842K [0x00007edc81000000, 0x00007edd01000000, 0x00007edd01000000)
  object space 2097152K, 75% used [0x00007edc81000000,0x00007edce1cac9c8,0x00007edd01000000)
 Metaspace       used 7390K, committed 7488K, reserved 8192K
}
Event: 36,695 GC heap before
{Heap before GC invocations=7 (full 3):
 PSYoungGen      total 917504K, used 0K [0x00007edd01000000, 0x00007edd41000000, 0x00007edd41000000)
  eden space 786432K, 0% used [0x00007edd01000000,0x00007edd01000000,0x00007edd31000000)
  from space 131072K, 0% used [0x00007edd31000000,0x00007edd31000000,0x00007edd39000000)
  to   space 131072K, 0% used [0x00007edd39000000,0x00007edd39000000,0x00007edd41000000)
 ParOldGen       total 2097152K, used 1585842K [0x00007edc81000000, 0x00007edd01000000, 0x00007edd01000000)
  object space 2097152K, 75% used [0x00007edc81000000,0x00007edce1cac9c8,0x00007edd01000000)
 Metaspace       used 7390K, committed 7488K, reserved 8192K
}

