# JRE version: OpenJDK Runtime Environment (17.0.6) (fastdebug build 17.0.6-internal+0-adhoc.konstdelis.jdk17u067)
# Java VM: OpenJDK 64-Bit Server VM (fastdebug 17.0.6-internal+0-adhoc.konstdelis.jdk17u067, mixed mode, tiered, parallel gc, linux-amd64)
GC Precious Log:
 CPUs: 32 total, 32 available
 Memory: 251G
 Large Page Support: Disabled
 NUMA Support: Disabled
 Compressed Oops: Disabled
 Alignments: Space 512K, Generation 512K, Heap 2M
 Heap Min Capacity: 3G
 Heap Initial Capacity: 3G
 Heap Max Capacity: 3G
 Pre-touch: Disabled
 Parallel Workers: 8
Heap:
 PSYoungGen      total 917504K, used 354981K [0x00007e5c10800000, 0x00007e5c50800000, 0x00007e5c50800000)
  eden space 786432K, 45% used [0x00007e5c10800000,0x00007e5c262a96f0,0x00007e5c40800000)
  from space 131072K, 0% used [0x00007e5c48800000,0x00007e5c48800000,0x00007e5c50800000)
  to   space 131072K, 0% used [0x00007e5c40800000,0x00007e5c40800000,0x00007e5c48800000)
 ParOldGen       total 2097152K, used 2096970K [0x00007e5b90800000, 0x00007e5c10800000, 0x00007e5c10800000)
  object space 2097152K, 99% used [0x00007e5b90800000,0x00007e5c107d29b8,0x00007e5c10800000)
 Metaspace       used 7360K, committed 7488K, reserved 8192K
GC Heap History (20 events):
Event: 38,250 GC heap after
{Heap after GC invocations=7 (full 4):
 PSYoungGen      total 917504K, used 786431K [0x00007e5c10800000, 0x00007e5c50800000, 0x00007e5c50800000)
  eden space 786432K, 99% used [0x00007e5c10800000,0x00007e5c407ffda0,0x00007e5c40800000)
  from space 131072K, 0% used [0x00007e5c40800000,0x00007e5c40800000,0x00007e5c48800000)
  to   space 131072K, 0% used [0x00007e5c48800000,0x00007e5c48800000,0x00007e5c50800000)
 ParOldGen       total 2097152K, used 2096873K [0x00007e5b90800000, 0x00007e5c10800000, 0x00007e5c10800000)
  object space 2097152K, 99% used [0x00007e5b90800000,0x00007e5c107ba418,0x00007e5c10800000)
 Metaspace       used 7360K, committed 7488K, reserved 8192K
}
Event: 38,250 GC heap before
{Heap before GC invocations=8 (full 5):
 PSYoungGen      total 917504K, used 786431K [0x00007e5c10800000, 0x00007e5c50800000, 0x00007e5c50800000)
  eden space 786432K, 99% used [0x00007e5c10800000,0x00007e5c407fffd0,0x00007e5c40800000)
  from space 131072K, 0% used [0x00007e5c40800000,0x00007e5c40800000,0x00007e5c48800000)
  to   space 131072K, 0% used [0x00007e5c48800000,0x00007e5c48800000,0x00007e5c50800000)
 ParOldGen       total 2097152K, used 2096873K [0x00007e5b90800000, 0x00007e5c10800000, 0x00007e5c10800000)
  object space 2097152K, 99% used [0x00007e5b90800000,0x00007e5c107ba418,0x00007e5c10800000)
 Metaspace       used 7360K, committed 7488K, reserved 8192K
}
Event: 45,726 GC heap after
{Heap after GC invocations=8 (full 5):
 PSYoungGen      total 917504K, used 786431K [0x00007e5c10800000, 0x00007e5c50800000, 0x00007e5c50800000)
  eden space 786432K, 99% used [0x00007e5c10800000,0x00007e5c407fffd0,0x00007e5c40800000)
  from space 131072K, 0% used [0x00007e5c48800000,0x00007e5c48800000,0x00007e5c50800000)
  to   space 131072K, 0% used [0x00007e5c40800000,0x00007e5c40800000,0x00007e5c48800000)
 ParOldGen       total 2097152K, used 2096873K [0x00007e5b90800000, 0x00007e5c10800000, 0x00007e5c10800000)
  object space 2097152K, 99% used [0x00007e5b90800000,0x00007e5c107ba418,0x00007e5c10800000)
 Metaspace       used 7360K, committed 7488K, reserved 8192K
}
Event: 45,727 GC heap before
{Heap before GC invocations=9 (full 6):
 PSYoungGen      total 917504K, used 786431K [0x00007e5c10800000, 0x00007e5c50800000, 0x00007e5c50800000)
  eden space 786432K, 99% used [0x00007e5c10800000,0x00007e5c407ffff8,0x00007e5c40800000)
  from space 131072K, 0% used [0x00007e5c48800000,0x00007e5c48800000,0x00007e5c50800000)
  to   space 131072K, 0% used [0x00007e5c40800000,0x00007e5c40800000,0x00007e5c48800000)
 ParOldGen       total 2097152K, used 2096876K [0x00007e5b90800000, 0x00007e5c10800000, 0x00007e5c10800000)
  object space 2097152K, 99% used [0x00007e5b90800000,0x00007e5c107bb238,0x00007e5c10800000)
 Metaspace       used 7360K, committed 7488K, reserved 8192K
}
Event: 53,114 GC heap after
{Heap after GC invocations=9 (full 6):
 PSYoungGen      total 917504K, used 786431K [0x00007e5c10800000, 0x00007e5c50800000, 0x00007e5c50800000)
  eden space 786432K, 99% used [0x00007e5c10800000,0x00007e5c407ffff8,0x00007e5c40800000)
  from space 131072K, 0% used [0x00007e5c40800000,0x00007e5c40800000,0x00007e5c48800000)
  to   space 131072K, 0% used [0x00007e5c48800000,0x00007e5c48800000,0x00007e5c50800000)
 ParOldGen       total 2097152K, used 2096876K [0x00007e5b90800000, 0x00007e5c10800000, 0x00007e5c10800000)
  object space 2097152K, 99% used [0x00007e5b90800000,0x00007e5c107bb238,0x00007e5c10800000)
 Metaspace       used 7360K, committed 7488K, reserved 8192K
}
Event: 53,114 GC heap before
{Heap before GC invocations=10 (full 7):
 PSYoungGen      total 917504K, used 786431K [0x00007e5c10800000, 0x00007e5c50800000, 0x00007e5c50800000)
  eden space 786432K, 99% used [0x00007e5c10800000,0x00007e5c407ffff8,0x00007e5c40800000)
  from space 131072K, 0% used [0x00007e5c40800000,0x00007e5c40800000,0x00007e5c48800000)
  to   space 131072K, 0% used [0x00007e5c48800000,0x00007e5c48800000,0x00007e5c50800000)
 ParOldGen       total 2097152K, used 2096880K [0x00007e5b90800000, 0x00007e5c10800000, 0x00007e5c10800000)
  object space 2097152K, 99% used [0x00007e5b90800000,0x00007e5c107bc038,0x00007e5c10800000)
 Metaspace       used 7360K, committed 7488K, reserved 8192K
}
Event: 60,567 GC heap after
{Heap after GC invocations=10 (full 7):
 PSYoungGen      total 917504K, used 786431K [0x00007e5c10800000, 0x00007e5c50800000, 0x00007e5c50800000)
  eden space 786432K, 99% used [0x00007e5c10800000,0x00007e5c407ffff8,0x00007e5c40800000)
  from space 131072K, 0% used [0x00007e5c48800000,0x00007e5c48800000,0x00007e5c50800000)
  to   space 131072K, 0% used [0x00007e5c40800000,0x00007e5c40800000,0x00007e5c48800000)
 ParOldGen       total 2097152K, used 2096880K [0x00007e5b90800000, 0x00007e5c10800000, 0x00007e5c10800000)
  object space 2097152K, 99% used [0x00007e5b90800000,0x00007e5c107bc038,0x00007e5c10800000)
 Metaspace       used 7360K, committed 7488K, reserved 8192K
}
Event: 60,567 GC heap before
{Heap before GC invocations=11 (full 8):
 PSYoungGen      total 917504K, used 786431K [0x00007e5c10800000, 0x00007e5c50800000, 0x00007e5c50800000)
  eden space 786432K, 99% used [0x00007e5c10800000,0x00007e5c407ffff8,0x00007e5c40800000)
  from space 131072K, 0% used [0x00007e5c48800000,0x00007e5c48800000,0x00007e5c50800000)
  to   space 131072K, 0% used [0x00007e5c40800000,0x00007e5c40800000,0x00007e5c48800000)
 ParOldGen       total 2097152K, used 2096883K [0x00007e5b90800000, 0x00007e5c10800000, 0x00007e5c10800000)
  object space 2097152K, 99% used [0x00007e5b90800000,0x00007e5c107bce38,0x00007e5c10800000)
 Metaspace       used 7360K, committed 7488K, reserved 8192K
}
Event: 82,235 GC heap after
{Heap after GC invocations=11 (full 8):
 PSYoungGen      total 917504K, used 0K [0x00007e5c10800000, 0x00007e5c50800000, 0x00007e5c50800000)
  eden space 786432K, 0% used [0x00007e5c10800000,0x00007e5c10800000,0x00007e5c40800000)
  from space 131072K, 0% used [0x00007e5c40800000,0x00007e5c40800000,0x00007e5c48800000)
  to   space 131072K, 0% used [0x00007e5c48800000,0x00007e5c48800000,0x00007e5c50800000)
 ParOldGen       total 2097152K, used 1238684K [0x00007e5b90800000, 0x00007e5c10800000, 0x00007e5c10800000)
  object space 2097152K, 59% used [0x00007e5b90800000,0x00007e5bdc1a7060,0x00007e5c10800000)
 Metaspace       used 7360K, committed 7488K, reserved 8192K
}
Event: 82,635 GC heap before
{Heap before GC invocations=12 (full 8):
 PSYoungGen      total 917504K, used 772987K [0x00007e5c10800000, 0x00007e5c50800000, 0x00007e5c50800000)
  eden space 786432K, 98% used [0x00007e5c10800000,0x00007e5c3fadee28,0x00007e5c40800000)
  from space 131072K, 0% used [0x00007e5c40800000,0x00007e5c40800000,0x00007e5c48800000)
  to   space 131072K, 0% used [0x00007e5c48800000,0x00007e5c48800000,0x00007e5c50800000)
 ParOldGen       total 2097152K, used 1238684K [0x00007e5b90800000, 0x00007e5c10800000, 0x00007e5c10800000)
  object space 2097152K, 59% used [0x00007e5b90800000,0x00007e5bdc1a7060,0x00007e5c10800000)
 Metaspace       used 7360K, committed 7488K, reserved 8192K
}
Event: 86,138 GC heap after
{Heap after GC invocations=12 (full 8):
 PSYoungGen      total 917504K, used 131072K [0x00007e5c10800000, 0x00007e5c50800000, 0x00007e5c50800000)
  eden space 786432K, 0% used [0x00007e5c10800000,0x00007e5c10800000,0x00007e5c40800000)
  from space 131072K, 100% used [0x00007e5c48800000,0x00007e5c50800000,0x00007e5c50800000)
  to   space 131072K, 0% used [0x00007e5c40800000,0x00007e5c40800000,0x00007e5c48800000)
 ParOldGen       total 2097152K, used 1881252K [0x00007e5b90800000, 0x00007e5c10800000, 0x00007e5c10800000)
  object space 2097152K, 89% used [0x00007e5b90800000,0x00007e5c03529060,0x00007e5c10800000)
 Metaspace       used 7360K, committed 7488K, reserved 8192K
}
Event: 86,138 GC heap before
{Heap before GC invocations=13 (full 9):
 PSYoungGen      total 917504K, used 131072K [0x00007e5c10800000, 0x00007e5c50800000, 0x00007e5c50800000)
  eden space 786432K, 0% used [0x00007e5c10800000,0x00007e5c10800000,0x00007e5c40800000)
  from space 131072K, 100% used [0x00007e5c48800000,0x00007e5c50800000,0x00007e5c50800000)
  to   space 131072K, 0% used [0x00007e5c40800000,0x00007e5c40800000,0x00007e5c48800000)
 ParOldGen       total 2097152K, used 1881252K [0x00007e5b90800000, 0x00007e5c10800000, 0x00007e5c10800000)
  object space 2097152K, 89% used [0x00007e5b90800000,0x00007e5c03529060,0x00007e5c10800000)
 Metaspace       used 7360K, committed 7488K, reserved 8192K
}
Event: 98,114 GC heap after
{Heap after GC invocations=13 (full 9):
 PSYoungGen      total 917504K, used 0K [0x00007e5c10800000, 0x00007e5c50800000, 0x00007e5c50800000)
  eden space 786432K, 0% used [0x00007e5c10800000,0x00007e5c10800000,0x00007e5c40800000)
  from space 131072K, 0% used [0x00007e5c40800000,0x00007e5c40800000,0x00007e5c48800000)
  to   space 131072K, 0% used [0x00007e5c48800000,0x00007e5c48800000,0x00007e5c50800000)
 ParOldGen       total 2097152K, used 1905250K [0x00007e5b90800000, 0x00007e5c10800000, 0x00007e5c10800000)
  object space 2097152K, 90% used [0x00007e5b90800000,0x00007e5c04c988a8,0x00007e5c10800000)
 Metaspace       used 7360K, committed 7488K, reserved 8192K
}
Event: 98,439 GC heap before
{Heap before GC invocations=14 (full 10):
 PSYoungGen      total 917504K, used 786432K [0x00007e5c10800000, 0x00007e5c50800000, 0x00007e5c50800000)
  eden space 786432K, 100% used [0x00007e5c10800000,0x00007e5c40800000,0x00007e5c40800000)
  from space 131072K, 0% used [0x00007e5c40800000,0x00007e5c40800000,0x00007e5c48800000)
  to   space 131072K, 0% used [0x00007e5c48800000,0x00007e5c48800000,0x00007e5c50800000)
 ParOldGen       total 2097152K, used 1905250K [0x00007e5b90800000, 0x00007e5c10800000, 0x00007e5c10800000)
  object space 2097152K, 90% used [0x00007e5b90800000,0x00007e5c04c988a8,0x00007e5c10800000)
 Metaspace       used 7360K, committed 7488K, reserved 8192K
}
Event: 116,719 GC heap after
{Heap after GC invocations=14 (full 10):
 PSYoungGen      total 917504K, used 0K [0x00007e5c10800000, 0x00007e5c50800000, 0x00007e5c50800000)
  eden space 786432K, 0% used [0x00007e5c10800000,0x00007e5c10800000,0x00007e5c40800000)
  from space 131072K, 0% used [0x00007e5c48800000,0x00007e5c48800000,0x00007e5c50800000)
  to   space 131072K, 0% used [0x00007e5c40800000,0x00007e5c40800000,0x00007e5c48800000)
 ParOldGen       total 2097152K, used 1999994K [0x00007e5b90800000, 0x00007e5c10800000, 0x00007e5c10800000)
  object space 2097152K, 95% used [0x00007e5b90800000,0x00007e5c0a91ea30,0x00007e5c10800000)
 Metaspace       used 7360K, committed 7488K, reserved 8192K
}
Event: 117,119 GC heap before
{Heap before GC invocations=15 (full 11):
 PSYoungGen      total 917504K, used 786432K [0x00007e5c10800000, 0x00007e5c50800000, 0x00007e5c50800000)
  eden space 786432K, 100% used [0x00007e5c10800000,0x00007e5c40800000,0x00007e5c40800000)
  from space 131072K, 0% used [0x00007e5c48800000,0x00007e5c48800000,0x00007e5c50800000)
  to   space 131072K, 0% used [0x00007e5c40800000,0x00007e5c40800000,0x00007e5c48800000)
 ParOldGen       total 2097152K, used 1999994K [0x00007e5b90800000, 0x00007e5c10800000, 0x00007e5c10800000)
  object space 2097152K, 95% used [0x00007e5b90800000,0x00007e5c0a91ea30,0x00007e5c10800000)
 Metaspace       used 7360K, committed 7488K, reserved 8192K
}
Event: 133,685 GC heap after
{Heap after GC invocations=15 (full 11):
 PSYoungGen      total 917504K, used 281023K [0x00007e5c10800000, 0x00007e5c50800000, 0x00007e5c50800000)
  eden space 786432K, 35% used [0x00007e5c10800000,0x00007e5c21a6fdf0,0x00007e5c40800000)
  from space 131072K, 0% used [0x00007e5c40800000,0x00007e5c40800000,0x00007e5c48800000)
  to   space 131072K, 0% used [0x00007e5c48800000,0x00007e5c48800000,0x00007e5c50800000)
 ParOldGen       total 2097152K, used 2097112K [0x00007e5b90800000, 0x00007e5c10800000, 0x00007e5c10800000)
  object space 2097152K, 99% used [0x00007e5b90800000,0x00007e5c107f6180,0x00007e5c10800000)
 Metaspace       used 7360K, committed 7488K, reserved 8192K
}
Event: 133,942 GC heap before
{Heap before GC invocations=16 (full 12):
 PSYoungGen      total 917504K, used 784063K [0x00007e5c10800000, 0x00007e5c50800000, 0x00007e5c50800000)
  eden space 786432K, 99% used [0x00007e5c10800000,0x00007e5c405afed0,0x00007e5c40800000)
  from space 131072K, 0% used [0x00007e5c40800000,0x00007e5c40800000,0x00007e5c48800000)
  to   space 131072K, 0% used [0x00007e5c48800000,0x00007e5c48800000,0x00007e5c50800000)
 ParOldGen       total 2097152K, used 2097112K [0x00007e5b90800000, 0x00007e5c10800000, 0x00007e5c10800000)
  object space 2097152K, 99% used [0x00007e5b90800000,0x00007e5c107f6180,0x00007e5c10800000)
 Metaspace       used 7360K, committed 7488K, reserved 8192K
}
Event: 152,074 GC heap after
{Heap after GC invocations=16 (full 12):
 PSYoungGen      total 917504K, used 354981K [0x00007e5c10800000, 0x00007e5c50800000, 0x00007e5c50800000)
  eden space 786432K, 45% used [0x00007e5c10800000,0x00007e5c262a96f0,0x00007e5c40800000)
  from space 131072K, 0% used [0x00007e5c48800000,0x00007e5c48800000,0x00007e5c50800000)
  to   space 131072K, 0% used [0x00007e5c40800000,0x00007e5c40800000,0x00007e5c48800000)
 ParOldGen       total 2097152K, used 2096970K [0x00007e5b90800000, 0x00007e5c10800000, 0x00007e5c10800000)
  object space 2097152K, 99% used [0x00007e5b90800000,0x00007e5c107d29b8,0x00007e5c10800000)
 Metaspace       used 7360K, committed 7488K, reserved 8192K
}
Event: 152,075 GC heap before
{Heap before GC invocations=17 (full 13):
 PSYoungGen      total 917504K, used 354981K [0x00007e5c10800000, 0x00007e5c50800000, 0x00007e5c50800000)
  eden space 786432K, 45% used [0x00007e5c10800000,0x00007e5c262a96f0,0x00007e5c40800000)
  from space 131072K, 0% used [0x00007e5c48800000,0x00007e5c48800000,0x00007e5c50800000)
  to   space 131072K, 0% used [0x00007e5c40800000,0x00007e5c40800000,0x00007e5c48800000)
 ParOldGen       total 2097152K, used 2096970K [0x00007e5b90800000, 0x00007e5c10800000, 0x00007e5c10800000)
  object space 2097152K, 99% used [0x00007e5b90800000,0x00007e5c107d29b8,0x00007e5c10800000)
 Metaspace       used 7360K, committed 7488K, reserved 8192K
}

