# JRE version: OpenJDK Runtime Environment (17.0.6) (build 17.0.6-internal+0-adhoc.konstdelis.jdk17u067)
# Java VM: OpenJDK 64-Bit Server VM (17.0.6-internal+0-adhoc.konstdelis.jdk17u067, mixed mode, tiered, parallel gc, linux-amd64)
GC Precious Log:
 CPUs: 32 total, 16 available
 Memory: 251G
 Large Page Support: Disabled
 NUMA Support: Disabled
 Compressed Oops: Disabled
 Alignments: Space 512K, Generation 512K, Heap 2M
 Heap Min Capacity: 1G
 Heap Initial Capacity: 1G
 Heap Max Capacity: 1G
 Pre-touch: Disabled
 Parallel Workers: 2
Heap:
 PSYoungGen      total 305664K, used 43520K [0x00007ea78bb00000, 0x00007ea7a1000000, 0x00007ea7a1000000)
  eden space 262144K, 0% used [0x00007ea78bb00000,0x00007ea78bb00000,0x00007ea79bb00000)
  from space 43520K, 100% used [0x00007ea79bb00000,0x00007ea79e580000,0x00007ea79e580000)
  to   space 43520K, 0% used [0x00007ea79e580000,0x00007ea79e580000,0x00007ea7a1000000)
 ParOldGen       total 699392K, used 451763K [0x00007ea761000000, 0x00007ea78bb00000, 0x00007ea78bb00000)
  object space 699392K, 64% used [0x00007ea761000000,0x00007ea77c92ce30,0x00007ea78bb00000)
 Metaspace       used 6998K, committed 7104K, reserved 8192K
GC Heap History (7 events):
Event: 2,078 GC heap before
{Heap before GC invocations=1 (full 0):
 PSYoungGen      total 305664K, used 247807K [0x00007ea78bb00000, 0x00007ea7a1000000, 0x00007ea7a1000000)
  eden space 262144K, 94% used [0x00007ea78bb00000,0x00007ea79acffdf0,0x00007ea79bb00000)
  from space 43520K, 0% used [0x00007ea79e580000,0x00007ea79e580000,0x00007ea7a1000000)
  to   space 43520K, 0% used [0x00007ea79bb00000,0x00007ea79bb00000,0x00007ea79e580000)
 ParOldGen       total 699392K, used 0K [0x00007ea761000000, 0x00007ea78bb00000, 0x00007ea78bb00000)
  object space 699392K, 0% used [0x00007ea761000000,0x00007ea761000000,0x00007ea78bb00000)
 Metaspace       used 6998K, committed 7104K, reserved 8192K
}
Event: 2,379 GC heap after
{Heap after GC invocations=1 (full 0):
 PSYoungGen      total 305664K, used 43505K [0x00007ea78bb00000, 0x00007ea7a1000000, 0x00007ea7a1000000)
  eden space 262144K, 0% used [0x00007ea78bb00000,0x00007ea78bb00000,0x00007ea79bb00000)
  from space 43520K, 99% used [0x00007ea79bb00000,0x00007ea79e57c438,0x00007ea79e580000)
  to   space 43520K, 0% used [0x00007ea79e580000,0x00007ea79e580000,0x00007ea7a1000000)
 ParOldGen       total 699392K, used 118608K [0x00007ea761000000, 0x00007ea78bb00000, 0x00007ea78bb00000)
  object space 699392K, 16% used [0x00007ea761000000,0x00007ea7683d4000,0x00007ea78bb00000)
 Metaspace       used 6998K, committed 7104K, reserved 8192K
}
Event: 2,441 GC heap before
{Heap before GC invocations=2 (full 0):
 PSYoungGen      total 305664K, used 305649K [0x00007ea78bb00000, 0x00007ea7a1000000, 0x00007ea7a1000000)
  eden space 262144K, 100% used [0x00007ea78bb00000,0x00007ea79bb00000,0x00007ea79bb00000)
  from space 43520K, 99% used [0x00007ea79bb00000,0x00007ea79e57c438,0x00007ea79e580000)
  to   space 43520K, 0% used [0x00007ea79e580000,0x00007ea79e580000,0x00007ea7a1000000)
 ParOldGen       total 699392K, used 118608K [0x00007ea761000000, 0x00007ea78bb00000, 0x00007ea78bb00000)
  object space 699392K, 16% used [0x00007ea761000000,0x00007ea7683d4000,0x00007ea78bb00000)
 Metaspace       used 6998K, committed 7104K, reserved 8192K
}
Event: 2,832 GC heap after
{Heap after GC invocations=2 (full 0):
 PSYoungGen      total 305664K, used 43488K [0x00007ea78bb00000, 0x00007ea7a1000000, 0x00007ea7a1000000)
  eden space 262144K, 0% used [0x00007ea78bb00000,0x00007ea78bb00000,0x00007ea79bb00000)
  from space 43520K, 99% used [0x00007ea79e580000,0x00007ea7a0ff8040,0x00007ea7a1000000)
  to   space 43520K, 0% used [0x00007ea79bb00000,0x00007ea79bb00000,0x00007ea79e580000)
 ParOldGen       total 699392K, used 301094K [0x00007ea761000000, 0x00007ea78bb00000, 0x00007ea78bb00000)
  object space 699392K, 43% used [0x00007ea761000000,0x00007ea7736098c0,0x00007ea78bb00000)
 Metaspace       used 6998K, committed 7104K, reserved 8192K
}
Event: 2,868 GC heap before
{Heap before GC invocations=3 (full 0):
 PSYoungGen      total 305664K, used 197540K [0x00007ea78bb00000, 0x00007ea7a1000000, 0x00007ea7a1000000)
  eden space 262144K, 58% used [0x00007ea78bb00000,0x00007ea7951712d8,0x00007ea79bb00000)
  from space 43520K, 99% used [0x00007ea79e580000,0x00007ea7a0ff8040,0x00007ea7a1000000)
  to   space 43520K, 0% used [0x00007ea79bb00000,0x00007ea79bb00000,0x00007ea79e580000)
 ParOldGen       total 699392K, used 301094K [0x00007ea761000000, 0x00007ea78bb00000, 0x00007ea78bb00000)
  object space 699392K, 43% used [0x00007ea761000000,0x00007ea7736098c0,0x00007ea78bb00000)
 Metaspace       used 6998K, committed 7104K, reserved 8192K
}
Event: 3,070 GC heap after
{Heap after GC invocations=3 (full 0):
 PSYoungGen      total 305664K, used 43520K [0x00007ea78bb00000, 0x00007ea7a1000000, 0x00007ea7a1000000)
  eden space 262144K, 0% used [0x00007ea78bb00000,0x00007ea78bb00000,0x00007ea79bb00000)
  from space 43520K, 100% used [0x00007ea79bb00000,0x00007ea79e580000,0x00007ea79e580000)
  to   space 43520K, 0% used [0x00007ea79e580000,0x00007ea79e580000,0x00007ea7a1000000)
 ParOldGen       total 699392K, used 451763K [0x00007ea761000000, 0x00007ea78bb00000, 0x00007ea78bb00000)
  object space 699392K, 64% used [0x00007ea761000000,0x00007ea77c92ce30,0x00007ea78bb00000)
 Metaspace       used 6998K, committed 7104K, reserved 8192K
}
Event: 3,070 GC heap before
{Heap before GC invocations=4 (full 1):
 PSYoungGen      total 305664K, used 43520K [0x00007ea78bb00000, 0x00007ea7a1000000, 0x00007ea7a1000000)
  eden space 262144K, 0% used [0x00007ea78bb00000,0x00007ea78bb00000,0x00007ea79bb00000)
  from space 43520K, 100% used [0x00007ea79bb00000,0x00007ea79e580000,0x00007ea79e580000)
  to   space 43520K, 0% used [0x00007ea79e580000,0x00007ea79e580000,0x00007ea7a1000000)
 ParOldGen       total 699392K, used 451763K [0x00007ea761000000, 0x00007ea78bb00000, 0x00007ea78bb00000)
  object space 699392K, 64% used [0x00007ea761000000,0x00007ea77c92ce30,0x00007ea78bb00000)
 Metaspace       used 6998K, committed 7104K, reserved 8192K
}

