# JRE version: OpenJDK Runtime Environment (17.0.6) (fastdebug build 17.0.6-internal+0-adhoc.konstdelis.jdk17u067)
# Java VM: OpenJDK 64-Bit Server VM (fastdebug 17.0.6-internal+0-adhoc.konstdelis.jdk17u067, mixed mode, tiered, parallel gc, linux-amd64)
GC Precious Log:
 CPUs: 32 total, 32 available
 Memory: 251G
 Large Page Support: Disabled
 NUMA Support: Disabled
 Compressed Oops: Disabled
 Alignments: Space 512K, Generation 512K, Heap 2M
 Heap Min Capacity: 3G
 Heap Initial Capacity: 3G
 Heap Max Capacity: 3G
 Pre-touch: Disabled
 Parallel Workers: 2
Heap:
 PSYoungGen      total 917504K, used 32K [0x00007f07a1000000, 0x00007f07e1000000, 0x00007f07e1000000)
  eden space 786432K, 0% used [0x00007f07a1000000,0x00007f07a1000000,0x00007f07d1000000)
  from space 131072K, 0% used [0x00007f07d9000000,0x00007f07d9008000,0x00007f07e1000000)
  to   space 131072K, 0% used [0x00007f07d1000000,0x00007f07d1000000,0x00007f07d9000000)
 ParOldGen       total 2097152K, used 1582K [0x00007f0721000000, 0x00007f07a1000000, 0x00007f07a1000000)
  object space 2097152K, 0% used [0x00007f0721000000,0x00007f072118b900,0x00007f07a1000000)
 Metaspace       used 7405K, committed 7488K, reserved 8192K
GC Heap History (20 events):
Event: 2,563 GC heap after
{Heap after GC invocations=2 (full 1):
 PSYoungGen      total 917504K, used 0K [0x00007f07a1000000, 0x00007f07e1000000, 0x00007f07e1000000)
  eden space 786432K, 0% used [0x00007f07a1000000,0x00007f07a1000000,0x00007f07d1000000)
  from space 131072K, 0% used [0x00007f07d1000000,0x00007f07d1000000,0x00007f07d9000000)
  to   space 131072K, 0% used [0x00007f07d9000000,0x00007f07d9000000,0x00007f07e1000000)
 ParOldGen       total 2097152K, used 1568K [0x00007f0721000000, 0x00007f07a1000000, 0x00007f07a1000000)
  object space 2097152K, 0% used [0x00007f0721000000,0x00007f0721188368,0x00007f07a1000000)
 Metaspace       used 7405K, committed 7488K, reserved 8192K
}
Event: 2,565 GC heap before
{Heap before GC invocations=3 (full 1):
 PSYoungGen      total 917504K, used 15728K [0x00007f07a1000000, 0x00007f07e1000000, 0x00007f07e1000000)
  eden space 786432K, 2% used [0x00007f07a1000000,0x00007f07a1f5c2c8,0x00007f07d1000000)
  from space 131072K, 0% used [0x00007f07d1000000,0x00007f07d1000000,0x00007f07d9000000)
  to   space 131072K, 0% used [0x00007f07d9000000,0x00007f07d9000000,0x00007f07e1000000)
 ParOldGen       total 2097152K, used 1568K [0x00007f0721000000, 0x00007f07a1000000, 0x00007f07a1000000)
  object space 2097152K, 0% used [0x00007f0721000000,0x00007f0721188368,0x00007f07a1000000)
 Metaspace       used 7405K, committed 7488K, reserved 8192K
}
Event: 2,569 GC heap after
{Heap after GC invocations=3 (full 1):
 PSYoungGen      total 917504K, used 0K [0x00007f07a1000000, 0x00007f07e1000000, 0x00007f07e1000000)
  eden space 786432K, 0% used [0x00007f07a1000000,0x00007f07a1000000,0x00007f07d1000000)
  from space 131072K, 0% used [0x00007f07d9000000,0x00007f07d9000000,0x00007f07e1000000)
  to   space 131072K, 0% used [0x00007f07d1000000,0x00007f07d1000000,0x00007f07d9000000)
 ParOldGen       total 2097152K, used 1568K [0x00007f0721000000, 0x00007f07a1000000, 0x00007f07a1000000)
  object space 2097152K, 0% used [0x00007f0721000000,0x00007f0721188368,0x00007f07a1000000)
 Metaspace       used 7405K, committed 7488K, reserved 8192K
}
Event: 2,569 GC heap before
{Heap before GC invocations=4 (full 2):
 PSYoungGen      total 917504K, used 0K [0x00007f07a1000000, 0x00007f07e1000000, 0x00007f07e1000000)
  eden space 786432K, 0% used [0x00007f07a1000000,0x00007f07a1000000,0x00007f07d1000000)
  from space 131072K, 0% used [0x00007f07d9000000,0x00007f07d9000000,0x00007f07e1000000)
  to   space 131072K, 0% used [0x00007f07d1000000,0x00007f07d1000000,0x00007f07d9000000)
 ParOldGen       total 2097152K, used 1568K [0x00007f0721000000, 0x00007f07a1000000, 0x00007f07a1000000)
  object space 2097152K, 0% used [0x00007f0721000000,0x00007f0721188368,0x00007f07a1000000)
 Metaspace       used 7405K, committed 7488K, reserved 8192K
}
Event: 2,772 GC heap after
{Heap after GC invocations=4 (full 2):
 PSYoungGen      total 917504K, used 0K [0x00007f07a1000000, 0x00007f07e1000000, 0x00007f07e1000000)
  eden space 786432K, 0% used [0x00007f07a1000000,0x00007f07a1000000,0x00007f07d1000000)
  from space 131072K, 0% used [0x00007f07d9000000,0x00007f07d9000000,0x00007f07e1000000)
  to   space 131072K, 0% used [0x00007f07d1000000,0x00007f07d1000000,0x00007f07d9000000)
 ParOldGen       total 2097152K, used 1680K [0x00007f0721000000, 0x00007f07a1000000, 0x00007f07a1000000)
  object space 2097152K, 0% used [0x00007f0721000000,0x00007f07211a4358,0x00007f07a1000000)
 Metaspace       used 7405K, committed 7488K, reserved 8192K
}
Event: 2,775 GC heap before
{Heap before GC invocations=5 (full 2):
 PSYoungGen      total 917504K, used 15728K [0x00007f07a1000000, 0x00007f07e1000000, 0x00007f07e1000000)
  eden space 786432K, 2% used [0x00007f07a1000000,0x00007f07a1f5c2c8,0x00007f07d1000000)
  from space 131072K, 0% used [0x00007f07d9000000,0x00007f07d9000000,0x00007f07e1000000)
  to   space 131072K, 0% used [0x00007f07d1000000,0x00007f07d1000000,0x00007f07d9000000)
 ParOldGen       total 2097152K, used 1680K [0x00007f0721000000, 0x00007f07a1000000, 0x00007f07a1000000)
  object space 2097152K, 0% used [0x00007f0721000000,0x00007f07211a4358,0x00007f07a1000000)
 Metaspace       used 7405K, committed 7488K, reserved 8192K
}
Event: 2,778 GC heap after
{Heap after GC invocations=5 (full 2):
 PSYoungGen      total 917504K, used 0K [0x00007f07a1000000, 0x00007f07e1000000, 0x00007f07e1000000)
  eden space 786432K, 0% used [0x00007f07a1000000,0x00007f07a1000000,0x00007f07d1000000)
  from space 131072K, 0% used [0x00007f07d1000000,0x00007f07d1000000,0x00007f07d9000000)
  to   space 131072K, 0% used [0x00007f07d9000000,0x00007f07d9000000,0x00007f07e1000000)
 ParOldGen       total 2097152K, used 1680K [0x00007f0721000000, 0x00007f07a1000000, 0x00007f07a1000000)
  object space 2097152K, 0% used [0x00007f0721000000,0x00007f07211a4358,0x00007f07a1000000)
 Metaspace       used 7405K, committed 7488K, reserved 8192K
}
Event: 2,778 GC heap before
{Heap before GC invocations=6 (full 3):
 PSYoungGen      total 917504K, used 0K [0x00007f07a1000000, 0x00007f07e1000000, 0x00007f07e1000000)
  eden space 786432K, 0% used [0x00007f07a1000000,0x00007f07a1000000,0x00007f07d1000000)
  from space 131072K, 0% used [0x00007f07d1000000,0x00007f07d1000000,0x00007f07d9000000)
  to   space 131072K, 0% used [0x00007f07d9000000,0x00007f07d9000000,0x00007f07e1000000)
 ParOldGen       total 2097152K, used 1680K [0x00007f0721000000, 0x00007f07a1000000, 0x00007f07a1000000)
  object space 2097152K, 0% used [0x00007f0721000000,0x00007f07211a4358,0x00007f07a1000000)
 Metaspace       used 7405K, committed 7488K, reserved 8192K
}
Event: 2,806 GC heap after
{Heap after GC invocations=6 (full 3):
 PSYoungGen      total 917504K, used 0K [0x00007f07a1000000, 0x00007f07e1000000, 0x00007f07e1000000)
  eden space 786432K, 0% used [0x00007f07a1000000,0x00007f07a1000000,0x00007f07d1000000)
  from space 131072K, 0% used [0x00007f07d1000000,0x00007f07d1000000,0x00007f07d9000000)
  to   space 131072K, 0% used [0x00007f07d9000000,0x00007f07d9000000,0x00007f07e1000000)
 ParOldGen       total 2097152K, used 1563K [0x00007f0721000000, 0x00007f07a1000000, 0x00007f07a1000000)
  object space 2097152K, 0% used [0x00007f0721000000,0x00007f0721186ee8,0x00007f07a1000000)
 Metaspace       used 7405K, committed 7488K, reserved 8192K
}
Event: 2,809 GC heap before
{Heap before GC invocations=7 (full 3):
 PSYoungGen      total 917504K, used 15728K [0x00007f07a1000000, 0x00007f07e1000000, 0x00007f07e1000000)
  eden space 786432K, 2% used [0x00007f07a1000000,0x00007f07a1f5c2c8,0x00007f07d1000000)
  from space 131072K, 0% used [0x00007f07d1000000,0x00007f07d1000000,0x00007f07d9000000)
  to   space 131072K, 0% used [0x00007f07d9000000,0x00007f07d9000000,0x00007f07e1000000)
 ParOldGen       total 2097152K, used 1563K [0x00007f0721000000, 0x00007f07a1000000, 0x00007f07a1000000)
  object space 2097152K, 0% used [0x00007f0721000000,0x00007f0721186ee8,0x00007f07a1000000)
 Metaspace       used 7405K, committed 7488K, reserved 8192K
}
Event: 2,812 GC heap after
{Heap after GC invocations=7 (full 3):
 PSYoungGen      total 917504K, used 0K [0x00007f07a1000000, 0x00007f07e1000000, 0x00007f07e1000000)
  eden space 786432K, 0% used [0x00007f07a1000000,0x00007f07a1000000,0x00007f07d1000000)
  from space 131072K, 0% used [0x00007f07d9000000,0x00007f07d9000000,0x00007f07e1000000)
  to   space 131072K, 0% used [0x00007f07d1000000,0x00007f07d1000000,0x00007f07d9000000)
 ParOldGen       total 2097152K, used 1563K [0x00007f0721000000, 0x00007f07a1000000, 0x00007f07a1000000)
  object space 2097152K, 0% used [0x00007f0721000000,0x00007f0721186ee8,0x00007f07a1000000)
 Metaspace       used 7405K, committed 7488K, reserved 8192K
}
Event: 2,812 GC heap before
{Heap before GC invocations=8 (full 4):
 PSYoungGen      total 917504K, used 0K [0x00007f07a1000000, 0x00007f07e1000000, 0x00007f07e1000000)
  eden space 786432K, 0% used [0x00007f07a1000000,0x00007f07a1000000,0x00007f07d1000000)
  from space 131072K, 0% used [0x00007f07d9000000,0x00007f07d9000000,0x00007f07e1000000)
  to   space 131072K, 0% used [0x00007f07d1000000,0x00007f07d1000000,0x00007f07d9000000)
 ParOldGen       total 2097152K, used 1563K [0x00007f0721000000, 0x00007f07a1000000, 0x00007f07a1000000)
  object space 2097152K, 0% used [0x00007f0721000000,0x00007f0721186ee8,0x00007f07a1000000)
 Metaspace       used 7405K, committed 7488K, reserved 8192K
}
Event: 3,089 GC heap after
{Heap after GC invocations=8 (full 4):
 PSYoungGen      total 917504K, used 0K [0x00007f07a1000000, 0x00007f07e1000000, 0x00007f07e1000000)
  eden space 786432K, 0% used [0x00007f07a1000000,0x00007f07a1000000,0x00007f07d1000000)
  from space 131072K, 0% used [0x00007f07d9000000,0x00007f07d9000000,0x00007f07e1000000)
  to   space 131072K, 0% used [0x00007f07d1000000,0x00007f07d1000000,0x00007f07d9000000)
 ParOldGen       total 2097152K, used 1797K [0x00007f0721000000, 0x00007f07a1000000, 0x00007f07a1000000)
  object space 2097152K, 0% used [0x00007f0721000000,0x00007f07211c17c8,0x00007f07a1000000)
 Metaspace       used 7405K, committed 7488K, reserved 8192K
}
Event: 3,092 GC heap before
{Heap before GC invocations=9 (full 4):
 PSYoungGen      total 917504K, used 15728K [0x00007f07a1000000, 0x00007f07e1000000, 0x00007f07e1000000)
  eden space 786432K, 2% used [0x00007f07a1000000,0x00007f07a1f5c2c8,0x00007f07d1000000)
  from space 131072K, 0% used [0x00007f07d9000000,0x00007f07d9000000,0x00007f07e1000000)
  to   space 131072K, 0% used [0x00007f07d1000000,0x00007f07d1000000,0x00007f07d9000000)
 ParOldGen       total 2097152K, used 1797K [0x00007f0721000000, 0x00007f07a1000000, 0x00007f07a1000000)
  object space 2097152K, 0% used [0x00007f0721000000,0x00007f07211c17c8,0x00007f07a1000000)
 Metaspace       used 7405K, committed 7488K, reserved 8192K
}
Event: 3,096 GC heap after
{Heap after GC invocations=9 (full 4):
 PSYoungGen      total 917504K, used 149K [0x00007f07a1000000, 0x00007f07e1000000, 0x00007f07e1000000)
  eden space 786432K, 0% used [0x00007f07a1000000,0x00007f07a1000000,0x00007f07d1000000)
  from space 131072K, 0% used [0x00007f07d1000000,0x00007f07d10256e0,0x00007f07d9000000)
  to   space 131072K, 0% used [0x00007f07d9000000,0x00007f07d9000000,0x00007f07e1000000)
 ParOldGen       total 2097152K, used 1797K [0x00007f0721000000, 0x00007f07a1000000, 0x00007f07a1000000)
  object space 2097152K, 0% used [0x00007f0721000000,0x00007f07211c17c8,0x00007f07a1000000)
 Metaspace       used 7405K, committed 7488K, reserved 8192K
}
Event: 3,096 GC heap before
{Heap before GC invocations=10 (full 5):
 PSYoungGen      total 917504K, used 149K [0x00007f07a1000000, 0x00007f07e1000000, 0x00007f07e1000000)
  eden space 786432K, 0% used [0x00007f07a1000000,0x00007f07a1000000,0x00007f07d1000000)
  from space 131072K, 0% used [0x00007f07d1000000,0x00007f07d10256e0,0x00007f07d9000000)
  to   space 131072K, 0% used [0x00007f07d9000000,0x00007f07d9000000,0x00007f07e1000000)
 ParOldGen       total 2097152K, used 1797K [0x00007f0721000000, 0x00007f07a1000000, 0x00007f07a1000000)
  object space 2097152K, 0% used [0x00007f0721000000,0x00007f07211c17c8,0x00007f07a1000000)
 Metaspace       used 7405K, committed 7488K, reserved 8192K
}
Event: 3,132 GC heap after
{Heap after GC invocations=10 (full 5):
 PSYoungGen      total 917504K, used 0K [0x00007f07a1000000, 0x00007f07e1000000, 0x00007f07e1000000)
  eden space 786432K, 0% used [0x00007f07a1000000,0x00007f07a1000000,0x00007f07d1000000)
  from space 131072K, 0% used [0x00007f07d1000000,0x00007f07d1000000,0x00007f07d9000000)
  to   space 131072K, 0% used [0x00007f07d9000000,0x00007f07d9000000,0x00007f07e1000000)
 ParOldGen       total 2097152K, used 1582K [0x00007f0721000000, 0x00007f07a1000000, 0x00007f07a1000000)
  object space 2097152K, 0% used [0x00007f0721000000,0x00007f072118b900,0x00007f07a1000000)
 Metaspace       used 7405K, committed 7488K, reserved 8192K
}
Event: 3,134 GC heap before
{Heap before GC invocations=11 (full 5):
 PSYoungGen      total 917504K, used 15728K [0x00007f07a1000000, 0x00007f07e1000000, 0x00007f07e1000000)
  eden space 786432K, 2% used [0x00007f07a1000000,0x00007f07a1f5c2c8,0x00007f07d1000000)
  from space 131072K, 0% used [0x00007f07d1000000,0x00007f07d1000000,0x00007f07d9000000)
  to   space 131072K, 0% used [0x00007f07d9000000,0x00007f07d9000000,0x00007f07e1000000)
 ParOldGen       total 2097152K, used 1582K [0x00007f0721000000, 0x00007f07a1000000, 0x00007f07a1000000)
  object space 2097152K, 0% used [0x00007f0721000000,0x00007f072118b900,0x00007f07a1000000)
 Metaspace       used 7405K, committed 7488K, reserved 8192K
}
Event: 3,138 GC heap after
{Heap after GC invocations=11 (full 5):
 PSYoungGen      total 917504K, used 32K [0x00007f07a1000000, 0x00007f07e1000000, 0x00007f07e1000000)
  eden space 786432K, 0% used [0x00007f07a1000000,0x00007f07a1000000,0x00007f07d1000000)
  from space 131072K, 0% used [0x00007f07d9000000,0x00007f07d9008000,0x00007f07e1000000)
  to   space 131072K, 0% used [0x00007f07d1000000,0x00007f07d1000000,0x00007f07d9000000)
 ParOldGen       total 2097152K, used 1582K [0x00007f0721000000, 0x00007f07a1000000, 0x00007f07a1000000)
  object space 2097152K, 0% used [0x00007f0721000000,0x00007f072118b900,0x00007f07a1000000)
 Metaspace       used 7405K, committed 7488K, reserved 8192K
}
Event: 3,138 GC heap before
{Heap before GC invocations=12 (full 6):
 PSYoungGen      total 917504K, used 32K [0x00007f07a1000000, 0x00007f07e1000000, 0x00007f07e1000000)
  eden space 786432K, 0% used [0x00007f07a1000000,0x00007f07a1000000,0x00007f07d1000000)
  from space 131072K, 0% used [0x00007f07d9000000,0x00007f07d9008000,0x00007f07e1000000)
  to   space 131072K, 0% used [0x00007f07d1000000,0x00007f07d1000000,0x00007f07d9000000)
 ParOldGen       total 2097152K, used 1582K [0x00007f0721000000, 0x00007f07a1000000, 0x00007f07a1000000)
  object space 2097152K, 0% used [0x00007f0721000000,0x00007f072118b900,0x00007f07a1000000)
 Metaspace       used 7405K, committed 7488K, reserved 8192K
}

