# JRE version: OpenJDK Runtime Environment (17.0.6) (build 17.0.6-internal+0-adhoc.konstdelis.jdk17u067)
# Java VM: OpenJDK 64-Bit Server VM (17.0.6-internal+0-adhoc.konstdelis.jdk17u067, mixed mode, tiered, parallel gc, linux-amd64)
GC Precious Log:
 CPUs: 32 total, 32 available
 Memory: 251G
 Large Page Support: Disabled
 NUMA Support: Disabled
 Compressed Oops: Disabled
 Alignments: Space 512K, Generation 512K, Heap 2M
 Heap Min Capacity: 1G
 Heap Initial Capacity: 1G
 Heap Max Capacity: 1G
 Pre-touch: Disabled
 Parallel Workers: 1
Heap:
 PSYoungGen      total 305664K, used 43520K [0x00007ef92f100000, 0x00007ef944600000, 0x00007ef944600000)
  eden space 262144K, 0% used [0x00007ef92f100000,0x00007ef92f100000,0x00007ef93f100000)
  from space 43520K, 100% used [0x00007ef941b80000,0x00007ef944600000,0x00007ef944600000)
  to   space 43520K, 0% used [0x00007ef93f100000,0x00007ef93f100000,0x00007ef941b80000)
 ParOldGen       total 699392K, used 539693K [0x00007ef904600000, 0x00007ef92f100000, 0x00007ef92f100000)
  object space 699392K, 77% used [0x00007ef904600000,0x00007ef92550b538,0x00007ef92f100000)
 Metaspace       used 6444K, committed 6528K, reserved 8192K
GC Heap History (20 events):
Event: 1,636 GC heap after
{Heap after GC invocations=2 (full 1):
 PSYoungGen      total 305664K, used 0K [0x00007ef92f100000, 0x00007ef944600000, 0x00007ef944600000)
  eden space 262144K, 0% used [0x00007ef92f100000,0x00007ef92f100000,0x00007ef93f100000)
  from space 43520K, 0% used [0x00007ef93f100000,0x00007ef93f100000,0x00007ef941b80000)
  to   space 43520K, 0% used [0x00007ef941b80000,0x00007ef941b80000,0x00007ef944600000)
 ParOldGen       total 699392K, used 158293K [0x00007ef904600000, 0x00007ef92f100000, 0x00007ef92f100000)
  object space 699392K, 22% used [0x00007ef904600000,0x00007ef90e095408,0x00007ef92f100000)
 Metaspace       used 6444K, committed 6528K, reserved 8192K
}
Event: 1,873 GC heap before
{Heap before GC invocations=3 (full 1):
 PSYoungGen      total 305664K, used 197666K [0x00007ef92f100000, 0x00007ef944600000, 0x00007ef944600000)
  eden space 262144K, 75% used [0x00007ef92f100000,0x00007ef93b208a58,0x00007ef93f100000)
  from space 43520K, 0% used [0x00007ef93f100000,0x00007ef93f100000,0x00007ef941b80000)
  to   space 43520K, 0% used [0x00007ef941b80000,0x00007ef941b80000,0x00007ef944600000)
 ParOldGen       total 699392K, used 158293K [0x00007ef904600000, 0x00007ef92f100000, 0x00007ef92f100000)
  object space 699392K, 22% used [0x00007ef904600000,0x00007ef90e095408,0x00007ef92f100000)
 Metaspace       used 6444K, committed 6528K, reserved 8192K
}
Event: 2,198 GC heap after
{Heap after GC invocations=3 (full 1):
 PSYoungGen      total 305664K, used 43520K [0x00007ef92f100000, 0x00007ef944600000, 0x00007ef944600000)
  eden space 262144K, 0% used [0x00007ef92f100000,0x00007ef92f100000,0x00007ef93f100000)
  from space 43520K, 100% used [0x00007ef941b80000,0x00007ef944600000,0x00007ef944600000)
  to   space 43520K, 0% used [0x00007ef93f100000,0x00007ef93f100000,0x00007ef941b80000)
 ParOldGen       total 699392K, used 310669K [0x00007ef904600000, 0x00007ef92f100000, 0x00007ef92f100000)
  object space 699392K, 44% used [0x00007ef904600000,0x00007ef917563428,0x00007ef92f100000)
 Metaspace       used 6444K, committed 6528K, reserved 8192K
}
Event: 2,198 GC heap before
{Heap before GC invocations=4 (full 2):
 PSYoungGen      total 305664K, used 43520K [0x00007ef92f100000, 0x00007ef944600000, 0x00007ef944600000)
  eden space 262144K, 0% used [0x00007ef92f100000,0x00007ef92f100000,0x00007ef93f100000)
  from space 43520K, 100% used [0x00007ef941b80000,0x00007ef944600000,0x00007ef944600000)
  to   space 43520K, 0% used [0x00007ef93f100000,0x00007ef93f100000,0x00007ef941b80000)
 ParOldGen       total 699392K, used 310669K [0x00007ef904600000, 0x00007ef92f100000, 0x00007ef92f100000)
  object space 699392K, 44% used [0x00007ef904600000,0x00007ef917563428,0x00007ef92f100000)
 Metaspace       used 6444K, committed 6528K, reserved 8192K
}
Event: 4,079 GC heap after
{Heap after GC invocations=4 (full 2):
 PSYoungGen      total 305664K, used 0K [0x00007ef92f100000, 0x00007ef944600000, 0x00007ef944600000)
  eden space 262144K, 0% used [0x00007ef92f100000,0x00007ef92f100000,0x00007ef93f100000)
  from space 43520K, 0% used [0x00007ef941b80000,0x00007ef941b80000,0x00007ef944600000)
  to   space 43520K, 0% used [0x00007ef93f100000,0x00007ef93f100000,0x00007ef941b80000)
 ParOldGen       total 699392K, used 221536K [0x00007ef904600000, 0x00007ef92f100000, 0x00007ef92f100000)
  object space 699392K, 31% used [0x00007ef904600000,0x00007ef911e582b8,0x00007ef92f100000)
 Metaspace       used 6444K, committed 6528K, reserved 8192K
}
Event: 4,171 GC heap before
{Heap before GC invocations=5 (full 2):
 PSYoungGen      total 305664K, used 15109K [0x00007ef92f100000, 0x00007ef944600000, 0x00007ef944600000)
  eden space 262144K, 5% used [0x00007ef92f100000,0x00007ef92ffc15a0,0x00007ef93f100000)
  from space 43520K, 0% used [0x00007ef941b80000,0x00007ef941b80000,0x00007ef944600000)
  to   space 43520K, 0% used [0x00007ef93f100000,0x00007ef93f100000,0x00007ef941b80000)
 ParOldGen       total 699392K, used 221536K [0x00007ef904600000, 0x00007ef92f100000, 0x00007ef92f100000)
  object space 699392K, 31% used [0x00007ef904600000,0x00007ef911e582b8,0x00007ef92f100000)
 Metaspace       used 6444K, committed 6528K, reserved 8192K
}
Event: 4,172 GC heap after
{Heap after GC invocations=5 (full 2):
 PSYoungGen      total 305664K, used 32K [0x00007ef92f100000, 0x00007ef944600000, 0x00007ef944600000)
  eden space 262144K, 0% used [0x00007ef92f100000,0x00007ef92f100000,0x00007ef93f100000)
  from space 43520K, 0% used [0x00007ef93f100000,0x00007ef93f108000,0x00007ef941b80000)
  to   space 43520K, 0% used [0x00007ef941b80000,0x00007ef941b80000,0x00007ef944600000)
 ParOldGen       total 699392K, used 221536K [0x00007ef904600000, 0x00007ef92f100000, 0x00007ef92f100000)
  object space 699392K, 31% used [0x00007ef904600000,0x00007ef911e582b8,0x00007ef92f100000)
 Metaspace       used 6444K, committed 6528K, reserved 8192K
}
Event: 4,172 GC heap before
{Heap before GC invocations=6 (full 3):
 PSYoungGen      total 305664K, used 32K [0x00007ef92f100000, 0x00007ef944600000, 0x00007ef944600000)
  eden space 262144K, 0% used [0x00007ef92f100000,0x00007ef92f100000,0x00007ef93f100000)
  from space 43520K, 0% used [0x00007ef93f100000,0x00007ef93f108000,0x00007ef941b80000)
  to   space 43520K, 0% used [0x00007ef941b80000,0x00007ef941b80000,0x00007ef944600000)
 ParOldGen       total 699392K, used 221536K [0x00007ef904600000, 0x00007ef92f100000, 0x00007ef92f100000)
  object space 699392K, 31% used [0x00007ef904600000,0x00007ef911e582b8,0x00007ef92f100000)
 Metaspace       used 6444K, committed 6528K, reserved 8192K
}
Event: 5,149 GC heap after
{Heap after GC invocations=6 (full 3):
 PSYoungGen      total 305664K, used 0K [0x00007ef92f100000, 0x00007ef944600000, 0x00007ef944600000)
  eden space 262144K, 0% used [0x00007ef92f100000,0x00007ef92f100000,0x00007ef93f100000)
  from space 43520K, 0% used [0x00007ef93f100000,0x00007ef93f100000,0x00007ef941b80000)
  to   space 43520K, 0% used [0x00007ef941b80000,0x00007ef941b80000,0x00007ef944600000)
 ParOldGen       total 699392K, used 323025K [0x00007ef904600000, 0x00007ef92f100000, 0x00007ef92f100000)
  object space 699392K, 46% used [0x00007ef904600000,0x00007ef9181744f8,0x00007ef92f100000)
 Metaspace       used 6444K, committed 6528K, reserved 8192K
}
Event: 5,293 GC heap before
{Heap before GC invocations=7 (full 3):
 PSYoungGen      total 305664K, used 151094K [0x00007ef92f100000, 0x00007ef944600000, 0x00007ef944600000)
  eden space 262144K, 57% used [0x00007ef92f100000,0x00007ef93848d850,0x00007ef93f100000)
  from space 43520K, 0% used [0x00007ef93f100000,0x00007ef93f100000,0x00007ef941b80000)
  to   space 43520K, 0% used [0x00007ef941b80000,0x00007ef941b80000,0x00007ef944600000)
 ParOldGen       total 699392K, used 323025K [0x00007ef904600000, 0x00007ef92f100000, 0x00007ef92f100000)
  object space 699392K, 46% used [0x00007ef904600000,0x00007ef9181744f8,0x00007ef92f100000)
 Metaspace       used 6444K, committed 6528K, reserved 8192K
}
Event: 5,522 GC heap after
{Heap after GC invocations=7 (full 3):
 PSYoungGen      total 305664K, used 43520K [0x00007ef92f100000, 0x00007ef944600000, 0x00007ef944600000)
  eden space 262144K, 0% used [0x00007ef92f100000,0x00007ef92f100000,0x00007ef93f100000)
  from space 43520K, 100% used [0x00007ef941b80000,0x00007ef944600000,0x00007ef944600000)
  to   space 43520K, 0% used [0x00007ef93f100000,0x00007ef93f100000,0x00007ef941b80000)
 ParOldGen       total 699392K, used 428769K [0x00007ef904600000, 0x00007ef92f100000, 0x00007ef92f100000)
  object space 699392K, 61% used [0x00007ef904600000,0x00007ef91e8b84f8,0x00007ef92f100000)
 Metaspace       used 6444K, committed 6528K, reserved 8192K
}
Event: 5,522 GC heap before
{Heap before GC invocations=8 (full 4):
 PSYoungGen      total 305664K, used 43520K [0x00007ef92f100000, 0x00007ef944600000, 0x00007ef944600000)
  eden space 262144K, 0% used [0x00007ef92f100000,0x00007ef92f100000,0x00007ef93f100000)
  from space 43520K, 100% used [0x00007ef941b80000,0x00007ef944600000,0x00007ef944600000)
  to   space 43520K, 0% used [0x00007ef93f100000,0x00007ef93f100000,0x00007ef941b80000)
 ParOldGen       total 699392K, used 428769K [0x00007ef904600000, 0x00007ef92f100000, 0x00007ef92f100000)
  object space 699392K, 61% used [0x00007ef904600000,0x00007ef91e8b84f8,0x00007ef92f100000)
 Metaspace       used 6444K, committed 6528K, reserved 8192K
}
Event: 8,115 GC heap after
{Heap after GC invocations=8 (full 4):
 PSYoungGen      total 305664K, used 0K [0x00007ef92f100000, 0x00007ef944600000, 0x00007ef944600000)
  eden space 262144K, 0% used [0x00007ef92f100000,0x00007ef92f100000,0x00007ef93f100000)
  from space 43520K, 0% used [0x00007ef941b80000,0x00007ef941b80000,0x00007ef944600000)
  to   space 43520K, 0% used [0x00007ef93f100000,0x00007ef93f100000,0x00007ef941b80000)
 ParOldGen       total 699392K, used 315287K [0x00007ef904600000, 0x00007ef92f100000, 0x00007ef92f100000)
  object space 699392K, 45% used [0x00007ef904600000,0x00007ef9179e5c00,0x00007ef92f100000)
 Metaspace       used 6444K, committed 6528K, reserved 8192K
}
Event: 8,416 GC heap before
{Heap before GC invocations=9 (full 4):
 PSYoungGen      total 305664K, used 237146K [0x00007ef92f100000, 0x00007ef944600000, 0x00007ef944600000)
  eden space 262144K, 90% used [0x00007ef92f100000,0x00007ef93d8968f0,0x00007ef93f100000)
  from space 43520K, 0% used [0x00007ef941b80000,0x00007ef941b80000,0x00007ef944600000)
  to   space 43520K, 0% used [0x00007ef93f100000,0x00007ef93f100000,0x00007ef941b80000)
 ParOldGen       total 699392K, used 315287K [0x00007ef904600000, 0x00007ef92f100000, 0x00007ef92f100000)
  object space 699392K, 45% used [0x00007ef904600000,0x00007ef9179e5c00,0x00007ef92f100000)
 Metaspace       used 6444K, committed 6528K, reserved 8192K
}
Event: 8,790 GC heap after
{Heap after GC invocations=9 (full 4):
 PSYoungGen      total 305664K, used 43520K [0x00007ef92f100000, 0x00007ef944600000, 0x00007ef944600000)
  eden space 262144K, 0% used [0x00007ef92f100000,0x00007ef92f100000,0x00007ef93f100000)
  from space 43520K, 100% used [0x00007ef93f100000,0x00007ef941b80000,0x00007ef941b80000)
  to   space 43520K, 0% used [0x00007ef941b80000,0x00007ef941b80000,0x00007ef944600000)
 ParOldGen       total 699392K, used 509375K [0x00007ef904600000, 0x00007ef92f100000, 0x00007ef92f100000)
  object space 699392K, 72% used [0x00007ef904600000,0x00007ef92376fc20,0x00007ef92f100000)
 Metaspace       used 6444K, committed 6528K, reserved 8192K
}
Event: 8,790 GC heap before
{Heap before GC invocations=10 (full 5):
 PSYoungGen      total 305664K, used 43520K [0x00007ef92f100000, 0x00007ef944600000, 0x00007ef944600000)
  eden space 262144K, 0% used [0x00007ef92f100000,0x00007ef92f100000,0x00007ef93f100000)
  from space 43520K, 100% used [0x00007ef93f100000,0x00007ef941b80000,0x00007ef941b80000)
  to   space 43520K, 0% used [0x00007ef941b80000,0x00007ef941b80000,0x00007ef944600000)
 ParOldGen       total 699392K, used 509375K [0x00007ef904600000, 0x00007ef92f100000, 0x00007ef92f100000)
  object space 699392K, 72% used [0x00007ef904600000,0x00007ef92376fc20,0x00007ef92f100000)
 Metaspace       used 6444K, committed 6528K, reserved 8192K
}
Event: 11,368 GC heap after
{Heap after GC invocations=10 (full 5):
 PSYoungGen      total 305664K, used 0K [0x00007ef92f100000, 0x00007ef944600000, 0x00007ef944600000)
  eden space 262144K, 0% used [0x00007ef92f100000,0x00007ef92f100000,0x00007ef93f100000)
  from space 43520K, 0% used [0x00007ef93f100000,0x00007ef93f100000,0x00007ef941b80000)
  to   space 43520K, 0% used [0x00007ef941b80000,0x00007ef941b80000,0x00007ef944600000)
 ParOldGen       total 699392K, used 441805K [0x00007ef904600000, 0x00007ef92f100000, 0x00007ef92f100000)
  object space 699392K, 63% used [0x00007ef904600000,0x00007ef91f573538,0x00007ef92f100000)
 Metaspace       used 6444K, committed 6528K, reserved 8192K
}
Event: 11,650 GC heap before
{Heap before GC invocations=11 (full 5):
 PSYoungGen      total 305664K, used 152297K [0x00007ef92f100000, 0x00007ef944600000, 0x00007ef944600000)
  eden space 262144K, 58% used [0x00007ef92f100000,0x00007ef9385ba758,0x00007ef93f100000)
  from space 43520K, 0% used [0x00007ef93f100000,0x00007ef93f100000,0x00007ef941b80000)
  to   space 43520K, 0% used [0x00007ef941b80000,0x00007ef941b80000,0x00007ef944600000)
 ParOldGen       total 699392K, used 441805K [0x00007ef904600000, 0x00007ef92f100000, 0x00007ef92f100000)
  object space 699392K, 63% used [0x00007ef904600000,0x00007ef91f573538,0x00007ef92f100000)
 Metaspace       used 6444K, committed 6528K, reserved 8192K
}
Event: 11,880 GC heap after
{Heap after GC invocations=11 (full 5):
 PSYoungGen      total 305664K, used 43520K [0x00007ef92f100000, 0x00007ef944600000, 0x00007ef944600000)
  eden space 262144K, 0% used [0x00007ef92f100000,0x00007ef92f100000,0x00007ef93f100000)
  from space 43520K, 100% used [0x00007ef941b80000,0x00007ef944600000,0x00007ef944600000)
  to   space 43520K, 0% used [0x00007ef93f100000,0x00007ef93f100000,0x00007ef941b80000)
 ParOldGen       total 699392K, used 539693K [0x00007ef904600000, 0x00007ef92f100000, 0x00007ef92f100000)
  object space 699392K, 77% used [0x00007ef904600000,0x00007ef92550b538,0x00007ef92f100000)
 Metaspace       used 6444K, committed 6528K, reserved 8192K
}
Event: 11,880 GC heap before
{Heap before GC invocations=12 (full 6):
 PSYoungGen      total 305664K, used 43520K [0x00007ef92f100000, 0x00007ef944600000, 0x00007ef944600000)
  eden space 262144K, 0% used [0x00007ef92f100000,0x00007ef92f100000,0x00007ef93f100000)
  from space 43520K, 100% used [0x00007ef941b80000,0x00007ef944600000,0x00007ef944600000)
  to   space 43520K, 0% used [0x00007ef93f100000,0x00007ef93f100000,0x00007ef941b80000)
 ParOldGen       total 699392K, used 539693K [0x00007ef904600000, 0x00007ef92f100000, 0x00007ef92f100000)
  object space 699392K, 77% used [0x00007ef904600000,0x00007ef92550b538,0x00007ef92f100000)
 Metaspace       used 6444K, committed 6528K, reserved 8192K
}

