# JRE version: OpenJDK Runtime Environment (17.0.6) (fastdebug build 17.0.6-internal+0-adhoc.konstdelis.jdk17u067)
# Java VM: OpenJDK 64-Bit Server VM (fastdebug 17.0.6-internal+0-adhoc.konstdelis.jdk17u067, mixed mode, tiered, parallel gc, linux-amd64)
GC Precious Log:
 CPUs: 32 total, 32 available
 Memory: 251G
 Large Page Support: Disabled
 NUMA Support: Disabled
 Compressed Oops: Disabled
 Alignments: Space 512K, Generation 512K, Heap 2M
 Heap Min Capacity: 3G
 Heap Initial Capacity: 3G
 Heap Max Capacity: 3G
 Pre-touch: Disabled
 Parallel Workers: 1
Heap:
 PSYoungGen      total 917504K, used 0K [0x00007f3094600000, 0x00007f30d4600000, 0x00007f30d4600000)
  eden space 786432K, 0% used [0x00007f3094600000,0x00007f3094600000,0x00007f30c4600000)
  from space 131072K, 0% used [0x00007f30cc600000,0x00007f30cc600000,0x00007f30d4600000)
  to   space 131072K, 0% used [0x00007f30c4600000,0x00007f30c4600000,0x00007f30cc600000)
 ParOldGen       total 2097152K, used 1440K [0x00007f3014600000, 0x00007f3094600000, 0x00007f3094600000)
  object space 2097152K, 0% used [0x00007f3014600000,0x00007f30147681f0,0x00007f3094600000)
 Metaspace       used 7394K, committed 7488K, reserved 8192K
GC Heap History (15 events):
Event: 2,858 GC heap before
{Heap before GC invocations=1 (full 0):
 PSYoungGen      total 917504K, used 786432K [0x00007f3094600000, 0x00007f30d4600000, 0x00007f30d4600000)
  eden space 786432K, 100% used [0x00007f3094600000,0x00007f30c4600000,0x00007f30c4600000)
  from space 131072K, 0% used [0x00007f30cc600000,0x00007f30cc600000,0x00007f30d4600000)
  to   space 131072K, 0% used [0x00007f30c4600000,0x00007f30c4600000,0x00007f30cc600000)
 ParOldGen       total 2097152K, used 0K [0x00007f3014600000, 0x00007f3094600000, 0x00007f3094600000)
  object space 2097152K, 0% used [0x00007f3014600000,0x00007f3014600000,0x00007f3094600000)
 Metaspace       used 7360K, committed 7488K, reserved 8192K
}
Event: 6,557 GC heap after
{Heap after GC invocations=1 (full 0):
 PSYoungGen      total 917504K, used 131049K [0x00007f3094600000, 0x00007f30d4600000, 0x00007f30d4600000)
  eden space 786432K, 0% used [0x00007f3094600000,0x00007f3094600000,0x00007f30c4600000)
  from space 131072K, 99% used [0x00007f30c4600000,0x00007f30cc5fa5e0,0x00007f30cc600000)
  to   space 131072K, 0% used [0x00007f30cc600000,0x00007f30cc600000,0x00007f30d4600000)
 ParOldGen       total 2097152K, used 474808K [0x00007f3014600000, 0x00007f3094600000, 0x00007f3094600000)
  object space 2097152K, 22% used [0x00007f3014600000,0x00007f30315ae000,0x00007f3094600000)
 Metaspace       used 7360K, committed 7488K, reserved 8192K
}
Event: 6,941 GC heap before
{Heap before GC invocations=2 (full 0):
 PSYoungGen      total 917504K, used 917481K [0x00007f3094600000, 0x00007f30d4600000, 0x00007f30d4600000)
  eden space 786432K, 100% used [0x00007f3094600000,0x00007f30c4600000,0x00007f30c4600000)
  from space 131072K, 99% used [0x00007f30c4600000,0x00007f30cc5fa5e0,0x00007f30cc600000)
  to   space 131072K, 0% used [0x00007f30cc600000,0x00007f30cc600000,0x00007f30d4600000)
 ParOldGen       total 2097152K, used 474808K [0x00007f3014600000, 0x00007f3094600000, 0x00007f3094600000)
  object space 2097152K, 22% used [0x00007f3014600000,0x00007f30315ae000,0x00007f3094600000)
 Metaspace       used 7360K, committed 7488K, reserved 8192K
}
Event: 11,542 GC heap after
{Heap after GC invocations=2 (full 0):
 PSYoungGen      total 917504K, used 131045K [0x00007f3094600000, 0x00007f30d4600000, 0x00007f30d4600000)
  eden space 786432K, 0% used [0x00007f3094600000,0x00007f3094600000,0x00007f30c4600000)
  from space 131072K, 99% used [0x00007f30cc600000,0x00007f30d45f9510,0x00007f30d4600000)
  to   space 131072K, 0% used [0x00007f30c4600000,0x00007f30c4600000,0x00007f30cc600000)
 ParOldGen       total 2097152K, used 1122716K [0x00007f3014600000, 0x00007f3094600000, 0x00007f3094600000)
  object space 2097152K, 53% used [0x00007f3014600000,0x00007f3058e671e8,0x00007f3094600000)
 Metaspace       used 7360K, committed 7488K, reserved 8192K
}
Event: 11,903 GC heap before
{Heap before GC invocations=3 (full 0):
 PSYoungGen      total 917504K, used 917477K [0x00007f3094600000, 0x00007f30d4600000, 0x00007f30d4600000)
  eden space 786432K, 100% used [0x00007f3094600000,0x00007f30c4600000,0x00007f30c4600000)
  from space 131072K, 99% used [0x00007f30cc600000,0x00007f30d45f9510,0x00007f30d4600000)
  to   space 131072K, 0% used [0x00007f30c4600000,0x00007f30c4600000,0x00007f30cc600000)
 ParOldGen       total 2097152K, used 1122716K [0x00007f3014600000, 0x00007f3094600000, 0x00007f3094600000)
  object space 2097152K, 53% used [0x00007f3014600000,0x00007f3058e671e8,0x00007f3094600000)
 Metaspace       used 7360K, committed 7488K, reserved 8192K
}
Event: 16,971 GC heap after
{Heap after GC invocations=3 (full 0):
 PSYoungGen      total 917504K, used 131070K [0x00007f3094600000, 0x00007f30d4600000, 0x00007f30d4600000)
  eden space 786432K, 0% used [0x00007f3094600000,0x00007f3094600000,0x00007f30c4600000)
  from space 131072K, 99% used [0x00007f30c4600000,0x00007f30cc5ff8e0,0x00007f30cc600000)
  to   space 131072K, 0% used [0x00007f30cc600000,0x00007f30cc600000,0x00007f30d4600000)
 ParOldGen       total 2097152K, used 1779673K [0x00007f3014600000, 0x00007f3094600000, 0x00007f3094600000)
  object space 2097152K, 84% used [0x00007f3014600000,0x00007f3080ff66f8,0x00007f3094600000)
 Metaspace       used 7360K, committed 7488K, reserved 8192K
}
Event: 16,971 GC heap before
{Heap before GC invocations=4 (full 1):
 PSYoungGen      total 917504K, used 131070K [0x00007f3094600000, 0x00007f30d4600000, 0x00007f30d4600000)
  eden space 786432K, 0% used [0x00007f3094600000,0x00007f3094600000,0x00007f30c4600000)
  from space 131072K, 99% used [0x00007f30c4600000,0x00007f30cc5ff8e0,0x00007f30cc600000)
  to   space 131072K, 0% used [0x00007f30cc600000,0x00007f30cc600000,0x00007f30d4600000)
 ParOldGen       total 2097152K, used 1779673K [0x00007f3014600000, 0x00007f3094600000, 0x00007f3094600000)
  object space 2097152K, 84% used [0x00007f3014600000,0x00007f3080ff66f8,0x00007f3094600000)
 Metaspace       used 7360K, committed 7488K, reserved 8192K
}
Event: 53,454 GC heap after
{Heap after GC invocations=4 (full 1):
 PSYoungGen      total 917504K, used 0K [0x00007f3094600000, 0x00007f30d4600000, 0x00007f30d4600000)
  eden space 786432K, 0% used [0x00007f3094600000,0x00007f3094600000,0x00007f30c4600000)
  from space 131072K, 0% used [0x00007f30cc600000,0x00007f30cc600000,0x00007f30d4600000)
  to   space 131072K, 0% used [0x00007f30c4600000,0x00007f30c4600000,0x00007f30cc600000)
 ParOldGen       total 2097152K, used 692617K [0x00007f3014600000, 0x00007f3094600000, 0x00007f3094600000)
  object space 2097152K, 33% used [0x00007f3014600000,0x00007f303ea62580,0x00007f3094600000)
 Metaspace       used 7360K, committed 7488K, reserved 8192K
}
Event: 55,179 GC heap before
{Heap before GC invocations=5 (full 1):
 PSYoungGen      total 917504K, used 440739K [0x00007f3094600000, 0x00007f30d4600000, 0x00007f30d4600000)
  eden space 786432K, 56% used [0x00007f3094600000,0x00007f30af468cd8,0x00007f30c4600000)
  from space 131072K, 0% used [0x00007f30cc600000,0x00007f30cc600000,0x00007f30d4600000)
  to   space 131072K, 0% used [0x00007f30c4600000,0x00007f30c4600000,0x00007f30cc600000)
 ParOldGen       total 2097152K, used 692617K [0x00007f3014600000, 0x00007f3094600000, 0x00007f3094600000)
  object space 2097152K, 33% used [0x00007f3014600000,0x00007f303ea62580,0x00007f3094600000)
 Metaspace       used 7389K, committed 7488K, reserved 8192K
}
Event: 58,448 GC heap after
{Heap after GC invocations=5 (full 1):
 PSYoungGen      total 917504K, used 131045K [0x00007f3094600000, 0x00007f30d4600000, 0x00007f30d4600000)
  eden space 786432K, 0% used [0x00007f3094600000,0x00007f3094600000,0x00007f30c4600000)
  from space 131072K, 99% used [0x00007f30c4600000,0x00007f30cc5f9510,0x00007f30cc600000)
  to   space 131072K, 0% used [0x00007f30cc600000,0x00007f30cc600000,0x00007f30d4600000)
 ParOldGen       total 2097152K, used 989297K [0x00007f3014600000, 0x00007f3094600000, 0x00007f3094600000)
  object space 2097152K, 47% used [0x00007f3014600000,0x00007f3050c1c580,0x00007f3094600000)
 Metaspace       used 7389K, committed 7488K, reserved 8192K
}
Event: 58,448 GC heap before
{Heap before GC invocations=6 (full 2):
 PSYoungGen      total 917504K, used 131045K [0x00007f3094600000, 0x00007f30d4600000, 0x00007f30d4600000)
  eden space 786432K, 0% used [0x00007f3094600000,0x00007f3094600000,0x00007f30c4600000)
  from space 131072K, 99% used [0x00007f30c4600000,0x00007f30cc5f9510,0x00007f30cc600000)
  to   space 131072K, 0% used [0x00007f30cc600000,0x00007f30cc600000,0x00007f30d4600000)
 ParOldGen       total 2097152K, used 989297K [0x00007f3014600000, 0x00007f3094600000, 0x00007f3094600000)
  object space 2097152K, 47% used [0x00007f3014600000,0x00007f3050c1c580,0x00007f3094600000)
 Metaspace       used 7389K, committed 7488K, reserved 8192K
}
Event: 86,452 GC heap after
{Heap after GC invocations=6 (full 2):
 PSYoungGen      total 917504K, used 0K [0x00007f3094600000, 0x00007f30d4600000, 0x00007f30d4600000)
  eden space 786432K, 0% used [0x00007f3094600000,0x00007f3094600000,0x00007f30c4600000)
  from space 131072K, 0% used [0x00007f30c4600000,0x00007f30c4600000,0x00007f30cc600000)
  to   space 131072K, 0% used [0x00007f30cc600000,0x00007f30cc600000,0x00007f30d4600000)
 ParOldGen       total 2097152K, used 1440K [0x00007f3014600000, 0x00007f3094600000, 0x00007f3094600000)
  object space 2097152K, 0% used [0x00007f3014600000,0x00007f30147681f0,0x00007f3094600000)
 Metaspace       used 7389K, committed 7488K, reserved 8192K
}
Event: 86,583 GC heap before
{Heap before GC invocations=7 (full 2):
 PSYoungGen      total 917504K, used 15264K [0x00007f3094600000, 0x00007f30d4600000, 0x00007f30d4600000)
  eden space 786432K, 1% used [0x00007f3094600000,0x00007f30954e8058,0x00007f30c4600000)
  from space 131072K, 0% used [0x00007f30c4600000,0x00007f30c4600000,0x00007f30cc600000)
  to   space 131072K, 0% used [0x00007f30cc600000,0x00007f30cc600000,0x00007f30d4600000)
 ParOldGen       total 2097152K, used 1440K [0x00007f3014600000, 0x00007f3094600000, 0x00007f3094600000)
  object space 2097152K, 0% used [0x00007f3014600000,0x00007f30147681f0,0x00007f3094600000)
 Metaspace       used 7394K, committed 7488K, reserved 8192K
}
Event: 86,600 GC heap after
{Heap after GC invocations=7 (full 2):
 PSYoungGen      total 917504K, used 0K [0x00007f3094600000, 0x00007f30d4600000, 0x00007f30d4600000)
  eden space 786432K, 0% used [0x00007f3094600000,0x00007f3094600000,0x00007f30c4600000)
  from space 131072K, 0% used [0x00007f30cc600000,0x00007f30cc600000,0x00007f30d4600000)
  to   space 131072K, 0% used [0x00007f30c4600000,0x00007f30c4600000,0x00007f30cc600000)
 ParOldGen       total 2097152K, used 1440K [0x00007f3014600000, 0x00007f3094600000, 0x00007f3094600000)
  object space 2097152K, 0% used [0x00007f3014600000,0x00007f30147681f0,0x00007f3094600000)
 Metaspace       used 7394K, committed 7488K, reserved 8192K
}
Event: 86,600 GC heap before
{Heap before GC invocations=8 (full 3):
 PSYoungGen      total 917504K, used 0K [0x00007f3094600000, 0x00007f30d4600000, 0x00007f30d4600000)
  eden space 786432K, 0% used [0x00007f3094600000,0x00007f3094600000,0x00007f30c4600000)
  from space 131072K, 0% used [0x00007f30cc600000,0x00007f30cc600000,0x00007f30d4600000)
  to   space 131072K, 0% used [0x00007f30c4600000,0x00007f30c4600000,0x00007f30cc600000)
 ParOldGen       total 2097152K, used 1440K [0x00007f3014600000, 0x00007f3094600000, 0x00007f3094600000)
  object space 2097152K, 0% used [0x00007f3014600000,0x00007f30147681f0,0x00007f3094600000)
 Metaspace       used 7394K, committed 7488K, reserved 8192K
}

