# JRE version: OpenJDK Runtime Environment (17.0.6) (fastdebug build 17.0.6-internal+0-adhoc.konstdelis.jdk17u067)
# Java VM: OpenJDK 64-Bit Server VM (fastdebug 17.0.6-internal+0-adhoc.konstdelis.jdk17u067, mixed mode, tiered, parallel gc, linux-amd64)
GC Precious Log:
 CPUs: 32 total, 32 available
 Memory: 251G
 Large Page Support: Disabled
 NUMA Support: Disabled
 Compressed Oops: Disabled
 Alignments: Space 512K, Generation 512K, Heap 2M
 Heap Min Capacity: 3G
 Heap Initial Capacity: 3G
 Heap Max Capacity: 3G
 Pre-touch: Disabled
 Parallel Workers: 1
Heap:
 PSYoungGen      total 917504K, used 0K [0x00007e69b1000000, 0x00007e69f1000000, 0x00007e69f1000000)
  eden space 786432K, 0% used [0x00007e69b1000000,0x00007e69b1000000,0x00007e69e1000000)
  from space 131072K, 0% used [0x00007e69e9000000,0x00007e69e9000000,0x00007e69f1000000)
  to   space 131072K, 0% used [0x00007e69e1000000,0x00007e69e1000000,0x00007e69e9000000)
 ParOldGen       total 2097152K, used 1568K [0x00007e6931000000, 0x00007e69b1000000, 0x00007e69b1000000)
  object space 2097152K, 0% used [0x00007e6931000000,0x00007e6931188368,0x00007e69b1000000)
 Metaspace       used 7405K, committed 7488K, reserved 8192K
GC Heap History (7 events):
Event: 2,537 GC heap before
{Heap before GC invocations=1 (full 0):
 PSYoungGen      total 917504K, used 94372K [0x00007e69b1000000, 0x00007e69f1000000, 0x00007e69f1000000)
  eden space 786432K, 12% used [0x00007e69b1000000,0x00007e69b6c291b0,0x00007e69e1000000)
  from space 131072K, 0% used [0x00007e69e9000000,0x00007e69e9000000,0x00007e69f1000000)
  to   space 131072K, 0% used [0x00007e69e1000000,0x00007e69e1000000,0x00007e69e9000000)
 ParOldGen       total 2097152K, used 0K [0x00007e6931000000, 0x00007e69b1000000, 0x00007e69b1000000)
  object space 2097152K, 0% used [0x00007e6931000000,0x00007e6931000000,0x00007e69b1000000)
 Metaspace       used 7405K, committed 7488K, reserved 8192K
}
Event: 2,569 GC heap after
{Heap after GC invocations=1 (full 0):
 PSYoungGen      total 917504K, used 1712K [0x00007e69b1000000, 0x00007e69f1000000, 0x00007e69f1000000)
  eden space 786432K, 0% used [0x00007e69b1000000,0x00007e69b1000000,0x00007e69e1000000)
  from space 131072K, 1% used [0x00007e69e1000000,0x00007e69e11ac020,0x00007e69e9000000)
  to   space 131072K, 0% used [0x00007e69e9000000,0x00007e69e9000000,0x00007e69f1000000)
 ParOldGen       total 2097152K, used 0K [0x00007e6931000000, 0x00007e69b1000000, 0x00007e69b1000000)
  object space 2097152K, 0% used [0x00007e6931000000,0x00007e6931000000,0x00007e69b1000000)
 Metaspace       used 7405K, committed 7488K, reserved 8192K
}
Event: 2,570 GC heap before
{Heap before GC invocations=2 (full 1):
 PSYoungGen      total 917504K, used 1712K [0x00007e69b1000000, 0x00007e69f1000000, 0x00007e69f1000000)
  eden space 786432K, 0% used [0x00007e69b1000000,0x00007e69b1000000,0x00007e69e1000000)
  from space 131072K, 1% used [0x00007e69e1000000,0x00007e69e11ac020,0x00007e69e9000000)
  to   space 131072K, 0% used [0x00007e69e9000000,0x00007e69e9000000,0x00007e69f1000000)
 ParOldGen       total 2097152K, used 0K [0x00007e6931000000, 0x00007e69b1000000, 0x00007e69b1000000)
  object space 2097152K, 0% used [0x00007e6931000000,0x00007e6931000000,0x00007e69b1000000)
 Metaspace       used 7405K, committed 7488K, reserved 8192K
}
Event: 2,617 GC heap after
{Heap after GC invocations=2 (full 1):
 PSYoungGen      total 917504K, used 0K [0x00007e69b1000000, 0x00007e69f1000000, 0x00007e69f1000000)
  eden space 786432K, 0% used [0x00007e69b1000000,0x00007e69b1000000,0x00007e69e1000000)
  from space 131072K, 0% used [0x00007e69e1000000,0x00007e69e1000000,0x00007e69e9000000)
  to   space 131072K, 0% used [0x00007e69e9000000,0x00007e69e9000000,0x00007e69f1000000)
 ParOldGen       total 2097152K, used 1568K [0x00007e6931000000, 0x00007e69b1000000, 0x00007e69b1000000)
  object space 2097152K, 0% used [0x00007e6931000000,0x00007e6931188368,0x00007e69b1000000)
 Metaspace       used 7405K, committed 7488K, reserved 8192K
}
Event: 2,619 GC heap before
{Heap before GC invocations=3 (full 1):
 PSYoungGen      total 917504K, used 15728K [0x00007e69b1000000, 0x00007e69f1000000, 0x00007e69f1000000)
  eden space 786432K, 2% used [0x00007e69b1000000,0x00007e69b1f5c2c8,0x00007e69e1000000)
  from space 131072K, 0% used [0x00007e69e1000000,0x00007e69e1000000,0x00007e69e9000000)
  to   space 131072K, 0% used [0x00007e69e9000000,0x00007e69e9000000,0x00007e69f1000000)
 ParOldGen       total 2097152K, used 1568K [0x00007e6931000000, 0x00007e69b1000000, 0x00007e69b1000000)
  object space 2097152K, 0% used [0x00007e6931000000,0x00007e6931188368,0x00007e69b1000000)
 Metaspace       used 7405K, committed 7488K, reserved 8192K
}
Event: 2,623 GC heap after
{Heap after GC invocations=3 (full 1):
 PSYoungGen      total 917504K, used 0K [0x00007e69b1000000, 0x00007e69f1000000, 0x00007e69f1000000)
  eden space 786432K, 0% used [0x00007e69b1000000,0x00007e69b1000000,0x00007e69e1000000)
  from space 131072K, 0% used [0x00007e69e9000000,0x00007e69e9000000,0x00007e69f1000000)
  to   space 131072K, 0% used [0x00007e69e1000000,0x00007e69e1000000,0x00007e69e9000000)
 ParOldGen       total 2097152K, used 1568K [0x00007e6931000000, 0x00007e69b1000000, 0x00007e69b1000000)
  object space 2097152K, 0% used [0x00007e6931000000,0x00007e6931188368,0x00007e69b1000000)
 Metaspace       used 7405K, committed 7488K, reserved 8192K
}
Event: 2,624 GC heap before
{Heap before GC invocations=4 (full 2):
 PSYoungGen      total 917504K, used 0K [0x00007e69b1000000, 0x00007e69f1000000, 0x00007e69f1000000)
  eden space 786432K, 0% used [0x00007e69b1000000,0x00007e69b1000000,0x00007e69e1000000)
  from space 131072K, 0% used [0x00007e69e9000000,0x00007e69e9000000,0x00007e69f1000000)
  to   space 131072K, 0% used [0x00007e69e1000000,0x00007e69e1000000,0x00007e69e9000000)
 ParOldGen       total 2097152K, used 1568K [0x00007e6931000000, 0x00007e69b1000000, 0x00007e69b1000000)
  object space 2097152K, 0% used [0x00007e6931000000,0x00007e6931188368,0x00007e69b1000000)
 Metaspace       used 7405K, committed 7488K, reserved 8192K
}

