# JRE version: OpenJDK Runtime Environment (17.0.6) (build 17.0.6-internal+0-adhoc.konstdelis.jdk17u067)
# Java VM: OpenJDK 64-Bit Server VM (17.0.6-internal+0-adhoc.konstdelis.jdk17u067, mixed mode, tiered, parallel gc, linux-amd64)
GC Precious Log:
 CPUs: 32 total, 32 available
 Memory: 251G
 Large Page Support: Disabled
 NUMA Support: Disabled
 Compressed Oops: Disabled
 Alignments: Space 512K, Generation 512K, Heap 2M
 Heap Min Capacity: 3G
 Heap Initial Capacity: 3G
 Heap Max Capacity: 3G
 Pre-touch: Disabled
 Parallel Workers: 8
Heap:
 PSYoungGen      total 917504K, used 0K [0x00007edb39000000, 0x00007edb79000000, 0x00007edb79000000)
  eden space 786432K, 0% used [0x00007edb39000000,0x00007edb39000000,0x00007edb69000000)
  from space 131072K, 0% used [0x00007edb69000000,0x00007edb69000000,0x00007edb71000000)
  to   space 131072K, 0% used [0x00007edb71000000,0x00007edb71000000,0x00007edb79000000)
 ParOldGen       total 2097152K, used 1432036K [0x00007edab9000000, 0x00007edb39000000, 0x00007edb39000000)
  object space 2097152K, 68% used [0x00007edab9000000,0x00007edb10679100,0x00007edb39000000)
 Metaspace       used 7095K, committed 7168K, reserved 8192K
GC Heap History (13 events):
Event: 1,709 GC heap before
{Heap before GC invocations=1 (full 0):
 PSYoungGen      total 917504K, used 786432K [0x00007edb39000000, 0x00007edb79000000, 0x00007edb79000000)
  eden space 786432K, 100% used [0x00007edb39000000,0x00007edb69000000,0x00007edb69000000)
  from space 131072K, 0% used [0x00007edb71000000,0x00007edb71000000,0x00007edb79000000)
  to   space 131072K, 0% used [0x00007edb69000000,0x00007edb69000000,0x00007edb71000000)
 ParOldGen       total 2097152K, used 0K [0x00007edab9000000, 0x00007edb39000000, 0x00007edb39000000)
  object space 2097152K, 0% used [0x00007edab9000000,0x00007edab9000000,0x00007edb39000000)
 Metaspace       used 7053K, committed 7104K, reserved 8192K
}
Event: 1,996 GC heap after
{Heap after GC invocations=1 (full 0):
 PSYoungGen      total 917504K, used 131065K [0x00007edb39000000, 0x00007edb79000000, 0x00007edb79000000)
  eden space 786432K, 0% used [0x00007edb39000000,0x00007edb39000000,0x00007edb69000000)
  from space 131072K, 99% used [0x00007edb69000000,0x00007edb70ffe640,0x00007edb71000000)
  to   space 131072K, 0% used [0x00007edb71000000,0x00007edb71000000,0x00007edb79000000)
 ParOldGen       total 2097152K, used 502216K [0x00007edab9000000, 0x00007edb39000000, 0x00007edb39000000)
  object space 2097152K, 23% used [0x00007edab9000000,0x00007edad7a72000,0x00007edb39000000)
 Metaspace       used 7053K, committed 7104K, reserved 8192K
}
Event: 2,281 GC heap before
{Heap before GC invocations=2 (full 0):
 PSYoungGen      total 917504K, used 917497K [0x00007edb39000000, 0x00007edb79000000, 0x00007edb79000000)
  eden space 786432K, 100% used [0x00007edb39000000,0x00007edb69000000,0x00007edb69000000)
  from space 131072K, 99% used [0x00007edb69000000,0x00007edb70ffe640,0x00007edb71000000)
  to   space 131072K, 0% used [0x00007edb71000000,0x00007edb71000000,0x00007edb79000000)
 ParOldGen       total 2097152K, used 502216K [0x00007edab9000000, 0x00007edb39000000, 0x00007edb39000000)
  object space 2097152K, 23% used [0x00007edab9000000,0x00007edad7a72000,0x00007edb39000000)
 Metaspace       used 7053K, committed 7104K, reserved 8192K
}
Event: 2,623 GC heap after
{Heap after GC invocations=2 (full 0):
 PSYoungGen      total 917504K, used 131040K [0x00007edb39000000, 0x00007edb79000000, 0x00007edb79000000)
  eden space 786432K, 0% used [0x00007edb39000000,0x00007edb39000000,0x00007edb69000000)
  from space 131072K, 99% used [0x00007edb71000000,0x00007edb78ff8018,0x00007edb79000000)
  to   space 131072K, 0% used [0x00007edb69000000,0x00007edb69000000,0x00007edb71000000)
 ParOldGen       total 2097152K, used 1153800K [0x00007edab9000000, 0x00007edb39000000, 0x00007edb39000000)
  object space 2097152K, 55% used [0x00007edab9000000,0x00007edaff6c2000,0x00007edb39000000)
 Metaspace       used 7053K, committed 7104K, reserved 8192K
}
Event: 2,907 GC heap before
{Heap before GC invocations=3 (full 0):
 PSYoungGen      total 917504K, used 917472K [0x00007edb39000000, 0x00007edb79000000, 0x00007edb79000000)
  eden space 786432K, 100% used [0x00007edb39000000,0x00007edb69000000,0x00007edb69000000)
  from space 131072K, 99% used [0x00007edb71000000,0x00007edb78ff8018,0x00007edb79000000)
  to   space 131072K, 0% used [0x00007edb69000000,0x00007edb69000000,0x00007edb71000000)
 ParOldGen       total 2097152K, used 1153800K [0x00007edab9000000, 0x00007edb39000000, 0x00007edb39000000)
  object space 2097152K, 55% used [0x00007edab9000000,0x00007edaff6c2000,0x00007edb39000000)
 Metaspace       used 7053K, committed 7104K, reserved 8192K
}
Event: 3,254 GC heap after
{Heap after GC invocations=3 (full 0):
 PSYoungGen      total 917504K, used 131054K [0x00007edb39000000, 0x00007edb79000000, 0x00007edb79000000)
  eden space 786432K, 0% used [0x00007edb39000000,0x00007edb39000000,0x00007edb69000000)
  from space 131072K, 99% used [0x00007edb69000000,0x00007edb70ffb8c0,0x00007edb71000000)
  to   space 131072K, 0% used [0x00007edb71000000,0x00007edb71000000,0x00007edb79000000)
 ParOldGen       total 2097152K, used 1810877K [0x00007edab9000000, 0x00007edb39000000, 0x00007edb39000000)
  object space 2097152K, 86% used [0x00007edab9000000,0x00007edb2786f510,0x00007edb39000000)
 Metaspace       used 7053K, committed 7104K, reserved 8192K
}
Event: 3,254 GC heap before
{Heap before GC invocations=4 (full 1):
 PSYoungGen      total 917504K, used 131054K [0x00007edb39000000, 0x00007edb79000000, 0x00007edb79000000)
  eden space 786432K, 0% used [0x00007edb39000000,0x00007edb39000000,0x00007edb69000000)
  from space 131072K, 99% used [0x00007edb69000000,0x00007edb70ffb8c0,0x00007edb71000000)
  to   space 131072K, 0% used [0x00007edb71000000,0x00007edb71000000,0x00007edb79000000)
 ParOldGen       total 2097152K, used 1810877K [0x00007edab9000000, 0x00007edb39000000, 0x00007edb39000000)
  object space 2097152K, 86% used [0x00007edab9000000,0x00007edb2786f510,0x00007edb39000000)
 Metaspace       used 7053K, committed 7104K, reserved 8192K
}
Event: 5,408 GC heap after
{Heap after GC invocations=4 (full 1):
 PSYoungGen      total 917504K, used 0K [0x00007edb39000000, 0x00007edb79000000, 0x00007edb79000000)
  eden space 786432K, 0% used [0x00007edb39000000,0x00007edb39000000,0x00007edb69000000)
  from space 131072K, 0% used [0x00007edb71000000,0x00007edb71000000,0x00007edb79000000)
  to   space 131072K, 0% used [0x00007edb69000000,0x00007edb69000000,0x00007edb71000000)
 ParOldGen       total 2097152K, used 1929692K [0x00007edab9000000, 0x00007edb39000000, 0x00007edb39000000)
  object space 2097152K, 92% used [0x00007edab9000000,0x00007edb2ec77238,0x00007edb39000000)
 Metaspace       used 7053K, committed 7104K, reserved 8192K
}
Event: 6,319 GC heap before
{Heap before GC invocations=5 (full 2):
 PSYoungGen      total 917504K, used 418933K [0x00007edb39000000, 0x00007edb79000000, 0x00007edb79000000)
  eden space 786432K, 53% used [0x00007edb39000000,0x00007edb5291d488,0x00007edb69000000)
  from space 131072K, 0% used [0x00007edb71000000,0x00007edb71000000,0x00007edb79000000)
  to   space 131072K, 0% used [0x00007edb69000000,0x00007edb69000000,0x00007edb71000000)
 ParOldGen       total 2097152K, used 1929692K [0x00007edab9000000, 0x00007edb39000000, 0x00007edb39000000)
  object space 2097152K, 92% used [0x00007edab9000000,0x00007edb2ec77238,0x00007edb39000000)
 Metaspace       used 7088K, committed 7168K, reserved 8192K
}
Event: 11,958 GC heap after
{Heap after GC invocations=5 (full 2):
 PSYoungGen      total 917504K, used 0K [0x00007edb39000000, 0x00007edb79000000, 0x00007edb79000000)
  eden space 786432K, 0% used [0x00007edb39000000,0x00007edb39000000,0x00007edb69000000)
  from space 131072K, 0% used [0x00007edb71000000,0x00007edb71000000,0x00007edb79000000)
  to   space 131072K, 0% used [0x00007edb69000000,0x00007edb69000000,0x00007edb71000000)
 ParOldGen       total 2097152K, used 1432036K [0x00007edab9000000, 0x00007edb39000000, 0x00007edb39000000)
  object space 2097152K, 68% used [0x00007edab9000000,0x00007edb10679100,0x00007edb39000000)
 Metaspace       used 7088K, committed 7168K, reserved 8192K
}
Event: 12,145 GC heap before
{Heap before GC invocations=6 (full 2):
 PSYoungGen      total 917504K, used 15187K [0x00007edb39000000, 0x00007edb79000000, 0x00007edb79000000)
  eden space 786432K, 1% used [0x00007edb39000000,0x00007edb39ed4e88,0x00007edb69000000)
  from space 131072K, 0% used [0x00007edb71000000,0x00007edb71000000,0x00007edb79000000)
  to   space 131072K, 0% used [0x00007edb69000000,0x00007edb69000000,0x00007edb71000000)
 ParOldGen       total 2097152K, used 1432036K [0x00007edab9000000, 0x00007edb39000000, 0x00007edb39000000)
  object space 2097152K, 68% used [0x00007edab9000000,0x00007edb10679100,0x00007edb39000000)
 Metaspace       used 7095K, committed 7168K, reserved 8192K
}
Event: 12,411 GC heap after
{Heap after GC invocations=6 (full 2):
 PSYoungGen      total 917504K, used 0K [0x00007edb39000000, 0x00007edb79000000, 0x00007edb79000000)
  eden space 786432K, 0% used [0x00007edb39000000,0x00007edb39000000,0x00007edb69000000)
  from space 131072K, 0% used [0x00007edb69000000,0x00007edb69000000,0x00007edb71000000)
  to   space 131072K, 0% used [0x00007edb71000000,0x00007edb71000000,0x00007edb79000000)
 ParOldGen       total 2097152K, used 1432036K [0x00007edab9000000, 0x00007edb39000000, 0x00007edb39000000)
  object space 2097152K, 68% used [0x00007edab9000000,0x00007edb10679100,0x00007edb39000000)
 Metaspace       used 7095K, committed 7168K, reserved 8192K
}
Event: 12,411 GC heap before
{Heap before GC invocations=7 (full 3):
 PSYoungGen      total 917504K, used 0K [0x00007edb39000000, 0x00007edb79000000, 0x00007edb79000000)
  eden space 786432K, 0% used [0x00007edb39000000,0x00007edb39000000,0x00007edb69000000)
  from space 131072K, 0% used [0x00007edb69000000,0x00007edb69000000,0x00007edb71000000)
  to   space 131072K, 0% used [0x00007edb71000000,0x00007edb71000000,0x00007edb79000000)
 ParOldGen       total 2097152K, used 1432036K [0x00007edab9000000, 0x00007edb39000000, 0x00007edb39000000)
  object space 2097152K, 68% used [0x00007edab9000000,0x00007edb10679100,0x00007edb39000000)
 Metaspace       used 7095K, committed 7168K, reserved 8192K
}

