# JRE version: OpenJDK Runtime Environment (17.0.6) (fastdebug build 17.0.6-internal+0-adhoc.konstdelis.jdk17u067)
# Java VM: OpenJDK 64-Bit Server VM (fastdebug 17.0.6-internal+0-adhoc.konstdelis.jdk17u067, mixed mode, tiered, parallel gc, linux-amd64)
GC Precious Log:
 CPUs: 32 total, 32 available
 Memory: 251G
 Large Page Support: Disabled
 NUMA Support: Disabled
 Compressed Oops: Disabled
 Alignments: Space 512K, Generation 512K, Heap 2M
 Heap Min Capacity: 3G
 Heap Initial Capacity: 3G
 Heap Max Capacity: 3G
 Pre-touch: Disabled
 Parallel Workers: 8
Heap:
 PSYoungGen      total 917504K, used 0K [0x00007edc39000000, 0x00007edc79000000, 0x00007edc79000000)
  eden space 786432K, 0% used [0x00007edc39000000,0x00007edc39000000,0x00007edc69000000)
  from space 131072K, 0% used [0x00007edc69000000,0x00007edc69000000,0x00007edc71000000)
  to   space 131072K, 0% used [0x00007edc71000000,0x00007edc71000000,0x00007edc79000000)
 ParOldGen       total 2097152K, used 1894141K [0x00007edbb9000000, 0x00007edc39000000, 0x00007edc39000000)
  object space 2097152K, 90% used [0x00007edbb9000000,0x00007edc2c9bf500,0x00007edc39000000)
 Metaspace       used 7360K, committed 7488K, reserved 8192K
GC Heap History (7 events):
Event: 2,923 GC heap before
{Heap before GC invocations=1 (full 0):
 PSYoungGen      total 917504K, used 786432K [0x00007edc39000000, 0x00007edc79000000, 0x00007edc79000000)
  eden space 786432K, 100% used [0x00007edc39000000,0x00007edc69000000,0x00007edc69000000)
  from space 131072K, 0% used [0x00007edc71000000,0x00007edc71000000,0x00007edc79000000)
  to   space 131072K, 0% used [0x00007edc69000000,0x00007edc69000000,0x00007edc71000000)
 ParOldGen       total 2097152K, used 0K [0x00007edbb9000000, 0x00007edc39000000, 0x00007edc39000000)
  object space 2097152K, 0% used [0x00007edbb9000000,0x00007edbb9000000,0x00007edc39000000)
 Metaspace       used 7359K, committed 7488K, reserved 8192K
}
Event: 3,706 GC heap after
{Heap after GC invocations=1 (full 0):
 PSYoungGen      total 917504K, used 131049K [0x00007edc39000000, 0x00007edc79000000, 0x00007edc79000000)
  eden space 786432K, 0% used [0x00007edc39000000,0x00007edc39000000,0x00007edc69000000)
  from space 131072K, 99% used [0x00007edc69000000,0x00007edc70ffa5e0,0x00007edc71000000)
  to   space 131072K, 0% used [0x00007edc71000000,0x00007edc71000000,0x00007edc79000000)
 ParOldGen       total 2097152K, used 474512K [0x00007edbb9000000, 0x00007edc39000000, 0x00007edc39000000)
  object space 2097152K, 22% used [0x00007edbb9000000,0x00007edbd5f64000,0x00007edc39000000)
 Metaspace       used 7359K, committed 7488K, reserved 8192K
}
Event: 4,079 GC heap before
{Heap before GC invocations=2 (full 0):
 PSYoungGen      total 917504K, used 917481K [0x00007edc39000000, 0x00007edc79000000, 0x00007edc79000000)
  eden space 786432K, 100% used [0x00007edc39000000,0x00007edc69000000,0x00007edc69000000)
  from space 131072K, 99% used [0x00007edc69000000,0x00007edc70ffa5e0,0x00007edc71000000)
  to   space 131072K, 0% used [0x00007edc71000000,0x00007edc71000000,0x00007edc79000000)
 ParOldGen       total 2097152K, used 474512K [0x00007edbb9000000, 0x00007edc39000000, 0x00007edc39000000)
  object space 2097152K, 22% used [0x00007edbb9000000,0x00007edbd5f64000,0x00007edc39000000)
 Metaspace       used 7360K, committed 7488K, reserved 8192K
}
Event: 5,081 GC heap after
{Heap after GC invocations=2 (full 0):
 PSYoungGen      total 917504K, used 131041K [0x00007edc39000000, 0x00007edc79000000, 0x00007edc79000000)
  eden space 786432K, 0% used [0x00007edc39000000,0x00007edc39000000,0x00007edc69000000)
  from space 131072K, 99% used [0x00007edc71000000,0x00007edc78ff8738,0x00007edc79000000)
  to   space 131072K, 0% used [0x00007edc69000000,0x00007edc69000000,0x00007edc71000000)
 ParOldGen       total 2097152K, used 1122536K [0x00007edbb9000000, 0x00007edc39000000, 0x00007edc39000000)
  object space 2097152K, 53% used [0x00007edbb9000000,0x00007edbfd83a000,0x00007edc39000000)
 Metaspace       used 7360K, committed 7488K, reserved 8192K
}
Event: 5,442 GC heap before
{Heap before GC invocations=3 (full 0):
 PSYoungGen      total 917504K, used 917473K [0x00007edc39000000, 0x00007edc79000000, 0x00007edc79000000)
  eden space 786432K, 100% used [0x00007edc39000000,0x00007edc69000000,0x00007edc69000000)
  from space 131072K, 99% used [0x00007edc71000000,0x00007edc78ff8738,0x00007edc79000000)
  to   space 131072K, 0% used [0x00007edc69000000,0x00007edc69000000,0x00007edc71000000)
 ParOldGen       total 2097152K, used 1122536K [0x00007edbb9000000, 0x00007edc39000000, 0x00007edc39000000)
  object space 2097152K, 53% used [0x00007edbb9000000,0x00007edbfd83a000,0x00007edc39000000)
 Metaspace       used 7360K, committed 7488K, reserved 8192K
}
Event: 6,537 GC heap after
{Heap after GC invocations=3 (full 0):
 PSYoungGen      total 917504K, used 131061K [0x00007edc39000000, 0x00007edc79000000, 0x00007edc79000000)
  eden space 786432K, 0% used [0x00007edc39000000,0x00007edc39000000,0x00007edc69000000)
  from space 131072K, 99% used [0x00007edc69000000,0x00007edc70ffd530,0x00007edc71000000)
  to   space 131072K, 0% used [0x00007edc71000000,0x00007edc71000000,0x00007edc79000000)
 ParOldGen       total 2097152K, used 1775214K [0x00007edbb9000000, 0x00007edc39000000, 0x00007edc39000000)
  object space 2097152K, 84% used [0x00007edbb9000000,0x00007edc2559b8c0,0x00007edc39000000)
 Metaspace       used 7360K, committed 7488K, reserved 8192K
}
Event: 6,537 GC heap before
{Heap before GC invocations=4 (full 1):
 PSYoungGen      total 917504K, used 131061K [0x00007edc39000000, 0x00007edc79000000, 0x00007edc79000000)
  eden space 786432K, 0% used [0x00007edc39000000,0x00007edc39000000,0x00007edc69000000)
  from space 131072K, 99% used [0x00007edc69000000,0x00007edc70ffd530,0x00007edc71000000)
  to   space 131072K, 0% used [0x00007edc71000000,0x00007edc71000000,0x00007edc79000000)
 ParOldGen       total 2097152K, used 1775214K [0x00007edbb9000000, 0x00007edc39000000, 0x00007edc39000000)
  object space 2097152K, 84% used [0x00007edbb9000000,0x00007edc2559b8c0,0x00007edc39000000)
 Metaspace       used 7360K, committed 7488K, reserved 8192K
}

