# JRE version: OpenJDK Runtime Environment (17.0.6) (fastdebug build 17.0.6-internal+0-adhoc.konstdelis.jdk17u067)
# Java VM: OpenJDK 64-Bit Server VM (fastdebug 17.0.6-internal+0-adhoc.konstdelis.jdk17u067, mixed mode, tiered, parallel gc, linux-amd64)
GC Precious Log:
 CPUs: 32 total, 32 available
 Memory: 251G
 Large Page Support: Disabled
 NUMA Support: Disabled
 Compressed Oops: Disabled
 Alignments: Space 512K, Generation 512K, Heap 2M
 Heap Min Capacity: 3G
 Heap Initial Capacity: 3G
 Heap Max Capacity: 3G
 Pre-touch: Disabled
 Parallel Workers: 8
Heap:
 PSYoungGen      total 917504K, used 31457K [0x00007f2d69000000, 0x00007f2da9000000, 0x00007f2da9000000)
  eden space 786432K, 4% used [0x00007f2d69000000,0x00007f2d6aeb86f8,0x00007f2d99000000)
  from space 131072K, 0% used [0x00007f2da1000000,0x00007f2da1000000,0x00007f2da9000000)
  to   space 131072K, 0% used [0x00007f2d99000000,0x00007f2d99000000,0x00007f2da1000000)
 ParOldGen       total 2097152K, used 2004K [0x00007f2ce9000000, 0x00007f2d69000000, 0x00007f2d69000000)
  object space 2097152K, 0% used [0x00007f2ce9000000,0x00007f2ce91f5210,0x00007f2d69000000)
 Metaspace       used 7408K, committed 7488K, reserved 8192K
GC Heap History (20 events):
Event: 2,641 GC heap before
{Heap before GC invocations=3 (full 1):
 PSYoungGen      total 917504K, used 15728K [0x00007f2d69000000, 0x00007f2da9000000, 0x00007f2da9000000)
  eden space 786432K, 2% used [0x00007f2d69000000,0x00007f2d69f5c2c8,0x00007f2d99000000)
  from space 131072K, 0% used [0x00007f2d99000000,0x00007f2d99000000,0x00007f2da1000000)
  to   space 131072K, 0% used [0x00007f2da1000000,0x00007f2da1000000,0x00007f2da9000000)
 ParOldGen       total 2097152K, used 1638K [0x00007f2ce9000000, 0x00007f2d69000000, 0x00007f2d69000000)
  object space 2097152K, 0% used [0x00007f2ce9000000,0x00007f2ce9199ba8,0x00007f2d69000000)
 Metaspace       used 7405K, committed 7488K, reserved 8192K
}
Event: 2,644 GC heap after
{Heap after GC invocations=3 (full 1):
 PSYoungGen      total 917504K, used 0K [0x00007f2d69000000, 0x00007f2da9000000, 0x00007f2da9000000)
  eden space 786432K, 0% used [0x00007f2d69000000,0x00007f2d69000000,0x00007f2d99000000)
  from space 131072K, 0% used [0x00007f2da1000000,0x00007f2da1000000,0x00007f2da9000000)
  to   space 131072K, 0% used [0x00007f2d99000000,0x00007f2d99000000,0x00007f2da1000000)
 ParOldGen       total 2097152K, used 1638K [0x00007f2ce9000000, 0x00007f2d69000000, 0x00007f2d69000000)
  object space 2097152K, 0% used [0x00007f2ce9000000,0x00007f2ce9199ba8,0x00007f2d69000000)
 Metaspace       used 7405K, committed 7488K, reserved 8192K
}
Event: 2,644 GC heap before
{Heap before GC invocations=4 (full 2):
 PSYoungGen      total 917504K, used 0K [0x00007f2d69000000, 0x00007f2da9000000, 0x00007f2da9000000)
  eden space 786432K, 0% used [0x00007f2d69000000,0x00007f2d69000000,0x00007f2d99000000)
  from space 131072K, 0% used [0x00007f2da1000000,0x00007f2da1000000,0x00007f2da9000000)
  to   space 131072K, 0% used [0x00007f2d99000000,0x00007f2d99000000,0x00007f2da1000000)
 ParOldGen       total 2097152K, used 1638K [0x00007f2ce9000000, 0x00007f2d69000000, 0x00007f2d69000000)
  object space 2097152K, 0% used [0x00007f2ce9000000,0x00007f2ce9199ba8,0x00007f2d69000000)
 Metaspace       used 7405K, committed 7488K, reserved 8192K
}
Event: 2,848 GC heap after
{Heap after GC invocations=4 (full 2):
 PSYoungGen      total 917504K, used 0K [0x00007f2d69000000, 0x00007f2da9000000, 0x00007f2da9000000)
  eden space 786432K, 0% used [0x00007f2d69000000,0x00007f2d69000000,0x00007f2d99000000)
  from space 131072K, 0% used [0x00007f2da1000000,0x00007f2da1000000,0x00007f2da9000000)
  to   space 131072K, 0% used [0x00007f2d99000000,0x00007f2d99000000,0x00007f2da1000000)
 ParOldGen       total 2097152K, used 1680K [0x00007f2ce9000000, 0x00007f2d69000000, 0x00007f2d69000000)
  object space 2097152K, 0% used [0x00007f2ce9000000,0x00007f2ce91a4370,0x00007f2d69000000)
 Metaspace       used 7405K, committed 7488K, reserved 8192K
}
Event: 2,851 GC heap before
{Heap before GC invocations=5 (full 2):
 PSYoungGen      total 917504K, used 15728K [0x00007f2d69000000, 0x00007f2da9000000, 0x00007f2da9000000)
  eden space 786432K, 2% used [0x00007f2d69000000,0x00007f2d69f5c2c8,0x00007f2d99000000)
  from space 131072K, 0% used [0x00007f2da1000000,0x00007f2da1000000,0x00007f2da9000000)
  to   space 131072K, 0% used [0x00007f2d99000000,0x00007f2d99000000,0x00007f2da1000000)
 ParOldGen       total 2097152K, used 1680K [0x00007f2ce9000000, 0x00007f2d69000000, 0x00007f2d69000000)
  object space 2097152K, 0% used [0x00007f2ce9000000,0x00007f2ce91a4370,0x00007f2d69000000)
 Metaspace       used 7405K, committed 7488K, reserved 8192K
}
Event: 2,853 GC heap after
{Heap after GC invocations=5 (full 2):
 PSYoungGen      total 917504K, used 0K [0x00007f2d69000000, 0x00007f2da9000000, 0x00007f2da9000000)
  eden space 786432K, 0% used [0x00007f2d69000000,0x00007f2d69000000,0x00007f2d99000000)
  from space 131072K, 0% used [0x00007f2d99000000,0x00007f2d99000000,0x00007f2da1000000)
  to   space 131072K, 0% used [0x00007f2da1000000,0x00007f2da1000000,0x00007f2da9000000)
 ParOldGen       total 2097152K, used 1680K [0x00007f2ce9000000, 0x00007f2d69000000, 0x00007f2d69000000)
  object space 2097152K, 0% used [0x00007f2ce9000000,0x00007f2ce91a4370,0x00007f2d69000000)
 Metaspace       used 7405K, committed 7488K, reserved 8192K
}
Event: 2,853 GC heap before
{Heap before GC invocations=6 (full 3):
 PSYoungGen      total 917504K, used 0K [0x00007f2d69000000, 0x00007f2da9000000, 0x00007f2da9000000)
  eden space 786432K, 0% used [0x00007f2d69000000,0x00007f2d69000000,0x00007f2d99000000)
  from space 131072K, 0% used [0x00007f2d99000000,0x00007f2d99000000,0x00007f2da1000000)
  to   space 131072K, 0% used [0x00007f2da1000000,0x00007f2da1000000,0x00007f2da9000000)
 ParOldGen       total 2097152K, used 1680K [0x00007f2ce9000000, 0x00007f2d69000000, 0x00007f2d69000000)
  object space 2097152K, 0% used [0x00007f2ce9000000,0x00007f2ce91a4370,0x00007f2d69000000)
 Metaspace       used 7405K, committed 7488K, reserved 8192K
}
Event: 3,025 GC heap after
{Heap after GC invocations=6 (full 3):
 PSYoungGen      total 917504K, used 0K [0x00007f2d69000000, 0x00007f2da9000000, 0x00007f2da9000000)
  eden space 786432K, 0% used [0x00007f2d69000000,0x00007f2d69000000,0x00007f2d99000000)
  from space 131072K, 0% used [0x00007f2d99000000,0x00007f2d99000000,0x00007f2da1000000)
  to   space 131072K, 0% used [0x00007f2da1000000,0x00007f2da1000000,0x00007f2da9000000)
 ParOldGen       total 2097152K, used 1727K [0x00007f2ce9000000, 0x00007f2d69000000, 0x00007f2d69000000)
  object space 2097152K, 0% used [0x00007f2ce9000000,0x00007f2ce91affb8,0x00007f2d69000000)
 Metaspace       used 7405K, committed 7488K, reserved 8192K
}
Event: 3,028 GC heap before
{Heap before GC invocations=7 (full 3):
 PSYoungGen      total 917504K, used 15728K [0x00007f2d69000000, 0x00007f2da9000000, 0x00007f2da9000000)
  eden space 786432K, 2% used [0x00007f2d69000000,0x00007f2d69f5c2c8,0x00007f2d99000000)
  from space 131072K, 0% used [0x00007f2d99000000,0x00007f2d99000000,0x00007f2da1000000)
  to   space 131072K, 0% used [0x00007f2da1000000,0x00007f2da1000000,0x00007f2da9000000)
 ParOldGen       total 2097152K, used 1727K [0x00007f2ce9000000, 0x00007f2d69000000, 0x00007f2d69000000)
  object space 2097152K, 0% used [0x00007f2ce9000000,0x00007f2ce91affb8,0x00007f2d69000000)
 Metaspace       used 7405K, committed 7488K, reserved 8192K
}
Event: 3,030 GC heap after
{Heap after GC invocations=7 (full 3):
 PSYoungGen      total 917504K, used 0K [0x00007f2d69000000, 0x00007f2da9000000, 0x00007f2da9000000)
  eden space 786432K, 0% used [0x00007f2d69000000,0x00007f2d69000000,0x00007f2d99000000)
  from space 131072K, 0% used [0x00007f2da1000000,0x00007f2da1000000,0x00007f2da9000000)
  to   space 131072K, 0% used [0x00007f2d99000000,0x00007f2d99000000,0x00007f2da1000000)
 ParOldGen       total 2097152K, used 1727K [0x00007f2ce9000000, 0x00007f2d69000000, 0x00007f2d69000000)
  object space 2097152K, 0% used [0x00007f2ce9000000,0x00007f2ce91affb8,0x00007f2d69000000)
 Metaspace       used 7405K, committed 7488K, reserved 8192K
}
Event: 3,030 GC heap before
{Heap before GC invocations=8 (full 4):
 PSYoungGen      total 917504K, used 0K [0x00007f2d69000000, 0x00007f2da9000000, 0x00007f2da9000000)
  eden space 786432K, 0% used [0x00007f2d69000000,0x00007f2d69000000,0x00007f2d99000000)
  from space 131072K, 0% used [0x00007f2da1000000,0x00007f2da1000000,0x00007f2da9000000)
  to   space 131072K, 0% used [0x00007f2d99000000,0x00007f2d99000000,0x00007f2da1000000)
 ParOldGen       total 2097152K, used 1727K [0x00007f2ce9000000, 0x00007f2d69000000, 0x00007f2d69000000)
  object space 2097152K, 0% used [0x00007f2ce9000000,0x00007f2ce91affb8,0x00007f2d69000000)
 Metaspace       used 7405K, committed 7488K, reserved 8192K
}
Event: 3,207 GC heap after
{Heap after GC invocations=8 (full 4):
 PSYoungGen      total 917504K, used 0K [0x00007f2d69000000, 0x00007f2da9000000, 0x00007f2da9000000)
  eden space 786432K, 0% used [0x00007f2d69000000,0x00007f2d69000000,0x00007f2d99000000)
  from space 131072K, 0% used [0x00007f2da1000000,0x00007f2da1000000,0x00007f2da9000000)
  to   space 131072K, 0% used [0x00007f2d99000000,0x00007f2d99000000,0x00007f2da1000000)
 ParOldGen       total 2097152K, used 1786K [0x00007f2ce9000000, 0x00007f2d69000000, 0x00007f2d69000000)
  object space 2097152K, 0% used [0x00007f2ce9000000,0x00007f2ce91be940,0x00007f2d69000000)
 Metaspace       used 7405K, committed 7488K, reserved 8192K
}
Event: 3,212 GC heap before
{Heap before GC invocations=9 (full 4):
 PSYoungGen      total 917504K, used 15728K [0x00007f2d69000000, 0x00007f2da9000000, 0x00007f2da9000000)
  eden space 786432K, 2% used [0x00007f2d69000000,0x00007f2d69f5c2c8,0x00007f2d99000000)
  from space 131072K, 0% used [0x00007f2da1000000,0x00007f2da1000000,0x00007f2da9000000)
  to   space 131072K, 0% used [0x00007f2d99000000,0x00007f2d99000000,0x00007f2da1000000)
 ParOldGen       total 2097152K, used 1786K [0x00007f2ce9000000, 0x00007f2d69000000, 0x00007f2d69000000)
  object space 2097152K, 0% used [0x00007f2ce9000000,0x00007f2ce91be940,0x00007f2d69000000)
 Metaspace       used 7405K, committed 7488K, reserved 8192K
}
Event: 3,214 GC heap after
{Heap after GC invocations=9 (full 4):
 PSYoungGen      total 917504K, used 245K [0x00007f2d69000000, 0x00007f2da9000000, 0x00007f2da9000000)
  eden space 786432K, 0% used [0x00007f2d69000000,0x00007f2d69000000,0x00007f2d99000000)
  from space 131072K, 0% used [0x00007f2d99000000,0x00007f2d9903d6e0,0x00007f2da1000000)
  to   space 131072K, 0% used [0x00007f2da1000000,0x00007f2da1000000,0x00007f2da9000000)
 ParOldGen       total 2097152K, used 1786K [0x00007f2ce9000000, 0x00007f2d69000000, 0x00007f2d69000000)
  object space 2097152K, 0% used [0x00007f2ce9000000,0x00007f2ce91be940,0x00007f2d69000000)
 Metaspace       used 7405K, committed 7488K, reserved 8192K
}
Event: 3,214 GC heap before
{Heap before GC invocations=10 (full 5):
 PSYoungGen      total 917504K, used 245K [0x00007f2d69000000, 0x00007f2da9000000, 0x00007f2da9000000)
  eden space 786432K, 0% used [0x00007f2d69000000,0x00007f2d69000000,0x00007f2d99000000)
  from space 131072K, 0% used [0x00007f2d99000000,0x00007f2d9903d6e0,0x00007f2da1000000)
  to   space 131072K, 0% used [0x00007f2da1000000,0x00007f2da1000000,0x00007f2da9000000)
 ParOldGen       total 2097152K, used 1786K [0x00007f2ce9000000, 0x00007f2d69000000, 0x00007f2d69000000)
  object space 2097152K, 0% used [0x00007f2ce9000000,0x00007f2ce91be940,0x00007f2d69000000)
 Metaspace       used 7405K, committed 7488K, reserved 8192K
}
Event: 3,389 GC heap after
{Heap after GC invocations=10 (full 5):
 PSYoungGen      total 917504K, used 0K [0x00007f2d69000000, 0x00007f2da9000000, 0x00007f2da9000000)
  eden space 786432K, 0% used [0x00007f2d69000000,0x00007f2d69000000,0x00007f2d99000000)
  from space 131072K, 0% used [0x00007f2d99000000,0x00007f2d99000000,0x00007f2da1000000)
  to   space 131072K, 0% used [0x00007f2da1000000,0x00007f2da1000000,0x00007f2da9000000)
 ParOldGen       total 2097152K, used 1941K [0x00007f2ce9000000, 0x00007f2d69000000, 0x00007f2d69000000)
  object space 2097152K, 0% used [0x00007f2ce9000000,0x00007f2ce91e5460,0x00007f2d69000000)
 Metaspace       used 7405K, committed 7488K, reserved 8192K
}
Event: 3,392 GC heap before
{Heap before GC invocations=11 (full 5):
 PSYoungGen      total 917504K, used 15728K [0x00007f2d69000000, 0x00007f2da9000000, 0x00007f2da9000000)
  eden space 786432K, 2% used [0x00007f2d69000000,0x00007f2d69f5c2c8,0x00007f2d99000000)
  from space 131072K, 0% used [0x00007f2d99000000,0x00007f2d99000000,0x00007f2da1000000)
  to   space 131072K, 0% used [0x00007f2da1000000,0x00007f2da1000000,0x00007f2da9000000)
 ParOldGen       total 2097152K, used 1941K [0x00007f2ce9000000, 0x00007f2d69000000, 0x00007f2d69000000)
  object space 2097152K, 0% used [0x00007f2ce9000000,0x00007f2ce91e5460,0x00007f2d69000000)
 Metaspace       used 7405K, committed 7488K, reserved 8192K
}
Event: 3,395 GC heap after
{Heap after GC invocations=11 (full 5):
 PSYoungGen      total 917504K, used 96K [0x00007f2d69000000, 0x00007f2da9000000, 0x00007f2da9000000)
  eden space 786432K, 0% used [0x00007f2d69000000,0x00007f2d69000000,0x00007f2d99000000)
  from space 131072K, 0% used [0x00007f2da1000000,0x00007f2da1018000,0x00007f2da9000000)
  to   space 131072K, 0% used [0x00007f2d99000000,0x00007f2d99000000,0x00007f2da1000000)
 ParOldGen       total 2097152K, used 1941K [0x00007f2ce9000000, 0x00007f2d69000000, 0x00007f2d69000000)
  object space 2097152K, 0% used [0x00007f2ce9000000,0x00007f2ce91e5460,0x00007f2d69000000)
 Metaspace       used 7405K, committed 7488K, reserved 8192K
}
Event: 3,395 GC heap before
{Heap before GC invocations=12 (full 6):
 PSYoungGen      total 917504K, used 96K [0x00007f2d69000000, 0x00007f2da9000000, 0x00007f2da9000000)
  eden space 786432K, 0% used [0x00007f2d69000000,0x00007f2d69000000,0x00007f2d99000000)
  from space 131072K, 0% used [0x00007f2da1000000,0x00007f2da1018000,0x00007f2da9000000)
  to   space 131072K, 0% used [0x00007f2d99000000,0x00007f2d99000000,0x00007f2da1000000)
 ParOldGen       total 2097152K, used 1941K [0x00007f2ce9000000, 0x00007f2d69000000, 0x00007f2d69000000)
  object space 2097152K, 0% used [0x00007f2ce9000000,0x00007f2ce91e5460,0x00007f2d69000000)
 Metaspace       used 7405K, committed 7488K, reserved 8192K
}
Event: 3,568 GC heap after
{Heap after GC invocations=12 (full 6):
 PSYoungGen      total 917504K, used 0K [0x00007f2d69000000, 0x00007f2da9000000, 0x00007f2da9000000)
  eden space 786432K, 0% used [0x00007f2d69000000,0x00007f2d69000000,0x00007f2d99000000)
  from space 131072K, 0% used [0x00007f2da1000000,0x00007f2da1000000,0x00007f2da9000000)
  to   space 131072K, 0% used [0x00007f2d99000000,0x00007f2d99000000,0x00007f2da1000000)
 ParOldGen       total 2097152K, used 2004K [0x00007f2ce9000000, 0x00007f2d69000000, 0x00007f2d69000000)
  object space 2097152K, 0% used [0x00007f2ce9000000,0x00007f2ce91f5210,0x00007f2d69000000)
 Metaspace       used 7405K, committed 7488K, reserved 8192K
}

