# JRE version: OpenJDK Runtime Environment (17.0.6) (fastdebug build 17.0.6-internal+0-adhoc.konstdelis.jdk17u067)
# Java VM: OpenJDK 64-Bit Server VM (fastdebug 17.0.6-internal+0-adhoc.konstdelis.jdk17u067, mixed mode, tiered, parallel gc, linux-amd64)
GC Precious Log:
 CPUs: 32 total, 32 available
 Memory: 251G
 Large Page Support: Disabled
 NUMA Support: Disabled
 Compressed Oops: Disabled
 Alignments: Space 512K, Generation 512K, Heap 2M
 Heap Min Capacity: 3G
 Heap Initial Capacity: 3G
 Heap Max Capacity: 3G
 Pre-touch: Disabled
 Parallel Workers: 1
Heap:
 PSYoungGen      total 917504K, used 32K [0x00007e6849000000, 0x00007e6889000000, 0x00007e6889000000)
  eden space 786432K, 0% used [0x00007e6849000000,0x00007e6849000000,0x00007e6879000000)
  from space 131072K, 0% used [0x00007e6879000000,0x00007e6879008000,0x00007e6881000000)
  to   space 131072K, 0% used [0x00007e6881000000,0x00007e6881000000,0x00007e6889000000)
 ParOldGen       total 2097152K, used 1475K [0x00007e67c9000000, 0x00007e6849000000, 0x00007e6849000000)
  object space 2097152K, 0% used [0x00007e67c9000000,0x00007e67c9170e58,0x00007e6849000000)
 Metaspace       used 7389K, committed 7488K, reserved 8192K
GC Heap History (11 events):
Event: 2,274 GC heap before
{Heap before GC invocations=1 (full 0):
 PSYoungGen      total 917504K, used 78643K [0x00007e6849000000, 0x00007e6889000000, 0x00007e6889000000)
  eden space 786432K, 10% used [0x00007e6849000000,0x00007e684dcccf00,0x00007e6879000000)
  from space 131072K, 0% used [0x00007e6881000000,0x00007e6881000000,0x00007e6889000000)
  to   space 131072K, 0% used [0x00007e6879000000,0x00007e6879000000,0x00007e6881000000)
 ParOldGen       total 2097152K, used 0K [0x00007e67c9000000, 0x00007e6849000000, 0x00007e6849000000)
  object space 2097152K, 0% used [0x00007e67c9000000,0x00007e67c9000000,0x00007e6849000000)
 Metaspace       used 7389K, committed 7488K, reserved 8192K
}
Event: 2,301 GC heap after
{Heap after GC invocations=1 (full 0):
 PSYoungGen      total 917504K, used 1520K [0x00007e6849000000, 0x00007e6889000000, 0x00007e6889000000)
  eden space 786432K, 0% used [0x00007e6849000000,0x00007e6849000000,0x00007e6879000000)
  from space 131072K, 1% used [0x00007e6879000000,0x00007e687917c020,0x00007e6881000000)
  to   space 131072K, 0% used [0x00007e6881000000,0x00007e6881000000,0x00007e6889000000)
 ParOldGen       total 2097152K, used 0K [0x00007e67c9000000, 0x00007e6849000000, 0x00007e6849000000)
  object space 2097152K, 0% used [0x00007e67c9000000,0x00007e67c9000000,0x00007e6849000000)
 Metaspace       used 7389K, committed 7488K, reserved 8192K
}
Event: 2,301 GC heap before
{Heap before GC invocations=2 (full 1):
 PSYoungGen      total 917504K, used 1520K [0x00007e6849000000, 0x00007e6889000000, 0x00007e6889000000)
  eden space 786432K, 0% used [0x00007e6849000000,0x00007e6849000000,0x00007e6879000000)
  from space 131072K, 1% used [0x00007e6879000000,0x00007e687917c020,0x00007e6881000000)
  to   space 131072K, 0% used [0x00007e6881000000,0x00007e6881000000,0x00007e6889000000)
 ParOldGen       total 2097152K, used 0K [0x00007e67c9000000, 0x00007e6849000000, 0x00007e6849000000)
  object space 2097152K, 0% used [0x00007e67c9000000,0x00007e67c9000000,0x00007e6849000000)
 Metaspace       used 7389K, committed 7488K, reserved 8192K
}
Event: 2,344 GC heap after
{Heap after GC invocations=2 (full 1):
 PSYoungGen      total 917504K, used 0K [0x00007e6849000000, 0x00007e6889000000, 0x00007e6889000000)
  eden space 786432K, 0% used [0x00007e6849000000,0x00007e6849000000,0x00007e6879000000)
  from space 131072K, 0% used [0x00007e6879000000,0x00007e6879000000,0x00007e6881000000)
  to   space 131072K, 0% used [0x00007e6881000000,0x00007e6881000000,0x00007e6889000000)
 ParOldGen       total 2097152K, used 1480K [0x00007e67c9000000, 0x00007e6849000000, 0x00007e6849000000)
  object space 2097152K, 0% used [0x00007e67c9000000,0x00007e67c9172288,0x00007e6849000000)
 Metaspace       used 7389K, committed 7488K, reserved 8192K
}
Event: 2,347 GC heap before
{Heap before GC invocations=3 (full 1):
 PSYoungGen      total 917504K, used 31457K [0x00007e6849000000, 0x00007e6889000000, 0x00007e6889000000)
  eden space 786432K, 4% used [0x00007e6849000000,0x00007e684aeb8570,0x00007e6879000000)
  from space 131072K, 0% used [0x00007e6879000000,0x00007e6879000000,0x00007e6881000000)
  to   space 131072K, 0% used [0x00007e6881000000,0x00007e6881000000,0x00007e6889000000)
 ParOldGen       total 2097152K, used 1480K [0x00007e67c9000000, 0x00007e6849000000, 0x00007e6849000000)
  object space 2097152K, 0% used [0x00007e67c9000000,0x00007e67c9172288,0x00007e6849000000)
 Metaspace       used 7389K, committed 7488K, reserved 8192K
}
Event: 2,355 GC heap after
{Heap after GC invocations=3 (full 1):
 PSYoungGen      total 917504K, used 32K [0x00007e6849000000, 0x00007e6889000000, 0x00007e6889000000)
  eden space 786432K, 0% used [0x00007e6849000000,0x00007e6849000000,0x00007e6879000000)
  from space 131072K, 0% used [0x00007e6881000000,0x00007e6881008000,0x00007e6889000000)
  to   space 131072K, 0% used [0x00007e6879000000,0x00007e6879000000,0x00007e6881000000)
 ParOldGen       total 2097152K, used 1480K [0x00007e67c9000000, 0x00007e6849000000, 0x00007e6849000000)
  object space 2097152K, 0% used [0x00007e67c9000000,0x00007e67c9172288,0x00007e6849000000)
 Metaspace       used 7389K, committed 7488K, reserved 8192K
}
Event: 2,355 GC heap before
{Heap before GC invocations=4 (full 2):
 PSYoungGen      total 917504K, used 32K [0x00007e6849000000, 0x00007e6889000000, 0x00007e6889000000)
  eden space 786432K, 0% used [0x00007e6849000000,0x00007e6849000000,0x00007e6879000000)
  from space 131072K, 0% used [0x00007e6881000000,0x00007e6881008000,0x00007e6889000000)
  to   space 131072K, 0% used [0x00007e6879000000,0x00007e6879000000,0x00007e6881000000)
 ParOldGen       total 2097152K, used 1480K [0x00007e67c9000000, 0x00007e6849000000, 0x00007e6849000000)
  object space 2097152K, 0% used [0x00007e67c9000000,0x00007e67c9172288,0x00007e6849000000)
 Metaspace       used 7389K, committed 7488K, reserved 8192K
}
Event: 2,587 GC heap after
{Heap after GC invocations=4 (full 2):
 PSYoungGen      total 917504K, used 0K [0x00007e6849000000, 0x00007e6889000000, 0x00007e6889000000)
  eden space 786432K, 0% used [0x00007e6849000000,0x00007e6849000000,0x00007e6879000000)
  from space 131072K, 0% used [0x00007e6881000000,0x00007e6881000000,0x00007e6889000000)
  to   space 131072K, 0% used [0x00007e6879000000,0x00007e6879000000,0x00007e6881000000)
 ParOldGen       total 2097152K, used 1475K [0x00007e67c9000000, 0x00007e6849000000, 0x00007e6849000000)
  object space 2097152K, 0% used [0x00007e67c9000000,0x00007e67c9170e58,0x00007e6849000000)
 Metaspace       used 7389K, committed 7488K, reserved 8192K
}
Event: 2,590 GC heap before
{Heap before GC invocations=5 (full 2):
 PSYoungGen      total 917504K, used 31457K [0x00007e6849000000, 0x00007e6889000000, 0x00007e6889000000)
  eden space 786432K, 4% used [0x00007e6849000000,0x00007e684aeb8570,0x00007e6879000000)
  from space 131072K, 0% used [0x00007e6881000000,0x00007e6881000000,0x00007e6889000000)
  to   space 131072K, 0% used [0x00007e6879000000,0x00007e6879000000,0x00007e6881000000)
 ParOldGen       total 2097152K, used 1475K [0x00007e67c9000000, 0x00007e6849000000, 0x00007e6849000000)
  object space 2097152K, 0% used [0x00007e67c9000000,0x00007e67c9170e58,0x00007e6849000000)
 Metaspace       used 7389K, committed 7488K, reserved 8192K
}
Event: 2,596 GC heap after
{Heap after GC invocations=5 (full 2):
 PSYoungGen      total 917504K, used 32K [0x00007e6849000000, 0x00007e6889000000, 0x00007e6889000000)
  eden space 786432K, 0% used [0x00007e6849000000,0x00007e6849000000,0x00007e6879000000)
  from space 131072K, 0% used [0x00007e6879000000,0x00007e6879008000,0x00007e6881000000)
  to   space 131072K, 0% used [0x00007e6881000000,0x00007e6881000000,0x00007e6889000000)
 ParOldGen       total 2097152K, used 1475K [0x00007e67c9000000, 0x00007e6849000000, 0x00007e6849000000)
  object space 2097152K, 0% used [0x00007e67c9000000,0x00007e67c9170e58,0x00007e6849000000)
 Metaspace       used 7389K, committed 7488K, reserved 8192K
}
Event: 2,596 GC heap before
{Heap before GC invocations=6 (full 3):
 PSYoungGen      total 917504K, used 32K [0x00007e6849000000, 0x00007e6889000000, 0x00007e6889000000)
  eden space 786432K, 0% used [0x00007e6849000000,0x00007e6849000000,0x00007e6879000000)
  from space 131072K, 0% used [0x00007e6879000000,0x00007e6879008000,0x00007e6881000000)
  to   space 131072K, 0% used [0x00007e6881000000,0x00007e6881000000,0x00007e6889000000)
 ParOldGen       total 2097152K, used 1475K [0x00007e67c9000000, 0x00007e6849000000, 0x00007e6849000000)
  object space 2097152K, 0% used [0x00007e67c9000000,0x00007e67c9170e58,0x00007e6849000000)
 Metaspace       used 7389K, committed 7488K, reserved 8192K
}

