# JRE version: OpenJDK Runtime Environment (17.0.6) (build 17.0.6-internal+0-adhoc.konstdelis.jdk17u067)
# Java VM: OpenJDK 64-Bit Server VM (17.0.6-internal+0-adhoc.konstdelis.jdk17u067, mixed mode, tiered, parallel gc, linux-amd64)
GC Precious Log:
 CPUs: 32 total, 32 available
 Memory: 251G
 Large Page Support: Disabled
 NUMA Support: Disabled
 Compressed Oops: Disabled
 Alignments: Space 512K, Generation 512K, Heap 2M
 Heap Min Capacity: 1G
 Heap Initial Capacity: 1G
 Heap Max Capacity: 1G
 Pre-touch: Disabled
 Parallel Workers: 8
Heap:
 PSYoungGen      total 305664K, used 262144K [0x00007eb22bb00000, 0x00007eb241000000, 0x00007eb241000000)
  eden space 262144K, 100% used [0x00007eb22bb00000,0x00007eb23bb00000,0x00007eb23bb00000)
  from space 43520K, 0% used [0x00007eb23bb00000,0x00007eb23bb00000,0x00007eb23e580000)
  to   space 43520K, 0% used [0x00007eb23e580000,0x00007eb23e580000,0x00007eb241000000)
 ParOldGen       total 699392K, used 699352K [0x00007eb201000000, 0x00007eb22bb00000, 0x00007eb22bb00000)
  object space 699392K, 99% used [0x00007eb201000000,0x00007eb22baf6158,0x00007eb22bb00000)
 Metaspace       used 6429K, committed 6528K, reserved 8192K
GC Heap History (20 events):
Event: 7,831 GC heap after
{Heap after GC invocations=8 (full 5):
 PSYoungGen      total 305664K, used 262143K [0x00007eb22bb00000, 0x00007eb241000000, 0x00007eb241000000)
  eden space 262144K, 99% used [0x00007eb22bb00000,0x00007eb23bafffe0,0x00007eb23bb00000)
  from space 43520K, 0% used [0x00007eb23e580000,0x00007eb23e580000,0x00007eb241000000)
  to   space 43520K, 0% used [0x00007eb23bb00000,0x00007eb23bb00000,0x00007eb23e580000)
 ParOldGen       total 699392K, used 699280K [0x00007eb201000000, 0x00007eb22bb00000, 0x00007eb22bb00000)
  object space 699392K, 99% used [0x00007eb201000000,0x00007eb22bae4318,0x00007eb22bb00000)
 Metaspace       used 6429K, committed 6528K, reserved 8192K
}
Event: 7,831 GC heap before
{Heap before GC invocations=9 (full 6):
 PSYoungGen      total 305664K, used 262143K [0x00007eb22bb00000, 0x00007eb241000000, 0x00007eb241000000)
  eden space 262144K, 99% used [0x00007eb22bb00000,0x00007eb23bafffe0,0x00007eb23bb00000)
  from space 43520K, 0% used [0x00007eb23e580000,0x00007eb23e580000,0x00007eb241000000)
  to   space 43520K, 0% used [0x00007eb23bb00000,0x00007eb23bb00000,0x00007eb23e580000)
 ParOldGen       total 699392K, used 699283K [0x00007eb201000000, 0x00007eb22bb00000, 0x00007eb22bb00000)
  object space 699392K, 99% used [0x00007eb201000000,0x00007eb22bae4fc8,0x00007eb22bb00000)
 Metaspace       used 6429K, committed 6528K, reserved 8192K
}
Event: 8,889 GC heap after
{Heap after GC invocations=9 (full 6):
 PSYoungGen      total 305664K, used 262143K [0x00007eb22bb00000, 0x00007eb241000000, 0x00007eb241000000)
  eden space 262144K, 99% used [0x00007eb22bb00000,0x00007eb23bafff60,0x00007eb23bb00000)
  from space 43520K, 0% used [0x00007eb23bb00000,0x00007eb23bb00000,0x00007eb23e580000)
  to   space 43520K, 0% used [0x00007eb23e580000,0x00007eb23e580000,0x00007eb241000000)
 ParOldGen       total 699392K, used 699283K [0x00007eb201000000, 0x00007eb22bb00000, 0x00007eb22bb00000)
  object space 699392K, 99% used [0x00007eb201000000,0x00007eb22bae4fc8,0x00007eb22bb00000)
 Metaspace       used 6429K, committed 6528K, reserved 8192K
}
Event: 8,889 GC heap before
{Heap before GC invocations=10 (full 7):
 PSYoungGen      total 305664K, used 262143K [0x00007eb22bb00000, 0x00007eb241000000, 0x00007eb241000000)
  eden space 262144K, 99% used [0x00007eb22bb00000,0x00007eb23baffff8,0x00007eb23bb00000)
  from space 43520K, 0% used [0x00007eb23bb00000,0x00007eb23bb00000,0x00007eb23e580000)
  to   space 43520K, 0% used [0x00007eb23e580000,0x00007eb23e580000,0x00007eb241000000)
 ParOldGen       total 699392K, used 699283K [0x00007eb201000000, 0x00007eb22bb00000, 0x00007eb22bb00000)
  object space 699392K, 99% used [0x00007eb201000000,0x00007eb22bae4fc8,0x00007eb22bb00000)
 Metaspace       used 6429K, committed 6528K, reserved 8192K
}
Event: 9,869 GC heap after
{Heap after GC invocations=10 (full 7):
 PSYoungGen      total 305664K, used 262143K [0x00007eb22bb00000, 0x00007eb241000000, 0x00007eb241000000)
  eden space 262144K, 99% used [0x00007eb22bb00000,0x00007eb23baffff8,0x00007eb23bb00000)
  from space 43520K, 0% used [0x00007eb23e580000,0x00007eb23e580000,0x00007eb241000000)
  to   space 43520K, 0% used [0x00007eb23bb00000,0x00007eb23bb00000,0x00007eb23e580000)
 ParOldGen       total 699392K, used 699283K [0x00007eb201000000, 0x00007eb22bb00000, 0x00007eb22bb00000)
  object space 699392K, 99% used [0x00007eb201000000,0x00007eb22bae4fc8,0x00007eb22bb00000)
 Metaspace       used 6429K, committed 6528K, reserved 8192K
}
Event: 9,869 GC heap before
{Heap before GC invocations=11 (full 8):
 PSYoungGen      total 305664K, used 262143K [0x00007eb22bb00000, 0x00007eb241000000, 0x00007eb241000000)
  eden space 262144K, 99% used [0x00007eb22bb00000,0x00007eb23baffff8,0x00007eb23bb00000)
  from space 43520K, 0% used [0x00007eb23e580000,0x00007eb23e580000,0x00007eb241000000)
  to   space 43520K, 0% used [0x00007eb23bb00000,0x00007eb23bb00000,0x00007eb23e580000)
 ParOldGen       total 699392K, used 699287K [0x00007eb201000000, 0x00007eb22bb00000, 0x00007eb22bb00000)
  object space 699392K, 99% used [0x00007eb201000000,0x00007eb22bae5c68,0x00007eb22bb00000)
 Metaspace       used 6429K, committed 6528K, reserved 8192K
}
Event: 10,939 GC heap after
{Heap after GC invocations=11 (full 8):
 PSYoungGen      total 305664K, used 262143K [0x00007eb22bb00000, 0x00007eb241000000, 0x00007eb241000000)
  eden space 262144K, 99% used [0x00007eb22bb00000,0x00007eb23baffff8,0x00007eb23bb00000)
  from space 43520K, 0% used [0x00007eb23bb00000,0x00007eb23bb00000,0x00007eb23e580000)
  to   space 43520K, 0% used [0x00007eb23e580000,0x00007eb23e580000,0x00007eb241000000)
 ParOldGen       total 699392K, used 699287K [0x00007eb201000000, 0x00007eb22bb00000, 0x00007eb22bb00000)
  object space 699392K, 99% used [0x00007eb201000000,0x00007eb22bae5c68,0x00007eb22bb00000)
 Metaspace       used 6429K, committed 6528K, reserved 8192K
}
Event: 10,939 GC heap before
{Heap before GC invocations=12 (full 9):
 PSYoungGen      total 305664K, used 262143K [0x00007eb22bb00000, 0x00007eb241000000, 0x00007eb241000000)
  eden space 262144K, 99% used [0x00007eb22bb00000,0x00007eb23baffff8,0x00007eb23bb00000)
  from space 43520K, 0% used [0x00007eb23bb00000,0x00007eb23bb00000,0x00007eb23e580000)
  to   space 43520K, 0% used [0x00007eb23e580000,0x00007eb23e580000,0x00007eb241000000)
 ParOldGen       total 699392K, used 699290K [0x00007eb201000000, 0x00007eb22bb00000, 0x00007eb22bb00000)
  object space 699392K, 99% used [0x00007eb201000000,0x00007eb22bae6918,0x00007eb22bb00000)
 Metaspace       used 6429K, committed 6528K, reserved 8192K
}
Event: 11,905 GC heap after
{Heap after GC invocations=12 (full 9):
 PSYoungGen      total 305664K, used 262143K [0x00007eb22bb00000, 0x00007eb241000000, 0x00007eb241000000)
  eden space 262144K, 99% used [0x00007eb22bb00000,0x00007eb23baffff8,0x00007eb23bb00000)
  from space 43520K, 0% used [0x00007eb23e580000,0x00007eb23e580000,0x00007eb241000000)
  to   space 43520K, 0% used [0x00007eb23bb00000,0x00007eb23bb00000,0x00007eb23e580000)
 ParOldGen       total 699392K, used 699290K [0x00007eb201000000, 0x00007eb22bb00000, 0x00007eb22bb00000)
  object space 699392K, 99% used [0x00007eb201000000,0x00007eb22bae6918,0x00007eb22bb00000)
 Metaspace       used 6429K, committed 6528K, reserved 8192K
}
Event: 11,905 GC heap before
{Heap before GC invocations=13 (full 10):
 PSYoungGen      total 305664K, used 262143K [0x00007eb22bb00000, 0x00007eb241000000, 0x00007eb241000000)
  eden space 262144K, 99% used [0x00007eb22bb00000,0x00007eb23baffff8,0x00007eb23bb00000)
  from space 43520K, 0% used [0x00007eb23e580000,0x00007eb23e580000,0x00007eb241000000)
  to   space 43520K, 0% used [0x00007eb23bb00000,0x00007eb23bb00000,0x00007eb23e580000)
 ParOldGen       total 699392K, used 699293K [0x00007eb201000000, 0x00007eb22bb00000, 0x00007eb22bb00000)
  object space 699392K, 99% used [0x00007eb201000000,0x00007eb22bae75c8,0x00007eb22bb00000)
 Metaspace       used 6429K, committed 6528K, reserved 8192K
}
Event: 13,021 GC heap after
{Heap after GC invocations=13 (full 10):
 PSYoungGen      total 305664K, used 262143K [0x00007eb22bb00000, 0x00007eb241000000, 0x00007eb241000000)
  eden space 262144K, 99% used [0x00007eb22bb00000,0x00007eb23baffff8,0x00007eb23bb00000)
  from space 43520K, 0% used [0x00007eb23bb00000,0x00007eb23bb00000,0x00007eb23e580000)
  to   space 43520K, 0% used [0x00007eb23e580000,0x00007eb23e580000,0x00007eb241000000)
 ParOldGen       total 699392K, used 699293K [0x00007eb201000000, 0x00007eb22bb00000, 0x00007eb22bb00000)
  object space 699392K, 99% used [0x00007eb201000000,0x00007eb22bae75c8,0x00007eb22bb00000)
 Metaspace       used 6429K, committed 6528K, reserved 8192K
}
Event: 13,021 GC heap before
{Heap before GC invocations=14 (full 11):
 PSYoungGen      total 305664K, used 262143K [0x00007eb22bb00000, 0x00007eb241000000, 0x00007eb241000000)
  eden space 262144K, 99% used [0x00007eb22bb00000,0x00007eb23baffff8,0x00007eb23bb00000)
  from space 43520K, 0% used [0x00007eb23bb00000,0x00007eb23bb00000,0x00007eb23e580000)
  to   space 43520K, 0% used [0x00007eb23e580000,0x00007eb23e580000,0x00007eb241000000)
 ParOldGen       total 699392K, used 699296K [0x00007eb201000000, 0x00007eb22bb00000, 0x00007eb22bb00000)
  object space 699392K, 99% used [0x00007eb201000000,0x00007eb22bae8268,0x00007eb22bb00000)
 Metaspace       used 6429K, committed 6528K, reserved 8192K
}
Event: 14,067 GC heap after
{Heap after GC invocations=14 (full 11):
 PSYoungGen      total 305664K, used 262143K [0x00007eb22bb00000, 0x00007eb241000000, 0x00007eb241000000)
  eden space 262144K, 99% used [0x00007eb22bb00000,0x00007eb23baffff8,0x00007eb23bb00000)
  from space 43520K, 0% used [0x00007eb23e580000,0x00007eb23e580000,0x00007eb241000000)
  to   space 43520K, 0% used [0x00007eb23bb00000,0x00007eb23bb00000,0x00007eb23e580000)
 ParOldGen       total 699392K, used 699296K [0x00007eb201000000, 0x00007eb22bb00000, 0x00007eb22bb00000)
  object space 699392K, 99% used [0x00007eb201000000,0x00007eb22bae8268,0x00007eb22bb00000)
 Metaspace       used 6429K, committed 6528K, reserved 8192K
}
Event: 14,067 GC heap before
{Heap before GC invocations=15 (full 12):
 PSYoungGen      total 305664K, used 262143K [0x00007eb22bb00000, 0x00007eb241000000, 0x00007eb241000000)
  eden space 262144K, 99% used [0x00007eb22bb00000,0x00007eb23baffff8,0x00007eb23bb00000)
  from space 43520K, 0% used [0x00007eb23e580000,0x00007eb23e580000,0x00007eb241000000)
  to   space 43520K, 0% used [0x00007eb23bb00000,0x00007eb23bb00000,0x00007eb23e580000)
 ParOldGen       total 699392K, used 699299K [0x00007eb201000000, 0x00007eb22bb00000, 0x00007eb22bb00000)
  object space 699392K, 99% used [0x00007eb201000000,0x00007eb22bae8f18,0x00007eb22bb00000)
 Metaspace       used 6429K, committed 6528K, reserved 8192K
}
Event: 15,058 GC heap after
{Heap after GC invocations=15 (full 12):
 PSYoungGen      total 305664K, used 262143K [0x00007eb22bb00000, 0x00007eb241000000, 0x00007eb241000000)
  eden space 262144K, 99% used [0x00007eb22bb00000,0x00007eb23baffff8,0x00007eb23bb00000)
  from space 43520K, 0% used [0x00007eb23bb00000,0x00007eb23bb00000,0x00007eb23e580000)
  to   space 43520K, 0% used [0x00007eb23e580000,0x00007eb23e580000,0x00007eb241000000)
 ParOldGen       total 699392K, used 699299K [0x00007eb201000000, 0x00007eb22bb00000, 0x00007eb22bb00000)
  object space 699392K, 99% used [0x00007eb201000000,0x00007eb22bae8f18,0x00007eb22bb00000)
 Metaspace       used 6429K, committed 6528K, reserved 8192K
}
Event: 15,058 GC heap before
{Heap before GC invocations=16 (full 13):
 PSYoungGen      total 305664K, used 262143K [0x00007eb22bb00000, 0x00007eb241000000, 0x00007eb241000000)
  eden space 262144K, 99% used [0x00007eb22bb00000,0x00007eb23baffff8,0x00007eb23bb00000)
  from space 43520K, 0% used [0x00007eb23bb00000,0x00007eb23bb00000,0x00007eb23e580000)
  to   space 43520K, 0% used [0x00007eb23e580000,0x00007eb23e580000,0x00007eb241000000)
 ParOldGen       total 699392K, used 699302K [0x00007eb201000000, 0x00007eb22bb00000, 0x00007eb22bb00000)
  object space 699392K, 99% used [0x00007eb201000000,0x00007eb22bae9bc8,0x00007eb22bb00000)
 Metaspace       used 6429K, committed 6528K, reserved 8192K
}
Event: 17,808 GC heap after
{Heap after GC invocations=16 (full 13):
 PSYoungGen      total 305664K, used 42619K [0x00007eb22bb00000, 0x00007eb241000000, 0x00007eb241000000)
  eden space 262144K, 16% used [0x00007eb22bb00000,0x00007eb22e49eff8,0x00007eb23bb00000)
  from space 43520K, 0% used [0x00007eb23e580000,0x00007eb23e580000,0x00007eb241000000)
  to   space 43520K, 0% used [0x00007eb23bb00000,0x00007eb23bb00000,0x00007eb23e580000)
 ParOldGen       total 699392K, used 699124K [0x00007eb201000000, 0x00007eb22bb00000, 0x00007eb22bb00000)
  object space 699392K, 99% used [0x00007eb201000000,0x00007eb22babd0f8,0x00007eb22bb00000)
 Metaspace       used 6429K, committed 6528K, reserved 8192K
}
Event: 18,276 GC heap before
{Heap before GC invocations=17 (full 14):
 PSYoungGen      total 305664K, used 262144K [0x00007eb22bb00000, 0x00007eb241000000, 0x00007eb241000000)
  eden space 262144K, 100% used [0x00007eb22bb00000,0x00007eb23bb00000,0x00007eb23bb00000)
  from space 43520K, 0% used [0x00007eb23e580000,0x00007eb23e580000,0x00007eb241000000)
  to   space 43520K, 0% used [0x00007eb23bb00000,0x00007eb23bb00000,0x00007eb23e580000)
 ParOldGen       total 699392K, used 699124K [0x00007eb201000000, 0x00007eb22bb00000, 0x00007eb22bb00000)
  object space 699392K, 99% used [0x00007eb201000000,0x00007eb22babd0f8,0x00007eb22bb00000)
 Metaspace       used 6429K, committed 6528K, reserved 8192K
}
Event: 20,754 GC heap after
{Heap after GC invocations=17 (full 14):
 PSYoungGen      total 305664K, used 44511K [0x00007eb22bb00000, 0x00007eb241000000, 0x00007eb241000000)
  eden space 262144K, 16% used [0x00007eb22bb00000,0x00007eb22e677fa0,0x00007eb23bb00000)
  from space 43520K, 0% used [0x00007eb23bb00000,0x00007eb23bb00000,0x00007eb23e580000)
  to   space 43520K, 0% used [0x00007eb23e580000,0x00007eb23e580000,0x00007eb241000000)
 ParOldGen       total 699392K, used 699352K [0x00007eb201000000, 0x00007eb22bb00000, 0x00007eb22bb00000)
  object space 699392K, 99% used [0x00007eb201000000,0x00007eb22baf6158,0x00007eb22bb00000)
 Metaspace       used 6429K, committed 6528K, reserved 8192K
}
Event: 20,938 GC heap before
{Heap before GC invocations=18 (full 15):
 PSYoungGen      total 305664K, used 262144K [0x00007eb22bb00000, 0x00007eb241000000, 0x00007eb241000000)
  eden space 262144K, 100% used [0x00007eb22bb00000,0x00007eb23bb00000,0x00007eb23bb00000)
  from space 43520K, 0% used [0x00007eb23bb00000,0x00007eb23bb00000,0x00007eb23e580000)
  to   space 43520K, 0% used [0x00007eb23e580000,0x00007eb23e580000,0x00007eb241000000)
 ParOldGen       total 699392K, used 699352K [0x00007eb201000000, 0x00007eb22bb00000, 0x00007eb22bb00000)
  object space 699392K, 99% used [0x00007eb201000000,0x00007eb22baf6158,0x00007eb22bb00000)
 Metaspace       used 6429K, committed 6528K, reserved 8192K
}

