# JRE version: OpenJDK Runtime Environment (17.0.6) (fastdebug build 17.0.6-internal+0-adhoc.konstdelis.jdk17u067)
# Java VM: OpenJDK 64-Bit Server VM (fastdebug 17.0.6-internal+0-adhoc.konstdelis.jdk17u067, mixed mode, tiered, parallel gc, linux-amd64)
GC Precious Log:
 CPUs: 32 total, 32 available
 Memory: 251G
 Large Page Support: Disabled
 NUMA Support: Disabled
 Compressed Oops: Disabled
 Alignments: Space 512K, Generation 512K, Heap 2M
 Heap Min Capacity: 3G
 Heap Initial Capacity: 3G
 Heap Max Capacity: 3G
 Pre-touch: Disabled
 Parallel Workers: 8
Heap:
 PSYoungGen      total 917504K, used 0K [0x00007ef6c1000000, 0x00007ef701000000, 0x00007ef701000000)
  eden space 786432K, 0% used [0x00007ef6c1000000,0x00007ef6c1000000,0x00007ef6f1000000)
  from space 131072K, 0% used [0x00007ef6f9000000,0x00007ef6f9000000,0x00007ef701000000)
  to   space 131072K, 0% used [0x00007ef6f1000000,0x00007ef6f1000000,0x00007ef6f9000000)
 ParOldGen       total 2097152K, used 1455K [0x00007ef641000000, 0x00007ef6c1000000, 0x00007ef6c1000000)
  object space 2097152K, 0% used [0x00007ef641000000,0x00007ef64116be40,0x00007ef6c1000000)
 Metaspace       used 7387K, committed 7488K, reserved 8192K
GC Heap History (20 events):
Event: 2,443 GC heap after
{Heap after GC invocations=2 (full 1):
 PSYoungGen      total 917504K, used 0K [0x00007ef6c1000000, 0x00007ef701000000, 0x00007ef701000000)
  eden space 786432K, 0% used [0x00007ef6c1000000,0x00007ef6c1000000,0x00007ef6f1000000)
  from space 131072K, 0% used [0x00007ef6f1000000,0x00007ef6f1000000,0x00007ef6f9000000)
  to   space 131072K, 0% used [0x00007ef6f9000000,0x00007ef6f9000000,0x00007ef701000000)
 ParOldGen       total 2097152K, used 1472K [0x00007ef641000000, 0x00007ef6c1000000, 0x00007ef6c1000000)
  object space 2097152K, 0% used [0x00007ef641000000,0x00007ef641170020,0x00007ef6c1000000)
 Metaspace       used 7387K, committed 7488K, reserved 8192K
}
Event: 2,446 GC heap before
{Heap before GC invocations=3 (full 1):
 PSYoungGen      total 917504K, used 47186K [0x00007ef6c1000000, 0x00007ef701000000, 0x00007ef701000000)
  eden space 786432K, 6% used [0x00007ef6c1000000,0x00007ef6c3e14818,0x00007ef6f1000000)
  from space 131072K, 0% used [0x00007ef6f1000000,0x00007ef6f1000000,0x00007ef6f9000000)
  to   space 131072K, 0% used [0x00007ef6f9000000,0x00007ef6f9000000,0x00007ef701000000)
 ParOldGen       total 2097152K, used 1472K [0x00007ef641000000, 0x00007ef6c1000000, 0x00007ef6c1000000)
  object space 2097152K, 0% used [0x00007ef641000000,0x00007ef641170020,0x00007ef6c1000000)
 Metaspace       used 7387K, committed 7488K, reserved 8192K
}
Event: 2,455 GC heap after
{Heap after GC invocations=3 (full 1):
 PSYoungGen      total 917504K, used 96K [0x00007ef6c1000000, 0x00007ef701000000, 0x00007ef701000000)
  eden space 786432K, 0% used [0x00007ef6c1000000,0x00007ef6c1000000,0x00007ef6f1000000)
  from space 131072K, 0% used [0x00007ef6f9000000,0x00007ef6f9018000,0x00007ef701000000)
  to   space 131072K, 0% used [0x00007ef6f1000000,0x00007ef6f1000000,0x00007ef6f9000000)
 ParOldGen       total 2097152K, used 1472K [0x00007ef641000000, 0x00007ef6c1000000, 0x00007ef6c1000000)
  object space 2097152K, 0% used [0x00007ef641000000,0x00007ef641170020,0x00007ef6c1000000)
 Metaspace       used 7387K, committed 7488K, reserved 8192K
}
Event: 2,456 GC heap before
{Heap before GC invocations=4 (full 2):
 PSYoungGen      total 917504K, used 96K [0x00007ef6c1000000, 0x00007ef701000000, 0x00007ef701000000)
  eden space 786432K, 0% used [0x00007ef6c1000000,0x00007ef6c1000000,0x00007ef6f1000000)
  from space 131072K, 0% used [0x00007ef6f9000000,0x00007ef6f9018000,0x00007ef701000000)
  to   space 131072K, 0% used [0x00007ef6f1000000,0x00007ef6f1000000,0x00007ef6f9000000)
 ParOldGen       total 2097152K, used 1472K [0x00007ef641000000, 0x00007ef6c1000000, 0x00007ef6c1000000)
  object space 2097152K, 0% used [0x00007ef641000000,0x00007ef641170020,0x00007ef6c1000000)
 Metaspace       used 7387K, committed 7488K, reserved 8192K
}
Event: 2,692 GC heap after
{Heap after GC invocations=4 (full 2):
 PSYoungGen      total 917504K, used 0K [0x00007ef6c1000000, 0x00007ef701000000, 0x00007ef701000000)
  eden space 786432K, 0% used [0x00007ef6c1000000,0x00007ef6c1000000,0x00007ef6f1000000)
  from space 131072K, 0% used [0x00007ef6f9000000,0x00007ef6f9000000,0x00007ef701000000)
  to   space 131072K, 0% used [0x00007ef6f1000000,0x00007ef6f1000000,0x00007ef6f9000000)
 ParOldGen       total 2097152K, used 1468K [0x00007ef641000000, 0x00007ef6c1000000, 0x00007ef6c1000000)
  object space 2097152K, 0% used [0x00007ef641000000,0x00007ef64116f0a0,0x00007ef6c1000000)
 Metaspace       used 7387K, committed 7488K, reserved 8192K
}
Event: 2,695 GC heap before
{Heap before GC invocations=5 (full 2):
 PSYoungGen      total 917504K, used 15728K [0x00007ef6c1000000, 0x00007ef701000000, 0x00007ef701000000)
  eden space 786432K, 2% used [0x00007ef6c1000000,0x00007ef6c1f5c2c8,0x00007ef6f1000000)
  from space 131072K, 0% used [0x00007ef6f9000000,0x00007ef6f9000000,0x00007ef701000000)
  to   space 131072K, 0% used [0x00007ef6f1000000,0x00007ef6f1000000,0x00007ef6f9000000)
 ParOldGen       total 2097152K, used 1468K [0x00007ef641000000, 0x00007ef6c1000000, 0x00007ef6c1000000)
  object space 2097152K, 0% used [0x00007ef641000000,0x00007ef64116f0a0,0x00007ef6c1000000)
 Metaspace       used 7387K, committed 7488K, reserved 8192K
}
Event: 2,697 GC heap after
{Heap after GC invocations=5 (full 2):
 PSYoungGen      total 917504K, used 0K [0x00007ef6c1000000, 0x00007ef701000000, 0x00007ef701000000)
  eden space 786432K, 0% used [0x00007ef6c1000000,0x00007ef6c1000000,0x00007ef6f1000000)
  from space 131072K, 0% used [0x00007ef6f1000000,0x00007ef6f1000000,0x00007ef6f9000000)
  to   space 131072K, 0% used [0x00007ef6f9000000,0x00007ef6f9000000,0x00007ef701000000)
 ParOldGen       total 2097152K, used 1468K [0x00007ef641000000, 0x00007ef6c1000000, 0x00007ef6c1000000)
  object space 2097152K, 0% used [0x00007ef641000000,0x00007ef64116f0a0,0x00007ef6c1000000)
 Metaspace       used 7387K, committed 7488K, reserved 8192K
}
Event: 2,697 GC heap before
{Heap before GC invocations=6 (full 3):
 PSYoungGen      total 917504K, used 0K [0x00007ef6c1000000, 0x00007ef701000000, 0x00007ef701000000)
  eden space 786432K, 0% used [0x00007ef6c1000000,0x00007ef6c1000000,0x00007ef6f1000000)
  from space 131072K, 0% used [0x00007ef6f1000000,0x00007ef6f1000000,0x00007ef6f9000000)
  to   space 131072K, 0% used [0x00007ef6f9000000,0x00007ef6f9000000,0x00007ef701000000)
 ParOldGen       total 2097152K, used 1468K [0x00007ef641000000, 0x00007ef6c1000000, 0x00007ef6c1000000)
  object space 2097152K, 0% used [0x00007ef641000000,0x00007ef64116f0a0,0x00007ef6c1000000)
 Metaspace       used 7387K, committed 7488K, reserved 8192K
}
Event: 2,724 GC heap after
{Heap after GC invocations=6 (full 3):
 PSYoungGen      total 917504K, used 0K [0x00007ef6c1000000, 0x00007ef701000000, 0x00007ef701000000)
  eden space 786432K, 0% used [0x00007ef6c1000000,0x00007ef6c1000000,0x00007ef6f1000000)
  from space 131072K, 0% used [0x00007ef6f1000000,0x00007ef6f1000000,0x00007ef6f9000000)
  to   space 131072K, 0% used [0x00007ef6f9000000,0x00007ef6f9000000,0x00007ef701000000)
 ParOldGen       total 2097152K, used 1467K [0x00007ef641000000, 0x00007ef6c1000000, 0x00007ef6c1000000)
  object space 2097152K, 0% used [0x00007ef641000000,0x00007ef64116ec40,0x00007ef6c1000000)
 Metaspace       used 7387K, committed 7488K, reserved 8192K
}
Event: 2,727 GC heap before
{Heap before GC invocations=7 (full 3):
 PSYoungGen      total 917504K, used 15728K [0x00007ef6c1000000, 0x00007ef701000000, 0x00007ef701000000)
  eden space 786432K, 2% used [0x00007ef6c1000000,0x00007ef6c1f5c2c8,0x00007ef6f1000000)
  from space 131072K, 0% used [0x00007ef6f1000000,0x00007ef6f1000000,0x00007ef6f9000000)
  to   space 131072K, 0% used [0x00007ef6f9000000,0x00007ef6f9000000,0x00007ef701000000)
 ParOldGen       total 2097152K, used 1467K [0x00007ef641000000, 0x00007ef6c1000000, 0x00007ef6c1000000)
  object space 2097152K, 0% used [0x00007ef641000000,0x00007ef64116ec40,0x00007ef6c1000000)
 Metaspace       used 7387K, committed 7488K, reserved 8192K
}
Event: 2,729 GC heap after
{Heap after GC invocations=7 (full 3):
 PSYoungGen      total 917504K, used 0K [0x00007ef6c1000000, 0x00007ef701000000, 0x00007ef701000000)
  eden space 786432K, 0% used [0x00007ef6c1000000,0x00007ef6c1000000,0x00007ef6f1000000)
  from space 131072K, 0% used [0x00007ef6f9000000,0x00007ef6f9000000,0x00007ef701000000)
  to   space 131072K, 0% used [0x00007ef6f1000000,0x00007ef6f1000000,0x00007ef6f9000000)
 ParOldGen       total 2097152K, used 1467K [0x00007ef641000000, 0x00007ef6c1000000, 0x00007ef6c1000000)
  object space 2097152K, 0% used [0x00007ef641000000,0x00007ef64116ec40,0x00007ef6c1000000)
 Metaspace       used 7387K, committed 7488K, reserved 8192K
}
Event: 2,729 GC heap before
{Heap before GC invocations=8 (full 4):
 PSYoungGen      total 917504K, used 0K [0x00007ef6c1000000, 0x00007ef701000000, 0x00007ef701000000)
  eden space 786432K, 0% used [0x00007ef6c1000000,0x00007ef6c1000000,0x00007ef6f1000000)
  from space 131072K, 0% used [0x00007ef6f9000000,0x00007ef6f9000000,0x00007ef701000000)
  to   space 131072K, 0% used [0x00007ef6f1000000,0x00007ef6f1000000,0x00007ef6f9000000)
 ParOldGen       total 2097152K, used 1467K [0x00007ef641000000, 0x00007ef6c1000000, 0x00007ef6c1000000)
  object space 2097152K, 0% used [0x00007ef641000000,0x00007ef64116ec40,0x00007ef6c1000000)
 Metaspace       used 7387K, committed 7488K, reserved 8192K
}
Event: 2,929 GC heap after
{Heap after GC invocations=8 (full 4):
 PSYoungGen      total 917504K, used 0K [0x00007ef6c1000000, 0x00007ef701000000, 0x00007ef701000000)
  eden space 786432K, 0% used [0x00007ef6c1000000,0x00007ef6c1000000,0x00007ef6f1000000)
  from space 131072K, 0% used [0x00007ef6f9000000,0x00007ef6f9000000,0x00007ef701000000)
  to   space 131072K, 0% used [0x00007ef6f1000000,0x00007ef6f1000000,0x00007ef6f9000000)
 ParOldGen       total 2097152K, used 1469K [0x00007ef641000000, 0x00007ef6c1000000, 0x00007ef6c1000000)
  object space 2097152K, 0% used [0x00007ef641000000,0x00007ef64116f500,0x00007ef6c1000000)
 Metaspace       used 7387K, committed 7488K, reserved 8192K
}
Event: 2,932 GC heap before
{Heap before GC invocations=9 (full 4):
 PSYoungGen      total 917504K, used 15728K [0x00007ef6c1000000, 0x00007ef701000000, 0x00007ef701000000)
  eden space 786432K, 2% used [0x00007ef6c1000000,0x00007ef6c1f5c2c8,0x00007ef6f1000000)
  from space 131072K, 0% used [0x00007ef6f9000000,0x00007ef6f9000000,0x00007ef701000000)
  to   space 131072K, 0% used [0x00007ef6f1000000,0x00007ef6f1000000,0x00007ef6f9000000)
 ParOldGen       total 2097152K, used 1469K [0x00007ef641000000, 0x00007ef6c1000000, 0x00007ef6c1000000)
  object space 2097152K, 0% used [0x00007ef641000000,0x00007ef64116f500,0x00007ef6c1000000)
 Metaspace       used 7387K, committed 7488K, reserved 8192K
}
Event: 2,935 GC heap after
{Heap after GC invocations=9 (full 4):
 PSYoungGen      total 917504K, used 160K [0x00007ef6c1000000, 0x00007ef701000000, 0x00007ef701000000)
  eden space 786432K, 0% used [0x00007ef6c1000000,0x00007ef6c1000000,0x00007ef6f1000000)
  from space 131072K, 0% used [0x00007ef6f1000000,0x00007ef6f1028000,0x00007ef6f9000000)
  to   space 131072K, 0% used [0x00007ef6f9000000,0x00007ef6f9000000,0x00007ef701000000)
 ParOldGen       total 2097152K, used 1469K [0x00007ef641000000, 0x00007ef6c1000000, 0x00007ef6c1000000)
  object space 2097152K, 0% used [0x00007ef641000000,0x00007ef64116f500,0x00007ef6c1000000)
 Metaspace       used 7387K, committed 7488K, reserved 8192K
}
Event: 2,935 GC heap before
{Heap before GC invocations=10 (full 5):
 PSYoungGen      total 917504K, used 160K [0x00007ef6c1000000, 0x00007ef701000000, 0x00007ef701000000)
  eden space 786432K, 0% used [0x00007ef6c1000000,0x00007ef6c1000000,0x00007ef6f1000000)
  from space 131072K, 0% used [0x00007ef6f1000000,0x00007ef6f1028000,0x00007ef6f9000000)
  to   space 131072K, 0% used [0x00007ef6f9000000,0x00007ef6f9000000,0x00007ef701000000)
 ParOldGen       total 2097152K, used 1469K [0x00007ef641000000, 0x00007ef6c1000000, 0x00007ef6c1000000)
  object space 2097152K, 0% used [0x00007ef641000000,0x00007ef64116f500,0x00007ef6c1000000)
 Metaspace       used 7387K, committed 7488K, reserved 8192K
}
Event: 2,969 GC heap after
{Heap after GC invocations=10 (full 5):
 PSYoungGen      total 917504K, used 0K [0x00007ef6c1000000, 0x00007ef701000000, 0x00007ef701000000)
  eden space 786432K, 0% used [0x00007ef6c1000000,0x00007ef6c1000000,0x00007ef6f1000000)
  from space 131072K, 0% used [0x00007ef6f1000000,0x00007ef6f1000000,0x00007ef6f9000000)
  to   space 131072K, 0% used [0x00007ef6f9000000,0x00007ef6f9000000,0x00007ef701000000)
 ParOldGen       total 2097152K, used 1455K [0x00007ef641000000, 0x00007ef6c1000000, 0x00007ef6c1000000)
  object space 2097152K, 0% used [0x00007ef641000000,0x00007ef64116be40,0x00007ef6c1000000)
 Metaspace       used 7387K, committed 7488K, reserved 8192K
}
Event: 2,972 GC heap before
{Heap before GC invocations=11 (full 5):
 PSYoungGen      total 917504K, used 15728K [0x00007ef6c1000000, 0x00007ef701000000, 0x00007ef701000000)
  eden space 786432K, 2% used [0x00007ef6c1000000,0x00007ef6c1f5c2c8,0x00007ef6f1000000)
  from space 131072K, 0% used [0x00007ef6f1000000,0x00007ef6f1000000,0x00007ef6f9000000)
  to   space 131072K, 0% used [0x00007ef6f9000000,0x00007ef6f9000000,0x00007ef701000000)
 ParOldGen       total 2097152K, used 1455K [0x00007ef641000000, 0x00007ef6c1000000, 0x00007ef6c1000000)
  object space 2097152K, 0% used [0x00007ef641000000,0x00007ef64116be40,0x00007ef6c1000000)
 Metaspace       used 7387K, committed 7488K, reserved 8192K
}
Event: 2,974 GC heap after
{Heap after GC invocations=11 (full 5):
 PSYoungGen      total 917504K, used 0K [0x00007ef6c1000000, 0x00007ef701000000, 0x00007ef701000000)
  eden space 786432K, 0% used [0x00007ef6c1000000,0x00007ef6c1000000,0x00007ef6f1000000)
  from space 131072K, 0% used [0x00007ef6f9000000,0x00007ef6f9000000,0x00007ef701000000)
  to   space 131072K, 0% used [0x00007ef6f1000000,0x00007ef6f1000000,0x00007ef6f9000000)
 ParOldGen       total 2097152K, used 1455K [0x00007ef641000000, 0x00007ef6c1000000, 0x00007ef6c1000000)
  object space 2097152K, 0% used [0x00007ef641000000,0x00007ef64116be40,0x00007ef6c1000000)
 Metaspace       used 7387K, committed 7488K, reserved 8192K
}
Event: 2,974 GC heap before
{Heap before GC invocations=12 (full 6):
 PSYoungGen      total 917504K, used 0K [0x00007ef6c1000000, 0x00007ef701000000, 0x00007ef701000000)
  eden space 786432K, 0% used [0x00007ef6c1000000,0x00007ef6c1000000,0x00007ef6f1000000)
  from space 131072K, 0% used [0x00007ef6f9000000,0x00007ef6f9000000,0x00007ef701000000)
  to   space 131072K, 0% used [0x00007ef6f1000000,0x00007ef6f1000000,0x00007ef6f9000000)
 ParOldGen       total 2097152K, used 1455K [0x00007ef641000000, 0x00007ef6c1000000, 0x00007ef6c1000000)
  object space 2097152K, 0% used [0x00007ef641000000,0x00007ef64116be40,0x00007ef6c1000000)
 Metaspace       used 7387K, committed 7488K, reserved 8192K
}

