# JRE version: OpenJDK Runtime Environment (17.0.6) (build 17.0.6-internal+0-adhoc.konstdelis.jdk17u067)
# Java VM: OpenJDK 64-Bit Server VM (17.0.6-internal+0-adhoc.konstdelis.jdk17u067, mixed mode, tiered, parallel gc, linux-amd64)
GC Precious Log:
 CPUs: 32 total, 32 available
 Memory: 251G
 Large Page Support: Disabled
 NUMA Support: Disabled
 Compressed Oops: Disabled
 Alignments: Space 512K, Generation 512K, Heap 2M
 Heap Min Capacity: 1G
 Heap Initial Capacity: 1G
 Heap Max Capacity: 1G
 Pre-touch: Disabled
 Parallel Workers: 8
Heap:
 PSYoungGen      total 305664K, used 1472K [0x00007f50cbb00000, 0x00007f50e1000000, 0x00007f50e1000000)
  eden space 262144K, 0% used [0x00007f50cbb00000,0x00007f50cbb00000,0x00007f50dbb00000)
  from space 43520K, 3% used [0x00007f50dbb00000,0x00007f50dbc70040,0x00007f50de580000)
  to   space 43520K, 0% used [0x00007f50de580000,0x00007f50de580000,0x00007f50e1000000)
 ParOldGen       total 699392K, used 8K [0x00007f50a1000000, 0x00007f50cbb00000, 0x00007f50cbb00000)
  object space 699392K, 0% used [0x00007f50a1000000,0x00007f50a1002000,0x00007f50cbb00000)
 Metaspace       used 6991K, committed 7104K, reserved 8192K
GC Heap History (3 events):
Event: 0,425 GC heap before
{Heap before GC invocations=1 (full 0):
 PSYoungGen      total 305664K, used 26214K [0x00007f50cbb00000, 0x00007f50e1000000, 0x00007f50e1000000)
  eden space 262144K, 10% used [0x00007f50cbb00000,0x00007f50cd499be8,0x00007f50dbb00000)
  from space 43520K, 0% used [0x00007f50de580000,0x00007f50de580000,0x00007f50e1000000)
  to   space 43520K, 0% used [0x00007f50dbb00000,0x00007f50dbb00000,0x00007f50de580000)
 ParOldGen       total 699392K, used 0K [0x00007f50a1000000, 0x00007f50cbb00000, 0x00007f50cbb00000)
  object space 699392K, 0% used [0x00007f50a1000000,0x00007f50a1000000,0x00007f50cbb00000)
 Metaspace       used 6991K, committed 7104K, reserved 8192K
}
Event: 0,429 GC heap after
{Heap after GC invocations=1 (full 0):
 PSYoungGen      total 305664K, used 1472K [0x00007f50cbb00000, 0x00007f50e1000000, 0x00007f50e1000000)
  eden space 262144K, 0% used [0x00007f50cbb00000,0x00007f50cbb00000,0x00007f50dbb00000)
  from space 43520K, 3% used [0x00007f50dbb00000,0x00007f50dbc70040,0x00007f50de580000)
  to   space 43520K, 0% used [0x00007f50de580000,0x00007f50de580000,0x00007f50e1000000)
 ParOldGen       total 699392K, used 8K [0x00007f50a1000000, 0x00007f50cbb00000, 0x00007f50cbb00000)
  object space 699392K, 0% used [0x00007f50a1000000,0x00007f50a1002000,0x00007f50cbb00000)
 Metaspace       used 6991K, committed 7104K, reserved 8192K
}
Event: 0,429 GC heap before
{Heap before GC invocations=2 (full 1):
 PSYoungGen      total 305664K, used 1472K [0x00007f50cbb00000, 0x00007f50e1000000, 0x00007f50e1000000)
  eden space 262144K, 0% used [0x00007f50cbb00000,0x00007f50cbb00000,0x00007f50dbb00000)
  from space 43520K, 3% used [0x00007f50dbb00000,0x00007f50dbc70040,0x00007f50de580000)
  to   space 43520K, 0% used [0x00007f50de580000,0x00007f50de580000,0x00007f50e1000000)
 ParOldGen       total 699392K, used 8K [0x00007f50a1000000, 0x00007f50cbb00000, 0x00007f50cbb00000)
  object space 699392K, 0% used [0x00007f50a1000000,0x00007f50a1002000,0x00007f50cbb00000)
 Metaspace       used 6991K, committed 7104K, reserved 8192K
}

