# JRE version: OpenJDK Runtime Environment (17.0.6) (fastdebug build 17.0.6-internal+0-adhoc.konstdelis.jdk17u067)
# Java VM: OpenJDK 64-Bit Server VM (fastdebug 17.0.6-internal+0-adhoc.konstdelis.jdk17u067, mixed mode, tiered, parallel gc, linux-amd64)
GC Precious Log:
 CPUs: 32 total, 32 available
 Memory: 251G
 Large Page Support: Disabled
 NUMA Support: Disabled
 Compressed Oops: Disabled
 Alignments: Space 512K, Generation 512K, Heap 2M
 Heap Min Capacity: 3G
 Heap Initial Capacity: 3G
 Heap Max Capacity: 3G
 Pre-touch: Disabled
 Parallel Workers: 6
Heap:
 PSYoungGen      total 917504K, used 161439K [0x00007f173d000000, 0x00007f177d000000, 0x00007f177d000000)
  eden space 786432K, 20% used [0x00007f173d000000,0x00007f1746da7e18,0x00007f176d000000)
  from space 131072K, 0% used [0x00007f1775000000,0x00007f1775000000,0x00007f177d000000)
  to   space 131072K, 99% used [0x00007f176d000000,0x00007f1774f35808,0x00007f1775000000)
 ParOldGen       total 2097152K, used 342020K [0x00007f16bd000000, 0x00007f173d000000, 0x00007f173d000000)
  object space 2097152K, 16% used [0x00007f16bd000000,0x00007f16d1e012e8,0x00007f173d000000)
 Metaspace       used 7420K, committed 7488K, reserved 8192K
GC Heap History (17 events):
Event: 2,614 GC heap before
{Heap before GC invocations=1 (full 0):
 PSYoungGen      total 917504K, used 366536K [0x00007f173d000000, 0x00007f177d000000, 0x00007f177d000000)
  eden space 786432K, 46% used [0x00007f173d000000,0x00007f17535f2160,0x00007f176d000000)
  from space 131072K, 0% used [0x00007f1775000000,0x00007f1775000000,0x00007f177d000000)
  to   space 131072K, 0% used [0x00007f176d000000,0x00007f176d000000,0x00007f1775000000)
 ParOldGen       total 2097152K, used 0K [0x00007f16bd000000, 0x00007f173d000000, 0x00007f173d000000)
  object space 2097152K, 0% used [0x00007f16bd000000,0x00007f16bd000000,0x00007f173d000000)
 Metaspace       used 7414K, committed 7488K, reserved 8192K
}
Event: 2,934 GC heap after
{Heap after GC invocations=1 (full 0):
 PSYoungGen      total 917504K, used 131056K [0x00007f173d000000, 0x00007f177d000000, 0x00007f177d000000)
  eden space 786432K, 0% used [0x00007f173d000000,0x00007f173d000000,0x00007f176d000000)
  from space 131072K, 99% used [0x00007f176d000000,0x00007f1774ffc070,0x00007f1775000000)
  to   space 131072K, 0% used [0x00007f1775000000,0x00007f1775000000,0x00007f177d000000)
 ParOldGen       total 2097152K, used 93296K [0x00007f16bd000000, 0x00007f173d000000, 0x00007f173d000000)
  object space 2097152K, 4% used [0x00007f16bd000000,0x00007f16c2b1c000,0x00007f173d000000)
 Metaspace       used 7414K, committed 7488K, reserved 8192K
}
Event: 2,934 GC heap before
{Heap before GC invocations=2 (full 1):
 PSYoungGen      total 917504K, used 131056K [0x00007f173d000000, 0x00007f177d000000, 0x00007f177d000000)
  eden space 786432K, 0% used [0x00007f173d000000,0x00007f173d000000,0x00007f176d000000)
  from space 131072K, 99% used [0x00007f176d000000,0x00007f1774ffc070,0x00007f1775000000)
  to   space 131072K, 0% used [0x00007f1775000000,0x00007f1775000000,0x00007f177d000000)
 ParOldGen       total 2097152K, used 93296K [0x00007f16bd000000, 0x00007f173d000000, 0x00007f173d000000)
  object space 2097152K, 4% used [0x00007f16bd000000,0x00007f16c2b1c000,0x00007f173d000000)
 Metaspace       used 7414K, committed 7488K, reserved 8192K
}
Event: 4,763 GC heap after
{Heap after GC invocations=2 (full 1):
 PSYoungGen      total 917504K, used 0K [0x00007f173d000000, 0x00007f177d000000, 0x00007f177d000000)
  eden space 786432K, 0% used [0x00007f173d000000,0x00007f173d000000,0x00007f176d000000)
  from space 131072K, 0% used [0x00007f176d000000,0x00007f176d000000,0x00007f1775000000)
  to   space 131072K, 0% used [0x00007f1775000000,0x00007f1775000000,0x00007f177d000000)
 ParOldGen       total 2097152K, used 110050K [0x00007f16bd000000, 0x00007f173d000000, 0x00007f173d000000)
  object space 2097152K, 5% used [0x00007f16bd000000,0x00007f16c3b78808,0x00007f173d000000)
 Metaspace       used 7414K, committed 7488K, reserved 8192K
}
Event: 4,792 GC heap before
{Heap before GC invocations=3 (full 1):
 PSYoungGen      total 917504K, used 15728K [0x00007f173d000000, 0x00007f177d000000, 0x00007f177d000000)
  eden space 786432K, 2% used [0x00007f173d000000,0x00007f173df5c2c8,0x00007f176d000000)
  from space 131072K, 0% used [0x00007f176d000000,0x00007f176d000000,0x00007f1775000000)
  to   space 131072K, 0% used [0x00007f1775000000,0x00007f1775000000,0x00007f177d000000)
 ParOldGen       total 2097152K, used 110050K [0x00007f16bd000000, 0x00007f173d000000, 0x00007f173d000000)
  object space 2097152K, 5% used [0x00007f16bd000000,0x00007f16c3b78808,0x00007f173d000000)
 Metaspace       used 7420K, committed 7488K, reserved 8192K
}
Event: 4,811 GC heap after
{Heap after GC invocations=3 (full 1):
 PSYoungGen      total 917504K, used 0K [0x00007f173d000000, 0x00007f177d000000, 0x00007f177d000000)
  eden space 786432K, 0% used [0x00007f173d000000,0x00007f173d000000,0x00007f176d000000)
  from space 131072K, 0% used [0x00007f1775000000,0x00007f1775000000,0x00007f177d000000)
  to   space 131072K, 0% used [0x00007f176d000000,0x00007f176d000000,0x00007f1775000000)
 ParOldGen       total 2097152K, used 110050K [0x00007f16bd000000, 0x00007f173d000000, 0x00007f173d000000)
  object space 2097152K, 5% used [0x00007f16bd000000,0x00007f16c3b78808,0x00007f173d000000)
 Metaspace       used 7420K, committed 7488K, reserved 8192K
}
Event: 4,811 GC heap before
{Heap before GC invocations=4 (full 2):
 PSYoungGen      total 917504K, used 0K [0x00007f173d000000, 0x00007f177d000000, 0x00007f177d000000)
  eden space 786432K, 0% used [0x00007f173d000000,0x00007f173d000000,0x00007f176d000000)
  from space 131072K, 0% used [0x00007f1775000000,0x00007f1775000000,0x00007f177d000000)
  to   space 131072K, 0% used [0x00007f176d000000,0x00007f176d000000,0x00007f1775000000)
 ParOldGen       total 2097152K, used 110050K [0x00007f16bd000000, 0x00007f173d000000, 0x00007f173d000000)
  object space 2097152K, 5% used [0x00007f16bd000000,0x00007f16c3b78808,0x00007f173d000000)
 Metaspace       used 7420K, committed 7488K, reserved 8192K
}
Event: 5,875 GC heap after
{Heap after GC invocations=4 (full 2):
 PSYoungGen      total 917504K, used 0K [0x00007f173d000000, 0x00007f177d000000, 0x00007f177d000000)
  eden space 786432K, 0% used [0x00007f173d000000,0x00007f173d000000,0x00007f176d000000)
  from space 131072K, 0% used [0x00007f1775000000,0x00007f1775000000,0x00007f177d000000)
  to   space 131072K, 0% used [0x00007f176d000000,0x00007f176d000000,0x00007f1775000000)
 ParOldGen       total 2097152K, used 223508K [0x00007f16bd000000, 0x00007f173d000000, 0x00007f173d000000)
  object space 2097152K, 10% used [0x00007f16bd000000,0x00007f16caa45338,0x00007f173d000000)
 Metaspace       used 7420K, committed 7488K, reserved 8192K
}
Event: 5,888 GC heap before
{Heap before GC invocations=5 (full 2):
 PSYoungGen      total 917504K, used 15728K [0x00007f173d000000, 0x00007f177d000000, 0x00007f177d000000)
  eden space 786432K, 2% used [0x00007f173d000000,0x00007f173df5c2c8,0x00007f176d000000)
  from space 131072K, 0% used [0x00007f1775000000,0x00007f1775000000,0x00007f177d000000)
  to   space 131072K, 0% used [0x00007f176d000000,0x00007f176d000000,0x00007f1775000000)
 ParOldGen       total 2097152K, used 223508K [0x00007f16bd000000, 0x00007f173d000000, 0x00007f173d000000)
  object space 2097152K, 10% used [0x00007f16bd000000,0x00007f16caa45338,0x00007f173d000000)
 Metaspace       used 7420K, committed 7488K, reserved 8192K
}
Event: 5,892 GC heap after
{Heap after GC invocations=5 (full 2):
 PSYoungGen      total 917504K, used 0K [0x00007f173d000000, 0x00007f177d000000, 0x00007f177d000000)
  eden space 786432K, 0% used [0x00007f173d000000,0x00007f173d000000,0x00007f176d000000)
  from space 131072K, 0% used [0x00007f176d000000,0x00007f176d000000,0x00007f1775000000)
  to   space 131072K, 0% used [0x00007f1775000000,0x00007f1775000000,0x00007f177d000000)
 ParOldGen       total 2097152K, used 223508K [0x00007f16bd000000, 0x00007f173d000000, 0x00007f173d000000)
  object space 2097152K, 10% used [0x00007f16bd000000,0x00007f16caa45338,0x00007f173d000000)
 Metaspace       used 7420K, committed 7488K, reserved 8192K
}
Event: 5,893 GC heap before
{Heap before GC invocations=6 (full 3):
 PSYoungGen      total 917504K, used 0K [0x00007f173d000000, 0x00007f177d000000, 0x00007f177d000000)
  eden space 786432K, 0% used [0x00007f173d000000,0x00007f173d000000,0x00007f176d000000)
  from space 131072K, 0% used [0x00007f176d000000,0x00007f176d000000,0x00007f1775000000)
  to   space 131072K, 0% used [0x00007f1775000000,0x00007f1775000000,0x00007f177d000000)
 ParOldGen       total 2097152K, used 223508K [0x00007f16bd000000, 0x00007f173d000000, 0x00007f173d000000)
  object space 2097152K, 10% used [0x00007f16bd000000,0x00007f16caa45338,0x00007f173d000000)
 Metaspace       used 7420K, committed 7488K, reserved 8192K
}
Event: 7,824 GC heap after
{Heap after GC invocations=6 (full 3):
 PSYoungGen      total 917504K, used 0K [0x00007f173d000000, 0x00007f177d000000, 0x00007f177d000000)
  eden space 786432K, 0% used [0x00007f173d000000,0x00007f173d000000,0x00007f176d000000)
  from space 131072K, 0% used [0x00007f176d000000,0x00007f176d000000,0x00007f1775000000)
  to   space 131072K, 0% used [0x00007f1775000000,0x00007f1775000000,0x00007f177d000000)
 ParOldGen       total 2097152K, used 336972K [0x00007f16bd000000, 0x00007f173d000000, 0x00007f173d000000)
  object space 2097152K, 16% used [0x00007f16bd000000,0x00007f16d19132e8,0x00007f173d000000)
 Metaspace       used 7420K, committed 7488K, reserved 8192K
}
Event: 7,833 GC heap before
{Heap before GC invocations=7 (full 3):
 PSYoungGen      total 917504K, used 15728K [0x00007f173d000000, 0x00007f177d000000, 0x00007f177d000000)
  eden space 786432K, 2% used [0x00007f173d000000,0x00007f173df5c2c8,0x00007f176d000000)
  from space 131072K, 0% used [0x00007f176d000000,0x00007f176d000000,0x00007f1775000000)
  to   space 131072K, 0% used [0x00007f1775000000,0x00007f1775000000,0x00007f177d000000)
 ParOldGen       total 2097152K, used 336972K [0x00007f16bd000000, 0x00007f173d000000, 0x00007f173d000000)
  object space 2097152K, 16% used [0x00007f16bd000000,0x00007f16d19132e8,0x00007f173d000000)
 Metaspace       used 7420K, committed 7488K, reserved 8192K
}
Event: 7,837 GC heap after
{Heap after GC invocations=7 (full 3):
 PSYoungGen      total 917504K, used 0K [0x00007f173d000000, 0x00007f177d000000, 0x00007f177d000000)
  eden space 786432K, 0% used [0x00007f173d000000,0x00007f173d000000,0x00007f176d000000)
  from space 131072K, 0% used [0x00007f1775000000,0x00007f1775000000,0x00007f177d000000)
  to   space 131072K, 0% used [0x00007f176d000000,0x00007f176d000000,0x00007f1775000000)
 ParOldGen       total 2097152K, used 336972K [0x00007f16bd000000, 0x00007f173d000000, 0x00007f173d000000)
  object space 2097152K, 16% used [0x00007f16bd000000,0x00007f16d19132e8,0x00007f173d000000)
 Metaspace       used 7420K, committed 7488K, reserved 8192K
}
Event: 7,837 GC heap before
{Heap before GC invocations=8 (full 4):
 PSYoungGen      total 917504K, used 0K [0x00007f173d000000, 0x00007f177d000000, 0x00007f177d000000)
  eden space 786432K, 0% used [0x00007f173d000000,0x00007f173d000000,0x00007f176d000000)
  from space 131072K, 0% used [0x00007f1775000000,0x00007f1775000000,0x00007f177d000000)
  to   space 131072K, 0% used [0x00007f176d000000,0x00007f176d000000,0x00007f1775000000)
 ParOldGen       total 2097152K, used 336972K [0x00007f16bd000000, 0x00007f173d000000, 0x00007f173d000000)
  object space 2097152K, 16% used [0x00007f16bd000000,0x00007f16d19132e8,0x00007f173d000000)
 Metaspace       used 7420K, committed 7488K, reserved 8192K
}
Event: 8,905 GC heap after
{Heap after GC invocations=8 (full 4):
 PSYoungGen      total 917504K, used 0K [0x00007f173d000000, 0x00007f177d000000, 0x00007f177d000000)
  eden space 786432K, 0% used [0x00007f173d000000,0x00007f173d000000,0x00007f176d000000)
  from space 131072K, 0% used [0x00007f1775000000,0x00007f1775000000,0x00007f177d000000)
  to   space 131072K, 0% used [0x00007f176d000000,0x00007f176d000000,0x00007f1775000000)
 ParOldGen       total 2097152K, used 342012K [0x00007f16bd000000, 0x00007f173d000000, 0x00007f173d000000)
  object space 2097152K, 16% used [0x00007f16bd000000,0x00007f16d1dff2e8,0x00007f173d000000)
 Metaspace       used 7420K, committed 7488K, reserved 8192K
}
Event: 9,017 GC heap before
{Heap before GC invocations=9 (full 4):
 PSYoungGen      total 917504K, used 161439K [0x00007f173d000000, 0x00007f177d000000, 0x00007f177d000000)
  eden space 786432K, 20% used [0x00007f173d000000,0x00007f1746da7e18,0x00007f176d000000)
  from space 131072K, 0% used [0x00007f1775000000,0x00007f1775000000,0x00007f177d000000)
  to   space 131072K, 0% used [0x00007f176d000000,0x00007f176d000000,0x00007f1775000000)
 ParOldGen       total 2097152K, used 342012K [0x00007f16bd000000, 0x00007f173d000000, 0x00007f173d000000)
  object space 2097152K, 16% used [0x00007f16bd000000,0x00007f16d1dff2e8,0x00007f173d000000)
 Metaspace       used 7420K, committed 7488K, reserved 8192K
}

