# JRE version: OpenJDK Runtime Environment (17.0.6) (fastdebug build 17.0.6-internal+0-adhoc.konstdelis.jdk17u067)
# Java VM: OpenJDK 64-Bit Server VM (fastdebug 17.0.6-internal+0-adhoc.konstdelis.jdk17u067, mixed mode, tiered, parallel gc, linux-amd64)
GC Precious Log:
 CPUs: 32 total, 32 available
 Memory: 251G
 Large Page Support: Disabled
 NUMA Support: Disabled
 Compressed Oops: Disabled
 Alignments: Space 512K, Generation 512K, Heap 2M
 Heap Min Capacity: 3G
 Heap Initial Capacity: 3G
 Heap Max Capacity: 3G
 Pre-touch: Disabled
 Parallel Workers: 8
Heap:
 PSYoungGen      total 917504K, used 31457K [0x00007f22ec800000, 0x00007f232c800000, 0x00007f232c800000)
  eden space 786432K, 4% used [0x00007f22ec800000,0x00007f22ee6b86f8,0x00007f231c800000)
  from space 131072K, 0% used [0x00007f2324800000,0x00007f2324800000,0x00007f232c800000)
  to   space 131072K, 0% used [0x00007f231c800000,0x00007f231c800000,0x00007f2324800000)
 ParOldGen       total 2097152K, used 290173K [0x00007f226c800000, 0x00007f22ec800000, 0x00007f22ec800000)
  object space 2097152K, 13% used [0x00007f226c800000,0x00007f227e35f4e0,0x00007f22ec800000)
 Metaspace       used 7425K, committed 7488K, reserved 8192K
GC Heap History (20 events):
Event: 4,248 GC heap before
{Heap before GC invocations=3 (full 1):
 PSYoungGen      total 917504K, used 15728K [0x00007f22ec800000, 0x00007f232c800000, 0x00007f232c800000)
  eden space 786432K, 2% used [0x00007f22ec800000,0x00007f22ed75c2c8,0x00007f231c800000)
  from space 131072K, 0% used [0x00007f231c800000,0x00007f231c800000,0x00007f2324800000)
  to   space 131072K, 0% used [0x00007f2324800000,0x00007f2324800000,0x00007f232c800000)
 ParOldGen       total 2097152K, used 183913K [0x00007f226c800000, 0x00007f22ec800000, 0x00007f22ec800000)
  object space 2097152K, 8% used [0x00007f226c800000,0x00007f2277b9a740,0x00007f22ec800000)
 Metaspace       used 7421K, committed 7488K, reserved 8192K
}
Event: 4,280 GC heap after
{Heap after GC invocations=3 (full 1):
 PSYoungGen      total 917504K, used 0K [0x00007f22ec800000, 0x00007f232c800000, 0x00007f232c800000)
  eden space 786432K, 0% used [0x00007f22ec800000,0x00007f22ec800000,0x00007f231c800000)
  from space 131072K, 0% used [0x00007f2324800000,0x00007f2324800000,0x00007f232c800000)
  to   space 131072K, 0% used [0x00007f231c800000,0x00007f231c800000,0x00007f2324800000)
 ParOldGen       total 2097152K, used 183913K [0x00007f226c800000, 0x00007f22ec800000, 0x00007f22ec800000)
  object space 2097152K, 8% used [0x00007f226c800000,0x00007f2277b9a740,0x00007f22ec800000)
 Metaspace       used 7421K, committed 7488K, reserved 8192K
}
Event: 4,280 GC heap before
{Heap before GC invocations=4 (full 2):
 PSYoungGen      total 917504K, used 0K [0x00007f22ec800000, 0x00007f232c800000, 0x00007f232c800000)
  eden space 786432K, 0% used [0x00007f22ec800000,0x00007f22ec800000,0x00007f231c800000)
  from space 131072K, 0% used [0x00007f2324800000,0x00007f2324800000,0x00007f232c800000)
  to   space 131072K, 0% used [0x00007f231c800000,0x00007f231c800000,0x00007f2324800000)
 ParOldGen       total 2097152K, used 183913K [0x00007f226c800000, 0x00007f22ec800000, 0x00007f22ec800000)
  object space 2097152K, 8% used [0x00007f226c800000,0x00007f2277b9a740,0x00007f22ec800000)
 Metaspace       used 7421K, committed 7488K, reserved 8192K
}
Event: 5,927 GC heap after
{Heap after GC invocations=4 (full 2):
 PSYoungGen      total 917504K, used 0K [0x00007f22ec800000, 0x00007f232c800000, 0x00007f232c800000)
  eden space 786432K, 0% used [0x00007f22ec800000,0x00007f22ec800000,0x00007f231c800000)
  from space 131072K, 0% used [0x00007f2324800000,0x00007f2324800000,0x00007f232c800000)
  to   space 131072K, 0% used [0x00007f231c800000,0x00007f231c800000,0x00007f2324800000)
 ParOldGen       total 2097152K, used 223507K [0x00007f226c800000, 0x00007f22ec800000, 0x00007f22ec800000)
  object space 2097152K, 10% used [0x00007f226c800000,0x00007f227a244e38,0x00007f22ec800000)
 Metaspace       used 7421K, committed 7488K, reserved 8192K
}
Event: 5,936 GC heap before
{Heap before GC invocations=5 (full 2):
 PSYoungGen      total 917504K, used 15728K [0x00007f22ec800000, 0x00007f232c800000, 0x00007f232c800000)
  eden space 786432K, 2% used [0x00007f22ec800000,0x00007f22ed75c2c8,0x00007f231c800000)
  from space 131072K, 0% used [0x00007f2324800000,0x00007f2324800000,0x00007f232c800000)
  to   space 131072K, 0% used [0x00007f231c800000,0x00007f231c800000,0x00007f2324800000)
 ParOldGen       total 2097152K, used 223507K [0x00007f226c800000, 0x00007f22ec800000, 0x00007f22ec800000)
  object space 2097152K, 10% used [0x00007f226c800000,0x00007f227a244e38,0x00007f22ec800000)
 Metaspace       used 7421K, committed 7488K, reserved 8192K
}
Event: 5,940 GC heap after
{Heap after GC invocations=5 (full 2):
 PSYoungGen      total 917504K, used 0K [0x00007f22ec800000, 0x00007f232c800000, 0x00007f232c800000)
  eden space 786432K, 0% used [0x00007f22ec800000,0x00007f22ec800000,0x00007f231c800000)
  from space 131072K, 0% used [0x00007f231c800000,0x00007f231c800000,0x00007f2324800000)
  to   space 131072K, 0% used [0x00007f2324800000,0x00007f2324800000,0x00007f232c800000)
 ParOldGen       total 2097152K, used 223507K [0x00007f226c800000, 0x00007f22ec800000, 0x00007f22ec800000)
  object space 2097152K, 10% used [0x00007f226c800000,0x00007f227a244e38,0x00007f22ec800000)
 Metaspace       used 7421K, committed 7488K, reserved 8192K
}
Event: 5,940 GC heap before
{Heap before GC invocations=6 (full 3):
 PSYoungGen      total 917504K, used 0K [0x00007f22ec800000, 0x00007f232c800000, 0x00007f232c800000)
  eden space 786432K, 0% used [0x00007f22ec800000,0x00007f22ec800000,0x00007f231c800000)
  from space 131072K, 0% used [0x00007f231c800000,0x00007f231c800000,0x00007f2324800000)
  to   space 131072K, 0% used [0x00007f2324800000,0x00007f2324800000,0x00007f232c800000)
 ParOldGen       total 2097152K, used 223507K [0x00007f226c800000, 0x00007f22ec800000, 0x00007f22ec800000)
  object space 2097152K, 10% used [0x00007f226c800000,0x00007f227a244e38,0x00007f22ec800000)
 Metaspace       used 7421K, committed 7488K, reserved 8192K
}
Event: 7,258 GC heap after
{Heap after GC invocations=6 (full 3):
 PSYoungGen      total 917504K, used 0K [0x00007f22ec800000, 0x00007f232c800000, 0x00007f232c800000)
  eden space 786432K, 0% used [0x00007f22ec800000,0x00007f22ec800000,0x00007f231c800000)
  from space 131072K, 0% used [0x00007f231c800000,0x00007f231c800000,0x00007f2324800000)
  to   space 131072K, 0% used [0x00007f2324800000,0x00007f2324800000,0x00007f232c800000)
 ParOldGen       total 2097152K, used 263106K [0x00007f226c800000, 0x00007f22ec800000, 0x00007f22ec800000)
  object space 2097152K, 12% used [0x00007f226c800000,0x00007f227c8f09b0,0x00007f22ec800000)
 Metaspace       used 7421K, committed 7488K, reserved 8192K
}
Event: 7,267 GC heap before
{Heap before GC invocations=7 (full 3):
 PSYoungGen      total 917504K, used 15728K [0x00007f22ec800000, 0x00007f232c800000, 0x00007f232c800000)
  eden space 786432K, 2% used [0x00007f22ec800000,0x00007f22ed75c2c8,0x00007f231c800000)
  from space 131072K, 0% used [0x00007f231c800000,0x00007f231c800000,0x00007f2324800000)
  to   space 131072K, 0% used [0x00007f2324800000,0x00007f2324800000,0x00007f232c800000)
 ParOldGen       total 2097152K, used 263106K [0x00007f226c800000, 0x00007f22ec800000, 0x00007f22ec800000)
  object space 2097152K, 12% used [0x00007f226c800000,0x00007f227c8f09b0,0x00007f22ec800000)
 Metaspace       used 7421K, committed 7488K, reserved 8192K
}
Event: 7,271 GC heap after
{Heap after GC invocations=7 (full 3):
 PSYoungGen      total 917504K, used 0K [0x00007f22ec800000, 0x00007f232c800000, 0x00007f232c800000)
  eden space 786432K, 0% used [0x00007f22ec800000,0x00007f22ec800000,0x00007f231c800000)
  from space 131072K, 0% used [0x00007f2324800000,0x00007f2324800000,0x00007f232c800000)
  to   space 131072K, 0% used [0x00007f231c800000,0x00007f231c800000,0x00007f2324800000)
 ParOldGen       total 2097152K, used 263106K [0x00007f226c800000, 0x00007f22ec800000, 0x00007f22ec800000)
  object space 2097152K, 12% used [0x00007f226c800000,0x00007f227c8f09b0,0x00007f22ec800000)
 Metaspace       used 7421K, committed 7488K, reserved 8192K
}
Event: 7,271 GC heap before
{Heap before GC invocations=8 (full 4):
 PSYoungGen      total 917504K, used 0K [0x00007f22ec800000, 0x00007f232c800000, 0x00007f232c800000)
  eden space 786432K, 0% used [0x00007f22ec800000,0x00007f22ec800000,0x00007f231c800000)
  from space 131072K, 0% used [0x00007f2324800000,0x00007f2324800000,0x00007f232c800000)
  to   space 131072K, 0% used [0x00007f231c800000,0x00007f231c800000,0x00007f2324800000)
 ParOldGen       total 2097152K, used 263106K [0x00007f226c800000, 0x00007f22ec800000, 0x00007f22ec800000)
  object space 2097152K, 12% used [0x00007f226c800000,0x00007f227c8f09b0,0x00007f22ec800000)
 Metaspace       used 7421K, committed 7488K, reserved 8192K
}
Event: 8,605 GC heap after
{Heap after GC invocations=8 (full 4):
 PSYoungGen      total 917504K, used 0K [0x00007f22ec800000, 0x00007f232c800000, 0x00007f232c800000)
  eden space 786432K, 0% used [0x00007f22ec800000,0x00007f22ec800000,0x00007f231c800000)
  from space 131072K, 0% used [0x00007f2324800000,0x00007f2324800000,0x00007f232c800000)
  to   space 131072K, 0% used [0x00007f231c800000,0x00007f231c800000,0x00007f2324800000)
 ParOldGen       total 2097152K, used 346525K [0x00007f226c800000, 0x00007f22ec800000, 0x00007f22ec800000)
  object space 2097152K, 16% used [0x00007f226c800000,0x00007f2281a67568,0x00007f22ec800000)
 Metaspace       used 7421K, committed 7488K, reserved 8192K
}
Event: 8,719 GC heap before
{Heap before GC invocations=9 (full 4):
 PSYoungGen      total 917504K, used 161439K [0x00007f22ec800000, 0x00007f232c800000, 0x00007f232c800000)
  eden space 786432K, 20% used [0x00007f22ec800000,0x00007f22f65a7e18,0x00007f231c800000)
  from space 131072K, 0% used [0x00007f2324800000,0x00007f2324800000,0x00007f232c800000)
  to   space 131072K, 0% used [0x00007f231c800000,0x00007f231c800000,0x00007f2324800000)
 ParOldGen       total 2097152K, used 346525K [0x00007f226c800000, 0x00007f22ec800000, 0x00007f22ec800000)
  object space 2097152K, 16% used [0x00007f226c800000,0x00007f2281a67568,0x00007f22ec800000)
 Metaspace       used 7421K, committed 7488K, reserved 8192K
}
Event: 8,900 GC heap after
{Heap after GC invocations=9 (full 4):
 PSYoungGen      total 917504K, used 130294K [0x00007f22ec800000, 0x00007f232c800000, 0x00007f232c800000)
  eden space 786432K, 0% used [0x00007f22ec800000,0x00007f22ec800000,0x00007f231c800000)
  from space 131072K, 99% used [0x00007f231c800000,0x00007f232473d808,0x00007f2324800000)
  to   space 131072K, 0% used [0x00007f2324800000,0x00007f2324800000,0x00007f232c800000)
 ParOldGen       total 2097152K, used 346525K [0x00007f226c800000, 0x00007f22ec800000, 0x00007f22ec800000)
  object space 2097152K, 16% used [0x00007f226c800000,0x00007f2281a67568,0x00007f22ec800000)
 Metaspace       used 7421K, committed 7488K, reserved 8192K
}
Event: 8,900 GC heap before
{Heap before GC invocations=10 (full 5):
 PSYoungGen      total 917504K, used 130294K [0x00007f22ec800000, 0x00007f232c800000, 0x00007f232c800000)
  eden space 786432K, 0% used [0x00007f22ec800000,0x00007f22ec800000,0x00007f231c800000)
  from space 131072K, 99% used [0x00007f231c800000,0x00007f232473d808,0x00007f2324800000)
  to   space 131072K, 0% used [0x00007f2324800000,0x00007f2324800000,0x00007f232c800000)
 ParOldGen       total 2097152K, used 346525K [0x00007f226c800000, 0x00007f22ec800000, 0x00007f22ec800000)
  object space 2097152K, 16% used [0x00007f226c800000,0x00007f2281a67568,0x00007f22ec800000)
 Metaspace       used 7421K, committed 7488K, reserved 8192K
}
Event: 10,974 GC heap after
{Heap after GC invocations=10 (full 5):
 PSYoungGen      total 917504K, used 0K [0x00007f22ec800000, 0x00007f232c800000, 0x00007f232c800000)
  eden space 786432K, 0% used [0x00007f22ec800000,0x00007f22ec800000,0x00007f231c800000)
  from space 131072K, 0% used [0x00007f231c800000,0x00007f231c800000,0x00007f2324800000)
  to   space 131072K, 0% used [0x00007f2324800000,0x00007f2324800000,0x00007f232c800000)
 ParOldGen       total 2097152K, used 459011K [0x00007f226c800000, 0x00007f22ec800000, 0x00007f22ec800000)
  object space 2097152K, 21% used [0x00007f226c800000,0x00007f2288840fb8,0x00007f22ec800000)
 Metaspace       used 7421K, committed 7488K, reserved 8192K
}
Event: 10,983 GC heap before
{Heap before GC invocations=11 (full 5):
 PSYoungGen      total 917504K, used 15728K [0x00007f22ec800000, 0x00007f232c800000, 0x00007f232c800000)
  eden space 786432K, 2% used [0x00007f22ec800000,0x00007f22ed75c2c8,0x00007f231c800000)
  from space 131072K, 0% used [0x00007f231c800000,0x00007f231c800000,0x00007f2324800000)
  to   space 131072K, 0% used [0x00007f2324800000,0x00007f2324800000,0x00007f232c800000)
 ParOldGen       total 2097152K, used 459011K [0x00007f226c800000, 0x00007f22ec800000, 0x00007f22ec800000)
  object space 2097152K, 21% used [0x00007f226c800000,0x00007f2288840fb8,0x00007f22ec800000)
 Metaspace       used 7421K, committed 7488K, reserved 8192K
}
Event: 11,042 GC heap after
{Heap after GC invocations=11 (full 5):
 PSYoungGen      total 917504K, used 0K [0x00007f22ec800000, 0x00007f232c800000, 0x00007f232c800000)
  eden space 786432K, 0% used [0x00007f22ec800000,0x00007f22ec800000,0x00007f231c800000)
  from space 131072K, 0% used [0x00007f2324800000,0x00007f2324800000,0x00007f232c800000)
  to   space 131072K, 0% used [0x00007f231c800000,0x00007f231c800000,0x00007f2324800000)
 ParOldGen       total 2097152K, used 459011K [0x00007f226c800000, 0x00007f22ec800000, 0x00007f22ec800000)
  object space 2097152K, 21% used [0x00007f226c800000,0x00007f2288840fb8,0x00007f22ec800000)
 Metaspace       used 7421K, committed 7488K, reserved 8192K
}
Event: 11,043 GC heap before
{Heap before GC invocations=12 (full 6):
 PSYoungGen      total 917504K, used 0K [0x00007f22ec800000, 0x00007f232c800000, 0x00007f232c800000)
  eden space 786432K, 0% used [0x00007f22ec800000,0x00007f22ec800000,0x00007f231c800000)
  from space 131072K, 0% used [0x00007f2324800000,0x00007f2324800000,0x00007f232c800000)
  to   space 131072K, 0% used [0x00007f231c800000,0x00007f231c800000,0x00007f2324800000)
 ParOldGen       total 2097152K, used 459011K [0x00007f226c800000, 0x00007f22ec800000, 0x00007f22ec800000)
  object space 2097152K, 21% used [0x00007f226c800000,0x00007f2288840fb8,0x00007f22ec800000)
 Metaspace       used 7421K, committed 7488K, reserved 8192K
}
Event: 13,111 GC heap after
{Heap after GC invocations=12 (full 6):
 PSYoungGen      total 917504K, used 0K [0x00007f22ec800000, 0x00007f232c800000, 0x00007f232c800000)
  eden space 786432K, 0% used [0x00007f22ec800000,0x00007f22ec800000,0x00007f231c800000)
  from space 131072K, 0% used [0x00007f2324800000,0x00007f2324800000,0x00007f232c800000)
  to   space 131072K, 0% used [0x00007f231c800000,0x00007f231c800000,0x00007f2324800000)
 ParOldGen       total 2097152K, used 290173K [0x00007f226c800000, 0x00007f22ec800000, 0x00007f22ec800000)
  object space 2097152K, 13% used [0x00007f226c800000,0x00007f227e35f4e0,0x00007f22ec800000)
 Metaspace       used 7421K, committed 7488K, reserved 8192K
}

