# JRE version: OpenJDK Runtime Environment (17.0.6) (fastdebug build 17.0.6-internal+0-adhoc.konstdelis.jdk17u067)
# Java VM: OpenJDK 64-Bit Server VM (fastdebug 17.0.6-internal+0-adhoc.konstdelis.jdk17u067, mixed mode, tiered, parallel gc, linux-amd64)
GC Precious Log:
 CPUs: 32 total, 32 available
 Memory: 251G
 Large Page Support: Disabled
 NUMA Support: Disabled
 Compressed Oops: Disabled
 Alignments: Space 512K, Generation 512K, Heap 2M
 Heap Min Capacity: 3G
 Heap Initial Capacity: 3G
 Heap Max Capacity: 3G
 Pre-touch: Disabled
 Parallel Workers: 1
Heap:
 PSYoungGen      total 917504K, used 36700K [0x00007e6ded000000, 0x00007e6e2d000000, 0x00007e6e2d000000)
  eden space 786432K, 4% used [0x00007e6ded000000,0x00007e6def3d7298,0x00007e6e1d000000)
  from space 131072K, 0% used [0x00007e6e25000000,0x00007e6e25000000,0x00007e6e2d000000)
  to   space 131072K, 0% used [0x00007e6e1d000000,0x00007e6e1d000000,0x00007e6e25000000)
 ParOldGen       total 2097152K, used 263619K [0x00007e6d6d000000, 0x00007e6ded000000, 0x00007e6ded000000)
  object space 2097152K, 12% used [0x00007e6d6d000000,0x00007e6d7d170e40,0x00007e6ded000000)
 Metaspace       used 7395K, committed 7488K, reserved 8192K
GC Heap History (8 events):
Event: 2,815 GC heap before
{Heap before GC invocations=1 (full 0):
 PSYoungGen      total 917504K, used 78643K [0x00007e6ded000000, 0x00007e6e2d000000, 0x00007e6e2d000000)
  eden space 786432K, 10% used [0x00007e6ded000000,0x00007e6df1cccf00,0x00007e6e1d000000)
  from space 131072K, 0% used [0x00007e6e25000000,0x00007e6e25000000,0x00007e6e2d000000)
  to   space 131072K, 0% used [0x00007e6e1d000000,0x00007e6e1d000000,0x00007e6e25000000)
 ParOldGen       total 2097152K, used 0K [0x00007e6d6d000000, 0x00007e6ded000000, 0x00007e6ded000000)
  object space 2097152K, 0% used [0x00007e6d6d000000,0x00007e6d6d000000,0x00007e6ded000000)
 Metaspace       used 7391K, committed 7488K, reserved 8192K
}
Event: 2,836 GC heap after
{Heap after GC invocations=1 (full 0):
 PSYoungGen      total 917504K, used 1520K [0x00007e6ded000000, 0x00007e6e2d000000, 0x00007e6e2d000000)
  eden space 786432K, 0% used [0x00007e6ded000000,0x00007e6ded000000,0x00007e6e1d000000)
  from space 131072K, 1% used [0x00007e6e1d000000,0x00007e6e1d17c020,0x00007e6e25000000)
  to   space 131072K, 0% used [0x00007e6e25000000,0x00007e6e25000000,0x00007e6e2d000000)
 ParOldGen       total 2097152K, used 0K [0x00007e6d6d000000, 0x00007e6ded000000, 0x00007e6ded000000)
  object space 2097152K, 0% used [0x00007e6d6d000000,0x00007e6d6d000000,0x00007e6ded000000)
 Metaspace       used 7391K, committed 7488K, reserved 8192K
}
Event: 2,837 GC heap before
{Heap before GC invocations=2 (full 1):
 PSYoungGen      total 917504K, used 1520K [0x00007e6ded000000, 0x00007e6e2d000000, 0x00007e6e2d000000)
  eden space 786432K, 0% used [0x00007e6ded000000,0x00007e6ded000000,0x00007e6e1d000000)
  from space 131072K, 1% used [0x00007e6e1d000000,0x00007e6e1d17c020,0x00007e6e25000000)
  to   space 131072K, 0% used [0x00007e6e25000000,0x00007e6e25000000,0x00007e6e2d000000)
 ParOldGen       total 2097152K, used 0K [0x00007e6d6d000000, 0x00007e6ded000000, 0x00007e6ded000000)
  object space 2097152K, 0% used [0x00007e6d6d000000,0x00007e6d6d000000,0x00007e6ded000000)
 Metaspace       used 7391K, committed 7488K, reserved 8192K
}
Event: 2,881 GC heap after
{Heap after GC invocations=2 (full 1):
 PSYoungGen      total 917504K, used 0K [0x00007e6ded000000, 0x00007e6e2d000000, 0x00007e6e2d000000)
  eden space 786432K, 0% used [0x00007e6ded000000,0x00007e6ded000000,0x00007e6e1d000000)
  from space 131072K, 0% used [0x00007e6e1d000000,0x00007e6e1d000000,0x00007e6e25000000)
  to   space 131072K, 0% used [0x00007e6e25000000,0x00007e6e25000000,0x00007e6e2d000000)
 ParOldGen       total 2097152K, used 1480K [0x00007e6d6d000000, 0x00007e6ded000000, 0x00007e6ded000000)
  object space 2097152K, 0% used [0x00007e6d6d000000,0x00007e6d6d172270,0x00007e6ded000000)
 Metaspace       used 7391K, committed 7488K, reserved 8192K
}
Event: 2,884 GC heap before
{Heap before GC invocations=3 (full 1):
 PSYoungGen      total 917504K, used 31457K [0x00007e6ded000000, 0x00007e6e2d000000, 0x00007e6e2d000000)
  eden space 786432K, 4% used [0x00007e6ded000000,0x00007e6deeeb8570,0x00007e6e1d000000)
  from space 131072K, 0% used [0x00007e6e1d000000,0x00007e6e1d000000,0x00007e6e25000000)
  to   space 131072K, 0% used [0x00007e6e25000000,0x00007e6e25000000,0x00007e6e2d000000)
 ParOldGen       total 2097152K, used 1480K [0x00007e6d6d000000, 0x00007e6ded000000, 0x00007e6ded000000)
  object space 2097152K, 0% used [0x00007e6d6d000000,0x00007e6d6d172270,0x00007e6ded000000)
 Metaspace       used 7391K, committed 7488K, reserved 8192K
}
Event: 2,889 GC heap after
{Heap after GC invocations=3 (full 1):
 PSYoungGen      total 917504K, used 32K [0x00007e6ded000000, 0x00007e6e2d000000, 0x00007e6e2d000000)
  eden space 786432K, 0% used [0x00007e6ded000000,0x00007e6ded000000,0x00007e6e1d000000)
  from space 131072K, 0% used [0x00007e6e25000000,0x00007e6e25008000,0x00007e6e2d000000)
  to   space 131072K, 0% used [0x00007e6e1d000000,0x00007e6e1d000000,0x00007e6e25000000)
 ParOldGen       total 2097152K, used 1480K [0x00007e6d6d000000, 0x00007e6ded000000, 0x00007e6ded000000)
  object space 2097152K, 0% used [0x00007e6d6d000000,0x00007e6d6d172270,0x00007e6ded000000)
 Metaspace       used 7391K, committed 7488K, reserved 8192K
}
Event: 2,889 GC heap before
{Heap before GC invocations=4 (full 2):
 PSYoungGen      total 917504K, used 32K [0x00007e6ded000000, 0x00007e6e2d000000, 0x00007e6e2d000000)
  eden space 786432K, 0% used [0x00007e6ded000000,0x00007e6ded000000,0x00007e6e1d000000)
  from space 131072K, 0% used [0x00007e6e25000000,0x00007e6e25008000,0x00007e6e2d000000)
  to   space 131072K, 0% used [0x00007e6e1d000000,0x00007e6e1d000000,0x00007e6e25000000)
 ParOldGen       total 2097152K, used 1480K [0x00007e6d6d000000, 0x00007e6ded000000, 0x00007e6ded000000)
  object space 2097152K, 0% used [0x00007e6d6d000000,0x00007e6d6d172270,0x00007e6ded000000)
 Metaspace       used 7391K, committed 7488K, reserved 8192K
}
Event: 3,091 GC heap after
{Heap after GC invocations=4 (full 2):
 PSYoungGen      total 917504K, used 0K [0x00007e6ded000000, 0x00007e6e2d000000, 0x00007e6e2d000000)
  eden space 786432K, 0% used [0x00007e6ded000000,0x00007e6ded000000,0x00007e6e1d000000)
  from space 131072K, 0% used [0x00007e6e25000000,0x00007e6e25000000,0x00007e6e2d000000)
  to   space 131072K, 0% used [0x00007e6e1d000000,0x00007e6e1d000000,0x00007e6e25000000)
 ParOldGen       total 2097152K, used 263619K [0x00007e6d6d000000, 0x00007e6ded000000, 0x00007e6ded000000)
  object space 2097152K, 12% used [0x00007e6d6d000000,0x00007e6d7d170e40,0x00007e6ded000000)
 Metaspace       used 7391K, committed 7488K, reserved 8192K
}

