# JRE version: OpenJDK Runtime Environment (17.0.6) (fastdebug build 17.0.6-internal+0-adhoc.konstdelis.jdk17u067)
# Java VM: OpenJDK 64-Bit Server VM (fastdebug 17.0.6-internal+0-adhoc.konstdelis.jdk17u067, mixed mode, tiered, parallel gc, linux-amd64)
GC Precious Log:
 CPUs: 32 total, 32 available
 Memory: 251G
 Large Page Support: Disabled
 NUMA Support: Disabled
 Compressed Oops: Disabled
 Alignments: Space 512K, Generation 512K, Heap 2M
 Heap Min Capacity: 3G
 Heap Initial Capacity: 3G
 Heap Max Capacity: 3G
 Pre-touch: Disabled
 Parallel Workers: 8
Heap:
 PSYoungGen      total 917504K, used 0K [0x00007e675c600000, 0x00007e679c600000, 0x00007e679c600000)
  eden space 786432K, 0% used [0x00007e675c600000,0x00007e675c600000,0x00007e678c600000)
  from space 131072K, 0% used [0x00007e678c600000,0x00007e678c600000,0x00007e6794600000)
  to   space 131072K, 0% used [0x00007e6794600000,0x00007e6794600000,0x00007e679c600000)
 ParOldGen       total 2097152K, used 1482424K [0x00007e66dc600000, 0x00007e675c600000, 0x00007e675c600000)
  object space 2097152K, 70% used [0x00007e66dc600000,0x00007e6736dae110,0x00007e675c600000)
 Metaspace       used 7387K, committed 7488K, reserved 8192K
GC Heap History (13 events):
Event: 3.140 GC heap before
{Heap before GC invocations=1 (full 0):
 PSYoungGen      total 917504K, used 786432K [0x00007e675c600000, 0x00007e679c600000, 0x00007e679c600000)
  eden space 786432K, 100% used [0x00007e675c600000,0x00007e678c600000,0x00007e678c600000)
  from space 131072K, 0% used [0x00007e6794600000,0x00007e6794600000,0x00007e679c600000)
  to   space 131072K, 0% used [0x00007e678c600000,0x00007e678c600000,0x00007e6794600000)
 ParOldGen       total 2097152K, used 0K [0x00007e66dc600000, 0x00007e675c600000, 0x00007e675c600000)
  object space 2097152K, 0% used [0x00007e66dc600000,0x00007e66dc600000,0x00007e675c600000)
 Metaspace       used 7353K, committed 7488K, reserved 8192K
}
Event: 3.913 GC heap after
{Heap after GC invocations=1 (full 0):
 PSYoungGen      total 917504K, used 131065K [0x00007e675c600000, 0x00007e679c600000, 0x00007e679c600000)
  eden space 786432K, 0% used [0x00007e675c600000,0x00007e675c600000,0x00007e678c600000)
  from space 131072K, 99% used [0x00007e678c600000,0x00007e67945fe600,0x00007e6794600000)
  to   space 131072K, 0% used [0x00007e6794600000,0x00007e6794600000,0x00007e679c600000)
 ParOldGen       total 2097152K, used 474472K [0x00007e66dc600000, 0x00007e675c600000, 0x00007e675c600000)
  object space 2097152K, 22% used [0x00007e66dc600000,0x00007e66f955a000,0x00007e675c600000)
 Metaspace       used 7353K, committed 7488K, reserved 8192K
}
Event: 4.291 GC heap before
{Heap before GC invocations=2 (full 0):
 PSYoungGen      total 917504K, used 917497K [0x00007e675c600000, 0x00007e679c600000, 0x00007e679c600000)
  eden space 786432K, 100% used [0x00007e675c600000,0x00007e678c600000,0x00007e678c600000)
  from space 131072K, 99% used [0x00007e678c600000,0x00007e67945fe600,0x00007e6794600000)
  to   space 131072K, 0% used [0x00007e6794600000,0x00007e6794600000,0x00007e679c600000)
 ParOldGen       total 2097152K, used 474472K [0x00007e66dc600000, 0x00007e675c600000, 0x00007e675c600000)
  object space 2097152K, 22% used [0x00007e66dc600000,0x00007e66f955a000,0x00007e675c600000)
 Metaspace       used 7354K, committed 7488K, reserved 8192K
}
Event: 5.294 GC heap after
{Heap after GC invocations=2 (full 0):
 PSYoungGen      total 917504K, used 131041K [0x00007e675c600000, 0x00007e679c600000, 0x00007e679c600000)
  eden space 786432K, 0% used [0x00007e675c600000,0x00007e675c600000,0x00007e678c600000)
  from space 131072K, 99% used [0x00007e6794600000,0x00007e679c5f8738,0x00007e679c600000)
  to   space 131072K, 0% used [0x00007e678c600000,0x00007e678c600000,0x00007e6794600000)
 ParOldGen       total 2097152K, used 1122560K [0x00007e66dc600000, 0x00007e675c600000, 0x00007e675c600000)
  object space 2097152K, 53% used [0x00007e66dc600000,0x00007e6720e40000,0x00007e675c600000)
 Metaspace       used 7354K, committed 7488K, reserved 8192K
}
Event: 5.659 GC heap before
{Heap before GC invocations=3 (full 0):
 PSYoungGen      total 917504K, used 917473K [0x00007e675c600000, 0x00007e679c600000, 0x00007e679c600000)
  eden space 786432K, 100% used [0x00007e675c600000,0x00007e678c600000,0x00007e678c600000)
  from space 131072K, 99% used [0x00007e6794600000,0x00007e679c5f8738,0x00007e679c600000)
  to   space 131072K, 0% used [0x00007e678c600000,0x00007e678c600000,0x00007e6794600000)
 ParOldGen       total 2097152K, used 1122560K [0x00007e66dc600000, 0x00007e675c600000, 0x00007e675c600000)
  object space 2097152K, 53% used [0x00007e66dc600000,0x00007e6720e40000,0x00007e675c600000)
 Metaspace       used 7354K, committed 7488K, reserved 8192K
}
Event: 6.753 GC heap after
{Heap after GC invocations=3 (full 0):
 PSYoungGen      total 917504K, used 131045K [0x00007e675c600000, 0x00007e679c600000, 0x00007e679c600000)
  eden space 786432K, 0% used [0x00007e675c600000,0x00007e675c600000,0x00007e678c600000)
  from space 131072K, 99% used [0x00007e678c600000,0x00007e67945f9550,0x00007e6794600000)
  to   space 131072K, 0% used [0x00007e6794600000,0x00007e6794600000,0x00007e679c600000)
 ParOldGen       total 2097152K, used 1775254K [0x00007e66dc600000, 0x00007e675c600000, 0x00007e675c600000)
  object space 2097152K, 84% used [0x00007e66dc600000,0x00007e6748ba58c0,0x00007e675c600000)
 Metaspace       used 7354K, committed 7488K, reserved 8192K
}
Event: 6.753 GC heap before
{Heap before GC invocations=4 (full 1):
 PSYoungGen      total 917504K, used 131045K [0x00007e675c600000, 0x00007e679c600000, 0x00007e679c600000)
  eden space 786432K, 0% used [0x00007e675c600000,0x00007e675c600000,0x00007e678c600000)
  from space 131072K, 99% used [0x00007e678c600000,0x00007e67945f9550,0x00007e6794600000)
  to   space 131072K, 0% used [0x00007e6794600000,0x00007e6794600000,0x00007e679c600000)
 ParOldGen       total 2097152K, used 1775254K [0x00007e66dc600000, 0x00007e675c600000, 0x00007e675c600000)
  object space 2097152K, 84% used [0x00007e66dc600000,0x00007e6748ba58c0,0x00007e675c600000)
 Metaspace       used 7354K, committed 7488K, reserved 8192K
}
Event: 14.511 GC heap after
{Heap after GC invocations=4 (full 1):
 PSYoungGen      total 917504K, used 0K [0x00007e675c600000, 0x00007e679c600000, 0x00007e679c600000)
  eden space 786432K, 0% used [0x00007e675c600000,0x00007e675c600000,0x00007e678c600000)
  from space 131072K, 0% used [0x00007e6794600000,0x00007e6794600000,0x00007e679c600000)
  to   space 131072K, 0% used [0x00007e678c600000,0x00007e678c600000,0x00007e6794600000)
 ParOldGen       total 2097152K, used 1894142K [0x00007e66dc600000, 0x00007e675c600000, 0x00007e675c600000)
  object space 2097152K, 90% used [0x00007e66dc600000,0x00007e674ffbfa30,0x00007e675c600000)
 Metaspace       used 7354K, committed 7488K, reserved 8192K
}
Event: 15.553 GC heap before
{Heap before GC invocations=5 (full 2):
 PSYoungGen      total 917504K, used 440731K [0x00007e675c600000, 0x00007e679c600000, 0x00007e679c600000)
  eden space 786432K, 56% used [0x00007e675c600000,0x00007e6777466ff0,0x00007e678c600000)
  from space 131072K, 0% used [0x00007e6794600000,0x00007e6794600000,0x00007e679c600000)
  to   space 131072K, 0% used [0x00007e678c600000,0x00007e678c600000,0x00007e6794600000)
 ParOldGen       total 2097152K, used 1894142K [0x00007e66dc600000, 0x00007e675c600000, 0x00007e675c600000)
  object space 2097152K, 90% used [0x00007e66dc600000,0x00007e674ffbfa30,0x00007e675c600000)
 Metaspace       used 7387K, committed 7488K, reserved 8192K
}
Event: 34.169 GC heap after
{Heap after GC invocations=5 (full 2):
 PSYoungGen      total 917504K, used 0K [0x00007e675c600000, 0x00007e679c600000, 0x00007e679c600000)
  eden space 786432K, 0% used [0x00007e675c600000,0x00007e675c600000,0x00007e678c600000)
  from space 131072K, 0% used [0x00007e6794600000,0x00007e6794600000,0x00007e679c600000)
  to   space 131072K, 0% used [0x00007e678c600000,0x00007e678c600000,0x00007e6794600000)
 ParOldGen       total 2097152K, used 1482424K [0x00007e66dc600000, 0x00007e675c600000, 0x00007e675c600000)
  object space 2097152K, 70% used [0x00007e66dc600000,0x00007e6736dae110,0x00007e675c600000)
 Metaspace       used 7387K, committed 7488K, reserved 8192K
}
Event: 34.361 GC heap before
{Heap before GC invocations=6 (full 2):
 PSYoungGen      total 917504K, used 15263K [0x00007e675c600000, 0x00007e679c600000, 0x00007e679c600000)
  eden space 786432K, 1% used [0x00007e675c600000,0x00007e675d4e7f78,0x00007e678c600000)
  from space 131072K, 0% used [0x00007e6794600000,0x00007e6794600000,0x00007e679c600000)
  to   space 131072K, 0% used [0x00007e678c600000,0x00007e678c600000,0x00007e6794600000)
 ParOldGen       total 2097152K, used 1482424K [0x00007e66dc600000, 0x00007e675c600000, 0x00007e675c600000)
  object space 2097152K, 70% used [0x00007e66dc600000,0x00007e6736dae110,0x00007e675c600000)
 Metaspace       used 7387K, committed 7488K, reserved 8192K
}
Event: 35.123 GC heap after
{Heap after GC invocations=6 (full 2):
 PSYoungGen      total 917504K, used 0K [0x00007e675c600000, 0x00007e679c600000, 0x00007e679c600000)
  eden space 786432K, 0% used [0x00007e675c600000,0x00007e675c600000,0x00007e678c600000)
  from space 131072K, 0% used [0x00007e678c600000,0x00007e678c600000,0x00007e6794600000)
  to   space 131072K, 0% used [0x00007e6794600000,0x00007e6794600000,0x00007e679c600000)
 ParOldGen       total 2097152K, used 1482424K [0x00007e66dc600000, 0x00007e675c600000, 0x00007e675c600000)
  object space 2097152K, 70% used [0x00007e66dc600000,0x00007e6736dae110,0x00007e675c600000)
 Metaspace       used 7387K, committed 7488K, reserved 8192K
}
Event: 35.123 GC heap before
{Heap before GC invocations=7 (full 3):
 PSYoungGen      total 917504K, used 0K [0x00007e675c600000, 0x00007e679c600000, 0x00007e679c600000)
  eden space 786432K, 0% used [0x00007e675c600000,0x00007e675c600000,0x00007e678c600000)
  from space 131072K, 0% used [0x00007e678c600000,0x00007e678c600000,0x00007e6794600000)
  to   space 131072K, 0% used [0x00007e6794600000,0x00007e6794600000,0x00007e679c600000)
 ParOldGen       total 2097152K, used 1482424K [0x00007e66dc600000, 0x00007e675c600000, 0x00007e675c600000)
  object space 2097152K, 70% used [0x00007e66dc600000,0x00007e6736dae110,0x00007e675c600000)
 Metaspace       used 7387K, committed 7488K, reserved 8192K
}

