# JRE version: OpenJDK Runtime Environment (17.0.6) (build 17.0.6-internal+0-adhoc.konstdelis.jdk17u067)
# Java VM: OpenJDK 64-Bit Server VM (17.0.6-internal+0-adhoc.konstdelis.jdk17u067, mixed mode, tiered, parallel gc, linux-amd64)
GC Precious Log:
 CPUs: 32 total, 32 available
 Memory: 251G
 Large Page Support: Disabled
 NUMA Support: Disabled
 Compressed Oops: Disabled
 Alignments: Space 512K, Generation 512K, Heap 2M
 Heap Min Capacity: 1G
 Heap Initial Capacity: 1G
 Heap Max Capacity: 1G
 Pre-touch: Disabled
 Parallel Workers: 1
Heap:
 PSYoungGen      total 305664K, used 262144K [0x00007f50cbb00000, 0x00007f50e1000000, 0x00007f50e1000000)
  eden space 262144K, 100% used [0x00007f50cbb00000,0x00007f50dbb00000,0x00007f50dbb00000)
  from space 43520K, 0% used [0x00007f50dbb00000,0x00007f50dbb00000,0x00007f50de580000)
  to   space 43520K, 0% used [0x00007f50de580000,0x00007f50de580000,0x00007f50e1000000)
 ParOldGen       total 699392K, used 699208K [0x00007f50a1000000, 0x00007f50cbb00000, 0x00007f50cbb00000)
  object space 699392K, 99% used [0x00007f50a1000000,0x00007f50cbad22e8,0x00007f50cbb00000)
 Metaspace       used 6428K, committed 6528K, reserved 8192K
GC Heap History (17 events):
Event: 0,721 GC heap before
{Heap before GC invocations=1 (full 0):
 PSYoungGen      total 305664K, used 262144K [0x00007f50cbb00000, 0x00007f50e1000000, 0x00007f50e1000000)
  eden space 262144K, 100% used [0x00007f50cbb00000,0x00007f50dbb00000,0x00007f50dbb00000)
  from space 43520K, 0% used [0x00007f50de580000,0x00007f50de580000,0x00007f50e1000000)
  to   space 43520K, 0% used [0x00007f50dbb00000,0x00007f50dbb00000,0x00007f50de580000)
 ParOldGen       total 699392K, used 0K [0x00007f50a1000000, 0x00007f50cbb00000, 0x00007f50cbb00000)
  object space 699392K, 0% used [0x00007f50a1000000,0x00007f50a1000000,0x00007f50cbb00000)
 Metaspace       used 6423K, committed 6528K, reserved 8192K
}
Event: 1,043 GC heap after
{Heap after GC invocations=1 (full 0):
 PSYoungGen      total 305664K, used 43488K [0x00007f50cbb00000, 0x00007f50e1000000, 0x00007f50e1000000)
  eden space 262144K, 0% used [0x00007f50cbb00000,0x00007f50cbb00000,0x00007f50dbb00000)
  from space 43520K, 99% used [0x00007f50dbb00000,0x00007f50de578020,0x00007f50de580000)
  to   space 43520K, 0% used [0x00007f50de580000,0x00007f50de580000,0x00007f50e1000000)
 ParOldGen       total 699392K, used 170008K [0x00007f50a1000000, 0x00007f50cbb00000, 0x00007f50cbb00000)
  object space 699392K, 24% used [0x00007f50a1000000,0x00007f50ab606000,0x00007f50cbb00000)
 Metaspace       used 6423K, committed 6528K, reserved 8192K
}
Event: 1,311 GC heap before
{Heap before GC invocations=2 (full 0):
 PSYoungGen      total 305664K, used 305632K [0x00007f50cbb00000, 0x00007f50e1000000, 0x00007f50e1000000)
  eden space 262144K, 100% used [0x00007f50cbb00000,0x00007f50dbb00000,0x00007f50dbb00000)
  from space 43520K, 99% used [0x00007f50dbb00000,0x00007f50de578020,0x00007f50de580000)
  to   space 43520K, 0% used [0x00007f50de580000,0x00007f50de580000,0x00007f50e1000000)
 ParOldGen       total 699392K, used 170008K [0x00007f50a1000000, 0x00007f50cbb00000, 0x00007f50cbb00000)
  object space 699392K, 24% used [0x00007f50a1000000,0x00007f50ab606000,0x00007f50cbb00000)
 Metaspace       used 6423K, committed 6528K, reserved 8192K
}
Event: 1,811 GC heap after
{Heap after GC invocations=2 (full 0):
 PSYoungGen      total 305664K, used 43520K [0x00007f50cbb00000, 0x00007f50e1000000, 0x00007f50e1000000)
  eden space 262144K, 0% used [0x00007f50cbb00000,0x00007f50cbb00000,0x00007f50dbb00000)
  from space 43520K, 100% used [0x00007f50de580000,0x00007f50e1000000,0x00007f50e1000000)
  to   space 43520K, 0% used [0x00007f50dbb00000,0x00007f50dbb00000,0x00007f50de580000)
 ParOldGen       total 699392K, used 415048K [0x00007f50a1000000, 0x00007f50cbb00000, 0x00007f50cbb00000)
  object space 699392K, 59% used [0x00007f50a1000000,0x00007f50ba552120,0x00007f50cbb00000)
 Metaspace       used 6423K, committed 6528K, reserved 8192K
}
Event: 2,142 GC heap before
{Heap before GC invocations=3 (full 0):
 PSYoungGen      total 305664K, used 305664K [0x00007f50cbb00000, 0x00007f50e1000000, 0x00007f50e1000000)
  eden space 262144K, 100% used [0x00007f50cbb00000,0x00007f50dbb00000,0x00007f50dbb00000)
  from space 43520K, 100% used [0x00007f50de580000,0x00007f50e1000000,0x00007f50e1000000)
  to   space 43520K, 0% used [0x00007f50dbb00000,0x00007f50dbb00000,0x00007f50de580000)
 ParOldGen       total 699392K, used 415048K [0x00007f50a1000000, 0x00007f50cbb00000, 0x00007f50cbb00000)
  object space 699392K, 59% used [0x00007f50a1000000,0x00007f50ba552120,0x00007f50cbb00000)
 Metaspace       used 6423K, committed 6528K, reserved 8192K
}
Event: 2,812 GC heap after
{Heap after GC invocations=3 (full 0):
 PSYoungGen      total 305664K, used 43520K [0x00007f50cbb00000, 0x00007f50e1000000, 0x00007f50e1000000)
  eden space 262144K, 0% used [0x00007f50cbb00000,0x00007f50cbb00000,0x00007f50dbb00000)
  from space 43520K, 100% used [0x00007f50dbb00000,0x00007f50de580000,0x00007f50de580000)
  to   space 43520K, 0% used [0x00007f50de580000,0x00007f50de580000,0x00007f50e1000000)
 ParOldGen       total 699392K, used 678384K [0x00007f50a1000000, 0x00007f50cbb00000, 0x00007f50cbb00000)
  object space 699392K, 96% used [0x00007f50a1000000,0x00007f50ca67c140,0x00007f50cbb00000)
 Metaspace       used 6423K, committed 6528K, reserved 8192K
}
Event: 2,812 GC heap before
{Heap before GC invocations=4 (full 1):
 PSYoungGen      total 305664K, used 43520K [0x00007f50cbb00000, 0x00007f50e1000000, 0x00007f50e1000000)
  eden space 262144K, 0% used [0x00007f50cbb00000,0x00007f50cbb00000,0x00007f50dbb00000)
  from space 43520K, 100% used [0x00007f50dbb00000,0x00007f50de580000,0x00007f50de580000)
  to   space 43520K, 0% used [0x00007f50de580000,0x00007f50de580000,0x00007f50e1000000)
 ParOldGen       total 699392K, used 678384K [0x00007f50a1000000, 0x00007f50cbb00000, 0x00007f50cbb00000)
  object space 699392K, 96% used [0x00007f50a1000000,0x00007f50ca67c140,0x00007f50cbb00000)
 Metaspace       used 6423K, committed 6528K, reserved 8192K
}
Event: 5,511 GC heap after
{Heap after GC invocations=4 (full 1):
 PSYoungGen      total 305664K, used 0K [0x00007f50cbb00000, 0x00007f50e1000000, 0x00007f50e1000000)
  eden space 262144K, 0% used [0x00007f50cbb00000,0x00007f50cbb00000,0x00007f50dbb00000)
  from space 43520K, 0% used [0x00007f50de580000,0x00007f50de580000,0x00007f50e1000000)
  to   space 43520K, 0% used [0x00007f50dbb00000,0x00007f50dbb00000,0x00007f50de580000)
 ParOldGen       total 699392K, used 641951K [0x00007f50a1000000, 0x00007f50cbb00000, 0x00007f50cbb00000)
  object space 699392K, 91% used [0x00007f50a1000000,0x00007f50c82e7e20,0x00007f50cbb00000)
 Metaspace       used 6423K, committed 6528K, reserved 8192K
}
Event: 5,836 GC heap before
{Heap before GC invocations=5 (full 2):
 PSYoungGen      total 305664K, used 144930K [0x00007f50cbb00000, 0x00007f50e1000000, 0x00007f50e1000000)
  eden space 262144K, 55% used [0x00007f50cbb00000,0x00007f50d48889d8,0x00007f50dbb00000)
  from space 43520K, 0% used [0x00007f50de580000,0x00007f50de580000,0x00007f50e1000000)
  to   space 43520K, 0% used [0x00007f50dbb00000,0x00007f50dbb00000,0x00007f50de580000)
 ParOldGen       total 699392K, used 641951K [0x00007f50a1000000, 0x00007f50cbb00000, 0x00007f50cbb00000)
  object space 699392K, 91% used [0x00007f50a1000000,0x00007f50c82e7e20,0x00007f50cbb00000)
 Metaspace       used 6428K, committed 6528K, reserved 8192K
}
Event: 7,702 GC heap after
{Heap after GC invocations=5 (full 2):
 PSYoungGen      total 305664K, used 70653K [0x00007f50cbb00000, 0x00007f50e1000000, 0x00007f50e1000000)
  eden space 262144K, 26% used [0x00007f50cbb00000,0x00007f50cffff518,0x00007f50dbb00000)
  from space 43520K, 0% used [0x00007f50de580000,0x00007f50de580000,0x00007f50e1000000)
  to   space 43520K, 0% used [0x00007f50dbb00000,0x00007f50dbb00000,0x00007f50de580000)
 ParOldGen       total 699392K, used 699289K [0x00007f50a1000000, 0x00007f50cbb00000, 0x00007f50cbb00000)
  object space 699392K, 99% used [0x00007f50a1000000,0x00007f50cbae6510,0x00007f50cbb00000)
 Metaspace       used 6428K, committed 6528K, reserved 8192K
}
Event: 7,884 GC heap before
{Heap before GC invocations=6 (full 3):
 PSYoungGen      total 305664K, used 262144K [0x00007f50cbb00000, 0x00007f50e1000000, 0x00007f50e1000000)
  eden space 262144K, 100% used [0x00007f50cbb00000,0x00007f50dbb00000,0x00007f50dbb00000)
  from space 43520K, 0% used [0x00007f50de580000,0x00007f50de580000,0x00007f50e1000000)
  to   space 43520K, 0% used [0x00007f50dbb00000,0x00007f50dbb00000,0x00007f50de580000)
 ParOldGen       total 699392K, used 699289K [0x00007f50a1000000, 0x00007f50cbb00000, 0x00007f50cbb00000)
  object space 699392K, 99% used [0x00007f50a1000000,0x00007f50cbae6510,0x00007f50cbb00000)
 Metaspace       used 6428K, committed 6528K, reserved 8192K
}
Event: 14,418 GC heap after
{Heap after GC invocations=6 (full 3):
 PSYoungGen      total 305664K, used 0K [0x00007f50cbb00000, 0x00007f50e1000000, 0x00007f50e1000000)
  eden space 262144K, 0% used [0x00007f50cbb00000,0x00007f50cbb00000,0x00007f50dbb00000)
  from space 43520K, 0% used [0x00007f50dbb00000,0x00007f50dbb00000,0x00007f50de580000)
  to   space 43520K, 0% used [0x00007f50de580000,0x00007f50de580000,0x00007f50e1000000)
 ParOldGen       total 699392K, used 656529K [0x00007f50a1000000, 0x00007f50cbb00000, 0x00007f50cbb00000)
  object space 699392K, 93% used [0x00007f50a1000000,0x00007f50c91247f8,0x00007f50cbb00000)
 Metaspace       used 6428K, committed 6528K, reserved 8192K
}
Event: 14,838 GC heap before
{Heap before GC invocations=7 (full 4):
 PSYoungGen      total 305664K, used 262144K [0x00007f50cbb00000, 0x00007f50e1000000, 0x00007f50e1000000)
  eden space 262144K, 100% used [0x00007f50cbb00000,0x00007f50dbb00000,0x00007f50dbb00000)
  from space 43520K, 0% used [0x00007f50dbb00000,0x00007f50dbb00000,0x00007f50de580000)
  to   space 43520K, 0% used [0x00007f50de580000,0x00007f50de580000,0x00007f50e1000000)
 ParOldGen       total 699392K, used 656529K [0x00007f50a1000000, 0x00007f50cbb00000, 0x00007f50cbb00000)
  object space 699392K, 93% used [0x00007f50a1000000,0x00007f50c91247f8,0x00007f50cbb00000)
 Metaspace       used 6428K, committed 6528K, reserved 8192K
}
Event: 19,402 GC heap after
{Heap after GC invocations=7 (full 4):
 PSYoungGen      total 305664K, used 93683K [0x00007f50cbb00000, 0x00007f50e1000000, 0x00007f50e1000000)
  eden space 262144K, 35% used [0x00007f50cbb00000,0x00007f50d167cd40,0x00007f50dbb00000)
  from space 43520K, 0% used [0x00007f50de580000,0x00007f50de580000,0x00007f50e1000000)
  to   space 43520K, 0% used [0x00007f50dbb00000,0x00007f50dbb00000,0x00007f50de580000)
 ParOldGen       total 699392K, used 699266K [0x00007f50a1000000, 0x00007f50cbb00000, 0x00007f50cbb00000)
  object space 699392K, 99% used [0x00007f50a1000000,0x00007f50cbae0b00,0x00007f50cbb00000)
 Metaspace       used 6428K, committed 6528K, reserved 8192K
}
Event: 19,536 GC heap before
{Heap before GC invocations=8 (full 5):
 PSYoungGen      total 305664K, used 262144K [0x00007f50cbb00000, 0x00007f50e1000000, 0x00007f50e1000000)
  eden space 262144K, 100% used [0x00007f50cbb00000,0x00007f50dbb00000,0x00007f50dbb00000)
  from space 43520K, 0% used [0x00007f50de580000,0x00007f50de580000,0x00007f50e1000000)
  to   space 43520K, 0% used [0x00007f50dbb00000,0x00007f50dbb00000,0x00007f50de580000)
 ParOldGen       total 699392K, used 699266K [0x00007f50a1000000, 0x00007f50cbb00000, 0x00007f50cbb00000)
  object space 699392K, 99% used [0x00007f50a1000000,0x00007f50cbae0b00,0x00007f50cbb00000)
 Metaspace       used 6428K, committed 6528K, reserved 8192K
}
Event: 23,642 GC heap after
{Heap after GC invocations=8 (full 5):
 PSYoungGen      total 305664K, used 174009K [0x00007f50cbb00000, 0x00007f50e1000000, 0x00007f50e1000000)
  eden space 262144K, 66% used [0x00007f50cbb00000,0x00007f50d64ee528,0x00007f50dbb00000)
  from space 43520K, 0% used [0x00007f50dbb00000,0x00007f50dbb00000,0x00007f50de580000)
  to   space 43520K, 0% used [0x00007f50de580000,0x00007f50de580000,0x00007f50e1000000)
 ParOldGen       total 699392K, used 699208K [0x00007f50a1000000, 0x00007f50cbb00000, 0x00007f50cbb00000)
  object space 699392K, 99% used [0x00007f50a1000000,0x00007f50cbad22e8,0x00007f50cbb00000)
 Metaspace       used 6428K, committed 6528K, reserved 8192K
}
Event: 23,710 GC heap before
{Heap before GC invocations=9 (full 6):
 PSYoungGen      total 305664K, used 262144K [0x00007f50cbb00000, 0x00007f50e1000000, 0x00007f50e1000000)
  eden space 262144K, 100% used [0x00007f50cbb00000,0x00007f50dbb00000,0x00007f50dbb00000)
  from space 43520K, 0% used [0x00007f50dbb00000,0x00007f50dbb00000,0x00007f50de580000)
  to   space 43520K, 0% used [0x00007f50de580000,0x00007f50de580000,0x00007f50e1000000)
 ParOldGen       total 699392K, used 699208K [0x00007f50a1000000, 0x00007f50cbb00000, 0x00007f50cbb00000)
  object space 699392K, 99% used [0x00007f50a1000000,0x00007f50cbad22e8,0x00007f50cbb00000)
 Metaspace       used 6428K, committed 6528K, reserved 8192K
}

