# JRE version: OpenJDK Runtime Environment (17.0.6) (fastdebug build 17.0.6-internal+0-adhoc.konstdelis.jdk17u067)
# Java VM: OpenJDK 64-Bit Server VM (fastdebug 17.0.6-internal+0-adhoc.konstdelis.jdk17u067, mixed mode, tiered, parallel gc, linux-amd64)
GC Precious Log:
 CPUs: 32 total, 32 available
 Memory: 251G
 Large Page Support: Disabled
 NUMA Support: Disabled
 Compressed Oops: Disabled
 Alignments: Space 512K, Generation 512K, Heap 2M
 Heap Min Capacity: 1G
 Heap Initial Capacity: 1G
 Heap Max Capacity: 1G
 Pre-touch: Disabled
 Parallel Workers: 1
Heap:
 PSYoungGen      total 305664K, used 172189K [0x00007f21e3b00000, 0x00007f21f9000000, 0x00007f21f9000000)
  eden space 262144K, 65% used [0x00007f21e3b00000,0x00007f21ee327530,0x00007f21f3b00000)
  from space 43520K, 0% used [0x00007f21f3b00000,0x00007f21f3b00000,0x00007f21f6580000)
  to   space 43520K, 0% used [0x00007f21f6580000,0x00007f21f6580000,0x00007f21f9000000)
 ParOldGen       total 699392K, used 703953K [0x00007f21b9000000, 0x00007f21e3b00000, 0x00007f21e3b00000)
  object space 699392K, 100% used [0x00007f21b9000000,0x00007f21e3f746d8,0x00007f21e3b00000)
 Metaspace       used 6719K, committed 6784K, reserved 8192K
GC Heap History (20 events):
Event: 2,217 GC heap before
{Heap before GC invocations=1 (full 0):
 PSYoungGen      total 305664K, used 234170K [0x00007f21e3b00000, 0x00007f21f9000000, 0x00007f21f9000000)
  eden space 262144K, 89% used [0x00007f21e3b00000,0x00007f21f1fae9f8,0x00007f21f3b00000)
  from space 43520K, 0% used [0x00007f21f6580000,0x00007f21f6580000,0x00007f21f9000000)
  to   space 43520K, 0% used [0x00007f21f3b00000,0x00007f21f3b00000,0x00007f21f6580000)
 ParOldGen       total 699392K, used 0K [0x00007f21b9000000, 0x00007f21e3b00000, 0x00007f21e3b00000)
  object space 699392K, 0% used [0x00007f21b9000000,0x00007f21b9000000,0x00007f21e3b00000)
 Metaspace       used 6719K, committed 6784K, reserved 8192K
}
Event: 3,614 GC heap after
{Heap after GC invocations=1 (full 0):
 PSYoungGen      total 305664K, used 43488K [0x00007f21e3b00000, 0x00007f21f9000000, 0x00007f21f9000000)
  eden space 262144K, 0% used [0x00007f21e3b00000,0x00007f21e3b00000,0x00007f21f3b00000)
  from space 43520K, 99% used [0x00007f21f3b00000,0x00007f21f6578020,0x00007f21f6580000)
  to   space 43520K, 0% used [0x00007f21f6580000,0x00007f21f6580000,0x00007f21f9000000)
 ParOldGen       total 699392K, used 115688K [0x00007f21b9000000, 0x00007f21e3b00000, 0x00007f21e3b00000)
  object space 699392K, 16% used [0x00007f21b9000000,0x00007f21c00fa000,0x00007f21e3b00000)
 Metaspace       used 6719K, committed 6784K, reserved 8192K
}
Event: 3,614 GC heap before
{Heap before GC invocations=2 (full 1):
 PSYoungGen      total 305664K, used 43488K [0x00007f21e3b00000, 0x00007f21f9000000, 0x00007f21f9000000)
  eden space 262144K, 0% used [0x00007f21e3b00000,0x00007f21e3b00000,0x00007f21f3b00000)
  from space 43520K, 99% used [0x00007f21f3b00000,0x00007f21f6578020,0x00007f21f6580000)
  to   space 43520K, 0% used [0x00007f21f6580000,0x00007f21f6580000,0x00007f21f9000000)
 ParOldGen       total 699392K, used 115688K [0x00007f21b9000000, 0x00007f21e3b00000, 0x00007f21e3b00000)
  object space 699392K, 16% used [0x00007f21b9000000,0x00007f21c00fa000,0x00007f21e3b00000)
 Metaspace       used 6719K, committed 6784K, reserved 8192K
}
Event: 6,262 GC heap after
{Heap after GC invocations=2 (full 1):
 PSYoungGen      total 305664K, used 0K [0x00007f21e3b00000, 0x00007f21f9000000, 0x00007f21f9000000)
  eden space 262144K, 0% used [0x00007f21e3b00000,0x00007f21e3b00000,0x00007f21f3b00000)
  from space 43520K, 0% used [0x00007f21f3b00000,0x00007f21f3b00000,0x00007f21f6580000)
  to   space 43520K, 0% used [0x00007f21f6580000,0x00007f21f6580000,0x00007f21f9000000)
 ParOldGen       total 699392K, used 158300K [0x00007f21b9000000, 0x00007f21e3b00000, 0x00007f21e3b00000)
  object space 699392K, 22% used [0x00007f21b9000000,0x00007f21c2a97020,0x00007f21e3b00000)
 Metaspace       used 6719K, committed 6784K, reserved 8192K
}
Event: 6,591 GC heap before
{Heap before GC invocations=3 (full 1):
 PSYoungGen      total 305664K, used 196092K [0x00007f21e3b00000, 0x00007f21f9000000, 0x00007f21f9000000)
  eden space 262144K, 74% used [0x00007f21e3b00000,0x00007f21efa7f398,0x00007f21f3b00000)
  from space 43520K, 0% used [0x00007f21f3b00000,0x00007f21f3b00000,0x00007f21f6580000)
  to   space 43520K, 0% used [0x00007f21f6580000,0x00007f21f6580000,0x00007f21f9000000)
 ParOldGen       total 699392K, used 158300K [0x00007f21b9000000, 0x00007f21e3b00000, 0x00007f21e3b00000)
  object space 699392K, 22% used [0x00007f21b9000000,0x00007f21c2a97020,0x00007f21e3b00000)
 Metaspace       used 6719K, committed 6784K, reserved 8192K
}
Event: 8,460 GC heap after
{Heap after GC invocations=3 (full 1):
 PSYoungGen      total 305664K, used 43520K [0x00007f21e3b00000, 0x00007f21f9000000, 0x00007f21f9000000)
  eden space 262144K, 0% used [0x00007f21e3b00000,0x00007f21e3b00000,0x00007f21f3b00000)
  from space 43520K, 100% used [0x00007f21f6580000,0x00007f21f9000000,0x00007f21f9000000)
  to   space 43520K, 0% used [0x00007f21f3b00000,0x00007f21f3b00000,0x00007f21f6580000)
 ParOldGen       total 699392K, used 310676K [0x00007f21b9000000, 0x00007f21e3b00000, 0x00007f21e3b00000)
  object space 699392K, 44% used [0x00007f21b9000000,0x00007f21cbf65040,0x00007f21e3b00000)
 Metaspace       used 6719K, committed 6784K, reserved 8192K
}
Event: 8,461 GC heap before
{Heap before GC invocations=4 (full 2):
 PSYoungGen      total 305664K, used 43520K [0x00007f21e3b00000, 0x00007f21f9000000, 0x00007f21f9000000)
  eden space 262144K, 0% used [0x00007f21e3b00000,0x00007f21e3b00000,0x00007f21f3b00000)
  from space 43520K, 100% used [0x00007f21f6580000,0x00007f21f9000000,0x00007f21f9000000)
  to   space 43520K, 0% used [0x00007f21f3b00000,0x00007f21f3b00000,0x00007f21f6580000)
 ParOldGen       total 699392K, used 310676K [0x00007f21b9000000, 0x00007f21e3b00000, 0x00007f21e3b00000)
  object space 699392K, 44% used [0x00007f21b9000000,0x00007f21cbf65040,0x00007f21e3b00000)
 Metaspace       used 6719K, committed 6784K, reserved 8192K
}
Event: 14,598 GC heap after
{Heap after GC invocations=4 (full 2):
 PSYoungGen      total 305664K, used 0K [0x00007f21e3b00000, 0x00007f21f9000000, 0x00007f21f9000000)
  eden space 262144K, 0% used [0x00007f21e3b00000,0x00007f21e3b00000,0x00007f21f3b00000)
  from space 43520K, 0% used [0x00007f21f6580000,0x00007f21f6580000,0x00007f21f9000000)
  to   space 43520K, 0% used [0x00007f21f3b00000,0x00007f21f3b00000,0x00007f21f6580000)
 ParOldGen       total 699392K, used 221541K [0x00007f21b9000000, 0x00007f21e3b00000, 0x00007f21e3b00000)
  object space 699392K, 31% used [0x00007f21b9000000,0x00007f21c6859468,0x00007f21e3b00000)
 Metaspace       used 6719K, committed 6784K, reserved 8192K
}
Event: 14,741 GC heap before
{Heap before GC invocations=5 (full 2):
 PSYoungGen      total 305664K, used 30033K [0x00007f21e3b00000, 0x00007f21f9000000, 0x00007f21f9000000)
  eden space 262144K, 11% used [0x00007f21e3b00000,0x00007f21e5854508,0x00007f21f3b00000)
  from space 43520K, 0% used [0x00007f21f6580000,0x00007f21f6580000,0x00007f21f9000000)
  to   space 43520K, 0% used [0x00007f21f3b00000,0x00007f21f3b00000,0x00007f21f6580000)
 ParOldGen       total 699392K, used 221541K [0x00007f21b9000000, 0x00007f21e3b00000, 0x00007f21e3b00000)
  object space 699392K, 31% used [0x00007f21b9000000,0x00007f21c6859468,0x00007f21e3b00000)
 Metaspace       used 6719K, committed 6784K, reserved 8192K
}
Event: 14,749 GC heap after
{Heap after GC invocations=5 (full 2):
 PSYoungGen      total 305664K, used 32K [0x00007f21e3b00000, 0x00007f21f9000000, 0x00007f21f9000000)
  eden space 262144K, 0% used [0x00007f21e3b00000,0x00007f21e3b00000,0x00007f21f3b00000)
  from space 43520K, 0% used [0x00007f21f3b00000,0x00007f21f3b08000,0x00007f21f6580000)
  to   space 43520K, 0% used [0x00007f21f6580000,0x00007f21f6580000,0x00007f21f9000000)
 ParOldGen       total 699392K, used 221541K [0x00007f21b9000000, 0x00007f21e3b00000, 0x00007f21e3b00000)
  object space 699392K, 31% used [0x00007f21b9000000,0x00007f21c6859468,0x00007f21e3b00000)
 Metaspace       used 6719K, committed 6784K, reserved 8192K
}
Event: 14,749 GC heap before
{Heap before GC invocations=6 (full 3):
 PSYoungGen      total 305664K, used 32K [0x00007f21e3b00000, 0x00007f21f9000000, 0x00007f21f9000000)
  eden space 262144K, 0% used [0x00007f21e3b00000,0x00007f21e3b00000,0x00007f21f3b00000)
  from space 43520K, 0% used [0x00007f21f3b00000,0x00007f21f3b08000,0x00007f21f6580000)
  to   space 43520K, 0% used [0x00007f21f6580000,0x00007f21f6580000,0x00007f21f9000000)
 ParOldGen       total 699392K, used 221541K [0x00007f21b9000000, 0x00007f21e3b00000, 0x00007f21e3b00000)
  object space 699392K, 31% used [0x00007f21b9000000,0x00007f21c6859468,0x00007f21e3b00000)
 Metaspace       used 6719K, committed 6784K, reserved 8192K
}
Event: 17,026 GC heap after
{Heap after GC invocations=6 (full 3):
 PSYoungGen      total 305664K, used 0K [0x00007f21e3b00000, 0x00007f21f9000000, 0x00007f21f9000000)
  eden space 262144K, 0% used [0x00007f21e3b00000,0x00007f21e3b00000,0x00007f21f3b00000)
  from space 43520K, 0% used [0x00007f21f3b00000,0x00007f21f3b00000,0x00007f21f6580000)
  to   space 43520K, 0% used [0x00007f21f6580000,0x00007f21f6580000,0x00007f21f9000000)
 ParOldGen       total 699392K, used 323032K [0x00007f21b9000000, 0x00007f21e3b00000, 0x00007f21e3b00000)
  object space 699392K, 46% used [0x00007f21b9000000,0x00007f21ccb76110,0x00007f21e3b00000)
 Metaspace       used 6719K, committed 6784K, reserved 8192K
}
Event: 17,235 GC heap before
{Heap before GC invocations=7 (full 3):
 PSYoungGen      total 305664K, used 150166K [0x00007f21e3b00000, 0x00007f21f9000000, 0x00007f21f9000000)
  eden space 262144K, 57% used [0x00007f21e3b00000,0x00007f21ecda5910,0x00007f21f3b00000)
  from space 43520K, 0% used [0x00007f21f3b00000,0x00007f21f3b00000,0x00007f21f6580000)
  to   space 43520K, 0% used [0x00007f21f6580000,0x00007f21f6580000,0x00007f21f9000000)
 ParOldGen       total 699392K, used 323032K [0x00007f21b9000000, 0x00007f21e3b00000, 0x00007f21e3b00000)
  object space 699392K, 46% used [0x00007f21b9000000,0x00007f21ccb76110,0x00007f21e3b00000)
 Metaspace       used 6719K, committed 6784K, reserved 8192K
}
Event: 18,632 GC heap after
{Heap after GC invocations=7 (full 3):
 PSYoungGen      total 305664K, used 43520K [0x00007f21e3b00000, 0x00007f21f9000000, 0x00007f21f9000000)
  eden space 262144K, 0% used [0x00007f21e3b00000,0x00007f21e3b00000,0x00007f21f3b00000)
  from space 43520K, 100% used [0x00007f21f6580000,0x00007f21f9000000,0x00007f21f9000000)
  to   space 43520K, 0% used [0x00007f21f3b00000,0x00007f21f3b00000,0x00007f21f6580000)
 ParOldGen       total 699392K, used 428776K [0x00007f21b9000000, 0x00007f21e3b00000, 0x00007f21e3b00000)
  object space 699392K, 61% used [0x00007f21b9000000,0x00007f21d32ba110,0x00007f21e3b00000)
 Metaspace       used 6719K, committed 6784K, reserved 8192K
}
Event: 18,633 GC heap before
{Heap before GC invocations=8 (full 4):
 PSYoungGen      total 305664K, used 43520K [0x00007f21e3b00000, 0x00007f21f9000000, 0x00007f21f9000000)
  eden space 262144K, 0% used [0x00007f21e3b00000,0x00007f21e3b00000,0x00007f21f3b00000)
  from space 43520K, 100% used [0x00007f21f6580000,0x00007f21f9000000,0x00007f21f9000000)
  to   space 43520K, 0% used [0x00007f21f3b00000,0x00007f21f3b00000,0x00007f21f6580000)
 ParOldGen       total 699392K, used 428776K [0x00007f21b9000000, 0x00007f21e3b00000, 0x00007f21e3b00000)
  object space 699392K, 61% used [0x00007f21b9000000,0x00007f21d32ba110,0x00007f21e3b00000)
 Metaspace       used 6719K, committed 6784K, reserved 8192K
}
Event: 26,683 GC heap after
{Heap after GC invocations=8 (full 4):
 PSYoungGen      total 305664K, used 0K [0x00007f21e3b00000, 0x00007f21f9000000, 0x00007f21f9000000)
  eden space 262144K, 0% used [0x00007f21e3b00000,0x00007f21e3b00000,0x00007f21f3b00000)
  from space 43520K, 0% used [0x00007f21f6580000,0x00007f21f6580000,0x00007f21f9000000)
  to   space 43520K, 0% used [0x00007f21f3b00000,0x00007f21f3b00000,0x00007f21f6580000)
 ParOldGen       total 699392K, used 315291K [0x00007f21b9000000, 0x00007f21e3b00000, 0x00007f21e3b00000)
  object space 699392K, 45% used [0x00007f21b9000000,0x00007f21cc3e6db0,0x00007f21e3b00000)
 Metaspace       used 6719K, committed 6784K, reserved 8192K
}
Event: 27,079 GC heap before
{Heap before GC invocations=9 (full 4):
 PSYoungGen      total 305664K, used 241489K [0x00007f21e3b00000, 0x00007f21f9000000, 0x00007f21f9000000)
  eden space 262144K, 92% used [0x00007f21e3b00000,0x00007f21f26d4768,0x00007f21f3b00000)
  from space 43520K, 0% used [0x00007f21f6580000,0x00007f21f6580000,0x00007f21f9000000)
  to   space 43520K, 0% used [0x00007f21f3b00000,0x00007f21f3b00000,0x00007f21f6580000)
 ParOldGen       total 699392K, used 315291K [0x00007f21b9000000, 0x00007f21e3b00000, 0x00007f21e3b00000)
  object space 699392K, 45% used [0x00007f21b9000000,0x00007f21cc3e6db0,0x00007f21e3b00000)
 Metaspace       used 6719K, committed 6784K, reserved 8192K
}
Event: 29,459 GC heap after
{Heap after GC invocations=9 (full 4):
 PSYoungGen      total 305664K, used 43520K [0x00007f21e3b00000, 0x00007f21f9000000, 0x00007f21f9000000)
  eden space 262144K, 0% used [0x00007f21e3b00000,0x00007f21e3b00000,0x00007f21f3b00000)
  from space 43520K, 100% used [0x00007f21f3b00000,0x00007f21f6580000,0x00007f21f6580000)
  to   space 43520K, 0% used [0x00007f21f6580000,0x00007f21f6580000,0x00007f21f9000000)
 ParOldGen       total 699392K, used 509379K [0x00007f21b9000000, 0x00007f21e3b00000, 0x00007f21e3b00000)
  object space 699392K, 72% used [0x00007f21b9000000,0x00007f21d8170dd0,0x00007f21e3b00000)
 Metaspace       used 6719K, committed 6784K, reserved 8192K
}
Event: 29,459 GC heap before
{Heap before GC invocations=10 (full 5):
 PSYoungGen      total 305664K, used 43520K [0x00007f21e3b00000, 0x00007f21f9000000, 0x00007f21f9000000)
  eden space 262144K, 0% used [0x00007f21e3b00000,0x00007f21e3b00000,0x00007f21f3b00000)
  from space 43520K, 100% used [0x00007f21f3b00000,0x00007f21f6580000,0x00007f21f6580000)
  to   space 43520K, 0% used [0x00007f21f6580000,0x00007f21f6580000,0x00007f21f9000000)
 ParOldGen       total 699392K, used 509379K [0x00007f21b9000000, 0x00007f21e3b00000, 0x00007f21e3b00000)
  object space 699392K, 72% used [0x00007f21b9000000,0x00007f21d8170dd0,0x00007f21e3b00000)
 Metaspace       used 6719K, committed 6784K, reserved 8192K
}
Event: 38,995 GC heap after
{Heap after GC invocations=10 (full 5):
 PSYoungGen      total 305664K, used 0K [0x00007f21e3b00000, 0x00007f21f9000000, 0x00007f21f9000000)
  eden space 262144K, 0% used [0x00007f21e3b00000,0x00007f21e3b00000,0x00007f21f3b00000)
  from space 43520K, 0% used [0x00007f21f3b00000,0x00007f21f3b00000,0x00007f21f6580000)
  to   space 43520K, 0% used [0x00007f21f6580000,0x00007f21f6580000,0x00007f21f9000000)
 ParOldGen       total 699392K, used 703953K [0x00007f21b9000000, 0x00007f21e3b00000, 0x00007f21e3b00000)
  object space 699392K, 100% used [0x00007f21b9000000,0x00007f21e3f746d8,0x00007f21e3b00000)
 Metaspace       used 6719K, committed 6784K, reserved 8192K
}

