# JRE version: OpenJDK Runtime Environment (17.0.6) (fastdebug build 17.0.6-internal+0-adhoc.konstdelis.jdk17u067)
# Java VM: OpenJDK 64-Bit Server VM (fastdebug 17.0.6-internal+0-adhoc.konstdelis.jdk17u067, mixed mode, tiered, parallel gc, linux-amd64)
GC Precious Log:
 CPUs: 32 total, 32 available
 Memory: 251G
 Large Page Support: Disabled
 NUMA Support: Disabled
 Compressed Oops: Disabled
 Alignments: Space 512K, Generation 512K, Heap 2M
 Heap Min Capacity: 3G
 Heap Initial Capacity: 3G
 Heap Max Capacity: 3G
 Pre-touch: Disabled
 Parallel Workers: 8
Heap:
 PSYoungGen      total 917504K, used 786432K [0x00007f50a0c00000, 0x00007f50e0c00000, 0x00007f50e0c00000)
  eden space 786432K, 100% used [0x00007f50a0c00000,0x00007f50d0c00000,0x00007f50d0c00000)
  from space 131072K, 0% used [0x00007f50d0c00000,0x00007f50d0c00000,0x00007f50d8c00000)
  to   space 131072K, 0% used [0x00007f50d8c00000,0x00007f50d8c00000,0x00007f50e0c00000)
 ParOldGen       total 2097152K, used 2093008K [0x00007f5020c00000, 0x00007f50a0c00000, 0x00007f50a0c00000)
  object space 2097152K, 99% used [0x00007f5020c00000,0x00007f50a07f40d8,0x00007f50a0c00000)
 Metaspace       used 7360K, committed 7488K, reserved 8192K
GC Heap History (20 events):
Event: 141,087 GC heap after
{Heap after GC invocations=12 (full 8):
 PSYoungGen      total 917504K, used 571266K [0x00007f50a0c00000, 0x00007f50e0c00000, 0x00007f50e0c00000)
  eden space 786432K, 72% used [0x00007f50a0c00000,0x00007f50c39e0b18,0x00007f50d0c00000)
  from space 131072K, 0% used [0x00007f50d8c00000,0x00007f50d8c00000,0x00007f50e0c00000)
  to   space 131072K, 0% used [0x00007f50d0c00000,0x00007f50d0c00000,0x00007f50d8c00000)
 ParOldGen       total 2097152K, used 1840542K [0x00007f5020c00000, 0x00007f50a0c00000, 0x00007f50a0c00000)
  object space 2097152K, 87% used [0x00007f5020c00000,0x00007f5091167958,0x00007f50a0c00000)
 Metaspace       used 7360K, committed 7488K, reserved 8192K
}
Event: 141,207 GC heap before
{Heap before GC invocations=13 (full 9):
 PSYoungGen      total 917504K, used 786432K [0x00007f50a0c00000, 0x00007f50e0c00000, 0x00007f50e0c00000)
  eden space 786432K, 100% used [0x00007f50a0c00000,0x00007f50d0c00000,0x00007f50d0c00000)
  from space 131072K, 0% used [0x00007f50d8c00000,0x00007f50d8c00000,0x00007f50e0c00000)
  to   space 131072K, 0% used [0x00007f50d0c00000,0x00007f50d0c00000,0x00007f50d8c00000)
 ParOldGen       total 2097152K, used 1840542K [0x00007f5020c00000, 0x00007f50a0c00000, 0x00007f50a0c00000)
  object space 2097152K, 87% used [0x00007f5020c00000,0x00007f5091167958,0x00007f50a0c00000)
 Metaspace       used 7360K, committed 7488K, reserved 8192K
}
Event: 159,012 GC heap after
{Heap after GC invocations=13 (full 9):
 PSYoungGen      total 917504K, used 703595K [0x00007f50a0c00000, 0x00007f50e0c00000, 0x00007f50e0c00000)
  eden space 786432K, 89% used [0x00007f50a0c00000,0x00007f50cbb1ad38,0x00007f50d0c00000)
  from space 131072K, 0% used [0x00007f50d0c00000,0x00007f50d0c00000,0x00007f50d8c00000)
  to   space 131072K, 0% used [0x00007f50d8c00000,0x00007f50d8c00000,0x00007f50e0c00000)
 ParOldGen       total 2097152K, used 2096252K [0x00007f5020c00000, 0x00007f50a0c00000, 0x00007f50a0c00000)
  object space 2097152K, 99% used [0x00007f5020c00000,0x00007f50a0b1f0c0,0x00007f50a0c00000)
 Metaspace       used 7360K, committed 7488K, reserved 8192K
}
Event: 159,056 GC heap before
{Heap before GC invocations=14 (full 10):
 PSYoungGen      total 917504K, used 786432K [0x00007f50a0c00000, 0x00007f50e0c00000, 0x00007f50e0c00000)
  eden space 786432K, 100% used [0x00007f50a0c00000,0x00007f50d0c00000,0x00007f50d0c00000)
  from space 131072K, 0% used [0x00007f50d0c00000,0x00007f50d0c00000,0x00007f50d8c00000)
  to   space 131072K, 0% used [0x00007f50d8c00000,0x00007f50d8c00000,0x00007f50e0c00000)
 ParOldGen       total 2097152K, used 2096252K [0x00007f5020c00000, 0x00007f50a0c00000, 0x00007f50a0c00000)
  object space 2097152K, 99% used [0x00007f5020c00000,0x00007f50a0b1f0c0,0x00007f50a0c00000)
 Metaspace       used 7360K, committed 7488K, reserved 8192K
}
Event: 176,824 GC heap after
{Heap after GC invocations=14 (full 10):
 PSYoungGen      total 917504K, used 697880K [0x00007f50a0c00000, 0x00007f50e0c00000, 0x00007f50e0c00000)
  eden space 786432K, 88% used [0x00007f50a0c00000,0x00007f50cb5863f8,0x00007f50d0c00000)
  from space 131072K, 0% used [0x00007f50d8c00000,0x00007f50d8c00000,0x00007f50e0c00000)
  to   space 131072K, 0% used [0x00007f50d0c00000,0x00007f50d0c00000,0x00007f50d8c00000)
 ParOldGen       total 2097152K, used 1859148K [0x00007f5020c00000, 0x00007f50a0c00000, 0x00007f50a0c00000)
  object space 2097152K, 88% used [0x00007f5020c00000,0x00007f5092393380,0x00007f50a0c00000)
 Metaspace       used 7360K, committed 7488K, reserved 8192K
}
Event: 176,871 GC heap before
{Heap before GC invocations=15 (full 11):
 PSYoungGen      total 917504K, used 786432K [0x00007f50a0c00000, 0x00007f50e0c00000, 0x00007f50e0c00000)
  eden space 786432K, 100% used [0x00007f50a0c00000,0x00007f50d0c00000,0x00007f50d0c00000)
  from space 131072K, 0% used [0x00007f50d8c00000,0x00007f50d8c00000,0x00007f50e0c00000)
  to   space 131072K, 0% used [0x00007f50d0c00000,0x00007f50d0c00000,0x00007f50d8c00000)
 ParOldGen       total 2097152K, used 1859148K [0x00007f5020c00000, 0x00007f50a0c00000, 0x00007f50a0c00000)
  object space 2097152K, 88% used [0x00007f5020c00000,0x00007f5092393380,0x00007f50a0c00000)
 Metaspace       used 7360K, committed 7488K, reserved 8192K
}
Event: 192,831 GC heap after
{Heap after GC invocations=15 (full 11):
 PSYoungGen      total 917504K, used 731936K [0x00007f50a0c00000, 0x00007f50e0c00000, 0x00007f50e0c00000)
  eden space 786432K, 93% used [0x00007f50a0c00000,0x00007f50cd6c83f8,0x00007f50d0c00000)
  from space 131072K, 0% used [0x00007f50d0c00000,0x00007f50d0c00000,0x00007f50d8c00000)
  to   space 131072K, 0% used [0x00007f50d8c00000,0x00007f50d8c00000,0x00007f50e0c00000)
 ParOldGen       total 2097152K, used 1836298K [0x00007f5020c00000, 0x00007f50a0c00000, 0x00007f50a0c00000)
  object space 2097152K, 87% used [0x00007f5020c00000,0x00007f5090d42858,0x00007f50a0c00000)
 Metaspace       used 7360K, committed 7488K, reserved 8192K
}
Event: 192,860 GC heap before
{Heap before GC invocations=16 (full 12):
 PSYoungGen      total 917504K, used 786432K [0x00007f50a0c00000, 0x00007f50e0c00000, 0x00007f50e0c00000)
  eden space 786432K, 100% used [0x00007f50a0c00000,0x00007f50d0c00000,0x00007f50d0c00000)
  from space 131072K, 0% used [0x00007f50d0c00000,0x00007f50d0c00000,0x00007f50d8c00000)
  to   space 131072K, 0% used [0x00007f50d8c00000,0x00007f50d8c00000,0x00007f50e0c00000)
 ParOldGen       total 2097152K, used 1836298K [0x00007f5020c00000, 0x00007f50a0c00000, 0x00007f50a0c00000)
  object space 2097152K, 87% used [0x00007f5020c00000,0x00007f5090d42858,0x00007f50a0c00000)
 Metaspace       used 7360K, committed 7488K, reserved 8192K
}
Event: 210,240 GC heap after
{Heap after GC invocations=16 (full 12):
 PSYoungGen      total 917504K, used 744190K [0x00007f50a0c00000, 0x00007f50e0c00000, 0x00007f50e0c00000)
  eden space 786432K, 94% used [0x00007f50a0c00000,0x00007f50ce2bf968,0x00007f50d0c00000)
  from space 131072K, 0% used [0x00007f50d8c00000,0x00007f50d8c00000,0x00007f50e0c00000)
  to   space 131072K, 0% used [0x00007f50d0c00000,0x00007f50d0c00000,0x00007f50d8c00000)
 ParOldGen       total 2097152K, used 2094870K [0x00007f5020c00000, 0x00007f50a0c00000, 0x00007f50a0c00000)
  object space 2097152K, 99% used [0x00007f5020c00000,0x00007f50a09c59a0,0x00007f50a0c00000)
 Metaspace       used 7360K, committed 7488K, reserved 8192K
}
Event: 210,262 GC heap before
{Heap before GC invocations=17 (full 13):
 PSYoungGen      total 917504K, used 786432K [0x00007f50a0c00000, 0x00007f50e0c00000, 0x00007f50e0c00000)
  eden space 786432K, 100% used [0x00007f50a0c00000,0x00007f50d0c00000,0x00007f50d0c00000)
  from space 131072K, 0% used [0x00007f50d8c00000,0x00007f50d8c00000,0x00007f50e0c00000)
  to   space 131072K, 0% used [0x00007f50d0c00000,0x00007f50d0c00000,0x00007f50d8c00000)
 ParOldGen       total 2097152K, used 2094870K [0x00007f5020c00000, 0x00007f50a0c00000, 0x00007f50a0c00000)
  object space 2097152K, 99% used [0x00007f5020c00000,0x00007f50a09c59a0,0x00007f50a0c00000)
 Metaspace       used 7360K, committed 7488K, reserved 8192K
}
Event: 228,140 GC heap after
{Heap after GC invocations=17 (full 13):
 PSYoungGen      total 917504K, used 745688K [0x00007f50a0c00000, 0x00007f50e0c00000, 0x00007f50e0c00000)
  eden space 786432K, 94% used [0x00007f50a0c00000,0x00007f50ce436018,0x00007f50d0c00000)
  from space 131072K, 0% used [0x00007f50d0c00000,0x00007f50d0c00000,0x00007f50d8c00000)
  to   space 131072K, 0% used [0x00007f50d8c00000,0x00007f50d8c00000,0x00007f50e0c00000)
 ParOldGen       total 2097152K, used 1835298K [0x00007f5020c00000, 0x00007f50a0c00000, 0x00007f50a0c00000)
  object space 2097152K, 87% used [0x00007f5020c00000,0x00007f5090c48b28,0x00007f50a0c00000)
 Metaspace       used 7360K, committed 7488K, reserved 8192K
}
Event: 228,165 GC heap before
{Heap before GC invocations=18 (full 14):
 PSYoungGen      total 917504K, used 786432K [0x00007f50a0c00000, 0x00007f50e0c00000, 0x00007f50e0c00000)
  eden space 786432K, 100% used [0x00007f50a0c00000,0x00007f50d0c00000,0x00007f50d0c00000)
  from space 131072K, 0% used [0x00007f50d0c00000,0x00007f50d0c00000,0x00007f50d8c00000)
  to   space 131072K, 0% used [0x00007f50d8c00000,0x00007f50d8c00000,0x00007f50e0c00000)
 ParOldGen       total 2097152K, used 1835298K [0x00007f5020c00000, 0x00007f50a0c00000, 0x00007f50a0c00000)
  object space 2097152K, 87% used [0x00007f5020c00000,0x00007f5090c48b28,0x00007f50a0c00000)
 Metaspace       used 7360K, committed 7488K, reserved 8192K
}
Event: 245,864 GC heap after
{Heap after GC invocations=18 (full 14):
 PSYoungGen      total 917504K, used 759200K [0x00007f50a0c00000, 0x00007f50e0c00000, 0x00007f50e0c00000)
  eden space 786432K, 96% used [0x00007f50a0c00000,0x00007f50cf1683d8,0x00007f50d0c00000)
  from space 131072K, 0% used [0x00007f50d8c00000,0x00007f50d8c00000,0x00007f50e0c00000)
  to   space 131072K, 0% used [0x00007f50d0c00000,0x00007f50d0c00000,0x00007f50d8c00000)
 ParOldGen       total 2097152K, used 2093793K [0x00007f5020c00000, 0x00007f50a0c00000, 0x00007f50a0c00000)
  object space 2097152K, 99% used [0x00007f5020c00000,0x00007f50a08b87d8,0x00007f50a0c00000)
 Metaspace       used 7360K, committed 7488K, reserved 8192K
}
Event: 245,880 GC heap before
{Heap before GC invocations=19 (full 15):
 PSYoungGen      total 917504K, used 786432K [0x00007f50a0c00000, 0x00007f50e0c00000, 0x00007f50e0c00000)
  eden space 786432K, 100% used [0x00007f50a0c00000,0x00007f50d0c00000,0x00007f50d0c00000)
  from space 131072K, 0% used [0x00007f50d8c00000,0x00007f50d8c00000,0x00007f50e0c00000)
  to   space 131072K, 0% used [0x00007f50d0c00000,0x00007f50d0c00000,0x00007f50d8c00000)
 ParOldGen       total 2097152K, used 2093793K [0x00007f5020c00000, 0x00007f50a0c00000, 0x00007f50a0c00000)
  object space 2097152K, 99% used [0x00007f5020c00000,0x00007f50a08b87d8,0x00007f50a0c00000)
 Metaspace       used 7360K, committed 7488K, reserved 8192K
}
Event: 265,320 GC heap after
{Heap after GC invocations=19 (full 15):
 PSYoungGen      total 917504K, used 766497K [0x00007f50a0c00000, 0x00007f50e0c00000, 0x00007f50e0c00000)
  eden space 786432K, 97% used [0x00007f50a0c00000,0x00007f50cf888538,0x00007f50d0c00000)
  from space 131072K, 0% used [0x00007f50d0c00000,0x00007f50d0c00000,0x00007f50d8c00000)
  to   space 131072K, 0% used [0x00007f50d8c00000,0x00007f50d8c00000,0x00007f50e0c00000)
 ParOldGen       total 2097152K, used 2094862K [0x00007f5020c00000, 0x00007f50a0c00000, 0x00007f50a0c00000)
  object space 2097152K, 99% used [0x00007f5020c00000,0x00007f50a09c3bb0,0x00007f50a0c00000)
 Metaspace       used 7360K, committed 7488K, reserved 8192K
}
Event: 265,332 GC heap before
{Heap before GC invocations=20 (full 16):
 PSYoungGen      total 917504K, used 786432K [0x00007f50a0c00000, 0x00007f50e0c00000, 0x00007f50e0c00000)
  eden space 786432K, 100% used [0x00007f50a0c00000,0x00007f50d0c00000,0x00007f50d0c00000)
  from space 131072K, 0% used [0x00007f50d0c00000,0x00007f50d0c00000,0x00007f50d8c00000)
  to   space 131072K, 0% used [0x00007f50d8c00000,0x00007f50d8c00000,0x00007f50e0c00000)
 ParOldGen       total 2097152K, used 2094862K [0x00007f5020c00000, 0x00007f50a0c00000, 0x00007f50a0c00000)
  object space 2097152K, 99% used [0x00007f5020c00000,0x00007f50a09c3bb0,0x00007f50a0c00000)
 Metaspace       used 7360K, committed 7488K, reserved 8192K
}
Event: 284,677 GC heap after
{Heap after GC invocations=20 (full 16):
 PSYoungGen      total 917504K, used 770270K [0x00007f50a0c00000, 0x00007f50e0c00000, 0x00007f50e0c00000)
  eden space 786432K, 97% used [0x00007f50a0c00000,0x00007f50cfc37be0,0x00007f50d0c00000)
  from space 131072K, 0% used [0x00007f50d8c00000,0x00007f50d8c00000,0x00007f50e0c00000)
  to   space 131072K, 0% used [0x00007f50d0c00000,0x00007f50d0c00000,0x00007f50d8c00000)
 ParOldGen       total 2097152K, used 2096677K [0x00007f5020c00000, 0x00007f50a0c00000, 0x00007f50a0c00000)
  object space 2097152K, 99% used [0x00007f5020c00000,0x00007f50a0b89790,0x00007f50a0c00000)
 Metaspace       used 7360K, committed 7488K, reserved 8192K
}
Event: 284,687 GC heap before
{Heap before GC invocations=21 (full 17):
 PSYoungGen      total 917504K, used 786432K [0x00007f50a0c00000, 0x00007f50e0c00000, 0x00007f50e0c00000)
  eden space 786432K, 100% used [0x00007f50a0c00000,0x00007f50d0c00000,0x00007f50d0c00000)
  from space 131072K, 0% used [0x00007f50d8c00000,0x00007f50d8c00000,0x00007f50e0c00000)
  to   space 131072K, 0% used [0x00007f50d0c00000,0x00007f50d0c00000,0x00007f50d8c00000)
 ParOldGen       total 2097152K, used 2096677K [0x00007f5020c00000, 0x00007f50a0c00000, 0x00007f50a0c00000)
  object space 2097152K, 99% used [0x00007f5020c00000,0x00007f50a0b89790,0x00007f50a0c00000)
 Metaspace       used 7360K, committed 7488K, reserved 8192K
}
Event: 303,397 GC heap after
{Heap after GC invocations=21 (full 17):
 PSYoungGen      total 917504K, used 776011K [0x00007f50a0c00000, 0x00007f50e0c00000, 0x00007f50e0c00000)
  eden space 786432K, 98% used [0x00007f50a0c00000,0x00007f50d01d2da0,0x00007f50d0c00000)
  from space 131072K, 0% used [0x00007f50d0c00000,0x00007f50d0c00000,0x00007f50d8c00000)
  to   space 131072K, 0% used [0x00007f50d8c00000,0x00007f50d8c00000,0x00007f50e0c00000)
 ParOldGen       total 2097152K, used 2093008K [0x00007f5020c00000, 0x00007f50a0c00000, 0x00007f50a0c00000)
  object space 2097152K, 99% used [0x00007f5020c00000,0x00007f50a07f40d8,0x00007f50a0c00000)
 Metaspace       used 7360K, committed 7488K, reserved 8192K
}
Event: 303,403 GC heap before
{Heap before GC invocations=22 (full 18):
 PSYoungGen      total 917504K, used 786432K [0x00007f50a0c00000, 0x00007f50e0c00000, 0x00007f50e0c00000)
  eden space 786432K, 100% used [0x00007f50a0c00000,0x00007f50d0c00000,0x00007f50d0c00000)
  from space 131072K, 0% used [0x00007f50d0c00000,0x00007f50d0c00000,0x00007f50d8c00000)
  to   space 131072K, 0% used [0x00007f50d8c00000,0x00007f50d8c00000,0x00007f50e0c00000)
 ParOldGen       total 2097152K, used 2093008K [0x00007f5020c00000, 0x00007f50a0c00000, 0x00007f50a0c00000)
  object space 2097152K, 99% used [0x00007f5020c00000,0x00007f50a07f40d8,0x00007f50a0c00000)
 Metaspace       used 7360K, committed 7488K, reserved 8192K
}

