# JRE version: OpenJDK Runtime Environment (17.0.6) (fastdebug build 17.0.6-internal+0-adhoc.konstdelis.jdk17u067)
# Java VM: OpenJDK 64-Bit Server VM (fastdebug 17.0.6-internal+0-adhoc.konstdelis.jdk17u067, mixed mode, tiered, parallel gc, linux-amd64)
GC Precious Log:
 CPUs: 32 total, 32 available
 Memory: 251G
 Large Page Support: Disabled
 NUMA Support: Disabled
 Compressed Oops: Disabled
 Alignments: Space 512K, Generation 512K, Heap 2M
 Heap Min Capacity: 3G
 Heap Initial Capacity: 3G
 Heap Max Capacity: 3G
 Pre-touch: Disabled
 Parallel Workers: 1
Heap:
 PSYoungGen      total 917504K, used 15728K [0x00007f386d000000, 0x00007f38ad000000, 0x00007f38ad000000)
  eden space 786432K, 2% used [0x00007f386d000000,0x00007f386df5c2c8,0x00007f389d000000)
  from space 131072K, 0% used [0x00007f38a5000000,0x00007f38a5000000,0x00007f38ad000000)
  to   space 131072K, 0% used [0x00007f389d000000,0x00007f389d000000,0x00007f38a5000000)
 ParOldGen       total 2097152K, used 263619K [0x00007f37ed000000, 0x00007f386d000000, 0x00007f386d000000)
  object space 2097152K, 12% used [0x00007f37ed000000,0x00007f37fd170ea8,0x00007f386d000000)
 Metaspace       used 7390K, committed 7488K, reserved 8192K
GC Heap History (9 events):
Event: 2,336 GC heap before
{Heap before GC invocations=1 (full 0):
 PSYoungGen      total 917504K, used 78643K [0x00007f386d000000, 0x00007f38ad000000, 0x00007f38ad000000)
  eden space 786432K, 10% used [0x00007f386d000000,0x00007f3871cccf00,0x00007f389d000000)
  from space 131072K, 0% used [0x00007f38a5000000,0x00007f38a5000000,0x00007f38ad000000)
  to   space 131072K, 0% used [0x00007f389d000000,0x00007f389d000000,0x00007f38a5000000)
 ParOldGen       total 2097152K, used 0K [0x00007f37ed000000, 0x00007f386d000000, 0x00007f386d000000)
  object space 2097152K, 0% used [0x00007f37ed000000,0x00007f37ed000000,0x00007f386d000000)
 Metaspace       used 7390K, committed 7488K, reserved 8192K
}
Event: 2,363 GC heap after
{Heap after GC invocations=1 (full 0):
 PSYoungGen      total 917504K, used 1520K [0x00007f386d000000, 0x00007f38ad000000, 0x00007f38ad000000)
  eden space 786432K, 0% used [0x00007f386d000000,0x00007f386d000000,0x00007f389d000000)
  from space 131072K, 1% used [0x00007f389d000000,0x00007f389d17c020,0x00007f38a5000000)
  to   space 131072K, 0% used [0x00007f38a5000000,0x00007f38a5000000,0x00007f38ad000000)
 ParOldGen       total 2097152K, used 0K [0x00007f37ed000000, 0x00007f386d000000, 0x00007f386d000000)
  object space 2097152K, 0% used [0x00007f37ed000000,0x00007f37ed000000,0x00007f386d000000)
 Metaspace       used 7390K, committed 7488K, reserved 8192K
}
Event: 2,364 GC heap before
{Heap before GC invocations=2 (full 1):
 PSYoungGen      total 917504K, used 1520K [0x00007f386d000000, 0x00007f38ad000000, 0x00007f38ad000000)
  eden space 786432K, 0% used [0x00007f386d000000,0x00007f386d000000,0x00007f389d000000)
  from space 131072K, 1% used [0x00007f389d000000,0x00007f389d17c020,0x00007f38a5000000)
  to   space 131072K, 0% used [0x00007f38a5000000,0x00007f38a5000000,0x00007f38ad000000)
 ParOldGen       total 2097152K, used 0K [0x00007f37ed000000, 0x00007f386d000000, 0x00007f386d000000)
  object space 2097152K, 0% used [0x00007f37ed000000,0x00007f37ed000000,0x00007f386d000000)
 Metaspace       used 7390K, committed 7488K, reserved 8192K
}
Event: 2,407 GC heap after
{Heap after GC invocations=2 (full 1):
 PSYoungGen      total 917504K, used 0K [0x00007f386d000000, 0x00007f38ad000000, 0x00007f38ad000000)
  eden space 786432K, 0% used [0x00007f386d000000,0x00007f386d000000,0x00007f389d000000)
  from space 131072K, 0% used [0x00007f389d000000,0x00007f389d000000,0x00007f38a5000000)
  to   space 131072K, 0% used [0x00007f38a5000000,0x00007f38a5000000,0x00007f38ad000000)
 ParOldGen       total 2097152K, used 1480K [0x00007f37ed000000, 0x00007f386d000000, 0x00007f386d000000)
  object space 2097152K, 0% used [0x00007f37ed000000,0x00007f37ed172288,0x00007f386d000000)
 Metaspace       used 7390K, committed 7488K, reserved 8192K
}
Event: 2,411 GC heap before
{Heap before GC invocations=3 (full 1):
 PSYoungGen      total 917504K, used 47186K [0x00007f386d000000, 0x00007f38ad000000, 0x00007f38ad000000)
  eden space 786432K, 6% used [0x00007f386d000000,0x00007f386fe14818,0x00007f389d000000)
  from space 131072K, 0% used [0x00007f389d000000,0x00007f389d000000,0x00007f38a5000000)
  to   space 131072K, 0% used [0x00007f38a5000000,0x00007f38a5000000,0x00007f38ad000000)
 ParOldGen       total 2097152K, used 1480K [0x00007f37ed000000, 0x00007f386d000000, 0x00007f386d000000)
  object space 2097152K, 0% used [0x00007f37ed000000,0x00007f37ed172288,0x00007f386d000000)
 Metaspace       used 7390K, committed 7488K, reserved 8192K
}
Event: 2,421 GC heap after
{Heap after GC invocations=3 (full 1):
 PSYoungGen      total 917504K, used 32K [0x00007f386d000000, 0x00007f38ad000000, 0x00007f38ad000000)
  eden space 786432K, 0% used [0x00007f386d000000,0x00007f386d000000,0x00007f389d000000)
  from space 131072K, 0% used [0x00007f38a5000000,0x00007f38a5008000,0x00007f38ad000000)
  to   space 131072K, 0% used [0x00007f389d000000,0x00007f389d000000,0x00007f38a5000000)
 ParOldGen       total 2097152K, used 1480K [0x00007f37ed000000, 0x00007f386d000000, 0x00007f386d000000)
  object space 2097152K, 0% used [0x00007f37ed000000,0x00007f37ed172288,0x00007f386d000000)
 Metaspace       used 7390K, committed 7488K, reserved 8192K
}
Event: 2,422 GC heap before
{Heap before GC invocations=4 (full 2):
 PSYoungGen      total 917504K, used 32K [0x00007f386d000000, 0x00007f38ad000000, 0x00007f38ad000000)
  eden space 786432K, 0% used [0x00007f386d000000,0x00007f386d000000,0x00007f389d000000)
  from space 131072K, 0% used [0x00007f38a5000000,0x00007f38a5008000,0x00007f38ad000000)
  to   space 131072K, 0% used [0x00007f389d000000,0x00007f389d000000,0x00007f38a5000000)
 ParOldGen       total 2097152K, used 1480K [0x00007f37ed000000, 0x00007f386d000000, 0x00007f386d000000)
  object space 2097152K, 0% used [0x00007f37ed000000,0x00007f37ed172288,0x00007f386d000000)
 Metaspace       used 7390K, committed 7488K, reserved 8192K
}
Event: 2,644 GC heap after
{Heap after GC invocations=4 (full 2):
 PSYoungGen      total 917504K, used 0K [0x00007f386d000000, 0x00007f38ad000000, 0x00007f38ad000000)
  eden space 786432K, 0% used [0x00007f386d000000,0x00007f386d000000,0x00007f389d000000)
  from space 131072K, 0% used [0x00007f38a5000000,0x00007f38a5000000,0x00007f38ad000000)
  to   space 131072K, 0% used [0x00007f389d000000,0x00007f389d000000,0x00007f38a5000000)
 ParOldGen       total 2097152K, used 263619K [0x00007f37ed000000, 0x00007f386d000000, 0x00007f386d000000)
  object space 2097152K, 12% used [0x00007f37ed000000,0x00007f37fd170ea8,0x00007f386d000000)
 Metaspace       used 7390K, committed 7488K, reserved 8192K
}
Event: 2,647 GC heap before
{Heap before GC invocations=5 (full 2):
 PSYoungGen      total 917504K, used 15728K [0x00007f386d000000, 0x00007f38ad000000, 0x00007f38ad000000)
  eden space 786432K, 2% used [0x00007f386d000000,0x00007f386df5c2c8,0x00007f389d000000)
  from space 131072K, 0% used [0x00007f38a5000000,0x00007f38a5000000,0x00007f38ad000000)
  to   space 131072K, 0% used [0x00007f389d000000,0x00007f389d000000,0x00007f38a5000000)
 ParOldGen       total 2097152K, used 263619K [0x00007f37ed000000, 0x00007f386d000000, 0x00007f386d000000)
  object space 2097152K, 12% used [0x00007f37ed000000,0x00007f37fd170ea8,0x00007f386d000000)
 Metaspace       used 7390K, committed 7488K, reserved 8192K
}

