# JRE version: OpenJDK Runtime Environment (17.0.6) (fastdebug build 17.0.6-internal+0-adhoc.konstdelis.jdk17u067)
# Java VM: OpenJDK 64-Bit Server VM (fastdebug 17.0.6-internal+0-adhoc.konstdelis.jdk17u067, mixed mode, tiered, parallel gc, linux-amd64)
GC Precious Log:
 CPUs: 32 total, 32 available
 Memory: 251G
 Large Page Support: Disabled
 NUMA Support: Disabled
 Compressed Oops: Disabled
 Alignments: Space 512K, Generation 512K, Heap 2M
 Heap Min Capacity: 3G
 Heap Initial Capacity: 3G
 Heap Max Capacity: 3G
 Pre-touch: Disabled
 Parallel Workers: 2
Heap:
 PSYoungGen      total 917504K, used 0K [0x00007f44cd000000, 0x00007f450d000000, 0x00007f450d000000)
  eden space 786432K, 0% used [0x00007f44cd000000,0x00007f44cd000000,0x00007f44fd000000)
  from space 131072K, 0% used [0x00007f4505000000,0x00007f4505000000,0x00007f450d000000)
  to   space 131072K, 0% used [0x00007f44fd000000,0x00007f44fd000000,0x00007f4505000000)
 ParOldGen       total 2097152K, used 1582K [0x00007f444d000000, 0x00007f44cd000000, 0x00007f44cd000000)
  object space 2097152K, 0% used [0x00007f444d000000,0x00007f444d18ba88,0x00007f44cd000000)
 Metaspace       used 7405K, committed 7488K, reserved 8192K
GC Heap History (20 events):
Event: 2,575 GC heap after
{Heap after GC invocations=2 (full 1):
 PSYoungGen      total 917504K, used 0K [0x00007f44cd000000, 0x00007f450d000000, 0x00007f450d000000)
  eden space 786432K, 0% used [0x00007f44cd000000,0x00007f44cd000000,0x00007f44fd000000)
  from space 131072K, 0% used [0x00007f44fd000000,0x00007f44fd000000,0x00007f4505000000)
  to   space 131072K, 0% used [0x00007f4505000000,0x00007f4505000000,0x00007f450d000000)
 ParOldGen       total 2097152K, used 1568K [0x00007f444d000000, 0x00007f44cd000000, 0x00007f44cd000000)
  object space 2097152K, 0% used [0x00007f444d000000,0x00007f444d188368,0x00007f44cd000000)
 Metaspace       used 7405K, committed 7488K, reserved 8192K
}
Event: 2,578 GC heap before
{Heap before GC invocations=3 (full 1):
 PSYoungGen      total 917504K, used 15728K [0x00007f44cd000000, 0x00007f450d000000, 0x00007f450d000000)
  eden space 786432K, 2% used [0x00007f44cd000000,0x00007f44cdf5c2c8,0x00007f44fd000000)
  from space 131072K, 0% used [0x00007f44fd000000,0x00007f44fd000000,0x00007f4505000000)
  to   space 131072K, 0% used [0x00007f4505000000,0x00007f4505000000,0x00007f450d000000)
 ParOldGen       total 2097152K, used 1568K [0x00007f444d000000, 0x00007f44cd000000, 0x00007f44cd000000)
  object space 2097152K, 0% used [0x00007f444d000000,0x00007f444d188368,0x00007f44cd000000)
 Metaspace       used 7405K, committed 7488K, reserved 8192K
}
Event: 2,582 GC heap after
{Heap after GC invocations=3 (full 1):
 PSYoungGen      total 917504K, used 0K [0x00007f44cd000000, 0x00007f450d000000, 0x00007f450d000000)
  eden space 786432K, 0% used [0x00007f44cd000000,0x00007f44cd000000,0x00007f44fd000000)
  from space 131072K, 0% used [0x00007f4505000000,0x00007f4505000000,0x00007f450d000000)
  to   space 131072K, 0% used [0x00007f44fd000000,0x00007f44fd000000,0x00007f4505000000)
 ParOldGen       total 2097152K, used 1568K [0x00007f444d000000, 0x00007f44cd000000, 0x00007f44cd000000)
  object space 2097152K, 0% used [0x00007f444d000000,0x00007f444d188368,0x00007f44cd000000)
 Metaspace       used 7405K, committed 7488K, reserved 8192K
}
Event: 2,583 GC heap before
{Heap before GC invocations=4 (full 2):
 PSYoungGen      total 917504K, used 0K [0x00007f44cd000000, 0x00007f450d000000, 0x00007f450d000000)
  eden space 786432K, 0% used [0x00007f44cd000000,0x00007f44cd000000,0x00007f44fd000000)
  from space 131072K, 0% used [0x00007f4505000000,0x00007f4505000000,0x00007f450d000000)
  to   space 131072K, 0% used [0x00007f44fd000000,0x00007f44fd000000,0x00007f4505000000)
 ParOldGen       total 2097152K, used 1568K [0x00007f444d000000, 0x00007f44cd000000, 0x00007f44cd000000)
  object space 2097152K, 0% used [0x00007f444d000000,0x00007f444d188368,0x00007f44cd000000)
 Metaspace       used 7405K, committed 7488K, reserved 8192K
}
Event: 2,861 GC heap after
{Heap after GC invocations=4 (full 2):
 PSYoungGen      total 917504K, used 0K [0x00007f44cd000000, 0x00007f450d000000, 0x00007f450d000000)
  eden space 786432K, 0% used [0x00007f44cd000000,0x00007f44cd000000,0x00007f44fd000000)
  from space 131072K, 0% used [0x00007f4505000000,0x00007f4505000000,0x00007f450d000000)
  to   space 131072K, 0% used [0x00007f44fd000000,0x00007f44fd000000,0x00007f4505000000)
 ParOldGen       total 2097152K, used 1680K [0x00007f444d000000, 0x00007f44cd000000, 0x00007f44cd000000)
  object space 2097152K, 0% used [0x00007f444d000000,0x00007f444d1a4358,0x00007f44cd000000)
 Metaspace       used 7405K, committed 7488K, reserved 8192K
}
Event: 2,864 GC heap before
{Heap before GC invocations=5 (full 2):
 PSYoungGen      total 917504K, used 15728K [0x00007f44cd000000, 0x00007f450d000000, 0x00007f450d000000)
  eden space 786432K, 2% used [0x00007f44cd000000,0x00007f44cdf5c2c8,0x00007f44fd000000)
  from space 131072K, 0% used [0x00007f4505000000,0x00007f4505000000,0x00007f450d000000)
  to   space 131072K, 0% used [0x00007f44fd000000,0x00007f44fd000000,0x00007f4505000000)
 ParOldGen       total 2097152K, used 1680K [0x00007f444d000000, 0x00007f44cd000000, 0x00007f44cd000000)
  object space 2097152K, 0% used [0x00007f444d000000,0x00007f444d1a4358,0x00007f44cd000000)
 Metaspace       used 7405K, committed 7488K, reserved 8192K
}
Event: 2,867 GC heap after
{Heap after GC invocations=5 (full 2):
 PSYoungGen      total 917504K, used 0K [0x00007f44cd000000, 0x00007f450d000000, 0x00007f450d000000)
  eden space 786432K, 0% used [0x00007f44cd000000,0x00007f44cd000000,0x00007f44fd000000)
  from space 131072K, 0% used [0x00007f44fd000000,0x00007f44fd000000,0x00007f4505000000)
  to   space 131072K, 0% used [0x00007f4505000000,0x00007f4505000000,0x00007f450d000000)
 ParOldGen       total 2097152K, used 1680K [0x00007f444d000000, 0x00007f44cd000000, 0x00007f44cd000000)
  object space 2097152K, 0% used [0x00007f444d000000,0x00007f444d1a4358,0x00007f44cd000000)
 Metaspace       used 7405K, committed 7488K, reserved 8192K
}
Event: 2,867 GC heap before
{Heap before GC invocations=6 (full 3):
 PSYoungGen      total 917504K, used 0K [0x00007f44cd000000, 0x00007f450d000000, 0x00007f450d000000)
  eden space 786432K, 0% used [0x00007f44cd000000,0x00007f44cd000000,0x00007f44fd000000)
  from space 131072K, 0% used [0x00007f44fd000000,0x00007f44fd000000,0x00007f4505000000)
  to   space 131072K, 0% used [0x00007f4505000000,0x00007f4505000000,0x00007f450d000000)
 ParOldGen       total 2097152K, used 1680K [0x00007f444d000000, 0x00007f44cd000000, 0x00007f44cd000000)
  object space 2097152K, 0% used [0x00007f444d000000,0x00007f444d1a4358,0x00007f44cd000000)
 Metaspace       used 7405K, committed 7488K, reserved 8192K
}
Event: 2,895 GC heap after
{Heap after GC invocations=6 (full 3):
 PSYoungGen      total 917504K, used 0K [0x00007f44cd000000, 0x00007f450d000000, 0x00007f450d000000)
  eden space 786432K, 0% used [0x00007f44cd000000,0x00007f44cd000000,0x00007f44fd000000)
  from space 131072K, 0% used [0x00007f44fd000000,0x00007f44fd000000,0x00007f4505000000)
  to   space 131072K, 0% used [0x00007f4505000000,0x00007f4505000000,0x00007f450d000000)
 ParOldGen       total 2097152K, used 1563K [0x00007f444d000000, 0x00007f44cd000000, 0x00007f44cd000000)
  object space 2097152K, 0% used [0x00007f444d000000,0x00007f444d186ee8,0x00007f44cd000000)
 Metaspace       used 7405K, committed 7488K, reserved 8192K
}
Event: 2,897 GC heap before
{Heap before GC invocations=7 (full 3):
 PSYoungGen      total 917504K, used 15728K [0x00007f44cd000000, 0x00007f450d000000, 0x00007f450d000000)
  eden space 786432K, 2% used [0x00007f44cd000000,0x00007f44cdf5c2c8,0x00007f44fd000000)
  from space 131072K, 0% used [0x00007f44fd000000,0x00007f44fd000000,0x00007f4505000000)
  to   space 131072K, 0% used [0x00007f4505000000,0x00007f4505000000,0x00007f450d000000)
 ParOldGen       total 2097152K, used 1563K [0x00007f444d000000, 0x00007f44cd000000, 0x00007f44cd000000)
  object space 2097152K, 0% used [0x00007f444d000000,0x00007f444d186ee8,0x00007f44cd000000)
 Metaspace       used 7405K, committed 7488K, reserved 8192K
}
Event: 2,900 GC heap after
{Heap after GC invocations=7 (full 3):
 PSYoungGen      total 917504K, used 0K [0x00007f44cd000000, 0x00007f450d000000, 0x00007f450d000000)
  eden space 786432K, 0% used [0x00007f44cd000000,0x00007f44cd000000,0x00007f44fd000000)
  from space 131072K, 0% used [0x00007f4505000000,0x00007f4505000000,0x00007f450d000000)
  to   space 131072K, 0% used [0x00007f44fd000000,0x00007f44fd000000,0x00007f4505000000)
 ParOldGen       total 2097152K, used 1563K [0x00007f444d000000, 0x00007f44cd000000, 0x00007f44cd000000)
  object space 2097152K, 0% used [0x00007f444d000000,0x00007f444d186ee8,0x00007f44cd000000)
 Metaspace       used 7405K, committed 7488K, reserved 8192K
}
Event: 2,901 GC heap before
{Heap before GC invocations=8 (full 4):
 PSYoungGen      total 917504K, used 0K [0x00007f44cd000000, 0x00007f450d000000, 0x00007f450d000000)
  eden space 786432K, 0% used [0x00007f44cd000000,0x00007f44cd000000,0x00007f44fd000000)
  from space 131072K, 0% used [0x00007f4505000000,0x00007f4505000000,0x00007f450d000000)
  to   space 131072K, 0% used [0x00007f44fd000000,0x00007f44fd000000,0x00007f4505000000)
 ParOldGen       total 2097152K, used 1563K [0x00007f444d000000, 0x00007f44cd000000, 0x00007f44cd000000)
  object space 2097152K, 0% used [0x00007f444d000000,0x00007f444d186ee8,0x00007f44cd000000)
 Metaspace       used 7405K, committed 7488K, reserved 8192K
}
Event: 3,332 GC heap after
{Heap after GC invocations=8 (full 4):
 PSYoungGen      total 917504K, used 0K [0x00007f44cd000000, 0x00007f450d000000, 0x00007f450d000000)
  eden space 786432K, 0% used [0x00007f44cd000000,0x00007f44cd000000,0x00007f44fd000000)
  from space 131072K, 0% used [0x00007f4505000000,0x00007f4505000000,0x00007f450d000000)
  to   space 131072K, 0% used [0x00007f44fd000000,0x00007f44fd000000,0x00007f4505000000)
 ParOldGen       total 2097152K, used 1797K [0x00007f444d000000, 0x00007f44cd000000, 0x00007f44cd000000)
  object space 2097152K, 0% used [0x00007f444d000000,0x00007f444d1c17c8,0x00007f44cd000000)
 Metaspace       used 7405K, committed 7488K, reserved 8192K
}
Event: 3,336 GC heap before
{Heap before GC invocations=9 (full 4):
 PSYoungGen      total 917504K, used 15728K [0x00007f44cd000000, 0x00007f450d000000, 0x00007f450d000000)
  eden space 786432K, 2% used [0x00007f44cd000000,0x00007f44cdf5c2c8,0x00007f44fd000000)
  from space 131072K, 0% used [0x00007f4505000000,0x00007f4505000000,0x00007f450d000000)
  to   space 131072K, 0% used [0x00007f44fd000000,0x00007f44fd000000,0x00007f4505000000)
 ParOldGen       total 2097152K, used 1797K [0x00007f444d000000, 0x00007f44cd000000, 0x00007f44cd000000)
  object space 2097152K, 0% used [0x00007f444d000000,0x00007f444d1c17c8,0x00007f44cd000000)
 Metaspace       used 7405K, committed 7488K, reserved 8192K
}
Event: 3,339 GC heap after
{Heap after GC invocations=9 (full 4):
 PSYoungGen      total 917504K, used 181K [0x00007f44cd000000, 0x00007f450d000000, 0x00007f450d000000)
  eden space 786432K, 0% used [0x00007f44cd000000,0x00007f44cd000000,0x00007f44fd000000)
  from space 131072K, 0% used [0x00007f44fd000000,0x00007f44fd02d6e0,0x00007f4505000000)
  to   space 131072K, 0% used [0x00007f4505000000,0x00007f4505000000,0x00007f450d000000)
 ParOldGen       total 2097152K, used 1797K [0x00007f444d000000, 0x00007f44cd000000, 0x00007f44cd000000)
  object space 2097152K, 0% used [0x00007f444d000000,0x00007f444d1c17c8,0x00007f44cd000000)
 Metaspace       used 7405K, committed 7488K, reserved 8192K
}
Event: 3,340 GC heap before
{Heap before GC invocations=10 (full 5):
 PSYoungGen      total 917504K, used 181K [0x00007f44cd000000, 0x00007f450d000000, 0x00007f450d000000)
  eden space 786432K, 0% used [0x00007f44cd000000,0x00007f44cd000000,0x00007f44fd000000)
  from space 131072K, 0% used [0x00007f44fd000000,0x00007f44fd02d6e0,0x00007f4505000000)
  to   space 131072K, 0% used [0x00007f4505000000,0x00007f4505000000,0x00007f450d000000)
 ParOldGen       total 2097152K, used 1797K [0x00007f444d000000, 0x00007f44cd000000, 0x00007f44cd000000)
  object space 2097152K, 0% used [0x00007f444d000000,0x00007f444d1c17c8,0x00007f44cd000000)
 Metaspace       used 7405K, committed 7488K, reserved 8192K
}
Event: 3,376 GC heap after
{Heap after GC invocations=10 (full 5):
 PSYoungGen      total 917504K, used 0K [0x00007f44cd000000, 0x00007f450d000000, 0x00007f450d000000)
  eden space 786432K, 0% used [0x00007f44cd000000,0x00007f44cd000000,0x00007f44fd000000)
  from space 131072K, 0% used [0x00007f44fd000000,0x00007f44fd000000,0x00007f4505000000)
  to   space 131072K, 0% used [0x00007f4505000000,0x00007f4505000000,0x00007f450d000000)
 ParOldGen       total 2097152K, used 1582K [0x00007f444d000000, 0x00007f44cd000000, 0x00007f44cd000000)
  object space 2097152K, 0% used [0x00007f444d000000,0x00007f444d18ba88,0x00007f44cd000000)
 Metaspace       used 7405K, committed 7488K, reserved 8192K
}
Event: 3,378 GC heap before
{Heap before GC invocations=11 (full 5):
 PSYoungGen      total 917504K, used 15728K [0x00007f44cd000000, 0x00007f450d000000, 0x00007f450d000000)
  eden space 786432K, 2% used [0x00007f44cd000000,0x00007f44cdf5c2c8,0x00007f44fd000000)
  from space 131072K, 0% used [0x00007f44fd000000,0x00007f44fd000000,0x00007f4505000000)
  to   space 131072K, 0% used [0x00007f4505000000,0x00007f4505000000,0x00007f450d000000)
 ParOldGen       total 2097152K, used 1582K [0x00007f444d000000, 0x00007f44cd000000, 0x00007f44cd000000)
  object space 2097152K, 0% used [0x00007f444d000000,0x00007f444d18ba88,0x00007f44cd000000)
 Metaspace       used 7405K, committed 7488K, reserved 8192K
}
Event: 3,382 GC heap after
{Heap after GC invocations=11 (full 5):
 PSYoungGen      total 917504K, used 0K [0x00007f44cd000000, 0x00007f450d000000, 0x00007f450d000000)
  eden space 786432K, 0% used [0x00007f44cd000000,0x00007f44cd000000,0x00007f44fd000000)
  from space 131072K, 0% used [0x00007f4505000000,0x00007f4505000000,0x00007f450d000000)
  to   space 131072K, 0% used [0x00007f44fd000000,0x00007f44fd000000,0x00007f4505000000)
 ParOldGen       total 2097152K, used 1582K [0x00007f444d000000, 0x00007f44cd000000, 0x00007f44cd000000)
  object space 2097152K, 0% used [0x00007f444d000000,0x00007f444d18ba88,0x00007f44cd000000)
 Metaspace       used 7405K, committed 7488K, reserved 8192K
}
Event: 3,382 GC heap before
{Heap before GC invocations=12 (full 6):
 PSYoungGen      total 917504K, used 0K [0x00007f44cd000000, 0x00007f450d000000, 0x00007f450d000000)
  eden space 786432K, 0% used [0x00007f44cd000000,0x00007f44cd000000,0x00007f44fd000000)
  from space 131072K, 0% used [0x00007f4505000000,0x00007f4505000000,0x00007f450d000000)
  to   space 131072K, 0% used [0x00007f44fd000000,0x00007f44fd000000,0x00007f4505000000)
 ParOldGen       total 2097152K, used 1582K [0x00007f444d000000, 0x00007f44cd000000, 0x00007f44cd000000)
  object space 2097152K, 0% used [0x00007f444d000000,0x00007f444d18ba88,0x00007f44cd000000)
 Metaspace       used 7405K, committed 7488K, reserved 8192K
}

