# JRE version: OpenJDK Runtime Environment (17.0.6) (build 17.0.6-internal+0-adhoc.konstdelis.jdk17u067)
# Java VM: OpenJDK 64-Bit Server VM (17.0.6-internal+0-adhoc.konstdelis.jdk17u067, mixed mode, tiered, parallel gc, linux-amd64)
GC Precious Log:
 CPUs: 32 total, 32 available
 Memory: 251G
 Large Page Support: Disabled
 NUMA Support: Disabled
 Compressed Oops: Disabled
 Alignments: Space 512K, Generation 512K, Heap 2M
 Heap Min Capacity: 1G
 Heap Initial Capacity: 1G
 Heap Max Capacity: 1G
 Pre-touch: Disabled
 Parallel Workers: 8
Heap:
 PSYoungGen      total 305664K, used 262144K [0x00007f50cbb00000, 0x00007f50e1000000, 0x00007f50e1000000)
  eden space 262144K, 100% used [0x00007f50cbb00000,0x00007f50dbb00000,0x00007f50dbb00000)
  from space 43520K, 0% used [0x00007f50dbb00000,0x00007f50dbb00000,0x00007f50de580000)
  to   space 43520K, 0% used [0x00007f50de580000,0x00007f50de580000,0x00007f50e1000000)
 ParOldGen       total 699392K, used 699363K [0x00007f50a1000000, 0x00007f50cbb00000, 0x00007f50cbb00000)
  object space 699392K, 99% used [0x00007f50a1000000,0x00007f50cbaf8d40,0x00007f50cbb00000)
 Metaspace       used 6427K, committed 6528K, reserved 8192K
GC Heap History (19 events):
Event: 0,716 GC heap before
{Heap before GC invocations=1 (full 0):
 PSYoungGen      total 305664K, used 262144K [0x00007f50cbb00000, 0x00007f50e1000000, 0x00007f50e1000000)
  eden space 262144K, 100% used [0x00007f50cbb00000,0x00007f50dbb00000,0x00007f50dbb00000)
  from space 43520K, 0% used [0x00007f50de580000,0x00007f50de580000,0x00007f50e1000000)
  to   space 43520K, 0% used [0x00007f50dbb00000,0x00007f50dbb00000,0x00007f50de580000)
 ParOldGen       total 699392K, used 0K [0x00007f50a1000000, 0x00007f50cbb00000, 0x00007f50cbb00000)
  object space 699392K, 0% used [0x00007f50a1000000,0x00007f50a1000000,0x00007f50cbb00000)
 Metaspace       used 6422K, committed 6528K, reserved 8192K
}
Event: 0,865 GC heap after
{Heap after GC invocations=1 (full 0):
 PSYoungGen      total 305664K, used 43488K [0x00007f50cbb00000, 0x00007f50e1000000, 0x00007f50e1000000)
  eden space 262144K, 0% used [0x00007f50cbb00000,0x00007f50cbb00000,0x00007f50dbb00000)
  from space 43520K, 99% used [0x00007f50dbb00000,0x00007f50de578060,0x00007f50de580000)
  to   space 43520K, 0% used [0x00007f50de580000,0x00007f50de580000,0x00007f50e1000000)
 ParOldGen       total 699392K, used 170048K [0x00007f50a1000000, 0x00007f50cbb00000, 0x00007f50cbb00000)
  object space 699392K, 24% used [0x00007f50a1000000,0x00007f50ab610000,0x00007f50cbb00000)
 Metaspace       used 6422K, committed 6528K, reserved 8192K
}
Event: 1,151 GC heap before
{Heap before GC invocations=2 (full 0):
 PSYoungGen      total 305664K, used 305632K [0x00007f50cbb00000, 0x00007f50e1000000, 0x00007f50e1000000)
  eden space 262144K, 100% used [0x00007f50cbb00000,0x00007f50dbb00000,0x00007f50dbb00000)
  from space 43520K, 99% used [0x00007f50dbb00000,0x00007f50de578060,0x00007f50de580000)
  to   space 43520K, 0% used [0x00007f50de580000,0x00007f50de580000,0x00007f50e1000000)
 ParOldGen       total 699392K, used 170048K [0x00007f50a1000000, 0x00007f50cbb00000, 0x00007f50cbb00000)
  object space 699392K, 24% used [0x00007f50a1000000,0x00007f50ab610000,0x00007f50cbb00000)
 Metaspace       used 6423K, committed 6528K, reserved 8192K
}
Event: 1,375 GC heap after
{Heap after GC invocations=2 (full 0):
 PSYoungGen      total 305664K, used 43504K [0x00007f50cbb00000, 0x00007f50e1000000, 0x00007f50e1000000)
  eden space 262144K, 0% used [0x00007f50cbb00000,0x00007f50cbb00000,0x00007f50dbb00000)
  from space 43520K, 99% used [0x00007f50de580000,0x00007f50e0ffc060,0x00007f50e1000000)
  to   space 43520K, 0% used [0x00007f50dbb00000,0x00007f50dbb00000,0x00007f50de580000)
 ParOldGen       total 699392K, used 415128K [0x00007f50a1000000, 0x00007f50cbb00000, 0x00007f50cbb00000)
  object space 699392K, 59% used [0x00007f50a1000000,0x00007f50ba566020,0x00007f50cbb00000)
 Metaspace       used 6423K, committed 6528K, reserved 8192K
}
Event: 1,752 GC heap before
{Heap before GC invocations=3 (full 0):
 PSYoungGen      total 305664K, used 305648K [0x00007f50cbb00000, 0x00007f50e1000000, 0x00007f50e1000000)
  eden space 262144K, 100% used [0x00007f50cbb00000,0x00007f50dbb00000,0x00007f50dbb00000)
  from space 43520K, 99% used [0x00007f50de580000,0x00007f50e0ffc060,0x00007f50e1000000)
  to   space 43520K, 0% used [0x00007f50dbb00000,0x00007f50dbb00000,0x00007f50de580000)
 ParOldGen       total 699392K, used 415128K [0x00007f50a1000000, 0x00007f50cbb00000, 0x00007f50cbb00000)
  object space 699392K, 59% used [0x00007f50a1000000,0x00007f50ba566020,0x00007f50cbb00000)
 Metaspace       used 6423K, committed 6528K, reserved 8192K
}
Event: 2,109 GC heap after
{Heap after GC invocations=3 (full 0):
 PSYoungGen      total 305664K, used 305648K [0x00007f50cbb00000, 0x00007f50e1000000, 0x00007f50e1000000)
  eden space 262144K, 100% used [0x00007f50cbb00000,0x00007f50dbb00000,0x00007f50dbb00000)
  from space 43520K, 99% used [0x00007f50de580000,0x00007f50e0ffc060,0x00007f50e1000000)
  to   space 43520K, 100% used [0x00007f50dbb00000,0x00007f50de580000,0x00007f50de580000)
 ParOldGen       total 699392K, used 699384K [0x00007f50a1000000, 0x00007f50cbb00000, 0x00007f50cbb00000)
  object space 699392K, 99% used [0x00007f50a1000000,0x00007f50cbafe160,0x00007f50cbb00000)
 Metaspace       used 6423K, committed 6528K, reserved 8192K
}
Event: 2,109 GC heap before
{Heap before GC invocations=4 (full 1):
 PSYoungGen      total 305664K, used 305648K [0x00007f50cbb00000, 0x00007f50e1000000, 0x00007f50e1000000)
  eden space 262144K, 100% used [0x00007f50cbb00000,0x00007f50dbb00000,0x00007f50dbb00000)
  from space 43520K, 99% used [0x00007f50de580000,0x00007f50e0ffc060,0x00007f50e1000000)
  to   space 43520K, 100% used [0x00007f50dbb00000,0x00007f50de580000,0x00007f50de580000)
 ParOldGen       total 699392K, used 699384K [0x00007f50a1000000, 0x00007f50cbb00000, 0x00007f50cbb00000)
  object space 699392K, 99% used [0x00007f50a1000000,0x00007f50cbafe160,0x00007f50cbb00000)
 Metaspace       used 6423K, committed 6528K, reserved 8192K
}
Event: 3,231 GC heap after
{Heap after GC invocations=4 (full 1):
 PSYoungGen      total 305664K, used 0K [0x00007f50cbb00000, 0x00007f50e1000000, 0x00007f50e1000000)
  eden space 262144K, 0% used [0x00007f50cbb00000,0x00007f50cbb00000,0x00007f50dbb00000)
  from space 43520K, 0% used [0x00007f50dbb00000,0x00007f50dbb00000,0x00007f50de580000)
  to   space 43520K, 0% used [0x00007f50de580000,0x00007f50de580000,0x00007f50e1000000)
 ParOldGen       total 699392K, used 641951K [0x00007f50a1000000, 0x00007f50cbb00000, 0x00007f50cbb00000)
  object space 699392K, 91% used [0x00007f50a1000000,0x00007f50c82e7e48,0x00007f50cbb00000)
 Metaspace       used 6423K, committed 6528K, reserved 8192K
}
Event: 3,649 GC heap before
{Heap before GC invocations=5 (full 2):
 PSYoungGen      total 305664K, used 139754K [0x00007f50cbb00000, 0x00007f50e1000000, 0x00007f50e1000000)
  eden space 262144K, 53% used [0x00007f50cbb00000,0x00007f50d437a980,0x00007f50dbb00000)
  from space 43520K, 0% used [0x00007f50dbb00000,0x00007f50dbb00000,0x00007f50de580000)
  to   space 43520K, 0% used [0x00007f50de580000,0x00007f50de580000,0x00007f50e1000000)
 ParOldGen       total 699392K, used 641951K [0x00007f50a1000000, 0x00007f50cbb00000, 0x00007f50cbb00000)
  object space 699392K, 91% used [0x00007f50a1000000,0x00007f50c82e7e48,0x00007f50cbb00000)
 Metaspace       used 6427K, committed 6528K, reserved 8192K
}
Event: 4,525 GC heap after
{Heap after GC invocations=5 (full 2):
 PSYoungGen      total 305664K, used 70653K [0x00007f50cbb00000, 0x00007f50e1000000, 0x00007f50e1000000)
  eden space 262144K, 26% used [0x00007f50cbb00000,0x00007f50cffff5a8,0x00007f50dbb00000)
  from space 43520K, 0% used [0x00007f50dbb00000,0x00007f50dbb00000,0x00007f50de580000)
  to   space 43520K, 0% used [0x00007f50de580000,0x00007f50de580000,0x00007f50e1000000)
 ParOldGen       total 699392K, used 699289K [0x00007f50a1000000, 0x00007f50cbb00000, 0x00007f50cbb00000)
  object space 699392K, 99% used [0x00007f50a1000000,0x00007f50cbae6538,0x00007f50cbb00000)
 Metaspace       used 6427K, committed 6528K, reserved 8192K
}
Event: 4,722 GC heap before
{Heap before GC invocations=6 (full 3):
 PSYoungGen      total 305664K, used 262144K [0x00007f50cbb00000, 0x00007f50e1000000, 0x00007f50e1000000)
  eden space 262144K, 100% used [0x00007f50cbb00000,0x00007f50dbb00000,0x00007f50dbb00000)
  from space 43520K, 0% used [0x00007f50dbb00000,0x00007f50dbb00000,0x00007f50de580000)
  to   space 43520K, 0% used [0x00007f50de580000,0x00007f50de580000,0x00007f50e1000000)
 ParOldGen       total 699392K, used 699289K [0x00007f50a1000000, 0x00007f50cbb00000, 0x00007f50cbb00000)
  object space 699392K, 99% used [0x00007f50a1000000,0x00007f50cbae6538,0x00007f50cbb00000)
 Metaspace       used 6427K, committed 6528K, reserved 8192K
}
Event: 5,761 GC heap after
{Heap after GC invocations=6 (full 3):
 PSYoungGen      total 305664K, used 262119K [0x00007f50cbb00000, 0x00007f50e1000000, 0x00007f50e1000000)
  eden space 262144K, 99% used [0x00007f50cbb00000,0x00007f50dbaf9c98,0x00007f50dbb00000)
  from space 43520K, 0% used [0x00007f50de580000,0x00007f50de580000,0x00007f50e1000000)
  to   space 43520K, 0% used [0x00007f50dbb00000,0x00007f50dbb00000,0x00007f50de580000)
 ParOldGen       total 699392K, used 699280K [0x00007f50a1000000, 0x00007f50cbb00000, 0x00007f50cbb00000)
  object space 699392K, 99% used [0x00007f50a1000000,0x00007f50cbae4300,0x00007f50cbb00000)
 Metaspace       used 6427K, committed 6528K, reserved 8192K
}
Event: 5,762 GC heap before
{Heap before GC invocations=7 (full 4):
 PSYoungGen      total 305664K, used 262144K [0x00007f50cbb00000, 0x00007f50e1000000, 0x00007f50e1000000)
  eden space 262144K, 100% used [0x00007f50cbb00000,0x00007f50dbb00000,0x00007f50dbb00000)
  from space 43520K, 0% used [0x00007f50de580000,0x00007f50de580000,0x00007f50e1000000)
  to   space 43520K, 0% used [0x00007f50dbb00000,0x00007f50dbb00000,0x00007f50de580000)
 ParOldGen       total 699392K, used 699280K [0x00007f50a1000000, 0x00007f50cbb00000, 0x00007f50cbb00000)
  object space 699392K, 99% used [0x00007f50a1000000,0x00007f50cbae4300,0x00007f50cbb00000)
 Metaspace       used 6427K, committed 6528K, reserved 8192K
}
Event: 6,700 GC heap after
{Heap after GC invocations=7 (full 4):
 PSYoungGen      total 305664K, used 262143K [0x00007f50cbb00000, 0x00007f50e1000000, 0x00007f50e1000000)
  eden space 262144K, 99% used [0x00007f50cbb00000,0x00007f50dbaffdc0,0x00007f50dbb00000)
  from space 43520K, 0% used [0x00007f50dbb00000,0x00007f50dbb00000,0x00007f50de580000)
  to   space 43520K, 0% used [0x00007f50de580000,0x00007f50de580000,0x00007f50e1000000)
 ParOldGen       total 699392K, used 699280K [0x00007f50a1000000, 0x00007f50cbb00000, 0x00007f50cbb00000)
  object space 699392K, 99% used [0x00007f50a1000000,0x00007f50cbae4300,0x00007f50cbb00000)
 Metaspace       used 6427K, committed 6528K, reserved 8192K
}
Event: 6,700 GC heap before
{Heap before GC invocations=8 (full 5):
 PSYoungGen      total 305664K, used 262143K [0x00007f50cbb00000, 0x00007f50e1000000, 0x00007f50e1000000)
  eden space 262144K, 99% used [0x00007f50cbb00000,0x00007f50dbaffff8,0x00007f50dbb00000)
  from space 43520K, 0% used [0x00007f50dbb00000,0x00007f50dbb00000,0x00007f50de580000)
  to   space 43520K, 0% used [0x00007f50de580000,0x00007f50de580000,0x00007f50e1000000)
 ParOldGen       total 699392K, used 699280K [0x00007f50a1000000, 0x00007f50cbb00000, 0x00007f50cbb00000)
  object space 699392K, 99% used [0x00007f50a1000000,0x00007f50cbae4300,0x00007f50cbb00000)
 Metaspace       used 6427K, committed 6528K, reserved 8192K
}
Event: 9,336 GC heap after
{Heap after GC invocations=8 (full 5):
 PSYoungGen      total 305664K, used 27146K [0x00007f50cbb00000, 0x00007f50e1000000, 0x00007f50e1000000)
  eden space 262144K, 10% used [0x00007f50cbb00000,0x00007f50cd582a60,0x00007f50dbb00000)
  from space 43520K, 0% used [0x00007f50de580000,0x00007f50de580000,0x00007f50e1000000)
  to   space 43520K, 0% used [0x00007f50dbb00000,0x00007f50dbb00000,0x00007f50de580000)
 ParOldGen       total 699392K, used 699101K [0x00007f50a1000000, 0x00007f50cbb00000, 0x00007f50cbb00000)
  object space 699392K, 99% used [0x00007f50a1000000,0x00007f50cbab74e0,0x00007f50cbb00000)
 Metaspace       used 6427K, committed 6528K, reserved 8192K
}
Event: 9,814 GC heap before
{Heap before GC invocations=9 (full 6):
 PSYoungGen      total 305664K, used 262144K [0x00007f50cbb00000, 0x00007f50e1000000, 0x00007f50e1000000)
  eden space 262144K, 100% used [0x00007f50cbb00000,0x00007f50dbb00000,0x00007f50dbb00000)
  from space 43520K, 0% used [0x00007f50de580000,0x00007f50de580000,0x00007f50e1000000)
  to   space 43520K, 0% used [0x00007f50dbb00000,0x00007f50dbb00000,0x00007f50de580000)
 ParOldGen       total 699392K, used 699101K [0x00007f50a1000000, 0x00007f50cbb00000, 0x00007f50cbb00000)
  object space 699392K, 99% used [0x00007f50a1000000,0x00007f50cbab74e0,0x00007f50cbb00000)
 Metaspace       used 6427K, committed 6528K, reserved 8192K
}
Event: 12,159 GC heap after
{Heap after GC invocations=9 (full 6):
 PSYoungGen      total 305664K, used 61269K [0x00007f50cbb00000, 0x00007f50e1000000, 0x00007f50e1000000)
  eden space 262144K, 23% used [0x00007f50cbb00000,0x00007f50cf6d54f0,0x00007f50dbb00000)
  from space 43520K, 0% used [0x00007f50dbb00000,0x00007f50dbb00000,0x00007f50de580000)
  to   space 43520K, 0% used [0x00007f50de580000,0x00007f50de580000,0x00007f50e1000000)
 ParOldGen       total 699392K, used 699363K [0x00007f50a1000000, 0x00007f50cbb00000, 0x00007f50cbb00000)
  object space 699392K, 99% used [0x00007f50a1000000,0x00007f50cbaf8d40,0x00007f50cbb00000)
 Metaspace       used 6427K, committed 6528K, reserved 8192K
}
Event: 12,327 GC heap before
{Heap before GC invocations=10 (full 7):
 PSYoungGen      total 305664K, used 262144K [0x00007f50cbb00000, 0x00007f50e1000000, 0x00007f50e1000000)
  eden space 262144K, 100% used [0x00007f50cbb00000,0x00007f50dbb00000,0x00007f50dbb00000)
  from space 43520K, 0% used [0x00007f50dbb00000,0x00007f50dbb00000,0x00007f50de580000)
  to   space 43520K, 0% used [0x00007f50de580000,0x00007f50de580000,0x00007f50e1000000)
 ParOldGen       total 699392K, used 699363K [0x00007f50a1000000, 0x00007f50cbb00000, 0x00007f50cbb00000)
  object space 699392K, 99% used [0x00007f50a1000000,0x00007f50cbaf8d40,0x00007f50cbb00000)
 Metaspace       used 6427K, committed 6528K, reserved 8192K
}

