# JRE version: OpenJDK Runtime Environment (17.0.6) (fastdebug build 17.0.6-internal+0-adhoc.konstdelis.jdk17u067)
# Java VM: OpenJDK 64-Bit Server VM (fastdebug 17.0.6-internal+0-adhoc.konstdelis.jdk17u067, mixed mode, tiered, parallel gc, linux-amd64)
GC Precious Log:
 CPUs: 32 total, 32 available
 Memory: 251G
 Large Page Support: Disabled
 NUMA Support: Disabled
 Compressed Oops: Disabled
 Alignments: Space 512K, Generation 512K, Heap 2M
 Heap Min Capacity: 3G
 Heap Initial Capacity: 3G
 Heap Max Capacity: 3G
 Pre-touch: Disabled
 Parallel Workers: 8
Heap:
 PSYoungGen      total 917504K, used 161439K [0x00007ee5b9000000, 0x00007ee5f9000000, 0x00007ee5f9000000)
  eden space 786432K, 20% used [0x00007ee5b9000000,0x00007ee5c2da7e18,0x00007ee5e9000000)
  from space 131072K, 0% used [0x00007ee5f1000000,0x00007ee5f1000000,0x00007ee5f9000000)
  to   space 131072K, 99% used [0x00007ee5e9000000,0x00007ee5f0f35808,0x00007ee5f1000000)
 ParOldGen       total 2097152K, used 311691K [0x00007ee539000000, 0x00007ee5b9000000, 0x00007ee5b9000000)
  object space 2097152K, 14% used [0x00007ee539000000,0x00007ee54c062de0,0x00007ee5b9000000)
 Metaspace       used 7422K, committed 7488K, reserved 8192K
GC Heap History (17 events):
Event: 2,633 GC heap before
{Heap before GC invocations=1 (full 0):
 PSYoungGen      total 917504K, used 388889K [0x00007ee5b9000000, 0x00007ee5f9000000, 0x00007ee5f9000000)
  eden space 786432K, 49% used [0x00007ee5b9000000,0x00007ee5d0bc64c8,0x00007ee5e9000000)
  from space 131072K, 0% used [0x00007ee5f1000000,0x00007ee5f1000000,0x00007ee5f9000000)
  to   space 131072K, 0% used [0x00007ee5e9000000,0x00007ee5e9000000,0x00007ee5f1000000)
 ParOldGen       total 2097152K, used 0K [0x00007ee539000000, 0x00007ee5b9000000, 0x00007ee5b9000000)
  object space 2097152K, 0% used [0x00007ee539000000,0x00007ee539000000,0x00007ee5b9000000)
 Metaspace       used 7422K, committed 7488K, reserved 8192K
}
Event: 2,903 GC heap after
{Heap after GC invocations=1 (full 0):
 PSYoungGen      total 917504K, used 131056K [0x00007ee5b9000000, 0x00007ee5f9000000, 0x00007ee5f9000000)
  eden space 786432K, 0% used [0x00007ee5b9000000,0x00007ee5b9000000,0x00007ee5e9000000)
  from space 131072K, 99% used [0x00007ee5e9000000,0x00007ee5f0ffc070,0x00007ee5f1000000)
  to   space 131072K, 0% used [0x00007ee5f1000000,0x00007ee5f1000000,0x00007ee5f9000000)
 ParOldGen       total 2097152K, used 93320K [0x00007ee539000000, 0x00007ee5b9000000, 0x00007ee5b9000000)
  object space 2097152K, 4% used [0x00007ee539000000,0x00007ee53eb22000,0x00007ee5b9000000)
 Metaspace       used 7422K, committed 7488K, reserved 8192K
}
Event: 2,904 GC heap before
{Heap before GC invocations=2 (full 1):
 PSYoungGen      total 917504K, used 131056K [0x00007ee5b9000000, 0x00007ee5f9000000, 0x00007ee5f9000000)
  eden space 786432K, 0% used [0x00007ee5b9000000,0x00007ee5b9000000,0x00007ee5e9000000)
  from space 131072K, 99% used [0x00007ee5e9000000,0x00007ee5f0ffc070,0x00007ee5f1000000)
  to   space 131072K, 0% used [0x00007ee5f1000000,0x00007ee5f1000000,0x00007ee5f9000000)
 ParOldGen       total 2097152K, used 93320K [0x00007ee539000000, 0x00007ee5b9000000, 0x00007ee5b9000000)
  object space 2097152K, 4% used [0x00007ee539000000,0x00007ee53eb22000,0x00007ee5b9000000)
 Metaspace       used 7422K, committed 7488K, reserved 8192K
}
Event: 4,086 GC heap after
{Heap after GC invocations=2 (full 1):
 PSYoungGen      total 917504K, used 0K [0x00007ee5b9000000, 0x00007ee5f9000000, 0x00007ee5f9000000)
  eden space 786432K, 0% used [0x00007ee5b9000000,0x00007ee5b9000000,0x00007ee5e9000000)
  from space 131072K, 0% used [0x00007ee5e9000000,0x00007ee5e9000000,0x00007ee5f1000000)
  to   space 131072K, 0% used [0x00007ee5f1000000,0x00007ee5f1000000,0x00007ee5f9000000)
 ParOldGen       total 2097152K, used 184752K [0x00007ee539000000, 0x00007ee5b9000000, 0x00007ee5b9000000)
  object space 2097152K, 8% used [0x00007ee539000000,0x00007ee54446c370,0x00007ee5b9000000)
 Metaspace       used 7422K, committed 7488K, reserved 8192K
}
Event: 4,098 GC heap before
{Heap before GC invocations=3 (full 1):
 PSYoungGen      total 917504K, used 15728K [0x00007ee5b9000000, 0x00007ee5f9000000, 0x00007ee5f9000000)
  eden space 786432K, 2% used [0x00007ee5b9000000,0x00007ee5b9f5c2c8,0x00007ee5e9000000)
  from space 131072K, 0% used [0x00007ee5e9000000,0x00007ee5e9000000,0x00007ee5f1000000)
  to   space 131072K, 0% used [0x00007ee5f1000000,0x00007ee5f1000000,0x00007ee5f9000000)
 ParOldGen       total 2097152K, used 184752K [0x00007ee539000000, 0x00007ee5b9000000, 0x00007ee5b9000000)
  object space 2097152K, 8% used [0x00007ee539000000,0x00007ee54446c370,0x00007ee5b9000000)
 Metaspace       used 7422K, committed 7488K, reserved 8192K
}
Event: 4,130 GC heap after
{Heap after GC invocations=3 (full 1):
 PSYoungGen      total 917504K, used 0K [0x00007ee5b9000000, 0x00007ee5f9000000, 0x00007ee5f9000000)
  eden space 786432K, 0% used [0x00007ee5b9000000,0x00007ee5b9000000,0x00007ee5e9000000)
  from space 131072K, 0% used [0x00007ee5f1000000,0x00007ee5f1000000,0x00007ee5f9000000)
  to   space 131072K, 0% used [0x00007ee5e9000000,0x00007ee5e9000000,0x00007ee5f1000000)
 ParOldGen       total 2097152K, used 184752K [0x00007ee539000000, 0x00007ee5b9000000, 0x00007ee5b9000000)
  object space 2097152K, 8% used [0x00007ee539000000,0x00007ee54446c370,0x00007ee5b9000000)
 Metaspace       used 7422K, committed 7488K, reserved 8192K
}
Event: 4,131 GC heap before
{Heap before GC invocations=4 (full 2):
 PSYoungGen      total 917504K, used 0K [0x00007ee5b9000000, 0x00007ee5f9000000, 0x00007ee5f9000000)
  eden space 786432K, 0% used [0x00007ee5b9000000,0x00007ee5b9000000,0x00007ee5e9000000)
  from space 131072K, 0% used [0x00007ee5f1000000,0x00007ee5f1000000,0x00007ee5f9000000)
  to   space 131072K, 0% used [0x00007ee5e9000000,0x00007ee5e9000000,0x00007ee5f1000000)
 ParOldGen       total 2097152K, used 184752K [0x00007ee539000000, 0x00007ee5b9000000, 0x00007ee5b9000000)
  object space 2097152K, 8% used [0x00007ee539000000,0x00007ee54446c370,0x00007ee5b9000000)
 Metaspace       used 7422K, committed 7488K, reserved 8192K
}
Event: 5,620 GC heap after
{Heap after GC invocations=4 (full 2):
 PSYoungGen      total 917504K, used 0K [0x00007ee5b9000000, 0x00007ee5f9000000, 0x00007ee5f9000000)
  eden space 786432K, 0% used [0x00007ee5b9000000,0x00007ee5b9000000,0x00007ee5e9000000)
  from space 131072K, 0% used [0x00007ee5f1000000,0x00007ee5f1000000,0x00007ee5f9000000)
  to   space 131072K, 0% used [0x00007ee5e9000000,0x00007ee5e9000000,0x00007ee5f1000000)
 ParOldGen       total 2097152K, used 223507K [0x00007ee539000000, 0x00007ee5b9000000, 0x00007ee5b9000000)
  object space 2097152K, 10% used [0x00007ee539000000,0x00007ee546a44e38,0x00007ee5b9000000)
 Metaspace       used 7422K, committed 7488K, reserved 8192K
}
Event: 5,630 GC heap before
{Heap before GC invocations=5 (full 2):
 PSYoungGen      total 917504K, used 15728K [0x00007ee5b9000000, 0x00007ee5f9000000, 0x00007ee5f9000000)
  eden space 786432K, 2% used [0x00007ee5b9000000,0x00007ee5b9f5c2c8,0x00007ee5e9000000)
  from space 131072K, 0% used [0x00007ee5f1000000,0x00007ee5f1000000,0x00007ee5f9000000)
  to   space 131072K, 0% used [0x00007ee5e9000000,0x00007ee5e9000000,0x00007ee5f1000000)
 ParOldGen       total 2097152K, used 223507K [0x00007ee539000000, 0x00007ee5b9000000, 0x00007ee5b9000000)
  object space 2097152K, 10% used [0x00007ee539000000,0x00007ee546a44e38,0x00007ee5b9000000)
 Metaspace       used 7422K, committed 7488K, reserved 8192K
}
Event: 5,634 GC heap after
{Heap after GC invocations=5 (full 2):
 PSYoungGen      total 917504K, used 0K [0x00007ee5b9000000, 0x00007ee5f9000000, 0x00007ee5f9000000)
  eden space 786432K, 0% used [0x00007ee5b9000000,0x00007ee5b9000000,0x00007ee5e9000000)
  from space 131072K, 0% used [0x00007ee5e9000000,0x00007ee5e9000000,0x00007ee5f1000000)
  to   space 131072K, 0% used [0x00007ee5f1000000,0x00007ee5f1000000,0x00007ee5f9000000)
 ParOldGen       total 2097152K, used 223507K [0x00007ee539000000, 0x00007ee5b9000000, 0x00007ee5b9000000)
  object space 2097152K, 10% used [0x00007ee539000000,0x00007ee546a44e38,0x00007ee5b9000000)
 Metaspace       used 7422K, committed 7488K, reserved 8192K
}
Event: 5,635 GC heap before
{Heap before GC invocations=6 (full 3):
 PSYoungGen      total 917504K, used 0K [0x00007ee5b9000000, 0x00007ee5f9000000, 0x00007ee5f9000000)
  eden space 786432K, 0% used [0x00007ee5b9000000,0x00007ee5b9000000,0x00007ee5e9000000)
  from space 131072K, 0% used [0x00007ee5e9000000,0x00007ee5e9000000,0x00007ee5f1000000)
  to   space 131072K, 0% used [0x00007ee5f1000000,0x00007ee5f1000000,0x00007ee5f9000000)
 ParOldGen       total 2097152K, used 223507K [0x00007ee539000000, 0x00007ee5b9000000, 0x00007ee5b9000000)
  object space 2097152K, 10% used [0x00007ee539000000,0x00007ee546a44e38,0x00007ee5b9000000)
 Metaspace       used 7422K, committed 7488K, reserved 8192K
}
Event: 7,265 GC heap after
{Heap after GC invocations=6 (full 3):
 PSYoungGen      total 917504K, used 0K [0x00007ee5b9000000, 0x00007ee5f9000000, 0x00007ee5f9000000)
  eden space 786432K, 0% used [0x00007ee5b9000000,0x00007ee5b9000000,0x00007ee5e9000000)
  from space 131072K, 0% used [0x00007ee5e9000000,0x00007ee5e9000000,0x00007ee5f1000000)
  to   space 131072K, 0% used [0x00007ee5f1000000,0x00007ee5f1000000,0x00007ee5f9000000)
 ParOldGen       total 2097152K, used 262267K [0x00007ee539000000, 0x00007ee5b9000000, 0x00007ee5b9000000)
  object space 2097152K, 12% used [0x00007ee539000000,0x00007ee54901ed80,0x00007ee5b9000000)
 Metaspace       used 7422K, committed 7488K, reserved 8192K
}
Event: 7,274 GC heap before
{Heap before GC invocations=7 (full 3):
 PSYoungGen      total 917504K, used 15728K [0x00007ee5b9000000, 0x00007ee5f9000000, 0x00007ee5f9000000)
  eden space 786432K, 2% used [0x00007ee5b9000000,0x00007ee5b9f5c2c8,0x00007ee5e9000000)
  from space 131072K, 0% used [0x00007ee5e9000000,0x00007ee5e9000000,0x00007ee5f1000000)
  to   space 131072K, 0% used [0x00007ee5f1000000,0x00007ee5f1000000,0x00007ee5f9000000)
 ParOldGen       total 2097152K, used 262267K [0x00007ee539000000, 0x00007ee5b9000000, 0x00007ee5b9000000)
  object space 2097152K, 12% used [0x00007ee539000000,0x00007ee54901ed80,0x00007ee5b9000000)
 Metaspace       used 7422K, committed 7488K, reserved 8192K
}
Event: 7,278 GC heap after
{Heap after GC invocations=7 (full 3):
 PSYoungGen      total 917504K, used 0K [0x00007ee5b9000000, 0x00007ee5f9000000, 0x00007ee5f9000000)
  eden space 786432K, 0% used [0x00007ee5b9000000,0x00007ee5b9000000,0x00007ee5e9000000)
  from space 131072K, 0% used [0x00007ee5f1000000,0x00007ee5f1000000,0x00007ee5f9000000)
  to   space 131072K, 0% used [0x00007ee5e9000000,0x00007ee5e9000000,0x00007ee5f1000000)
 ParOldGen       total 2097152K, used 262267K [0x00007ee539000000, 0x00007ee5b9000000, 0x00007ee5b9000000)
  object space 2097152K, 12% used [0x00007ee539000000,0x00007ee54901ed80,0x00007ee5b9000000)
 Metaspace       used 7422K, committed 7488K, reserved 8192K
}
Event: 7,278 GC heap before
{Heap before GC invocations=8 (full 4):
 PSYoungGen      total 917504K, used 0K [0x00007ee5b9000000, 0x00007ee5f9000000, 0x00007ee5f9000000)
  eden space 786432K, 0% used [0x00007ee5b9000000,0x00007ee5b9000000,0x00007ee5e9000000)
  from space 131072K, 0% used [0x00007ee5f1000000,0x00007ee5f1000000,0x00007ee5f9000000)
  to   space 131072K, 0% used [0x00007ee5e9000000,0x00007ee5e9000000,0x00007ee5f1000000)
 ParOldGen       total 2097152K, used 262267K [0x00007ee539000000, 0x00007ee5b9000000, 0x00007ee5b9000000)
  object space 2097152K, 12% used [0x00007ee539000000,0x00007ee54901ed80,0x00007ee5b9000000)
 Metaspace       used 7422K, committed 7488K, reserved 8192K
}
Event: 8,920 GC heap after
{Heap after GC invocations=8 (full 4):
 PSYoungGen      total 917504K, used 0K [0x00007ee5b9000000, 0x00007ee5f9000000, 0x00007ee5f9000000)
  eden space 786432K, 0% used [0x00007ee5b9000000,0x00007ee5b9000000,0x00007ee5e9000000)
  from space 131072K, 0% used [0x00007ee5f1000000,0x00007ee5f1000000,0x00007ee5f9000000)
  to   space 131072K, 0% used [0x00007ee5e9000000,0x00007ee5e9000000,0x00007ee5f1000000)
 ParOldGen       total 2097152K, used 311683K [0x00007ee539000000, 0x00007ee5b9000000, 0x00007ee5b9000000)
  object space 2097152K, 14% used [0x00007ee539000000,0x00007ee54c060de0,0x00007ee5b9000000)
 Metaspace       used 7422K, committed 7488K, reserved 8192K
}
Event: 9,032 GC heap before
{Heap before GC invocations=9 (full 4):
 PSYoungGen      total 917504K, used 161439K [0x00007ee5b9000000, 0x00007ee5f9000000, 0x00007ee5f9000000)
  eden space 786432K, 20% used [0x00007ee5b9000000,0x00007ee5c2da7e18,0x00007ee5e9000000)
  from space 131072K, 0% used [0x00007ee5f1000000,0x00007ee5f1000000,0x00007ee5f9000000)
  to   space 131072K, 0% used [0x00007ee5e9000000,0x00007ee5e9000000,0x00007ee5f1000000)
 ParOldGen       total 2097152K, used 311683K [0x00007ee539000000, 0x00007ee5b9000000, 0x00007ee5b9000000)
  object space 2097152K, 14% used [0x00007ee539000000,0x00007ee54c060de0,0x00007ee5b9000000)
 Metaspace       used 7422K, committed 7488K, reserved 8192K
}

