# JRE version: OpenJDK Runtime Environment (17.0.6) (fastdebug build 17.0.6-internal+0-adhoc.konstdelis.jdk17u067)
# Java VM: OpenJDK 64-Bit Server VM (fastdebug 17.0.6-internal+0-adhoc.konstdelis.jdk17u067, mixed mode, tiered, parallel gc, linux-amd64)
GC Precious Log:
 CPUs: 32 total, 32 available
 Memory: 251G
 Large Page Support: Disabled
 NUMA Support: Disabled
 Compressed Oops: Disabled
 Alignments: Space 512K, Generation 512K, Heap 2M
 Heap Min Capacity: 3G
 Heap Initial Capacity: 3G
 Heap Max Capacity: 3G
 Pre-touch: Disabled
 Parallel Workers: 8
Heap:
 PSYoungGen      total 917504K, used 0K [0x00007f50a0c00000, 0x00007f50e0c00000, 0x00007f50e0c00000)
  eden space 786432K, 0% used [0x00007f50a0c00000,0x00007f50a0c00000,0x00007f50d0c00000)
  from space 131072K, 0% used [0x00007f50d0c00000,0x00007f50d0c00000,0x00007f50d8c00000)
  to   space 131072K, 0% used [0x00007f50d8c00000,0x00007f50d8c00000,0x00007f50e0c00000)
 ParOldGen       total 2097152K, used 1350466K [0x00007f5020c00000, 0x00007f50a0c00000, 0x00007f50a0c00000)
  object space 2097152K, 64% used [0x00007f5020c00000,0x00007f50732d09a0,0x00007f50a0c00000)
 Metaspace       used 7387K, committed 7488K, reserved 8192K
GC Heap History (13 events):
Event: 85,456 GC heap before
{Heap before GC invocations=1 (full 0):
 PSYoungGen      total 917504K, used 786432K [0x00007f50a0c00000, 0x00007f50e0c00000, 0x00007f50e0c00000)
  eden space 786432K, 100% used [0x00007f50a0c00000,0x00007f50d0c00000,0x00007f50d0c00000)
  from space 131072K, 0% used [0x00007f50d8c00000,0x00007f50d8c00000,0x00007f50e0c00000)
  to   space 131072K, 0% used [0x00007f50d0c00000,0x00007f50d0c00000,0x00007f50d8c00000)
 ParOldGen       total 2097152K, used 0K [0x00007f5020c00000, 0x00007f50a0c00000, 0x00007f50a0c00000)
  object space 2097152K, 0% used [0x00007f5020c00000,0x00007f5020c00000,0x00007f50a0c00000)
 Metaspace       used 7353K, committed 7488K, reserved 8192K
}
Event: 86,238 GC heap after
{Heap after GC invocations=1 (full 0):
 PSYoungGen      total 917504K, used 131049K [0x00007f50a0c00000, 0x00007f50e0c00000, 0x00007f50e0c00000)
  eden space 786432K, 0% used [0x00007f50a0c00000,0x00007f50a0c00000,0x00007f50d0c00000)
  from space 131072K, 99% used [0x00007f50d0c00000,0x00007f50d8bfa5e0,0x00007f50d8c00000)
  to   space 131072K, 0% used [0x00007f50d8c00000,0x00007f50d8c00000,0x00007f50e0c00000)
 ParOldGen       total 2097152K, used 479664K [0x00007f5020c00000, 0x00007f50a0c00000, 0x00007f50a0c00000)
  object space 2097152K, 22% used [0x00007f5020c00000,0x00007f503e06c000,0x00007f50a0c00000)
 Metaspace       used 7353K, committed 7488K, reserved 8192K
}
Event: 86,635 GC heap before
{Heap before GC invocations=2 (full 0):
 PSYoungGen      total 917504K, used 917481K [0x00007f50a0c00000, 0x00007f50e0c00000, 0x00007f50e0c00000)
  eden space 786432K, 100% used [0x00007f50a0c00000,0x00007f50d0c00000,0x00007f50d0c00000)
  from space 131072K, 99% used [0x00007f50d0c00000,0x00007f50d8bfa5e0,0x00007f50d8c00000)
  to   space 131072K, 0% used [0x00007f50d8c00000,0x00007f50d8c00000,0x00007f50e0c00000)
 ParOldGen       total 2097152K, used 479664K [0x00007f5020c00000, 0x00007f50a0c00000, 0x00007f50a0c00000)
  object space 2097152K, 22% used [0x00007f5020c00000,0x00007f503e06c000,0x00007f50a0c00000)
 Metaspace       used 7354K, committed 7488K, reserved 8192K
}
Event: 87,649 GC heap after
{Heap after GC invocations=2 (full 0):
 PSYoungGen      total 917504K, used 131057K [0x00007f50a0c00000, 0x00007f50e0c00000, 0x00007f50e0c00000)
  eden space 786432K, 0% used [0x00007f50a0c00000,0x00007f50a0c00000,0x00007f50d0c00000)
  from space 131072K, 99% used [0x00007f50d8c00000,0x00007f50e0bfc718,0x00007f50e0c00000)
  to   space 131072K, 0% used [0x00007f50d0c00000,0x00007f50d0c00000,0x00007f50d8c00000)
 ParOldGen       total 2097152K, used 1133400K [0x00007f5020c00000, 0x00007f50a0c00000, 0x00007f50a0c00000)
  object space 2097152K, 54% used [0x00007f5020c00000,0x00007f5065ed6000,0x00007f50a0c00000)
 Metaspace       used 7354K, committed 7488K, reserved 8192K
}
Event: 88,033 GC heap before
{Heap before GC invocations=3 (full 0):
 PSYoungGen      total 917504K, used 917489K [0x00007f50a0c00000, 0x00007f50e0c00000, 0x00007f50e0c00000)
  eden space 786432K, 100% used [0x00007f50a0c00000,0x00007f50d0c00000,0x00007f50d0c00000)
  from space 131072K, 99% used [0x00007f50d8c00000,0x00007f50e0bfc718,0x00007f50e0c00000)
  to   space 131072K, 0% used [0x00007f50d0c00000,0x00007f50d0c00000,0x00007f50d8c00000)
 ParOldGen       total 2097152K, used 1133400K [0x00007f5020c00000, 0x00007f50a0c00000, 0x00007f50a0c00000)
  object space 2097152K, 54% used [0x00007f5020c00000,0x00007f5065ed6000,0x00007f50a0c00000)
 Metaspace       used 7354K, committed 7488K, reserved 8192K
}
Event: 89,162 GC heap after
{Heap after GC invocations=3 (full 0):
 PSYoungGen      total 917504K, used 131045K [0x00007f50a0c00000, 0x00007f50e0c00000, 0x00007f50e0c00000)
  eden space 786432K, 0% used [0x00007f50a0c00000,0x00007f50a0c00000,0x00007f50d0c00000)
  from space 131072K, 99% used [0x00007f50d0c00000,0x00007f50d8bf9550,0x00007f50d8c00000)
  to   space 131072K, 0% used [0x00007f50d8c00000,0x00007f50d8c00000,0x00007f50e0c00000)
 ParOldGen       total 2097152K, used 1786350K [0x00007f5020c00000, 0x00007f50a0c00000, 0x00007f50a0c00000)
  object space 2097152K, 85% used [0x00007f5020c00000,0x00007f508dc7b8c0,0x00007f50a0c00000)
 Metaspace       used 7354K, committed 7488K, reserved 8192K
}
Event: 89,162 GC heap before
{Heap before GC invocations=4 (full 1):
 PSYoungGen      total 917504K, used 131045K [0x00007f50a0c00000, 0x00007f50e0c00000, 0x00007f50e0c00000)
  eden space 786432K, 0% used [0x00007f50a0c00000,0x00007f50a0c00000,0x00007f50d0c00000)
  from space 131072K, 99% used [0x00007f50d0c00000,0x00007f50d8bf9550,0x00007f50d8c00000)
  to   space 131072K, 0% used [0x00007f50d8c00000,0x00007f50d8c00000,0x00007f50e0c00000)
 ParOldGen       total 2097152K, used 1786350K [0x00007f5020c00000, 0x00007f50a0c00000, 0x00007f50a0c00000)
  object space 2097152K, 85% used [0x00007f5020c00000,0x00007f508dc7b8c0,0x00007f50a0c00000)
 Metaspace       used 7354K, committed 7488K, reserved 8192K
}
Event: 96,903 GC heap after
{Heap after GC invocations=4 (full 1):
 PSYoungGen      total 917504K, used 0K [0x00007f50a0c00000, 0x00007f50e0c00000, 0x00007f50e0c00000)
  eden space 786432K, 0% used [0x00007f50a0c00000,0x00007f50a0c00000,0x00007f50d0c00000)
  from space 131072K, 0% used [0x00007f50d8c00000,0x00007f50d8c00000,0x00007f50e0c00000)
  to   space 131072K, 0% used [0x00007f50d0c00000,0x00007f50d0c00000,0x00007f50d8c00000)
 ParOldGen       total 2097152K, used 1905213K [0x00007f5020c00000, 0x00007f50a0c00000, 0x00007f50a0c00000)
  object space 2097152K, 90% used [0x00007f5020c00000,0x00007f509508f408,0x00007f50a0c00000)
 Metaspace       used 7354K, committed 7488K, reserved 8192K
}
Event: 97,948 GC heap before
{Heap before GC invocations=5 (full 2):
 PSYoungGen      total 917504K, used 425258K [0x00007f50a0c00000, 0x00007f50e0c00000, 0x00007f50e0c00000)
  eden space 786432K, 54% used [0x00007f50a0c00000,0x00007f50bab4aa40,0x00007f50d0c00000)
  from space 131072K, 0% used [0x00007f50d8c00000,0x00007f50d8c00000,0x00007f50e0c00000)
  to   space 131072K, 0% used [0x00007f50d0c00000,0x00007f50d0c00000,0x00007f50d8c00000)
 ParOldGen       total 2097152K, used 1905213K [0x00007f5020c00000, 0x00007f50a0c00000, 0x00007f50a0c00000)
  object space 2097152K, 90% used [0x00007f5020c00000,0x00007f509508f408,0x00007f50a0c00000)
 Metaspace       used 7387K, committed 7488K, reserved 8192K
}
Event: 118,503 GC heap after
{Heap after GC invocations=5 (full 2):
 PSYoungGen      total 917504K, used 0K [0x00007f50a0c00000, 0x00007f50e0c00000, 0x00007f50e0c00000)
  eden space 786432K, 0% used [0x00007f50a0c00000,0x00007f50a0c00000,0x00007f50d0c00000)
  from space 131072K, 0% used [0x00007f50d8c00000,0x00007f50d8c00000,0x00007f50e0c00000)
  to   space 131072K, 0% used [0x00007f50d0c00000,0x00007f50d0c00000,0x00007f50d8c00000)
 ParOldGen       total 2097152K, used 1350466K [0x00007f5020c00000, 0x00007f50a0c00000, 0x00007f50a0c00000)
  object space 2097152K, 64% used [0x00007f5020c00000,0x00007f50732d09a0,0x00007f50a0c00000)
 Metaspace       used 7387K, committed 7488K, reserved 8192K
}
Event: 118,732 GC heap before
{Heap before GC invocations=6 (full 2):
 PSYoungGen      total 917504K, used 15252K [0x00007f50a0c00000, 0x00007f50e0c00000, 0x00007f50e0c00000)
  eden space 786432K, 1% used [0x00007f50a0c00000,0x00007f50a1ae53a0,0x00007f50d0c00000)
  from space 131072K, 0% used [0x00007f50d8c00000,0x00007f50d8c00000,0x00007f50e0c00000)
  to   space 131072K, 0% used [0x00007f50d0c00000,0x00007f50d0c00000,0x00007f50d8c00000)
 ParOldGen       total 2097152K, used 1350466K [0x00007f5020c00000, 0x00007f50a0c00000, 0x00007f50a0c00000)
  object space 2097152K, 64% used [0x00007f5020c00000,0x00007f50732d09a0,0x00007f50a0c00000)
 Metaspace       used 7387K, committed 7488K, reserved 8192K
}
Event: 119,385 GC heap after
{Heap after GC invocations=6 (full 2):
 PSYoungGen      total 917504K, used 0K [0x00007f50a0c00000, 0x00007f50e0c00000, 0x00007f50e0c00000)
  eden space 786432K, 0% used [0x00007f50a0c00000,0x00007f50a0c00000,0x00007f50d0c00000)
  from space 131072K, 0% used [0x00007f50d0c00000,0x00007f50d0c00000,0x00007f50d8c00000)
  to   space 131072K, 0% used [0x00007f50d8c00000,0x00007f50d8c00000,0x00007f50e0c00000)
 ParOldGen       total 2097152K, used 1350466K [0x00007f5020c00000, 0x00007f50a0c00000, 0x00007f50a0c00000)
  object space 2097152K, 64% used [0x00007f5020c00000,0x00007f50732d09a0,0x00007f50a0c00000)
 Metaspace       used 7387K, committed 7488K, reserved 8192K
}
Event: 119,385 GC heap before
{Heap before GC invocations=7 (full 3):
 PSYoungGen      total 917504K, used 0K [0x00007f50a0c00000, 0x00007f50e0c00000, 0x00007f50e0c00000)
  eden space 786432K, 0% used [0x00007f50a0c00000,0x00007f50a0c00000,0x00007f50d0c00000)
  from space 131072K, 0% used [0x00007f50d0c00000,0x00007f50d0c00000,0x00007f50d8c00000)
  to   space 131072K, 0% used [0x00007f50d8c00000,0x00007f50d8c00000,0x00007f50e0c00000)
 ParOldGen       total 2097152K, used 1350466K [0x00007f5020c00000, 0x00007f50a0c00000, 0x00007f50a0c00000)
  object space 2097152K, 64% used [0x00007f5020c00000,0x00007f50732d09a0,0x00007f50a0c00000)
 Metaspace       used 7387K, committed 7488K, reserved 8192K
}

