# JRE version: OpenJDK Runtime Environment (17.0.6) (fastdebug build 17.0.6-internal+0-adhoc.konstdelis.jdk17u067)
# Java VM: OpenJDK 64-Bit Server VM (fastdebug 17.0.6-internal+0-adhoc.konstdelis.jdk17u067, mixed mode, tiered, parallel gc, linux-amd64)
GC Precious Log:
 CPUs: 32 total, 32 available
 Memory: 251G
 Large Page Support: Disabled
 NUMA Support: Disabled
 Compressed Oops: Disabled
 Alignments: Space 512K, Generation 512K, Heap 2M
 Heap Min Capacity: 3G
 Heap Initial Capacity: 3G
 Heap Max Capacity: 3G
 Pre-touch: Disabled
 Parallel Workers: 2
Heap:
 PSYoungGen      total 917504K, used 32K [0x00007f3fe0c00000, 0x00007f4020c00000, 0x00007f4020c00000)
  eden space 786432K, 0% used [0x00007f3fe0c00000,0x00007f3fe0c00000,0x00007f4010c00000)
  from space 131072K, 0% used [0x00007f4018c00000,0x00007f4018c08000,0x00007f4020c00000)
  to   space 131072K, 0% used [0x00007f4010c00000,0x00007f4010c00000,0x00007f4018c00000)
 ParOldGen       total 2097152K, used 1581K [0x00007f3f60c00000, 0x00007f3fe0c00000, 0x00007f3fe0c00000)
  object space 2097152K, 0% used [0x00007f3f60c00000,0x00007f3f60d8b710,0x00007f3fe0c00000)
 Metaspace       used 7404K, committed 7488K, reserved 8192K
GC Heap History (20 events):
Event: 2,411 GC heap after
{Heap after GC invocations=2 (full 1):
 PSYoungGen      total 917504K, used 0K [0x00007f3fe0c00000, 0x00007f4020c00000, 0x00007f4020c00000)
  eden space 786432K, 0% used [0x00007f3fe0c00000,0x00007f3fe0c00000,0x00007f4010c00000)
  from space 131072K, 0% used [0x00007f4010c00000,0x00007f4010c00000,0x00007f4018c00000)
  to   space 131072K, 0% used [0x00007f4018c00000,0x00007f4018c00000,0x00007f4020c00000)
 ParOldGen       total 2097152K, used 1568K [0x00007f3f60c00000, 0x00007f3fe0c00000, 0x00007f3fe0c00000)
  object space 2097152K, 0% used [0x00007f3f60c00000,0x00007f3f60d882c8,0x00007f3fe0c00000)
 Metaspace       used 7404K, committed 7488K, reserved 8192K
}
Event: 2,418 GC heap before
{Heap before GC invocations=3 (full 1):
 PSYoungGen      total 917504K, used 47186K [0x00007f3fe0c00000, 0x00007f4020c00000, 0x00007f4020c00000)
  eden space 786432K, 6% used [0x00007f3fe0c00000,0x00007f3fe3a14818,0x00007f4010c00000)
  from space 131072K, 0% used [0x00007f4010c00000,0x00007f4010c00000,0x00007f4018c00000)
  to   space 131072K, 0% used [0x00007f4018c00000,0x00007f4018c00000,0x00007f4020c00000)
 ParOldGen       total 2097152K, used 1568K [0x00007f3f60c00000, 0x00007f3fe0c00000, 0x00007f3fe0c00000)
  object space 2097152K, 0% used [0x00007f3f60c00000,0x00007f3f60d882c8,0x00007f3fe0c00000)
 Metaspace       used 7404K, committed 7488K, reserved 8192K
}
Event: 2,429 GC heap after
{Heap after GC invocations=3 (full 1):
 PSYoungGen      total 917504K, used 32K [0x00007f3fe0c00000, 0x00007f4020c00000, 0x00007f4020c00000)
  eden space 786432K, 0% used [0x00007f3fe0c00000,0x00007f3fe0c00000,0x00007f4010c00000)
  from space 131072K, 0% used [0x00007f4018c00000,0x00007f4018c08000,0x00007f4020c00000)
  to   space 131072K, 0% used [0x00007f4010c00000,0x00007f4010c00000,0x00007f4018c00000)
 ParOldGen       total 2097152K, used 1568K [0x00007f3f60c00000, 0x00007f3fe0c00000, 0x00007f3fe0c00000)
  object space 2097152K, 0% used [0x00007f3f60c00000,0x00007f3f60d882c8,0x00007f3fe0c00000)
 Metaspace       used 7404K, committed 7488K, reserved 8192K
}
Event: 2,429 GC heap before
{Heap before GC invocations=4 (full 2):
 PSYoungGen      total 917504K, used 32K [0x00007f3fe0c00000, 0x00007f4020c00000, 0x00007f4020c00000)
  eden space 786432K, 0% used [0x00007f3fe0c00000,0x00007f3fe0c00000,0x00007f4010c00000)
  from space 131072K, 0% used [0x00007f4018c00000,0x00007f4018c08000,0x00007f4020c00000)
  to   space 131072K, 0% used [0x00007f4010c00000,0x00007f4010c00000,0x00007f4018c00000)
 ParOldGen       total 2097152K, used 1568K [0x00007f3f60c00000, 0x00007f3fe0c00000, 0x00007f3fe0c00000)
  object space 2097152K, 0% used [0x00007f3f60c00000,0x00007f3f60d882c8,0x00007f3fe0c00000)
 Metaspace       used 7404K, committed 7488K, reserved 8192K
}
Event: 2,632 GC heap after
{Heap after GC invocations=4 (full 2):
 PSYoungGen      total 917504K, used 0K [0x00007f3fe0c00000, 0x00007f4020c00000, 0x00007f4020c00000)
  eden space 786432K, 0% used [0x00007f3fe0c00000,0x00007f3fe0c00000,0x00007f4010c00000)
  from space 131072K, 0% used [0x00007f4018c00000,0x00007f4018c00000,0x00007f4020c00000)
  to   space 131072K, 0% used [0x00007f4010c00000,0x00007f4010c00000,0x00007f4018c00000)
 ParOldGen       total 2097152K, used 1680K [0x00007f3f60c00000, 0x00007f3fe0c00000, 0x00007f3fe0c00000)
  object space 2097152K, 0% used [0x00007f3f60c00000,0x00007f3f60da4358,0x00007f3fe0c00000)
 Metaspace       used 7404K, committed 7488K, reserved 8192K
}
Event: 2,634 GC heap before
{Heap before GC invocations=5 (full 2):
 PSYoungGen      total 917504K, used 15728K [0x00007f3fe0c00000, 0x00007f4020c00000, 0x00007f4020c00000)
  eden space 786432K, 2% used [0x00007f3fe0c00000,0x00007f3fe1b5c2c8,0x00007f4010c00000)
  from space 131072K, 0% used [0x00007f4018c00000,0x00007f4018c00000,0x00007f4020c00000)
  to   space 131072K, 0% used [0x00007f4010c00000,0x00007f4010c00000,0x00007f4018c00000)
 ParOldGen       total 2097152K, used 1680K [0x00007f3f60c00000, 0x00007f3fe0c00000, 0x00007f3fe0c00000)
  object space 2097152K, 0% used [0x00007f3f60c00000,0x00007f3f60da4358,0x00007f3fe0c00000)
 Metaspace       used 7404K, committed 7488K, reserved 8192K
}
Event: 2,637 GC heap after
{Heap after GC invocations=5 (full 2):
 PSYoungGen      total 917504K, used 0K [0x00007f3fe0c00000, 0x00007f4020c00000, 0x00007f4020c00000)
  eden space 786432K, 0% used [0x00007f3fe0c00000,0x00007f3fe0c00000,0x00007f4010c00000)
  from space 131072K, 0% used [0x00007f4010c00000,0x00007f4010c00000,0x00007f4018c00000)
  to   space 131072K, 0% used [0x00007f4018c00000,0x00007f4018c00000,0x00007f4020c00000)
 ParOldGen       total 2097152K, used 1680K [0x00007f3f60c00000, 0x00007f3fe0c00000, 0x00007f3fe0c00000)
  object space 2097152K, 0% used [0x00007f3f60c00000,0x00007f3f60da4358,0x00007f3fe0c00000)
 Metaspace       used 7404K, committed 7488K, reserved 8192K
}
Event: 2,638 GC heap before
{Heap before GC invocations=6 (full 3):
 PSYoungGen      total 917504K, used 0K [0x00007f3fe0c00000, 0x00007f4020c00000, 0x00007f4020c00000)
  eden space 786432K, 0% used [0x00007f3fe0c00000,0x00007f3fe0c00000,0x00007f4010c00000)
  from space 131072K, 0% used [0x00007f4010c00000,0x00007f4010c00000,0x00007f4018c00000)
  to   space 131072K, 0% used [0x00007f4018c00000,0x00007f4018c00000,0x00007f4020c00000)
 ParOldGen       total 2097152K, used 1680K [0x00007f3f60c00000, 0x00007f3fe0c00000, 0x00007f3fe0c00000)
  object space 2097152K, 0% used [0x00007f3f60c00000,0x00007f3f60da4358,0x00007f3fe0c00000)
 Metaspace       used 7404K, committed 7488K, reserved 8192K
}
Event: 2,666 GC heap after
{Heap after GC invocations=6 (full 3):
 PSYoungGen      total 917504K, used 0K [0x00007f3fe0c00000, 0x00007f4020c00000, 0x00007f4020c00000)
  eden space 786432K, 0% used [0x00007f3fe0c00000,0x00007f3fe0c00000,0x00007f4010c00000)
  from space 131072K, 0% used [0x00007f4010c00000,0x00007f4010c00000,0x00007f4018c00000)
  to   space 131072K, 0% used [0x00007f4018c00000,0x00007f4018c00000,0x00007f4020c00000)
 ParOldGen       total 2097152K, used 1563K [0x00007f3f60c00000, 0x00007f3fe0c00000, 0x00007f3fe0c00000)
  object space 2097152K, 0% used [0x00007f3f60c00000,0x00007f3f60d86ee8,0x00007f3fe0c00000)
 Metaspace       used 7404K, committed 7488K, reserved 8192K
}
Event: 2,669 GC heap before
{Heap before GC invocations=7 (full 3):
 PSYoungGen      total 917504K, used 15728K [0x00007f3fe0c00000, 0x00007f4020c00000, 0x00007f4020c00000)
  eden space 786432K, 2% used [0x00007f3fe0c00000,0x00007f3fe1b5c2c8,0x00007f4010c00000)
  from space 131072K, 0% used [0x00007f4010c00000,0x00007f4010c00000,0x00007f4018c00000)
  to   space 131072K, 0% used [0x00007f4018c00000,0x00007f4018c00000,0x00007f4020c00000)
 ParOldGen       total 2097152K, used 1563K [0x00007f3f60c00000, 0x00007f3fe0c00000, 0x00007f3fe0c00000)
  object space 2097152K, 0% used [0x00007f3f60c00000,0x00007f3f60d86ee8,0x00007f3fe0c00000)
 Metaspace       used 7404K, committed 7488K, reserved 8192K
}
Event: 2,671 GC heap after
{Heap after GC invocations=7 (full 3):
 PSYoungGen      total 917504K, used 0K [0x00007f3fe0c00000, 0x00007f4020c00000, 0x00007f4020c00000)
  eden space 786432K, 0% used [0x00007f3fe0c00000,0x00007f3fe0c00000,0x00007f4010c00000)
  from space 131072K, 0% used [0x00007f4018c00000,0x00007f4018c00000,0x00007f4020c00000)
  to   space 131072K, 0% used [0x00007f4010c00000,0x00007f4010c00000,0x00007f4018c00000)
 ParOldGen       total 2097152K, used 1563K [0x00007f3f60c00000, 0x00007f3fe0c00000, 0x00007f3fe0c00000)
  object space 2097152K, 0% used [0x00007f3f60c00000,0x00007f3f60d86ee8,0x00007f3fe0c00000)
 Metaspace       used 7404K, committed 7488K, reserved 8192K
}
Event: 2,672 GC heap before
{Heap before GC invocations=8 (full 4):
 PSYoungGen      total 917504K, used 0K [0x00007f3fe0c00000, 0x00007f4020c00000, 0x00007f4020c00000)
  eden space 786432K, 0% used [0x00007f3fe0c00000,0x00007f3fe0c00000,0x00007f4010c00000)
  from space 131072K, 0% used [0x00007f4018c00000,0x00007f4018c00000,0x00007f4020c00000)
  to   space 131072K, 0% used [0x00007f4010c00000,0x00007f4010c00000,0x00007f4018c00000)
 ParOldGen       total 2097152K, used 1563K [0x00007f3f60c00000, 0x00007f3fe0c00000, 0x00007f3fe0c00000)
  object space 2097152K, 0% used [0x00007f3f60c00000,0x00007f3f60d86ee8,0x00007f3fe0c00000)
 Metaspace       used 7404K, committed 7488K, reserved 8192K
}
Event: 2,943 GC heap after
{Heap after GC invocations=8 (full 4):
 PSYoungGen      total 917504K, used 0K [0x00007f3fe0c00000, 0x00007f4020c00000, 0x00007f4020c00000)
  eden space 786432K, 0% used [0x00007f3fe0c00000,0x00007f3fe0c00000,0x00007f4010c00000)
  from space 131072K, 0% used [0x00007f4018c00000,0x00007f4018c00000,0x00007f4020c00000)
  to   space 131072K, 0% used [0x00007f4010c00000,0x00007f4010c00000,0x00007f4018c00000)
 ParOldGen       total 2097152K, used 1797K [0x00007f3f60c00000, 0x00007f3fe0c00000, 0x00007f3fe0c00000)
  object space 2097152K, 0% used [0x00007f3f60c00000,0x00007f3f60dc17c8,0x00007f3fe0c00000)
 Metaspace       used 7404K, committed 7488K, reserved 8192K
}
Event: 2,947 GC heap before
{Heap before GC invocations=9 (full 4):
 PSYoungGen      total 917504K, used 15728K [0x00007f3fe0c00000, 0x00007f4020c00000, 0x00007f4020c00000)
  eden space 786432K, 2% used [0x00007f3fe0c00000,0x00007f3fe1b5c2c8,0x00007f4010c00000)
  from space 131072K, 0% used [0x00007f4018c00000,0x00007f4018c00000,0x00007f4020c00000)
  to   space 131072K, 0% used [0x00007f4010c00000,0x00007f4010c00000,0x00007f4018c00000)
 ParOldGen       total 2097152K, used 1797K [0x00007f3f60c00000, 0x00007f3fe0c00000, 0x00007f3fe0c00000)
  object space 2097152K, 0% used [0x00007f3f60c00000,0x00007f3f60dc17c8,0x00007f3fe0c00000)
 Metaspace       used 7404K, committed 7488K, reserved 8192K
}
Event: 2,950 GC heap after
{Heap after GC invocations=9 (full 4):
 PSYoungGen      total 917504K, used 149K [0x00007f3fe0c00000, 0x00007f4020c00000, 0x00007f4020c00000)
  eden space 786432K, 0% used [0x00007f3fe0c00000,0x00007f3fe0c00000,0x00007f4010c00000)
  from space 131072K, 0% used [0x00007f4010c00000,0x00007f4010c256e0,0x00007f4018c00000)
  to   space 131072K, 0% used [0x00007f4018c00000,0x00007f4018c00000,0x00007f4020c00000)
 ParOldGen       total 2097152K, used 1797K [0x00007f3f60c00000, 0x00007f3fe0c00000, 0x00007f3fe0c00000)
  object space 2097152K, 0% used [0x00007f3f60c00000,0x00007f3f60dc17c8,0x00007f3fe0c00000)
 Metaspace       used 7404K, committed 7488K, reserved 8192K
}
Event: 2,950 GC heap before
{Heap before GC invocations=10 (full 5):
 PSYoungGen      total 917504K, used 149K [0x00007f3fe0c00000, 0x00007f4020c00000, 0x00007f4020c00000)
  eden space 786432K, 0% used [0x00007f3fe0c00000,0x00007f3fe0c00000,0x00007f4010c00000)
  from space 131072K, 0% used [0x00007f4010c00000,0x00007f4010c256e0,0x00007f4018c00000)
  to   space 131072K, 0% used [0x00007f4018c00000,0x00007f4018c00000,0x00007f4020c00000)
 ParOldGen       total 2097152K, used 1797K [0x00007f3f60c00000, 0x00007f3fe0c00000, 0x00007f3fe0c00000)
  object space 2097152K, 0% used [0x00007f3f60c00000,0x00007f3f60dc17c8,0x00007f3fe0c00000)
 Metaspace       used 7404K, committed 7488K, reserved 8192K
}
Event: 2,986 GC heap after
{Heap after GC invocations=10 (full 5):
 PSYoungGen      total 917504K, used 0K [0x00007f3fe0c00000, 0x00007f4020c00000, 0x00007f4020c00000)
  eden space 786432K, 0% used [0x00007f3fe0c00000,0x00007f3fe0c00000,0x00007f4010c00000)
  from space 131072K, 0% used [0x00007f4010c00000,0x00007f4010c00000,0x00007f4018c00000)
  to   space 131072K, 0% used [0x00007f4018c00000,0x00007f4018c00000,0x00007f4020c00000)
 ParOldGen       total 2097152K, used 1581K [0x00007f3f60c00000, 0x00007f3fe0c00000, 0x00007f3fe0c00000)
  object space 2097152K, 0% used [0x00007f3f60c00000,0x00007f3f60d8b710,0x00007f3fe0c00000)
 Metaspace       used 7404K, committed 7488K, reserved 8192K
}
Event: 2,989 GC heap before
{Heap before GC invocations=11 (full 5):
 PSYoungGen      total 917504K, used 15728K [0x00007f3fe0c00000, 0x00007f4020c00000, 0x00007f4020c00000)
  eden space 786432K, 2% used [0x00007f3fe0c00000,0x00007f3fe1b5c2c8,0x00007f4010c00000)
  from space 131072K, 0% used [0x00007f4010c00000,0x00007f4010c00000,0x00007f4018c00000)
  to   space 131072K, 0% used [0x00007f4018c00000,0x00007f4018c00000,0x00007f4020c00000)
 ParOldGen       total 2097152K, used 1581K [0x00007f3f60c00000, 0x00007f3fe0c00000, 0x00007f3fe0c00000)
  object space 2097152K, 0% used [0x00007f3f60c00000,0x00007f3f60d8b710,0x00007f3fe0c00000)
 Metaspace       used 7404K, committed 7488K, reserved 8192K
}
Event: 2,992 GC heap after
{Heap after GC invocations=11 (full 5):
 PSYoungGen      total 917504K, used 32K [0x00007f3fe0c00000, 0x00007f4020c00000, 0x00007f4020c00000)
  eden space 786432K, 0% used [0x00007f3fe0c00000,0x00007f3fe0c00000,0x00007f4010c00000)
  from space 131072K, 0% used [0x00007f4018c00000,0x00007f4018c08000,0x00007f4020c00000)
  to   space 131072K, 0% used [0x00007f4010c00000,0x00007f4010c00000,0x00007f4018c00000)
 ParOldGen       total 2097152K, used 1581K [0x00007f3f60c00000, 0x00007f3fe0c00000, 0x00007f3fe0c00000)
  object space 2097152K, 0% used [0x00007f3f60c00000,0x00007f3f60d8b710,0x00007f3fe0c00000)
 Metaspace       used 7404K, committed 7488K, reserved 8192K
}
Event: 2,992 GC heap before
{Heap before GC invocations=12 (full 6):
 PSYoungGen      total 917504K, used 32K [0x00007f3fe0c00000, 0x00007f4020c00000, 0x00007f4020c00000)
  eden space 786432K, 0% used [0x00007f3fe0c00000,0x00007f3fe0c00000,0x00007f4010c00000)
  from space 131072K, 0% used [0x00007f4018c00000,0x00007f4018c08000,0x00007f4020c00000)
  to   space 131072K, 0% used [0x00007f4010c00000,0x00007f4010c00000,0x00007f4018c00000)
 ParOldGen       total 2097152K, used 1581K [0x00007f3f60c00000, 0x00007f3fe0c00000, 0x00007f3fe0c00000)
  object space 2097152K, 0% used [0x00007f3f60c00000,0x00007f3f60d8b710,0x00007f3fe0c00000)
 Metaspace       used 7404K, committed 7488K, reserved 8192K
}

