# JRE version: OpenJDK Runtime Environment (17.0.6) (fastdebug build 17.0.6-internal+0-adhoc.konstdelis.jdk17u067)
# Java VM: OpenJDK 64-Bit Server VM (fastdebug 17.0.6-internal+0-adhoc.konstdelis.jdk17u067, mixed mode, tiered, parallel gc, linux-amd64)
GC Precious Log:
 CPUs: 32 total, 32 available
 Memory: 251G
 Large Page Support: Disabled
 NUMA Support: Disabled
 Compressed Oops: Disabled
 Alignments: Space 512K, Generation 512K, Heap 2M
 Heap Min Capacity: 3G
 Heap Initial Capacity: 3G
 Heap Max Capacity: 3G
 Pre-touch: Disabled
 Parallel Workers: 1
Heap:
 PSYoungGen      total 917504K, used 0K [0x00007e7735000000, 0x00007e7775000000, 0x00007e7775000000)
  eden space 786432K, 0% used [0x00007e7735000000,0x00007e7735000000,0x00007e7765000000)
  from space 131072K, 0% used [0x00007e776d000000,0x00007e776d000000,0x00007e7775000000)
  to   space 131072K, 0% used [0x00007e7765000000,0x00007e7765000000,0x00007e776d000000)
 ParOldGen       total 2097152K, used 1440K [0x00007e76b5000000, 0x00007e7735000000, 0x00007e7735000000)
  object space 2097152K, 0% used [0x00007e76b5000000,0x00007e76b5168138,0x00007e7735000000)
 Metaspace       used 7394K, committed 7488K, reserved 8192K
GC Heap History (15 events):
Event: 2,909 GC heap before
{Heap before GC invocations=1 (full 0):
 PSYoungGen      total 917504K, used 786432K [0x00007e7735000000, 0x00007e7775000000, 0x00007e7775000000)
  eden space 786432K, 100% used [0x00007e7735000000,0x00007e7765000000,0x00007e7765000000)
  from space 131072K, 0% used [0x00007e776d000000,0x00007e776d000000,0x00007e7775000000)
  to   space 131072K, 0% used [0x00007e7765000000,0x00007e7765000000,0x00007e776d000000)
 ParOldGen       total 2097152K, used 0K [0x00007e76b5000000, 0x00007e7735000000, 0x00007e7735000000)
  object space 2097152K, 0% used [0x00007e76b5000000,0x00007e76b5000000,0x00007e7735000000)
 Metaspace       used 7360K, committed 7488K, reserved 8192K
}
Event: 6,674 GC heap after
{Heap after GC invocations=1 (full 0):
 PSYoungGen      total 917504K, used 131049K [0x00007e7735000000, 0x00007e7775000000, 0x00007e7775000000)
  eden space 786432K, 0% used [0x00007e7735000000,0x00007e7735000000,0x00007e7765000000)
  from space 131072K, 99% used [0x00007e7765000000,0x00007e776cffa5e0,0x00007e776d000000)
  to   space 131072K, 0% used [0x00007e776d000000,0x00007e776d000000,0x00007e7775000000)
 ParOldGen       total 2097152K, used 458944K [0x00007e76b5000000, 0x00007e7735000000, 0x00007e7735000000)
  object space 2097152K, 21% used [0x00007e76b5000000,0x00007e76d1030000,0x00007e7735000000)
 Metaspace       used 7360K, committed 7488K, reserved 8192K
}
Event: 7,084 GC heap before
{Heap before GC invocations=2 (full 0):
 PSYoungGen      total 917504K, used 917481K [0x00007e7735000000, 0x00007e7775000000, 0x00007e7775000000)
  eden space 786432K, 100% used [0x00007e7735000000,0x00007e7765000000,0x00007e7765000000)
  from space 131072K, 99% used [0x00007e7765000000,0x00007e776cffa5e0,0x00007e776d000000)
  to   space 131072K, 0% used [0x00007e776d000000,0x00007e776d000000,0x00007e7775000000)
 ParOldGen       total 2097152K, used 458944K [0x00007e76b5000000, 0x00007e7735000000, 0x00007e7735000000)
  object space 2097152K, 21% used [0x00007e76b5000000,0x00007e76d1030000,0x00007e7735000000)
 Metaspace       used 7360K, committed 7488K, reserved 8192K
}
Event: 11,869 GC heap after
{Heap after GC invocations=2 (full 0):
 PSYoungGen      total 917504K, used 131045K [0x00007e7735000000, 0x00007e7775000000, 0x00007e7775000000)
  eden space 786432K, 0% used [0x00007e7735000000,0x00007e7735000000,0x00007e7765000000)
  from space 131072K, 99% used [0x00007e776d000000,0x00007e7774ff9510,0x00007e7775000000)
  to   space 131072K, 0% used [0x00007e7765000000,0x00007e7765000000,0x00007e776d000000)
 ParOldGen       total 2097152K, used 1113157K [0x00007e76b5000000, 0x00007e7735000000, 0x00007e7735000000)
  object space 2097152K, 53% used [0x00007e76b5000000,0x00007e76f8f116a8,0x00007e7735000000)
 Metaspace       used 7360K, committed 7488K, reserved 8192K
}
Event: 12,278 GC heap before
{Heap before GC invocations=3 (full 0):
 PSYoungGen      total 917504K, used 917477K [0x00007e7735000000, 0x00007e7775000000, 0x00007e7775000000)
  eden space 786432K, 100% used [0x00007e7735000000,0x00007e7765000000,0x00007e7765000000)
  from space 131072K, 99% used [0x00007e776d000000,0x00007e7774ff9510,0x00007e7775000000)
  to   space 131072K, 0% used [0x00007e7765000000,0x00007e7765000000,0x00007e776d000000)
 ParOldGen       total 2097152K, used 1113157K [0x00007e76b5000000, 0x00007e7735000000, 0x00007e7735000000)
  object space 2097152K, 53% used [0x00007e76b5000000,0x00007e76f8f116a8,0x00007e7735000000)
 Metaspace       used 7360K, committed 7488K, reserved 8192K
}
Event: 17,385 GC heap after
{Heap after GC invocations=3 (full 0):
 PSYoungGen      total 917504K, used 131054K [0x00007e7735000000, 0x00007e7775000000, 0x00007e7775000000)
  eden space 786432K, 0% used [0x00007e7735000000,0x00007e7735000000,0x00007e7765000000)
  from space 131072K, 99% used [0x00007e7765000000,0x00007e776cffb900,0x00007e776d000000)
  to   space 131072K, 0% used [0x00007e776d000000,0x00007e776d000000,0x00007e7775000000)
 ParOldGen       total 2097152K, used 1762482K [0x00007e76b5000000, 0x00007e7735000000, 0x00007e7735000000)
  object space 2097152K, 84% used [0x00007e76b5000000,0x00007e772092cbb8,0x00007e7735000000)
 Metaspace       used 7360K, committed 7488K, reserved 8192K
}
Event: 17,385 GC heap before
{Heap before GC invocations=4 (full 1):
 PSYoungGen      total 917504K, used 131054K [0x00007e7735000000, 0x00007e7775000000, 0x00007e7775000000)
  eden space 786432K, 0% used [0x00007e7735000000,0x00007e7735000000,0x00007e7765000000)
  from space 131072K, 99% used [0x00007e7765000000,0x00007e776cffb900,0x00007e776d000000)
  to   space 131072K, 0% used [0x00007e776d000000,0x00007e776d000000,0x00007e7775000000)
 ParOldGen       total 2097152K, used 1762482K [0x00007e76b5000000, 0x00007e7735000000, 0x00007e7735000000)
  object space 2097152K, 84% used [0x00007e76b5000000,0x00007e772092cbb8,0x00007e7735000000)
 Metaspace       used 7360K, committed 7488K, reserved 8192K
}
Event: 53,473 GC heap after
{Heap after GC invocations=4 (full 1):
 PSYoungGen      total 917504K, used 0K [0x00007e7735000000, 0x00007e7775000000, 0x00007e7775000000)
  eden space 786432K, 0% used [0x00007e7735000000,0x00007e7735000000,0x00007e7765000000)
  from space 131072K, 0% used [0x00007e776d000000,0x00007e776d000000,0x00007e7775000000)
  to   space 131072K, 0% used [0x00007e7765000000,0x00007e7765000000,0x00007e776d000000)
 ParOldGen       total 2097152K, used 676894K [0x00007e76b5000000, 0x00007e7735000000, 0x00007e7735000000)
  object space 2097152K, 32% used [0x00007e76b5000000,0x00007e76de5079e8,0x00007e7735000000)
 Metaspace       used 7360K, committed 7488K, reserved 8192K
}
Event: 55,258 GC heap before
{Heap before GC invocations=5 (full 1):
 PSYoungGen      total 917504K, used 454739K [0x00007e7735000000, 0x00007e7775000000, 0x00007e7775000000)
  eden space 786432K, 57% used [0x00007e7735000000,0x00007e7750c14f10,0x00007e7765000000)
  from space 131072K, 0% used [0x00007e776d000000,0x00007e776d000000,0x00007e7775000000)
  to   space 131072K, 0% used [0x00007e7765000000,0x00007e7765000000,0x00007e776d000000)
 ParOldGen       total 2097152K, used 676894K [0x00007e76b5000000, 0x00007e7735000000, 0x00007e7735000000)
  object space 2097152K, 32% used [0x00007e76b5000000,0x00007e76de5079e8,0x00007e7735000000)
 Metaspace       used 7389K, committed 7488K, reserved 8192K
}
Event: 58,695 GC heap after
{Heap after GC invocations=5 (full 1):
 PSYoungGen      total 917504K, used 131045K [0x00007e7735000000, 0x00007e7775000000, 0x00007e7775000000)
  eden space 786432K, 0% used [0x00007e7735000000,0x00007e7735000000,0x00007e7765000000)
  from space 131072K, 99% used [0x00007e7765000000,0x00007e776cff9510,0x00007e776d000000)
  to   space 131072K, 0% used [0x00007e776d000000,0x00007e776d000000,0x00007e7775000000)
 ParOldGen       total 2097152K, used 989358K [0x00007e76b5000000, 0x00007e7735000000, 0x00007e7735000000)
  object space 2097152K, 47% used [0x00007e76b5000000,0x00007e76f162b9e8,0x00007e7735000000)
 Metaspace       used 7389K, committed 7488K, reserved 8192K
}
Event: 58,695 GC heap before
{Heap before GC invocations=6 (full 2):
 PSYoungGen      total 917504K, used 131045K [0x00007e7735000000, 0x00007e7775000000, 0x00007e7775000000)
  eden space 786432K, 0% used [0x00007e7735000000,0x00007e7735000000,0x00007e7765000000)
  from space 131072K, 99% used [0x00007e7765000000,0x00007e776cff9510,0x00007e776d000000)
  to   space 131072K, 0% used [0x00007e776d000000,0x00007e776d000000,0x00007e7775000000)
 ParOldGen       total 2097152K, used 989358K [0x00007e76b5000000, 0x00007e7735000000, 0x00007e7735000000)
  object space 2097152K, 47% used [0x00007e76b5000000,0x00007e76f162b9e8,0x00007e7735000000)
 Metaspace       used 7389K, committed 7488K, reserved 8192K
}
Event: 86,643 GC heap after
{Heap after GC invocations=6 (full 2):
 PSYoungGen      total 917504K, used 0K [0x00007e7735000000, 0x00007e7775000000, 0x00007e7775000000)
  eden space 786432K, 0% used [0x00007e7735000000,0x00007e7735000000,0x00007e7765000000)
  from space 131072K, 0% used [0x00007e7765000000,0x00007e7765000000,0x00007e776d000000)
  to   space 131072K, 0% used [0x00007e776d000000,0x00007e776d000000,0x00007e7775000000)
 ParOldGen       total 2097152K, used 1440K [0x00007e76b5000000, 0x00007e7735000000, 0x00007e7735000000)
  object space 2097152K, 0% used [0x00007e76b5000000,0x00007e76b5168138,0x00007e7735000000)
 Metaspace       used 7389K, committed 7488K, reserved 8192K
}
Event: 86,766 GC heap before
{Heap before GC invocations=7 (full 2):
 PSYoungGen      total 917504K, used 15230K [0x00007e7735000000, 0x00007e7775000000, 0x00007e7775000000)
  eden space 786432K, 1% used [0x00007e7735000000,0x00007e7735edfab0,0x00007e7765000000)
  from space 131072K, 0% used [0x00007e7765000000,0x00007e7765000000,0x00007e776d000000)
  to   space 131072K, 0% used [0x00007e776d000000,0x00007e776d000000,0x00007e7775000000)
 ParOldGen       total 2097152K, used 1440K [0x00007e76b5000000, 0x00007e7735000000, 0x00007e7735000000)
  object space 2097152K, 0% used [0x00007e76b5000000,0x00007e76b5168138,0x00007e7735000000)
 Metaspace       used 7394K, committed 7488K, reserved 8192K
}
Event: 86,789 GC heap after
{Heap after GC invocations=7 (full 2):
 PSYoungGen      total 917504K, used 0K [0x00007e7735000000, 0x00007e7775000000, 0x00007e7775000000)
  eden space 786432K, 0% used [0x00007e7735000000,0x00007e7735000000,0x00007e7765000000)
  from space 131072K, 0% used [0x00007e776d000000,0x00007e776d000000,0x00007e7775000000)
  to   space 131072K, 0% used [0x00007e7765000000,0x00007e7765000000,0x00007e776d000000)
 ParOldGen       total 2097152K, used 1440K [0x00007e76b5000000, 0x00007e7735000000, 0x00007e7735000000)
  object space 2097152K, 0% used [0x00007e76b5000000,0x00007e76b5168138,0x00007e7735000000)
 Metaspace       used 7394K, committed 7488K, reserved 8192K
}
Event: 86,789 GC heap before
{Heap before GC invocations=8 (full 3):
 PSYoungGen      total 917504K, used 0K [0x00007e7735000000, 0x00007e7775000000, 0x00007e7775000000)
  eden space 786432K, 0% used [0x00007e7735000000,0x00007e7735000000,0x00007e7765000000)
  from space 131072K, 0% used [0x00007e776d000000,0x00007e776d000000,0x00007e7775000000)
  to   space 131072K, 0% used [0x00007e7765000000,0x00007e7765000000,0x00007e776d000000)
 ParOldGen       total 2097152K, used 1440K [0x00007e76b5000000, 0x00007e7735000000, 0x00007e7735000000)
  object space 2097152K, 0% used [0x00007e76b5000000,0x00007e76b5168138,0x00007e7735000000)
 Metaspace       used 7394K, committed 7488K, reserved 8192K
}

