# JRE version: OpenJDK Runtime Environment (17.0.6) (fastdebug build 17.0.6-internal+0-adhoc.konstdelis.jdk17u067)
# Java VM: OpenJDK 64-Bit Server VM (fastdebug 17.0.6-internal+0-adhoc.konstdelis.jdk17u067, mixed mode, tiered, parallel gc, linux-amd64)
GC Precious Log:
 CPUs: 32 total, 32 available
 Memory: 251G
 Large Page Support: Disabled
 NUMA Support: Disabled
 Compressed Oops: Disabled
 Alignments: Space 512K, Generation 512K, Heap 2M
 Heap Min Capacity: 3G
 Heap Initial Capacity: 3G
 Heap Max Capacity: 3G
 Pre-touch: Disabled
 Parallel Workers: 3
Heap:
 PSYoungGen      total 917504K, used 161439K [0x00007eae39000000, 0x00007eae79000000, 0x00007eae79000000)
  eden space 786432K, 20% used [0x00007eae39000000,0x00007eae42da7e18,0x00007eae69000000)
  from space 131072K, 0% used [0x00007eae71000000,0x00007eae71000000,0x00007eae79000000)
  to   space 131072K, 99% used [0x00007eae69000000,0x00007eae70f35808,0x00007eae71000000)
 ParOldGen       total 2097152K, used 348342K [0x00007eadb9000000, 0x00007eae39000000, 0x00007eae39000000)
  object space 2097152K, 16% used [0x00007eadb9000000,0x00007eadce42da68,0x00007eae39000000)
 Metaspace       used 7421K, committed 7488K, reserved 8192K
GC Heap History (17 events):
Event: 2,633 GC heap before
{Heap before GC invocations=1 (full 0):
 PSYoungGen      total 917504K, used 366634K [0x00007eae39000000, 0x00007eae79000000, 0x00007eae79000000)
  eden space 786432K, 46% used [0x00007eae39000000,0x00007eae4f60a968,0x00007eae69000000)
  from space 131072K, 0% used [0x00007eae71000000,0x00007eae71000000,0x00007eae79000000)
  to   space 131072K, 0% used [0x00007eae69000000,0x00007eae69000000,0x00007eae71000000)
 ParOldGen       total 2097152K, used 0K [0x00007eadb9000000, 0x00007eae39000000, 0x00007eae39000000)
  object space 2097152K, 0% used [0x00007eadb9000000,0x00007eadb9000000,0x00007eae39000000)
 Metaspace       used 7421K, committed 7488K, reserved 8192K
}
Event: 3,195 GC heap after
{Heap after GC invocations=1 (full 0):
 PSYoungGen      total 917504K, used 131040K [0x00007eae39000000, 0x00007eae79000000, 0x00007eae79000000)
  eden space 786432K, 0% used [0x00007eae39000000,0x00007eae39000000,0x00007eae69000000)
  from space 131072K, 99% used [0x00007eae69000000,0x00007eae70ff8050,0x00007eae71000000)
  to   space 131072K, 0% used [0x00007eae71000000,0x00007eae71000000,0x00007eae79000000)
 ParOldGen       total 2097152K, used 93328K [0x00007eadb9000000, 0x00007eae39000000, 0x00007eae39000000)
  object space 2097152K, 4% used [0x00007eadb9000000,0x00007eadbeb24000,0x00007eae39000000)
 Metaspace       used 7421K, committed 7488K, reserved 8192K
}
Event: 3,195 GC heap before
{Heap before GC invocations=2 (full 1):
 PSYoungGen      total 917504K, used 131040K [0x00007eae39000000, 0x00007eae79000000, 0x00007eae79000000)
  eden space 786432K, 0% used [0x00007eae39000000,0x00007eae39000000,0x00007eae69000000)
  from space 131072K, 99% used [0x00007eae69000000,0x00007eae70ff8050,0x00007eae71000000)
  to   space 131072K, 0% used [0x00007eae71000000,0x00007eae71000000,0x00007eae79000000)
 ParOldGen       total 2097152K, used 93328K [0x00007eadb9000000, 0x00007eae39000000, 0x00007eae39000000)
  object space 2097152K, 4% used [0x00007eadb9000000,0x00007eadbeb24000,0x00007eae39000000)
 Metaspace       used 7421K, committed 7488K, reserved 8192K
}
Event: 5,526 GC heap after
{Heap after GC invocations=2 (full 1):
 PSYoungGen      total 917504K, used 0K [0x00007eae39000000, 0x00007eae79000000, 0x00007eae79000000)
  eden space 786432K, 0% used [0x00007eae39000000,0x00007eae39000000,0x00007eae69000000)
  from space 131072K, 0% used [0x00007eae69000000,0x00007eae69000000,0x00007eae71000000)
  to   space 131072K, 0% used [0x00007eae71000000,0x00007eae71000000,0x00007eae79000000)
 ParOldGen       total 2097152K, used 98976K [0x00007eadb9000000, 0x00007eae39000000, 0x00007eae39000000)
  object space 2097152K, 4% used [0x00007eadb9000000,0x00007eadbf0a8088,0x00007eae39000000)
 Metaspace       used 7421K, committed 7488K, reserved 8192K
}
Event: 5,535 GC heap before
{Heap before GC invocations=3 (full 1):
 PSYoungGen      total 917504K, used 15728K [0x00007eae39000000, 0x00007eae79000000, 0x00007eae79000000)
  eden space 786432K, 2% used [0x00007eae39000000,0x00007eae39f5c2c8,0x00007eae69000000)
  from space 131072K, 0% used [0x00007eae69000000,0x00007eae69000000,0x00007eae71000000)
  to   space 131072K, 0% used [0x00007eae71000000,0x00007eae71000000,0x00007eae79000000)
 ParOldGen       total 2097152K, used 98976K [0x00007eadb9000000, 0x00007eae39000000, 0x00007eae39000000)
  object space 2097152K, 4% used [0x00007eadb9000000,0x00007eadbf0a8088,0x00007eae39000000)
 Metaspace       used 7421K, committed 7488K, reserved 8192K
}
Event: 5,557 GC heap after
{Heap after GC invocations=3 (full 1):
 PSYoungGen      total 917504K, used 0K [0x00007eae39000000, 0x00007eae79000000, 0x00007eae79000000)
  eden space 786432K, 0% used [0x00007eae39000000,0x00007eae39000000,0x00007eae69000000)
  from space 131072K, 0% used [0x00007eae71000000,0x00007eae71000000,0x00007eae79000000)
  to   space 131072K, 0% used [0x00007eae69000000,0x00007eae69000000,0x00007eae71000000)
 ParOldGen       total 2097152K, used 98976K [0x00007eadb9000000, 0x00007eae39000000, 0x00007eae39000000)
  object space 2097152K, 4% used [0x00007eadb9000000,0x00007eadbf0a8088,0x00007eae39000000)
 Metaspace       used 7421K, committed 7488K, reserved 8192K
}
Event: 5,558 GC heap before
{Heap before GC invocations=4 (full 2):
 PSYoungGen      total 917504K, used 0K [0x00007eae39000000, 0x00007eae79000000, 0x00007eae79000000)
  eden space 786432K, 0% used [0x00007eae39000000,0x00007eae39000000,0x00007eae69000000)
  from space 131072K, 0% used [0x00007eae71000000,0x00007eae71000000,0x00007eae79000000)
  to   space 131072K, 0% used [0x00007eae69000000,0x00007eae69000000,0x00007eae71000000)
 ParOldGen       total 2097152K, used 98976K [0x00007eadb9000000, 0x00007eae39000000, 0x00007eae39000000)
  object space 2097152K, 4% used [0x00007eadb9000000,0x00007eadbf0a8088,0x00007eae39000000)
 Metaspace       used 7421K, committed 7488K, reserved 8192K
}
Event: 6,537 GC heap after
{Heap after GC invocations=4 (full 2):
 PSYoungGen      total 917504K, used 0K [0x00007eae39000000, 0x00007eae79000000, 0x00007eae79000000)
  eden space 786432K, 0% used [0x00007eae39000000,0x00007eae39000000,0x00007eae69000000)
  from space 131072K, 0% used [0x00007eae71000000,0x00007eae71000000,0x00007eae79000000)
  to   space 131072K, 0% used [0x00007eae69000000,0x00007eae69000000,0x00007eae71000000)
 ParOldGen       total 2097152K, used 223508K [0x00007eadb9000000, 0x00007eae39000000, 0x00007eae39000000)
  object space 2097152K, 10% used [0x00007eadb9000000,0x00007eadc6a45338,0x00007eae39000000)
 Metaspace       used 7421K, committed 7488K, reserved 8192K
}
Event: 6,546 GC heap before
{Heap before GC invocations=5 (full 2):
 PSYoungGen      total 917504K, used 15728K [0x00007eae39000000, 0x00007eae79000000, 0x00007eae79000000)
  eden space 786432K, 2% used [0x00007eae39000000,0x00007eae39f5c2c8,0x00007eae69000000)
  from space 131072K, 0% used [0x00007eae71000000,0x00007eae71000000,0x00007eae79000000)
  to   space 131072K, 0% used [0x00007eae69000000,0x00007eae69000000,0x00007eae71000000)
 ParOldGen       total 2097152K, used 223508K [0x00007eadb9000000, 0x00007eae39000000, 0x00007eae39000000)
  object space 2097152K, 10% used [0x00007eadb9000000,0x00007eadc6a45338,0x00007eae39000000)
 Metaspace       used 7421K, committed 7488K, reserved 8192K
}
Event: 6,550 GC heap after
{Heap after GC invocations=5 (full 2):
 PSYoungGen      total 917504K, used 0K [0x00007eae39000000, 0x00007eae79000000, 0x00007eae79000000)
  eden space 786432K, 0% used [0x00007eae39000000,0x00007eae39000000,0x00007eae69000000)
  from space 131072K, 0% used [0x00007eae69000000,0x00007eae69000000,0x00007eae71000000)
  to   space 131072K, 0% used [0x00007eae71000000,0x00007eae71000000,0x00007eae79000000)
 ParOldGen       total 2097152K, used 223508K [0x00007eadb9000000, 0x00007eae39000000, 0x00007eae39000000)
  object space 2097152K, 10% used [0x00007eadb9000000,0x00007eadc6a45338,0x00007eae39000000)
 Metaspace       used 7421K, committed 7488K, reserved 8192K
}
Event: 6,551 GC heap before
{Heap before GC invocations=6 (full 3):
 PSYoungGen      total 917504K, used 0K [0x00007eae39000000, 0x00007eae79000000, 0x00007eae79000000)
  eden space 786432K, 0% used [0x00007eae39000000,0x00007eae39000000,0x00007eae69000000)
  from space 131072K, 0% used [0x00007eae69000000,0x00007eae69000000,0x00007eae71000000)
  to   space 131072K, 0% used [0x00007eae71000000,0x00007eae71000000,0x00007eae79000000)
 ParOldGen       total 2097152K, used 223508K [0x00007eadb9000000, 0x00007eae39000000, 0x00007eae39000000)
  object space 2097152K, 10% used [0x00007eadb9000000,0x00007eadc6a45338,0x00007eae39000000)
 Metaspace       used 7421K, committed 7488K, reserved 8192K
}
Event: 8,846 GC heap after
{Heap after GC invocations=6 (full 3):
 PSYoungGen      total 917504K, used 0K [0x00007eae39000000, 0x00007eae79000000, 0x00007eae79000000)
  eden space 786432K, 0% used [0x00007eae39000000,0x00007eae39000000,0x00007eae69000000)
  from space 131072K, 0% used [0x00007eae69000000,0x00007eae69000000,0x00007eae71000000)
  to   space 131072K, 0% used [0x00007eae71000000,0x00007eae71000000,0x00007eae79000000)
 ParOldGen       total 2097152K, used 348046K [0x00007eadb9000000, 0x00007eae39000000, 0x00007eae39000000)
  object space 2097152K, 16% used [0x00007eadb9000000,0x00007eadce3e3a68,0x00007eae39000000)
 Metaspace       used 7421K, committed 7488K, reserved 8192K
}
Event: 8,855 GC heap before
{Heap before GC invocations=7 (full 3):
 PSYoungGen      total 917504K, used 15728K [0x00007eae39000000, 0x00007eae79000000, 0x00007eae79000000)
  eden space 786432K, 2% used [0x00007eae39000000,0x00007eae39f5c2c8,0x00007eae69000000)
  from space 131072K, 0% used [0x00007eae69000000,0x00007eae69000000,0x00007eae71000000)
  to   space 131072K, 0% used [0x00007eae71000000,0x00007eae71000000,0x00007eae79000000)
 ParOldGen       total 2097152K, used 348046K [0x00007eadb9000000, 0x00007eae39000000, 0x00007eae39000000)
  object space 2097152K, 16% used [0x00007eadb9000000,0x00007eadce3e3a68,0x00007eae39000000)
 Metaspace       used 7421K, committed 7488K, reserved 8192K
}
Event: 8,859 GC heap after
{Heap after GC invocations=7 (full 3):
 PSYoungGen      total 917504K, used 0K [0x00007eae39000000, 0x00007eae79000000, 0x00007eae79000000)
  eden space 786432K, 0% used [0x00007eae39000000,0x00007eae39000000,0x00007eae69000000)
  from space 131072K, 0% used [0x00007eae71000000,0x00007eae71000000,0x00007eae79000000)
  to   space 131072K, 0% used [0x00007eae69000000,0x00007eae69000000,0x00007eae71000000)
 ParOldGen       total 2097152K, used 348046K [0x00007eadb9000000, 0x00007eae39000000, 0x00007eae39000000)
  object space 2097152K, 16% used [0x00007eadb9000000,0x00007eadce3e3a68,0x00007eae39000000)
 Metaspace       used 7421K, committed 7488K, reserved 8192K
}
Event: 8,859 GC heap before
{Heap before GC invocations=8 (full 4):
 PSYoungGen      total 917504K, used 0K [0x00007eae39000000, 0x00007eae79000000, 0x00007eae79000000)
  eden space 786432K, 0% used [0x00007eae39000000,0x00007eae39000000,0x00007eae69000000)
  from space 131072K, 0% used [0x00007eae71000000,0x00007eae71000000,0x00007eae79000000)
  to   space 131072K, 0% used [0x00007eae69000000,0x00007eae69000000,0x00007eae71000000)
 ParOldGen       total 2097152K, used 348046K [0x00007eadb9000000, 0x00007eae39000000, 0x00007eae39000000)
  object space 2097152K, 16% used [0x00007eadb9000000,0x00007eadce3e3a68,0x00007eae39000000)
 Metaspace       used 7421K, committed 7488K, reserved 8192K
}
Event: 9,871 GC heap after
{Heap after GC invocations=8 (full 4):
 PSYoungGen      total 917504K, used 0K [0x00007eae39000000, 0x00007eae79000000, 0x00007eae79000000)
  eden space 786432K, 0% used [0x00007eae39000000,0x00007eae39000000,0x00007eae69000000)
  from space 131072K, 0% used [0x00007eae71000000,0x00007eae71000000,0x00007eae79000000)
  to   space 131072K, 0% used [0x00007eae69000000,0x00007eae69000000,0x00007eae71000000)
 ParOldGen       total 2097152K, used 348334K [0x00007eadb9000000, 0x00007eae39000000, 0x00007eae39000000)
  object space 2097152K, 16% used [0x00007eadb9000000,0x00007eadce42ba68,0x00007eae39000000)
 Metaspace       used 7421K, committed 7488K, reserved 8192K
}
Event: 9,984 GC heap before
{Heap before GC invocations=9 (full 4):
 PSYoungGen      total 917504K, used 161439K [0x00007eae39000000, 0x00007eae79000000, 0x00007eae79000000)
  eden space 786432K, 20% used [0x00007eae39000000,0x00007eae42da7e18,0x00007eae69000000)
  from space 131072K, 0% used [0x00007eae71000000,0x00007eae71000000,0x00007eae79000000)
  to   space 131072K, 0% used [0x00007eae69000000,0x00007eae69000000,0x00007eae71000000)
 ParOldGen       total 2097152K, used 348334K [0x00007eadb9000000, 0x00007eae39000000, 0x00007eae39000000)
  object space 2097152K, 16% used [0x00007eadb9000000,0x00007eadce42ba68,0x00007eae39000000)
 Metaspace       used 7421K, committed 7488K, reserved 8192K
}

