# JRE version: OpenJDK Runtime Environment (17.0.6) (fastdebug build 17.0.6-internal+0-adhoc.konstdelis.jdk17u067)
# Java VM: OpenJDK 64-Bit Server VM (fastdebug 17.0.6-internal+0-adhoc.konstdelis.jdk17u067, mixed mode, tiered, parallel gc, linux-amd64)
GC Precious Log:
 CPUs: 32 total, 32 available
 Memory: 251G
 Large Page Support: Disabled
 NUMA Support: Disabled
 Compressed Oops: Disabled
 Alignments: Space 512K, Generation 512K, Heap 2M
 Heap Min Capacity: 3G
 Heap Initial Capacity: 3G
 Heap Max Capacity: 3G
 Pre-touch: Disabled
 Parallel Workers: 8
Heap:
 PSYoungGen      total 917504K, used 0K [0x00007eac65000000, 0x00007eaca5000000, 0x00007eaca5000000)
  eden space 786432K, 0% used [0x00007eac65000000,0x00007eac65000000,0x00007eac95000000)
  from space 131072K, 0% used [0x00007eac95000000,0x00007eac95000000,0x00007eac9d000000)
  to   space 131072K, 0% used [0x00007eac9d000000,0x00007eac9d000000,0x00007eaca5000000)
 ParOldGen       total 2097152K, used 131126K [0x00007eabe5000000, 0x00007eac65000000, 0x00007eac65000000)
  object space 2097152K, 6% used [0x00007eabe5000000,0x00007eabed00d9c8,0x00007eac65000000)
 Metaspace       used 7421K, committed 7488K, reserved 8192K
GC Heap History (11 events):
Event: 2,643 GC heap before
{Heap before GC invocations=1 (full 0):
 PSYoungGen      total 917504K, used 366536K [0x00007eac65000000, 0x00007eaca5000000, 0x00007eaca5000000)
  eden space 786432K, 46% used [0x00007eac65000000,0x00007eac7b5f21c0,0x00007eac95000000)
  from space 131072K, 0% used [0x00007eac9d000000,0x00007eac9d000000,0x00007eaca5000000)
  to   space 131072K, 0% used [0x00007eac95000000,0x00007eac95000000,0x00007eac9d000000)
 ParOldGen       total 2097152K, used 0K [0x00007eabe5000000, 0x00007eac65000000, 0x00007eac65000000)
  object space 2097152K, 0% used [0x00007eabe5000000,0x00007eabe5000000,0x00007eac65000000)
 Metaspace       used 7421K, committed 7488K, reserved 8192K
}
Event: 2,900 GC heap after
{Heap after GC invocations=1 (full 0):
 PSYoungGen      total 917504K, used 131056K [0x00007eac65000000, 0x00007eaca5000000, 0x00007eaca5000000)
  eden space 786432K, 0% used [0x00007eac65000000,0x00007eac65000000,0x00007eac95000000)
  from space 131072K, 99% used [0x00007eac95000000,0x00007eac9cffc030,0x00007eac9d000000)
  to   space 131072K, 0% used [0x00007eac9d000000,0x00007eac9d000000,0x00007eaca5000000)
 ParOldGen       total 2097152K, used 93320K [0x00007eabe5000000, 0x00007eac65000000, 0x00007eac65000000)
  object space 2097152K, 4% used [0x00007eabe5000000,0x00007eabeab22000,0x00007eac65000000)
 Metaspace       used 7421K, committed 7488K, reserved 8192K
}
Event: 2,901 GC heap before
{Heap before GC invocations=2 (full 1):
 PSYoungGen      total 917504K, used 131056K [0x00007eac65000000, 0x00007eaca5000000, 0x00007eaca5000000)
  eden space 786432K, 0% used [0x00007eac65000000,0x00007eac65000000,0x00007eac95000000)
  from space 131072K, 99% used [0x00007eac95000000,0x00007eac9cffc030,0x00007eac9d000000)
  to   space 131072K, 0% used [0x00007eac9d000000,0x00007eac9d000000,0x00007eaca5000000)
 ParOldGen       total 2097152K, used 93320K [0x00007eabe5000000, 0x00007eac65000000, 0x00007eac65000000)
  object space 2097152K, 4% used [0x00007eabe5000000,0x00007eabeab22000,0x00007eac65000000)
 Metaspace       used 7421K, committed 7488K, reserved 8192K
}
Event: 4,120 GC heap after
{Heap after GC invocations=2 (full 1):
 PSYoungGen      total 917504K, used 0K [0x00007eac65000000, 0x00007eaca5000000, 0x00007eaca5000000)
  eden space 786432K, 0% used [0x00007eac65000000,0x00007eac65000000,0x00007eac95000000)
  from space 131072K, 0% used [0x00007eac95000000,0x00007eac95000000,0x00007eac9d000000)
  to   space 131072K, 0% used [0x00007eac9d000000,0x00007eac9d000000,0x00007eaca5000000)
 ParOldGen       total 2097152K, used 176463K [0x00007eabe5000000, 0x00007eac65000000, 0x00007eac65000000)
  object space 2097152K, 8% used [0x00007eabe5000000,0x00007eabefc53ed8,0x00007eac65000000)
 Metaspace       used 7421K, committed 7488K, reserved 8192K
}
Event: 4,133 GC heap before
{Heap before GC invocations=3 (full 1):
 PSYoungGen      total 917504K, used 15728K [0x00007eac65000000, 0x00007eaca5000000, 0x00007eaca5000000)
  eden space 786432K, 2% used [0x00007eac65000000,0x00007eac65f5c2c8,0x00007eac95000000)
  from space 131072K, 0% used [0x00007eac95000000,0x00007eac95000000,0x00007eac9d000000)
  to   space 131072K, 0% used [0x00007eac9d000000,0x00007eac9d000000,0x00007eaca5000000)
 ParOldGen       total 2097152K, used 176463K [0x00007eabe5000000, 0x00007eac65000000, 0x00007eac65000000)
  object space 2097152K, 8% used [0x00007eabe5000000,0x00007eabefc53ed8,0x00007eac65000000)
 Metaspace       used 7421K, committed 7488K, reserved 8192K
}
Event: 4,166 GC heap after
{Heap after GC invocations=3 (full 1):
 PSYoungGen      total 917504K, used 0K [0x00007eac65000000, 0x00007eaca5000000, 0x00007eaca5000000)
  eden space 786432K, 0% used [0x00007eac65000000,0x00007eac65000000,0x00007eac95000000)
  from space 131072K, 0% used [0x00007eac9d000000,0x00007eac9d000000,0x00007eaca5000000)
  to   space 131072K, 0% used [0x00007eac95000000,0x00007eac95000000,0x00007eac9d000000)
 ParOldGen       total 2097152K, used 176463K [0x00007eabe5000000, 0x00007eac65000000, 0x00007eac65000000)
  object space 2097152K, 8% used [0x00007eabe5000000,0x00007eabefc53ed8,0x00007eac65000000)
 Metaspace       used 7421K, committed 7488K, reserved 8192K
}
Event: 4,166 GC heap before
{Heap before GC invocations=4 (full 2):
 PSYoungGen      total 917504K, used 0K [0x00007eac65000000, 0x00007eaca5000000, 0x00007eaca5000000)
  eden space 786432K, 0% used [0x00007eac65000000,0x00007eac65000000,0x00007eac95000000)
  from space 131072K, 0% used [0x00007eac9d000000,0x00007eac9d000000,0x00007eaca5000000)
  to   space 131072K, 0% used [0x00007eac95000000,0x00007eac95000000,0x00007eac9d000000)
 ParOldGen       total 2097152K, used 176463K [0x00007eabe5000000, 0x00007eac65000000, 0x00007eac65000000)
  object space 2097152K, 8% used [0x00007eabe5000000,0x00007eabefc53ed8,0x00007eac65000000)
 Metaspace       used 7421K, committed 7488K, reserved 8192K
}
Event: 5,336 GC heap after
{Heap after GC invocations=4 (full 2):
 PSYoungGen      total 917504K, used 0K [0x00007eac65000000, 0x00007eaca5000000, 0x00007eaca5000000)
  eden space 786432K, 0% used [0x00007eac65000000,0x00007eac65000000,0x00007eac95000000)
  from space 131072K, 0% used [0x00007eac9d000000,0x00007eac9d000000,0x00007eaca5000000)
  to   space 131072K, 0% used [0x00007eac95000000,0x00007eac95000000,0x00007eac9d000000)
 ParOldGen       total 2097152K, used 131126K [0x00007eabe5000000, 0x00007eac65000000, 0x00007eac65000000)
  object space 2097152K, 6% used [0x00007eabe5000000,0x00007eabed00d9c8,0x00007eac65000000)
 Metaspace       used 7421K, committed 7488K, reserved 8192K
}
Event: 5,347 GC heap before
{Heap before GC invocations=5 (full 2):
 PSYoungGen      total 917504K, used 15728K [0x00007eac65000000, 0x00007eaca5000000, 0x00007eaca5000000)
  eden space 786432K, 2% used [0x00007eac65000000,0x00007eac65f5c2c8,0x00007eac95000000)
  from space 131072K, 0% used [0x00007eac9d000000,0x00007eac9d000000,0x00007eaca5000000)
  to   space 131072K, 0% used [0x00007eac95000000,0x00007eac95000000,0x00007eac9d000000)
 ParOldGen       total 2097152K, used 131126K [0x00007eabe5000000, 0x00007eac65000000, 0x00007eac65000000)
  object space 2097152K, 6% used [0x00007eabe5000000,0x00007eabed00d9c8,0x00007eac65000000)
 Metaspace       used 7421K, committed 7488K, reserved 8192K
}
Event: 5,351 GC heap after
{Heap after GC invocations=5 (full 2):
 PSYoungGen      total 917504K, used 0K [0x00007eac65000000, 0x00007eaca5000000, 0x00007eaca5000000)
  eden space 786432K, 0% used [0x00007eac65000000,0x00007eac65000000,0x00007eac95000000)
  from space 131072K, 0% used [0x00007eac95000000,0x00007eac95000000,0x00007eac9d000000)
  to   space 131072K, 0% used [0x00007eac9d000000,0x00007eac9d000000,0x00007eaca5000000)
 ParOldGen       total 2097152K, used 131126K [0x00007eabe5000000, 0x00007eac65000000, 0x00007eac65000000)
  object space 2097152K, 6% used [0x00007eabe5000000,0x00007eabed00d9c8,0x00007eac65000000)
 Metaspace       used 7421K, committed 7488K, reserved 8192K
}
Event: 5,351 GC heap before
{Heap before GC invocations=6 (full 3):
 PSYoungGen      total 917504K, used 0K [0x00007eac65000000, 0x00007eaca5000000, 0x00007eaca5000000)
  eden space 786432K, 0% used [0x00007eac65000000,0x00007eac65000000,0x00007eac95000000)
  from space 131072K, 0% used [0x00007eac95000000,0x00007eac95000000,0x00007eac9d000000)
  to   space 131072K, 0% used [0x00007eac9d000000,0x00007eac9d000000,0x00007eaca5000000)
 ParOldGen       total 2097152K, used 131126K [0x00007eabe5000000, 0x00007eac65000000, 0x00007eac65000000)
  object space 2097152K, 6% used [0x00007eabe5000000,0x00007eabed00d9c8,0x00007eac65000000)
 Metaspace       used 7421K, committed 7488K, reserved 8192K
}

