# JRE version: OpenJDK Runtime Environment (17.0.6) (fastdebug build 17.0.6-internal+0-adhoc.konstdelis.jdk17u067)
# Java VM: OpenJDK 64-Bit Server VM (fastdebug 17.0.6-internal+0-adhoc.konstdelis.jdk17u067, mixed mode, tiered, parallel gc, linux-amd64)
GC Precious Log:
 CPUs: 32 total, 32 available
 Memory: 251G
 Large Page Support: Disabled
 NUMA Support: Disabled
 Compressed Oops: Disabled
 Alignments: Space 512K, Generation 512K, Heap 2M
 Heap Min Capacity: 3G
 Heap Initial Capacity: 3G
 Heap Max Capacity: 3G
 Pre-touch: Disabled
 Parallel Workers: 8
Heap:
 PSYoungGen      total 917504K, used 368632K [0x00007ee279000000, 0x00007ee2b9000000, 0x00007ee2b9000000)
  eden space 786432K, 46% used [0x00007ee279000000,0x00007ee28f7fe140,0x00007ee2a9000000)
  from space 131072K, 0% used [0x00007ee2a9000000,0x00007ee2a9000000,0x00007ee2b1000000)
  to   space 131072K, 0% used [0x00007ee2b1000000,0x00007ee2b1000000,0x00007ee2b9000000)
 ParOldGen       total 2097152K, used 2097112K [0x00007ee1f9000000, 0x00007ee279000000, 0x00007ee279000000)
  object space 2097152K, 99% used [0x00007ee1f9000000,0x00007ee278ff6070,0x00007ee279000000)
 Metaspace       used 7360K, committed 7488K, reserved 8192K
GC Heap History (20 events):
Event: 5,300 GC heap after
{Heap after GC invocations=2 (full 0):
 PSYoungGen      total 917504K, used 131045K [0x00007ee279000000, 0x00007ee2b9000000, 0x00007ee2b9000000)
  eden space 786432K, 0% used [0x00007ee279000000,0x00007ee279000000,0x00007ee2a9000000)
  from space 131072K, 99% used [0x00007ee2b1000000,0x00007ee2b8ff9550,0x00007ee2b9000000)
  to   space 131072K, 0% used [0x00007ee2a9000000,0x00007ee2a9000000,0x00007ee2b1000000)
 ParOldGen       total 2097152K, used 1146192K [0x00007ee1f9000000, 0x00007ee279000000, 0x00007ee279000000)
  object space 2097152K, 54% used [0x00007ee1f9000000,0x00007ee23ef54000,0x00007ee279000000)
 Metaspace       used 7360K, committed 7488K, reserved 8192K
}
Event: 5,664 GC heap before
{Heap before GC invocations=3 (full 0):
 PSYoungGen      total 917504K, used 917477K [0x00007ee279000000, 0x00007ee2b9000000, 0x00007ee2b9000000)
  eden space 786432K, 100% used [0x00007ee279000000,0x00007ee2a9000000,0x00007ee2a9000000)
  from space 131072K, 99% used [0x00007ee2b1000000,0x00007ee2b8ff9550,0x00007ee2b9000000)
  to   space 131072K, 0% used [0x00007ee2a9000000,0x00007ee2a9000000,0x00007ee2b1000000)
 ParOldGen       total 2097152K, used 1146192K [0x00007ee1f9000000, 0x00007ee279000000, 0x00007ee279000000)
  object space 2097152K, 54% used [0x00007ee1f9000000,0x00007ee23ef54000,0x00007ee279000000)
 Metaspace       used 7360K, committed 7488K, reserved 8192K
}
Event: 6,703 GC heap after
{Heap after GC invocations=3 (full 0):
 PSYoungGen      total 917504K, used 131040K [0x00007ee279000000, 0x00007ee2b9000000, 0x00007ee2b9000000)
  eden space 786432K, 0% used [0x00007ee279000000,0x00007ee279000000,0x00007ee2a9000000)
  from space 131072K, 99% used [0x00007ee2a9000000,0x00007ee2b0ff8040,0x00007ee2b1000000)
  to   space 131072K, 0% used [0x00007ee2b1000000,0x00007ee2b1000000,0x00007ee2b9000000)
 ParOldGen       total 2097152K, used 1829263K [0x00007ee1f9000000, 0x00007ee279000000, 0x00007ee279000000)
  object space 2097152K, 87% used [0x00007ee1f9000000,0x00007ee268a63f88,0x00007ee279000000)
 Metaspace       used 7360K, committed 7488K, reserved 8192K
}
Event: 6,704 GC heap before
{Heap before GC invocations=4 (full 1):
 PSYoungGen      total 917504K, used 131040K [0x00007ee279000000, 0x00007ee2b9000000, 0x00007ee2b9000000)
  eden space 786432K, 0% used [0x00007ee279000000,0x00007ee279000000,0x00007ee2a9000000)
  from space 131072K, 99% used [0x00007ee2a9000000,0x00007ee2b0ff8040,0x00007ee2b1000000)
  to   space 131072K, 0% used [0x00007ee2b1000000,0x00007ee2b1000000,0x00007ee2b9000000)
 ParOldGen       total 2097152K, used 1829263K [0x00007ee1f9000000, 0x00007ee279000000, 0x00007ee279000000)
  object space 2097152K, 87% used [0x00007ee1f9000000,0x00007ee268a63f88,0x00007ee279000000)
 Metaspace       used 7360K, committed 7488K, reserved 8192K
}
Event: 14,515 GC heap after
{Heap after GC invocations=4 (full 1):
 PSYoungGen      total 917504K, used 0K [0x00007ee279000000, 0x00007ee2b9000000, 0x00007ee2b9000000)
  eden space 786432K, 0% used [0x00007ee279000000,0x00007ee279000000,0x00007ee2a9000000)
  from space 131072K, 0% used [0x00007ee2b1000000,0x00007ee2b1000000,0x00007ee2b9000000)
  to   space 131072K, 0% used [0x00007ee2a9000000,0x00007ee2a9000000,0x00007ee2b1000000)
 ParOldGen       total 2097152K, used 1945325K [0x00007ee1f9000000, 0x00007ee279000000, 0x00007ee279000000)
  object space 2097152K, 92% used [0x00007ee1f9000000,0x00007ee26fbbb750,0x00007ee279000000)
 Metaspace       used 7360K, committed 7488K, reserved 8192K
}
Event: 14,862 GC heap before
{Heap before GC invocations=5 (full 2):
 PSYoungGen      total 917504K, used 786432K [0x00007ee279000000, 0x00007ee2b9000000, 0x00007ee2b9000000)
  eden space 786432K, 100% used [0x00007ee279000000,0x00007ee2a9000000,0x00007ee2a9000000)
  from space 131072K, 0% used [0x00007ee2b1000000,0x00007ee2b1000000,0x00007ee2b9000000)
  to   space 131072K, 0% used [0x00007ee2a9000000,0x00007ee2a9000000,0x00007ee2b1000000)
 ParOldGen       total 2097152K, used 1945325K [0x00007ee1f9000000, 0x00007ee279000000, 0x00007ee279000000)
  object space 2097152K, 92% used [0x00007ee1f9000000,0x00007ee26fbbb750,0x00007ee279000000)
 Metaspace       used 7360K, committed 7488K, reserved 8192K
}
Event: 33,623 GC heap after
{Heap after GC invocations=5 (full 2):
 PSYoungGen      total 917504K, used 0K [0x00007ee279000000, 0x00007ee2b9000000, 0x00007ee2b9000000)
  eden space 786432K, 0% used [0x00007ee279000000,0x00007ee279000000,0x00007ee2a9000000)
  from space 131072K, 0% used [0x00007ee2a9000000,0x00007ee2a9000000,0x00007ee2b1000000)
  to   space 131072K, 0% used [0x00007ee2b1000000,0x00007ee2b1000000,0x00007ee2b9000000)
 ParOldGen       total 2097152K, used 1204257K [0x00007ee1f9000000, 0x00007ee279000000, 0x00007ee279000000)
  object space 2097152K, 57% used [0x00007ee1f9000000,0x00007ee242808598,0x00007ee279000000)
 Metaspace       used 7360K, committed 7488K, reserved 8192K
}
Event: 34,028 GC heap before
{Heap before GC invocations=6 (full 2):
 PSYoungGen      total 917504K, used 786432K [0x00007ee279000000, 0x00007ee2b9000000, 0x00007ee2b9000000)
  eden space 786432K, 100% used [0x00007ee279000000,0x00007ee2a9000000,0x00007ee2a9000000)
  from space 131072K, 0% used [0x00007ee2a9000000,0x00007ee2a9000000,0x00007ee2b1000000)
  to   space 131072K, 0% used [0x00007ee2b1000000,0x00007ee2b1000000,0x00007ee2b9000000)
 ParOldGen       total 2097152K, used 1204257K [0x00007ee1f9000000, 0x00007ee279000000, 0x00007ee279000000)
  object space 2097152K, 57% used [0x00007ee1f9000000,0x00007ee242808598,0x00007ee279000000)
 Metaspace       used 7360K, committed 7488K, reserved 8192K
}
Event: 37,393 GC heap after
{Heap after GC invocations=6 (full 2):
 PSYoungGen      total 917504K, used 131072K [0x00007ee279000000, 0x00007ee2b9000000, 0x00007ee2b9000000)
  eden space 786432K, 0% used [0x00007ee279000000,0x00007ee279000000,0x00007ee2a9000000)
  from space 131072K, 100% used [0x00007ee2b1000000,0x00007ee2b9000000,0x00007ee2b9000000)
  to   space 131072K, 0% used [0x00007ee2a9000000,0x00007ee2a9000000,0x00007ee2b1000000)
 ParOldGen       total 2097152K, used 1864769K [0x00007ee1f9000000, 0x00007ee279000000, 0x00007ee279000000)
  object space 2097152K, 88% used [0x00007ee1f9000000,0x00007ee26ad10598,0x00007ee279000000)
 Metaspace       used 7360K, committed 7488K, reserved 8192K
}
Event: 37,394 GC heap before
{Heap before GC invocations=7 (full 3):
 PSYoungGen      total 917504K, used 131072K [0x00007ee279000000, 0x00007ee2b9000000, 0x00007ee2b9000000)
  eden space 786432K, 0% used [0x00007ee279000000,0x00007ee279000000,0x00007ee2a9000000)
  from space 131072K, 100% used [0x00007ee2b1000000,0x00007ee2b9000000,0x00007ee2b9000000)
  to   space 131072K, 0% used [0x00007ee2a9000000,0x00007ee2a9000000,0x00007ee2b1000000)
 ParOldGen       total 2097152K, used 1864769K [0x00007ee1f9000000, 0x00007ee279000000, 0x00007ee279000000)
  object space 2097152K, 88% used [0x00007ee1f9000000,0x00007ee26ad10598,0x00007ee279000000)
 Metaspace       used 7360K, committed 7488K, reserved 8192K
}
Event: 52,997 GC heap after
{Heap after GC invocations=7 (full 3):
 PSYoungGen      total 917504K, used 0K [0x00007ee279000000, 0x00007ee2b9000000, 0x00007ee2b9000000)
  eden space 786432K, 0% used [0x00007ee279000000,0x00007ee279000000,0x00007ee2a9000000)
  from space 131072K, 0% used [0x00007ee2a9000000,0x00007ee2a9000000,0x00007ee2b1000000)
  to   space 131072K, 0% used [0x00007ee2b1000000,0x00007ee2b1000000,0x00007ee2b9000000)
 ParOldGen       total 2097152K, used 1662732K [0x00007ee1f9000000, 0x00007ee279000000, 0x00007ee279000000)
  object space 2097152K, 79% used [0x00007ee1f9000000,0x00007ee25e7c3388,0x00007ee279000000)
 Metaspace       used 7360K, committed 7488K, reserved 8192K
}
Event: 53,328 GC heap before
{Heap before GC invocations=8 (full 4):
 PSYoungGen      total 917504K, used 786432K [0x00007ee279000000, 0x00007ee2b9000000, 0x00007ee2b9000000)
  eden space 786432K, 100% used [0x00007ee279000000,0x00007ee2a9000000,0x00007ee2a9000000)
  from space 131072K, 0% used [0x00007ee2a9000000,0x00007ee2a9000000,0x00007ee2b1000000)
  to   space 131072K, 0% used [0x00007ee2b1000000,0x00007ee2b1000000,0x00007ee2b9000000)
 ParOldGen       total 2097152K, used 1662732K [0x00007ee1f9000000, 0x00007ee279000000, 0x00007ee279000000)
  object space 2097152K, 79% used [0x00007ee1f9000000,0x00007ee25e7c3388,0x00007ee279000000)
 Metaspace       used 7360K, committed 7488K, reserved 8192K
}
Event: 69,217 GC heap after
{Heap after GC invocations=8 (full 4):
 PSYoungGen      total 917504K, used 0K [0x00007ee279000000, 0x00007ee2b9000000, 0x00007ee2b9000000)
  eden space 786432K, 0% used [0x00007ee279000000,0x00007ee279000000,0x00007ee2a9000000)
  from space 131072K, 0% used [0x00007ee2b1000000,0x00007ee2b1000000,0x00007ee2b9000000)
  to   space 131072K, 0% used [0x00007ee2a9000000,0x00007ee2a9000000,0x00007ee2b1000000)
 ParOldGen       total 2097152K, used 1914911K [0x00007ee1f9000000, 0x00007ee279000000, 0x00007ee279000000)
  object space 2097152K, 91% used [0x00007ee1f9000000,0x00007ee26de07d70,0x00007ee279000000)
 Metaspace       used 7360K, committed 7488K, reserved 8192K
}
Event: 69,612 GC heap before
{Heap before GC invocations=9 (full 5):
 PSYoungGen      total 917504K, used 786432K [0x00007ee279000000, 0x00007ee2b9000000, 0x00007ee2b9000000)
  eden space 786432K, 100% used [0x00007ee279000000,0x00007ee2a9000000,0x00007ee2a9000000)
  from space 131072K, 0% used [0x00007ee2b1000000,0x00007ee2b1000000,0x00007ee2b9000000)
  to   space 131072K, 0% used [0x00007ee2a9000000,0x00007ee2a9000000,0x00007ee2b1000000)
 ParOldGen       total 2097152K, used 1914911K [0x00007ee1f9000000, 0x00007ee279000000, 0x00007ee279000000)
  object space 2097152K, 91% used [0x00007ee1f9000000,0x00007ee26de07d70,0x00007ee279000000)
 Metaspace       used 7360K, committed 7488K, reserved 8192K
}
Event: 84,883 GC heap after
{Heap after GC invocations=9 (full 5):
 PSYoungGen      total 917504K, used 256501K [0x00007ee279000000, 0x00007ee2b9000000, 0x00007ee2b9000000)
  eden space 786432K, 32% used [0x00007ee279000000,0x00007ee288a7d6a0,0x00007ee2a9000000)
  from space 131072K, 0% used [0x00007ee2a9000000,0x00007ee2a9000000,0x00007ee2b1000000)
  to   space 131072K, 0% used [0x00007ee2b1000000,0x00007ee2b1000000,0x00007ee2b9000000)
 ParOldGen       total 2097152K, used 2097035K [0x00007ee1f9000000, 0x00007ee279000000, 0x00007ee279000000)
  object space 2097152K, 99% used [0x00007ee1f9000000,0x00007ee278fe2d58,0x00007ee279000000)
 Metaspace       used 7360K, committed 7488K, reserved 8192K
}
Event: 85,145 GC heap before
{Heap before GC invocations=10 (full 6):
 PSYoungGen      total 917504K, used 786432K [0x00007ee279000000, 0x00007ee2b9000000, 0x00007ee2b9000000)
  eden space 786432K, 100% used [0x00007ee279000000,0x00007ee2a9000000,0x00007ee2a9000000)
  from space 131072K, 0% used [0x00007ee2a9000000,0x00007ee2a9000000,0x00007ee2b1000000)
  to   space 131072K, 0% used [0x00007ee2b1000000,0x00007ee2b1000000,0x00007ee2b9000000)
 ParOldGen       total 2097152K, used 2097035K [0x00007ee1f9000000, 0x00007ee279000000, 0x00007ee279000000)
  object space 2097152K, 99% used [0x00007ee1f9000000,0x00007ee278fe2d58,0x00007ee279000000)
 Metaspace       used 7360K, committed 7488K, reserved 8192K
}
Event: 101,947 GC heap after
{Heap after GC invocations=10 (full 6):
 PSYoungGen      total 917504K, used 446225K [0x00007ee279000000, 0x00007ee2b9000000, 0x00007ee2b9000000)
  eden space 786432K, 56% used [0x00007ee279000000,0x00007ee2943c47a8,0x00007ee2a9000000)
  from space 131072K, 0% used [0x00007ee2b1000000,0x00007ee2b1000000,0x00007ee2b9000000)
  to   space 131072K, 0% used [0x00007ee2a9000000,0x00007ee2a9000000,0x00007ee2b1000000)
 ParOldGen       total 2097152K, used 2096746K [0x00007ee1f9000000, 0x00007ee279000000, 0x00007ee279000000)
  object space 2097152K, 99% used [0x00007ee1f9000000,0x00007ee278f9a9a0,0x00007ee279000000)
 Metaspace       used 7360K, committed 7488K, reserved 8192K
}
Event: 102,080 GC heap before
{Heap before GC invocations=11 (full 7):
 PSYoungGen      total 917504K, used 710361K [0x00007ee279000000, 0x00007ee2b9000000, 0x00007ee2b9000000)
  eden space 786432K, 90% used [0x00007ee279000000,0x00007ee2a45b6660,0x00007ee2a9000000)
  from space 131072K, 0% used [0x00007ee2b1000000,0x00007ee2b1000000,0x00007ee2b9000000)
  to   space 131072K, 0% used [0x00007ee2a9000000,0x00007ee2a9000000,0x00007ee2b1000000)
 ParOldGen       total 2097152K, used 2096746K [0x00007ee1f9000000, 0x00007ee279000000, 0x00007ee279000000)
  object space 2097152K, 99% used [0x00007ee1f9000000,0x00007ee278f9a9a0,0x00007ee279000000)
 Metaspace       used 7360K, committed 7488K, reserved 8192K
}
Event: 119,506 GC heap after
{Heap after GC invocations=11 (full 7):
 PSYoungGen      total 917504K, used 368632K [0x00007ee279000000, 0x00007ee2b9000000, 0x00007ee2b9000000)
  eden space 786432K, 46% used [0x00007ee279000000,0x00007ee28f7fe140,0x00007ee2a9000000)
  from space 131072K, 0% used [0x00007ee2a9000000,0x00007ee2a9000000,0x00007ee2b1000000)
  to   space 131072K, 0% used [0x00007ee2b1000000,0x00007ee2b1000000,0x00007ee2b9000000)
 ParOldGen       total 2097152K, used 2097112K [0x00007ee1f9000000, 0x00007ee279000000, 0x00007ee279000000)
  object space 2097152K, 99% used [0x00007ee1f9000000,0x00007ee278ff6070,0x00007ee279000000)
 Metaspace       used 7360K, committed 7488K, reserved 8192K
}
Event: 119,507 GC heap before
{Heap before GC invocations=12 (full 8):
 PSYoungGen      total 917504K, used 368632K [0x00007ee279000000, 0x00007ee2b9000000, 0x00007ee2b9000000)
  eden space 786432K, 46% used [0x00007ee279000000,0x00007ee28f7fe140,0x00007ee2a9000000)
  from space 131072K, 0% used [0x00007ee2a9000000,0x00007ee2a9000000,0x00007ee2b1000000)
  to   space 131072K, 0% used [0x00007ee2b1000000,0x00007ee2b1000000,0x00007ee2b9000000)
 ParOldGen       total 2097152K, used 2097112K [0x00007ee1f9000000, 0x00007ee279000000, 0x00007ee279000000)
  object space 2097152K, 99% used [0x00007ee1f9000000,0x00007ee278ff6070,0x00007ee279000000)
 Metaspace       used 7360K, committed 7488K, reserved 8192K
}

