# JRE version: OpenJDK Runtime Environment (17.0.6) (build 17.0.6-internal+0-adhoc.konstdelis.jdk17u067)
# Java VM: OpenJDK 64-Bit Server VM (17.0.6-internal+0-adhoc.konstdelis.jdk17u067, mixed mode, tiered, parallel gc, linux-amd64)
GC Precious Log:
 CPUs: 32 total, 32 available
 Memory: 251G
 Large Page Support: Disabled
 NUMA Support: Disabled
 Compressed Oops: Disabled
 Alignments: Space 512K, Generation 512K, Heap 2M
 Heap Min Capacity: 3G
 Heap Initial Capacity: 3G
 Heap Max Capacity: 3G
 Pre-touch: Disabled
 Parallel Workers: 8
Heap:
 PSYoungGen      total 917504K, used 0K [0x00007eb4a9000000, 0x00007eb4e9000000, 0x00007eb4e9000000)
  eden space 786432K, 0% used [0x00007eb4a9000000,0x00007eb4a9000000,0x00007eb4d9000000)
  from space 131072K, 0% used [0x00007eb4d9000000,0x00007eb4d9000000,0x00007eb4e1000000)
  to   space 131072K, 0% used [0x00007eb4e1000000,0x00007eb4e1000000,0x00007eb4e9000000)
 ParOldGen       total 2097152K, used 1393099K [0x00007eb429000000, 0x00007eb4a9000000, 0x00007eb4a9000000)
  object space 2097152K, 66% used [0x00007eb429000000,0x00007eb47e072f98,0x00007eb4a9000000)
 Metaspace       used 7086K, committed 7168K, reserved 8192K
GC Heap History (13 events):
Event: 1,702 GC heap before
{Heap before GC invocations=1 (full 0):
 PSYoungGen      total 917504K, used 786432K [0x00007eb4a9000000, 0x00007eb4e9000000, 0x00007eb4e9000000)
  eden space 786432K, 100% used [0x00007eb4a9000000,0x00007eb4d9000000,0x00007eb4d9000000)
  from space 131072K, 0% used [0x00007eb4e1000000,0x00007eb4e1000000,0x00007eb4e9000000)
  to   space 131072K, 0% used [0x00007eb4d9000000,0x00007eb4d9000000,0x00007eb4e1000000)
 ParOldGen       total 2097152K, used 0K [0x00007eb429000000, 0x00007eb4a9000000, 0x00007eb4a9000000)
  object space 2097152K, 0% used [0x00007eb429000000,0x00007eb429000000,0x00007eb4a9000000)
 Metaspace       used 7053K, committed 7104K, reserved 8192K
}
Event: 2,018 GC heap after
{Heap after GC invocations=1 (full 0):
 PSYoungGen      total 917504K, used 131049K [0x00007eb4a9000000, 0x00007eb4e9000000, 0x00007eb4e9000000)
  eden space 786432K, 0% used [0x00007eb4a9000000,0x00007eb4a9000000,0x00007eb4d9000000)
  from space 131072K, 99% used [0x00007eb4d9000000,0x00007eb4e0ffa620,0x00007eb4e1000000)
  to   space 131072K, 0% used [0x00007eb4e1000000,0x00007eb4e1000000,0x00007eb4e9000000)
 ParOldGen       total 2097152K, used 502208K [0x00007eb429000000, 0x00007eb4a9000000, 0x00007eb4a9000000)
  object space 2097152K, 23% used [0x00007eb429000000,0x00007eb447a70000,0x00007eb4a9000000)
 Metaspace       used 7053K, committed 7104K, reserved 8192K
}
Event: 2,306 GC heap before
{Heap before GC invocations=2 (full 0):
 PSYoungGen      total 917504K, used 917481K [0x00007eb4a9000000, 0x00007eb4e9000000, 0x00007eb4e9000000)
  eden space 786432K, 100% used [0x00007eb4a9000000,0x00007eb4d9000000,0x00007eb4d9000000)
  from space 131072K, 99% used [0x00007eb4d9000000,0x00007eb4e0ffa620,0x00007eb4e1000000)
  to   space 131072K, 0% used [0x00007eb4e1000000,0x00007eb4e1000000,0x00007eb4e9000000)
 ParOldGen       total 2097152K, used 502208K [0x00007eb429000000, 0x00007eb4a9000000, 0x00007eb4a9000000)
  object space 2097152K, 23% used [0x00007eb429000000,0x00007eb447a70000,0x00007eb4a9000000)
 Metaspace       used 7053K, committed 7104K, reserved 8192K
}
Event: 2,649 GC heap after
{Heap after GC invocations=2 (full 0):
 PSYoungGen      total 917504K, used 131040K [0x00007eb4a9000000, 0x00007eb4e9000000, 0x00007eb4e9000000)
  eden space 786432K, 0% used [0x00007eb4a9000000,0x00007eb4a9000000,0x00007eb4d9000000)
  from space 131072K, 99% used [0x00007eb4e1000000,0x00007eb4e8ff8018,0x00007eb4e9000000)
  to   space 131072K, 0% used [0x00007eb4d9000000,0x00007eb4d9000000,0x00007eb4e1000000)
 ParOldGen       total 2097152K, used 1153752K [0x00007eb429000000, 0x00007eb4a9000000, 0x00007eb4a9000000)
  object space 2097152K, 55% used [0x00007eb429000000,0x00007eb46f6b6000,0x00007eb4a9000000)
 Metaspace       used 7053K, committed 7104K, reserved 8192K
}
Event: 2,939 GC heap before
{Heap before GC invocations=3 (full 0):
 PSYoungGen      total 917504K, used 917472K [0x00007eb4a9000000, 0x00007eb4e9000000, 0x00007eb4e9000000)
  eden space 786432K, 100% used [0x00007eb4a9000000,0x00007eb4d9000000,0x00007eb4d9000000)
  from space 131072K, 99% used [0x00007eb4e1000000,0x00007eb4e8ff8018,0x00007eb4e9000000)
  to   space 131072K, 0% used [0x00007eb4d9000000,0x00007eb4d9000000,0x00007eb4e1000000)
 ParOldGen       total 2097152K, used 1153752K [0x00007eb429000000, 0x00007eb4a9000000, 0x00007eb4a9000000)
  object space 2097152K, 55% used [0x00007eb429000000,0x00007eb46f6b6000,0x00007eb4a9000000)
 Metaspace       used 7053K, committed 7104K, reserved 8192K
}
Event: 3,288 GC heap after
{Heap after GC invocations=3 (full 0):
 PSYoungGen      total 917504K, used 131054K [0x00007eb4a9000000, 0x00007eb4e9000000, 0x00007eb4e9000000)
  eden space 786432K, 0% used [0x00007eb4a9000000,0x00007eb4a9000000,0x00007eb4d9000000)
  from space 131072K, 99% used [0x00007eb4d9000000,0x00007eb4e0ffb8c0,0x00007eb4e1000000)
  to   space 131072K, 0% used [0x00007eb4e1000000,0x00007eb4e1000000,0x00007eb4e9000000)
 ParOldGen       total 2097152K, used 1810837K [0x00007eb429000000, 0x00007eb4a9000000, 0x00007eb4a9000000)
  object space 2097152K, 86% used [0x00007eb429000000,0x00007eb497865510,0x00007eb4a9000000)
 Metaspace       used 7053K, committed 7104K, reserved 8192K
}
Event: 3,288 GC heap before
{Heap before GC invocations=4 (full 1):
 PSYoungGen      total 917504K, used 131054K [0x00007eb4a9000000, 0x00007eb4e9000000, 0x00007eb4e9000000)
  eden space 786432K, 0% used [0x00007eb4a9000000,0x00007eb4a9000000,0x00007eb4d9000000)
  from space 131072K, 99% used [0x00007eb4d9000000,0x00007eb4e0ffb8c0,0x00007eb4e1000000)
  to   space 131072K, 0% used [0x00007eb4e1000000,0x00007eb4e1000000,0x00007eb4e9000000)
 ParOldGen       total 2097152K, used 1810837K [0x00007eb429000000, 0x00007eb4a9000000, 0x00007eb4a9000000)
  object space 2097152K, 86% used [0x00007eb429000000,0x00007eb497865510,0x00007eb4a9000000)
 Metaspace       used 7053K, committed 7104K, reserved 8192K
}
Event: 5,343 GC heap after
{Heap after GC invocations=4 (full 1):
 PSYoungGen      total 917504K, used 0K [0x00007eb4a9000000, 0x00007eb4e9000000, 0x00007eb4e9000000)
  eden space 786432K, 0% used [0x00007eb4a9000000,0x00007eb4a9000000,0x00007eb4d9000000)
  from space 131072K, 0% used [0x00007eb4e1000000,0x00007eb4e1000000,0x00007eb4e9000000)
  to   space 131072K, 0% used [0x00007eb4d9000000,0x00007eb4d9000000,0x00007eb4e1000000)
 ParOldGen       total 2097152K, used 1929692K [0x00007eb429000000, 0x00007eb4a9000000, 0x00007eb4a9000000)
  object space 2097152K, 92% used [0x00007eb429000000,0x00007eb49ec77358,0x00007eb4a9000000)
 Metaspace       used 7053K, committed 7104K, reserved 8192K
}
Event: 6,262 GC heap before
{Heap before GC invocations=5 (full 2):
 PSYoungGen      total 917504K, used 411068K [0x00007eb4a9000000, 0x00007eb4e9000000, 0x00007eb4e9000000)
  eden space 786432K, 52% used [0x00007eb4a9000000,0x00007eb4c216f320,0x00007eb4d9000000)
  from space 131072K, 0% used [0x00007eb4e1000000,0x00007eb4e1000000,0x00007eb4e9000000)
  to   space 131072K, 0% used [0x00007eb4d9000000,0x00007eb4d9000000,0x00007eb4e1000000)
 ParOldGen       total 2097152K, used 1929692K [0x00007eb429000000, 0x00007eb4a9000000, 0x00007eb4a9000000)
  object space 2097152K, 92% used [0x00007eb429000000,0x00007eb49ec77358,0x00007eb4a9000000)
 Metaspace       used 7080K, committed 7168K, reserved 8192K
}
Event: 12,098 GC heap after
{Heap after GC invocations=5 (full 2):
 PSYoungGen      total 917504K, used 0K [0x00007eb4a9000000, 0x00007eb4e9000000, 0x00007eb4e9000000)
  eden space 786432K, 0% used [0x00007eb4a9000000,0x00007eb4a9000000,0x00007eb4d9000000)
  from space 131072K, 0% used [0x00007eb4e1000000,0x00007eb4e1000000,0x00007eb4e9000000)
  to   space 131072K, 0% used [0x00007eb4d9000000,0x00007eb4d9000000,0x00007eb4e1000000)
 ParOldGen       total 2097152K, used 1393099K [0x00007eb429000000, 0x00007eb4a9000000, 0x00007eb4a9000000)
  object space 2097152K, 66% used [0x00007eb429000000,0x00007eb47e072f98,0x00007eb4a9000000)
 Metaspace       used 7080K, committed 7168K, reserved 8192K
}
Event: 12,284 GC heap before
{Heap before GC invocations=6 (full 2):
 PSYoungGen      total 917504K, used 15285K [0x00007eb4a9000000, 0x00007eb4e9000000, 0x00007eb4e9000000)
  eden space 786432K, 1% used [0x00007eb4a9000000,0x00007eb4a9eed460,0x00007eb4d9000000)
  from space 131072K, 0% used [0x00007eb4e1000000,0x00007eb4e1000000,0x00007eb4e9000000)
  to   space 131072K, 0% used [0x00007eb4d9000000,0x00007eb4d9000000,0x00007eb4e1000000)
 ParOldGen       total 2097152K, used 1393099K [0x00007eb429000000, 0x00007eb4a9000000, 0x00007eb4a9000000)
  object space 2097152K, 66% used [0x00007eb429000000,0x00007eb47e072f98,0x00007eb4a9000000)
 Metaspace       used 7086K, committed 7168K, reserved 8192K
}
Event: 12,553 GC heap after
{Heap after GC invocations=6 (full 2):
 PSYoungGen      total 917504K, used 0K [0x00007eb4a9000000, 0x00007eb4e9000000, 0x00007eb4e9000000)
  eden space 786432K, 0% used [0x00007eb4a9000000,0x00007eb4a9000000,0x00007eb4d9000000)
  from space 131072K, 0% used [0x00007eb4d9000000,0x00007eb4d9000000,0x00007eb4e1000000)
  to   space 131072K, 0% used [0x00007eb4e1000000,0x00007eb4e1000000,0x00007eb4e9000000)
 ParOldGen       total 2097152K, used 1393099K [0x00007eb429000000, 0x00007eb4a9000000, 0x00007eb4a9000000)
  object space 2097152K, 66% used [0x00007eb429000000,0x00007eb47e072f98,0x00007eb4a9000000)
 Metaspace       used 7086K, committed 7168K, reserved 8192K
}
Event: 12,553 GC heap before
{Heap before GC invocations=7 (full 3):
 PSYoungGen      total 917504K, used 0K [0x00007eb4a9000000, 0x00007eb4e9000000, 0x00007eb4e9000000)
  eden space 786432K, 0% used [0x00007eb4a9000000,0x00007eb4a9000000,0x00007eb4d9000000)
  from space 131072K, 0% used [0x00007eb4d9000000,0x00007eb4d9000000,0x00007eb4e1000000)
  to   space 131072K, 0% used [0x00007eb4e1000000,0x00007eb4e1000000,0x00007eb4e9000000)
 ParOldGen       total 2097152K, used 1393099K [0x00007eb429000000, 0x00007eb4a9000000, 0x00007eb4a9000000)
  object space 2097152K, 66% used [0x00007eb429000000,0x00007eb47e072f98,0x00007eb4a9000000)
 Metaspace       used 7086K, committed 7168K, reserved 8192K
}

