# JRE version: OpenJDK Runtime Environment (17.0.6) (build 17.0.6-internal+0-adhoc.konstdelis.jdk17u067)
# Java VM: OpenJDK 64-Bit Server VM (17.0.6-internal+0-adhoc.konstdelis.jdk17u067, mixed mode, tiered, parallel gc, linux-amd64)
GC Precious Log:
 CPUs: 32 total, 32 available
 Memory: 251G
 Large Page Support: Disabled
 NUMA Support: Disabled
 Compressed Oops: Disabled
 Alignments: Space 512K, Generation 512K, Heap 2M
 Heap Min Capacity: 1G
 Heap Initial Capacity: 1G
 Heap Max Capacity: 1G
 Pre-touch: Disabled
 Parallel Workers: 8
Heap:
 PSYoungGen      total 305664K, used 305648K [0x00007ec8b7300000, 0x00007ec8cc800000, 0x00007ec8cc800000)
  eden space 262144K, 100% used [0x00007ec8b7300000,0x00007ec8c7300000,0x00007ec8c7300000)
  from space 43520K, 99% used [0x00007ec8c9d80000,0x00007ec8cc7fc020,0x00007ec8cc800000)
  to   space 43520K, 100% used [0x00007ec8c7300000,0x00007ec8c9d80000,0x00007ec8c9d80000)
 ParOldGen       total 699392K, used 699384K [0x00007ec88c800000, 0x00007ec8b7300000, 0x00007ec8b7300000)
  object space 699392K, 99% used [0x00007ec88c800000,0x00007ec8b72fe140,0x00007ec8b7300000)
 Metaspace       used 6423K, committed 6528K, reserved 8192K
GC Heap History (7 events):
Event: 0,669 GC heap before
{Heap before GC invocations=1 (full 0):
 PSYoungGen      total 305664K, used 262144K [0x00007ec8b7300000, 0x00007ec8cc800000, 0x00007ec8cc800000)
  eden space 262144K, 100% used [0x00007ec8b7300000,0x00007ec8c7300000,0x00007ec8c7300000)
  from space 43520K, 0% used [0x00007ec8c9d80000,0x00007ec8c9d80000,0x00007ec8cc800000)
  to   space 43520K, 0% used [0x00007ec8c7300000,0x00007ec8c7300000,0x00007ec8c9d80000)
 ParOldGen       total 699392K, used 0K [0x00007ec88c800000, 0x00007ec8b7300000, 0x00007ec8b7300000)
  object space 699392K, 0% used [0x00007ec88c800000,0x00007ec88c800000,0x00007ec8b7300000)
 Metaspace       used 6423K, committed 6528K, reserved 8192K
}
Event: 0,821 GC heap after
{Heap after GC invocations=1 (full 0):
 PSYoungGen      total 305664K, used 43504K [0x00007ec8b7300000, 0x00007ec8cc800000, 0x00007ec8cc800000)
  eden space 262144K, 0% used [0x00007ec8b7300000,0x00007ec8b7300000,0x00007ec8c7300000)
  from space 43520K, 99% used [0x00007ec8c7300000,0x00007ec8c9d7c040,0x00007ec8c9d80000)
  to   space 43520K, 0% used [0x00007ec8c9d80000,0x00007ec8c9d80000,0x00007ec8cc800000)
 ParOldGen       total 699392K, used 170048K [0x00007ec88c800000, 0x00007ec8b7300000, 0x00007ec8b7300000)
  object space 699392K, 24% used [0x00007ec88c800000,0x00007ec896e10000,0x00007ec8b7300000)
 Metaspace       used 6423K, committed 6528K, reserved 8192K
}
Event: 1,107 GC heap before
{Heap before GC invocations=2 (full 0):
 PSYoungGen      total 305664K, used 305648K [0x00007ec8b7300000, 0x00007ec8cc800000, 0x00007ec8cc800000)
  eden space 262144K, 100% used [0x00007ec8b7300000,0x00007ec8c7300000,0x00007ec8c7300000)
  from space 43520K, 99% used [0x00007ec8c7300000,0x00007ec8c9d7c040,0x00007ec8c9d80000)
  to   space 43520K, 0% used [0x00007ec8c9d80000,0x00007ec8c9d80000,0x00007ec8cc800000)
 ParOldGen       total 699392K, used 170048K [0x00007ec88c800000, 0x00007ec8b7300000, 0x00007ec8b7300000)
  object space 699392K, 24% used [0x00007ec88c800000,0x00007ec896e10000,0x00007ec8b7300000)
 Metaspace       used 6423K, committed 6528K, reserved 8192K
}
Event: 1,333 GC heap after
{Heap after GC invocations=2 (full 0):
 PSYoungGen      total 305664K, used 43504K [0x00007ec8b7300000, 0x00007ec8cc800000, 0x00007ec8cc800000)
  eden space 262144K, 0% used [0x00007ec8b7300000,0x00007ec8b7300000,0x00007ec8c7300000)
  from space 43520K, 99% used [0x00007ec8c9d80000,0x00007ec8cc7fc020,0x00007ec8cc800000)
  to   space 43520K, 0% used [0x00007ec8c7300000,0x00007ec8c7300000,0x00007ec8c9d80000)
 ParOldGen       total 699392K, used 415112K [0x00007ec88c800000, 0x00007ec8b7300000, 0x00007ec8b7300000)
  object space 699392K, 59% used [0x00007ec88c800000,0x00007ec8a5d62020,0x00007ec8b7300000)
 Metaspace       used 6423K, committed 6528K, reserved 8192K
}
Event: 1,708 GC heap before
{Heap before GC invocations=3 (full 0):
 PSYoungGen      total 305664K, used 305648K [0x00007ec8b7300000, 0x00007ec8cc800000, 0x00007ec8cc800000)
  eden space 262144K, 100% used [0x00007ec8b7300000,0x00007ec8c7300000,0x00007ec8c7300000)
  from space 43520K, 99% used [0x00007ec8c9d80000,0x00007ec8cc7fc020,0x00007ec8cc800000)
  to   space 43520K, 0% used [0x00007ec8c7300000,0x00007ec8c7300000,0x00007ec8c9d80000)
 ParOldGen       total 699392K, used 415112K [0x00007ec88c800000, 0x00007ec8b7300000, 0x00007ec8b7300000)
  object space 699392K, 59% used [0x00007ec88c800000,0x00007ec8a5d62020,0x00007ec8b7300000)
 Metaspace       used 6423K, committed 6528K, reserved 8192K
}
Event: 2,063 GC heap after
{Heap after GC invocations=3 (full 0):
 PSYoungGen      total 305664K, used 305648K [0x00007ec8b7300000, 0x00007ec8cc800000, 0x00007ec8cc800000)
  eden space 262144K, 100% used [0x00007ec8b7300000,0x00007ec8c7300000,0x00007ec8c7300000)
  from space 43520K, 99% used [0x00007ec8c9d80000,0x00007ec8cc7fc020,0x00007ec8cc800000)
  to   space 43520K, 100% used [0x00007ec8c7300000,0x00007ec8c9d80000,0x00007ec8c9d80000)
 ParOldGen       total 699392K, used 699384K [0x00007ec88c800000, 0x00007ec8b7300000, 0x00007ec8b7300000)
  object space 699392K, 99% used [0x00007ec88c800000,0x00007ec8b72fe140,0x00007ec8b7300000)
 Metaspace       used 6423K, committed 6528K, reserved 8192K
}
Event: 2,063 GC heap before
{Heap before GC invocations=4 (full 1):
 PSYoungGen      total 305664K, used 305648K [0x00007ec8b7300000, 0x00007ec8cc800000, 0x00007ec8cc800000)
  eden space 262144K, 100% used [0x00007ec8b7300000,0x00007ec8c7300000,0x00007ec8c7300000)
  from space 43520K, 99% used [0x00007ec8c9d80000,0x00007ec8cc7fc020,0x00007ec8cc800000)
  to   space 43520K, 100% used [0x00007ec8c7300000,0x00007ec8c9d80000,0x00007ec8c9d80000)
 ParOldGen       total 699392K, used 699384K [0x00007ec88c800000, 0x00007ec8b7300000, 0x00007ec8b7300000)
  object space 699392K, 99% used [0x00007ec88c800000,0x00007ec8b72fe140,0x00007ec8b7300000)
 Metaspace       used 6423K, committed 6528K, reserved 8192K
}

