# JRE version: OpenJDK Runtime Environment (17.0.6) (fastdebug build 17.0.6-internal+0-adhoc.konstdelis.jdk17u067)
# Java VM: OpenJDK 64-Bit Server VM (fastdebug 17.0.6-internal+0-adhoc.konstdelis.jdk17u067, mixed mode, tiered, parallel gc, linux-amd64)
GC Precious Log:
 CPUs: 32 total, 32 available
 Memory: 251G
 Large Page Support: Disabled
 NUMA Support: Disabled
 Compressed Oops: Disabled
 Alignments: Space 512K, Generation 512K, Heap 2M
 Heap Min Capacity: 3G
 Heap Initial Capacity: 3G
 Heap Max Capacity: 3G
 Pre-touch: Disabled
 Parallel Workers: 8
Heap:
 PSYoungGen      total 917504K, used 0K [0x00007f36bd000000, 0x00007f36fd000000, 0x00007f36fd000000)
  eden space 786432K, 0% used [0x00007f36bd000000,0x00007f36bd000000,0x00007f36ed000000)
  from space 131072K, 0% used [0x00007f36ed000000,0x00007f36ed000000,0x00007f36f5000000)
  to   space 131072K, 0% used [0x00007f36f5000000,0x00007f36f5000000,0x00007f36fd000000)
 ParOldGen       total 2097152K, used 153522K [0x00007f363d000000, 0x00007f36bd000000, 0x00007f36bd000000)
  object space 2097152K, 7% used [0x00007f363d000000,0x00007f36465ecba8,0x00007f36bd000000)
 Metaspace       used 7422K, committed 7488K, reserved 8192K
GC Heap History (11 events):
Event: 2,869 GC heap before
{Heap before GC invocations=1 (full 0):
 PSYoungGen      total 917504K, used 382265K [0x00007f36bd000000, 0x00007f36fd000000, 0x00007f36fd000000)
  eden space 786432K, 48% used [0x00007f36bd000000,0x00007f36d454e430,0x00007f36ed000000)
  from space 131072K, 0% used [0x00007f36f5000000,0x00007f36f5000000,0x00007f36fd000000)
  to   space 131072K, 0% used [0x00007f36ed000000,0x00007f36ed000000,0x00007f36f5000000)
 ParOldGen       total 2097152K, used 0K [0x00007f363d000000, 0x00007f36bd000000, 0x00007f36bd000000)
  object space 2097152K, 0% used [0x00007f363d000000,0x00007f363d000000,0x00007f36bd000000)
 Metaspace       used 7422K, committed 7488K, reserved 8192K
}
Event: 3,129 GC heap after
{Heap after GC invocations=1 (full 0):
 PSYoungGen      total 917504K, used 131056K [0x00007f36bd000000, 0x00007f36fd000000, 0x00007f36fd000000)
  eden space 786432K, 0% used [0x00007f36bd000000,0x00007f36bd000000,0x00007f36ed000000)
  from space 131072K, 99% used [0x00007f36ed000000,0x00007f36f4ffc070,0x00007f36f5000000)
  to   space 131072K, 0% used [0x00007f36f5000000,0x00007f36f5000000,0x00007f36fd000000)
 ParOldGen       total 2097152K, used 93328K [0x00007f363d000000, 0x00007f36bd000000, 0x00007f36bd000000)
  object space 2097152K, 4% used [0x00007f363d000000,0x00007f3642b24000,0x00007f36bd000000)
 Metaspace       used 7422K, committed 7488K, reserved 8192K
}
Event: 3,130 GC heap before
{Heap before GC invocations=2 (full 1):
 PSYoungGen      total 917504K, used 131056K [0x00007f36bd000000, 0x00007f36fd000000, 0x00007f36fd000000)
  eden space 786432K, 0% used [0x00007f36bd000000,0x00007f36bd000000,0x00007f36ed000000)
  from space 131072K, 99% used [0x00007f36ed000000,0x00007f36f4ffc070,0x00007f36f5000000)
  to   space 131072K, 0% used [0x00007f36f5000000,0x00007f36f5000000,0x00007f36fd000000)
 ParOldGen       total 2097152K, used 93328K [0x00007f363d000000, 0x00007f36bd000000, 0x00007f36bd000000)
  object space 2097152K, 4% used [0x00007f363d000000,0x00007f3642b24000,0x00007f36bd000000)
 Metaspace       used 7422K, committed 7488K, reserved 8192K
}
Event: 4,409 GC heap after
{Heap after GC invocations=2 (full 1):
 PSYoungGen      total 917504K, used 0K [0x00007f36bd000000, 0x00007f36fd000000, 0x00007f36fd000000)
  eden space 786432K, 0% used [0x00007f36bd000000,0x00007f36bd000000,0x00007f36ed000000)
  from space 131072K, 0% used [0x00007f36ed000000,0x00007f36ed000000,0x00007f36f5000000)
  to   space 131072K, 0% used [0x00007f36f5000000,0x00007f36f5000000,0x00007f36fd000000)
 ParOldGen       total 2097152K, used 188282K [0x00007f363d000000, 0x00007f36bd000000, 0x00007f36bd000000)
  object space 2097152K, 8% used [0x00007f363d000000,0x00007f36487deb40,0x00007f36bd000000)
 Metaspace       used 7422K, committed 7488K, reserved 8192K
}
Event: 4,421 GC heap before
{Heap before GC invocations=3 (full 1):
 PSYoungGen      total 917504K, used 15728K [0x00007f36bd000000, 0x00007f36fd000000, 0x00007f36fd000000)
  eden space 786432K, 2% used [0x00007f36bd000000,0x00007f36bdf5c2c8,0x00007f36ed000000)
  from space 131072K, 0% used [0x00007f36ed000000,0x00007f36ed000000,0x00007f36f5000000)
  to   space 131072K, 0% used [0x00007f36f5000000,0x00007f36f5000000,0x00007f36fd000000)
 ParOldGen       total 2097152K, used 188282K [0x00007f363d000000, 0x00007f36bd000000, 0x00007f36bd000000)
  object space 2097152K, 8% used [0x00007f363d000000,0x00007f36487deb40,0x00007f36bd000000)
 Metaspace       used 7422K, committed 7488K, reserved 8192K
}
Event: 4,454 GC heap after
{Heap after GC invocations=3 (full 1):
 PSYoungGen      total 917504K, used 0K [0x00007f36bd000000, 0x00007f36fd000000, 0x00007f36fd000000)
  eden space 786432K, 0% used [0x00007f36bd000000,0x00007f36bd000000,0x00007f36ed000000)
  from space 131072K, 0% used [0x00007f36f5000000,0x00007f36f5000000,0x00007f36fd000000)
  to   space 131072K, 0% used [0x00007f36ed000000,0x00007f36ed000000,0x00007f36f5000000)
 ParOldGen       total 2097152K, used 188282K [0x00007f363d000000, 0x00007f36bd000000, 0x00007f36bd000000)
  object space 2097152K, 8% used [0x00007f363d000000,0x00007f36487deb40,0x00007f36bd000000)
 Metaspace       used 7422K, committed 7488K, reserved 8192K
}
Event: 4,454 GC heap before
{Heap before GC invocations=4 (full 2):
 PSYoungGen      total 917504K, used 0K [0x00007f36bd000000, 0x00007f36fd000000, 0x00007f36fd000000)
  eden space 786432K, 0% used [0x00007f36bd000000,0x00007f36bd000000,0x00007f36ed000000)
  from space 131072K, 0% used [0x00007f36f5000000,0x00007f36f5000000,0x00007f36fd000000)
  to   space 131072K, 0% used [0x00007f36ed000000,0x00007f36ed000000,0x00007f36f5000000)
 ParOldGen       total 2097152K, used 188282K [0x00007f363d000000, 0x00007f36bd000000, 0x00007f36bd000000)
  object space 2097152K, 8% used [0x00007f363d000000,0x00007f36487deb40,0x00007f36bd000000)
 Metaspace       used 7422K, committed 7488K, reserved 8192K
}
Event: 27,584 GC heap after
{Heap after GC invocations=4 (full 2):
 PSYoungGen      total 917504K, used 0K [0x00007f36bd000000, 0x00007f36fd000000, 0x00007f36fd000000)
  eden space 786432K, 0% used [0x00007f36bd000000,0x00007f36bd000000,0x00007f36ed000000)
  from space 131072K, 0% used [0x00007f36f5000000,0x00007f36f5000000,0x00007f36fd000000)
  to   space 131072K, 0% used [0x00007f36ed000000,0x00007f36ed000000,0x00007f36f5000000)
 ParOldGen       total 2097152K, used 153522K [0x00007f363d000000, 0x00007f36bd000000, 0x00007f36bd000000)
  object space 2097152K, 7% used [0x00007f363d000000,0x00007f36465ecba8,0x00007f36bd000000)
 Metaspace       used 7422K, committed 7488K, reserved 8192K
}
Event: 27,596 GC heap before
{Heap before GC invocations=5 (full 2):
 PSYoungGen      total 917504K, used 15728K [0x00007f36bd000000, 0x00007f36fd000000, 0x00007f36fd000000)
  eden space 786432K, 2% used [0x00007f36bd000000,0x00007f36bdf5c2c8,0x00007f36ed000000)
  from space 131072K, 0% used [0x00007f36f5000000,0x00007f36f5000000,0x00007f36fd000000)
  to   space 131072K, 0% used [0x00007f36ed000000,0x00007f36ed000000,0x00007f36f5000000)
 ParOldGen       total 2097152K, used 153522K [0x00007f363d000000, 0x00007f36bd000000, 0x00007f36bd000000)
  object space 2097152K, 7% used [0x00007f363d000000,0x00007f36465ecba8,0x00007f36bd000000)
 Metaspace       used 7422K, committed 7488K, reserved 8192K
}
Event: 27,600 GC heap after
{Heap after GC invocations=5 (full 2):
 PSYoungGen      total 917504K, used 0K [0x00007f36bd000000, 0x00007f36fd000000, 0x00007f36fd000000)
  eden space 786432K, 0% used [0x00007f36bd000000,0x00007f36bd000000,0x00007f36ed000000)
  from space 131072K, 0% used [0x00007f36ed000000,0x00007f36ed000000,0x00007f36f5000000)
  to   space 131072K, 0% used [0x00007f36f5000000,0x00007f36f5000000,0x00007f36fd000000)
 ParOldGen       total 2097152K, used 153522K [0x00007f363d000000, 0x00007f36bd000000, 0x00007f36bd000000)
  object space 2097152K, 7% used [0x00007f363d000000,0x00007f36465ecba8,0x00007f36bd000000)
 Metaspace       used 7422K, committed 7488K, reserved 8192K
}
Event: 27,601 GC heap before
{Heap before GC invocations=6 (full 3):
 PSYoungGen      total 917504K, used 0K [0x00007f36bd000000, 0x00007f36fd000000, 0x00007f36fd000000)
  eden space 786432K, 0% used [0x00007f36bd000000,0x00007f36bd000000,0x00007f36ed000000)
  from space 131072K, 0% used [0x00007f36ed000000,0x00007f36ed000000,0x00007f36f5000000)
  to   space 131072K, 0% used [0x00007f36f5000000,0x00007f36f5000000,0x00007f36fd000000)
 ParOldGen       total 2097152K, used 153522K [0x00007f363d000000, 0x00007f36bd000000, 0x00007f36bd000000)
  object space 2097152K, 7% used [0x00007f363d000000,0x00007f36465ecba8,0x00007f36bd000000)
 Metaspace       used 7422K, committed 7488K, reserved 8192K
}

