# JRE version: OpenJDK Runtime Environment (17.0.6) (fastdebug build 17.0.6-internal+0-adhoc.konstdelis.jdk17u067)
# Java VM: OpenJDK 64-Bit Server VM (fastdebug 17.0.6-internal+0-adhoc.konstdelis.jdk17u067, mixed mode, tiered, parallel gc, linux-amd64)
GC Precious Log:
 CPUs: 32 total, 32 available
 Memory: 251G
 Large Page Support: Disabled
 NUMA Support: Disabled
 Compressed Oops: Disabled
 Alignments: Space 512K, Generation 512K, Heap 2M
 Heap Min Capacity: 3G
 Heap Initial Capacity: 3G
 Heap Max Capacity: 3G
 Pre-touch: Disabled
 Parallel Workers: 1
Heap:
 PSYoungGen      total 917504K, used 36700K [0x00007e9ff0e00000, 0x00007ea030e00000, 0x00007ea030e00000)
  eden space 786432K, 4% used [0x00007e9ff0e00000,0x00007e9ff31d7298,0x00007ea020e00000)
  from space 131072K, 0% used [0x00007ea028e00000,0x00007ea028e00000,0x00007ea030e00000)
  to   space 131072K, 0% used [0x00007ea020e00000,0x00007ea020e00000,0x00007ea028e00000)
 ParOldGen       total 2621440K, used 263619K [0x00007e9f70e00000, 0x00007e9ff0e00000, 0x00007e9ff0e00000)
  object space 2621440K, 10% used [0x00007e9f70e00000,0x00007e9f80f70e40,0x00007ea010e00000)
 Metaspace       used 7395K, committed 7488K, reserved 8192K
GC Heap History (8 events):
Event: 2,553 GC heap before
{Heap before GC invocations=1 (full 0):
 PSYoungGen      total 917504K, used 78643K [0x00007e9ff0e00000, 0x00007ea030e00000, 0x00007ea030e00000)
  eden space 786432K, 10% used [0x00007e9ff0e00000,0x00007e9ff5accf00,0x00007ea020e00000)
  from space 131072K, 0% used [0x00007ea028e00000,0x00007ea028e00000,0x00007ea030e00000)
  to   space 131072K, 0% used [0x00007ea020e00000,0x00007ea020e00000,0x00007ea028e00000)
 ParOldGen       total 2097152K, used 0K [0x00007e9f70e00000, 0x00007e9ff0e00000, 0x00007e9ff0e00000)
  object space 2097152K, 0% used [0x00007e9f70e00000,0x00007e9f70e00000,0x00007e9ff0e00000)
 Metaspace       used 7389K, committed 7488K, reserved 8192K
}
Event: 2,581 GC heap after
{Heap after GC invocations=1 (full 0):
 PSYoungGen      total 917504K, used 1520K [0x00007e9ff0e00000, 0x00007ea030e00000, 0x00007ea030e00000)
  eden space 786432K, 0% used [0x00007e9ff0e00000,0x00007e9ff0e00000,0x00007ea020e00000)
  from space 131072K, 1% used [0x00007ea020e00000,0x00007ea020f7c020,0x00007ea028e00000)
  to   space 131072K, 0% used [0x00007ea028e00000,0x00007ea028e00000,0x00007ea030e00000)
 ParOldGen       total 2097152K, used 0K [0x00007e9f70e00000, 0x00007e9ff0e00000, 0x00007e9ff0e00000)
  object space 2097152K, 0% used [0x00007e9f70e00000,0x00007e9f70e00000,0x00007e9ff0e00000)
 Metaspace       used 7389K, committed 7488K, reserved 8192K
}
Event: 2,582 GC heap before
{Heap before GC invocations=2 (full 1):
 PSYoungGen      total 917504K, used 1520K [0x00007e9ff0e00000, 0x00007ea030e00000, 0x00007ea030e00000)
  eden space 786432K, 0% used [0x00007e9ff0e00000,0x00007e9ff0e00000,0x00007ea020e00000)
  from space 131072K, 1% used [0x00007ea020e00000,0x00007ea020f7c020,0x00007ea028e00000)
  to   space 131072K, 0% used [0x00007ea028e00000,0x00007ea028e00000,0x00007ea030e00000)
 ParOldGen       total 2097152K, used 0K [0x00007e9f70e00000, 0x00007e9ff0e00000, 0x00007e9ff0e00000)
  object space 2097152K, 0% used [0x00007e9f70e00000,0x00007e9f70e00000,0x00007e9ff0e00000)
 Metaspace       used 7389K, committed 7488K, reserved 8192K
}
Event: 2,630 GC heap after
{Heap after GC invocations=2 (full 1):
 PSYoungGen      total 917504K, used 0K [0x00007e9ff0e00000, 0x00007ea030e00000, 0x00007ea030e00000)
  eden space 786432K, 0% used [0x00007e9ff0e00000,0x00007e9ff0e00000,0x00007ea020e00000)
  from space 131072K, 0% used [0x00007ea020e00000,0x00007ea020e00000,0x00007ea028e00000)
  to   space 131072K, 0% used [0x00007ea028e00000,0x00007ea028e00000,0x00007ea030e00000)
 ParOldGen       total 2359296K, used 1480K [0x00007e9f70e00000, 0x00007e9ff0e00000, 0x00007e9ff0e00000)
  object space 2359296K, 0% used [0x00007e9f70e00000,0x00007e9f70f72270,0x00007ea000e00000)
 Metaspace       used 7389K, committed 7488K, reserved 8192K
}
Event: 2,635 GC heap before
{Heap before GC invocations=3 (full 1):
 PSYoungGen      total 917504K, used 31457K [0x00007e9ff0e00000, 0x00007ea030e00000, 0x00007ea030e00000)
  eden space 786432K, 4% used [0x00007e9ff0e00000,0x00007e9ff2cb8570,0x00007ea020e00000)
  from space 131072K, 0% used [0x00007ea020e00000,0x00007ea020e00000,0x00007ea028e00000)
  to   space 131072K, 0% used [0x00007ea028e00000,0x00007ea028e00000,0x00007ea030e00000)
 ParOldGen       total 2359296K, used 1480K [0x00007e9f70e00000, 0x00007e9ff0e00000, 0x00007e9ff0e00000)
  object space 2359296K, 0% used [0x00007e9f70e00000,0x00007e9f70f72270,0x00007ea000e00000)
 Metaspace       used 7389K, committed 7488K, reserved 8192K
}
Event: 2,643 GC heap after
{Heap after GC invocations=3 (full 1):
 PSYoungGen      total 917504K, used 32K [0x00007e9ff0e00000, 0x00007ea030e00000, 0x00007ea030e00000)
  eden space 786432K, 0% used [0x00007e9ff0e00000,0x00007e9ff0e00000,0x00007ea020e00000)
  from space 131072K, 0% used [0x00007ea028e00000,0x00007ea028e08000,0x00007ea030e00000)
  to   space 131072K, 0% used [0x00007ea020e00000,0x00007ea020e00000,0x00007ea028e00000)
 ParOldGen       total 2359296K, used 1480K [0x00007e9f70e00000, 0x00007e9ff0e00000, 0x00007e9ff0e00000)
  object space 2359296K, 0% used [0x00007e9f70e00000,0x00007e9f70f72270,0x00007ea000e00000)
 Metaspace       used 7389K, committed 7488K, reserved 8192K
}
Event: 2,643 GC heap before
{Heap before GC invocations=4 (full 2):
 PSYoungGen      total 917504K, used 32K [0x00007e9ff0e00000, 0x00007ea030e00000, 0x00007ea030e00000)
  eden space 786432K, 0% used [0x00007e9ff0e00000,0x00007e9ff0e00000,0x00007ea020e00000)
  from space 131072K, 0% used [0x00007ea028e00000,0x00007ea028e08000,0x00007ea030e00000)
  to   space 131072K, 0% used [0x00007ea020e00000,0x00007ea020e00000,0x00007ea028e00000)
 ParOldGen       total 2359296K, used 1480K [0x00007e9f70e00000, 0x00007e9ff0e00000, 0x00007e9ff0e00000)
  object space 2359296K, 0% used [0x00007e9f70e00000,0x00007e9f70f72270,0x00007ea000e00000)
 Metaspace       used 7389K, committed 7488K, reserved 8192K
}
Event: 2,872 GC heap after
{Heap after GC invocations=4 (full 2):
 PSYoungGen      total 917504K, used 0K [0x00007e9ff0e00000, 0x00007ea030e00000, 0x00007ea030e00000)
  eden space 786432K, 0% used [0x00007e9ff0e00000,0x00007e9ff0e00000,0x00007ea020e00000)
  from space 131072K, 0% used [0x00007ea028e00000,0x00007ea028e00000,0x00007ea030e00000)
  to   space 131072K, 0% used [0x00007ea020e00000,0x00007ea020e00000,0x00007ea028e00000)
 ParOldGen       total 2621440K, used 263619K [0x00007e9f70e00000, 0x00007e9ff0e00000, 0x00007e9ff0e00000)
  object space 2621440K, 10% used [0x00007e9f70e00000,0x00007e9f80f70e40,0x00007ea010e00000)
 Metaspace       used 7389K, committed 7488K, reserved 8192K
}

