# JRE version: OpenJDK Runtime Environment (17.0.6) (fastdebug build 17.0.6-internal+0-adhoc.konstdelis.jdk17u067)
# Java VM: OpenJDK 64-Bit Server VM (fastdebug 17.0.6-internal+0-adhoc.konstdelis.jdk17u067, mixed mode, tiered, parallel gc, linux-amd64)
GC Precious Log:
 CPUs: 32 total, 32 available
 Memory: 251G
 Large Page Support: Disabled
 NUMA Support: Disabled
 Compressed Oops: Disabled
 Alignments: Space 512K, Generation 512K, Heap 2M
 Heap Min Capacity: 3G
 Heap Initial Capacity: 3G
 Heap Max Capacity: 3G
 Pre-touch: Disabled
 Parallel Workers: 8
Heap:
 PSYoungGen      total 917504K, used 0K [0x00007ecd65000000, 0x00007ecda5000000, 0x00007ecda5000000)
  eden space 786432K, 0% used [0x00007ecd65000000,0x00007ecd65000000,0x00007ecd95000000)
  from space 131072K, 0% used [0x00007ecd95000000,0x00007ecd95000000,0x00007ecd9d000000)
  to   space 131072K, 0% used [0x00007ecd9d000000,0x00007ecd9d000000,0x00007ecda5000000)
 ParOldGen       total 2097152K, used 1357245K [0x00007ecce5000000, 0x00007ecd65000000, 0x00007ecd65000000)
  object space 2097152K, 64% used [0x00007ecce5000000,0x00007ecd37d6f5c8,0x00007ecd65000000)
 Metaspace       used 7382K, committed 7488K, reserved 8192K
GC Heap History (13 events):
Event: 2.900 GC heap before
{Heap before GC invocations=1 (full 0):
 PSYoungGen      total 917504K, used 786432K [0x00007ecd65000000, 0x00007ecda5000000, 0x00007ecda5000000)
  eden space 786432K, 100% used [0x00007ecd65000000,0x00007ecd95000000,0x00007ecd95000000)
  from space 131072K, 0% used [0x00007ecd9d000000,0x00007ecd9d000000,0x00007ecda5000000)
  to   space 131072K, 0% used [0x00007ecd95000000,0x00007ecd95000000,0x00007ecd9d000000)
 ParOldGen       total 2097152K, used 0K [0x00007ecce5000000, 0x00007ecd65000000, 0x00007ecd65000000)
  object space 2097152K, 0% used [0x00007ecce5000000,0x00007ecce5000000,0x00007ecd65000000)
 Metaspace       used 7348K, committed 7488K, reserved 8192K
}
Event: 3.686 GC heap after
{Heap after GC invocations=1 (full 0):
 PSYoungGen      total 917504K, used 131049K [0x00007ecd65000000, 0x00007ecda5000000, 0x00007ecda5000000)
  eden space 786432K, 0% used [0x00007ecd65000000,0x00007ecd65000000,0x00007ecd95000000)
  from space 131072K, 99% used [0x00007ecd95000000,0x00007ecd9cffa5e0,0x00007ecd9d000000)
  to   space 131072K, 0% used [0x00007ecd9d000000,0x00007ecd9d000000,0x00007ecda5000000)
 ParOldGen       total 2097152K, used 474512K [0x00007ecce5000000, 0x00007ecd65000000, 0x00007ecd65000000)
  object space 2097152K, 22% used [0x00007ecce5000000,0x00007ecd01f64000,0x00007ecd65000000)
 Metaspace       used 7348K, committed 7488K, reserved 8192K
}
Event: 4.059 GC heap before
{Heap before GC invocations=2 (full 0):
 PSYoungGen      total 917504K, used 917481K [0x00007ecd65000000, 0x00007ecda5000000, 0x00007ecda5000000)
  eden space 786432K, 100% used [0x00007ecd65000000,0x00007ecd95000000,0x00007ecd95000000)
  from space 131072K, 99% used [0x00007ecd95000000,0x00007ecd9cffa5e0,0x00007ecd9d000000)
  to   space 131072K, 0% used [0x00007ecd9d000000,0x00007ecd9d000000,0x00007ecda5000000)
 ParOldGen       total 2097152K, used 474512K [0x00007ecce5000000, 0x00007ecd65000000, 0x00007ecd65000000)
  object space 2097152K, 22% used [0x00007ecce5000000,0x00007ecd01f64000,0x00007ecd65000000)
 Metaspace       used 7348K, committed 7488K, reserved 8192K
}
Event: 5.084 GC heap after
{Heap after GC invocations=2 (full 0):
 PSYoungGen      total 917504K, used 131057K [0x00007ecd65000000, 0x00007ecda5000000, 0x00007ecda5000000)
  eden space 786432K, 0% used [0x00007ecd65000000,0x00007ecd65000000,0x00007ecd95000000)
  from space 131072K, 99% used [0x00007ecd9d000000,0x00007ecda4ffc718,0x00007ecda5000000)
  to   space 131072K, 0% used [0x00007ecd95000000,0x00007ecd95000000,0x00007ecd9d000000)
 ParOldGen       total 2097152K, used 1122568K [0x00007ecce5000000, 0x00007ecd65000000, 0x00007ecd65000000)
  object space 2097152K, 53% used [0x00007ecce5000000,0x00007ecd29842000,0x00007ecd65000000)
 Metaspace       used 7348K, committed 7488K, reserved 8192K
}
Event: 5.445 GC heap before
{Heap before GC invocations=3 (full 0):
 PSYoungGen      total 917504K, used 917489K [0x00007ecd65000000, 0x00007ecda5000000, 0x00007ecda5000000)
  eden space 786432K, 100% used [0x00007ecd65000000,0x00007ecd95000000,0x00007ecd95000000)
  from space 131072K, 99% used [0x00007ecd9d000000,0x00007ecda4ffc718,0x00007ecda5000000)
  to   space 131072K, 0% used [0x00007ecd95000000,0x00007ecd95000000,0x00007ecd9d000000)
 ParOldGen       total 2097152K, used 1122568K [0x00007ecce5000000, 0x00007ecd65000000, 0x00007ecd65000000)
  object space 2097152K, 53% used [0x00007ecce5000000,0x00007ecd29842000,0x00007ecd65000000)
 Metaspace       used 7348K, committed 7488K, reserved 8192K
}
Event: 6.540 GC heap after
{Heap after GC invocations=3 (full 0):
 PSYoungGen      total 917504K, used 131045K [0x00007ecd65000000, 0x00007ecda5000000, 0x00007ecda5000000)
  eden space 786432K, 0% used [0x00007ecd65000000,0x00007ecd65000000,0x00007ecd95000000)
  from space 131072K, 99% used [0x00007ecd95000000,0x00007ecd9cff9550,0x00007ecd9d000000)
  to   space 131072K, 0% used [0x00007ecd9d000000,0x00007ecd9d000000,0x00007ecda5000000)
 ParOldGen       total 2097152K, used 1775270K [0x00007ecce5000000, 0x00007ecd65000000, 0x00007ecd65000000)
  object space 2097152K, 84% used [0x00007ecce5000000,0x00007ecd515a98c0,0x00007ecd65000000)
 Metaspace       used 7348K, committed 7488K, reserved 8192K
}
Event: 6.540 GC heap before
{Heap before GC invocations=4 (full 1):
 PSYoungGen      total 917504K, used 131045K [0x00007ecd65000000, 0x00007ecda5000000, 0x00007ecda5000000)
  eden space 786432K, 0% used [0x00007ecd65000000,0x00007ecd65000000,0x00007ecd95000000)
  from space 131072K, 99% used [0x00007ecd95000000,0x00007ecd9cff9550,0x00007ecd9d000000)
  to   space 131072K, 0% used [0x00007ecd9d000000,0x00007ecd9d000000,0x00007ecda5000000)
 ParOldGen       total 2097152K, used 1775270K [0x00007ecce5000000, 0x00007ecd65000000, 0x00007ecd65000000)
  object space 2097152K, 84% used [0x00007ecce5000000,0x00007ecd515a98c0,0x00007ecd65000000)
 Metaspace       used 7348K, committed 7488K, reserved 8192K
}
Event: 14.176 GC heap after
{Heap after GC invocations=4 (full 1):
 PSYoungGen      total 917504K, used 0K [0x00007ecd65000000, 0x00007ecda5000000, 0x00007ecda5000000)
  eden space 786432K, 0% used [0x00007ecd65000000,0x00007ecd65000000,0x00007ecd95000000)
  from space 131072K, 0% used [0x00007ecd9d000000,0x00007ecd9d000000,0x00007ecda5000000)
  to   space 131072K, 0% used [0x00007ecd95000000,0x00007ecd95000000,0x00007ecd9d000000)
 ParOldGen       total 2097152K, used 1894140K [0x00007ecce5000000, 0x00007ecd65000000, 0x00007ecd65000000)
  object space 2097152K, 90% used [0x00007ecce5000000,0x00007ecd589bf2b8,0x00007ecd65000000)
 Metaspace       used 7348K, committed 7488K, reserved 8192K
}
Event: 15.181 GC heap before
{Heap before GC invocations=5 (full 2):
 PSYoungGen      total 917504K, used 440732K [0x00007ecd65000000, 0x00007ecda5000000, 0x00007ecda5000000)
  eden space 786432K, 56% used [0x00007ecd65000000,0x00007ecd7fe67000,0x00007ecd95000000)
  from space 131072K, 0% used [0x00007ecd9d000000,0x00007ecd9d000000,0x00007ecda5000000)
  to   space 131072K, 0% used [0x00007ecd95000000,0x00007ecd95000000,0x00007ecd9d000000)
 ParOldGen       total 2097152K, used 1894140K [0x00007ecce5000000, 0x00007ecd65000000, 0x00007ecd65000000)
  object space 2097152K, 90% used [0x00007ecce5000000,0x00007ecd589bf2b8,0x00007ecd65000000)
 Metaspace       used 7377K, committed 7488K, reserved 8192K
}
Event: 36.461 GC heap after
{Heap after GC invocations=5 (full 2):
 PSYoungGen      total 917504K, used 0K [0x00007ecd65000000, 0x00007ecda5000000, 0x00007ecda5000000)
  eden space 786432K, 0% used [0x00007ecd65000000,0x00007ecd65000000,0x00007ecd95000000)
  from space 131072K, 0% used [0x00007ecd9d000000,0x00007ecd9d000000,0x00007ecda5000000)
  to   space 131072K, 0% used [0x00007ecd95000000,0x00007ecd95000000,0x00007ecd9d000000)
 ParOldGen       total 2097152K, used 1357245K [0x00007ecce5000000, 0x00007ecd65000000, 0x00007ecd65000000)
  object space 2097152K, 64% used [0x00007ecce5000000,0x00007ecd37d6f5c8,0x00007ecd65000000)
 Metaspace       used 7377K, committed 7488K, reserved 8192K
}
Event: 36.749 GC heap before
{Heap before GC invocations=6 (full 2):
 PSYoungGen      total 917504K, used 15263K [0x00007ecd65000000, 0x00007ecda5000000, 0x00007ecda5000000)
  eden space 786432K, 1% used [0x00007ecd65000000,0x00007ecd65ee7f80,0x00007ecd95000000)
  from space 131072K, 0% used [0x00007ecd9d000000,0x00007ecd9d000000,0x00007ecda5000000)
  to   space 131072K, 0% used [0x00007ecd95000000,0x00007ecd95000000,0x00007ecd9d000000)
 ParOldGen       total 2097152K, used 1357245K [0x00007ecce5000000, 0x00007ecd65000000, 0x00007ecd65000000)
  object space 2097152K, 64% used [0x00007ecce5000000,0x00007ecd37d6f5c8,0x00007ecd65000000)
 Metaspace       used 7382K, committed 7488K, reserved 8192K
}
Event: 37.392 GC heap after
{Heap after GC invocations=6 (full 2):
 PSYoungGen      total 917504K, used 0K [0x00007ecd65000000, 0x00007ecda5000000, 0x00007ecda5000000)
  eden space 786432K, 0% used [0x00007ecd65000000,0x00007ecd65000000,0x00007ecd95000000)
  from space 131072K, 0% used [0x00007ecd95000000,0x00007ecd95000000,0x00007ecd9d000000)
  to   space 131072K, 0% used [0x00007ecd9d000000,0x00007ecd9d000000,0x00007ecda5000000)
 ParOldGen       total 2097152K, used 1357245K [0x00007ecce5000000, 0x00007ecd65000000, 0x00007ecd65000000)
  object space 2097152K, 64% used [0x00007ecce5000000,0x00007ecd37d6f5c8,0x00007ecd65000000)
 Metaspace       used 7382K, committed 7488K, reserved 8192K
}
Event: 37.392 GC heap before
{Heap before GC invocations=7 (full 3):
 PSYoungGen      total 917504K, used 0K [0x00007ecd65000000, 0x00007ecda5000000, 0x00007ecda5000000)
  eden space 786432K, 0% used [0x00007ecd65000000,0x00007ecd65000000,0x00007ecd95000000)
  from space 131072K, 0% used [0x00007ecd95000000,0x00007ecd95000000,0x00007ecd9d000000)
  to   space 131072K, 0% used [0x00007ecd9d000000,0x00007ecd9d000000,0x00007ecda5000000)
 ParOldGen       total 2097152K, used 1357245K [0x00007ecce5000000, 0x00007ecd65000000, 0x00007ecd65000000)
  object space 2097152K, 64% used [0x00007ecce5000000,0x00007ecd37d6f5c8,0x00007ecd65000000)
 Metaspace       used 7382K, committed 7488K, reserved 8192K
}

