# JRE version: OpenJDK Runtime Environment (17.0.6) (build 17.0.6-internal+0-adhoc.konstdelis.jdk17u067)
# Java VM: OpenJDK 64-Bit Server VM (17.0.6-internal+0-adhoc.konstdelis.jdk17u067, mixed mode, tiered, parallel gc, linux-amd64)
GC Precious Log:
 CPUs: 32 total, 32 available
 Memory: 251G
 Large Page Support: Disabled
 NUMA Support: Disabled
 Compressed Oops: Disabled
 Alignments: Space 512K, Generation 512K, Heap 2M
 Heap Min Capacity: 1G
 Heap Initial Capacity: 1G
 Heap Max Capacity: 1G
 Pre-touch: Disabled
 Parallel Workers: 1
Heap:
 PSYoungGen      total 305664K, used 37049K [0x00007e6a4f100000, 0x00007e6a64600000, 0x00007e6a64600000)
  eden space 262144K, 14% used [0x00007e6a4f100000,0x00007e6a5152e6d0,0x00007e6a5f100000)
  from space 43520K, 0% used [0x00007e6a5f100000,0x00007e6a5f100000,0x00007e6a61b80000)
  to   space 43520K, 0% used [0x00007e6a61b80000,0x00007e6a61b80000,0x00007e6a64600000)
 ParOldGen       total 699392K, used 699214K [0x00007e6a24600000, 0x00007e6a4f100000, 0x00007e6a4f100000)
  object space 699392K, 99% used [0x00007e6a24600000,0x00007e6a4f0d3958,0x00007e6a4f100000)
 Metaspace       used 6427K, committed 6528K, reserved 8192K
GC Heap History (16 events):
Event: 0,667 GC heap before
{Heap before GC invocations=1 (full 0):
 PSYoungGen      total 305664K, used 262144K [0x00007e6a4f100000, 0x00007e6a64600000, 0x00007e6a64600000)
  eden space 262144K, 100% used [0x00007e6a4f100000,0x00007e6a5f100000,0x00007e6a5f100000)
  from space 43520K, 0% used [0x00007e6a61b80000,0x00007e6a61b80000,0x00007e6a64600000)
  to   space 43520K, 0% used [0x00007e6a5f100000,0x00007e6a5f100000,0x00007e6a61b80000)
 ParOldGen       total 699392K, used 0K [0x00007e6a24600000, 0x00007e6a4f100000, 0x00007e6a4f100000)
  object space 699392K, 0% used [0x00007e6a24600000,0x00007e6a24600000,0x00007e6a4f100000)
 Metaspace       used 6422K, committed 6528K, reserved 8192K
}
Event: 0,987 GC heap after
{Heap after GC invocations=1 (full 0):
 PSYoungGen      total 305664K, used 43488K [0x00007e6a4f100000, 0x00007e6a64600000, 0x00007e6a64600000)
  eden space 262144K, 0% used [0x00007e6a4f100000,0x00007e6a4f100000,0x00007e6a5f100000)
  from space 43520K, 99% used [0x00007e6a5f100000,0x00007e6a61b78020,0x00007e6a61b80000)
  to   space 43520K, 0% used [0x00007e6a61b80000,0x00007e6a61b80000,0x00007e6a64600000)
 ParOldGen       total 699392K, used 170016K [0x00007e6a24600000, 0x00007e6a4f100000, 0x00007e6a4f100000)
  object space 699392K, 24% used [0x00007e6a24600000,0x00007e6a2ec08000,0x00007e6a4f100000)
 Metaspace       used 6422K, committed 6528K, reserved 8192K
}
Event: 1,255 GC heap before
{Heap before GC invocations=2 (full 0):
 PSYoungGen      total 305664K, used 305632K [0x00007e6a4f100000, 0x00007e6a64600000, 0x00007e6a64600000)
  eden space 262144K, 100% used [0x00007e6a4f100000,0x00007e6a5f100000,0x00007e6a5f100000)
  from space 43520K, 99% used [0x00007e6a5f100000,0x00007e6a61b78020,0x00007e6a61b80000)
  to   space 43520K, 0% used [0x00007e6a61b80000,0x00007e6a61b80000,0x00007e6a64600000)
 ParOldGen       total 699392K, used 170016K [0x00007e6a24600000, 0x00007e6a4f100000, 0x00007e6a4f100000)
  object space 699392K, 24% used [0x00007e6a24600000,0x00007e6a2ec08000,0x00007e6a4f100000)
 Metaspace       used 6422K, committed 6528K, reserved 8192K
}
Event: 1,756 GC heap after
{Heap after GC invocations=2 (full 0):
 PSYoungGen      total 305664K, used 43520K [0x00007e6a4f100000, 0x00007e6a64600000, 0x00007e6a64600000)
  eden space 262144K, 0% used [0x00007e6a4f100000,0x00007e6a4f100000,0x00007e6a5f100000)
  from space 43520K, 100% used [0x00007e6a61b80000,0x00007e6a64600000,0x00007e6a64600000)
  to   space 43520K, 0% used [0x00007e6a5f100000,0x00007e6a5f100000,0x00007e6a61b80000)
 ParOldGen       total 699392K, used 415056K [0x00007e6a24600000, 0x00007e6a4f100000, 0x00007e6a4f100000)
  object space 699392K, 59% used [0x00007e6a24600000,0x00007e6a3db54120,0x00007e6a4f100000)
 Metaspace       used 6422K, committed 6528K, reserved 8192K
}
Event: 2,086 GC heap before
{Heap before GC invocations=3 (full 0):
 PSYoungGen      total 305664K, used 305664K [0x00007e6a4f100000, 0x00007e6a64600000, 0x00007e6a64600000)
  eden space 262144K, 100% used [0x00007e6a4f100000,0x00007e6a5f100000,0x00007e6a5f100000)
  from space 43520K, 100% used [0x00007e6a61b80000,0x00007e6a64600000,0x00007e6a64600000)
  to   space 43520K, 0% used [0x00007e6a5f100000,0x00007e6a5f100000,0x00007e6a61b80000)
 ParOldGen       total 699392K, used 415056K [0x00007e6a24600000, 0x00007e6a4f100000, 0x00007e6a4f100000)
  object space 699392K, 59% used [0x00007e6a24600000,0x00007e6a3db54120,0x00007e6a4f100000)
 Metaspace       used 6422K, committed 6528K, reserved 8192K
}
Event: 2,758 GC heap after
{Heap after GC invocations=3 (full 0):
 PSYoungGen      total 305664K, used 43520K [0x00007e6a4f100000, 0x00007e6a64600000, 0x00007e6a64600000)
  eden space 262144K, 0% used [0x00007e6a4f100000,0x00007e6a4f100000,0x00007e6a5f100000)
  from space 43520K, 100% used [0x00007e6a5f100000,0x00007e6a61b80000,0x00007e6a61b80000)
  to   space 43520K, 0% used [0x00007e6a61b80000,0x00007e6a61b80000,0x00007e6a64600000)
 ParOldGen       total 699392K, used 678392K [0x00007e6a24600000, 0x00007e6a4f100000, 0x00007e6a4f100000)
  object space 699392K, 96% used [0x00007e6a24600000,0x00007e6a4dc7e140,0x00007e6a4f100000)
 Metaspace       used 6422K, committed 6528K, reserved 8192K
}
Event: 2,758 GC heap before
{Heap before GC invocations=4 (full 1):
 PSYoungGen      total 305664K, used 43520K [0x00007e6a4f100000, 0x00007e6a64600000, 0x00007e6a64600000)
  eden space 262144K, 0% used [0x00007e6a4f100000,0x00007e6a4f100000,0x00007e6a5f100000)
  from space 43520K, 100% used [0x00007e6a5f100000,0x00007e6a61b80000,0x00007e6a61b80000)
  to   space 43520K, 0% used [0x00007e6a61b80000,0x00007e6a61b80000,0x00007e6a64600000)
 ParOldGen       total 699392K, used 678392K [0x00007e6a24600000, 0x00007e6a4f100000, 0x00007e6a4f100000)
  object space 699392K, 96% used [0x00007e6a24600000,0x00007e6a4dc7e140,0x00007e6a4f100000)
 Metaspace       used 6422K, committed 6528K, reserved 8192K
}
Event: 6,655 GC heap after
{Heap after GC invocations=4 (full 1):
 PSYoungGen      total 305664K, used 0K [0x00007e6a4f100000, 0x00007e6a64600000, 0x00007e6a64600000)
  eden space 262144K, 0% used [0x00007e6a4f100000,0x00007e6a4f100000,0x00007e6a5f100000)
  from space 43520K, 0% used [0x00007e6a61b80000,0x00007e6a61b80000,0x00007e6a64600000)
  to   space 43520K, 0% used [0x00007e6a5f100000,0x00007e6a5f100000,0x00007e6a61b80000)
 ParOldGen       total 699392K, used 450235K [0x00007e6a24600000, 0x00007e6a4f100000, 0x00007e6a4f100000)
  object space 699392K, 64% used [0x00007e6a24600000,0x00007e6a3fdaed18,0x00007e6a4f100000)
 Metaspace       used 6422K, committed 6528K, reserved 8192K
}
Event: 6,959 GC heap before
{Heap before GC invocations=5 (full 1):
 PSYoungGen      total 305664K, used 144930K [0x00007e6a4f100000, 0x00007e6a64600000, 0x00007e6a64600000)
  eden space 262144K, 55% used [0x00007e6a4f100000,0x00007e6a57e889c8,0x00007e6a5f100000)
  from space 43520K, 0% used [0x00007e6a61b80000,0x00007e6a61b80000,0x00007e6a64600000)
  to   space 43520K, 0% used [0x00007e6a5f100000,0x00007e6a5f100000,0x00007e6a61b80000)
 ParOldGen       total 699392K, used 450235K [0x00007e6a24600000, 0x00007e6a4f100000, 0x00007e6a4f100000)
  object space 699392K, 64% used [0x00007e6a24600000,0x00007e6a3fdaed18,0x00007e6a4f100000)
 Metaspace       used 6427K, committed 6528K, reserved 8192K
}
Event: 7,175 GC heap after
{Heap after GC invocations=5 (full 1):
 PSYoungGen      total 305664K, used 43520K [0x00007e6a4f100000, 0x00007e6a64600000, 0x00007e6a64600000)
  eden space 262144K, 0% used [0x00007e6a4f100000,0x00007e6a4f100000,0x00007e6a5f100000)
  from space 43520K, 100% used [0x00007e6a5f100000,0x00007e6a61b80000,0x00007e6a61b80000)
  to   space 43520K, 0% used [0x00007e6a61b80000,0x00007e6a61b80000,0x00007e6a64600000)
 ParOldGen       total 699392K, used 535395K [0x00007e6a24600000, 0x00007e6a4f100000, 0x00007e6a4f100000)
  object space 699392K, 76% used [0x00007e6a24600000,0x00007e6a450d8d18,0x00007e6a4f100000)
 Metaspace       used 6427K, committed 6528K, reserved 8192K
}
Event: 7,176 GC heap before
{Heap before GC invocations=6 (full 2):
 PSYoungGen      total 305664K, used 43520K [0x00007e6a4f100000, 0x00007e6a64600000, 0x00007e6a64600000)
  eden space 262144K, 0% used [0x00007e6a4f100000,0x00007e6a4f100000,0x00007e6a5f100000)
  from space 43520K, 100% used [0x00007e6a5f100000,0x00007e6a61b80000,0x00007e6a61b80000)
  to   space 43520K, 0% used [0x00007e6a61b80000,0x00007e6a61b80000,0x00007e6a64600000)
 ParOldGen       total 699392K, used 535395K [0x00007e6a24600000, 0x00007e6a4f100000, 0x00007e6a4f100000)
  object space 699392K, 76% used [0x00007e6a24600000,0x00007e6a450d8d18,0x00007e6a4f100000)
 Metaspace       used 6427K, committed 6528K, reserved 8192K
}
Event: 9,116 GC heap after
{Heap after GC invocations=6 (full 2):
 PSYoungGen      total 305664K, used 0K [0x00007e6a4f100000, 0x00007e6a64600000, 0x00007e6a64600000)
  eden space 262144K, 0% used [0x00007e6a4f100000,0x00007e6a4f100000,0x00007e6a5f100000)
  from space 43520K, 0% used [0x00007e6a5f100000,0x00007e6a5f100000,0x00007e6a61b80000)
  to   space 43520K, 0% used [0x00007e6a61b80000,0x00007e6a61b80000,0x00007e6a64600000)
 ParOldGen       total 699392K, used 578225K [0x00007e6a24600000, 0x00007e6a4f100000, 0x00007e6a4f100000)
  object space 699392K, 82% used [0x00007e6a24600000,0x00007e6a47aac738,0x00007e6a4f100000)
 Metaspace       used 6427K, committed 6528K, reserved 8192K
}
Event: 9,297 GC heap before
{Heap before GC invocations=7 (full 3):
 PSYoungGen      total 305664K, used 195082K [0x00007e6a4f100000, 0x00007e6a64600000, 0x00007e6a64600000)
  eden space 262144K, 74% used [0x00007e6a4f100000,0x00007e6a5af82950,0x00007e6a5f100000)
  from space 43520K, 0% used [0x00007e6a5f100000,0x00007e6a5f100000,0x00007e6a61b80000)
  to   space 43520K, 0% used [0x00007e6a61b80000,0x00007e6a61b80000,0x00007e6a64600000)
 ParOldGen       total 699392K, used 578225K [0x00007e6a24600000, 0x00007e6a4f100000, 0x00007e6a4f100000)
  object space 699392K, 82% used [0x00007e6a24600000,0x00007e6a47aac738,0x00007e6a4f100000)
 Metaspace       used 6427K, committed 6528K, reserved 8192K
}
Event: 11,831 GC heap after
{Heap after GC invocations=7 (full 3):
 PSYoungGen      total 305664K, used 70807K [0x00007e6a4f100000, 0x00007e6a64600000, 0x00007e6a64600000)
  eden space 262144K, 27% used [0x00007e6a4f100000,0x00007e6a53625e08,0x00007e6a5f100000)
  from space 43520K, 0% used [0x00007e6a61b80000,0x00007e6a61b80000,0x00007e6a64600000)
  to   space 43520K, 0% used [0x00007e6a5f100000,0x00007e6a5f100000,0x00007e6a61b80000)
 ParOldGen       total 699392K, used 699032K [0x00007e6a24600000, 0x00007e6a4f100000, 0x00007e6a4f100000)
  object space 699392K, 99% used [0x00007e6a24600000,0x00007e6a4f0a6348,0x00007e6a4f100000)
 Metaspace       used 6427K, committed 6528K, reserved 8192K
}
Event: 12,203 GC heap before
{Heap before GC invocations=8 (full 4):
 PSYoungGen      total 305664K, used 262144K [0x00007e6a4f100000, 0x00007e6a64600000, 0x00007e6a64600000)
  eden space 262144K, 100% used [0x00007e6a4f100000,0x00007e6a5f100000,0x00007e6a5f100000)
  from space 43520K, 0% used [0x00007e6a61b80000,0x00007e6a61b80000,0x00007e6a64600000)
  to   space 43520K, 0% used [0x00007e6a5f100000,0x00007e6a5f100000,0x00007e6a61b80000)
 ParOldGen       total 699392K, used 699032K [0x00007e6a24600000, 0x00007e6a4f100000, 0x00007e6a4f100000)
  object space 699392K, 99% used [0x00007e6a24600000,0x00007e6a4f0a6348,0x00007e6a4f100000)
 Metaspace       used 6427K, committed 6528K, reserved 8192K
}
Event: 17,192 GC heap after
{Heap after GC invocations=8 (full 4):
 PSYoungGen      total 305664K, used 23005K [0x00007e6a4f100000, 0x00007e6a64600000, 0x00007e6a64600000)
  eden space 262144K, 8% used [0x00007e6a4f100000,0x00007e6a50777500,0x00007e6a5f100000)
  from space 43520K, 0% used [0x00007e6a5f100000,0x00007e6a5f100000,0x00007e6a61b80000)
  to   space 43520K, 0% used [0x00007e6a61b80000,0x00007e6a61b80000,0x00007e6a64600000)
 ParOldGen       total 699392K, used 699214K [0x00007e6a24600000, 0x00007e6a4f100000, 0x00007e6a4f100000)
  object space 699392K, 99% used [0x00007e6a24600000,0x00007e6a4f0d3958,0x00007e6a4f100000)
 Metaspace       used 6427K, committed 6528K, reserved 8192K
}

