# JRE version: OpenJDK Runtime Environment (17.0.6) (fastdebug build 17.0.6-internal+0-adhoc.konstdelis.jdk17u067)
# Java VM: OpenJDK 64-Bit Server VM (fastdebug 17.0.6-internal+0-adhoc.konstdelis.jdk17u067, mixed mode, tiered, parallel gc, linux-amd64)
GC Precious Log:
 CPUs: 32 total, 32 available
 Memory: 251G
 Large Page Support: Disabled
 NUMA Support: Disabled
 Compressed Oops: Disabled
 Alignments: Space 512K, Generation 512K, Heap 2M
 Heap Min Capacity: 3G
 Heap Initial Capacity: 3G
 Heap Max Capacity: 3G
 Pre-touch: Disabled
 Parallel Workers: 8
Heap:
 PSYoungGen      total 917504K, used 160K [0x00007eb75d000000, 0x00007eb79d000000, 0x00007eb79d000000)
  eden space 786432K, 0% used [0x00007eb75d000000,0x00007eb75d000000,0x00007eb78d000000)
  from space 131072K, 0% used [0x00007eb78d000000,0x00007eb78d028000,0x00007eb795000000)
  to   space 131072K, 0% used [0x00007eb795000000,0x00007eb795000000,0x00007eb79d000000)
 ParOldGen       total 2097152K, used 1467K [0x00007eb6dd000000, 0x00007eb75d000000, 0x00007eb75d000000)
  object space 2097152K, 0% used [0x00007eb6dd000000,0x00007eb6dd16ec40,0x00007eb75d000000)
 Metaspace       used 7386K, committed 7488K, reserved 8192K
GC Heap History (19 events):
Event: 2,490 GC heap before
{Heap before GC invocations=1 (full 0):
 PSYoungGen      total 917504K, used 78643K [0x00007eb75d000000, 0x00007eb79d000000, 0x00007eb79d000000)
  eden space 786432K, 10% used [0x00007eb75d000000,0x00007eb761cccf00,0x00007eb78d000000)
  from space 131072K, 0% used [0x00007eb795000000,0x00007eb795000000,0x00007eb79d000000)
  to   space 131072K, 0% used [0x00007eb78d000000,0x00007eb78d000000,0x00007eb795000000)
 ParOldGen       total 2097152K, used 0K [0x00007eb6dd000000, 0x00007eb75d000000, 0x00007eb75d000000)
  object space 2097152K, 0% used [0x00007eb6dd000000,0x00007eb6dd000000,0x00007eb75d000000)
 Metaspace       used 7386K, committed 7488K, reserved 8192K
}
Event: 2,507 GC heap after
{Heap after GC invocations=1 (full 0):
 PSYoungGen      total 917504K, used 1600K [0x00007eb75d000000, 0x00007eb79d000000, 0x00007eb79d000000)
  eden space 786432K, 0% used [0x00007eb75d000000,0x00007eb75d000000,0x00007eb78d000000)
  from space 131072K, 1% used [0x00007eb78d000000,0x00007eb78d190000,0x00007eb795000000)
  to   space 131072K, 0% used [0x00007eb795000000,0x00007eb795000000,0x00007eb79d000000)
 ParOldGen       total 2097152K, used 16K [0x00007eb6dd000000, 0x00007eb75d000000, 0x00007eb75d000000)
  object space 2097152K, 0% used [0x00007eb6dd000000,0x00007eb6dd004000,0x00007eb75d000000)
 Metaspace       used 7386K, committed 7488K, reserved 8192K
}
Event: 2,508 GC heap before
{Heap before GC invocations=2 (full 1):
 PSYoungGen      total 917504K, used 1600K [0x00007eb75d000000, 0x00007eb79d000000, 0x00007eb79d000000)
  eden space 786432K, 0% used [0x00007eb75d000000,0x00007eb75d000000,0x00007eb78d000000)
  from space 131072K, 1% used [0x00007eb78d000000,0x00007eb78d190000,0x00007eb795000000)
  to   space 131072K, 0% used [0x00007eb795000000,0x00007eb795000000,0x00007eb79d000000)
 ParOldGen       total 2097152K, used 16K [0x00007eb6dd000000, 0x00007eb75d000000, 0x00007eb75d000000)
  object space 2097152K, 0% used [0x00007eb6dd000000,0x00007eb6dd004000,0x00007eb75d000000)
 Metaspace       used 7386K, committed 7488K, reserved 8192K
}
Event: 2,537 GC heap after
{Heap after GC invocations=2 (full 1):
 PSYoungGen      total 917504K, used 0K [0x00007eb75d000000, 0x00007eb79d000000, 0x00007eb79d000000)
  eden space 786432K, 0% used [0x00007eb75d000000,0x00007eb75d000000,0x00007eb78d000000)
  from space 131072K, 0% used [0x00007eb78d000000,0x00007eb78d000000,0x00007eb795000000)
  to   space 131072K, 0% used [0x00007eb795000000,0x00007eb795000000,0x00007eb79d000000)
 ParOldGen       total 2097152K, used 1472K [0x00007eb6dd000000, 0x00007eb75d000000, 0x00007eb75d000000)
  object space 2097152K, 0% used [0x00007eb6dd000000,0x00007eb6dd170020,0x00007eb75d000000)
 Metaspace       used 7386K, committed 7488K, reserved 8192K
}
Event: 2,544 GC heap before
{Heap before GC invocations=3 (full 1):
 PSYoungGen      total 917504K, used 47186K [0x00007eb75d000000, 0x00007eb79d000000, 0x00007eb79d000000)
  eden space 786432K, 6% used [0x00007eb75d000000,0x00007eb75fe14818,0x00007eb78d000000)
  from space 131072K, 0% used [0x00007eb78d000000,0x00007eb78d000000,0x00007eb795000000)
  to   space 131072K, 0% used [0x00007eb795000000,0x00007eb795000000,0x00007eb79d000000)
 ParOldGen       total 2097152K, used 1472K [0x00007eb6dd000000, 0x00007eb75d000000, 0x00007eb75d000000)
  object space 2097152K, 0% used [0x00007eb6dd000000,0x00007eb6dd170020,0x00007eb75d000000)
 Metaspace       used 7386K, committed 7488K, reserved 8192K
}
Event: 2,555 GC heap after
{Heap after GC invocations=3 (full 1):
 PSYoungGen      total 917504K, used 128K [0x00007eb75d000000, 0x00007eb79d000000, 0x00007eb79d000000)
  eden space 786432K, 0% used [0x00007eb75d000000,0x00007eb75d000000,0x00007eb78d000000)
  from space 131072K, 0% used [0x00007eb795000000,0x00007eb795020000,0x00007eb79d000000)
  to   space 131072K, 0% used [0x00007eb78d000000,0x00007eb78d000000,0x00007eb795000000)
 ParOldGen       total 2097152K, used 1472K [0x00007eb6dd000000, 0x00007eb75d000000, 0x00007eb75d000000)
  object space 2097152K, 0% used [0x00007eb6dd000000,0x00007eb6dd170020,0x00007eb75d000000)
 Metaspace       used 7386K, committed 7488K, reserved 8192K
}
Event: 2,556 GC heap before
{Heap before GC invocations=4 (full 2):
 PSYoungGen      total 917504K, used 128K [0x00007eb75d000000, 0x00007eb79d000000, 0x00007eb79d000000)
  eden space 786432K, 0% used [0x00007eb75d000000,0x00007eb75d000000,0x00007eb78d000000)
  from space 131072K, 0% used [0x00007eb795000000,0x00007eb795020000,0x00007eb79d000000)
  to   space 131072K, 0% used [0x00007eb78d000000,0x00007eb78d000000,0x00007eb795000000)
 ParOldGen       total 2097152K, used 1472K [0x00007eb6dd000000, 0x00007eb75d000000, 0x00007eb75d000000)
  object space 2097152K, 0% used [0x00007eb6dd000000,0x00007eb6dd170020,0x00007eb75d000000)
 Metaspace       used 7386K, committed 7488K, reserved 8192K
}
Event: 2,753 GC heap after
{Heap after GC invocations=4 (full 2):
 PSYoungGen      total 917504K, used 0K [0x00007eb75d000000, 0x00007eb79d000000, 0x00007eb79d000000)
  eden space 786432K, 0% used [0x00007eb75d000000,0x00007eb75d000000,0x00007eb78d000000)
  from space 131072K, 0% used [0x00007eb795000000,0x00007eb795000000,0x00007eb79d000000)
  to   space 131072K, 0% used [0x00007eb78d000000,0x00007eb78d000000,0x00007eb795000000)
 ParOldGen       total 2097152K, used 1468K [0x00007eb6dd000000, 0x00007eb75d000000, 0x00007eb75d000000)
  object space 2097152K, 0% used [0x00007eb6dd000000,0x00007eb6dd16f0a0,0x00007eb75d000000)
 Metaspace       used 7386K, committed 7488K, reserved 8192K
}
Event: 2,756 GC heap before
{Heap before GC invocations=5 (full 2):
 PSYoungGen      total 917504K, used 15728K [0x00007eb75d000000, 0x00007eb79d000000, 0x00007eb79d000000)
  eden space 786432K, 2% used [0x00007eb75d000000,0x00007eb75df5c2c8,0x00007eb78d000000)
  from space 131072K, 0% used [0x00007eb795000000,0x00007eb795000000,0x00007eb79d000000)
  to   space 131072K, 0% used [0x00007eb78d000000,0x00007eb78d000000,0x00007eb795000000)
 ParOldGen       total 2097152K, used 1468K [0x00007eb6dd000000, 0x00007eb75d000000, 0x00007eb75d000000)
  object space 2097152K, 0% used [0x00007eb6dd000000,0x00007eb6dd16f0a0,0x00007eb75d000000)
 Metaspace       used 7386K, committed 7488K, reserved 8192K
}
Event: 2,758 GC heap after
{Heap after GC invocations=5 (full 2):
 PSYoungGen      total 917504K, used 0K [0x00007eb75d000000, 0x00007eb79d000000, 0x00007eb79d000000)
  eden space 786432K, 0% used [0x00007eb75d000000,0x00007eb75d000000,0x00007eb78d000000)
  from space 131072K, 0% used [0x00007eb78d000000,0x00007eb78d000000,0x00007eb795000000)
  to   space 131072K, 0% used [0x00007eb795000000,0x00007eb795000000,0x00007eb79d000000)
 ParOldGen       total 2097152K, used 1468K [0x00007eb6dd000000, 0x00007eb75d000000, 0x00007eb75d000000)
  object space 2097152K, 0% used [0x00007eb6dd000000,0x00007eb6dd16f0a0,0x00007eb75d000000)
 Metaspace       used 7386K, committed 7488K, reserved 8192K
}
Event: 2,758 GC heap before
{Heap before GC invocations=6 (full 3):
 PSYoungGen      total 917504K, used 0K [0x00007eb75d000000, 0x00007eb79d000000, 0x00007eb79d000000)
  eden space 786432K, 0% used [0x00007eb75d000000,0x00007eb75d000000,0x00007eb78d000000)
  from space 131072K, 0% used [0x00007eb78d000000,0x00007eb78d000000,0x00007eb795000000)
  to   space 131072K, 0% used [0x00007eb795000000,0x00007eb795000000,0x00007eb79d000000)
 ParOldGen       total 2097152K, used 1468K [0x00007eb6dd000000, 0x00007eb75d000000, 0x00007eb75d000000)
  object space 2097152K, 0% used [0x00007eb6dd000000,0x00007eb6dd16f0a0,0x00007eb75d000000)
 Metaspace       used 7386K, committed 7488K, reserved 8192K
}
Event: 2,784 GC heap after
{Heap after GC invocations=6 (full 3):
 PSYoungGen      total 917504K, used 0K [0x00007eb75d000000, 0x00007eb79d000000, 0x00007eb79d000000)
  eden space 786432K, 0% used [0x00007eb75d000000,0x00007eb75d000000,0x00007eb78d000000)
  from space 131072K, 0% used [0x00007eb78d000000,0x00007eb78d000000,0x00007eb795000000)
  to   space 131072K, 0% used [0x00007eb795000000,0x00007eb795000000,0x00007eb79d000000)
 ParOldGen       total 2097152K, used 1468K [0x00007eb6dd000000, 0x00007eb75d000000, 0x00007eb75d000000)
  object space 2097152K, 0% used [0x00007eb6dd000000,0x00007eb6dd16f0a0,0x00007eb75d000000)
 Metaspace       used 7386K, committed 7488K, reserved 8192K
}
Event: 2,787 GC heap before
{Heap before GC invocations=7 (full 3):
 PSYoungGen      total 917504K, used 15728K [0x00007eb75d000000, 0x00007eb79d000000, 0x00007eb79d000000)
  eden space 786432K, 2% used [0x00007eb75d000000,0x00007eb75df5c2c8,0x00007eb78d000000)
  from space 131072K, 0% used [0x00007eb78d000000,0x00007eb78d000000,0x00007eb795000000)
  to   space 131072K, 0% used [0x00007eb795000000,0x00007eb795000000,0x00007eb79d000000)
 ParOldGen       total 2097152K, used 1468K [0x00007eb6dd000000, 0x00007eb75d000000, 0x00007eb75d000000)
  object space 2097152K, 0% used [0x00007eb6dd000000,0x00007eb6dd16f0a0,0x00007eb75d000000)
 Metaspace       used 7386K, committed 7488K, reserved 8192K
}
Event: 2,789 GC heap after
{Heap after GC invocations=7 (full 3):
 PSYoungGen      total 917504K, used 0K [0x00007eb75d000000, 0x00007eb79d000000, 0x00007eb79d000000)
  eden space 786432K, 0% used [0x00007eb75d000000,0x00007eb75d000000,0x00007eb78d000000)
  from space 131072K, 0% used [0x00007eb795000000,0x00007eb795000000,0x00007eb79d000000)
  to   space 131072K, 0% used [0x00007eb78d000000,0x00007eb78d000000,0x00007eb795000000)
 ParOldGen       total 2097152K, used 1468K [0x00007eb6dd000000, 0x00007eb75d000000, 0x00007eb75d000000)
  object space 2097152K, 0% used [0x00007eb6dd000000,0x00007eb6dd16f0a0,0x00007eb75d000000)
 Metaspace       used 7386K, committed 7488K, reserved 8192K
}
Event: 2,790 GC heap before
{Heap before GC invocations=8 (full 4):
 PSYoungGen      total 917504K, used 0K [0x00007eb75d000000, 0x00007eb79d000000, 0x00007eb79d000000)
  eden space 786432K, 0% used [0x00007eb75d000000,0x00007eb75d000000,0x00007eb78d000000)
  from space 131072K, 0% used [0x00007eb795000000,0x00007eb795000000,0x00007eb79d000000)
  to   space 131072K, 0% used [0x00007eb78d000000,0x00007eb78d000000,0x00007eb795000000)
 ParOldGen       total 2097152K, used 1468K [0x00007eb6dd000000, 0x00007eb75d000000, 0x00007eb75d000000)
  object space 2097152K, 0% used [0x00007eb6dd000000,0x00007eb6dd16f0a0,0x00007eb75d000000)
 Metaspace       used 7386K, committed 7488K, reserved 8192K
}
Event: 2,815 GC heap after
{Heap after GC invocations=8 (full 4):
 PSYoungGen      total 917504K, used 0K [0x00007eb75d000000, 0x00007eb79d000000, 0x00007eb79d000000)
  eden space 786432K, 0% used [0x00007eb75d000000,0x00007eb75d000000,0x00007eb78d000000)
  from space 131072K, 0% used [0x00007eb795000000,0x00007eb795000000,0x00007eb79d000000)
  to   space 131072K, 0% used [0x00007eb78d000000,0x00007eb78d000000,0x00007eb795000000)
 ParOldGen       total 2097152K, used 1467K [0x00007eb6dd000000, 0x00007eb75d000000, 0x00007eb75d000000)
  object space 2097152K, 0% used [0x00007eb6dd000000,0x00007eb6dd16ec40,0x00007eb75d000000)
 Metaspace       used 7386K, committed 7488K, reserved 8192K
}
Event: 2,819 GC heap before
{Heap before GC invocations=9 (full 4):
 PSYoungGen      total 917504K, used 15728K [0x00007eb75d000000, 0x00007eb79d000000, 0x00007eb79d000000)
  eden space 786432K, 2% used [0x00007eb75d000000,0x00007eb75df5c2c8,0x00007eb78d000000)
  from space 131072K, 0% used [0x00007eb795000000,0x00007eb795000000,0x00007eb79d000000)
  to   space 131072K, 0% used [0x00007eb78d000000,0x00007eb78d000000,0x00007eb795000000)
 ParOldGen       total 2097152K, used 1467K [0x00007eb6dd000000, 0x00007eb75d000000, 0x00007eb75d000000)
  object space 2097152K, 0% used [0x00007eb6dd000000,0x00007eb6dd16ec40,0x00007eb75d000000)
 Metaspace       used 7386K, committed 7488K, reserved 8192K
}
Event: 2,821 GC heap after
{Heap after GC invocations=9 (full 4):
 PSYoungGen      total 917504K, used 160K [0x00007eb75d000000, 0x00007eb79d000000, 0x00007eb79d000000)
  eden space 786432K, 0% used [0x00007eb75d000000,0x00007eb75d000000,0x00007eb78d000000)
  from space 131072K, 0% used [0x00007eb78d000000,0x00007eb78d028000,0x00007eb795000000)
  to   space 131072K, 0% used [0x00007eb795000000,0x00007eb795000000,0x00007eb79d000000)
 ParOldGen       total 2097152K, used 1467K [0x00007eb6dd000000, 0x00007eb75d000000, 0x00007eb75d000000)
  object space 2097152K, 0% used [0x00007eb6dd000000,0x00007eb6dd16ec40,0x00007eb75d000000)
 Metaspace       used 7386K, committed 7488K, reserved 8192K
}
Event: 2,821 GC heap before
{Heap before GC invocations=10 (full 5):
 PSYoungGen      total 917504K, used 160K [0x00007eb75d000000, 0x00007eb79d000000, 0x00007eb79d000000)
  eden space 786432K, 0% used [0x00007eb75d000000,0x00007eb75d000000,0x00007eb78d000000)
  from space 131072K, 0% used [0x00007eb78d000000,0x00007eb78d028000,0x00007eb795000000)
  to   space 131072K, 0% used [0x00007eb795000000,0x00007eb795000000,0x00007eb79d000000)
 ParOldGen       total 2097152K, used 1467K [0x00007eb6dd000000, 0x00007eb75d000000, 0x00007eb75d000000)
  object space 2097152K, 0% used [0x00007eb6dd000000,0x00007eb6dd16ec40,0x00007eb75d000000)
 Metaspace       used 7386K, committed 7488K, reserved 8192K
}

