# JRE version: OpenJDK Runtime Environment (17.0.6) (build 17.0.6-internal+0-adhoc.konstdelis.jdk17u067)
# Java VM: OpenJDK 64-Bit Server VM (17.0.6-internal+0-adhoc.konstdelis.jdk17u067, mixed mode, tiered, parallel gc, linux-amd64)
GC Precious Log:
 CPUs: 32 total, 32 available
 Memory: 251G
 Large Page Support: Disabled
 NUMA Support: Disabled
 Compressed Oops: Disabled
 Alignments: Space 512K, Generation 512K, Heap 2M
 Heap Min Capacity: 3G
 Heap Initial Capacity: 3G
 Heap Max Capacity: 3G
 Pre-touch: Disabled
 Parallel Workers: 8
Heap:
 PSYoungGen      total 917504K, used 0K [0x00007f3689000000, 0x00007f36c9000000, 0x00007f36c9000000)
  eden space 786432K, 0% used [0x00007f3689000000,0x00007f3689000000,0x00007f36b9000000)
  from space 131072K, 0% used [0x00007f36b9000000,0x00007f36b9000000,0x00007f36c1000000)
  to   space 131072K, 0% used [0x00007f36c1000000,0x00007f36c1000000,0x00007f36c9000000)
 ParOldGen       total 2097152K, used 1312092K [0x00007f3609000000, 0x00007f3689000000, 0x00007f3689000000)
  object space 2097152K, 62% used [0x00007f3609000000,0x00007f36591570e8,0x00007f3689000000)
 Metaspace       used 7095K, committed 7168K, reserved 8192K
GC Heap History (13 events):
Event: 1.717 GC heap before
{Heap before GC invocations=1 (full 0):
 PSYoungGen      total 917504K, used 786432K [0x00007f3689000000, 0x00007f36c9000000, 0x00007f36c9000000)
  eden space 786432K, 100% used [0x00007f3689000000,0x00007f36b9000000,0x00007f36b9000000)
  from space 131072K, 0% used [0x00007f36c1000000,0x00007f36c1000000,0x00007f36c9000000)
  to   space 131072K, 0% used [0x00007f36b9000000,0x00007f36b9000000,0x00007f36c1000000)
 ParOldGen       total 2097152K, used 0K [0x00007f3609000000, 0x00007f3689000000, 0x00007f3689000000)
  object space 2097152K, 0% used [0x00007f3609000000,0x00007f3609000000,0x00007f3689000000)
 Metaspace       used 7053K, committed 7104K, reserved 8192K
}
Event: 2.004 GC heap after
{Heap after GC invocations=1 (full 0):
 PSYoungGen      total 917504K, used 131049K [0x00007f3689000000, 0x00007f36c9000000, 0x00007f36c9000000)
  eden space 786432K, 0% used [0x00007f3689000000,0x00007f3689000000,0x00007f36b9000000)
  from space 131072K, 99% used [0x00007f36b9000000,0x00007f36c0ffa620,0x00007f36c1000000)
  to   space 131072K, 0% used [0x00007f36c1000000,0x00007f36c1000000,0x00007f36c9000000)
 ParOldGen       total 2097152K, used 502208K [0x00007f3609000000, 0x00007f3689000000, 0x00007f3689000000)
  object space 2097152K, 23% used [0x00007f3609000000,0x00007f3627a70000,0x00007f3689000000)
 Metaspace       used 7053K, committed 7104K, reserved 8192K
}
Event: 2.289 GC heap before
{Heap before GC invocations=2 (full 0):
 PSYoungGen      total 917504K, used 917481K [0x00007f3689000000, 0x00007f36c9000000, 0x00007f36c9000000)
  eden space 786432K, 100% used [0x00007f3689000000,0x00007f36b9000000,0x00007f36b9000000)
  from space 131072K, 99% used [0x00007f36b9000000,0x00007f36c0ffa620,0x00007f36c1000000)
  to   space 131072K, 0% used [0x00007f36c1000000,0x00007f36c1000000,0x00007f36c9000000)
 ParOldGen       total 2097152K, used 502208K [0x00007f3609000000, 0x00007f3689000000, 0x00007f3689000000)
  object space 2097152K, 23% used [0x00007f3609000000,0x00007f3627a70000,0x00007f3689000000)
 Metaspace       used 7053K, committed 7104K, reserved 8192K
}
Event: 2.632 GC heap after
{Heap after GC invocations=2 (full 0):
 PSYoungGen      total 917504K, used 131055K [0x00007f3689000000, 0x00007f36c9000000, 0x00007f36c9000000)
  eden space 786432K, 0% used [0x00007f3689000000,0x00007f3689000000,0x00007f36b9000000)
  from space 131072K, 99% used [0x00007f36c1000000,0x00007f36c8ffbff8,0x00007f36c9000000)
  to   space 131072K, 0% used [0x00007f36b9000000,0x00007f36b9000000,0x00007f36c1000000)
 ParOldGen       total 2097152K, used 1153424K [0x00007f3609000000, 0x00007f3689000000, 0x00007f3689000000)
  object space 2097152K, 54% used [0x00007f3609000000,0x00007f364f664000,0x00007f3689000000)
 Metaspace       used 7053K, committed 7104K, reserved 8192K
}
Event: 2.921 GC heap before
{Heap before GC invocations=3 (full 0):
 PSYoungGen      total 917504K, used 917487K [0x00007f3689000000, 0x00007f36c9000000, 0x00007f36c9000000)
  eden space 786432K, 100% used [0x00007f3689000000,0x00007f36b9000000,0x00007f36b9000000)
  from space 131072K, 99% used [0x00007f36c1000000,0x00007f36c8ffbff8,0x00007f36c9000000)
  to   space 131072K, 0% used [0x00007f36b9000000,0x00007f36b9000000,0x00007f36c1000000)
 ParOldGen       total 2097152K, used 1153424K [0x00007f3609000000, 0x00007f3689000000, 0x00007f3689000000)
  object space 2097152K, 54% used [0x00007f3609000000,0x00007f364f664000,0x00007f3689000000)
 Metaspace       used 7053K, committed 7104K, reserved 8192K
}
Event: 3.292 GC heap after
{Heap after GC invocations=3 (full 0):
 PSYoungGen      total 917504K, used 131045K [0x00007f3689000000, 0x00007f36c9000000, 0x00007f36c9000000)
  eden space 786432K, 0% used [0x00007f3689000000,0x00007f3689000000,0x00007f36b9000000)
  from space 131072K, 99% used [0x00007f36b9000000,0x00007f36c0ff9510,0x00007f36c1000000)
  to   space 131072K, 0% used [0x00007f36c1000000,0x00007f36c1000000,0x00007f36c9000000)
 ParOldGen       total 2097152K, used 1810630K [0x00007f3609000000, 0x00007f3689000000, 0x00007f3689000000)
  object space 2097152K, 86% used [0x00007f3609000000,0x00007f36778318c0,0x00007f3689000000)
 Metaspace       used 7053K, committed 7104K, reserved 8192K
}
Event: 3.292 GC heap before
{Heap before GC invocations=4 (full 1):
 PSYoungGen      total 917504K, used 131045K [0x00007f3689000000, 0x00007f36c9000000, 0x00007f36c9000000)
  eden space 786432K, 0% used [0x00007f3689000000,0x00007f3689000000,0x00007f36b9000000)
  from space 131072K, 99% used [0x00007f36b9000000,0x00007f36c0ff9510,0x00007f36c1000000)
  to   space 131072K, 0% used [0x00007f36c1000000,0x00007f36c1000000,0x00007f36c9000000)
 ParOldGen       total 2097152K, used 1810630K [0x00007f3609000000, 0x00007f3689000000, 0x00007f3689000000)
  object space 2097152K, 86% used [0x00007f3609000000,0x00007f36778318c0,0x00007f3689000000)
 Metaspace       used 7053K, committed 7104K, reserved 8192K
}
Event: 5.436 GC heap after
{Heap after GC invocations=4 (full 1):
 PSYoungGen      total 917504K, used 0K [0x00007f3689000000, 0x00007f36c9000000, 0x00007f36c9000000)
  eden space 786432K, 0% used [0x00007f3689000000,0x00007f3689000000,0x00007f36b9000000)
  from space 131072K, 0% used [0x00007f36c1000000,0x00007f36c1000000,0x00007f36c9000000)
  to   space 131072K, 0% used [0x00007f36b9000000,0x00007f36b9000000,0x00007f36c1000000)
 ParOldGen       total 2097152K, used 1929354K [0x00007f3609000000, 0x00007f3689000000, 0x00007f3689000000)
  object space 2097152K, 91% used [0x00007f3609000000,0x00007f367ec22a30,0x00007f3689000000)
 Metaspace       used 7053K, committed 7104K, reserved 8192K
}
Event: 6.351 GC heap before
{Heap before GC invocations=5 (full 2):
 PSYoungGen      total 917504K, used 418933K [0x00007f3689000000, 0x00007f36c9000000, 0x00007f36c9000000)
  eden space 786432K, 53% used [0x00007f3689000000,0x00007f36a291d5b8,0x00007f36b9000000)
  from space 131072K, 0% used [0x00007f36c1000000,0x00007f36c1000000,0x00007f36c9000000)
  to   space 131072K, 0% used [0x00007f36b9000000,0x00007f36b9000000,0x00007f36c1000000)
 ParOldGen       total 2097152K, used 1929354K [0x00007f3609000000, 0x00007f3689000000, 0x00007f3689000000)
  object space 2097152K, 91% used [0x00007f3609000000,0x00007f367ec22a30,0x00007f3689000000)
 Metaspace       used 7088K, committed 7168K, reserved 8192K
}
Event: 12.305 GC heap after
{Heap after GC invocations=5 (full 2):
 PSYoungGen      total 917504K, used 0K [0x00007f3689000000, 0x00007f36c9000000, 0x00007f36c9000000)
  eden space 786432K, 0% used [0x00007f3689000000,0x00007f3689000000,0x00007f36b9000000)
  from space 131072K, 0% used [0x00007f36c1000000,0x00007f36c1000000,0x00007f36c9000000)
  to   space 131072K, 0% used [0x00007f36b9000000,0x00007f36b9000000,0x00007f36c1000000)
 ParOldGen       total 2097152K, used 1312092K [0x00007f3609000000, 0x00007f3689000000, 0x00007f3689000000)
  object space 2097152K, 62% used [0x00007f3609000000,0x00007f36591570e8,0x00007f3689000000)
 Metaspace       used 7088K, committed 7168K, reserved 8192K
}
Event: 12.501 GC heap before
{Heap before GC invocations=6 (full 2):
 PSYoungGen      total 917504K, used 15187K [0x00007f3689000000, 0x00007f36c9000000, 0x00007f36c9000000)
  eden space 786432K, 1% used [0x00007f3689000000,0x00007f3689ed4e90,0x00007f36b9000000)
  from space 131072K, 0% used [0x00007f36c1000000,0x00007f36c1000000,0x00007f36c9000000)
  to   space 131072K, 0% used [0x00007f36b9000000,0x00007f36b9000000,0x00007f36c1000000)
 ParOldGen       total 2097152K, used 1312092K [0x00007f3609000000, 0x00007f3689000000, 0x00007f3689000000)
  object space 2097152K, 62% used [0x00007f3609000000,0x00007f36591570e8,0x00007f3689000000)
 Metaspace       used 7095K, committed 7168K, reserved 8192K
}
Event: 12.739 GC heap after
{Heap after GC invocations=6 (full 2):
 PSYoungGen      total 917504K, used 0K [0x00007f3689000000, 0x00007f36c9000000, 0x00007f36c9000000)
  eden space 786432K, 0% used [0x00007f3689000000,0x00007f3689000000,0x00007f36b9000000)
  from space 131072K, 0% used [0x00007f36b9000000,0x00007f36b9000000,0x00007f36c1000000)
  to   space 131072K, 0% used [0x00007f36c1000000,0x00007f36c1000000,0x00007f36c9000000)
 ParOldGen       total 2097152K, used 1312092K [0x00007f3609000000, 0x00007f3689000000, 0x00007f3689000000)
  object space 2097152K, 62% used [0x00007f3609000000,0x00007f36591570e8,0x00007f3689000000)
 Metaspace       used 7095K, committed 7168K, reserved 8192K
}
Event: 12.739 GC heap before
{Heap before GC invocations=7 (full 3):
 PSYoungGen      total 917504K, used 0K [0x00007f3689000000, 0x00007f36c9000000, 0x00007f36c9000000)
  eden space 786432K, 0% used [0x00007f3689000000,0x00007f3689000000,0x00007f36b9000000)
  from space 131072K, 0% used [0x00007f36b9000000,0x00007f36b9000000,0x00007f36c1000000)
  to   space 131072K, 0% used [0x00007f36c1000000,0x00007f36c1000000,0x00007f36c9000000)
 ParOldGen       total 2097152K, used 1312092K [0x00007f3609000000, 0x00007f3689000000, 0x00007f3689000000)
  object space 2097152K, 62% used [0x00007f3609000000,0x00007f36591570e8,0x00007f3689000000)
 Metaspace       used 7095K, committed 7168K, reserved 8192K
}

