# JRE version: OpenJDK Runtime Environment (17.0.6) (fastdebug build 17.0.6-internal+0-adhoc.konstdelis.jdk17u067)
# Java VM: OpenJDK 64-Bit Server VM (fastdebug 17.0.6-internal+0-adhoc.konstdelis.jdk17u067, mixed mode, tiered, parallel gc, linux-amd64)
GC Precious Log:
 CPUs: 32 total, 32 available
 Memory: 251G
 Large Page Support: Disabled
 NUMA Support: Disabled
 Compressed Oops: Disabled
 Alignments: Space 512K, Generation 512K, Heap 2M
 Heap Min Capacity: 3G
 Heap Initial Capacity: 3G
 Heap Max Capacity: 3G
 Pre-touch: Disabled
 Parallel Workers: 8
Heap:
 PSYoungGen      total 917504K, used 31457K [0x00007f43e1000000, 0x00007f4421000000, 0x00007f4421000000)
  eden space 786432K, 4% used [0x00007f43e1000000,0x00007f43e2eb86f8,0x00007f4411000000)
  from space 131072K, 0% used [0x00007f4419000000,0x00007f4419000000,0x00007f4421000000)
  to   space 131072K, 0% used [0x00007f4411000000,0x00007f4411000000,0x00007f4419000000)
 ParOldGen       total 2097152K, used 433961K [0x00007f4361000000, 0x00007f43e1000000, 0x00007f43e1000000)
  object space 2097152K, 20% used [0x00007f4361000000,0x00007f437b7ca590,0x00007f43e1000000)
 Metaspace       used 7425K, committed 7488K, reserved 8192K
GC Heap History (20 events):
Event: 4,550 GC heap before
{Heap before GC invocations=3 (full 1):
 PSYoungGen      total 917504K, used 15728K [0x00007f43e1000000, 0x00007f4421000000, 0x00007f4421000000)
  eden space 786432K, 2% used [0x00007f43e1000000,0x00007f43e1f5c2c8,0x00007f4411000000)
  from space 131072K, 0% used [0x00007f4411000000,0x00007f4411000000,0x00007f4419000000)
  to   space 131072K, 0% used [0x00007f4419000000,0x00007f4419000000,0x00007f4421000000)
 ParOldGen       total 2097152K, used 162634K [0x00007f4361000000, 0x00007f43e1000000, 0x00007f43e1000000)
  object space 2097152K, 7% used [0x00007f4361000000,0x00007f436aed2b48,0x00007f43e1000000)
 Metaspace       used 7422K, committed 7488K, reserved 8192K
}
Event: 4,582 GC heap after
{Heap after GC invocations=3 (full 1):
 PSYoungGen      total 917504K, used 0K [0x00007f43e1000000, 0x00007f4421000000, 0x00007f4421000000)
  eden space 786432K, 0% used [0x00007f43e1000000,0x00007f43e1000000,0x00007f4411000000)
  from space 131072K, 0% used [0x00007f4419000000,0x00007f4419000000,0x00007f4421000000)
  to   space 131072K, 0% used [0x00007f4411000000,0x00007f4411000000,0x00007f4419000000)
 ParOldGen       total 2097152K, used 162634K [0x00007f4361000000, 0x00007f43e1000000, 0x00007f43e1000000)
  object space 2097152K, 7% used [0x00007f4361000000,0x00007f436aed2b48,0x00007f43e1000000)
 Metaspace       used 7422K, committed 7488K, reserved 8192K
}
Event: 4,583 GC heap before
{Heap before GC invocations=4 (full 2):
 PSYoungGen      total 917504K, used 0K [0x00007f43e1000000, 0x00007f4421000000, 0x00007f4421000000)
  eden space 786432K, 0% used [0x00007f43e1000000,0x00007f43e1000000,0x00007f4411000000)
  from space 131072K, 0% used [0x00007f4419000000,0x00007f4419000000,0x00007f4421000000)
  to   space 131072K, 0% used [0x00007f4411000000,0x00007f4411000000,0x00007f4419000000)
 ParOldGen       total 2097152K, used 162634K [0x00007f4361000000, 0x00007f43e1000000, 0x00007f43e1000000)
  object space 2097152K, 7% used [0x00007f4361000000,0x00007f436aed2b48,0x00007f43e1000000)
 Metaspace       used 7422K, committed 7488K, reserved 8192K
}
Event: 5,863 GC heap after
{Heap after GC invocations=4 (full 2):
 PSYoungGen      total 917504K, used 0K [0x00007f43e1000000, 0x00007f4421000000, 0x00007f4421000000)
  eden space 786432K, 0% used [0x00007f43e1000000,0x00007f43e1000000,0x00007f4411000000)
  from space 131072K, 0% used [0x00007f4419000000,0x00007f4419000000,0x00007f4421000000)
  to   space 131072K, 0% used [0x00007f4411000000,0x00007f4411000000,0x00007f4419000000)
 ParOldGen       total 2097152K, used 223507K [0x00007f4361000000, 0x00007f43e1000000, 0x00007f43e1000000)
  object space 2097152K, 10% used [0x00007f4361000000,0x00007f436ea44f00,0x00007f43e1000000)
 Metaspace       used 7422K, committed 7488K, reserved 8192K
}
Event: 5,874 GC heap before
{Heap before GC invocations=5 (full 2):
 PSYoungGen      total 917504K, used 15728K [0x00007f43e1000000, 0x00007f4421000000, 0x00007f4421000000)
  eden space 786432K, 2% used [0x00007f43e1000000,0x00007f43e1f5c2c8,0x00007f4411000000)
  from space 131072K, 0% used [0x00007f4419000000,0x00007f4419000000,0x00007f4421000000)
  to   space 131072K, 0% used [0x00007f4411000000,0x00007f4411000000,0x00007f4419000000)
 ParOldGen       total 2097152K, used 223507K [0x00007f4361000000, 0x00007f43e1000000, 0x00007f43e1000000)
  object space 2097152K, 10% used [0x00007f4361000000,0x00007f436ea44f00,0x00007f43e1000000)
 Metaspace       used 7422K, committed 7488K, reserved 8192K
}
Event: 5,877 GC heap after
{Heap after GC invocations=5 (full 2):
 PSYoungGen      total 917504K, used 0K [0x00007f43e1000000, 0x00007f4421000000, 0x00007f4421000000)
  eden space 786432K, 0% used [0x00007f43e1000000,0x00007f43e1000000,0x00007f4411000000)
  from space 131072K, 0% used [0x00007f4411000000,0x00007f4411000000,0x00007f4419000000)
  to   space 131072K, 0% used [0x00007f4419000000,0x00007f4419000000,0x00007f4421000000)
 ParOldGen       total 2097152K, used 223507K [0x00007f4361000000, 0x00007f43e1000000, 0x00007f43e1000000)
  object space 2097152K, 10% used [0x00007f4361000000,0x00007f436ea44f00,0x00007f43e1000000)
 Metaspace       used 7422K, committed 7488K, reserved 8192K
}
Event: 5,878 GC heap before
{Heap before GC invocations=6 (full 3):
 PSYoungGen      total 917504K, used 0K [0x00007f43e1000000, 0x00007f4421000000, 0x00007f4421000000)
  eden space 786432K, 0% used [0x00007f43e1000000,0x00007f43e1000000,0x00007f4411000000)
  from space 131072K, 0% used [0x00007f4411000000,0x00007f4411000000,0x00007f4419000000)
  to   space 131072K, 0% used [0x00007f4419000000,0x00007f4419000000,0x00007f4421000000)
 ParOldGen       total 2097152K, used 223507K [0x00007f4361000000, 0x00007f43e1000000, 0x00007f43e1000000)
  object space 2097152K, 10% used [0x00007f4361000000,0x00007f436ea44f00,0x00007f43e1000000)
 Metaspace       used 7422K, committed 7488K, reserved 8192K
}
Event: 7,410 GC heap after
{Heap after GC invocations=6 (full 3):
 PSYoungGen      total 917504K, used 0K [0x00007f43e1000000, 0x00007f4421000000, 0x00007f4421000000)
  eden space 786432K, 0% used [0x00007f43e1000000,0x00007f43e1000000,0x00007f4411000000)
  from space 131072K, 0% used [0x00007f4411000000,0x00007f4411000000,0x00007f4419000000)
  to   space 131072K, 0% used [0x00007f4419000000,0x00007f4419000000,0x00007f4421000000)
 ParOldGen       total 2097152K, used 284385K [0x00007f4361000000, 0x00007f43e1000000, 0x00007f43e1000000)
  object space 2097152K, 13% used [0x00007f4361000000,0x00007f43725b8738,0x00007f43e1000000)
 Metaspace       used 7422K, committed 7488K, reserved 8192K
}
Event: 7,420 GC heap before
{Heap before GC invocations=7 (full 3):
 PSYoungGen      total 917504K, used 15728K [0x00007f43e1000000, 0x00007f4421000000, 0x00007f4421000000)
  eden space 786432K, 2% used [0x00007f43e1000000,0x00007f43e1f5c2c8,0x00007f4411000000)
  from space 131072K, 0% used [0x00007f4411000000,0x00007f4411000000,0x00007f4419000000)
  to   space 131072K, 0% used [0x00007f4419000000,0x00007f4419000000,0x00007f4421000000)
 ParOldGen       total 2097152K, used 284385K [0x00007f4361000000, 0x00007f43e1000000, 0x00007f43e1000000)
  object space 2097152K, 13% used [0x00007f4361000000,0x00007f43725b8738,0x00007f43e1000000)
 Metaspace       used 7422K, committed 7488K, reserved 8192K
}
Event: 7,424 GC heap after
{Heap after GC invocations=7 (full 3):
 PSYoungGen      total 917504K, used 0K [0x00007f43e1000000, 0x00007f4421000000, 0x00007f4421000000)
  eden space 786432K, 0% used [0x00007f43e1000000,0x00007f43e1000000,0x00007f4411000000)
  from space 131072K, 0% used [0x00007f4419000000,0x00007f4419000000,0x00007f4421000000)
  to   space 131072K, 0% used [0x00007f4411000000,0x00007f4411000000,0x00007f4419000000)
 ParOldGen       total 2097152K, used 284385K [0x00007f4361000000, 0x00007f43e1000000, 0x00007f43e1000000)
  object space 2097152K, 13% used [0x00007f4361000000,0x00007f43725b8738,0x00007f43e1000000)
 Metaspace       used 7422K, committed 7488K, reserved 8192K
}
Event: 7,424 GC heap before
{Heap before GC invocations=8 (full 4):
 PSYoungGen      total 917504K, used 0K [0x00007f43e1000000, 0x00007f4421000000, 0x00007f4421000000)
  eden space 786432K, 0% used [0x00007f43e1000000,0x00007f43e1000000,0x00007f4411000000)
  from space 131072K, 0% used [0x00007f4419000000,0x00007f4419000000,0x00007f4421000000)
  to   space 131072K, 0% used [0x00007f4411000000,0x00007f4411000000,0x00007f4419000000)
 ParOldGen       total 2097152K, used 284385K [0x00007f4361000000, 0x00007f43e1000000, 0x00007f43e1000000)
  object space 2097152K, 13% used [0x00007f4361000000,0x00007f43725b8738,0x00007f43e1000000)
 Metaspace       used 7422K, committed 7488K, reserved 8192K
}
Event: 8,066 GC heap after
{Heap after GC invocations=8 (full 4):
 PSYoungGen      total 917504K, used 0K [0x00007f43e1000000, 0x00007f4421000000, 0x00007f4421000000)
  eden space 786432K, 0% used [0x00007f43e1000000,0x00007f43e1000000,0x00007f4411000000)
  from space 131072K, 0% used [0x00007f4419000000,0x00007f4419000000,0x00007f4421000000)
  to   space 131072K, 0% used [0x00007f4411000000,0x00007f4411000000,0x00007f4419000000)
 ParOldGen       total 2097152K, used 319809K [0x00007f4361000000, 0x00007f43e1000000, 0x00007f43e1000000)
  object space 2097152K, 15% used [0x00007f4361000000,0x00007f43748506d8,0x00007f43e1000000)
 Metaspace       used 7422K, committed 7488K, reserved 8192K
}
Event: 8,177 GC heap before
{Heap before GC invocations=9 (full 4):
 PSYoungGen      total 917504K, used 161439K [0x00007f43e1000000, 0x00007f4421000000, 0x00007f4421000000)
  eden space 786432K, 20% used [0x00007f43e1000000,0x00007f43eada7e18,0x00007f4411000000)
  from space 131072K, 0% used [0x00007f4419000000,0x00007f4419000000,0x00007f4421000000)
  to   space 131072K, 0% used [0x00007f4411000000,0x00007f4411000000,0x00007f4419000000)
 ParOldGen       total 2097152K, used 319809K [0x00007f4361000000, 0x00007f43e1000000, 0x00007f43e1000000)
  object space 2097152K, 15% used [0x00007f4361000000,0x00007f43748506d8,0x00007f43e1000000)
 Metaspace       used 7422K, committed 7488K, reserved 8192K
}
Event: 8,354 GC heap after
{Heap after GC invocations=9 (full 4):
 PSYoungGen      total 917504K, used 130294K [0x00007f43e1000000, 0x00007f4421000000, 0x00007f4421000000)
  eden space 786432K, 0% used [0x00007f43e1000000,0x00007f43e1000000,0x00007f4411000000)
  from space 131072K, 99% used [0x00007f4411000000,0x00007f4418f3d808,0x00007f4419000000)
  to   space 131072K, 0% used [0x00007f4419000000,0x00007f4419000000,0x00007f4421000000)
 ParOldGen       total 2097152K, used 319809K [0x00007f4361000000, 0x00007f43e1000000, 0x00007f43e1000000)
  object space 2097152K, 15% used [0x00007f4361000000,0x00007f43748506d8,0x00007f43e1000000)
 Metaspace       used 7422K, committed 7488K, reserved 8192K
}
Event: 8,355 GC heap before
{Heap before GC invocations=10 (full 5):
 PSYoungGen      total 917504K, used 130294K [0x00007f43e1000000, 0x00007f4421000000, 0x00007f4421000000)
  eden space 786432K, 0% used [0x00007f43e1000000,0x00007f43e1000000,0x00007f4411000000)
  from space 131072K, 99% used [0x00007f4411000000,0x00007f4418f3d808,0x00007f4419000000)
  to   space 131072K, 0% used [0x00007f4419000000,0x00007f4419000000,0x00007f4421000000)
 ParOldGen       total 2097152K, used 319809K [0x00007f4361000000, 0x00007f43e1000000, 0x00007f43e1000000)
  object space 2097152K, 15% used [0x00007f4361000000,0x00007f43748506d8,0x00007f43e1000000)
 Metaspace       used 7422K, committed 7488K, reserved 8192K
}
Event: 10,585 GC heap after
{Heap after GC invocations=10 (full 5):
 PSYoungGen      total 917504K, used 0K [0x00007f43e1000000, 0x00007f4421000000, 0x00007f4421000000)
  eden space 786432K, 0% used [0x00007f43e1000000,0x00007f43e1000000,0x00007f4411000000)
  from space 131072K, 0% used [0x00007f4411000000,0x00007f4411000000,0x00007f4419000000)
  to   space 131072K, 0% used [0x00007f4419000000,0x00007f4419000000,0x00007f4421000000)
 ParOldGen       total 2097152K, used 500541K [0x00007f4361000000, 0x00007f43e1000000, 0x00007f43e1000000)
  object space 2097152K, 23% used [0x00007f4361000000,0x00007f437f8cf770,0x00007f43e1000000)
 Metaspace       used 7422K, committed 7488K, reserved 8192K
}
Event: 10,595 GC heap before
{Heap before GC invocations=11 (full 5):
 PSYoungGen      total 917504K, used 15728K [0x00007f43e1000000, 0x00007f4421000000, 0x00007f4421000000)
  eden space 786432K, 2% used [0x00007f43e1000000,0x00007f43e1f5c2c8,0x00007f4411000000)
  from space 131072K, 0% used [0x00007f4411000000,0x00007f4411000000,0x00007f4419000000)
  to   space 131072K, 0% used [0x00007f4419000000,0x00007f4419000000,0x00007f4421000000)
 ParOldGen       total 2097152K, used 500541K [0x00007f4361000000, 0x00007f43e1000000, 0x00007f43e1000000)
  object space 2097152K, 23% used [0x00007f4361000000,0x00007f437f8cf770,0x00007f43e1000000)
 Metaspace       used 7422K, committed 7488K, reserved 8192K
}
Event: 10,624 GC heap after
{Heap after GC invocations=11 (full 5):
 PSYoungGen      total 917504K, used 0K [0x00007f43e1000000, 0x00007f4421000000, 0x00007f4421000000)
  eden space 786432K, 0% used [0x00007f43e1000000,0x00007f43e1000000,0x00007f4411000000)
  from space 131072K, 0% used [0x00007f4419000000,0x00007f4419000000,0x00007f4421000000)
  to   space 131072K, 0% used [0x00007f4411000000,0x00007f4411000000,0x00007f4419000000)
 ParOldGen       total 2097152K, used 500541K [0x00007f4361000000, 0x00007f43e1000000, 0x00007f43e1000000)
  object space 2097152K, 23% used [0x00007f4361000000,0x00007f437f8cf770,0x00007f43e1000000)
 Metaspace       used 7422K, committed 7488K, reserved 8192K
}
Event: 10,624 GC heap before
{Heap before GC invocations=12 (full 6):
 PSYoungGen      total 917504K, used 0K [0x00007f43e1000000, 0x00007f4421000000, 0x00007f4421000000)
  eden space 786432K, 0% used [0x00007f43e1000000,0x00007f43e1000000,0x00007f4411000000)
  from space 131072K, 0% used [0x00007f4419000000,0x00007f4419000000,0x00007f4421000000)
  to   space 131072K, 0% used [0x00007f4411000000,0x00007f4411000000,0x00007f4419000000)
 ParOldGen       total 2097152K, used 500541K [0x00007f4361000000, 0x00007f43e1000000, 0x00007f43e1000000)
  object space 2097152K, 23% used [0x00007f4361000000,0x00007f437f8cf770,0x00007f43e1000000)
 Metaspace       used 7422K, committed 7488K, reserved 8192K
}
Event: 12,688 GC heap after
{Heap after GC invocations=12 (full 6):
 PSYoungGen      total 917504K, used 0K [0x00007f43e1000000, 0x00007f4421000000, 0x00007f4421000000)
  eden space 786432K, 0% used [0x00007f43e1000000,0x00007f43e1000000,0x00007f4411000000)
  from space 131072K, 0% used [0x00007f4419000000,0x00007f4419000000,0x00007f4421000000)
  to   space 131072K, 0% used [0x00007f4411000000,0x00007f4411000000,0x00007f4419000000)
 ParOldGen       total 2097152K, used 433961K [0x00007f4361000000, 0x00007f43e1000000, 0x00007f43e1000000)
  object space 2097152K, 20% used [0x00007f4361000000,0x00007f437b7ca590,0x00007f43e1000000)
 Metaspace       used 7422K, committed 7488K, reserved 8192K
}

