# JRE version: OpenJDK Runtime Environment (17.0.6) (build 17.0.6-internal+0-adhoc.konstdelis.jdk17u067)
# Java VM: OpenJDK 64-Bit Server VM (17.0.6-internal+0-adhoc.konstdelis.jdk17u067, mixed mode, tiered, parallel gc, linux-amd64)
GC Precious Log:
 CPUs: 32 total, 32 available
 Memory: 251G
 Large Page Support: Disabled
 NUMA Support: Disabled
 Compressed Oops: Disabled
 Alignments: Space 512K, Generation 512K, Heap 2M
 Heap Min Capacity: 3G
 Heap Initial Capacity: 3G
 Heap Max Capacity: 3G
 Pre-touch: Disabled
 Parallel Workers: 8
Heap:
 PSYoungGen      total 917504K, used 131070K [0x00007e77d1000000, 0x00007e7811000000, 0x00007e7811000000)
  eden space 786432K, 0% used [0x00007e77d1000000,0x00007e77d1000000,0x00007e7801000000)
  from space 131072K, 99% used [0x00007e7801000000,0x00007e7808fff8e0,0x00007e7809000000)
  to   space 131072K, 0% used [0x00007e7809000000,0x00007e7809000000,0x00007e7811000000)
 ParOldGen       total 2097152K, used 1811869K [0x00007e7751000000, 0x00007e77d1000000, 0x00007e77d1000000)
  object space 2097152K, 86% used [0x00007e7751000000,0x00007e77bf967510,0x00007e77d1000000)
 Metaspace       used 7053K, committed 7104K, reserved 8192K
GC Heap History (7 events):
Event: 1,795 GC heap before
{Heap before GC invocations=1 (full 0):
 PSYoungGen      total 917504K, used 786432K [0x00007e77d1000000, 0x00007e7811000000, 0x00007e7811000000)
  eden space 786432K, 100% used [0x00007e77d1000000,0x00007e7801000000,0x00007e7801000000)
  from space 131072K, 0% used [0x00007e7809000000,0x00007e7809000000,0x00007e7811000000)
  to   space 131072K, 0% used [0x00007e7801000000,0x00007e7801000000,0x00007e7809000000)
 ParOldGen       total 2097152K, used 0K [0x00007e7751000000, 0x00007e77d1000000, 0x00007e77d1000000)
  object space 2097152K, 0% used [0x00007e7751000000,0x00007e7751000000,0x00007e77d1000000)
 Metaspace       used 7053K, committed 7104K, reserved 8192K
}
Event: 2,083 GC heap after
{Heap after GC invocations=1 (full 0):
 PSYoungGen      total 917504K, used 131065K [0x00007e77d1000000, 0x00007e7811000000, 0x00007e7811000000)
  eden space 786432K, 0% used [0x00007e77d1000000,0x00007e77d1000000,0x00007e7801000000)
  from space 131072K, 99% used [0x00007e7801000000,0x00007e7808ffe600,0x00007e7809000000)
  to   space 131072K, 0% used [0x00007e7809000000,0x00007e7809000000,0x00007e7811000000)
 ParOldGen       total 2097152K, used 503264K [0x00007e7751000000, 0x00007e77d1000000, 0x00007e77d1000000)
  object space 2097152K, 23% used [0x00007e7751000000,0x00007e776fb78000,0x00007e77d1000000)
 Metaspace       used 7053K, committed 7104K, reserved 8192K
}
Event: 2,369 GC heap before
{Heap before GC invocations=2 (full 0):
 PSYoungGen      total 917504K, used 917497K [0x00007e77d1000000, 0x00007e7811000000, 0x00007e7811000000)
  eden space 786432K, 100% used [0x00007e77d1000000,0x00007e7801000000,0x00007e7801000000)
  from space 131072K, 99% used [0x00007e7801000000,0x00007e7808ffe600,0x00007e7809000000)
  to   space 131072K, 0% used [0x00007e7809000000,0x00007e7809000000,0x00007e7811000000)
 ParOldGen       total 2097152K, used 503264K [0x00007e7751000000, 0x00007e77d1000000, 0x00007e77d1000000)
  object space 2097152K, 23% used [0x00007e7751000000,0x00007e776fb78000,0x00007e77d1000000)
 Metaspace       used 7053K, committed 7104K, reserved 8192K
}
Event: 2,711 GC heap after
{Heap after GC invocations=2 (full 0):
 PSYoungGen      total 917504K, used 131040K [0x00007e77d1000000, 0x00007e7811000000, 0x00007e7811000000)
  eden space 786432K, 0% used [0x00007e77d1000000,0x00007e77d1000000,0x00007e7801000000)
  from space 131072K, 99% used [0x00007e7809000000,0x00007e7810ff8018,0x00007e7811000000)
  to   space 131072K, 0% used [0x00007e7801000000,0x00007e7801000000,0x00007e7809000000)
 ParOldGen       total 2097152K, used 1154824K [0x00007e7751000000, 0x00007e77d1000000, 0x00007e77d1000000)
  object space 2097152K, 55% used [0x00007e7751000000,0x00007e77977c2000,0x00007e77d1000000)
 Metaspace       used 7053K, committed 7104K, reserved 8192K
}
Event: 3,001 GC heap before
{Heap before GC invocations=3 (full 0):
 PSYoungGen      total 917504K, used 917472K [0x00007e77d1000000, 0x00007e7811000000, 0x00007e7811000000)
  eden space 786432K, 100% used [0x00007e77d1000000,0x00007e7801000000,0x00007e7801000000)
  from space 131072K, 99% used [0x00007e7809000000,0x00007e7810ff8018,0x00007e7811000000)
  to   space 131072K, 0% used [0x00007e7801000000,0x00007e7801000000,0x00007e7809000000)
 ParOldGen       total 2097152K, used 1154824K [0x00007e7751000000, 0x00007e77d1000000, 0x00007e77d1000000)
  object space 2097152K, 55% used [0x00007e7751000000,0x00007e77977c2000,0x00007e77d1000000)
 Metaspace       used 7053K, committed 7104K, reserved 8192K
}
Event: 3,347 GC heap after
{Heap after GC invocations=3 (full 0):
 PSYoungGen      total 917504K, used 131070K [0x00007e77d1000000, 0x00007e7811000000, 0x00007e7811000000)
  eden space 786432K, 0% used [0x00007e77d1000000,0x00007e77d1000000,0x00007e7801000000)
  from space 131072K, 99% used [0x00007e7801000000,0x00007e7808fff8e0,0x00007e7809000000)
  to   space 131072K, 0% used [0x00007e7809000000,0x00007e7809000000,0x00007e7811000000)
 ParOldGen       total 2097152K, used 1811869K [0x00007e7751000000, 0x00007e77d1000000, 0x00007e77d1000000)
  object space 2097152K, 86% used [0x00007e7751000000,0x00007e77bf967510,0x00007e77d1000000)
 Metaspace       used 7053K, committed 7104K, reserved 8192K
}
Event: 3,347 GC heap before
{Heap before GC invocations=4 (full 1):
 PSYoungGen      total 917504K, used 131070K [0x00007e77d1000000, 0x00007e7811000000, 0x00007e7811000000)
  eden space 786432K, 0% used [0x00007e77d1000000,0x00007e77d1000000,0x00007e7801000000)
  from space 131072K, 99% used [0x00007e7801000000,0x00007e7808fff8e0,0x00007e7809000000)
  to   space 131072K, 0% used [0x00007e7809000000,0x00007e7809000000,0x00007e7811000000)
 ParOldGen       total 2097152K, used 1811869K [0x00007e7751000000, 0x00007e77d1000000, 0x00007e77d1000000)
  object space 2097152K, 86% used [0x00007e7751000000,0x00007e77bf967510,0x00007e77d1000000)
 Metaspace       used 7053K, committed 7104K, reserved 8192K
}

