# JRE version: OpenJDK Runtime Environment (17.0.6) (fastdebug build 17.0.6-internal+0-adhoc.konstdelis.jdk17u067)
# Java VM: OpenJDK 64-Bit Server VM (fastdebug 17.0.6-internal+0-adhoc.konstdelis.jdk17u067, mixed mode, tiered, parallel gc, linux-amd64)
GC Precious Log:
 CPUs: 32 total, 32 available
 Memory: 251G
 Large Page Support: Disabled
 NUMA Support: Disabled
 Compressed Oops: Disabled
 Alignments: Space 512K, Generation 512K, Heap 2M
 Heap Min Capacity: 3G
 Heap Initial Capacity: 3G
 Heap Max Capacity: 3G
 Pre-touch: Disabled
 Parallel Workers: 8
Heap:
 PSYoungGen      total 917504K, used 0K [0x00007e99b9000000, 0x00007e99f9000000, 0x00007e99f9000000)
  eden space 786432K, 0% used [0x00007e99b9000000,0x00007e99b9000000,0x00007e99e9000000)
  from space 131072K, 0% used [0x00007e99f1000000,0x00007e99f1000000,0x00007e99f9000000)
  to   space 131072K, 0% used [0x00007e99e9000000,0x00007e99e9000000,0x00007e99f1000000)
 ParOldGen       total 2097152K, used 136369K [0x00007e9939000000, 0x00007e99b9000000, 0x00007e99b9000000)
  object space 2097152K, 6% used [0x00007e9939000000,0x00007e994152c418,0x00007e99b9000000)
 Metaspace       used 7393K, committed 7488K, reserved 8192K
GC Heap History (17 events):
Event: 2,841 GC heap before
{Heap before GC invocations=1 (full 0):
 PSYoungGen      total 917504K, used 786432K [0x00007e99b9000000, 0x00007e99f9000000, 0x00007e99f9000000)
  eden space 786432K, 100% used [0x00007e99b9000000,0x00007e99e9000000,0x00007e99e9000000)
  from space 131072K, 0% used [0x00007e99f1000000,0x00007e99f1000000,0x00007e99f9000000)
  to   space 131072K, 0% used [0x00007e99e9000000,0x00007e99e9000000,0x00007e99f1000000)
 ParOldGen       total 2097152K, used 0K [0x00007e9939000000, 0x00007e99b9000000, 0x00007e99b9000000)
  object space 2097152K, 0% used [0x00007e9939000000,0x00007e9939000000,0x00007e99b9000000)
 Metaspace       used 7359K, committed 7488K, reserved 8192K
}
Event: 3,468 GC heap after
{Heap after GC invocations=1 (full 0):
 PSYoungGen      total 917504K, used 131065K [0x00007e99b9000000, 0x00007e99f9000000, 0x00007e99f9000000)
  eden space 786432K, 0% used [0x00007e99b9000000,0x00007e99b9000000,0x00007e99e9000000)
  from space 131072K, 99% used [0x00007e99e9000000,0x00007e99f0ffe640,0x00007e99f1000000)
  to   space 131072K, 0% used [0x00007e99f1000000,0x00007e99f1000000,0x00007e99f9000000)
 ParOldGen       total 2097152K, used 478712K [0x00007e9939000000, 0x00007e99b9000000, 0x00007e99b9000000)
  object space 2097152K, 22% used [0x00007e9939000000,0x00007e995637e000,0x00007e99b9000000)
 Metaspace       used 7359K, committed 7488K, reserved 8192K
}
Event: 3,957 GC heap before
{Heap before GC invocations=2 (full 0):
 PSYoungGen      total 917504K, used 917497K [0x00007e99b9000000, 0x00007e99f9000000, 0x00007e99f9000000)
  eden space 786432K, 100% used [0x00007e99b9000000,0x00007e99e9000000,0x00007e99e9000000)
  from space 131072K, 99% used [0x00007e99e9000000,0x00007e99f0ffe640,0x00007e99f1000000)
  to   space 131072K, 0% used [0x00007e99f1000000,0x00007e99f1000000,0x00007e99f9000000)
 ParOldGen       total 2097152K, used 478712K [0x00007e9939000000, 0x00007e99b9000000, 0x00007e99b9000000)
  object space 2097152K, 22% used [0x00007e9939000000,0x00007e995637e000,0x00007e99b9000000)
 Metaspace       used 7360K, committed 7488K, reserved 8192K
}
Event: 4,932 GC heap after
{Heap after GC invocations=2 (full 0):
 PSYoungGen      total 917504K, used 131057K [0x00007e99b9000000, 0x00007e99f9000000, 0x00007e99f9000000)
  eden space 786432K, 0% used [0x00007e99b9000000,0x00007e99b9000000,0x00007e99e9000000)
  from space 131072K, 99% used [0x00007e99f1000000,0x00007e99f8ffc718,0x00007e99f9000000)
  to   space 131072K, 0% used [0x00007e99e9000000,0x00007e99e9000000,0x00007e99f1000000)
 ParOldGen       total 2097152K, used 1129152K [0x00007e9939000000, 0x00007e99b9000000, 0x00007e99b9000000)
  object space 2097152K, 53% used [0x00007e9939000000,0x00007e997deb0000,0x00007e99b9000000)
 Metaspace       used 7360K, committed 7488K, reserved 8192K
}
Event: 5,314 GC heap before
{Heap before GC invocations=3 (full 0):
 PSYoungGen      total 917504K, used 917489K [0x00007e99b9000000, 0x00007e99f9000000, 0x00007e99f9000000)
  eden space 786432K, 100% used [0x00007e99b9000000,0x00007e99e9000000,0x00007e99e9000000)
  from space 131072K, 99% used [0x00007e99f1000000,0x00007e99f8ffc718,0x00007e99f9000000)
  to   space 131072K, 0% used [0x00007e99e9000000,0x00007e99e9000000,0x00007e99f1000000)
 ParOldGen       total 2097152K, used 1129152K [0x00007e9939000000, 0x00007e99b9000000, 0x00007e99b9000000)
  object space 2097152K, 53% used [0x00007e9939000000,0x00007e997deb0000,0x00007e99b9000000)
 Metaspace       used 7360K, committed 7488K, reserved 8192K
}
Event: 6,317 GC heap after
{Heap after GC invocations=3 (full 0):
 PSYoungGen      total 917504K, used 131070K [0x00007e99b9000000, 0x00007e99f9000000, 0x00007e99f9000000)
  eden space 786432K, 0% used [0x00007e99b9000000,0x00007e99b9000000,0x00007e99e9000000)
  from space 131072K, 99% used [0x00007e99e9000000,0x00007e99f0fff8e0,0x00007e99f1000000)
  to   space 131072K, 0% used [0x00007e99f1000000,0x00007e99f1000000,0x00007e99f9000000)
 ParOldGen       total 2097152K, used 1781981K [0x00007e9939000000, 0x00007e99b9000000, 0x00007e99b9000000)
  object space 2097152K, 84% used [0x00007e9939000000,0x00007e99a5c37510,0x00007e99b9000000)
 Metaspace       used 7360K, committed 7488K, reserved 8192K
}
Event: 6,317 GC heap before
{Heap before GC invocations=4 (full 1):
 PSYoungGen      total 917504K, used 131070K [0x00007e99b9000000, 0x00007e99f9000000, 0x00007e99f9000000)
  eden space 786432K, 0% used [0x00007e99b9000000,0x00007e99b9000000,0x00007e99e9000000)
  from space 131072K, 99% used [0x00007e99e9000000,0x00007e99f0fff8e0,0x00007e99f1000000)
  to   space 131072K, 0% used [0x00007e99f1000000,0x00007e99f1000000,0x00007e99f9000000)
 ParOldGen       total 2097152K, used 1781981K [0x00007e9939000000, 0x00007e99b9000000, 0x00007e99b9000000)
  object space 2097152K, 84% used [0x00007e9939000000,0x00007e99a5c37510,0x00007e99b9000000)
 Metaspace       used 7360K, committed 7488K, reserved 8192K
}
Event: 13,854 GC heap after
{Heap after GC invocations=4 (full 1):
 PSYoungGen      total 917504K, used 0K [0x00007e99b9000000, 0x00007e99f9000000, 0x00007e99f9000000)
  eden space 786432K, 0% used [0x00007e99b9000000,0x00007e99b9000000,0x00007e99e9000000)
  from space 131072K, 0% used [0x00007e99f1000000,0x00007e99f1000000,0x00007e99f9000000)
  to   space 131072K, 0% used [0x00007e99e9000000,0x00007e99e9000000,0x00007e99f1000000)
 ParOldGen       total 2097152K, used 1900943K [0x00007e9939000000, 0x00007e99b9000000, 0x00007e99b9000000)
  object space 2097152K, 90% used [0x00007e9939000000,0x00007e99ad063ea0,0x00007e99b9000000)
 Metaspace       used 7360K, committed 7488K, reserved 8192K
}
Event: 14,910 GC heap before
{Heap before GC invocations=5 (full 2):
 PSYoungGen      total 917504K, used 440739K [0x00007e99b9000000, 0x00007e99f9000000, 0x00007e99f9000000)
  eden space 786432K, 56% used [0x00007e99b9000000,0x00007e99d3e68c30,0x00007e99e9000000)
  from space 131072K, 0% used [0x00007e99f1000000,0x00007e99f1000000,0x00007e99f9000000)
  to   space 131072K, 0% used [0x00007e99e9000000,0x00007e99e9000000,0x00007e99f1000000)
 ParOldGen       total 2097152K, used 1900943K [0x00007e9939000000, 0x00007e99b9000000, 0x00007e99b9000000)
  object space 2097152K, 90% used [0x00007e9939000000,0x00007e99ad063ea0,0x00007e99b9000000)
 Metaspace       used 7393K, committed 7488K, reserved 8192K
}
Event: 33,244 GC heap after
{Heap after GC invocations=5 (full 2):
 PSYoungGen      total 917504K, used 0K [0x00007e99b9000000, 0x00007e99f9000000, 0x00007e99f9000000)
  eden space 786432K, 0% used [0x00007e99b9000000,0x00007e99b9000000,0x00007e99e9000000)
  from space 131072K, 0% used [0x00007e99f1000000,0x00007e99f1000000,0x00007e99f9000000)
  to   space 131072K, 0% used [0x00007e99e9000000,0x00007e99e9000000,0x00007e99f1000000)
 ParOldGen       total 2097152K, used 1427542K [0x00007e9939000000, 0x00007e99b9000000, 0x00007e99b9000000)
  object space 2097152K, 68% used [0x00007e9939000000,0x00007e9990215990,0x00007e99b9000000)
 Metaspace       used 7393K, committed 7488K, reserved 8192K
}
Event: 33,461 GC heap before
{Heap before GC invocations=6 (full 2):
 PSYoungGen      total 917504K, used 15264K [0x00007e99b9000000, 0x00007e99f9000000, 0x00007e99f9000000)
  eden space 786432K, 1% used [0x00007e99b9000000,0x00007e99b9ee8058,0x00007e99e9000000)
  from space 131072K, 0% used [0x00007e99f1000000,0x00007e99f1000000,0x00007e99f9000000)
  to   space 131072K, 0% used [0x00007e99e9000000,0x00007e99e9000000,0x00007e99f1000000)
 ParOldGen       total 2097152K, used 1427542K [0x00007e9939000000, 0x00007e99b9000000, 0x00007e99b9000000)
  object space 2097152K, 68% used [0x00007e9939000000,0x00007e9990215990,0x00007e99b9000000)
 Metaspace       used 7393K, committed 7488K, reserved 8192K
}
Event: 34,304 GC heap after
{Heap after GC invocations=6 (full 2):
 PSYoungGen      total 917504K, used 0K [0x00007e99b9000000, 0x00007e99f9000000, 0x00007e99f9000000)
  eden space 786432K, 0% used [0x00007e99b9000000,0x00007e99b9000000,0x00007e99e9000000)
  from space 131072K, 0% used [0x00007e99e9000000,0x00007e99e9000000,0x00007e99f1000000)
  to   space 131072K, 0% used [0x00007e99f1000000,0x00007e99f1000000,0x00007e99f9000000)
 ParOldGen       total 2097152K, used 1427542K [0x00007e9939000000, 0x00007e99b9000000, 0x00007e99b9000000)
  object space 2097152K, 68% used [0x00007e9939000000,0x00007e9990215990,0x00007e99b9000000)
 Metaspace       used 7393K, committed 7488K, reserved 8192K
}
Event: 34,304 GC heap before
{Heap before GC invocations=7 (full 3):
 PSYoungGen      total 917504K, used 0K [0x00007e99b9000000, 0x00007e99f9000000, 0x00007e99f9000000)
  eden space 786432K, 0% used [0x00007e99b9000000,0x00007e99b9000000,0x00007e99e9000000)
  from space 131072K, 0% used [0x00007e99e9000000,0x00007e99e9000000,0x00007e99f1000000)
  to   space 131072K, 0% used [0x00007e99f1000000,0x00007e99f1000000,0x00007e99f9000000)
 ParOldGen       total 2097152K, used 1427542K [0x00007e9939000000, 0x00007e99b9000000, 0x00007e99b9000000)
  object space 2097152K, 68% used [0x00007e9939000000,0x00007e9990215990,0x00007e99b9000000)
 Metaspace       used 7393K, committed 7488K, reserved 8192K
}
Event: 65,909 GC heap after
{Heap after GC invocations=7 (full 3):
 PSYoungGen      total 917504K, used 0K [0x00007e99b9000000, 0x00007e99f9000000, 0x00007e99f9000000)
  eden space 786432K, 0% used [0x00007e99b9000000,0x00007e99b9000000,0x00007e99e9000000)
  from space 131072K, 0% used [0x00007e99e9000000,0x00007e99e9000000,0x00007e99f1000000)
  to   space 131072K, 0% used [0x00007e99f1000000,0x00007e99f1000000,0x00007e99f9000000)
 ParOldGen       total 2097152K, used 136369K [0x00007e9939000000, 0x00007e99b9000000, 0x00007e99b9000000)
  object space 2097152K, 6% used [0x00007e9939000000,0x00007e994152c418,0x00007e99b9000000)
 Metaspace       used 7393K, committed 7488K, reserved 8192K
}
Event: 66,339 GC heap before
{Heap before GC invocations=8 (full 3):
 PSYoungGen      total 917504K, used 15264K [0x00007e99b9000000, 0x00007e99f9000000, 0x00007e99f9000000)
  eden space 786432K, 1% used [0x00007e99b9000000,0x00007e99b9ee8058,0x00007e99e9000000)
  from space 131072K, 0% used [0x00007e99e9000000,0x00007e99e9000000,0x00007e99f1000000)
  to   space 131072K, 0% used [0x00007e99f1000000,0x00007e99f1000000,0x00007e99f9000000)
 ParOldGen       total 2097152K, used 136369K [0x00007e9939000000, 0x00007e99b9000000, 0x00007e99b9000000)
  object space 2097152K, 6% used [0x00007e9939000000,0x00007e994152c418,0x00007e99b9000000)
 Metaspace       used 7393K, committed 7488K, reserved 8192K
}
Event: 67,332 GC heap after
{Heap after GC invocations=8 (full 3):
 PSYoungGen      total 917504K, used 0K [0x00007e99b9000000, 0x00007e99f9000000, 0x00007e99f9000000)
  eden space 786432K, 0% used [0x00007e99b9000000,0x00007e99b9000000,0x00007e99e9000000)
  from space 131072K, 0% used [0x00007e99f1000000,0x00007e99f1000000,0x00007e99f9000000)
  to   space 131072K, 0% used [0x00007e99e9000000,0x00007e99e9000000,0x00007e99f1000000)
 ParOldGen       total 2097152K, used 136369K [0x00007e9939000000, 0x00007e99b9000000, 0x00007e99b9000000)
  object space 2097152K, 6% used [0x00007e9939000000,0x00007e994152c418,0x00007e99b9000000)
 Metaspace       used 7393K, committed 7488K, reserved 8192K
}
Event: 67,332 GC heap before
{Heap before GC invocations=9 (full 4):
 PSYoungGen      total 917504K, used 0K [0x00007e99b9000000, 0x00007e99f9000000, 0x00007e99f9000000)
  eden space 786432K, 0% used [0x00007e99b9000000,0x00007e99b9000000,0x00007e99e9000000)
  from space 131072K, 0% used [0x00007e99f1000000,0x00007e99f1000000,0x00007e99f9000000)
  to   space 131072K, 0% used [0x00007e99e9000000,0x00007e99e9000000,0x00007e99f1000000)
 ParOldGen       total 2097152K, used 136369K [0x00007e9939000000, 0x00007e99b9000000, 0x00007e99b9000000)
  object space 2097152K, 6% used [0x00007e9939000000,0x00007e994152c418,0x00007e99b9000000)
 Metaspace       used 7393K, committed 7488K, reserved 8192K
}

