# JRE version: OpenJDK Runtime Environment (17.0.6) (fastdebug build 17.0.6-internal+0-adhoc.konstdelis.jdk17u067)
# Java VM: OpenJDK 64-Bit Server VM (fastdebug 17.0.6-internal+0-adhoc.konstdelis.jdk17u067, mixed mode, tiered, parallel gc, linux-amd64)
GC Precious Log:
 CPUs: 32 total, 32 available
 Memory: 251G
 Large Page Support: Disabled
 NUMA Support: Disabled
 Compressed Oops: Disabled
 Alignments: Space 512K, Generation 512K, Heap 2M
 Heap Min Capacity: 1G
 Heap Initial Capacity: 1G
 Heap Max Capacity: 1G
 Pre-touch: Disabled
 Parallel Workers: 1
Heap:
 PSYoungGen      total 305664K, used 7864K [0x00007ee37bb00000, 0x00007ee391000000, 0x00007ee391000000)
  eden space 262144K, 3% used [0x00007ee37bb00000,0x00007ee37c2ae330,0x00007ee38bb00000)
  from space 43520K, 0% used [0x00007ee38e580000,0x00007ee38e580000,0x00007ee391000000)
  to   space 43520K, 0% used [0x00007ee38bb00000,0x00007ee38bb00000,0x00007ee38e580000)
 ParOldGen       total 699392K, used 17077K [0x00007ee351000000, 0x00007ee37bb00000, 0x00007ee37bb00000)
  object space 699392K, 2% used [0x00007ee351000000,0x00007ee3520ad460,0x00007ee37bb00000)
 Metaspace       used 7453K, committed 7552K, reserved 8192K
GC Heap History (16 events):
Event: 2,053 GC heap before
{Heap before GC invocations=1 (full 0):
 PSYoungGen      total 305664K, used 41943K [0x00007ee37bb00000, 0x00007ee391000000, 0x00007ee391000000)
  eden space 262144K, 16% used [0x00007ee37bb00000,0x00007ee37e3f5ee8,0x00007ee38bb00000)
  from space 43520K, 0% used [0x00007ee38e580000,0x00007ee38e580000,0x00007ee391000000)
  to   space 43520K, 0% used [0x00007ee38bb00000,0x00007ee38bb00000,0x00007ee38e580000)
 ParOldGen       total 699392K, used 0K [0x00007ee351000000, 0x00007ee37bb00000, 0x00007ee37bb00000)
  object space 699392K, 0% used [0x00007ee351000000,0x00007ee351000000,0x00007ee37bb00000)
 Metaspace       used 7335K, committed 7424K, reserved 8192K
}
Event: 2,150 GC heap after
{Heap after GC invocations=1 (full 0):
 PSYoungGen      total 305664K, used 9248K [0x00007ee37bb00000, 0x00007ee391000000, 0x00007ee391000000)
  eden space 262144K, 0% used [0x00007ee37bb00000,0x00007ee37bb00000,0x00007ee38bb00000)
  from space 43520K, 21% used [0x00007ee38bb00000,0x00007ee38c408000,0x00007ee38e580000)
  to   space 43520K, 0% used [0x00007ee38e580000,0x00007ee38e580000,0x00007ee391000000)
 ParOldGen       total 699392K, used 0K [0x00007ee351000000, 0x00007ee37bb00000, 0x00007ee37bb00000)
  object space 699392K, 0% used [0x00007ee351000000,0x00007ee351000000,0x00007ee37bb00000)
 Metaspace       used 7335K, committed 7424K, reserved 8192K
}
Event: 2,151 GC heap before
{Heap before GC invocations=2 (full 1):
 PSYoungGen      total 305664K, used 9248K [0x00007ee37bb00000, 0x00007ee391000000, 0x00007ee391000000)
  eden space 262144K, 0% used [0x00007ee37bb00000,0x00007ee37bb00000,0x00007ee38bb00000)
  from space 43520K, 21% used [0x00007ee38bb00000,0x00007ee38c408000,0x00007ee38e580000)
  to   space 43520K, 0% used [0x00007ee38e580000,0x00007ee38e580000,0x00007ee391000000)
 ParOldGen       total 699392K, used 0K [0x00007ee351000000, 0x00007ee37bb00000, 0x00007ee37bb00000)
  object space 699392K, 0% used [0x00007ee351000000,0x00007ee351000000,0x00007ee37bb00000)
 Metaspace       used 7335K, committed 7424K, reserved 8192K
}
Event: 2,379 GC heap after
{Heap after GC invocations=2 (full 1):
 PSYoungGen      total 305664K, used 0K [0x00007ee37bb00000, 0x00007ee391000000, 0x00007ee391000000)
  eden space 262144K, 0% used [0x00007ee37bb00000,0x00007ee37bb00000,0x00007ee38bb00000)
  from space 43520K, 0% used [0x00007ee38bb00000,0x00007ee38bb00000,0x00007ee38e580000)
  to   space 43520K, 0% used [0x00007ee38e580000,0x00007ee38e580000,0x00007ee391000000)
 ParOldGen       total 699392K, used 6078K [0x00007ee351000000, 0x00007ee37bb00000, 0x00007ee37bb00000)
  object space 699392K, 0% used [0x00007ee351000000,0x00007ee3515ef928,0x00007ee37bb00000)
 Metaspace       used 7335K, committed 7424K, reserved 8192K
}
Event: 26,629 GC heap before
{Heap before GC invocations=3 (full 1):
 PSYoungGen      total 305664K, used 32768K [0x00007ee37bb00000, 0x00007ee391000000, 0x00007ee391000000)
  eden space 262144K, 12% used [0x00007ee37bb00000,0x00007ee37db00128,0x00007ee38bb00000)
  from space 43520K, 0% used [0x00007ee38bb00000,0x00007ee38bb00000,0x00007ee38e580000)
  to   space 43520K, 0% used [0x00007ee38e580000,0x00007ee38e580000,0x00007ee391000000)
 ParOldGen       total 699392K, used 6078K [0x00007ee351000000, 0x00007ee37bb00000, 0x00007ee37bb00000)
  object space 699392K, 0% used [0x00007ee351000000,0x00007ee3515ef928,0x00007ee37bb00000)
 Metaspace       used 7423K, committed 7488K, reserved 8192K
}
Event: 26,764 GC heap after
{Heap after GC invocations=3 (full 1):
 PSYoungGen      total 305664K, used 14208K [0x00007ee37bb00000, 0x00007ee391000000, 0x00007ee391000000)
  eden space 262144K, 0% used [0x00007ee37bb00000,0x00007ee37bb00000,0x00007ee38bb00000)
  from space 43520K, 32% used [0x00007ee38e580000,0x00007ee38f360000,0x00007ee391000000)
  to   space 43520K, 0% used [0x00007ee38bb00000,0x00007ee38bb00000,0x00007ee38e580000)
 ParOldGen       total 699392K, used 6078K [0x00007ee351000000, 0x00007ee37bb00000, 0x00007ee37bb00000)
  object space 699392K, 0% used [0x00007ee351000000,0x00007ee3515ef928,0x00007ee37bb00000)
 Metaspace       used 7423K, committed 7488K, reserved 8192K
}
Event: 26,765 GC heap before
{Heap before GC invocations=4 (full 2):
 PSYoungGen      total 305664K, used 14208K [0x00007ee37bb00000, 0x00007ee391000000, 0x00007ee391000000)
  eden space 262144K, 0% used [0x00007ee37bb00000,0x00007ee37bb00000,0x00007ee38bb00000)
  from space 43520K, 32% used [0x00007ee38e580000,0x00007ee38f360000,0x00007ee391000000)
  to   space 43520K, 0% used [0x00007ee38bb00000,0x00007ee38bb00000,0x00007ee38e580000)
 ParOldGen       total 699392K, used 6078K [0x00007ee351000000, 0x00007ee37bb00000, 0x00007ee37bb00000)
  object space 699392K, 0% used [0x00007ee351000000,0x00007ee3515ef928,0x00007ee37bb00000)
 Metaspace       used 7423K, committed 7488K, reserved 8192K
}
Event: 27,110 GC heap after
{Heap after GC invocations=4 (full 2):
 PSYoungGen      total 305664K, used 0K [0x00007ee37bb00000, 0x00007ee391000000, 0x00007ee391000000)
  eden space 262144K, 0% used [0x00007ee37bb00000,0x00007ee37bb00000,0x00007ee38bb00000)
  from space 43520K, 0% used [0x00007ee38e580000,0x00007ee38e580000,0x00007ee391000000)
  to   space 43520K, 0% used [0x00007ee38bb00000,0x00007ee38bb00000,0x00007ee38e580000)
 ParOldGen       total 699392K, used 9264K [0x00007ee351000000, 0x00007ee37bb00000, 0x00007ee37bb00000)
  object space 699392K, 1% used [0x00007ee351000000,0x00007ee35190c048,0x00007ee37bb00000)
 Metaspace       used 7423K, committed 7488K, reserved 8192K
}
Event: 27,132 GC heap before
{Heap before GC invocations=5 (full 2):
 PSYoungGen      total 305664K, used 10485K [0x00007ee37bb00000, 0x00007ee391000000, 0x00007ee391000000)
  eden space 262144K, 4% used [0x00007ee37bb00000,0x00007ee37c53d778,0x00007ee38bb00000)
  from space 43520K, 0% used [0x00007ee38e580000,0x00007ee38e580000,0x00007ee391000000)
  to   space 43520K, 0% used [0x00007ee38bb00000,0x00007ee38bb00000,0x00007ee38e580000)
 ParOldGen       total 699392K, used 9264K [0x00007ee351000000, 0x00007ee37bb00000, 0x00007ee37bb00000)
  object space 699392K, 1% used [0x00007ee351000000,0x00007ee35190c048,0x00007ee37bb00000)
 Metaspace       used 7423K, committed 7488K, reserved 8192K
}
Event: 27,213 GC heap after
{Heap after GC invocations=5 (full 2):
 PSYoungGen      total 305664K, used 7840K [0x00007ee37bb00000, 0x00007ee391000000, 0x00007ee391000000)
  eden space 262144K, 0% used [0x00007ee37bb00000,0x00007ee37bb00000,0x00007ee38bb00000)
  from space 43520K, 18% used [0x00007ee38bb00000,0x00007ee38c2a8000,0x00007ee38e580000)
  to   space 43520K, 0% used [0x00007ee38e580000,0x00007ee38e580000,0x00007ee391000000)
 ParOldGen       total 699392K, used 9264K [0x00007ee351000000, 0x00007ee37bb00000, 0x00007ee37bb00000)
  object space 699392K, 1% used [0x00007ee351000000,0x00007ee35190c048,0x00007ee37bb00000)
 Metaspace       used 7423K, committed 7488K, reserved 8192K
}
Event: 27,213 GC heap before
{Heap before GC invocations=6 (full 3):
 PSYoungGen      total 305664K, used 7840K [0x00007ee37bb00000, 0x00007ee391000000, 0x00007ee391000000)
  eden space 262144K, 0% used [0x00007ee37bb00000,0x00007ee37bb00000,0x00007ee38bb00000)
  from space 43520K, 18% used [0x00007ee38bb00000,0x00007ee38c2a8000,0x00007ee38e580000)
  to   space 43520K, 0% used [0x00007ee38e580000,0x00007ee38e580000,0x00007ee391000000)
 ParOldGen       total 699392K, used 9264K [0x00007ee351000000, 0x00007ee37bb00000, 0x00007ee37bb00000)
  object space 699392K, 1% used [0x00007ee351000000,0x00007ee35190c048,0x00007ee37bb00000)
 Metaspace       used 7423K, committed 7488K, reserved 8192K
}
Event: 27,882 GC heap after
{Heap after GC invocations=6 (full 3):
 PSYoungGen      total 305664K, used 0K [0x00007ee37bb00000, 0x00007ee391000000, 0x00007ee391000000)
  eden space 262144K, 0% used [0x00007ee37bb00000,0x00007ee37bb00000,0x00007ee38bb00000)
  from space 43520K, 0% used [0x00007ee38bb00000,0x00007ee38bb00000,0x00007ee38e580000)
  to   space 43520K, 0% used [0x00007ee38e580000,0x00007ee38e580000,0x00007ee391000000)
 ParOldGen       total 699392K, used 13957K [0x00007ee351000000, 0x00007ee37bb00000, 0x00007ee37bb00000)
  object space 699392K, 1% used [0x00007ee351000000,0x00007ee351da1618,0x00007ee37bb00000)
 Metaspace       used 7423K, committed 7488K, reserved 8192K
}
Event: 38,738 GC heap before
{Heap before GC invocations=7 (full 3):
 PSYoungGen      total 305664K, used 5242K [0x00007ee37bb00000, 0x00007ee391000000, 0x00007ee391000000)
  eden space 262144K, 2% used [0x00007ee37bb00000,0x00007ee37c01ebc8,0x00007ee38bb00000)
  from space 43520K, 0% used [0x00007ee38bb00000,0x00007ee38bb00000,0x00007ee38e580000)
  to   space 43520K, 0% used [0x00007ee38e580000,0x00007ee38e580000,0x00007ee391000000)
 ParOldGen       total 699392K, used 13957K [0x00007ee351000000, 0x00007ee37bb00000, 0x00007ee37bb00000)
  object space 699392K, 1% used [0x00007ee351000000,0x00007ee351da1618,0x00007ee37bb00000)
 Metaspace       used 7437K, committed 7488K, reserved 8192K
}
Event: 38,741 GC heap after
{Heap after GC invocations=7 (full 3):
 PSYoungGen      total 305664K, used 32K [0x00007ee37bb00000, 0x00007ee391000000, 0x00007ee391000000)
  eden space 262144K, 0% used [0x00007ee37bb00000,0x00007ee37bb00000,0x00007ee38bb00000)
  from space 43520K, 0% used [0x00007ee38e580000,0x00007ee38e588000,0x00007ee391000000)
  to   space 43520K, 0% used [0x00007ee38bb00000,0x00007ee38bb00000,0x00007ee38e580000)
 ParOldGen       total 699392K, used 13957K [0x00007ee351000000, 0x00007ee37bb00000, 0x00007ee37bb00000)
  object space 699392K, 1% used [0x00007ee351000000,0x00007ee351da1618,0x00007ee37bb00000)
 Metaspace       used 7437K, committed 7488K, reserved 8192K
}
Event: 38,741 GC heap before
{Heap before GC invocations=8 (full 4):
 PSYoungGen      total 305664K, used 32K [0x00007ee37bb00000, 0x00007ee391000000, 0x00007ee391000000)
  eden space 262144K, 0% used [0x00007ee37bb00000,0x00007ee37bb00000,0x00007ee38bb00000)
  from space 43520K, 0% used [0x00007ee38e580000,0x00007ee38e588000,0x00007ee391000000)
  to   space 43520K, 0% used [0x00007ee38bb00000,0x00007ee38bb00000,0x00007ee38e580000)
 ParOldGen       total 699392K, used 13957K [0x00007ee351000000, 0x00007ee37bb00000, 0x00007ee37bb00000)
  object space 699392K, 1% used [0x00007ee351000000,0x00007ee351da1618,0x00007ee37bb00000)
 Metaspace       used 7437K, committed 7488K, reserved 8192K
}
Event: 39,114 GC heap after
{Heap after GC invocations=8 (full 4):
 PSYoungGen      total 305664K, used 0K [0x00007ee37bb00000, 0x00007ee391000000, 0x00007ee391000000)
  eden space 262144K, 0% used [0x00007ee37bb00000,0x00007ee37bb00000,0x00007ee38bb00000)
  from space 43520K, 0% used [0x00007ee38e580000,0x00007ee38e580000,0x00007ee391000000)
  to   space 43520K, 0% used [0x00007ee38bb00000,0x00007ee38bb00000,0x00007ee38e580000)
 ParOldGen       total 699392K, used 17077K [0x00007ee351000000, 0x00007ee37bb00000, 0x00007ee37bb00000)
  object space 699392K, 2% used [0x00007ee351000000,0x00007ee3520ad460,0x00007ee37bb00000)
 Metaspace       used 7437K, committed 7488K, reserved 8192K
}

