# JRE version: OpenJDK Runtime Environment (17.0.6) (build 17.0.6-internal+0-adhoc.konstdelis.jdk17u067)
# Java VM: OpenJDK 64-Bit Server VM (17.0.6-internal+0-adhoc.konstdelis.jdk17u067, mixed mode, tiered, parallel gc, linux-amd64)
GC Precious Log:
 CPUs: 32 total, 32 available
 Memory: 251G
 Large Page Support: Disabled
 NUMA Support: Disabled
 Compressed Oops: Disabled
 Alignments: Space 512K, Generation 512K, Heap 2M
 Heap Min Capacity: 3G
 Heap Initial Capacity: 3G
 Heap Max Capacity: 3G
 Pre-touch: Disabled
 Parallel Workers: 8
Heap:
 PSYoungGen      total 917504K, used 0K [0x00007e70d0600000, 0x00007e7110600000, 0x00007e7110600000)
  eden space 786432K, 0% used [0x00007e70d0600000,0x00007e70d0600000,0x00007e7100600000)
  from space 131072K, 0% used [0x00007e7100600000,0x00007e7100600000,0x00007e7108600000)
  to   space 131072K, 0% used [0x00007e7108600000,0x00007e7108600000,0x00007e7110600000)
 ParOldGen       total 2097152K, used 1484254K [0x00007e7050600000, 0x00007e70d0600000, 0x00007e70d0600000)
  object space 2097152K, 70% used [0x00007e7050600000,0x00007e70aaf77a40,0x00007e70d0600000)
 Metaspace       used 7086K, committed 7168K, reserved 8192K
GC Heap History (13 events):
Event: 1.700 GC heap before
{Heap before GC invocations=1 (full 0):
 PSYoungGen      total 917504K, used 786432K [0x00007e70d0600000, 0x00007e7110600000, 0x00007e7110600000)
  eden space 786432K, 100% used [0x00007e70d0600000,0x00007e7100600000,0x00007e7100600000)
  from space 131072K, 0% used [0x00007e7108600000,0x00007e7108600000,0x00007e7110600000)
  to   space 131072K, 0% used [0x00007e7100600000,0x00007e7100600000,0x00007e7108600000)
 ParOldGen       total 2097152K, used 0K [0x00007e7050600000, 0x00007e70d0600000, 0x00007e70d0600000)
  object space 2097152K, 0% used [0x00007e7050600000,0x00007e7050600000,0x00007e70d0600000)
 Metaspace       used 7053K, committed 7104K, reserved 8192K
}
Event: 1.987 GC heap after
{Heap after GC invocations=1 (full 0):
 PSYoungGen      total 917504K, used 131049K [0x00007e70d0600000, 0x00007e7110600000, 0x00007e7110600000)
  eden space 786432K, 0% used [0x00007e70d0600000,0x00007e70d0600000,0x00007e7100600000)
  from space 131072K, 99% used [0x00007e7100600000,0x00007e71085fa5e0,0x00007e7108600000)
  to   space 131072K, 0% used [0x00007e7108600000,0x00007e7108600000,0x00007e7110600000)
 ParOldGen       total 2097152K, used 502216K [0x00007e7050600000, 0x00007e70d0600000, 0x00007e70d0600000)
  object space 2097152K, 23% used [0x00007e7050600000,0x00007e706f072000,0x00007e70d0600000)
 Metaspace       used 7053K, committed 7104K, reserved 8192K
}
Event: 2.273 GC heap before
{Heap before GC invocations=2 (full 0):
 PSYoungGen      total 917504K, used 917481K [0x00007e70d0600000, 0x00007e7110600000, 0x00007e7110600000)
  eden space 786432K, 100% used [0x00007e70d0600000,0x00007e7100600000,0x00007e7100600000)
  from space 131072K, 99% used [0x00007e7100600000,0x00007e71085fa5e0,0x00007e7108600000)
  to   space 131072K, 0% used [0x00007e7108600000,0x00007e7108600000,0x00007e7110600000)
 ParOldGen       total 2097152K, used 502216K [0x00007e7050600000, 0x00007e70d0600000, 0x00007e70d0600000)
  object space 2097152K, 23% used [0x00007e7050600000,0x00007e706f072000,0x00007e70d0600000)
 Metaspace       used 7053K, committed 7104K, reserved 8192K
}
Event: 2.617 GC heap after
{Heap after GC invocations=2 (full 0):
 PSYoungGen      total 917504K, used 131055K [0x00007e70d0600000, 0x00007e7110600000, 0x00007e7110600000)
  eden space 786432K, 0% used [0x00007e70d0600000,0x00007e70d0600000,0x00007e7100600000)
  from space 131072K, 99% used [0x00007e7108600000,0x00007e71105fbff8,0x00007e7110600000)
  to   space 131072K, 0% used [0x00007e7100600000,0x00007e7100600000,0x00007e7108600000)
 ParOldGen       total 2097152K, used 1153416K [0x00007e7050600000, 0x00007e70d0600000, 0x00007e70d0600000)
  object space 2097152K, 54% used [0x00007e7050600000,0x00007e7096c62000,0x00007e70d0600000)
 Metaspace       used 7053K, committed 7104K, reserved 8192K
}
Event: 2.906 GC heap before
{Heap before GC invocations=3 (full 0):
 PSYoungGen      total 917504K, used 917487K [0x00007e70d0600000, 0x00007e7110600000, 0x00007e7110600000)
  eden space 786432K, 100% used [0x00007e70d0600000,0x00007e7100600000,0x00007e7100600000)
  from space 131072K, 99% used [0x00007e7108600000,0x00007e71105fbff8,0x00007e7110600000)
  to   space 131072K, 0% used [0x00007e7100600000,0x00007e7100600000,0x00007e7108600000)
 ParOldGen       total 2097152K, used 1153416K [0x00007e7050600000, 0x00007e70d0600000, 0x00007e70d0600000)
  object space 2097152K, 54% used [0x00007e7050600000,0x00007e7096c62000,0x00007e70d0600000)
 Metaspace       used 7053K, committed 7104K, reserved 8192K
}
Event: 3.253 GC heap after
{Heap after GC invocations=3 (full 0):
 PSYoungGen      total 917504K, used 131054K [0x00007e70d0600000, 0x00007e7110600000, 0x00007e7110600000)
  eden space 786432K, 0% used [0x00007e70d0600000,0x00007e70d0600000,0x00007e7100600000)
  from space 131072K, 99% used [0x00007e7100600000,0x00007e71085fb8c0,0x00007e7108600000)
  to   space 131072K, 0% used [0x00007e7108600000,0x00007e7108600000,0x00007e7110600000)
 ParOldGen       total 2097152K, used 1810525K [0x00007e7050600000, 0x00007e70d0600000, 0x00007e70d0600000)
  object space 2097152K, 86% used [0x00007e7050600000,0x00007e70bee17510,0x00007e70d0600000)
 Metaspace       used 7053K, committed 7104K, reserved 8192K
}
Event: 3.253 GC heap before
{Heap before GC invocations=4 (full 1):
 PSYoungGen      total 917504K, used 131054K [0x00007e70d0600000, 0x00007e7110600000, 0x00007e7110600000)
  eden space 786432K, 0% used [0x00007e70d0600000,0x00007e70d0600000,0x00007e7100600000)
  from space 131072K, 99% used [0x00007e7100600000,0x00007e71085fb8c0,0x00007e7108600000)
  to   space 131072K, 0% used [0x00007e7108600000,0x00007e7108600000,0x00007e7110600000)
 ParOldGen       total 2097152K, used 1810525K [0x00007e7050600000, 0x00007e70d0600000, 0x00007e70d0600000)
  object space 2097152K, 86% used [0x00007e7050600000,0x00007e70bee17510,0x00007e70d0600000)
 Metaspace       used 7053K, committed 7104K, reserved 8192K
}
Event: 5.394 GC heap after
{Heap after GC invocations=4 (full 1):
 PSYoungGen      total 917504K, used 0K [0x00007e70d0600000, 0x00007e7110600000, 0x00007e7110600000)
  eden space 786432K, 0% used [0x00007e70d0600000,0x00007e70d0600000,0x00007e7100600000)
  from space 131072K, 0% used [0x00007e7108600000,0x00007e7108600000,0x00007e7110600000)
  to   space 131072K, 0% used [0x00007e7100600000,0x00007e7100600000,0x00007e7108600000)
 ParOldGen       total 2097152K, used 1929361K [0x00007e7050600000, 0x00007e70d0600000, 0x00007e70d0600000)
  object space 2097152K, 91% used [0x00007e7050600000,0x00007e70c6224588,0x00007e70d0600000)
 Metaspace       used 7053K, committed 7104K, reserved 8192K
}
Event: 6.308 GC heap before
{Heap before GC invocations=5 (full 2):
 PSYoungGen      total 917504K, used 411067K [0x00007e70d0600000, 0x00007e7110600000, 0x00007e7110600000)
  eden space 786432K, 52% used [0x00007e70d0600000,0x00007e70e976ef90,0x00007e7100600000)
  from space 131072K, 0% used [0x00007e7108600000,0x00007e7108600000,0x00007e7110600000)
  to   space 131072K, 0% used [0x00007e7100600000,0x00007e7100600000,0x00007e7108600000)
 ParOldGen       total 2097152K, used 1929361K [0x00007e7050600000, 0x00007e70d0600000, 0x00007e70d0600000)
  object space 2097152K, 91% used [0x00007e7050600000,0x00007e70c6224588,0x00007e70d0600000)
 Metaspace       used 7080K, committed 7168K, reserved 8192K
}
Event: 11.577 GC heap after
{Heap after GC invocations=5 (full 2):
 PSYoungGen      total 917504K, used 0K [0x00007e70d0600000, 0x00007e7110600000, 0x00007e7110600000)
  eden space 786432K, 0% used [0x00007e70d0600000,0x00007e70d0600000,0x00007e7100600000)
  from space 131072K, 0% used [0x00007e7108600000,0x00007e7108600000,0x00007e7110600000)
  to   space 131072K, 0% used [0x00007e7100600000,0x00007e7100600000,0x00007e7108600000)
 ParOldGen       total 2097152K, used 1484254K [0x00007e7050600000, 0x00007e70d0600000, 0x00007e70d0600000)
  object space 2097152K, 70% used [0x00007e7050600000,0x00007e70aaf77a40,0x00007e70d0600000)
 Metaspace       used 7080K, committed 7168K, reserved 8192K
}
Event: 11.713 GC heap before
{Heap before GC invocations=6 (full 2):
 PSYoungGen      total 917504K, used 15285K [0x00007e70d0600000, 0x00007e7110600000, 0x00007e7110600000)
  eden space 786432K, 1% used [0x00007e70d0600000,0x00007e70d14ed430,0x00007e7100600000)
  from space 131072K, 0% used [0x00007e7108600000,0x00007e7108600000,0x00007e7110600000)
  to   space 131072K, 0% used [0x00007e7100600000,0x00007e7100600000,0x00007e7108600000)
 ParOldGen       total 2097152K, used 1484254K [0x00007e7050600000, 0x00007e70d0600000, 0x00007e70d0600000)
  object space 2097152K, 70% used [0x00007e7050600000,0x00007e70aaf77a40,0x00007e70d0600000)
 Metaspace       used 7086K, committed 7168K, reserved 8192K
}
Event: 11.947 GC heap after
{Heap after GC invocations=6 (full 2):
 PSYoungGen      total 917504K, used 0K [0x00007e70d0600000, 0x00007e7110600000, 0x00007e7110600000)
  eden space 786432K, 0% used [0x00007e70d0600000,0x00007e70d0600000,0x00007e7100600000)
  from space 131072K, 0% used [0x00007e7100600000,0x00007e7100600000,0x00007e7108600000)
  to   space 131072K, 0% used [0x00007e7108600000,0x00007e7108600000,0x00007e7110600000)
 ParOldGen       total 2097152K, used 1484254K [0x00007e7050600000, 0x00007e70d0600000, 0x00007e70d0600000)
  object space 2097152K, 70% used [0x00007e7050600000,0x00007e70aaf77a40,0x00007e70d0600000)
 Metaspace       used 7086K, committed 7168K, reserved 8192K
}
Event: 11.947 GC heap before
{Heap before GC invocations=7 (full 3):
 PSYoungGen      total 917504K, used 0K [0x00007e70d0600000, 0x00007e7110600000, 0x00007e7110600000)
  eden space 786432K, 0% used [0x00007e70d0600000,0x00007e70d0600000,0x00007e7100600000)
  from space 131072K, 0% used [0x00007e7100600000,0x00007e7100600000,0x00007e7108600000)
  to   space 131072K, 0% used [0x00007e7108600000,0x00007e7108600000,0x00007e7110600000)
 ParOldGen       total 2097152K, used 1484254K [0x00007e7050600000, 0x00007e70d0600000, 0x00007e70d0600000)
  object space 2097152K, 70% used [0x00007e7050600000,0x00007e70aaf77a40,0x00007e70d0600000)
 Metaspace       used 7086K, committed 7168K, reserved 8192K
}

