# JRE version: OpenJDK Runtime Environment (17.0.6) (fastdebug build 17.0.6-internal+0-adhoc.konstdelis.jdk17u067)
# Java VM: OpenJDK 64-Bit Server VM (fastdebug 17.0.6-internal+0-adhoc.konstdelis.jdk17u067, mixed mode, tiered, parallel gc, linux-amd64)
GC Precious Log:
 CPUs: 32 total, 32 available
 Memory: 251G
 Large Page Support: Disabled
 NUMA Support: Disabled
 Compressed Oops: Disabled
 Alignments: Space 512K, Generation 512K, Heap 2M
 Heap Min Capacity: 3G
 Heap Initial Capacity: 3G
 Heap Max Capacity: 3G
 Pre-touch: Disabled
 Parallel Workers: 2
Heap:
 PSYoungGen      total 917504K, used 32K [0x00007ef681000000, 0x00007ef6c1000000, 0x00007ef6c1000000)
  eden space 786432K, 0% used [0x00007ef681000000,0x00007ef681000000,0x00007ef6b1000000)
  from space 131072K, 0% used [0x00007ef6b9000000,0x00007ef6b9008000,0x00007ef6c1000000)
  to   space 131072K, 0% used [0x00007ef6b1000000,0x00007ef6b1000000,0x00007ef6b9000000)
 ParOldGen       total 2097152K, used 1582K [0x00007ef601000000, 0x00007ef681000000, 0x00007ef681000000)
  object space 2097152K, 0% used [0x00007ef601000000,0x00007ef60118ba88,0x00007ef681000000)
 Metaspace       used 7404K, committed 7488K, reserved 8192K
GC Heap History (20 events):
Event: 5,251 GC heap after
{Heap after GC invocations=2 (full 1):
 PSYoungGen      total 917504K, used 0K [0x00007ef681000000, 0x00007ef6c1000000, 0x00007ef6c1000000)
  eden space 786432K, 0% used [0x00007ef681000000,0x00007ef681000000,0x00007ef6b1000000)
  from space 131072K, 0% used [0x00007ef6b1000000,0x00007ef6b1000000,0x00007ef6b9000000)
  to   space 131072K, 0% used [0x00007ef6b9000000,0x00007ef6b9000000,0x00007ef6c1000000)
 ParOldGen       total 2097152K, used 1568K [0x00007ef601000000, 0x00007ef681000000, 0x00007ef681000000)
  object space 2097152K, 0% used [0x00007ef601000000,0x00007ef6011882c8,0x00007ef681000000)
 Metaspace       used 7404K, committed 7488K, reserved 8192K
}
Event: 5,261 GC heap before
{Heap before GC invocations=3 (full 1):
 PSYoungGen      total 917504K, used 47186K [0x00007ef681000000, 0x00007ef6c1000000, 0x00007ef6c1000000)
  eden space 786432K, 6% used [0x00007ef681000000,0x00007ef683e14818,0x00007ef6b1000000)
  from space 131072K, 0% used [0x00007ef6b1000000,0x00007ef6b1000000,0x00007ef6b9000000)
  to   space 131072K, 0% used [0x00007ef6b9000000,0x00007ef6b9000000,0x00007ef6c1000000)
 ParOldGen       total 2097152K, used 1568K [0x00007ef601000000, 0x00007ef681000000, 0x00007ef681000000)
  object space 2097152K, 0% used [0x00007ef601000000,0x00007ef6011882c8,0x00007ef681000000)
 Metaspace       used 7404K, committed 7488K, reserved 8192K
}
Event: 5,273 GC heap after
{Heap after GC invocations=3 (full 1):
 PSYoungGen      total 917504K, used 32K [0x00007ef681000000, 0x00007ef6c1000000, 0x00007ef6c1000000)
  eden space 786432K, 0% used [0x00007ef681000000,0x00007ef681000000,0x00007ef6b1000000)
  from space 131072K, 0% used [0x00007ef6b9000000,0x00007ef6b9008000,0x00007ef6c1000000)
  to   space 131072K, 0% used [0x00007ef6b1000000,0x00007ef6b1000000,0x00007ef6b9000000)
 ParOldGen       total 2097152K, used 1568K [0x00007ef601000000, 0x00007ef681000000, 0x00007ef681000000)
  object space 2097152K, 0% used [0x00007ef601000000,0x00007ef6011882c8,0x00007ef681000000)
 Metaspace       used 7404K, committed 7488K, reserved 8192K
}
Event: 5,273 GC heap before
{Heap before GC invocations=4 (full 2):
 PSYoungGen      total 917504K, used 32K [0x00007ef681000000, 0x00007ef6c1000000, 0x00007ef6c1000000)
  eden space 786432K, 0% used [0x00007ef681000000,0x00007ef681000000,0x00007ef6b1000000)
  from space 131072K, 0% used [0x00007ef6b9000000,0x00007ef6b9008000,0x00007ef6c1000000)
  to   space 131072K, 0% used [0x00007ef6b1000000,0x00007ef6b1000000,0x00007ef6b9000000)
 ParOldGen       total 2097152K, used 1568K [0x00007ef601000000, 0x00007ef681000000, 0x00007ef681000000)
  object space 2097152K, 0% used [0x00007ef601000000,0x00007ef6011882c8,0x00007ef681000000)
 Metaspace       used 7404K, committed 7488K, reserved 8192K
}
Event: 5,659 GC heap after
{Heap after GC invocations=4 (full 2):
 PSYoungGen      total 917504K, used 0K [0x00007ef681000000, 0x00007ef6c1000000, 0x00007ef6c1000000)
  eden space 786432K, 0% used [0x00007ef681000000,0x00007ef681000000,0x00007ef6b1000000)
  from space 131072K, 0% used [0x00007ef6b9000000,0x00007ef6b9000000,0x00007ef6c1000000)
  to   space 131072K, 0% used [0x00007ef6b1000000,0x00007ef6b1000000,0x00007ef6b9000000)
 ParOldGen       total 2097152K, used 1680K [0x00007ef601000000, 0x00007ef681000000, 0x00007ef681000000)
  object space 2097152K, 0% used [0x00007ef601000000,0x00007ef6011a4358,0x00007ef681000000)
 Metaspace       used 7404K, committed 7488K, reserved 8192K
}
Event: 5,663 GC heap before
{Heap before GC invocations=5 (full 2):
 PSYoungGen      total 917504K, used 15728K [0x00007ef681000000, 0x00007ef6c1000000, 0x00007ef6c1000000)
  eden space 786432K, 2% used [0x00007ef681000000,0x00007ef681f5c2c8,0x00007ef6b1000000)
  from space 131072K, 0% used [0x00007ef6b9000000,0x00007ef6b9000000,0x00007ef6c1000000)
  to   space 131072K, 0% used [0x00007ef6b1000000,0x00007ef6b1000000,0x00007ef6b9000000)
 ParOldGen       total 2097152K, used 1680K [0x00007ef601000000, 0x00007ef681000000, 0x00007ef681000000)
  object space 2097152K, 0% used [0x00007ef601000000,0x00007ef6011a4358,0x00007ef681000000)
 Metaspace       used 7404K, committed 7488K, reserved 8192K
}
Event: 5,665 GC heap after
{Heap after GC invocations=5 (full 2):
 PSYoungGen      total 917504K, used 0K [0x00007ef681000000, 0x00007ef6c1000000, 0x00007ef6c1000000)
  eden space 786432K, 0% used [0x00007ef681000000,0x00007ef681000000,0x00007ef6b1000000)
  from space 131072K, 0% used [0x00007ef6b1000000,0x00007ef6b1000000,0x00007ef6b9000000)
  to   space 131072K, 0% used [0x00007ef6b9000000,0x00007ef6b9000000,0x00007ef6c1000000)
 ParOldGen       total 2097152K, used 1680K [0x00007ef601000000, 0x00007ef681000000, 0x00007ef681000000)
  object space 2097152K, 0% used [0x00007ef601000000,0x00007ef6011a4358,0x00007ef681000000)
 Metaspace       used 7404K, committed 7488K, reserved 8192K
}
Event: 5,666 GC heap before
{Heap before GC invocations=6 (full 3):
 PSYoungGen      total 917504K, used 0K [0x00007ef681000000, 0x00007ef6c1000000, 0x00007ef6c1000000)
  eden space 786432K, 0% used [0x00007ef681000000,0x00007ef681000000,0x00007ef6b1000000)
  from space 131072K, 0% used [0x00007ef6b1000000,0x00007ef6b1000000,0x00007ef6b9000000)
  to   space 131072K, 0% used [0x00007ef6b9000000,0x00007ef6b9000000,0x00007ef6c1000000)
 ParOldGen       total 2097152K, used 1680K [0x00007ef601000000, 0x00007ef681000000, 0x00007ef681000000)
  object space 2097152K, 0% used [0x00007ef601000000,0x00007ef6011a4358,0x00007ef681000000)
 Metaspace       used 7404K, committed 7488K, reserved 8192K
}
Event: 5,695 GC heap after
{Heap after GC invocations=6 (full 3):
 PSYoungGen      total 917504K, used 0K [0x00007ef681000000, 0x00007ef6c1000000, 0x00007ef6c1000000)
  eden space 786432K, 0% used [0x00007ef681000000,0x00007ef681000000,0x00007ef6b1000000)
  from space 131072K, 0% used [0x00007ef6b1000000,0x00007ef6b1000000,0x00007ef6b9000000)
  to   space 131072K, 0% used [0x00007ef6b9000000,0x00007ef6b9000000,0x00007ef6c1000000)
 ParOldGen       total 2097152K, used 1563K [0x00007ef601000000, 0x00007ef681000000, 0x00007ef681000000)
  object space 2097152K, 0% used [0x00007ef601000000,0x00007ef601186ee8,0x00007ef681000000)
 Metaspace       used 7404K, committed 7488K, reserved 8192K
}
Event: 5,698 GC heap before
{Heap before GC invocations=7 (full 3):
 PSYoungGen      total 917504K, used 15728K [0x00007ef681000000, 0x00007ef6c1000000, 0x00007ef6c1000000)
  eden space 786432K, 2% used [0x00007ef681000000,0x00007ef681f5c2c8,0x00007ef6b1000000)
  from space 131072K, 0% used [0x00007ef6b1000000,0x00007ef6b1000000,0x00007ef6b9000000)
  to   space 131072K, 0% used [0x00007ef6b9000000,0x00007ef6b9000000,0x00007ef6c1000000)
 ParOldGen       total 2097152K, used 1563K [0x00007ef601000000, 0x00007ef681000000, 0x00007ef681000000)
  object space 2097152K, 0% used [0x00007ef601000000,0x00007ef601186ee8,0x00007ef681000000)
 Metaspace       used 7404K, committed 7488K, reserved 8192K
}
Event: 5,700 GC heap after
{Heap after GC invocations=7 (full 3):
 PSYoungGen      total 917504K, used 0K [0x00007ef681000000, 0x00007ef6c1000000, 0x00007ef6c1000000)
  eden space 786432K, 0% used [0x00007ef681000000,0x00007ef681000000,0x00007ef6b1000000)
  from space 131072K, 0% used [0x00007ef6b9000000,0x00007ef6b9000000,0x00007ef6c1000000)
  to   space 131072K, 0% used [0x00007ef6b1000000,0x00007ef6b1000000,0x00007ef6b9000000)
 ParOldGen       total 2097152K, used 1563K [0x00007ef601000000, 0x00007ef681000000, 0x00007ef681000000)
  object space 2097152K, 0% used [0x00007ef601000000,0x00007ef601186ee8,0x00007ef681000000)
 Metaspace       used 7404K, committed 7488K, reserved 8192K
}
Event: 5,701 GC heap before
{Heap before GC invocations=8 (full 4):
 PSYoungGen      total 917504K, used 0K [0x00007ef681000000, 0x00007ef6c1000000, 0x00007ef6c1000000)
  eden space 786432K, 0% used [0x00007ef681000000,0x00007ef681000000,0x00007ef6b1000000)
  from space 131072K, 0% used [0x00007ef6b9000000,0x00007ef6b9000000,0x00007ef6c1000000)
  to   space 131072K, 0% used [0x00007ef6b1000000,0x00007ef6b1000000,0x00007ef6b9000000)
 ParOldGen       total 2097152K, used 1563K [0x00007ef601000000, 0x00007ef681000000, 0x00007ef681000000)
  object space 2097152K, 0% used [0x00007ef601000000,0x00007ef601186ee8,0x00007ef681000000)
 Metaspace       used 7404K, committed 7488K, reserved 8192K
}
Event: 6,329 GC heap after
{Heap after GC invocations=8 (full 4):
 PSYoungGen      total 917504K, used 0K [0x00007ef681000000, 0x00007ef6c1000000, 0x00007ef6c1000000)
  eden space 786432K, 0% used [0x00007ef681000000,0x00007ef681000000,0x00007ef6b1000000)
  from space 131072K, 0% used [0x00007ef6b9000000,0x00007ef6b9000000,0x00007ef6c1000000)
  to   space 131072K, 0% used [0x00007ef6b1000000,0x00007ef6b1000000,0x00007ef6b9000000)
 ParOldGen       total 2097152K, used 1797K [0x00007ef601000000, 0x00007ef681000000, 0x00007ef681000000)
  object space 2097152K, 0% used [0x00007ef601000000,0x00007ef6011c17c8,0x00007ef681000000)
 Metaspace       used 7404K, committed 7488K, reserved 8192K
}
Event: 6,334 GC heap before
{Heap before GC invocations=9 (full 4):
 PSYoungGen      total 917504K, used 15728K [0x00007ef681000000, 0x00007ef6c1000000, 0x00007ef6c1000000)
  eden space 786432K, 2% used [0x00007ef681000000,0x00007ef681f5c2c8,0x00007ef6b1000000)
  from space 131072K, 0% used [0x00007ef6b9000000,0x00007ef6b9000000,0x00007ef6c1000000)
  to   space 131072K, 0% used [0x00007ef6b1000000,0x00007ef6b1000000,0x00007ef6b9000000)
 ParOldGen       total 2097152K, used 1797K [0x00007ef601000000, 0x00007ef681000000, 0x00007ef681000000)
  object space 2097152K, 0% used [0x00007ef601000000,0x00007ef6011c17c8,0x00007ef681000000)
 Metaspace       used 7404K, committed 7488K, reserved 8192K
}
Event: 6,337 GC heap after
{Heap after GC invocations=9 (full 4):
 PSYoungGen      total 917504K, used 149K [0x00007ef681000000, 0x00007ef6c1000000, 0x00007ef6c1000000)
  eden space 786432K, 0% used [0x00007ef681000000,0x00007ef681000000,0x00007ef6b1000000)
  from space 131072K, 0% used [0x00007ef6b1000000,0x00007ef6b10256e0,0x00007ef6b9000000)
  to   space 131072K, 0% used [0x00007ef6b9000000,0x00007ef6b9000000,0x00007ef6c1000000)
 ParOldGen       total 2097152K, used 1797K [0x00007ef601000000, 0x00007ef681000000, 0x00007ef681000000)
  object space 2097152K, 0% used [0x00007ef601000000,0x00007ef6011c17c8,0x00007ef681000000)
 Metaspace       used 7404K, committed 7488K, reserved 8192K
}
Event: 6,337 GC heap before
{Heap before GC invocations=10 (full 5):
 PSYoungGen      total 917504K, used 149K [0x00007ef681000000, 0x00007ef6c1000000, 0x00007ef6c1000000)
  eden space 786432K, 0% used [0x00007ef681000000,0x00007ef681000000,0x00007ef6b1000000)
  from space 131072K, 0% used [0x00007ef6b1000000,0x00007ef6b10256e0,0x00007ef6b9000000)
  to   space 131072K, 0% used [0x00007ef6b9000000,0x00007ef6b9000000,0x00007ef6c1000000)
 ParOldGen       total 2097152K, used 1797K [0x00007ef601000000, 0x00007ef681000000, 0x00007ef681000000)
  object space 2097152K, 0% used [0x00007ef601000000,0x00007ef6011c17c8,0x00007ef681000000)
 Metaspace       used 7404K, committed 7488K, reserved 8192K
}
Event: 6,374 GC heap after
{Heap after GC invocations=10 (full 5):
 PSYoungGen      total 917504K, used 0K [0x00007ef681000000, 0x00007ef6c1000000, 0x00007ef6c1000000)
  eden space 786432K, 0% used [0x00007ef681000000,0x00007ef681000000,0x00007ef6b1000000)
  from space 131072K, 0% used [0x00007ef6b1000000,0x00007ef6b1000000,0x00007ef6b9000000)
  to   space 131072K, 0% used [0x00007ef6b9000000,0x00007ef6b9000000,0x00007ef6c1000000)
 ParOldGen       total 2097152K, used 1582K [0x00007ef601000000, 0x00007ef681000000, 0x00007ef681000000)
  object space 2097152K, 0% used [0x00007ef601000000,0x00007ef60118ba88,0x00007ef681000000)
 Metaspace       used 7404K, committed 7488K, reserved 8192K
}
Event: 6,378 GC heap before
{Heap before GC invocations=11 (full 5):
 PSYoungGen      total 917504K, used 15728K [0x00007ef681000000, 0x00007ef6c1000000, 0x00007ef6c1000000)
  eden space 786432K, 2% used [0x00007ef681000000,0x00007ef681f5c2c8,0x00007ef6b1000000)
  from space 131072K, 0% used [0x00007ef6b1000000,0x00007ef6b1000000,0x00007ef6b9000000)
  to   space 131072K, 0% used [0x00007ef6b9000000,0x00007ef6b9000000,0x00007ef6c1000000)
 ParOldGen       total 2097152K, used 1582K [0x00007ef601000000, 0x00007ef681000000, 0x00007ef681000000)
  object space 2097152K, 0% used [0x00007ef601000000,0x00007ef60118ba88,0x00007ef681000000)
 Metaspace       used 7404K, committed 7488K, reserved 8192K
}
Event: 6,380 GC heap after
{Heap after GC invocations=11 (full 5):
 PSYoungGen      total 917504K, used 32K [0x00007ef681000000, 0x00007ef6c1000000, 0x00007ef6c1000000)
  eden space 786432K, 0% used [0x00007ef681000000,0x00007ef681000000,0x00007ef6b1000000)
  from space 131072K, 0% used [0x00007ef6b9000000,0x00007ef6b9008000,0x00007ef6c1000000)
  to   space 131072K, 0% used [0x00007ef6b1000000,0x00007ef6b1000000,0x00007ef6b9000000)
 ParOldGen       total 2097152K, used 1582K [0x00007ef601000000, 0x00007ef681000000, 0x00007ef681000000)
  object space 2097152K, 0% used [0x00007ef601000000,0x00007ef60118ba88,0x00007ef681000000)
 Metaspace       used 7404K, committed 7488K, reserved 8192K
}
Event: 6,380 GC heap before
{Heap before GC invocations=12 (full 6):
 PSYoungGen      total 917504K, used 32K [0x00007ef681000000, 0x00007ef6c1000000, 0x00007ef6c1000000)
  eden space 786432K, 0% used [0x00007ef681000000,0x00007ef681000000,0x00007ef6b1000000)
  from space 131072K, 0% used [0x00007ef6b9000000,0x00007ef6b9008000,0x00007ef6c1000000)
  to   space 131072K, 0% used [0x00007ef6b1000000,0x00007ef6b1000000,0x00007ef6b9000000)
 ParOldGen       total 2097152K, used 1582K [0x00007ef601000000, 0x00007ef681000000, 0x00007ef681000000)
  object space 2097152K, 0% used [0x00007ef601000000,0x00007ef60118ba88,0x00007ef681000000)
 Metaspace       used 7404K, committed 7488K, reserved 8192K
}

