# JRE version: OpenJDK Runtime Environment (17.0.6) (fastdebug build 17.0.6-internal+0-adhoc.konstdelis.jdk17u067)
# Java VM: OpenJDK 64-Bit Server VM (fastdebug 17.0.6-internal+0-adhoc.konstdelis.jdk17u067, mixed mode, tiered, parallel gc, linux-amd64)
GC Precious Log:
 CPUs: 32 total, 32 available
 Memory: 251G
 Large Page Support: Disabled
 NUMA Support: Disabled
 Compressed Oops: Disabled
 Alignments: Space 512K, Generation 512K, Heap 2M
 Heap Min Capacity: 3G
 Heap Initial Capacity: 3G
 Heap Max Capacity: 3G
 Pre-touch: Disabled
 Parallel Workers: 2
Heap:
 PSYoungGen      total 917504K, used 32K [0x00007f120ce00000, 0x00007f124ce00000, 0x00007f124ce00000)
  eden space 786432K, 0% used [0x00007f120ce00000,0x00007f120ce00000,0x00007f123ce00000)
  from space 131072K, 0% used [0x00007f1244e00000,0x00007f1244e08000,0x00007f124ce00000)
  to   space 131072K, 0% used [0x00007f123ce00000,0x00007f123ce00000,0x00007f1244e00000)
 ParOldGen       total 2097152K, used 1582K [0x00007f118ce00000, 0x00007f120ce00000, 0x00007f120ce00000)
  object space 2097152K, 0% used [0x00007f118ce00000,0x00007f118cf8b878,0x00007f120ce00000)
 Metaspace       used 7405K, committed 7488K, reserved 8192K
GC Heap History (20 events):
Event: 2,651 GC heap after
{Heap after GC invocations=2 (full 1):
 PSYoungGen      total 917504K, used 0K [0x00007f120ce00000, 0x00007f124ce00000, 0x00007f124ce00000)
  eden space 786432K, 0% used [0x00007f120ce00000,0x00007f120ce00000,0x00007f123ce00000)
  from space 131072K, 0% used [0x00007f123ce00000,0x00007f123ce00000,0x00007f1244e00000)
  to   space 131072K, 0% used [0x00007f1244e00000,0x00007f1244e00000,0x00007f124ce00000)
 ParOldGen       total 2097152K, used 1568K [0x00007f118ce00000, 0x00007f120ce00000, 0x00007f120ce00000)
  object space 2097152K, 0% used [0x00007f118ce00000,0x00007f118cf88368,0x00007f120ce00000)
 Metaspace       used 7405K, committed 7488K, reserved 8192K
}
Event: 2,654 GC heap before
{Heap before GC invocations=3 (full 1):
 PSYoungGen      total 917504K, used 15728K [0x00007f120ce00000, 0x00007f124ce00000, 0x00007f124ce00000)
  eden space 786432K, 2% used [0x00007f120ce00000,0x00007f120dd5c2c8,0x00007f123ce00000)
  from space 131072K, 0% used [0x00007f123ce00000,0x00007f123ce00000,0x00007f1244e00000)
  to   space 131072K, 0% used [0x00007f1244e00000,0x00007f1244e00000,0x00007f124ce00000)
 ParOldGen       total 2097152K, used 1568K [0x00007f118ce00000, 0x00007f120ce00000, 0x00007f120ce00000)
  object space 2097152K, 0% used [0x00007f118ce00000,0x00007f118cf88368,0x00007f120ce00000)
 Metaspace       used 7405K, committed 7488K, reserved 8192K
}
Event: 2,657 GC heap after
{Heap after GC invocations=3 (full 1):
 PSYoungGen      total 917504K, used 0K [0x00007f120ce00000, 0x00007f124ce00000, 0x00007f124ce00000)
  eden space 786432K, 0% used [0x00007f120ce00000,0x00007f120ce00000,0x00007f123ce00000)
  from space 131072K, 0% used [0x00007f1244e00000,0x00007f1244e00000,0x00007f124ce00000)
  to   space 131072K, 0% used [0x00007f123ce00000,0x00007f123ce00000,0x00007f1244e00000)
 ParOldGen       total 2097152K, used 1568K [0x00007f118ce00000, 0x00007f120ce00000, 0x00007f120ce00000)
  object space 2097152K, 0% used [0x00007f118ce00000,0x00007f118cf88368,0x00007f120ce00000)
 Metaspace       used 7405K, committed 7488K, reserved 8192K
}
Event: 2,658 GC heap before
{Heap before GC invocations=4 (full 2):
 PSYoungGen      total 917504K, used 0K [0x00007f120ce00000, 0x00007f124ce00000, 0x00007f124ce00000)
  eden space 786432K, 0% used [0x00007f120ce00000,0x00007f120ce00000,0x00007f123ce00000)
  from space 131072K, 0% used [0x00007f1244e00000,0x00007f1244e00000,0x00007f124ce00000)
  to   space 131072K, 0% used [0x00007f123ce00000,0x00007f123ce00000,0x00007f1244e00000)
 ParOldGen       total 2097152K, used 1568K [0x00007f118ce00000, 0x00007f120ce00000, 0x00007f120ce00000)
  object space 2097152K, 0% used [0x00007f118ce00000,0x00007f118cf88368,0x00007f120ce00000)
 Metaspace       used 7405K, committed 7488K, reserved 8192K
}
Event: 3,012 GC heap after
{Heap after GC invocations=4 (full 2):
 PSYoungGen      total 917504K, used 0K [0x00007f120ce00000, 0x00007f124ce00000, 0x00007f124ce00000)
  eden space 786432K, 0% used [0x00007f120ce00000,0x00007f120ce00000,0x00007f123ce00000)
  from space 131072K, 0% used [0x00007f1244e00000,0x00007f1244e00000,0x00007f124ce00000)
  to   space 131072K, 0% used [0x00007f123ce00000,0x00007f123ce00000,0x00007f1244e00000)
 ParOldGen       total 2097152K, used 1680K [0x00007f118ce00000, 0x00007f120ce00000, 0x00007f120ce00000)
  object space 2097152K, 0% used [0x00007f118ce00000,0x00007f118cfa4358,0x00007f120ce00000)
 Metaspace       used 7405K, committed 7488K, reserved 8192K
}
Event: 3,014 GC heap before
{Heap before GC invocations=5 (full 2):
 PSYoungGen      total 917504K, used 15728K [0x00007f120ce00000, 0x00007f124ce00000, 0x00007f124ce00000)
  eden space 786432K, 2% used [0x00007f120ce00000,0x00007f120dd5c2c8,0x00007f123ce00000)
  from space 131072K, 0% used [0x00007f1244e00000,0x00007f1244e00000,0x00007f124ce00000)
  to   space 131072K, 0% used [0x00007f123ce00000,0x00007f123ce00000,0x00007f1244e00000)
 ParOldGen       total 2097152K, used 1680K [0x00007f118ce00000, 0x00007f120ce00000, 0x00007f120ce00000)
  object space 2097152K, 0% used [0x00007f118ce00000,0x00007f118cfa4358,0x00007f120ce00000)
 Metaspace       used 7405K, committed 7488K, reserved 8192K
}
Event: 3,017 GC heap after
{Heap after GC invocations=5 (full 2):
 PSYoungGen      total 917504K, used 0K [0x00007f120ce00000, 0x00007f124ce00000, 0x00007f124ce00000)
  eden space 786432K, 0% used [0x00007f120ce00000,0x00007f120ce00000,0x00007f123ce00000)
  from space 131072K, 0% used [0x00007f123ce00000,0x00007f123ce00000,0x00007f1244e00000)
  to   space 131072K, 0% used [0x00007f1244e00000,0x00007f1244e00000,0x00007f124ce00000)
 ParOldGen       total 2097152K, used 1680K [0x00007f118ce00000, 0x00007f120ce00000, 0x00007f120ce00000)
  object space 2097152K, 0% used [0x00007f118ce00000,0x00007f118cfa4358,0x00007f120ce00000)
 Metaspace       used 7405K, committed 7488K, reserved 8192K
}
Event: 3,017 GC heap before
{Heap before GC invocations=6 (full 3):
 PSYoungGen      total 917504K, used 0K [0x00007f120ce00000, 0x00007f124ce00000, 0x00007f124ce00000)
  eden space 786432K, 0% used [0x00007f120ce00000,0x00007f120ce00000,0x00007f123ce00000)
  from space 131072K, 0% used [0x00007f123ce00000,0x00007f123ce00000,0x00007f1244e00000)
  to   space 131072K, 0% used [0x00007f1244e00000,0x00007f1244e00000,0x00007f124ce00000)
 ParOldGen       total 2097152K, used 1680K [0x00007f118ce00000, 0x00007f120ce00000, 0x00007f120ce00000)
  object space 2097152K, 0% used [0x00007f118ce00000,0x00007f118cfa4358,0x00007f120ce00000)
 Metaspace       used 7405K, committed 7488K, reserved 8192K
}
Event: 3,045 GC heap after
{Heap after GC invocations=6 (full 3):
 PSYoungGen      total 917504K, used 0K [0x00007f120ce00000, 0x00007f124ce00000, 0x00007f124ce00000)
  eden space 786432K, 0% used [0x00007f120ce00000,0x00007f120ce00000,0x00007f123ce00000)
  from space 131072K, 0% used [0x00007f123ce00000,0x00007f123ce00000,0x00007f1244e00000)
  to   space 131072K, 0% used [0x00007f1244e00000,0x00007f1244e00000,0x00007f124ce00000)
 ParOldGen       total 2097152K, used 1563K [0x00007f118ce00000, 0x00007f120ce00000, 0x00007f120ce00000)
  object space 2097152K, 0% used [0x00007f118ce00000,0x00007f118cf86ee8,0x00007f120ce00000)
 Metaspace       used 7405K, committed 7488K, reserved 8192K
}
Event: 3,048 GC heap before
{Heap before GC invocations=7 (full 3):
 PSYoungGen      total 917504K, used 15728K [0x00007f120ce00000, 0x00007f124ce00000, 0x00007f124ce00000)
  eden space 786432K, 2% used [0x00007f120ce00000,0x00007f120dd5c2c8,0x00007f123ce00000)
  from space 131072K, 0% used [0x00007f123ce00000,0x00007f123ce00000,0x00007f1244e00000)
  to   space 131072K, 0% used [0x00007f1244e00000,0x00007f1244e00000,0x00007f124ce00000)
 ParOldGen       total 2097152K, used 1563K [0x00007f118ce00000, 0x00007f120ce00000, 0x00007f120ce00000)
  object space 2097152K, 0% used [0x00007f118ce00000,0x00007f118cf86ee8,0x00007f120ce00000)
 Metaspace       used 7405K, committed 7488K, reserved 8192K
}
Event: 3,050 GC heap after
{Heap after GC invocations=7 (full 3):
 PSYoungGen      total 917504K, used 0K [0x00007f120ce00000, 0x00007f124ce00000, 0x00007f124ce00000)
  eden space 786432K, 0% used [0x00007f120ce00000,0x00007f120ce00000,0x00007f123ce00000)
  from space 131072K, 0% used [0x00007f1244e00000,0x00007f1244e00000,0x00007f124ce00000)
  to   space 131072K, 0% used [0x00007f123ce00000,0x00007f123ce00000,0x00007f1244e00000)
 ParOldGen       total 2097152K, used 1563K [0x00007f118ce00000, 0x00007f120ce00000, 0x00007f120ce00000)
  object space 2097152K, 0% used [0x00007f118ce00000,0x00007f118cf86ee8,0x00007f120ce00000)
 Metaspace       used 7405K, committed 7488K, reserved 8192K
}
Event: 3,051 GC heap before
{Heap before GC invocations=8 (full 4):
 PSYoungGen      total 917504K, used 0K [0x00007f120ce00000, 0x00007f124ce00000, 0x00007f124ce00000)
  eden space 786432K, 0% used [0x00007f120ce00000,0x00007f120ce00000,0x00007f123ce00000)
  from space 131072K, 0% used [0x00007f1244e00000,0x00007f1244e00000,0x00007f124ce00000)
  to   space 131072K, 0% used [0x00007f123ce00000,0x00007f123ce00000,0x00007f1244e00000)
 ParOldGen       total 2097152K, used 1563K [0x00007f118ce00000, 0x00007f120ce00000, 0x00007f120ce00000)
  object space 2097152K, 0% used [0x00007f118ce00000,0x00007f118cf86ee8,0x00007f120ce00000)
 Metaspace       used 7405K, committed 7488K, reserved 8192K
}
Event: 3,653 GC heap after
{Heap after GC invocations=8 (full 4):
 PSYoungGen      total 917504K, used 0K [0x00007f120ce00000, 0x00007f124ce00000, 0x00007f124ce00000)
  eden space 786432K, 0% used [0x00007f120ce00000,0x00007f120ce00000,0x00007f123ce00000)
  from space 131072K, 0% used [0x00007f1244e00000,0x00007f1244e00000,0x00007f124ce00000)
  to   space 131072K, 0% used [0x00007f123ce00000,0x00007f123ce00000,0x00007f1244e00000)
 ParOldGen       total 2097152K, used 1797K [0x00007f118ce00000, 0x00007f120ce00000, 0x00007f120ce00000)
  object space 2097152K, 0% used [0x00007f118ce00000,0x00007f118cfc17c8,0x00007f120ce00000)
 Metaspace       used 7405K, committed 7488K, reserved 8192K
}
Event: 3,657 GC heap before
{Heap before GC invocations=9 (full 4):
 PSYoungGen      total 917504K, used 15728K [0x00007f120ce00000, 0x00007f124ce00000, 0x00007f124ce00000)
  eden space 786432K, 2% used [0x00007f120ce00000,0x00007f120dd5c2c8,0x00007f123ce00000)
  from space 131072K, 0% used [0x00007f1244e00000,0x00007f1244e00000,0x00007f124ce00000)
  to   space 131072K, 0% used [0x00007f123ce00000,0x00007f123ce00000,0x00007f1244e00000)
 ParOldGen       total 2097152K, used 1797K [0x00007f118ce00000, 0x00007f120ce00000, 0x00007f120ce00000)
  object space 2097152K, 0% used [0x00007f118ce00000,0x00007f118cfc17c8,0x00007f120ce00000)
 Metaspace       used 7405K, committed 7488K, reserved 8192K
}
Event: 3,660 GC heap after
{Heap after GC invocations=9 (full 4):
 PSYoungGen      total 917504K, used 149K [0x00007f120ce00000, 0x00007f124ce00000, 0x00007f124ce00000)
  eden space 786432K, 0% used [0x00007f120ce00000,0x00007f120ce00000,0x00007f123ce00000)
  from space 131072K, 0% used [0x00007f123ce00000,0x00007f123ce256e0,0x00007f1244e00000)
  to   space 131072K, 0% used [0x00007f1244e00000,0x00007f1244e00000,0x00007f124ce00000)
 ParOldGen       total 2097152K, used 1797K [0x00007f118ce00000, 0x00007f120ce00000, 0x00007f120ce00000)
  object space 2097152K, 0% used [0x00007f118ce00000,0x00007f118cfc17c8,0x00007f120ce00000)
 Metaspace       used 7405K, committed 7488K, reserved 8192K
}
Event: 3,661 GC heap before
{Heap before GC invocations=10 (full 5):
 PSYoungGen      total 917504K, used 149K [0x00007f120ce00000, 0x00007f124ce00000, 0x00007f124ce00000)
  eden space 786432K, 0% used [0x00007f120ce00000,0x00007f120ce00000,0x00007f123ce00000)
  from space 131072K, 0% used [0x00007f123ce00000,0x00007f123ce256e0,0x00007f1244e00000)
  to   space 131072K, 0% used [0x00007f1244e00000,0x00007f1244e00000,0x00007f124ce00000)
 ParOldGen       total 2097152K, used 1797K [0x00007f118ce00000, 0x00007f120ce00000, 0x00007f120ce00000)
  object space 2097152K, 0% used [0x00007f118ce00000,0x00007f118cfc17c8,0x00007f120ce00000)
 Metaspace       used 7405K, committed 7488K, reserved 8192K
}
Event: 3,697 GC heap after
{Heap after GC invocations=10 (full 5):
 PSYoungGen      total 917504K, used 0K [0x00007f120ce00000, 0x00007f124ce00000, 0x00007f124ce00000)
  eden space 786432K, 0% used [0x00007f120ce00000,0x00007f120ce00000,0x00007f123ce00000)
  from space 131072K, 0% used [0x00007f123ce00000,0x00007f123ce00000,0x00007f1244e00000)
  to   space 131072K, 0% used [0x00007f1244e00000,0x00007f1244e00000,0x00007f124ce00000)
 ParOldGen       total 2097152K, used 1582K [0x00007f118ce00000, 0x00007f120ce00000, 0x00007f120ce00000)
  object space 2097152K, 0% used [0x00007f118ce00000,0x00007f118cf8b878,0x00007f120ce00000)
 Metaspace       used 7405K, committed 7488K, reserved 8192K
}
Event: 3,699 GC heap before
{Heap before GC invocations=11 (full 5):
 PSYoungGen      total 917504K, used 15728K [0x00007f120ce00000, 0x00007f124ce00000, 0x00007f124ce00000)
  eden space 786432K, 2% used [0x00007f120ce00000,0x00007f120dd5c2c8,0x00007f123ce00000)
  from space 131072K, 0% used [0x00007f123ce00000,0x00007f123ce00000,0x00007f1244e00000)
  to   space 131072K, 0% used [0x00007f1244e00000,0x00007f1244e00000,0x00007f124ce00000)
 ParOldGen       total 2097152K, used 1582K [0x00007f118ce00000, 0x00007f120ce00000, 0x00007f120ce00000)
  object space 2097152K, 0% used [0x00007f118ce00000,0x00007f118cf8b878,0x00007f120ce00000)
 Metaspace       used 7405K, committed 7488K, reserved 8192K
}
Event: 3,702 GC heap after
{Heap after GC invocations=11 (full 5):
 PSYoungGen      total 917504K, used 32K [0x00007f120ce00000, 0x00007f124ce00000, 0x00007f124ce00000)
  eden space 786432K, 0% used [0x00007f120ce00000,0x00007f120ce00000,0x00007f123ce00000)
  from space 131072K, 0% used [0x00007f1244e00000,0x00007f1244e08000,0x00007f124ce00000)
  to   space 131072K, 0% used [0x00007f123ce00000,0x00007f123ce00000,0x00007f1244e00000)
 ParOldGen       total 2097152K, used 1582K [0x00007f118ce00000, 0x00007f120ce00000, 0x00007f120ce00000)
  object space 2097152K, 0% used [0x00007f118ce00000,0x00007f118cf8b878,0x00007f120ce00000)
 Metaspace       used 7405K, committed 7488K, reserved 8192K
}
Event: 3,703 GC heap before
{Heap before GC invocations=12 (full 6):
 PSYoungGen      total 917504K, used 32K [0x00007f120ce00000, 0x00007f124ce00000, 0x00007f124ce00000)
  eden space 786432K, 0% used [0x00007f120ce00000,0x00007f120ce00000,0x00007f123ce00000)
  from space 131072K, 0% used [0x00007f1244e00000,0x00007f1244e08000,0x00007f124ce00000)
  to   space 131072K, 0% used [0x00007f123ce00000,0x00007f123ce00000,0x00007f1244e00000)
 ParOldGen       total 2097152K, used 1582K [0x00007f118ce00000, 0x00007f120ce00000, 0x00007f120ce00000)
  object space 2097152K, 0% used [0x00007f118ce00000,0x00007f118cf8b878,0x00007f120ce00000)
 Metaspace       used 7405K, committed 7488K, reserved 8192K
}

