# JRE version: OpenJDK Runtime Environment (17.0.6) (fastdebug build 17.0.6-internal+0-adhoc.konstdelis.jdk17u067)
# Java VM: OpenJDK 64-Bit Server VM (fastdebug 17.0.6-internal+0-adhoc.konstdelis.jdk17u067, mixed mode, tiered, parallel gc, linux-amd64)
GC Precious Log:
 CPUs: 32 total, 32 available
 Memory: 251G
 Large Page Support: Disabled
 NUMA Support: Disabled
 Compressed Oops: Disabled
 Alignments: Space 512K, Generation 512K, Heap 2M
 Heap Min Capacity: 3G
 Heap Initial Capacity: 3G
 Heap Max Capacity: 3G
 Pre-touch: Disabled
 Parallel Workers: 8
Heap:
 PSYoungGen      total 917504K, used 0K [0x00007f1f81000000, 0x00007f1fc1000000, 0x00007f1fc1000000)
  eden space 786432K, 0% used [0x00007f1f81000000,0x00007f1f81000000,0x00007f1fb1000000)
  from space 131072K, 0% used [0x00007f1fb9000000,0x00007f1fb9000000,0x00007f1fc1000000)
  to   space 131072K, 0% used [0x00007f1fb1000000,0x00007f1fb1000000,0x00007f1fb9000000)
 ParOldGen       total 2097152K, used 12036K [0x00007f1f01000000, 0x00007f1f81000000, 0x00007f1f81000000)
  object space 2097152K, 0% used [0x00007f1f01000000,0x00007f1f01bc13f0,0x00007f1f81000000)
 Metaspace       used 7394K, committed 7488K, reserved 8192K
GC Heap History (17 events):
Event: 2,958 GC heap before
{Heap before GC invocations=1 (full 0):
 PSYoungGen      total 917504K, used 786432K [0x00007f1f81000000, 0x00007f1fc1000000, 0x00007f1fc1000000)
  eden space 786432K, 100% used [0x00007f1f81000000,0x00007f1fb1000000,0x00007f1fb1000000)
  from space 131072K, 0% used [0x00007f1fb9000000,0x00007f1fb9000000,0x00007f1fc1000000)
  to   space 131072K, 0% used [0x00007f1fb1000000,0x00007f1fb1000000,0x00007f1fb9000000)
 ParOldGen       total 2097152K, used 0K [0x00007f1f01000000, 0x00007f1f81000000, 0x00007f1f81000000)
  object space 2097152K, 0% used [0x00007f1f01000000,0x00007f1f01000000,0x00007f1f81000000)
 Metaspace       used 7360K, committed 7488K, reserved 8192K
}
Event: 3,719 GC heap after
{Heap after GC invocations=1 (full 0):
 PSYoungGen      total 917504K, used 131049K [0x00007f1f81000000, 0x00007f1fc1000000, 0x00007f1fc1000000)
  eden space 786432K, 0% used [0x00007f1f81000000,0x00007f1f81000000,0x00007f1fb1000000)
  from space 131072K, 99% used [0x00007f1fb1000000,0x00007f1fb8ffa5e0,0x00007f1fb9000000)
  to   space 131072K, 0% used [0x00007f1fb9000000,0x00007f1fb9000000,0x00007f1fc1000000)
 ParOldGen       total 2097152K, used 474496K [0x00007f1f01000000, 0x00007f1f81000000, 0x00007f1f81000000)
  object space 2097152K, 22% used [0x00007f1f01000000,0x00007f1f1df60000,0x00007f1f81000000)
 Metaspace       used 7360K, committed 7488K, reserved 8192K
}
Event: 4,219 GC heap before
{Heap before GC invocations=2 (full 0):
 PSYoungGen      total 917504K, used 917481K [0x00007f1f81000000, 0x00007f1fc1000000, 0x00007f1fc1000000)
  eden space 786432K, 100% used [0x00007f1f81000000,0x00007f1fb1000000,0x00007f1fb1000000)
  from space 131072K, 99% used [0x00007f1fb1000000,0x00007f1fb8ffa5e0,0x00007f1fb9000000)
  to   space 131072K, 0% used [0x00007f1fb9000000,0x00007f1fb9000000,0x00007f1fc1000000)
 ParOldGen       total 2097152K, used 474496K [0x00007f1f01000000, 0x00007f1f81000000, 0x00007f1f81000000)
  object space 2097152K, 22% used [0x00007f1f01000000,0x00007f1f1df60000,0x00007f1f81000000)
 Metaspace       used 7360K, committed 7488K, reserved 8192K
}
Event: 5,206 GC heap after
{Heap after GC invocations=2 (full 0):
 PSYoungGen      total 917504K, used 131057K [0x00007f1f81000000, 0x00007f1fc1000000, 0x00007f1fc1000000)
  eden space 786432K, 0% used [0x00007f1f81000000,0x00007f1f81000000,0x00007f1fb1000000)
  from space 131072K, 99% used [0x00007f1fb9000000,0x00007f1fc0ffc718,0x00007f1fc1000000)
  to   space 131072K, 0% used [0x00007f1fb1000000,0x00007f1fb1000000,0x00007f1fb9000000)
 ParOldGen       total 2097152K, used 1124560K [0x00007f1f01000000, 0x00007f1f81000000, 0x00007f1f81000000)
  object space 2097152K, 53% used [0x00007f1f01000000,0x00007f1f45a34000,0x00007f1f81000000)
 Metaspace       used 7360K, committed 7488K, reserved 8192K
}
Event: 5,588 GC heap before
{Heap before GC invocations=3 (full 0):
 PSYoungGen      total 917504K, used 917489K [0x00007f1f81000000, 0x00007f1fc1000000, 0x00007f1fc1000000)
  eden space 786432K, 100% used [0x00007f1f81000000,0x00007f1fb1000000,0x00007f1fb1000000)
  from space 131072K, 99% used [0x00007f1fb9000000,0x00007f1fc0ffc718,0x00007f1fc1000000)
  to   space 131072K, 0% used [0x00007f1fb1000000,0x00007f1fb1000000,0x00007f1fb9000000)
 ParOldGen       total 2097152K, used 1124560K [0x00007f1f01000000, 0x00007f1f81000000, 0x00007f1f81000000)
  object space 2097152K, 53% used [0x00007f1f01000000,0x00007f1f45a34000,0x00007f1f81000000)
 Metaspace       used 7360K, committed 7488K, reserved 8192K
}
Event: 6,636 GC heap after
{Heap after GC invocations=3 (full 0):
 PSYoungGen      total 917504K, used 131070K [0x00007f1f81000000, 0x00007f1fc1000000, 0x00007f1fc1000000)
  eden space 786432K, 0% used [0x00007f1f81000000,0x00007f1f81000000,0x00007f1fb1000000)
  from space 131072K, 99% used [0x00007f1fb1000000,0x00007f1fb8fff8e0,0x00007f1fb9000000)
  to   space 131072K, 0% used [0x00007f1fb9000000,0x00007f1fb9000000,0x00007f1fc1000000)
 ParOldGen       total 2097152K, used 1777389K [0x00007f1f01000000, 0x00007f1f81000000, 0x00007f1f81000000)
  object space 2097152K, 84% used [0x00007f1f01000000,0x00007f1f6d7bb510,0x00007f1f81000000)
 Metaspace       used 7360K, committed 7488K, reserved 8192K
}
Event: 6,636 GC heap before
{Heap before GC invocations=4 (full 1):
 PSYoungGen      total 917504K, used 131070K [0x00007f1f81000000, 0x00007f1fc1000000, 0x00007f1fc1000000)
  eden space 786432K, 0% used [0x00007f1f81000000,0x00007f1f81000000,0x00007f1fb1000000)
  from space 131072K, 99% used [0x00007f1fb1000000,0x00007f1fb8fff8e0,0x00007f1fb9000000)
  to   space 131072K, 0% used [0x00007f1fb9000000,0x00007f1fb9000000,0x00007f1fc1000000)
 ParOldGen       total 2097152K, used 1777389K [0x00007f1f01000000, 0x00007f1f81000000, 0x00007f1f81000000)
  object space 2097152K, 84% used [0x00007f1f01000000,0x00007f1f6d7bb510,0x00007f1f81000000)
 Metaspace       used 7360K, committed 7488K, reserved 8192K
}
Event: 14,132 GC heap after
{Heap after GC invocations=4 (full 1):
 PSYoungGen      total 917504K, used 0K [0x00007f1f81000000, 0x00007f1fc1000000, 0x00007f1fc1000000)
  eden space 786432K, 0% used [0x00007f1f81000000,0x00007f1f81000000,0x00007f1fb1000000)
  from space 131072K, 0% used [0x00007f1fb9000000,0x00007f1fb9000000,0x00007f1fc1000000)
  to   space 131072K, 0% used [0x00007f1fb1000000,0x00007f1fb1000000,0x00007f1fb9000000)
 ParOldGen       total 2097152K, used 1896382K [0x00007f1f01000000, 0x00007f1f81000000, 0x00007f1f81000000)
  object space 2097152K, 90% used [0x00007f1f01000000,0x00007f1f74befa70,0x00007f1f81000000)
 Metaspace       used 7360K, committed 7488K, reserved 8192K
}
Event: 15,325 GC heap before
{Heap before GC invocations=5 (full 2):
 PSYoungGen      total 917504K, used 440733K [0x00007f1f81000000, 0x00007f1fc1000000, 0x00007f1fc1000000)
  eden space 786432K, 56% used [0x00007f1f81000000,0x00007f1f9be67680,0x00007f1fb1000000)
  from space 131072K, 0% used [0x00007f1fb9000000,0x00007f1fb9000000,0x00007f1fc1000000)
  to   space 131072K, 0% used [0x00007f1fb1000000,0x00007f1fb1000000,0x00007f1fb9000000)
 ParOldGen       total 2097152K, used 1896382K [0x00007f1f01000000, 0x00007f1f81000000, 0x00007f1f81000000)
  object space 2097152K, 90% used [0x00007f1f01000000,0x00007f1f74befa70,0x00007f1f81000000)
 Metaspace       used 7394K, committed 7488K, reserved 8192K
}
Event: 33,674 GC heap after
{Heap after GC invocations=5 (full 2):
 PSYoungGen      total 917504K, used 0K [0x00007f1f81000000, 0x00007f1fc1000000, 0x00007f1fc1000000)
  eden space 786432K, 0% used [0x00007f1f81000000,0x00007f1f81000000,0x00007f1fb1000000)
  from space 131072K, 0% used [0x00007f1fb9000000,0x00007f1fb9000000,0x00007f1fc1000000)
  to   space 131072K, 0% used [0x00007f1fb1000000,0x00007f1fb1000000,0x00007f1fb9000000)
 ParOldGen       total 2097152K, used 1461651K [0x00007f1f01000000, 0x00007f1f81000000, 0x00007f1f81000000)
  object space 2097152K, 69% used [0x00007f1f01000000,0x00007f1f5a364ce0,0x00007f1f81000000)
 Metaspace       used 7394K, committed 7488K, reserved 8192K
}
Event: 33,905 GC heap before
{Heap before GC invocations=6 (full 2):
 PSYoungGen      total 917504K, used 15263K [0x00007f1f81000000, 0x00007f1fc1000000, 0x00007f1fc1000000)
  eden space 786432K, 1% used [0x00007f1f81000000,0x00007f1f81ee7fa8,0x00007f1fb1000000)
  from space 131072K, 0% used [0x00007f1fb9000000,0x00007f1fb9000000,0x00007f1fc1000000)
  to   space 131072K, 0% used [0x00007f1fb1000000,0x00007f1fb1000000,0x00007f1fb9000000)
 ParOldGen       total 2097152K, used 1461651K [0x00007f1f01000000, 0x00007f1f81000000, 0x00007f1f81000000)
  object space 2097152K, 69% used [0x00007f1f01000000,0x00007f1f5a364ce0,0x00007f1f81000000)
 Metaspace       used 7394K, committed 7488K, reserved 8192K
}
Event: 34,717 GC heap after
{Heap after GC invocations=6 (full 2):
 PSYoungGen      total 917504K, used 0K [0x00007f1f81000000, 0x00007f1fc1000000, 0x00007f1fc1000000)
  eden space 786432K, 0% used [0x00007f1f81000000,0x00007f1f81000000,0x00007f1fb1000000)
  from space 131072K, 0% used [0x00007f1fb1000000,0x00007f1fb1000000,0x00007f1fb9000000)
  to   space 131072K, 0% used [0x00007f1fb9000000,0x00007f1fb9000000,0x00007f1fc1000000)
 ParOldGen       total 2097152K, used 1461651K [0x00007f1f01000000, 0x00007f1f81000000, 0x00007f1f81000000)
  object space 2097152K, 69% used [0x00007f1f01000000,0x00007f1f5a364ce0,0x00007f1f81000000)
 Metaspace       used 7394K, committed 7488K, reserved 8192K
}
Event: 34,717 GC heap before
{Heap before GC invocations=7 (full 3):
 PSYoungGen      total 917504K, used 0K [0x00007f1f81000000, 0x00007f1fc1000000, 0x00007f1fc1000000)
  eden space 786432K, 0% used [0x00007f1f81000000,0x00007f1f81000000,0x00007f1fb1000000)
  from space 131072K, 0% used [0x00007f1fb1000000,0x00007f1fb1000000,0x00007f1fb9000000)
  to   space 131072K, 0% used [0x00007f1fb9000000,0x00007f1fb9000000,0x00007f1fc1000000)
 ParOldGen       total 2097152K, used 1461651K [0x00007f1f01000000, 0x00007f1f81000000, 0x00007f1f81000000)
  object space 2097152K, 69% used [0x00007f1f01000000,0x00007f1f5a364ce0,0x00007f1f81000000)
 Metaspace       used 7394K, committed 7488K, reserved 8192K
}
Event: 75,262 GC heap after
{Heap after GC invocations=7 (full 3):
 PSYoungGen      total 917504K, used 0K [0x00007f1f81000000, 0x00007f1fc1000000, 0x00007f1fc1000000)
  eden space 786432K, 0% used [0x00007f1f81000000,0x00007f1f81000000,0x00007f1fb1000000)
  from space 131072K, 0% used [0x00007f1fb1000000,0x00007f1fb1000000,0x00007f1fb9000000)
  to   space 131072K, 0% used [0x00007f1fb9000000,0x00007f1fb9000000,0x00007f1fc1000000)
 ParOldGen       total 2097152K, used 12036K [0x00007f1f01000000, 0x00007f1f81000000, 0x00007f1f81000000)
  object space 2097152K, 0% used [0x00007f1f01000000,0x00007f1f01bc13f0,0x00007f1f81000000)
 Metaspace       used 7394K, committed 7488K, reserved 8192K
}
Event: 75,715 GC heap before
{Heap before GC invocations=8 (full 3):
 PSYoungGen      total 917504K, used 15263K [0x00007f1f81000000, 0x00007f1fc1000000, 0x00007f1fc1000000)
  eden space 786432K, 1% used [0x00007f1f81000000,0x00007f1f81ee7fa8,0x00007f1fb1000000)
  from space 131072K, 0% used [0x00007f1fb1000000,0x00007f1fb1000000,0x00007f1fb9000000)
  to   space 131072K, 0% used [0x00007f1fb9000000,0x00007f1fb9000000,0x00007f1fc1000000)
 ParOldGen       total 2097152K, used 12036K [0x00007f1f01000000, 0x00007f1f81000000, 0x00007f1f81000000)
  object space 2097152K, 0% used [0x00007f1f01000000,0x00007f1f01bc13f0,0x00007f1f81000000)
 Metaspace       used 7394K, committed 7488K, reserved 8192K
}
Event: 76,364 GC heap after
{Heap after GC invocations=8 (full 3):
 PSYoungGen      total 917504K, used 0K [0x00007f1f81000000, 0x00007f1fc1000000, 0x00007f1fc1000000)
  eden space 786432K, 0% used [0x00007f1f81000000,0x00007f1f81000000,0x00007f1fb1000000)
  from space 131072K, 0% used [0x00007f1fb9000000,0x00007f1fb9000000,0x00007f1fc1000000)
  to   space 131072K, 0% used [0x00007f1fb1000000,0x00007f1fb1000000,0x00007f1fb9000000)
 ParOldGen       total 2097152K, used 12036K [0x00007f1f01000000, 0x00007f1f81000000, 0x00007f1f81000000)
  object space 2097152K, 0% used [0x00007f1f01000000,0x00007f1f01bc13f0,0x00007f1f81000000)
 Metaspace       used 7394K, committed 7488K, reserved 8192K
}
Event: 76,364 GC heap before
{Heap before GC invocations=9 (full 4):
 PSYoungGen      total 917504K, used 0K [0x00007f1f81000000, 0x00007f1fc1000000, 0x00007f1fc1000000)
  eden space 786432K, 0% used [0x00007f1f81000000,0x00007f1f81000000,0x00007f1fb1000000)
  from space 131072K, 0% used [0x00007f1fb9000000,0x00007f1fb9000000,0x00007f1fc1000000)
  to   space 131072K, 0% used [0x00007f1fb1000000,0x00007f1fb1000000,0x00007f1fb9000000)
 ParOldGen       total 2097152K, used 12036K [0x00007f1f01000000, 0x00007f1f81000000, 0x00007f1f81000000)
  object space 2097152K, 0% used [0x00007f1f01000000,0x00007f1f01bc13f0,0x00007f1f81000000)
 Metaspace       used 7394K, committed 7488K, reserved 8192K
}

