# JRE version: OpenJDK Runtime Environment (17.0.6) (fastdebug build 17.0.6-internal+0-adhoc.konstdelis.jdk17u067)
# Java VM: OpenJDK 64-Bit Server VM (fastdebug 17.0.6-internal+0-adhoc.konstdelis.jdk17u067, mixed mode, tiered, parallel gc, linux-amd64)
GC Precious Log:
 CPUs: 32 total, 32 available
 Memory: 251G
 Large Page Support: Disabled
 NUMA Support: Disabled
 Compressed Oops: Disabled
 Alignments: Space 512K, Generation 512K, Heap 2M
 Heap Min Capacity: 3G
 Heap Initial Capacity: 3G
 Heap Max Capacity: 3G
 Pre-touch: Disabled
 Parallel Workers: 8
Heap:
 PSYoungGen      total 917504K, used 0K [0x00007f4415000000, 0x00007f4455000000, 0x00007f4455000000)
  eden space 786432K, 0% used [0x00007f4415000000,0x00007f4415000000,0x00007f4445000000)
  from space 131072K, 0% used [0x00007f444d000000,0x00007f444d000000,0x00007f4455000000)
  to   space 131072K, 0% used [0x00007f4445000000,0x00007f4445000000,0x00007f444d000000)
 ParOldGen       total 2097152K, used 193135K [0x00007f4395000000, 0x00007f4415000000, 0x00007f4415000000)
  object space 2097152K, 9% used [0x00007f4395000000,0x00007f43a0c9bd08,0x00007f4415000000)
 Metaspace       used 7420K, committed 7488K, reserved 8192K
GC Heap History (7 events):
Event: 2,650 GC heap before
{Heap before GC invocations=1 (full 0):
 PSYoungGen      total 917504K, used 363247K [0x00007f4415000000, 0x00007f4455000000, 0x00007f4455000000)
  eden space 786432K, 46% used [0x00007f4415000000,0x00007f442b2bbe58,0x00007f4445000000)
  from space 131072K, 0% used [0x00007f444d000000,0x00007f444d000000,0x00007f4455000000)
  to   space 131072K, 0% used [0x00007f4445000000,0x00007f4445000000,0x00007f444d000000)
 ParOldGen       total 2097152K, used 0K [0x00007f4395000000, 0x00007f4415000000, 0x00007f4415000000)
  object space 2097152K, 0% used [0x00007f4395000000,0x00007f4395000000,0x00007f4415000000)
 Metaspace       used 7414K, committed 7488K, reserved 8192K
}
Event: 2,912 GC heap after
{Heap after GC invocations=1 (full 0):
 PSYoungGen      total 917504K, used 131056K [0x00007f4415000000, 0x00007f4455000000, 0x00007f4455000000)
  eden space 786432K, 0% used [0x00007f4415000000,0x00007f4415000000,0x00007f4445000000)
  from space 131072K, 99% used [0x00007f4445000000,0x00007f444cffc070,0x00007f444d000000)
  to   space 131072K, 0% used [0x00007f444d000000,0x00007f444d000000,0x00007f4455000000)
 ParOldGen       total 2097152K, used 93328K [0x00007f4395000000, 0x00007f4415000000, 0x00007f4415000000)
  object space 2097152K, 4% used [0x00007f4395000000,0x00007f439ab24000,0x00007f4415000000)
 Metaspace       used 7414K, committed 7488K, reserved 8192K
}
Event: 2,912 GC heap before
{Heap before GC invocations=2 (full 1):
 PSYoungGen      total 917504K, used 131056K [0x00007f4415000000, 0x00007f4455000000, 0x00007f4455000000)
  eden space 786432K, 0% used [0x00007f4415000000,0x00007f4415000000,0x00007f4445000000)
  from space 131072K, 99% used [0x00007f4445000000,0x00007f444cffc070,0x00007f444d000000)
  to   space 131072K, 0% used [0x00007f444d000000,0x00007f444d000000,0x00007f4455000000)
 ParOldGen       total 2097152K, used 93328K [0x00007f4395000000, 0x00007f4415000000, 0x00007f4415000000)
  object space 2097152K, 4% used [0x00007f4395000000,0x00007f439ab24000,0x00007f4415000000)
 Metaspace       used 7414K, committed 7488K, reserved 8192K
}
Event: 4,075 GC heap after
{Heap after GC invocations=2 (full 1):
 PSYoungGen      total 917504K, used 0K [0x00007f4415000000, 0x00007f4455000000, 0x00007f4455000000)
  eden space 786432K, 0% used [0x00007f4415000000,0x00007f4415000000,0x00007f4445000000)
  from space 131072K, 0% used [0x00007f4445000000,0x00007f4445000000,0x00007f444d000000)
  to   space 131072K, 0% used [0x00007f444d000000,0x00007f444d000000,0x00007f4455000000)
 ParOldGen       total 2097152K, used 193135K [0x00007f4395000000, 0x00007f4415000000, 0x00007f4415000000)
  object space 2097152K, 9% used [0x00007f4395000000,0x00007f43a0c9bd08,0x00007f4415000000)
 Metaspace       used 7414K, committed 7488K, reserved 8192K
}
Event: 4,107 GC heap before
{Heap before GC invocations=3 (full 1):
 PSYoungGen      total 917504K, used 15728K [0x00007f4415000000, 0x00007f4455000000, 0x00007f4455000000)
  eden space 786432K, 2% used [0x00007f4415000000,0x00007f4415f5c2c8,0x00007f4445000000)
  from space 131072K, 0% used [0x00007f4445000000,0x00007f4445000000,0x00007f444d000000)
  to   space 131072K, 0% used [0x00007f444d000000,0x00007f444d000000,0x00007f4455000000)
 ParOldGen       total 2097152K, used 193135K [0x00007f4395000000, 0x00007f4415000000, 0x00007f4415000000)
  object space 2097152K, 9% used [0x00007f4395000000,0x00007f43a0c9bd08,0x00007f4415000000)
 Metaspace       used 7420K, committed 7488K, reserved 8192K
}
Event: 4,140 GC heap after
{Heap after GC invocations=3 (full 1):
 PSYoungGen      total 917504K, used 0K [0x00007f4415000000, 0x00007f4455000000, 0x00007f4455000000)
  eden space 786432K, 0% used [0x00007f4415000000,0x00007f4415000000,0x00007f4445000000)
  from space 131072K, 0% used [0x00007f444d000000,0x00007f444d000000,0x00007f4455000000)
  to   space 131072K, 0% used [0x00007f4445000000,0x00007f4445000000,0x00007f444d000000)
 ParOldGen       total 2097152K, used 193135K [0x00007f4395000000, 0x00007f4415000000, 0x00007f4415000000)
  object space 2097152K, 9% used [0x00007f4395000000,0x00007f43a0c9bd08,0x00007f4415000000)
 Metaspace       used 7420K, committed 7488K, reserved 8192K
}
Event: 4,140 GC heap before
{Heap before GC invocations=4 (full 2):
 PSYoungGen      total 917504K, used 0K [0x00007f4415000000, 0x00007f4455000000, 0x00007f4455000000)
  eden space 786432K, 0% used [0x00007f4415000000,0x00007f4415000000,0x00007f4445000000)
  from space 131072K, 0% used [0x00007f444d000000,0x00007f444d000000,0x00007f4455000000)
  to   space 131072K, 0% used [0x00007f4445000000,0x00007f4445000000,0x00007f444d000000)
 ParOldGen       total 2097152K, used 193135K [0x00007f4395000000, 0x00007f4415000000, 0x00007f4415000000)
  object space 2097152K, 9% used [0x00007f4395000000,0x00007f43a0c9bd08,0x00007f4415000000)
 Metaspace       used 7420K, committed 7488K, reserved 8192K
}

