# JRE version: OpenJDK Runtime Environment (17.0.6) (fastdebug build 17.0.6-internal+0-adhoc.konstdelis.jdk17u067)
# Java VM: OpenJDK 64-Bit Server VM (fastdebug 17.0.6-internal+0-adhoc.konstdelis.jdk17u067, mixed mode, tiered, parallel gc, linux-amd64)
GC Precious Log:
 CPUs: 32 total, 32 available
 Memory: 251G
 Large Page Support: Disabled
 NUMA Support: Disabled
 Compressed Oops: Disabled
 Alignments: Space 512K, Generation 512K, Heap 2M
 Heap Min Capacity: 1G
 Heap Initial Capacity: 1G
 Heap Max Capacity: 1G
 Pre-touch: Disabled
 Parallel Workers: 1
Heap:
 PSYoungGen      total 305664K, used 32K [0x00007f367b900000, 0x00007f3690e00000, 0x00007f3690e00000)
  eden space 262144K, 0% used [0x00007f367b900000,0x00007f367b900000,0x00007f368b900000)
  from space 43520K, 0% used [0x00007f368b900000,0x00007f368b908000,0x00007f368e380000)
  to   space 43520K, 0% used [0x00007f368e380000,0x00007f368e380000,0x00007f3690e00000)
 ParOldGen       total 699392K, used 221539K [0x00007f3650e00000, 0x00007f367b900000, 0x00007f367b900000)
  object space 699392K, 31% used [0x00007f3650e00000,0x00007f365e658f00,0x00007f367b900000)
 Metaspace       used 6719K, committed 6784K, reserved 8192K
GC Heap History (11 events):
Event: 2,000 GC heap before
{Heap before GC invocations=1 (full 0):
 PSYoungGen      total 305664K, used 239413K [0x00007f367b900000, 0x00007f3690e00000, 0x00007f3690e00000)
  eden space 262144K, 91% used [0x00007f367b900000,0x00007f368a2cd630,0x00007f368b900000)
  from space 43520K, 0% used [0x00007f368e380000,0x00007f368e380000,0x00007f3690e00000)
  to   space 43520K, 0% used [0x00007f368b900000,0x00007f368b900000,0x00007f368e380000)
 ParOldGen       total 699392K, used 0K [0x00007f3650e00000, 0x00007f367b900000, 0x00007f367b900000)
  object space 699392K, 0% used [0x00007f3650e00000,0x00007f3650e00000,0x00007f367b900000)
 Metaspace       used 6719K, committed 6784K, reserved 8192K
}
Event: 3,407 GC heap after
{Heap after GC invocations=1 (full 0):
 PSYoungGen      total 305664K, used 43488K [0x00007f367b900000, 0x00007f3690e00000, 0x00007f3690e00000)
  eden space 262144K, 0% used [0x00007f367b900000,0x00007f367b900000,0x00007f368b900000)
  from space 43520K, 99% used [0x00007f368b900000,0x00007f368e378020,0x00007f368e380000)
  to   space 43520K, 0% used [0x00007f368e380000,0x00007f368e380000,0x00007f3690e00000)
 ParOldGen       total 699392K, used 115688K [0x00007f3650e00000, 0x00007f367b900000, 0x00007f367b900000)
  object space 699392K, 16% used [0x00007f3650e00000,0x00007f3657efa000,0x00007f367b900000)
 Metaspace       used 6719K, committed 6784K, reserved 8192K
}
Event: 3,407 GC heap before
{Heap before GC invocations=2 (full 1):
 PSYoungGen      total 305664K, used 43488K [0x00007f367b900000, 0x00007f3690e00000, 0x00007f3690e00000)
  eden space 262144K, 0% used [0x00007f367b900000,0x00007f367b900000,0x00007f368b900000)
  from space 43520K, 99% used [0x00007f368b900000,0x00007f368e378020,0x00007f368e380000)
  to   space 43520K, 0% used [0x00007f368e380000,0x00007f368e380000,0x00007f3690e00000)
 ParOldGen       total 699392K, used 115688K [0x00007f3650e00000, 0x00007f367b900000, 0x00007f367b900000)
  object space 699392K, 16% used [0x00007f3650e00000,0x00007f3657efa000,0x00007f367b900000)
 Metaspace       used 6719K, committed 6784K, reserved 8192K
}
Event: 6,199 GC heap after
{Heap after GC invocations=2 (full 1):
 PSYoungGen      total 305664K, used 0K [0x00007f367b900000, 0x00007f3690e00000, 0x00007f3690e00000)
  eden space 262144K, 0% used [0x00007f367b900000,0x00007f367b900000,0x00007f368b900000)
  from space 43520K, 0% used [0x00007f368b900000,0x00007f368b900000,0x00007f368e380000)
  to   space 43520K, 0% used [0x00007f368e380000,0x00007f368e380000,0x00007f3690e00000)
 ParOldGen       total 699392K, used 158298K [0x00007f3650e00000, 0x00007f367b900000, 0x00007f367b900000)
  object space 699392K, 22% used [0x00007f3650e00000,0x00007f365a896ab8,0x00007f367b900000)
 Metaspace       used 6719K, committed 6784K, reserved 8192K
}
Event: 6,530 GC heap before
{Heap before GC invocations=3 (full 1):
 PSYoungGen      total 305664K, used 196305K [0x00007f367b900000, 0x00007f3690e00000, 0x00007f3690e00000)
  eden space 262144K, 74% used [0x00007f367b900000,0x00007f36878b4450,0x00007f368b900000)
  from space 43520K, 0% used [0x00007f368b900000,0x00007f368b900000,0x00007f368e380000)
  to   space 43520K, 0% used [0x00007f368e380000,0x00007f368e380000,0x00007f3690e00000)
 ParOldGen       total 699392K, used 158298K [0x00007f3650e00000, 0x00007f367b900000, 0x00007f367b900000)
  object space 699392K, 22% used [0x00007f3650e00000,0x00007f365a896ab8,0x00007f367b900000)
 Metaspace       used 6719K, committed 6784K, reserved 8192K
}
Event: 8,406 GC heap after
{Heap after GC invocations=3 (full 1):
 PSYoungGen      total 305664K, used 43520K [0x00007f367b900000, 0x00007f3690e00000, 0x00007f3690e00000)
  eden space 262144K, 0% used [0x00007f367b900000,0x00007f367b900000,0x00007f368b900000)
  from space 43520K, 100% used [0x00007f368e380000,0x00007f3690e00000,0x00007f3690e00000)
  to   space 43520K, 0% used [0x00007f368b900000,0x00007f368b900000,0x00007f368e380000)
 ParOldGen       total 699392K, used 310674K [0x00007f3650e00000, 0x00007f367b900000, 0x00007f367b900000)
  object space 699392K, 44% used [0x00007f3650e00000,0x00007f3663d64ad8,0x00007f367b900000)
 Metaspace       used 6719K, committed 6784K, reserved 8192K
}
Event: 8,407 GC heap before
{Heap before GC invocations=4 (full 2):
 PSYoungGen      total 305664K, used 43520K [0x00007f367b900000, 0x00007f3690e00000, 0x00007f3690e00000)
  eden space 262144K, 0% used [0x00007f367b900000,0x00007f367b900000,0x00007f368b900000)
  from space 43520K, 100% used [0x00007f368e380000,0x00007f3690e00000,0x00007f3690e00000)
  to   space 43520K, 0% used [0x00007f368b900000,0x00007f368b900000,0x00007f368e380000)
 ParOldGen       total 699392K, used 310674K [0x00007f3650e00000, 0x00007f367b900000, 0x00007f367b900000)
  object space 699392K, 44% used [0x00007f3650e00000,0x00007f3663d64ad8,0x00007f367b900000)
 Metaspace       used 6719K, committed 6784K, reserved 8192K
}
Event: 14,648 GC heap after
{Heap after GC invocations=4 (full 2):
 PSYoungGen      total 305664K, used 0K [0x00007f367b900000, 0x00007f3690e00000, 0x00007f3690e00000)
  eden space 262144K, 0% used [0x00007f367b900000,0x00007f367b900000,0x00007f368b900000)
  from space 43520K, 0% used [0x00007f368e380000,0x00007f368e380000,0x00007f3690e00000)
  to   space 43520K, 0% used [0x00007f368b900000,0x00007f368b900000,0x00007f368e380000)
 ParOldGen       total 699392K, used 221539K [0x00007f3650e00000, 0x00007f367b900000, 0x00007f367b900000)
  object space 699392K, 31% used [0x00007f3650e00000,0x00007f365e658f00,0x00007f367b900000)
 Metaspace       used 6719K, committed 6784K, reserved 8192K
}
Event: 14,788 GC heap before
{Heap before GC invocations=5 (full 2):
 PSYoungGen      total 305664K, used 30058K [0x00007f367b900000, 0x00007f3690e00000, 0x00007f3690e00000)
  eden space 262144K, 11% used [0x00007f367b900000,0x00007f367d65a928,0x00007f368b900000)
  from space 43520K, 0% used [0x00007f368e380000,0x00007f368e380000,0x00007f3690e00000)
  to   space 43520K, 0% used [0x00007f368b900000,0x00007f368b900000,0x00007f368e380000)
 ParOldGen       total 699392K, used 221539K [0x00007f3650e00000, 0x00007f367b900000, 0x00007f367b900000)
  object space 699392K, 31% used [0x00007f3650e00000,0x00007f365e658f00,0x00007f367b900000)
 Metaspace       used 6719K, committed 6784K, reserved 8192K
}
Event: 14,796 GC heap after
{Heap after GC invocations=5 (full 2):
 PSYoungGen      total 305664K, used 32K [0x00007f367b900000, 0x00007f3690e00000, 0x00007f3690e00000)
  eden space 262144K, 0% used [0x00007f367b900000,0x00007f367b900000,0x00007f368b900000)
  from space 43520K, 0% used [0x00007f368b900000,0x00007f368b908000,0x00007f368e380000)
  to   space 43520K, 0% used [0x00007f368e380000,0x00007f368e380000,0x00007f3690e00000)
 ParOldGen       total 699392K, used 221539K [0x00007f3650e00000, 0x00007f367b900000, 0x00007f367b900000)
  object space 699392K, 31% used [0x00007f3650e00000,0x00007f365e658f00,0x00007f367b900000)
 Metaspace       used 6719K, committed 6784K, reserved 8192K
}
Event: 14,796 GC heap before
{Heap before GC invocations=6 (full 3):
 PSYoungGen      total 305664K, used 32K [0x00007f367b900000, 0x00007f3690e00000, 0x00007f3690e00000)
  eden space 262144K, 0% used [0x00007f367b900000,0x00007f367b900000,0x00007f368b900000)
  from space 43520K, 0% used [0x00007f368b900000,0x00007f368b908000,0x00007f368e380000)
  to   space 43520K, 0% used [0x00007f368e380000,0x00007f368e380000,0x00007f3690e00000)
 ParOldGen       total 699392K, used 221539K [0x00007f3650e00000, 0x00007f367b900000, 0x00007f367b900000)
  object space 699392K, 31% used [0x00007f3650e00000,0x00007f365e658f00,0x00007f367b900000)
 Metaspace       used 6719K, committed 6784K, reserved 8192K
}

