# JRE version: OpenJDK Runtime Environment (17.0.6) (fastdebug build 17.0.6-internal+0-adhoc.konstdelis.jdk17u067)
# Java VM: OpenJDK 64-Bit Server VM (fastdebug 17.0.6-internal+0-adhoc.konstdelis.jdk17u067, mixed mode, tiered, parallel gc, linux-amd64)
GC Precious Log:
 CPUs: 32 total, 32 available
 Memory: 251G
 Large Page Support: Disabled
 NUMA Support: Disabled
 Compressed Oops: Disabled
 Alignments: Space 512K, Generation 512K, Heap 2M
 Heap Min Capacity: 3G
 Heap Initial Capacity: 3G
 Heap Max Capacity: 3G
 Pre-touch: Disabled
 Parallel Workers: 8
Heap:
 PSYoungGen      total 917504K, used 322050K [0x00007f117d000000, 0x00007f11bd000000, 0x00007f11bd000000)
  eden space 786432K, 40% used [0x00007f117d000000,0x00007f1190a80ab0,0x00007f11ad000000)
  from space 131072K, 0% used [0x00007f11ad000000,0x00007f11ad000000,0x00007f11b5000000)
  to   space 131072K, 0% used [0x00007f11b5000000,0x00007f11b5000000,0x00007f11bd000000)
 ParOldGen       total 2097152K, used 2096962K [0x00007f10fd000000, 0x00007f117d000000, 0x00007f117d000000)
  object space 2097152K, 99% used [0x00007f10fd000000,0x00007f117cfd0ab0,0x00007f117d000000)
 Metaspace       used 7360K, committed 7488K, reserved 8192K
GC Heap History (20 events):
Event: 5,278 GC heap after
{Heap after GC invocations=2 (full 0):
 PSYoungGen      total 917504K, used 131061K [0x00007f117d000000, 0x00007f11bd000000, 0x00007f11bd000000)
  eden space 786432K, 0% used [0x00007f117d000000,0x00007f117d000000,0x00007f11ad000000)
  from space 131072K, 99% used [0x00007f11b5000000,0x00007f11bcffd530,0x00007f11bd000000)
  to   space 131072K, 0% used [0x00007f11ad000000,0x00007f11ad000000,0x00007f11b5000000)
 ParOldGen       total 2097152K, used 1150720K [0x00007f10fd000000, 0x00007f117d000000, 0x00007f117d000000)
  object space 2097152K, 54% used [0x00007f10fd000000,0x00007f11433c0000,0x00007f117d000000)
 Metaspace       used 7360K, committed 7488K, reserved 8192K
}
Event: 5,656 GC heap before
{Heap before GC invocations=3 (full 0):
 PSYoungGen      total 917504K, used 917493K [0x00007f117d000000, 0x00007f11bd000000, 0x00007f11bd000000)
  eden space 786432K, 100% used [0x00007f117d000000,0x00007f11ad000000,0x00007f11ad000000)
  from space 131072K, 99% used [0x00007f11b5000000,0x00007f11bcffd530,0x00007f11bd000000)
  to   space 131072K, 0% used [0x00007f11ad000000,0x00007f11ad000000,0x00007f11b5000000)
 ParOldGen       total 2097152K, used 1150720K [0x00007f10fd000000, 0x00007f117d000000, 0x00007f117d000000)
  object space 2097152K, 54% used [0x00007f10fd000000,0x00007f11433c0000,0x00007f117d000000)
 Metaspace       used 7360K, committed 7488K, reserved 8192K
}
Event: 6,711 GC heap after
{Heap after GC invocations=3 (full 0):
 PSYoungGen      total 917504K, used 131040K [0x00007f117d000000, 0x00007f11bd000000, 0x00007f11bd000000)
  eden space 786432K, 0% used [0x00007f117d000000,0x00007f117d000000,0x00007f11ad000000)
  from space 131072K, 99% used [0x00007f11ad000000,0x00007f11b4ff8040,0x00007f11b5000000)
  to   space 131072K, 0% used [0x00007f11b5000000,0x00007f11b5000000,0x00007f11bd000000)
 ParOldGen       total 2097152K, used 1833799K [0x00007f10fd000000, 0x00007f117d000000, 0x00007f117d000000)
  object space 2097152K, 87% used [0x00007f10fd000000,0x00007f116ced1f88,0x00007f117d000000)
 Metaspace       used 7360K, committed 7488K, reserved 8192K
}
Event: 6,711 GC heap before
{Heap before GC invocations=4 (full 1):
 PSYoungGen      total 917504K, used 131040K [0x00007f117d000000, 0x00007f11bd000000, 0x00007f11bd000000)
  eden space 786432K, 0% used [0x00007f117d000000,0x00007f117d000000,0x00007f11ad000000)
  from space 131072K, 99% used [0x00007f11ad000000,0x00007f11b4ff8040,0x00007f11b5000000)
  to   space 131072K, 0% used [0x00007f11b5000000,0x00007f11b5000000,0x00007f11bd000000)
 ParOldGen       total 2097152K, used 1833799K [0x00007f10fd000000, 0x00007f117d000000, 0x00007f117d000000)
  object space 2097152K, 87% used [0x00007f10fd000000,0x00007f116ced1f88,0x00007f117d000000)
 Metaspace       used 7360K, committed 7488K, reserved 8192K
}
Event: 14,716 GC heap after
{Heap after GC invocations=4 (full 1):
 PSYoungGen      total 917504K, used 0K [0x00007f117d000000, 0x00007f11bd000000, 0x00007f11bd000000)
  eden space 786432K, 0% used [0x00007f117d000000,0x00007f117d000000,0x00007f11ad000000)
  from space 131072K, 0% used [0x00007f11b5000000,0x00007f11b5000000,0x00007f11bd000000)
  to   space 131072K, 0% used [0x00007f11ad000000,0x00007f11ad000000,0x00007f11b5000000)
 ParOldGen       total 2097152K, used 1949811K [0x00007f10fd000000, 0x00007f117d000000, 0x00007f117d000000)
  object space 2097152K, 92% used [0x00007f10fd000000,0x00007f117401ccc0,0x00007f117d000000)
 Metaspace       used 7360K, committed 7488K, reserved 8192K
}
Event: 15,076 GC heap before
{Heap before GC invocations=5 (full 2):
 PSYoungGen      total 917504K, used 786432K [0x00007f117d000000, 0x00007f11bd000000, 0x00007f11bd000000)
  eden space 786432K, 100% used [0x00007f117d000000,0x00007f11ad000000,0x00007f11ad000000)
  from space 131072K, 0% used [0x00007f11b5000000,0x00007f11b5000000,0x00007f11bd000000)
  to   space 131072K, 0% used [0x00007f11ad000000,0x00007f11ad000000,0x00007f11b5000000)
 ParOldGen       total 2097152K, used 1949811K [0x00007f10fd000000, 0x00007f117d000000, 0x00007f117d000000)
  object space 2097152K, 92% used [0x00007f10fd000000,0x00007f117401ccc0,0x00007f117d000000)
 Metaspace       used 7360K, committed 7488K, reserved 8192K
}
Event: 22,001 GC heap after
{Heap after GC invocations=5 (full 2):
 PSYoungGen      total 917504K, used 477174K [0x00007f117d000000, 0x00007f11bd000000, 0x00007f11bd000000)
  eden space 786432K, 60% used [0x00007f117d000000,0x00007f119a1fda70,0x00007f11ad000000)
  from space 131072K, 0% used [0x00007f11ad000000,0x00007f11ad000000,0x00007f11b5000000)
  to   space 131072K, 0% used [0x00007f11b5000000,0x00007f11b5000000,0x00007f11bd000000)
 ParOldGen       total 2097152K, used 2096799K [0x00007f10fd000000, 0x00007f117d000000, 0x00007f117d000000)
  object space 2097152K, 99% used [0x00007f10fd000000,0x00007f117cfa7e48,0x00007f117d000000)
 Metaspace       used 7360K, committed 7488K, reserved 8192K
}
Event: 22,163 GC heap before
{Heap before GC invocations=6 (full 3):
 PSYoungGen      total 917504K, used 786432K [0x00007f117d000000, 0x00007f11bd000000, 0x00007f11bd000000)
  eden space 786432K, 100% used [0x00007f117d000000,0x00007f11ad000000,0x00007f11ad000000)
  from space 131072K, 0% used [0x00007f11ad000000,0x00007f11ad000000,0x00007f11b5000000)
  to   space 131072K, 0% used [0x00007f11b5000000,0x00007f11b5000000,0x00007f11bd000000)
 ParOldGen       total 2097152K, used 2096799K [0x00007f10fd000000, 0x00007f117d000000, 0x00007f117d000000)
  object space 2097152K, 99% used [0x00007f10fd000000,0x00007f117cfa7e48,0x00007f117d000000)
 Metaspace       used 7360K, committed 7488K, reserved 8192K
}
Event: 43,738 GC heap after
{Heap after GC invocations=6 (full 3):
 PSYoungGen      total 917504K, used 0K [0x00007f117d000000, 0x00007f11bd000000, 0x00007f11bd000000)
  eden space 786432K, 0% used [0x00007f117d000000,0x00007f117d000000,0x00007f11ad000000)
  from space 131072K, 0% used [0x00007f11b5000000,0x00007f11b5000000,0x00007f11bd000000)
  to   space 131072K, 0% used [0x00007f11ad000000,0x00007f11ad000000,0x00007f11b5000000)
 ParOldGen       total 2097152K, used 1290102K [0x00007f10fd000000, 0x00007f117d000000, 0x00007f117d000000)
  object space 2097152K, 61% used [0x00007f10fd000000,0x00007f114bbdd838,0x00007f117d000000)
 Metaspace       used 7360K, committed 7488K, reserved 8192K
}
Event: 44,147 GC heap before
{Heap before GC invocations=7 (full 3):
 PSYoungGen      total 917504K, used 773373K [0x00007f117d000000, 0x00007f11bd000000, 0x00007f11bd000000)
  eden space 786432K, 98% used [0x00007f117d000000,0x00007f11ac33f720,0x00007f11ad000000)
  from space 131072K, 0% used [0x00007f11b5000000,0x00007f11b5000000,0x00007f11bd000000)
  to   space 131072K, 0% used [0x00007f11ad000000,0x00007f11ad000000,0x00007f11b5000000)
 ParOldGen       total 2097152K, used 1290102K [0x00007f10fd000000, 0x00007f117d000000, 0x00007f117d000000)
  object space 2097152K, 61% used [0x00007f10fd000000,0x00007f114bbdd838,0x00007f117d000000)
 Metaspace       used 7360K, committed 7488K, reserved 8192K
}
Event: 47,193 GC heap after
{Heap after GC invocations=7 (full 3):
 PSYoungGen      total 917504K, used 131072K [0x00007f117d000000, 0x00007f11bd000000, 0x00007f11bd000000)
  eden space 786432K, 0% used [0x00007f117d000000,0x00007f117d000000,0x00007f11ad000000)
  from space 131072K, 100% used [0x00007f11ad000000,0x00007f11b5000000,0x00007f11b5000000)
  to   space 131072K, 0% used [0x00007f11b5000000,0x00007f11b5000000,0x00007f11bd000000)
 ParOldGen       total 2097152K, used 1932766K [0x00007f10fd000000, 0x00007f117d000000, 0x00007f117d000000)
  object space 2097152K, 92% used [0x00007f10fd000000,0x00007f1172f77838,0x00007f117d000000)
 Metaspace       used 7360K, committed 7488K, reserved 8192K
}
Event: 47,194 GC heap before
{Heap before GC invocations=8 (full 4):
 PSYoungGen      total 917504K, used 131072K [0x00007f117d000000, 0x00007f11bd000000, 0x00007f11bd000000)
  eden space 786432K, 0% used [0x00007f117d000000,0x00007f117d000000,0x00007f11ad000000)
  from space 131072K, 100% used [0x00007f11ad000000,0x00007f11b5000000,0x00007f11b5000000)
  to   space 131072K, 0% used [0x00007f11b5000000,0x00007f11b5000000,0x00007f11bd000000)
 ParOldGen       total 2097152K, used 1932766K [0x00007f10fd000000, 0x00007f117d000000, 0x00007f117d000000)
  object space 2097152K, 92% used [0x00007f10fd000000,0x00007f1172f77838,0x00007f117d000000)
 Metaspace       used 7360K, committed 7488K, reserved 8192K
}
Event: 61,667 GC heap after
{Heap after GC invocations=8 (full 4):
 PSYoungGen      total 917504K, used 0K [0x00007f117d000000, 0x00007f11bd000000, 0x00007f11bd000000)
  eden space 786432K, 0% used [0x00007f117d000000,0x00007f117d000000,0x00007f11ad000000)
  from space 131072K, 0% used [0x00007f11b5000000,0x00007f11b5000000,0x00007f11bd000000)
  to   space 131072K, 0% used [0x00007f11ad000000,0x00007f11ad000000,0x00007f11b5000000)
 ParOldGen       total 2097152K, used 2048279K [0x00007f10fd000000, 0x00007f117d000000, 0x00007f117d000000)
  object space 2097152K, 97% used [0x00007f10fd000000,0x00007f117a045ca8,0x00007f117d000000)
 Metaspace       used 7360K, committed 7488K, reserved 8192K
}
Event: 62,006 GC heap before
{Heap before GC invocations=9 (full 5):
 PSYoungGen      total 917504K, used 786432K [0x00007f117d000000, 0x00007f11bd000000, 0x00007f11bd000000)
  eden space 786432K, 100% used [0x00007f117d000000,0x00007f11ad000000,0x00007f11ad000000)
  from space 131072K, 0% used [0x00007f11b5000000,0x00007f11b5000000,0x00007f11bd000000)
  to   space 131072K, 0% used [0x00007f11ad000000,0x00007f11ad000000,0x00007f11b5000000)
 ParOldGen       total 2097152K, used 2048279K [0x00007f10fd000000, 0x00007f117d000000, 0x00007f117d000000)
  object space 2097152K, 97% used [0x00007f10fd000000,0x00007f117a045ca8,0x00007f117d000000)
 Metaspace       used 7360K, committed 7488K, reserved 8192K
}
Event: 82,231 GC heap after
{Heap after GC invocations=9 (full 5):
 PSYoungGen      total 917504K, used 0K [0x00007f117d000000, 0x00007f11bd000000, 0x00007f11bd000000)
  eden space 786432K, 0% used [0x00007f117d000000,0x00007f117d000000,0x00007f11ad000000)
  from space 131072K, 0% used [0x00007f11ad000000,0x00007f11ad000000,0x00007f11b5000000)
  to   space 131072K, 0% used [0x00007f11b5000000,0x00007f11b5000000,0x00007f11bd000000)
 ParOldGen       total 2097152K, used 2018305K [0x00007f10fd000000, 0x00007f117d000000, 0x00007f117d000000)
  object space 2097152K, 96% used [0x00007f10fd000000,0x00007f1178300488,0x00007f117d000000)
 Metaspace       used 7360K, committed 7488K, reserved 8192K
}
Event: 82,645 GC heap before
{Heap before GC invocations=10 (full 6):
 PSYoungGen      total 917504K, used 786432K [0x00007f117d000000, 0x00007f11bd000000, 0x00007f11bd000000)
  eden space 786432K, 100% used [0x00007f117d000000,0x00007f11ad000000,0x00007f11ad000000)
  from space 131072K, 0% used [0x00007f11ad000000,0x00007f11ad000000,0x00007f11b5000000)
  to   space 131072K, 0% used [0x00007f11b5000000,0x00007f11b5000000,0x00007f11bd000000)
 ParOldGen       total 2097152K, used 2018305K [0x00007f10fd000000, 0x00007f117d000000, 0x00007f117d000000)
  object space 2097152K, 96% used [0x00007f10fd000000,0x00007f1178300488,0x00007f117d000000)
 Metaspace       used 7360K, committed 7488K, reserved 8192K
}
Event: 102,033 GC heap after
{Heap after GC invocations=10 (full 6):
 PSYoungGen      total 917504K, used 0K [0x00007f117d000000, 0x00007f11bd000000, 0x00007f11bd000000)
  eden space 786432K, 0% used [0x00007f117d000000,0x00007f117d000000,0x00007f11ad000000)
  from space 131072K, 0% used [0x00007f11b5000000,0x00007f11b5000000,0x00007f11bd000000)
  to   space 131072K, 0% used [0x00007f11ad000000,0x00007f11ad000000,0x00007f11b5000000)
 ParOldGen       total 2097152K, used 2033180K [0x00007f10fd000000, 0x00007f117d000000, 0x00007f117d000000)
  object space 2097152K, 96% used [0x00007f10fd000000,0x00007f1179187078,0x00007f117d000000)
 Metaspace       used 7360K, committed 7488K, reserved 8192K
}
Event: 102,296 GC heap before
{Heap before GC invocations=11 (full 7):
 PSYoungGen      total 917504K, used 501266K [0x00007f117d000000, 0x00007f11bd000000, 0x00007f11bd000000)
  eden space 786432K, 63% used [0x00007f117d000000,0x00007f119b984818,0x00007f11ad000000)
  from space 131072K, 0% used [0x00007f11b5000000,0x00007f11b5000000,0x00007f11bd000000)
  to   space 131072K, 0% used [0x00007f11ad000000,0x00007f11ad000000,0x00007f11b5000000)
 ParOldGen       total 2097152K, used 2033180K [0x00007f10fd000000, 0x00007f117d000000, 0x00007f117d000000)
  object space 2097152K, 96% used [0x00007f10fd000000,0x00007f1179187078,0x00007f117d000000)
 Metaspace       used 7360K, committed 7488K, reserved 8192K
}
Event: 117,364 GC heap after
{Heap after GC invocations=11 (full 7):
 PSYoungGen      total 917504K, used 322050K [0x00007f117d000000, 0x00007f11bd000000, 0x00007f11bd000000)
  eden space 786432K, 40% used [0x00007f117d000000,0x00007f1190a80ab0,0x00007f11ad000000)
  from space 131072K, 0% used [0x00007f11ad000000,0x00007f11ad000000,0x00007f11b5000000)
  to   space 131072K, 0% used [0x00007f11b5000000,0x00007f11b5000000,0x00007f11bd000000)
 ParOldGen       total 2097152K, used 2096962K [0x00007f10fd000000, 0x00007f117d000000, 0x00007f117d000000)
  object space 2097152K, 99% used [0x00007f10fd000000,0x00007f117cfd0ab0,0x00007f117d000000)
 Metaspace       used 7360K, committed 7488K, reserved 8192K
}
Event: 117,364 GC heap before
{Heap before GC invocations=12 (full 8):
 PSYoungGen      total 917504K, used 322050K [0x00007f117d000000, 0x00007f11bd000000, 0x00007f11bd000000)
  eden space 786432K, 40% used [0x00007f117d000000,0x00007f1190a80ab0,0x00007f11ad000000)
  from space 131072K, 0% used [0x00007f11ad000000,0x00007f11ad000000,0x00007f11b5000000)
  to   space 131072K, 0% used [0x00007f11b5000000,0x00007f11b5000000,0x00007f11bd000000)
 ParOldGen       total 2097152K, used 2096962K [0x00007f10fd000000, 0x00007f117d000000, 0x00007f117d000000)
  object space 2097152K, 99% used [0x00007f10fd000000,0x00007f117cfd0ab0,0x00007f117d000000)
 Metaspace       used 7360K, committed 7488K, reserved 8192K
}

