# JRE version: OpenJDK Runtime Environment (17.0.6) (build 17.0.6-internal+0-adhoc.konstdelis.jdk17u067)
# Java VM: OpenJDK 64-Bit Server VM (17.0.6-internal+0-adhoc.konstdelis.jdk17u067, mixed mode, tiered, parallel gc, linux-amd64)
GC Precious Log:
 CPUs: 32 total, 32 available
 Memory: 251G
 Large Page Support: Disabled
 NUMA Support: Disabled
 Compressed Oops: Disabled
 Alignments: Space 512K, Generation 512K, Heap 2M
 Heap Min Capacity: 3G
 Heap Initial Capacity: 3G
 Heap Max Capacity: 3G
 Pre-touch: Disabled
 Parallel Workers: 8
Heap:
 PSYoungGen      total 917504K, used 0K [0x00007ebecd000000, 0x00007ebf0d000000, 0x00007ebf0d000000)
  eden space 786432K, 0% used [0x00007ebecd000000,0x00007ebecd000000,0x00007ebefd000000)
  from space 131072K, 0% used [0x00007ebefd000000,0x00007ebefd000000,0x00007ebf05000000)
  to   space 131072K, 0% used [0x00007ebf05000000,0x00007ebf05000000,0x00007ebf0d000000)
 ParOldGen       total 2097152K, used 1532129K [0x00007ebe4d000000, 0x00007ebecd000000, 0x00007ebecd000000)
  object space 2097152K, 73% used [0x00007ebe4d000000,0x00007ebeaa8385c0,0x00007ebecd000000)
 Metaspace       used 7095K, committed 7168K, reserved 8192K
GC Heap History (13 events):
Event: 1.495 GC heap before
{Heap before GC invocations=1 (full 0):
 PSYoungGen      total 917504K, used 786432K [0x00007ebecd000000, 0x00007ebf0d000000, 0x00007ebf0d000000)
  eden space 786432K, 100% used [0x00007ebecd000000,0x00007ebefd000000,0x00007ebefd000000)
  from space 131072K, 0% used [0x00007ebf05000000,0x00007ebf05000000,0x00007ebf0d000000)
  to   space 131072K, 0% used [0x00007ebefd000000,0x00007ebefd000000,0x00007ebf05000000)
 ParOldGen       total 2097152K, used 0K [0x00007ebe4d000000, 0x00007ebecd000000, 0x00007ebecd000000)
  object space 2097152K, 0% used [0x00007ebe4d000000,0x00007ebe4d000000,0x00007ebecd000000)
 Metaspace       used 7053K, committed 7104K, reserved 8192K
}
Event: 1.910 GC heap after
{Heap after GC invocations=1 (full 0):
 PSYoungGen      total 917504K, used 131065K [0x00007ebecd000000, 0x00007ebf0d000000, 0x00007ebf0d000000)
  eden space 786432K, 0% used [0x00007ebecd000000,0x00007ebecd000000,0x00007ebefd000000)
  from space 131072K, 99% used [0x00007ebefd000000,0x00007ebf04ffe600,0x00007ebf05000000)
  to   space 131072K, 0% used [0x00007ebf05000000,0x00007ebf05000000,0x00007ebf0d000000)
 ParOldGen       total 2097152K, used 502184K [0x00007ebe4d000000, 0x00007ebecd000000, 0x00007ebecd000000)
  object space 2097152K, 23% used [0x00007ebe4d000000,0x00007ebe6ba6a000,0x00007ebecd000000)
 Metaspace       used 7053K, committed 7104K, reserved 8192K
}
Event: 2.198 GC heap before
{Heap before GC invocations=2 (full 0):
 PSYoungGen      total 917504K, used 917497K [0x00007ebecd000000, 0x00007ebf0d000000, 0x00007ebf0d000000)
  eden space 786432K, 100% used [0x00007ebecd000000,0x00007ebefd000000,0x00007ebefd000000)
  from space 131072K, 99% used [0x00007ebefd000000,0x00007ebf04ffe600,0x00007ebf05000000)
  to   space 131072K, 0% used [0x00007ebf05000000,0x00007ebf05000000,0x00007ebf0d000000)
 ParOldGen       total 2097152K, used 502184K [0x00007ebe4d000000, 0x00007ebecd000000, 0x00007ebecd000000)
  object space 2097152K, 23% used [0x00007ebe4d000000,0x00007ebe6ba6a000,0x00007ebecd000000)
 Metaspace       used 7053K, committed 7104K, reserved 8192K
}
Event: 2.733 GC heap after
{Heap after GC invocations=2 (full 0):
 PSYoungGen      total 917504K, used 131055K [0x00007ebecd000000, 0x00007ebf0d000000, 0x00007ebf0d000000)
  eden space 786432K, 0% used [0x00007ebecd000000,0x00007ebecd000000,0x00007ebefd000000)
  from space 131072K, 99% used [0x00007ebf05000000,0x00007ebf0cffbff8,0x00007ebf0d000000)
  to   space 131072K, 0% used [0x00007ebefd000000,0x00007ebefd000000,0x00007ebf05000000)
 ParOldGen       total 2097152K, used 1153736K [0x00007ebe4d000000, 0x00007ebecd000000, 0x00007ebecd000000)
  object space 2097152K, 55% used [0x00007ebe4d000000,0x00007ebe936b2000,0x00007ebecd000000)
 Metaspace       used 7053K, committed 7104K, reserved 8192K
}
Event: 3.023 GC heap before
{Heap before GC invocations=3 (full 0):
 PSYoungGen      total 917504K, used 917487K [0x00007ebecd000000, 0x00007ebf0d000000, 0x00007ebf0d000000)
  eden space 786432K, 100% used [0x00007ebecd000000,0x00007ebefd000000,0x00007ebefd000000)
  from space 131072K, 99% used [0x00007ebf05000000,0x00007ebf0cffbff8,0x00007ebf0d000000)
  to   space 131072K, 0% used [0x00007ebefd000000,0x00007ebefd000000,0x00007ebf05000000)
 ParOldGen       total 2097152K, used 1153736K [0x00007ebe4d000000, 0x00007ebecd000000, 0x00007ebecd000000)
  object space 2097152K, 55% used [0x00007ebe4d000000,0x00007ebe936b2000,0x00007ebecd000000)
 Metaspace       used 7053K, committed 7104K, reserved 8192K
}
Event: 3.615 GC heap after
{Heap after GC invocations=3 (full 0):
 PSYoungGen      total 917504K, used 131054K [0x00007ebecd000000, 0x00007ebf0d000000, 0x00007ebf0d000000)
  eden space 786432K, 0% used [0x00007ebecd000000,0x00007ebecd000000,0x00007ebefd000000)
  from space 131072K, 99% used [0x00007ebefd000000,0x00007ebf04ffb8c0,0x00007ebf05000000)
  to   space 131072K, 0% used [0x00007ebf05000000,0x00007ebf05000000,0x00007ebf0d000000)
 ParOldGen       total 2097152K, used 1810837K [0x00007ebe4d000000, 0x00007ebecd000000, 0x00007ebecd000000)
  object space 2097152K, 86% used [0x00007ebe4d000000,0x00007ebebb865510,0x00007ebecd000000)
 Metaspace       used 7053K, committed 7104K, reserved 8192K
}
Event: 3.615 GC heap before
{Heap before GC invocations=4 (full 1):
 PSYoungGen      total 917504K, used 131054K [0x00007ebecd000000, 0x00007ebf0d000000, 0x00007ebf0d000000)
  eden space 786432K, 0% used [0x00007ebecd000000,0x00007ebecd000000,0x00007ebefd000000)
  from space 131072K, 99% used [0x00007ebefd000000,0x00007ebf04ffb8c0,0x00007ebf05000000)
  to   space 131072K, 0% used [0x00007ebf05000000,0x00007ebf05000000,0x00007ebf0d000000)
 ParOldGen       total 2097152K, used 1810837K [0x00007ebe4d000000, 0x00007ebecd000000, 0x00007ebecd000000)
  object space 2097152K, 86% used [0x00007ebe4d000000,0x00007ebebb865510,0x00007ebecd000000)
 Metaspace       used 7053K, committed 7104K, reserved 8192K
}
Event: 6.224 GC heap after
{Heap after GC invocations=4 (full 1):
 PSYoungGen      total 917504K, used 0K [0x00007ebecd000000, 0x00007ebf0d000000, 0x00007ebf0d000000)
  eden space 786432K, 0% used [0x00007ebecd000000,0x00007ebecd000000,0x00007ebefd000000)
  from space 131072K, 0% used [0x00007ebf05000000,0x00007ebf05000000,0x00007ebf0d000000)
  to   space 131072K, 0% used [0x00007ebefd000000,0x00007ebefd000000,0x00007ebf05000000)
 ParOldGen       total 2097152K, used 1929691K [0x00007ebe4d000000, 0x00007ebecd000000, 0x00007ebecd000000)
  object space 2097152K, 92% used [0x00007ebe4d000000,0x00007ebec2c76e80,0x00007ebecd000000)
 Metaspace       used 7053K, committed 7104K, reserved 8192K
}
Event: 7.211 GC heap before
{Heap before GC invocations=5 (full 2):
 PSYoungGen      total 917504K, used 411069K [0x00007ebecd000000, 0x00007ebf0d000000, 0x00007ebf0d000000)
  eden space 786432K, 52% used [0x00007ebecd000000,0x00007ebee616f450,0x00007ebefd000000)
  from space 131072K, 0% used [0x00007ebf05000000,0x00007ebf05000000,0x00007ebf0d000000)
  to   space 131072K, 0% used [0x00007ebefd000000,0x00007ebefd000000,0x00007ebf05000000)
 ParOldGen       total 2097152K, used 1929691K [0x00007ebe4d000000, 0x00007ebecd000000, 0x00007ebecd000000)
  object space 2097152K, 92% used [0x00007ebe4d000000,0x00007ebec2c76e80,0x00007ebecd000000)
 Metaspace       used 7088K, committed 7168K, reserved 8192K
}
Event: 13.745 GC heap after
{Heap after GC invocations=5 (full 2):
 PSYoungGen      total 917504K, used 0K [0x00007ebecd000000, 0x00007ebf0d000000, 0x00007ebf0d000000)
  eden space 786432K, 0% used [0x00007ebecd000000,0x00007ebecd000000,0x00007ebefd000000)
  from space 131072K, 0% used [0x00007ebf05000000,0x00007ebf05000000,0x00007ebf0d000000)
  to   space 131072K, 0% used [0x00007ebefd000000,0x00007ebefd000000,0x00007ebf05000000)
 ParOldGen       total 2097152K, used 1532129K [0x00007ebe4d000000, 0x00007ebecd000000, 0x00007ebecd000000)
  object space 2097152K, 73% used [0x00007ebe4d000000,0x00007ebeaa8385c0,0x00007ebecd000000)
 Metaspace       used 7088K, committed 7168K, reserved 8192K
}
Event: 13.911 GC heap before
{Heap before GC invocations=6 (full 2):
 PSYoungGen      total 917504K, used 15285K [0x00007ebecd000000, 0x00007ebf0d000000, 0x00007ebf0d000000)
  eden space 786432K, 1% used [0x00007ebecd000000,0x00007ebecdeed460,0x00007ebefd000000)
  from space 131072K, 0% used [0x00007ebf05000000,0x00007ebf05000000,0x00007ebf0d000000)
  to   space 131072K, 0% used [0x00007ebefd000000,0x00007ebefd000000,0x00007ebf05000000)
 ParOldGen       total 2097152K, used 1532129K [0x00007ebe4d000000, 0x00007ebecd000000, 0x00007ebecd000000)
  object space 2097152K, 73% used [0x00007ebe4d000000,0x00007ebeaa8385c0,0x00007ebecd000000)
 Metaspace       used 7095K, committed 7168K, reserved 8192K
}
Event: 14.130 GC heap after
{Heap after GC invocations=6 (full 2):
 PSYoungGen      total 917504K, used 0K [0x00007ebecd000000, 0x00007ebf0d000000, 0x00007ebf0d000000)
  eden space 786432K, 0% used [0x00007ebecd000000,0x00007ebecd000000,0x00007ebefd000000)
  from space 131072K, 0% used [0x00007ebefd000000,0x00007ebefd000000,0x00007ebf05000000)
  to   space 131072K, 0% used [0x00007ebf05000000,0x00007ebf05000000,0x00007ebf0d000000)
 ParOldGen       total 2097152K, used 1532129K [0x00007ebe4d000000, 0x00007ebecd000000, 0x00007ebecd000000)
  object space 2097152K, 73% used [0x00007ebe4d000000,0x00007ebeaa8385c0,0x00007ebecd000000)
 Metaspace       used 7095K, committed 7168K, reserved 8192K
}
Event: 14.131 GC heap before
{Heap before GC invocations=7 (full 3):
 PSYoungGen      total 917504K, used 0K [0x00007ebecd000000, 0x00007ebf0d000000, 0x00007ebf0d000000)
  eden space 786432K, 0% used [0x00007ebecd000000,0x00007ebecd000000,0x00007ebefd000000)
  from space 131072K, 0% used [0x00007ebefd000000,0x00007ebefd000000,0x00007ebf05000000)
  to   space 131072K, 0% used [0x00007ebf05000000,0x00007ebf05000000,0x00007ebf0d000000)
 ParOldGen       total 2097152K, used 1532129K [0x00007ebe4d000000, 0x00007ebecd000000, 0x00007ebecd000000)
  object space 2097152K, 73% used [0x00007ebe4d000000,0x00007ebeaa8385c0,0x00007ebecd000000)
 Metaspace       used 7095K, committed 7168K, reserved 8192K
}

