# JRE version: OpenJDK Runtime Environment (17.0.6) (fastdebug build 17.0.6-internal+0-adhoc.konstdelis.jdk17u067)
# Java VM: OpenJDK 64-Bit Server VM (fastdebug 17.0.6-internal+0-adhoc.konstdelis.jdk17u067, mixed mode, tiered, parallel gc, linux-amd64)
GC Precious Log:
 CPUs: 32 total, 32 available
 Memory: 251G
 Large Page Support: Disabled
 NUMA Support: Disabled
 Compressed Oops: Disabled
 Alignments: Space 512K, Generation 512K, Heap 2M
 Heap Min Capacity: 3G
 Heap Initial Capacity: 3G
 Heap Max Capacity: 3G
 Pre-touch: Disabled
 Parallel Workers: 8
Heap:
 PSYoungGen      total 917504K, used 0K [0x00007f4ca1000000, 0x00007f4ce1000000, 0x00007f4ce1000000)
  eden space 786432K, 0% used [0x00007f4ca1000000,0x00007f4ca1000000,0x00007f4cd1000000)
  from space 131072K, 0% used [0x00007f4cd9000000,0x00007f4cd9000000,0x00007f4ce1000000)
  to   space 131072K, 0% used [0x00007f4cd1000000,0x00007f4cd1000000,0x00007f4cd9000000)
 ParOldGen       total 2097152K, used 1636K [0x00007f4c21000000, 0x00007f4ca1000000, 0x00007f4ca1000000)
  object space 2097152K, 0% used [0x00007f4c21000000,0x00007f4c21199090,0x00007f4ca1000000)
 Metaspace       used 7405K, committed 7488K, reserved 8192K
GC Heap History (7 events):
Event: 2,839 GC heap before
{Heap before GC invocations=1 (full 0):
 PSYoungGen      total 917504K, used 94372K [0x00007f4ca1000000, 0x00007f4ce1000000, 0x00007f4ce1000000)
  eden space 786432K, 12% used [0x00007f4ca1000000,0x00007f4ca6c291b0,0x00007f4cd1000000)
  from space 131072K, 0% used [0x00007f4cd9000000,0x00007f4cd9000000,0x00007f4ce1000000)
  to   space 131072K, 0% used [0x00007f4cd1000000,0x00007f4cd1000000,0x00007f4cd9000000)
 ParOldGen       total 2097152K, used 0K [0x00007f4c21000000, 0x00007f4ca1000000, 0x00007f4ca1000000)
  object space 2097152K, 0% used [0x00007f4c21000000,0x00007f4c21000000,0x00007f4ca1000000)
 Metaspace       used 7405K, committed 7488K, reserved 8192K
}
Event: 2,861 GC heap after
{Heap after GC invocations=1 (full 0):
 PSYoungGen      total 917504K, used 1792K [0x00007f4ca1000000, 0x00007f4ce1000000, 0x00007f4ce1000000)
  eden space 786432K, 0% used [0x00007f4ca1000000,0x00007f4ca1000000,0x00007f4cd1000000)
  from space 131072K, 1% used [0x00007f4cd1000000,0x00007f4cd11c0040,0x00007f4cd9000000)
  to   space 131072K, 0% used [0x00007f4cd9000000,0x00007f4cd9000000,0x00007f4ce1000000)
 ParOldGen       total 2097152K, used 16K [0x00007f4c21000000, 0x00007f4ca1000000, 0x00007f4ca1000000)
  object space 2097152K, 0% used [0x00007f4c21000000,0x00007f4c21004000,0x00007f4ca1000000)
 Metaspace       used 7405K, committed 7488K, reserved 8192K
}
Event: 2,861 GC heap before
{Heap before GC invocations=2 (full 1):
 PSYoungGen      total 917504K, used 1792K [0x00007f4ca1000000, 0x00007f4ce1000000, 0x00007f4ce1000000)
  eden space 786432K, 0% used [0x00007f4ca1000000,0x00007f4ca1000000,0x00007f4cd1000000)
  from space 131072K, 1% used [0x00007f4cd1000000,0x00007f4cd11c0040,0x00007f4cd9000000)
  to   space 131072K, 0% used [0x00007f4cd9000000,0x00007f4cd9000000,0x00007f4ce1000000)
 ParOldGen       total 2097152K, used 16K [0x00007f4c21000000, 0x00007f4ca1000000, 0x00007f4ca1000000)
  object space 2097152K, 0% used [0x00007f4c21000000,0x00007f4c21004000,0x00007f4ca1000000)
 Metaspace       used 7405K, committed 7488K, reserved 8192K
}
Event: 2,927 GC heap after
{Heap after GC invocations=2 (full 1):
 PSYoungGen      total 917504K, used 0K [0x00007f4ca1000000, 0x00007f4ce1000000, 0x00007f4ce1000000)
  eden space 786432K, 0% used [0x00007f4ca1000000,0x00007f4ca1000000,0x00007f4cd1000000)
  from space 131072K, 0% used [0x00007f4cd1000000,0x00007f4cd1000000,0x00007f4cd9000000)
  to   space 131072K, 0% used [0x00007f4cd9000000,0x00007f4cd9000000,0x00007f4ce1000000)
 ParOldGen       total 2097152K, used 1636K [0x00007f4c21000000, 0x00007f4ca1000000, 0x00007f4ca1000000)
  object space 2097152K, 0% used [0x00007f4c21000000,0x00007f4c21199090,0x00007f4ca1000000)
 Metaspace       used 7405K, committed 7488K, reserved 8192K
}
Event: 2,930 GC heap before
{Heap before GC invocations=3 (full 1):
 PSYoungGen      total 917504K, used 15728K [0x00007f4ca1000000, 0x00007f4ce1000000, 0x00007f4ce1000000)
  eden space 786432K, 2% used [0x00007f4ca1000000,0x00007f4ca1f5c2c8,0x00007f4cd1000000)
  from space 131072K, 0% used [0x00007f4cd1000000,0x00007f4cd1000000,0x00007f4cd9000000)
  to   space 131072K, 0% used [0x00007f4cd9000000,0x00007f4cd9000000,0x00007f4ce1000000)
 ParOldGen       total 2097152K, used 1636K [0x00007f4c21000000, 0x00007f4ca1000000, 0x00007f4ca1000000)
  object space 2097152K, 0% used [0x00007f4c21000000,0x00007f4c21199090,0x00007f4ca1000000)
 Metaspace       used 7405K, committed 7488K, reserved 8192K
}
Event: 2,934 GC heap after
{Heap after GC invocations=3 (full 1):
 PSYoungGen      total 917504K, used 0K [0x00007f4ca1000000, 0x00007f4ce1000000, 0x00007f4ce1000000)
  eden space 786432K, 0% used [0x00007f4ca1000000,0x00007f4ca1000000,0x00007f4cd1000000)
  from space 131072K, 0% used [0x00007f4cd9000000,0x00007f4cd9000000,0x00007f4ce1000000)
  to   space 131072K, 0% used [0x00007f4cd1000000,0x00007f4cd1000000,0x00007f4cd9000000)
 ParOldGen       total 2097152K, used 1636K [0x00007f4c21000000, 0x00007f4ca1000000, 0x00007f4ca1000000)
  object space 2097152K, 0% used [0x00007f4c21000000,0x00007f4c21199090,0x00007f4ca1000000)
 Metaspace       used 7405K, committed 7488K, reserved 8192K
}
Event: 2,934 GC heap before
{Heap before GC invocations=4 (full 2):
 PSYoungGen      total 917504K, used 0K [0x00007f4ca1000000, 0x00007f4ce1000000, 0x00007f4ce1000000)
  eden space 786432K, 0% used [0x00007f4ca1000000,0x00007f4ca1000000,0x00007f4cd1000000)
  from space 131072K, 0% used [0x00007f4cd9000000,0x00007f4cd9000000,0x00007f4ce1000000)
  to   space 131072K, 0% used [0x00007f4cd1000000,0x00007f4cd1000000,0x00007f4cd9000000)
 ParOldGen       total 2097152K, used 1636K [0x00007f4c21000000, 0x00007f4ca1000000, 0x00007f4ca1000000)
  object space 2097152K, 0% used [0x00007f4c21000000,0x00007f4c21199090,0x00007f4ca1000000)
 Metaspace       used 7405K, committed 7488K, reserved 8192K
}

