# JRE version: OpenJDK Runtime Environment (17.0.6) (fastdebug build 17.0.6-internal+0-adhoc.konstdelis.jdk17u067)
# Java VM: OpenJDK 64-Bit Server VM (fastdebug 17.0.6-internal+0-adhoc.konstdelis.jdk17u067, mixed mode, tiered, parallel gc, linux-amd64)
GC Precious Log:
 CPUs: 32 total, 32 available
 Memory: 251G
 Large Page Support: Disabled
 NUMA Support: Disabled
 Compressed Oops: Disabled
 Alignments: Space 512K, Generation 512K, Heap 2M
 Heap Min Capacity: 1G
 Heap Initial Capacity: 1G
 Heap Max Capacity: 1G
 Pre-touch: Disabled
 Parallel Workers: 1
Heap:
 PSYoungGen      total 305664K, used 179431K [0x00007eb0d3b00000, 0x00007eb0e9000000, 0x00007eb0e9000000)
  eden space 262144K, 68% used [0x00007eb0d3b00000,0x00007eb0dea39c50,0x00007eb0e3b00000)
  from space 43520K, 0% used [0x00007eb0e6580000,0x00007eb0e6580000,0x00007eb0e9000000)
  to   space 43520K, 0% used [0x00007eb0e3b00000,0x00007eb0e3b00000,0x00007eb0e6580000)
 ParOldGen       total 699392K, used 1259K [0x00007eb0a9000000, 0x00007eb0d3b00000, 0x00007eb0d3b00000)
  object space 699392K, 0% used [0x00007eb0a9000000,0x00007eb0a913ad18,0x00007eb0d3b00000)
 Metaspace       used 6727K, committed 6848K, reserved 8192K
GC Heap History (20 events):
Event: 34,415 GC heap before
{Heap before GC invocations=10 (full 5):
 PSYoungGen      total 305664K, used 43520K [0x00007eb0d3b00000, 0x00007eb0e9000000, 0x00007eb0e9000000)
  eden space 262144K, 0% used [0x00007eb0d3b00000,0x00007eb0d3b00000,0x00007eb0e3b00000)
  from space 43520K, 100% used [0x00007eb0e3b00000,0x00007eb0e6580000,0x00007eb0e6580000)
  to   space 43520K, 0% used [0x00007eb0e6580000,0x00007eb0e6580000,0x00007eb0e9000000)
 ParOldGen       total 699392K, used 195337K [0x00007eb0a9000000, 0x00007eb0d3b00000, 0x00007eb0d3b00000)
  object space 699392K, 27% used [0x00007eb0a9000000,0x00007eb0b4ec2540,0x00007eb0d3b00000)
 Metaspace       used 6722K, committed 6784K, reserved 8192K
}
Event: 46,124 GC heap after
{Heap after GC invocations=10 (full 5):
 PSYoungGen      total 305664K, used 0K [0x00007eb0d3b00000, 0x00007eb0e9000000, 0x00007eb0e9000000)
  eden space 262144K, 0% used [0x00007eb0d3b00000,0x00007eb0d3b00000,0x00007eb0e3b00000)
  from space 43520K, 0% used [0x00007eb0e3b00000,0x00007eb0e3b00000,0x00007eb0e6580000)
  to   space 43520K, 0% used [0x00007eb0e6580000,0x00007eb0e6580000,0x00007eb0e9000000)
 ParOldGen       total 699392K, used 1257K [0x00007eb0a9000000, 0x00007eb0d3b00000, 0x00007eb0d3b00000)
  object space 699392K, 0% used [0x00007eb0a9000000,0x00007eb0a913a480,0x00007eb0d3b00000)
 Metaspace       used 6722K, committed 6784K, reserved 8192K
}
Event: 46,813 GC heap before
{Heap before GC invocations=11 (full 5):
 PSYoungGen      total 305664K, used 166748K [0x00007eb0d3b00000, 0x00007eb0e9000000, 0x00007eb0e9000000)
  eden space 262144K, 63% used [0x00007eb0d3b00000,0x00007eb0dddd70d8,0x00007eb0e3b00000)
  from space 43520K, 0% used [0x00007eb0e3b00000,0x00007eb0e3b00000,0x00007eb0e6580000)
  to   space 43520K, 0% used [0x00007eb0e6580000,0x00007eb0e6580000,0x00007eb0e9000000)
 ParOldGen       total 699392K, used 1257K [0x00007eb0a9000000, 0x00007eb0d3b00000, 0x00007eb0d3b00000)
  object space 699392K, 0% used [0x00007eb0a9000000,0x00007eb0a913a480,0x00007eb0d3b00000)
 Metaspace       used 6722K, committed 6784K, reserved 8192K
}
Event: 49,338 GC heap after
{Heap after GC invocations=11 (full 5):
 PSYoungGen      total 305664K, used 43520K [0x00007eb0d3b00000, 0x00007eb0e9000000, 0x00007eb0e9000000)
  eden space 262144K, 0% used [0x00007eb0d3b00000,0x00007eb0d3b00000,0x00007eb0e3b00000)
  from space 43520K, 100% used [0x00007eb0e6580000,0x00007eb0e9000000,0x00007eb0e9000000)
  to   space 43520K, 0% used [0x00007eb0e3b00000,0x00007eb0e3b00000,0x00007eb0e6580000)
 ParOldGen       total 699392K, used 99145K [0x00007eb0a9000000, 0x00007eb0d3b00000, 0x00007eb0d3b00000)
  object space 699392K, 14% used [0x00007eb0a9000000,0x00007eb0af0d2480,0x00007eb0d3b00000)
 Metaspace       used 6722K, committed 6784K, reserved 8192K
}
Event: 49,338 GC heap before
{Heap before GC invocations=12 (full 6):
 PSYoungGen      total 305664K, used 43520K [0x00007eb0d3b00000, 0x00007eb0e9000000, 0x00007eb0e9000000)
  eden space 262144K, 0% used [0x00007eb0d3b00000,0x00007eb0d3b00000,0x00007eb0e3b00000)
  from space 43520K, 100% used [0x00007eb0e6580000,0x00007eb0e9000000,0x00007eb0e9000000)
  to   space 43520K, 0% used [0x00007eb0e3b00000,0x00007eb0e3b00000,0x00007eb0e6580000)
 ParOldGen       total 699392K, used 99145K [0x00007eb0a9000000, 0x00007eb0d3b00000, 0x00007eb0d3b00000)
  object space 699392K, 14% used [0x00007eb0a9000000,0x00007eb0af0d2480,0x00007eb0d3b00000)
 Metaspace       used 6722K, committed 6784K, reserved 8192K
}
Event: 56,345 GC heap after
{Heap after GC invocations=12 (full 6):
 PSYoungGen      total 305664K, used 0K [0x00007eb0d3b00000, 0x00007eb0e9000000, 0x00007eb0e9000000)
  eden space 262144K, 0% used [0x00007eb0d3b00000,0x00007eb0d3b00000,0x00007eb0e3b00000)
  from space 43520K, 0% used [0x00007eb0e6580000,0x00007eb0e6580000,0x00007eb0e9000000)
  to   space 43520K, 0% used [0x00007eb0e3b00000,0x00007eb0e3b00000,0x00007eb0e6580000)
 ParOldGen       total 699392K, used 1257K [0x00007eb0a9000000, 0x00007eb0d3b00000, 0x00007eb0d3b00000)
  object space 699392K, 0% used [0x00007eb0a9000000,0x00007eb0a913a728,0x00007eb0d3b00000)
 Metaspace       used 6722K, committed 6784K, reserved 8192K
}
Event: 56,707 GC heap before
{Heap before GC invocations=13 (full 6):
 PSYoungGen      total 305664K, used 30381K [0x00007eb0d3b00000, 0x00007eb0e9000000, 0x00007eb0e9000000)
  eden space 262144K, 11% used [0x00007eb0d3b00000,0x00007eb0d58ab748,0x00007eb0e3b00000)
  from space 43520K, 0% used [0x00007eb0e6580000,0x00007eb0e6580000,0x00007eb0e9000000)
  to   space 43520K, 0% used [0x00007eb0e3b00000,0x00007eb0e3b00000,0x00007eb0e6580000)
 ParOldGen       total 699392K, used 1257K [0x00007eb0a9000000, 0x00007eb0d3b00000, 0x00007eb0d3b00000)
  object space 699392K, 0% used [0x00007eb0a9000000,0x00007eb0a913a728,0x00007eb0d3b00000)
 Metaspace       used 6722K, committed 6784K, reserved 8192K
}
Event: 57,729 GC heap after
{Heap after GC invocations=13 (full 6):
 PSYoungGen      total 305664K, used 32K [0x00007eb0d3b00000, 0x00007eb0e9000000, 0x00007eb0e9000000)
  eden space 262144K, 0% used [0x00007eb0d3b00000,0x00007eb0d3b00000,0x00007eb0e3b00000)
  from space 43520K, 0% used [0x00007eb0e3b00000,0x00007eb0e3b08000,0x00007eb0e6580000)
  to   space 43520K, 0% used [0x00007eb0e6580000,0x00007eb0e6580000,0x00007eb0e9000000)
 ParOldGen       total 699392K, used 1257K [0x00007eb0a9000000, 0x00007eb0d3b00000, 0x00007eb0d3b00000)
  object space 699392K, 0% used [0x00007eb0a9000000,0x00007eb0a913a728,0x00007eb0d3b00000)
 Metaspace       used 6722K, committed 6784K, reserved 8192K
}
Event: 57,729 GC heap before
{Heap before GC invocations=14 (full 7):
 PSYoungGen      total 305664K, used 32K [0x00007eb0d3b00000, 0x00007eb0e9000000, 0x00007eb0e9000000)
  eden space 262144K, 0% used [0x00007eb0d3b00000,0x00007eb0d3b00000,0x00007eb0e3b00000)
  from space 43520K, 0% used [0x00007eb0e3b00000,0x00007eb0e3b08000,0x00007eb0e6580000)
  to   space 43520K, 0% used [0x00007eb0e6580000,0x00007eb0e6580000,0x00007eb0e9000000)
 ParOldGen       total 699392K, used 1257K [0x00007eb0a9000000, 0x00007eb0d3b00000, 0x00007eb0d3b00000)
  object space 699392K, 0% used [0x00007eb0a9000000,0x00007eb0a913a728,0x00007eb0d3b00000)
 Metaspace       used 6722K, committed 6784K, reserved 8192K
}
Event: 58,329 GC heap after
{Heap after GC invocations=14 (full 7):
 PSYoungGen      total 305664K, used 0K [0x00007eb0d3b00000, 0x00007eb0e9000000, 0x00007eb0e9000000)
  eden space 262144K, 0% used [0x00007eb0d3b00000,0x00007eb0d3b00000,0x00007eb0e3b00000)
  from space 43520K, 0% used [0x00007eb0e3b00000,0x00007eb0e3b00000,0x00007eb0e6580000)
  to   space 43520K, 0% used [0x00007eb0e6580000,0x00007eb0e6580000,0x00007eb0e9000000)
 ParOldGen       total 699392K, used 1257K [0x00007eb0a9000000, 0x00007eb0d3b00000, 0x00007eb0d3b00000)
  object space 699392K, 0% used [0x00007eb0a9000000,0x00007eb0a913a700,0x00007eb0d3b00000)
 Metaspace       used 6722K, committed 6784K, reserved 8192K
}
Event: 58,653 GC heap before
{Heap before GC invocations=15 (full 7):
 PSYoungGen      total 305664K, used 141781K [0x00007eb0d3b00000, 0x00007eb0e9000000, 0x00007eb0e9000000)
  eden space 262144K, 54% used [0x00007eb0d3b00000,0x00007eb0dc5757d0,0x00007eb0e3b00000)
  from space 43520K, 0% used [0x00007eb0e3b00000,0x00007eb0e3b00000,0x00007eb0e6580000)
  to   space 43520K, 0% used [0x00007eb0e6580000,0x00007eb0e6580000,0x00007eb0e9000000)
 ParOldGen       total 699392K, used 1257K [0x00007eb0a9000000, 0x00007eb0d3b00000, 0x00007eb0d3b00000)
  object space 699392K, 0% used [0x00007eb0a9000000,0x00007eb0a913a700,0x00007eb0d3b00000)
 Metaspace       used 6722K, committed 6784K, reserved 8192K
}
Event: 61,114 GC heap after
{Heap after GC invocations=15 (full 7):
 PSYoungGen      total 305664K, used 43520K [0x00007eb0d3b00000, 0x00007eb0e9000000, 0x00007eb0e9000000)
  eden space 262144K, 0% used [0x00007eb0d3b00000,0x00007eb0d3b00000,0x00007eb0e3b00000)
  from space 43520K, 100% used [0x00007eb0e6580000,0x00007eb0e9000000,0x00007eb0e9000000)
  to   space 43520K, 0% used [0x00007eb0e3b00000,0x00007eb0e3b00000,0x00007eb0e6580000)
 ParOldGen       total 699392K, used 99145K [0x00007eb0a9000000, 0x00007eb0d3b00000, 0x00007eb0d3b00000)
  object space 699392K, 14% used [0x00007eb0a9000000,0x00007eb0af0d2700,0x00007eb0d3b00000)
 Metaspace       used 6722K, committed 6784K, reserved 8192K
}
Event: 61,114 GC heap before
{Heap before GC invocations=16 (full 8):
 PSYoungGen      total 305664K, used 43520K [0x00007eb0d3b00000, 0x00007eb0e9000000, 0x00007eb0e9000000)
  eden space 262144K, 0% used [0x00007eb0d3b00000,0x00007eb0d3b00000,0x00007eb0e3b00000)
  from space 43520K, 100% used [0x00007eb0e6580000,0x00007eb0e9000000,0x00007eb0e9000000)
  to   space 43520K, 0% used [0x00007eb0e3b00000,0x00007eb0e3b00000,0x00007eb0e6580000)
 ParOldGen       total 699392K, used 99145K [0x00007eb0a9000000, 0x00007eb0d3b00000, 0x00007eb0d3b00000)
  object space 699392K, 14% used [0x00007eb0a9000000,0x00007eb0af0d2700,0x00007eb0d3b00000)
 Metaspace       used 6722K, committed 6784K, reserved 8192K
}
Event: 68,337 GC heap after
{Heap after GC invocations=16 (full 8):
 PSYoungGen      total 305664K, used 0K [0x00007eb0d3b00000, 0x00007eb0e9000000, 0x00007eb0e9000000)
  eden space 262144K, 0% used [0x00007eb0d3b00000,0x00007eb0d3b00000,0x00007eb0e3b00000)
  from space 43520K, 0% used [0x00007eb0e6580000,0x00007eb0e6580000,0x00007eb0e9000000)
  to   space 43520K, 0% used [0x00007eb0e3b00000,0x00007eb0e3b00000,0x00007eb0e6580000)
 ParOldGen       total 699392K, used 1258K [0x00007eb0a9000000, 0x00007eb0d3b00000, 0x00007eb0d3b00000)
  object space 699392K, 0% used [0x00007eb0a9000000,0x00007eb0a913a860,0x00007eb0d3b00000)
 Metaspace       used 6722K, committed 6784K, reserved 8192K
}
Event: 70,412 GC heap before
{Heap before GC invocations=17 (full 8):
 PSYoungGen      total 305664K, used 262144K [0x00007eb0d3b00000, 0x00007eb0e9000000, 0x00007eb0e9000000)
  eden space 262144K, 100% used [0x00007eb0d3b00000,0x00007eb0e3b00000,0x00007eb0e3b00000)
  from space 43520K, 0% used [0x00007eb0e6580000,0x00007eb0e6580000,0x00007eb0e9000000)
  to   space 43520K, 0% used [0x00007eb0e3b00000,0x00007eb0e3b00000,0x00007eb0e6580000)
 ParOldGen       total 699392K, used 1258K [0x00007eb0a9000000, 0x00007eb0d3b00000, 0x00007eb0d3b00000)
  object space 699392K, 0% used [0x00007eb0a9000000,0x00007eb0a913a860,0x00007eb0d3b00000)
 Metaspace       used 6726K, committed 6848K, reserved 8192K
}
Event: 74,756 GC heap after
{Heap after GC invocations=17 (full 8):
 PSYoungGen      total 305664K, used 43520K [0x00007eb0d3b00000, 0x00007eb0e9000000, 0x00007eb0e9000000)
  eden space 262144K, 0% used [0x00007eb0d3b00000,0x00007eb0d3b00000,0x00007eb0e3b00000)
  from space 43520K, 100% used [0x00007eb0e3b00000,0x00007eb0e6580000,0x00007eb0e6580000)
  to   space 43520K, 0% used [0x00007eb0e6580000,0x00007eb0e6580000,0x00007eb0e9000000)
 ParOldGen       total 699392K, used 220570K [0x00007eb0a9000000, 0x00007eb0d3b00000, 0x00007eb0d3b00000)
  object space 699392K, 31% used [0x00007eb0a9000000,0x00007eb0b6766880,0x00007eb0d3b00000)
 Metaspace       used 6726K, committed 6848K, reserved 8192K
}
Event: 75,644 GC heap before
{Heap before GC invocations=18 (full 8):
 PSYoungGen      total 305664K, used 284363K [0x00007eb0d3b00000, 0x00007eb0e9000000, 0x00007eb0e9000000)
  eden space 262144K, 91% used [0x00007eb0d3b00000,0x00007eb0e2632f58,0x00007eb0e3b00000)
  from space 43520K, 100% used [0x00007eb0e3b00000,0x00007eb0e6580000,0x00007eb0e6580000)
  to   space 43520K, 0% used [0x00007eb0e6580000,0x00007eb0e6580000,0x00007eb0e9000000)
 ParOldGen       total 699392K, used 220570K [0x00007eb0a9000000, 0x00007eb0d3b00000, 0x00007eb0d3b00000)
  object space 699392K, 31% used [0x00007eb0a9000000,0x00007eb0b6766880,0x00007eb0d3b00000)
 Metaspace       used 6726K, committed 6848K, reserved 8192K
}
Event: 79,592 GC heap after
{Heap after GC invocations=18 (full 8):
 PSYoungGen      total 305664K, used 43520K [0x00007eb0d3b00000, 0x00007eb0e9000000, 0x00007eb0e9000000)
  eden space 262144K, 0% used [0x00007eb0d3b00000,0x00007eb0d3b00000,0x00007eb0e3b00000)
  from space 43520K, 100% used [0x00007eb0e6580000,0x00007eb0e9000000,0x00007eb0e9000000)
  to   space 43520K, 0% used [0x00007eb0e3b00000,0x00007eb0e3b00000,0x00007eb0e6580000)
 ParOldGen       total 699392K, used 426562K [0x00007eb0a9000000, 0x00007eb0d3b00000, 0x00007eb0d3b00000)
  object space 699392K, 60% used [0x00007eb0a9000000,0x00007eb0c3090880,0x00007eb0d3b00000)
 Metaspace       used 6726K, committed 6848K, reserved 8192K
}
Event: 79,592 GC heap before
{Heap before GC invocations=19 (full 9):
 PSYoungGen      total 305664K, used 43520K [0x00007eb0d3b00000, 0x00007eb0e9000000, 0x00007eb0e9000000)
  eden space 262144K, 0% used [0x00007eb0d3b00000,0x00007eb0d3b00000,0x00007eb0e3b00000)
  from space 43520K, 100% used [0x00007eb0e6580000,0x00007eb0e9000000,0x00007eb0e9000000)
  to   space 43520K, 0% used [0x00007eb0e3b00000,0x00007eb0e3b00000,0x00007eb0e6580000)
 ParOldGen       total 699392K, used 426562K [0x00007eb0a9000000, 0x00007eb0d3b00000, 0x00007eb0d3b00000)
  object space 699392K, 60% used [0x00007eb0a9000000,0x00007eb0c3090880,0x00007eb0d3b00000)
 Metaspace       used 6726K, committed 6848K, reserved 8192K
}
Event: 99,916 GC heap after
{Heap after GC invocations=19 (full 9):
 PSYoungGen      total 305664K, used 0K [0x00007eb0d3b00000, 0x00007eb0e9000000, 0x00007eb0e9000000)
  eden space 262144K, 0% used [0x00007eb0d3b00000,0x00007eb0d3b00000,0x00007eb0e3b00000)
  from space 43520K, 0% used [0x00007eb0e6580000,0x00007eb0e6580000,0x00007eb0e9000000)
  to   space 43520K, 0% used [0x00007eb0e3b00000,0x00007eb0e3b00000,0x00007eb0e6580000)
 ParOldGen       total 699392K, used 1259K [0x00007eb0a9000000, 0x00007eb0d3b00000, 0x00007eb0d3b00000)
  object space 699392K, 0% used [0x00007eb0a9000000,0x00007eb0a913ad18,0x00007eb0d3b00000)
 Metaspace       used 6726K, committed 6848K, reserved 8192K
}

