# JRE version: OpenJDK Runtime Environment (17.0.6) (fastdebug build 17.0.6-internal+0-adhoc.konstdelis.jdk17u067)
# Java VM: OpenJDK 64-Bit Server VM (fastdebug 17.0.6-internal+0-adhoc.konstdelis.jdk17u067, mixed mode, tiered, parallel gc, linux-amd64)
GC Precious Log:
 CPUs: 32 total, 32 available
 Memory: 251G
 Large Page Support: Disabled
 NUMA Support: Disabled
 Compressed Oops: Disabled
 Alignments: Space 512K, Generation 512K, Heap 2M
 Heap Min Capacity: 3G
 Heap Initial Capacity: 3G
 Heap Max Capacity: 3G
 Pre-touch: Disabled
 Parallel Workers: 4
Heap:
 PSYoungGen      total 917504K, used 31457K [0x00007e90a5000000, 0x00007e90e5000000, 0x00007e90e5000000)
  eden space 786432K, 4% used [0x00007e90a5000000,0x00007e90a6eb86f8,0x00007e90d5000000)
  from space 131072K, 0% used [0x00007e90dd000000,0x00007e90dd000000,0x00007e90e5000000)
  to   space 131072K, 0% used [0x00007e90d5000000,0x00007e90d5000000,0x00007e90dd000000)
 ParOldGen       total 2097152K, used 1954K [0x00007e9025000000, 0x00007e90a5000000, 0x00007e90a5000000)
  object space 2097152K, 0% used [0x00007e9025000000,0x00007e90251e8a40,0x00007e90a5000000)
 Metaspace       used 7408K, committed 7488K, reserved 8192K
GC Heap History (20 events):
Event: 2,344 GC heap before
{Heap before GC invocations=3 (full 1):
 PSYoungGen      total 917504K, used 31457K [0x00007e90a5000000, 0x00007e90e5000000, 0x00007e90e5000000)
  eden space 786432K, 4% used [0x00007e90a5000000,0x00007e90a6eb8570,0x00007e90d5000000)
  from space 131072K, 0% used [0x00007e90d5000000,0x00007e90d5000000,0x00007e90dd000000)
  to   space 131072K, 0% used [0x00007e90dd000000,0x00007e90dd000000,0x00007e90e5000000)
 ParOldGen       total 2097152K, used 1586K [0x00007e9025000000, 0x00007e90a5000000, 0x00007e90a5000000)
  object space 2097152K, 0% used [0x00007e9025000000,0x00007e902518ca38,0x00007e90a5000000)
 Metaspace       used 7402K, committed 7488K, reserved 8192K
}
Event: 2,352 GC heap after
{Heap after GC invocations=3 (full 1):
 PSYoungGen      total 917504K, used 64K [0x00007e90a5000000, 0x00007e90e5000000, 0x00007e90e5000000)
  eden space 786432K, 0% used [0x00007e90a5000000,0x00007e90a5000000,0x00007e90d5000000)
  from space 131072K, 0% used [0x00007e90dd000000,0x00007e90dd010000,0x00007e90e5000000)
  to   space 131072K, 0% used [0x00007e90d5000000,0x00007e90d5000000,0x00007e90dd000000)
 ParOldGen       total 2097152K, used 1586K [0x00007e9025000000, 0x00007e90a5000000, 0x00007e90a5000000)
  object space 2097152K, 0% used [0x00007e9025000000,0x00007e902518ca38,0x00007e90a5000000)
 Metaspace       used 7402K, committed 7488K, reserved 8192K
}
Event: 2,353 GC heap before
{Heap before GC invocations=4 (full 2):
 PSYoungGen      total 917504K, used 64K [0x00007e90a5000000, 0x00007e90e5000000, 0x00007e90e5000000)
  eden space 786432K, 0% used [0x00007e90a5000000,0x00007e90a5000000,0x00007e90d5000000)
  from space 131072K, 0% used [0x00007e90dd000000,0x00007e90dd010000,0x00007e90e5000000)
  to   space 131072K, 0% used [0x00007e90d5000000,0x00007e90d5000000,0x00007e90dd000000)
 ParOldGen       total 2097152K, used 1586K [0x00007e9025000000, 0x00007e90a5000000, 0x00007e90a5000000)
  object space 2097152K, 0% used [0x00007e9025000000,0x00007e902518ca38,0x00007e90a5000000)
 Metaspace       used 7402K, committed 7488K, reserved 8192K
}
Event: 2,562 GC heap after
{Heap after GC invocations=4 (full 2):
 PSYoungGen      total 917504K, used 0K [0x00007e90a5000000, 0x00007e90e5000000, 0x00007e90e5000000)
  eden space 786432K, 0% used [0x00007e90a5000000,0x00007e90a5000000,0x00007e90d5000000)
  from space 131072K, 0% used [0x00007e90dd000000,0x00007e90dd000000,0x00007e90e5000000)
  to   space 131072K, 0% used [0x00007e90d5000000,0x00007e90d5000000,0x00007e90dd000000)
 ParOldGen       total 2097152K, used 1682K [0x00007e9025000000, 0x00007e90a5000000, 0x00007e90a5000000)
  object space 2097152K, 0% used [0x00007e9025000000,0x00007e90251a4870,0x00007e90a5000000)
 Metaspace       used 7402K, committed 7488K, reserved 8192K
}
Event: 2,564 GC heap before
{Heap before GC invocations=5 (full 2):
 PSYoungGen      total 917504K, used 15728K [0x00007e90a5000000, 0x00007e90e5000000, 0x00007e90e5000000)
  eden space 786432K, 2% used [0x00007e90a5000000,0x00007e90a5f5c2c8,0x00007e90d5000000)
  from space 131072K, 0% used [0x00007e90dd000000,0x00007e90dd000000,0x00007e90e5000000)
  to   space 131072K, 0% used [0x00007e90d5000000,0x00007e90d5000000,0x00007e90dd000000)
 ParOldGen       total 2097152K, used 1682K [0x00007e9025000000, 0x00007e90a5000000, 0x00007e90a5000000)
  object space 2097152K, 0% used [0x00007e9025000000,0x00007e90251a4870,0x00007e90a5000000)
 Metaspace       used 7402K, committed 7488K, reserved 8192K
}
Event: 2,568 GC heap after
{Heap after GC invocations=5 (full 2):
 PSYoungGen      total 917504K, used 0K [0x00007e90a5000000, 0x00007e90e5000000, 0x00007e90e5000000)
  eden space 786432K, 0% used [0x00007e90a5000000,0x00007e90a5000000,0x00007e90d5000000)
  from space 131072K, 0% used [0x00007e90d5000000,0x00007e90d5000000,0x00007e90dd000000)
  to   space 131072K, 0% used [0x00007e90dd000000,0x00007e90dd000000,0x00007e90e5000000)
 ParOldGen       total 2097152K, used 1682K [0x00007e9025000000, 0x00007e90a5000000, 0x00007e90a5000000)
  object space 2097152K, 0% used [0x00007e9025000000,0x00007e90251a4870,0x00007e90a5000000)
 Metaspace       used 7402K, committed 7488K, reserved 8192K
}
Event: 2,568 GC heap before
{Heap before GC invocations=6 (full 3):
 PSYoungGen      total 917504K, used 0K [0x00007e90a5000000, 0x00007e90e5000000, 0x00007e90e5000000)
  eden space 786432K, 0% used [0x00007e90a5000000,0x00007e90a5000000,0x00007e90d5000000)
  from space 131072K, 0% used [0x00007e90d5000000,0x00007e90d5000000,0x00007e90dd000000)
  to   space 131072K, 0% used [0x00007e90dd000000,0x00007e90dd000000,0x00007e90e5000000)
 ParOldGen       total 2097152K, used 1682K [0x00007e9025000000, 0x00007e90a5000000, 0x00007e90a5000000)
  object space 2097152K, 0% used [0x00007e9025000000,0x00007e90251a4870,0x00007e90a5000000)
 Metaspace       used 7402K, committed 7488K, reserved 8192K
}
Event: 2,742 GC heap after
{Heap after GC invocations=6 (full 3):
 PSYoungGen      total 917504K, used 0K [0x00007e90a5000000, 0x00007e90e5000000, 0x00007e90e5000000)
  eden space 786432K, 0% used [0x00007e90a5000000,0x00007e90a5000000,0x00007e90d5000000)
  from space 131072K, 0% used [0x00007e90d5000000,0x00007e90d5000000,0x00007e90dd000000)
  to   space 131072K, 0% used [0x00007e90dd000000,0x00007e90dd000000,0x00007e90e5000000)
 ParOldGen       total 2097152K, used 1782K [0x00007e9025000000, 0x00007e90a5000000, 0x00007e90a5000000)
  object space 2097152K, 0% used [0x00007e9025000000,0x00007e90251bdad8,0x00007e90a5000000)
 Metaspace       used 7402K, committed 7488K, reserved 8192K
}
Event: 2,745 GC heap before
{Heap before GC invocations=7 (full 3):
 PSYoungGen      total 917504K, used 15728K [0x00007e90a5000000, 0x00007e90e5000000, 0x00007e90e5000000)
  eden space 786432K, 2% used [0x00007e90a5000000,0x00007e90a5f5c2c8,0x00007e90d5000000)
  from space 131072K, 0% used [0x00007e90d5000000,0x00007e90d5000000,0x00007e90dd000000)
  to   space 131072K, 0% used [0x00007e90dd000000,0x00007e90dd000000,0x00007e90e5000000)
 ParOldGen       total 2097152K, used 1782K [0x00007e9025000000, 0x00007e90a5000000, 0x00007e90a5000000)
  object space 2097152K, 0% used [0x00007e9025000000,0x00007e90251bdad8,0x00007e90a5000000)
 Metaspace       used 7402K, committed 7488K, reserved 8192K
}
Event: 2,748 GC heap after
{Heap after GC invocations=7 (full 3):
 PSYoungGen      total 917504K, used 0K [0x00007e90a5000000, 0x00007e90e5000000, 0x00007e90e5000000)
  eden space 786432K, 0% used [0x00007e90a5000000,0x00007e90a5000000,0x00007e90d5000000)
  from space 131072K, 0% used [0x00007e90dd000000,0x00007e90dd000000,0x00007e90e5000000)
  to   space 131072K, 0% used [0x00007e90d5000000,0x00007e90d5000000,0x00007e90dd000000)
 ParOldGen       total 2097152K, used 1782K [0x00007e9025000000, 0x00007e90a5000000, 0x00007e90a5000000)
  object space 2097152K, 0% used [0x00007e9025000000,0x00007e90251bdad8,0x00007e90a5000000)
 Metaspace       used 7402K, committed 7488K, reserved 8192K
}
Event: 2,748 GC heap before
{Heap before GC invocations=8 (full 4):
 PSYoungGen      total 917504K, used 0K [0x00007e90a5000000, 0x00007e90e5000000, 0x00007e90e5000000)
  eden space 786432K, 0% used [0x00007e90a5000000,0x00007e90a5000000,0x00007e90d5000000)
  from space 131072K, 0% used [0x00007e90dd000000,0x00007e90dd000000,0x00007e90e5000000)
  to   space 131072K, 0% used [0x00007e90d5000000,0x00007e90d5000000,0x00007e90dd000000)
 ParOldGen       total 2097152K, used 1782K [0x00007e9025000000, 0x00007e90a5000000, 0x00007e90a5000000)
  object space 2097152K, 0% used [0x00007e9025000000,0x00007e90251bdad8,0x00007e90a5000000)
 Metaspace       used 7402K, committed 7488K, reserved 8192K
}
Event: 2,920 GC heap after
{Heap after GC invocations=8 (full 4):
 PSYoungGen      total 917504K, used 0K [0x00007e90a5000000, 0x00007e90e5000000, 0x00007e90e5000000)
  eden space 786432K, 0% used [0x00007e90a5000000,0x00007e90a5000000,0x00007e90d5000000)
  from space 131072K, 0% used [0x00007e90dd000000,0x00007e90dd000000,0x00007e90e5000000)
  to   space 131072K, 0% used [0x00007e90d5000000,0x00007e90d5000000,0x00007e90dd000000)
 ParOldGen       total 2097152K, used 1799K [0x00007e9025000000, 0x00007e90a5000000, 0x00007e90a5000000)
  object space 2097152K, 0% used [0x00007e9025000000,0x00007e90251c1dc0,0x00007e90a5000000)
 Metaspace       used 7402K, committed 7488K, reserved 8192K
}
Event: 2,924 GC heap before
{Heap before GC invocations=9 (full 4):
 PSYoungGen      total 917504K, used 15728K [0x00007e90a5000000, 0x00007e90e5000000, 0x00007e90e5000000)
  eden space 786432K, 2% used [0x00007e90a5000000,0x00007e90a5f5c2c8,0x00007e90d5000000)
  from space 131072K, 0% used [0x00007e90dd000000,0x00007e90dd000000,0x00007e90e5000000)
  to   space 131072K, 0% used [0x00007e90d5000000,0x00007e90d5000000,0x00007e90dd000000)
 ParOldGen       total 2097152K, used 1799K [0x00007e9025000000, 0x00007e90a5000000, 0x00007e90a5000000)
  object space 2097152K, 0% used [0x00007e9025000000,0x00007e90251c1dc0,0x00007e90a5000000)
 Metaspace       used 7402K, committed 7488K, reserved 8192K
}
Event: 2,927 GC heap after
{Heap after GC invocations=9 (full 4):
 PSYoungGen      total 917504K, used 192K [0x00007e90a5000000, 0x00007e90e5000000, 0x00007e90e5000000)
  eden space 786432K, 0% used [0x00007e90a5000000,0x00007e90a5000000,0x00007e90d5000000)
  from space 131072K, 0% used [0x00007e90d5000000,0x00007e90d5030000,0x00007e90dd000000)
  to   space 131072K, 0% used [0x00007e90dd000000,0x00007e90dd000000,0x00007e90e5000000)
 ParOldGen       total 2097152K, used 1799K [0x00007e9025000000, 0x00007e90a5000000, 0x00007e90a5000000)
  object space 2097152K, 0% used [0x00007e9025000000,0x00007e90251c1dc0,0x00007e90a5000000)
 Metaspace       used 7402K, committed 7488K, reserved 8192K
}
Event: 2,927 GC heap before
{Heap before GC invocations=10 (full 5):
 PSYoungGen      total 917504K, used 192K [0x00007e90a5000000, 0x00007e90e5000000, 0x00007e90e5000000)
  eden space 786432K, 0% used [0x00007e90a5000000,0x00007e90a5000000,0x00007e90d5000000)
  from space 131072K, 0% used [0x00007e90d5000000,0x00007e90d5030000,0x00007e90dd000000)
  to   space 131072K, 0% used [0x00007e90dd000000,0x00007e90dd000000,0x00007e90e5000000)
 ParOldGen       total 2097152K, used 1799K [0x00007e9025000000, 0x00007e90a5000000, 0x00007e90a5000000)
  object space 2097152K, 0% used [0x00007e9025000000,0x00007e90251c1dc0,0x00007e90a5000000)
 Metaspace       used 7402K, committed 7488K, reserved 8192K
}
Event: 3,106 GC heap after
{Heap after GC invocations=10 (full 5):
 PSYoungGen      total 917504K, used 0K [0x00007e90a5000000, 0x00007e90e5000000, 0x00007e90e5000000)
  eden space 786432K, 0% used [0x00007e90a5000000,0x00007e90a5000000,0x00007e90d5000000)
  from space 131072K, 0% used [0x00007e90d5000000,0x00007e90d5000000,0x00007e90dd000000)
  to   space 131072K, 0% used [0x00007e90dd000000,0x00007e90dd000000,0x00007e90e5000000)
 ParOldGen       total 2097152K, used 1945K [0x00007e9025000000, 0x00007e90a5000000, 0x00007e90a5000000)
  object space 2097152K, 0% used [0x00007e9025000000,0x00007e90251e6730,0x00007e90a5000000)
 Metaspace       used 7402K, committed 7488K, reserved 8192K
}
Event: 3,109 GC heap before
{Heap before GC invocations=11 (full 5):
 PSYoungGen      total 917504K, used 15728K [0x00007e90a5000000, 0x00007e90e5000000, 0x00007e90e5000000)
  eden space 786432K, 2% used [0x00007e90a5000000,0x00007e90a5f5c2c8,0x00007e90d5000000)
  from space 131072K, 0% used [0x00007e90d5000000,0x00007e90d5000000,0x00007e90dd000000)
  to   space 131072K, 0% used [0x00007e90dd000000,0x00007e90dd000000,0x00007e90e5000000)
 ParOldGen       total 2097152K, used 1945K [0x00007e9025000000, 0x00007e90a5000000, 0x00007e90a5000000)
  object space 2097152K, 0% used [0x00007e9025000000,0x00007e90251e6730,0x00007e90a5000000)
 Metaspace       used 7402K, committed 7488K, reserved 8192K
}
Event: 3,112 GC heap after
{Heap after GC invocations=11 (full 5):
 PSYoungGen      total 917504K, used 64K [0x00007e90a5000000, 0x00007e90e5000000, 0x00007e90e5000000)
  eden space 786432K, 0% used [0x00007e90a5000000,0x00007e90a5000000,0x00007e90d5000000)
  from space 131072K, 0% used [0x00007e90dd000000,0x00007e90dd010000,0x00007e90e5000000)
  to   space 131072K, 0% used [0x00007e90d5000000,0x00007e90d5000000,0x00007e90dd000000)
 ParOldGen       total 2097152K, used 1945K [0x00007e9025000000, 0x00007e90a5000000, 0x00007e90a5000000)
  object space 2097152K, 0% used [0x00007e9025000000,0x00007e90251e6730,0x00007e90a5000000)
 Metaspace       used 7402K, committed 7488K, reserved 8192K
}
Event: 3,112 GC heap before
{Heap before GC invocations=12 (full 6):
 PSYoungGen      total 917504K, used 64K [0x00007e90a5000000, 0x00007e90e5000000, 0x00007e90e5000000)
  eden space 786432K, 0% used [0x00007e90a5000000,0x00007e90a5000000,0x00007e90d5000000)
  from space 131072K, 0% used [0x00007e90dd000000,0x00007e90dd010000,0x00007e90e5000000)
  to   space 131072K, 0% used [0x00007e90d5000000,0x00007e90d5000000,0x00007e90dd000000)
 ParOldGen       total 2097152K, used 1945K [0x00007e9025000000, 0x00007e90a5000000, 0x00007e90a5000000)
  object space 2097152K, 0% used [0x00007e9025000000,0x00007e90251e6730,0x00007e90a5000000)
 Metaspace       used 7402K, committed 7488K, reserved 8192K
}
Event: 3,292 GC heap after
{Heap after GC invocations=12 (full 6):
 PSYoungGen      total 917504K, used 0K [0x00007e90a5000000, 0x00007e90e5000000, 0x00007e90e5000000)
  eden space 786432K, 0% used [0x00007e90a5000000,0x00007e90a5000000,0x00007e90d5000000)
  from space 131072K, 0% used [0x00007e90dd000000,0x00007e90dd000000,0x00007e90e5000000)
  to   space 131072K, 0% used [0x00007e90d5000000,0x00007e90d5000000,0x00007e90dd000000)
 ParOldGen       total 2097152K, used 1954K [0x00007e9025000000, 0x00007e90a5000000, 0x00007e90a5000000)
  object space 2097152K, 0% used [0x00007e9025000000,0x00007e90251e8a40,0x00007e90a5000000)
 Metaspace       used 7402K, committed 7488K, reserved 8192K
}

