# JRE version: OpenJDK Runtime Environment (17.0.6) (fastdebug build 17.0.6-internal+0-adhoc.konstdelis.jdk17u067)
# Java VM: OpenJDK 64-Bit Server VM (fastdebug 17.0.6-internal+0-adhoc.konstdelis.jdk17u067, mixed mode, tiered, parallel gc, linux-amd64)
GC Precious Log:
 CPUs: 32 total, 32 available
 Memory: 251G
 Large Page Support: Disabled
 NUMA Support: Disabled
 Compressed Oops: Disabled
 Alignments: Space 512K, Generation 512K, Heap 2M
 Heap Min Capacity: 3G
 Heap Initial Capacity: 3G
 Heap Max Capacity: 3G
 Pre-touch: Disabled
 Parallel Workers: 8
Heap:
 PSYoungGen      total 917504K, used 0K [0x00007f2015000000, 0x00007f2055000000, 0x00007f2055000000)
  eden space 786432K, 0% used [0x00007f2015000000,0x00007f2015000000,0x00007f2045000000)
  from space 131072K, 0% used [0x00007f204d000000,0x00007f204d000000,0x00007f2055000000)
  to   space 131072K, 0% used [0x00007f2045000000,0x00007f2045000000,0x00007f204d000000)
 ParOldGen       total 2097152K, used 1454K [0x00007f1f95000000, 0x00007f2015000000, 0x00007f2015000000)
  object space 2097152K, 0% used [0x00007f1f95000000,0x00007f1f9516ba30,0x00007f2015000000)
 Metaspace       used 7388K, committed 7488K, reserved 8192K
GC Heap History (20 events):
Event: 2,510 GC heap after
{Heap after GC invocations=2 (full 1):
 PSYoungGen      total 917504K, used 0K [0x00007f2015000000, 0x00007f2055000000, 0x00007f2055000000)
  eden space 786432K, 0% used [0x00007f2015000000,0x00007f2015000000,0x00007f2045000000)
  from space 131072K, 0% used [0x00007f2045000000,0x00007f2045000000,0x00007f204d000000)
  to   space 131072K, 0% used [0x00007f204d000000,0x00007f204d000000,0x00007f2055000000)
 ParOldGen       total 2097152K, used 1472K [0x00007f1f95000000, 0x00007f2015000000, 0x00007f2015000000)
  object space 2097152K, 0% used [0x00007f1f95000000,0x00007f1f95170140,0x00007f2015000000)
 Metaspace       used 7388K, committed 7488K, reserved 8192K
}
Event: 2,516 GC heap before
{Heap before GC invocations=3 (full 1):
 PSYoungGen      total 917504K, used 47186K [0x00007f2015000000, 0x00007f2055000000, 0x00007f2055000000)
  eden space 786432K, 6% used [0x00007f2015000000,0x00007f2017e14818,0x00007f2045000000)
  from space 131072K, 0% used [0x00007f2045000000,0x00007f2045000000,0x00007f204d000000)
  to   space 131072K, 0% used [0x00007f204d000000,0x00007f204d000000,0x00007f2055000000)
 ParOldGen       total 2097152K, used 1472K [0x00007f1f95000000, 0x00007f2015000000, 0x00007f2015000000)
  object space 2097152K, 0% used [0x00007f1f95000000,0x00007f1f95170140,0x00007f2015000000)
 Metaspace       used 7388K, committed 7488K, reserved 8192K
}
Event: 2,528 GC heap after
{Heap after GC invocations=3 (full 1):
 PSYoungGen      total 917504K, used 96K [0x00007f2015000000, 0x00007f2055000000, 0x00007f2055000000)
  eden space 786432K, 0% used [0x00007f2015000000,0x00007f2015000000,0x00007f2045000000)
  from space 131072K, 0% used [0x00007f204d000000,0x00007f204d018000,0x00007f2055000000)
  to   space 131072K, 0% used [0x00007f2045000000,0x00007f2045000000,0x00007f204d000000)
 ParOldGen       total 2097152K, used 1472K [0x00007f1f95000000, 0x00007f2015000000, 0x00007f2015000000)
  object space 2097152K, 0% used [0x00007f1f95000000,0x00007f1f95170140,0x00007f2015000000)
 Metaspace       used 7388K, committed 7488K, reserved 8192K
}
Event: 2,528 GC heap before
{Heap before GC invocations=4 (full 2):
 PSYoungGen      total 917504K, used 96K [0x00007f2015000000, 0x00007f2055000000, 0x00007f2055000000)
  eden space 786432K, 0% used [0x00007f2015000000,0x00007f2015000000,0x00007f2045000000)
  from space 131072K, 0% used [0x00007f204d000000,0x00007f204d018000,0x00007f2055000000)
  to   space 131072K, 0% used [0x00007f2045000000,0x00007f2045000000,0x00007f204d000000)
 ParOldGen       total 2097152K, used 1472K [0x00007f1f95000000, 0x00007f2015000000, 0x00007f2015000000)
  object space 2097152K, 0% used [0x00007f1f95000000,0x00007f1f95170140,0x00007f2015000000)
 Metaspace       used 7388K, committed 7488K, reserved 8192K
}
Event: 2,797 GC heap after
{Heap after GC invocations=4 (full 2):
 PSYoungGen      total 917504K, used 0K [0x00007f2015000000, 0x00007f2055000000, 0x00007f2055000000)
  eden space 786432K, 0% used [0x00007f2015000000,0x00007f2015000000,0x00007f2045000000)
  from space 131072K, 0% used [0x00007f204d000000,0x00007f204d000000,0x00007f2055000000)
  to   space 131072K, 0% used [0x00007f2045000000,0x00007f2045000000,0x00007f204d000000)
 ParOldGen       total 2097152K, used 1468K [0x00007f1f95000000, 0x00007f2015000000, 0x00007f2015000000)
  object space 2097152K, 0% used [0x00007f1f95000000,0x00007f1f9516f1c0,0x00007f2015000000)
 Metaspace       used 7388K, committed 7488K, reserved 8192K
}
Event: 2,799 GC heap before
{Heap before GC invocations=5 (full 2):
 PSYoungGen      total 917504K, used 15728K [0x00007f2015000000, 0x00007f2055000000, 0x00007f2055000000)
  eden space 786432K, 2% used [0x00007f2015000000,0x00007f2015f5c2c8,0x00007f2045000000)
  from space 131072K, 0% used [0x00007f204d000000,0x00007f204d000000,0x00007f2055000000)
  to   space 131072K, 0% used [0x00007f2045000000,0x00007f2045000000,0x00007f204d000000)
 ParOldGen       total 2097152K, used 1468K [0x00007f1f95000000, 0x00007f2015000000, 0x00007f2015000000)
  object space 2097152K, 0% used [0x00007f1f95000000,0x00007f1f9516f1c0,0x00007f2015000000)
 Metaspace       used 7388K, committed 7488K, reserved 8192K
}
Event: 2,802 GC heap after
{Heap after GC invocations=5 (full 2):
 PSYoungGen      total 917504K, used 0K [0x00007f2015000000, 0x00007f2055000000, 0x00007f2055000000)
  eden space 786432K, 0% used [0x00007f2015000000,0x00007f2015000000,0x00007f2045000000)
  from space 131072K, 0% used [0x00007f2045000000,0x00007f2045000000,0x00007f204d000000)
  to   space 131072K, 0% used [0x00007f204d000000,0x00007f204d000000,0x00007f2055000000)
 ParOldGen       total 2097152K, used 1468K [0x00007f1f95000000, 0x00007f2015000000, 0x00007f2015000000)
  object space 2097152K, 0% used [0x00007f1f95000000,0x00007f1f9516f1c0,0x00007f2015000000)
 Metaspace       used 7388K, committed 7488K, reserved 8192K
}
Event: 2,803 GC heap before
{Heap before GC invocations=6 (full 3):
 PSYoungGen      total 917504K, used 0K [0x00007f2015000000, 0x00007f2055000000, 0x00007f2055000000)
  eden space 786432K, 0% used [0x00007f2015000000,0x00007f2015000000,0x00007f2045000000)
  from space 131072K, 0% used [0x00007f2045000000,0x00007f2045000000,0x00007f204d000000)
  to   space 131072K, 0% used [0x00007f204d000000,0x00007f204d000000,0x00007f2055000000)
 ParOldGen       total 2097152K, used 1468K [0x00007f1f95000000, 0x00007f2015000000, 0x00007f2015000000)
  object space 2097152K, 0% used [0x00007f1f95000000,0x00007f1f9516f1c0,0x00007f2015000000)
 Metaspace       used 7388K, committed 7488K, reserved 8192K
}
Event: 2,830 GC heap after
{Heap after GC invocations=6 (full 3):
 PSYoungGen      total 917504K, used 0K [0x00007f2015000000, 0x00007f2055000000, 0x00007f2055000000)
  eden space 786432K, 0% used [0x00007f2015000000,0x00007f2015000000,0x00007f2045000000)
  from space 131072K, 0% used [0x00007f2045000000,0x00007f2045000000,0x00007f204d000000)
  to   space 131072K, 0% used [0x00007f204d000000,0x00007f204d000000,0x00007f2055000000)
 ParOldGen       total 2097152K, used 1467K [0x00007f1f95000000, 0x00007f2015000000, 0x00007f2015000000)
  object space 2097152K, 0% used [0x00007f1f95000000,0x00007f1f9516ed60,0x00007f2015000000)
 Metaspace       used 7388K, committed 7488K, reserved 8192K
}
Event: 2,832 GC heap before
{Heap before GC invocations=7 (full 3):
 PSYoungGen      total 917504K, used 15728K [0x00007f2015000000, 0x00007f2055000000, 0x00007f2055000000)
  eden space 786432K, 2% used [0x00007f2015000000,0x00007f2015f5c2c8,0x00007f2045000000)
  from space 131072K, 0% used [0x00007f2045000000,0x00007f2045000000,0x00007f204d000000)
  to   space 131072K, 0% used [0x00007f204d000000,0x00007f204d000000,0x00007f2055000000)
 ParOldGen       total 2097152K, used 1467K [0x00007f1f95000000, 0x00007f2015000000, 0x00007f2015000000)
  object space 2097152K, 0% used [0x00007f1f95000000,0x00007f1f9516ed60,0x00007f2015000000)
 Metaspace       used 7388K, committed 7488K, reserved 8192K
}
Event: 2,836 GC heap after
{Heap after GC invocations=7 (full 3):
 PSYoungGen      total 917504K, used 0K [0x00007f2015000000, 0x00007f2055000000, 0x00007f2055000000)
  eden space 786432K, 0% used [0x00007f2015000000,0x00007f2015000000,0x00007f2045000000)
  from space 131072K, 0% used [0x00007f204d000000,0x00007f204d000000,0x00007f2055000000)
  to   space 131072K, 0% used [0x00007f2045000000,0x00007f2045000000,0x00007f204d000000)
 ParOldGen       total 2097152K, used 1467K [0x00007f1f95000000, 0x00007f2015000000, 0x00007f2015000000)
  object space 2097152K, 0% used [0x00007f1f95000000,0x00007f1f9516ed60,0x00007f2015000000)
 Metaspace       used 7388K, committed 7488K, reserved 8192K
}
Event: 2,836 GC heap before
{Heap before GC invocations=8 (full 4):
 PSYoungGen      total 917504K, used 0K [0x00007f2015000000, 0x00007f2055000000, 0x00007f2055000000)
  eden space 786432K, 0% used [0x00007f2015000000,0x00007f2015000000,0x00007f2045000000)
  from space 131072K, 0% used [0x00007f204d000000,0x00007f204d000000,0x00007f2055000000)
  to   space 131072K, 0% used [0x00007f2045000000,0x00007f2045000000,0x00007f204d000000)
 ParOldGen       total 2097152K, used 1467K [0x00007f1f95000000, 0x00007f2015000000, 0x00007f2015000000)
  object space 2097152K, 0% used [0x00007f1f95000000,0x00007f1f9516ed60,0x00007f2015000000)
 Metaspace       used 7388K, committed 7488K, reserved 8192K
}
Event: 3,066 GC heap after
{Heap after GC invocations=8 (full 4):
 PSYoungGen      total 917504K, used 0K [0x00007f2015000000, 0x00007f2055000000, 0x00007f2055000000)
  eden space 786432K, 0% used [0x00007f2015000000,0x00007f2015000000,0x00007f2045000000)
  from space 131072K, 0% used [0x00007f204d000000,0x00007f204d000000,0x00007f2055000000)
  to   space 131072K, 0% used [0x00007f2045000000,0x00007f2045000000,0x00007f204d000000)
 ParOldGen       total 2097152K, used 1469K [0x00007f1f95000000, 0x00007f2015000000, 0x00007f2015000000)
  object space 2097152K, 0% used [0x00007f1f95000000,0x00007f1f9516f620,0x00007f2015000000)
 Metaspace       used 7388K, committed 7488K, reserved 8192K
}
Event: 3,069 GC heap before
{Heap before GC invocations=9 (full 4):
 PSYoungGen      total 917504K, used 15728K [0x00007f2015000000, 0x00007f2055000000, 0x00007f2055000000)
  eden space 786432K, 2% used [0x00007f2015000000,0x00007f2015f5c2c8,0x00007f2045000000)
  from space 131072K, 0% used [0x00007f204d000000,0x00007f204d000000,0x00007f2055000000)
  to   space 131072K, 0% used [0x00007f2045000000,0x00007f2045000000,0x00007f204d000000)
 ParOldGen       total 2097152K, used 1469K [0x00007f1f95000000, 0x00007f2015000000, 0x00007f2015000000)
  object space 2097152K, 0% used [0x00007f1f95000000,0x00007f1f9516f620,0x00007f2015000000)
 Metaspace       used 7388K, committed 7488K, reserved 8192K
}
Event: 3,072 GC heap after
{Heap after GC invocations=9 (full 4):
 PSYoungGen      total 917504K, used 160K [0x00007f2015000000, 0x00007f2055000000, 0x00007f2055000000)
  eden space 786432K, 0% used [0x00007f2015000000,0x00007f2015000000,0x00007f2045000000)
  from space 131072K, 0% used [0x00007f2045000000,0x00007f2045028000,0x00007f204d000000)
  to   space 131072K, 0% used [0x00007f204d000000,0x00007f204d000000,0x00007f2055000000)
 ParOldGen       total 2097152K, used 1469K [0x00007f1f95000000, 0x00007f2015000000, 0x00007f2015000000)
  object space 2097152K, 0% used [0x00007f1f95000000,0x00007f1f9516f620,0x00007f2015000000)
 Metaspace       used 7388K, committed 7488K, reserved 8192K
}
Event: 3,072 GC heap before
{Heap before GC invocations=10 (full 5):
 PSYoungGen      total 917504K, used 160K [0x00007f2015000000, 0x00007f2055000000, 0x00007f2055000000)
  eden space 786432K, 0% used [0x00007f2015000000,0x00007f2015000000,0x00007f2045000000)
  from space 131072K, 0% used [0x00007f2045000000,0x00007f2045028000,0x00007f204d000000)
  to   space 131072K, 0% used [0x00007f204d000000,0x00007f204d000000,0x00007f2055000000)
 ParOldGen       total 2097152K, used 1469K [0x00007f1f95000000, 0x00007f2015000000, 0x00007f2015000000)
  object space 2097152K, 0% used [0x00007f1f95000000,0x00007f1f9516f620,0x00007f2015000000)
 Metaspace       used 7388K, committed 7488K, reserved 8192K
}
Event: 3,105 GC heap after
{Heap after GC invocations=10 (full 5):
 PSYoungGen      total 917504K, used 0K [0x00007f2015000000, 0x00007f2055000000, 0x00007f2055000000)
  eden space 786432K, 0% used [0x00007f2015000000,0x00007f2015000000,0x00007f2045000000)
  from space 131072K, 0% used [0x00007f2045000000,0x00007f2045000000,0x00007f204d000000)
  to   space 131072K, 0% used [0x00007f204d000000,0x00007f204d000000,0x00007f2055000000)
 ParOldGen       total 2097152K, used 1454K [0x00007f1f95000000, 0x00007f2015000000, 0x00007f2015000000)
  object space 2097152K, 0% used [0x00007f1f95000000,0x00007f1f9516ba30,0x00007f2015000000)
 Metaspace       used 7388K, committed 7488K, reserved 8192K
}
Event: 3,107 GC heap before
{Heap before GC invocations=11 (full 5):
 PSYoungGen      total 917504K, used 15728K [0x00007f2015000000, 0x00007f2055000000, 0x00007f2055000000)
  eden space 786432K, 2% used [0x00007f2015000000,0x00007f2015f5c2c8,0x00007f2045000000)
  from space 131072K, 0% used [0x00007f2045000000,0x00007f2045000000,0x00007f204d000000)
  to   space 131072K, 0% used [0x00007f204d000000,0x00007f204d000000,0x00007f2055000000)
 ParOldGen       total 2097152K, used 1454K [0x00007f1f95000000, 0x00007f2015000000, 0x00007f2015000000)
  object space 2097152K, 0% used [0x00007f1f95000000,0x00007f1f9516ba30,0x00007f2015000000)
 Metaspace       used 7388K, committed 7488K, reserved 8192K
}
Event: 3,111 GC heap after
{Heap after GC invocations=11 (full 5):
 PSYoungGen      total 917504K, used 0K [0x00007f2015000000, 0x00007f2055000000, 0x00007f2055000000)
  eden space 786432K, 0% used [0x00007f2015000000,0x00007f2015000000,0x00007f2045000000)
  from space 131072K, 0% used [0x00007f204d000000,0x00007f204d000000,0x00007f2055000000)
  to   space 131072K, 0% used [0x00007f2045000000,0x00007f2045000000,0x00007f204d000000)
 ParOldGen       total 2097152K, used 1454K [0x00007f1f95000000, 0x00007f2015000000, 0x00007f2015000000)
  object space 2097152K, 0% used [0x00007f1f95000000,0x00007f1f9516ba30,0x00007f2015000000)
 Metaspace       used 7388K, committed 7488K, reserved 8192K
}
Event: 3,111 GC heap before
{Heap before GC invocations=12 (full 6):
 PSYoungGen      total 917504K, used 0K [0x00007f2015000000, 0x00007f2055000000, 0x00007f2055000000)
  eden space 786432K, 0% used [0x00007f2015000000,0x00007f2015000000,0x00007f2045000000)
  from space 131072K, 0% used [0x00007f204d000000,0x00007f204d000000,0x00007f2055000000)
  to   space 131072K, 0% used [0x00007f2045000000,0x00007f2045000000,0x00007f204d000000)
 ParOldGen       total 2097152K, used 1454K [0x00007f1f95000000, 0x00007f2015000000, 0x00007f2015000000)
  object space 2097152K, 0% used [0x00007f1f95000000,0x00007f1f9516ba30,0x00007f2015000000)
 Metaspace       used 7388K, committed 7488K, reserved 8192K
}

