# JRE version: OpenJDK Runtime Environment (17.0.6) (build 17.0.6-internal+0-adhoc.konstdelis.jdk17u067)
# Java VM: OpenJDK 64-Bit Server VM (17.0.6-internal+0-adhoc.konstdelis.jdk17u067, mixed mode, tiered, parallel gc, linux-amd64)
GC Precious Log:
 CPUs: 32 total, 32 available
 Memory: 251G
 Large Page Support: Disabled
 NUMA Support: Disabled
 Compressed Oops: Disabled
 Alignments: Space 512K, Generation 512K, Heap 2M
 Heap Min Capacity: 1G
 Heap Initial Capacity: 1G
 Heap Max Capacity: 1G
 Pre-touch: Disabled
 Parallel Workers: 4
Heap:
 PSYoungGen      total 305664K, used 43520K [0x00007eb0c7b00000, 0x00007eb0dd000000, 0x00007eb0dd000000)
  eden space 262144K, 0% used [0x00007eb0c7b00000,0x00007eb0c7b00000,0x00007eb0d7b00000)
  from space 43520K, 100% used [0x00007eb0da580000,0x00007eb0dd000000,0x00007eb0dd000000)
  to   space 43520K, 0% used [0x00007eb0d7b00000,0x00007eb0d7b00000,0x00007eb0da580000)
 ParOldGen       total 699392K, used 540634K [0x00007eb09d000000, 0x00007eb0c7b00000, 0x00007eb0c7b00000)
  object space 699392K, 77% used [0x00007eb09d000000,0x00007eb0bdff6980,0x00007eb0c7b00000)
 Metaspace       used 6444K, committed 6528K, reserved 8192K
GC Heap History (20 events):
Event: 1,275 GC heap after
{Heap after GC invocations=2 (full 1):
 PSYoungGen      total 305664K, used 0K [0x00007eb0c7b00000, 0x00007eb0dd000000, 0x00007eb0dd000000)
  eden space 262144K, 0% used [0x00007eb0c7b00000,0x00007eb0c7b00000,0x00007eb0d7b00000)
  from space 43520K, 0% used [0x00007eb0d7b00000,0x00007eb0d7b00000,0x00007eb0da580000)
  to   space 43520K, 0% used [0x00007eb0da580000,0x00007eb0da580000,0x00007eb0dd000000)
 ParOldGen       total 699392K, used 158293K [0x00007eb09d000000, 0x00007eb0c7b00000, 0x00007eb0c7b00000)
  object space 699392K, 22% used [0x00007eb09d000000,0x00007eb0a6a95408,0x00007eb0c7b00000)
 Metaspace       used 6444K, committed 6528K, reserved 8192K
}
Event: 1,526 GC heap before
{Heap before GC invocations=3 (full 1):
 PSYoungGen      total 305664K, used 197472K [0x00007eb0c7b00000, 0x00007eb0dd000000, 0x00007eb0dd000000)
  eden space 262144K, 75% used [0x00007eb0c7b00000,0x00007eb0d3bd8040,0x00007eb0d7b00000)
  from space 43520K, 0% used [0x00007eb0d7b00000,0x00007eb0d7b00000,0x00007eb0da580000)
  to   space 43520K, 0% used [0x00007eb0da580000,0x00007eb0da580000,0x00007eb0dd000000)
 ParOldGen       total 699392K, used 158293K [0x00007eb09d000000, 0x00007eb0c7b00000, 0x00007eb0c7b00000)
  object space 699392K, 22% used [0x00007eb09d000000,0x00007eb0a6a95408,0x00007eb0c7b00000)
 Metaspace       used 6444K, committed 6528K, reserved 8192K
}
Event: 1,738 GC heap after
{Heap after GC invocations=3 (full 1):
 PSYoungGen      total 305664K, used 43520K [0x00007eb0c7b00000, 0x00007eb0dd000000, 0x00007eb0dd000000)
  eden space 262144K, 0% used [0x00007eb0c7b00000,0x00007eb0c7b00000,0x00007eb0d7b00000)
  from space 43520K, 100% used [0x00007eb0da580000,0x00007eb0dd000000,0x00007eb0dd000000)
  to   space 43520K, 0% used [0x00007eb0d7b00000,0x00007eb0d7b00000,0x00007eb0da580000)
 ParOldGen       total 699392K, used 343445K [0x00007eb09d000000, 0x00007eb0c7b00000, 0x00007eb0c7b00000)
  object space 699392K, 49% used [0x00007eb09d000000,0x00007eb0b1f65448,0x00007eb0c7b00000)
 Metaspace       used 6444K, committed 6528K, reserved 8192K
}
Event: 1,739 GC heap before
{Heap before GC invocations=4 (full 2):
 PSYoungGen      total 305664K, used 43520K [0x00007eb0c7b00000, 0x00007eb0dd000000, 0x00007eb0dd000000)
  eden space 262144K, 0% used [0x00007eb0c7b00000,0x00007eb0c7b00000,0x00007eb0d7b00000)
  from space 43520K, 100% used [0x00007eb0da580000,0x00007eb0dd000000,0x00007eb0dd000000)
  to   space 43520K, 0% used [0x00007eb0d7b00000,0x00007eb0d7b00000,0x00007eb0da580000)
 ParOldGen       total 699392K, used 343445K [0x00007eb09d000000, 0x00007eb0c7b00000, 0x00007eb0c7b00000)
  object space 699392K, 49% used [0x00007eb09d000000,0x00007eb0b1f65448,0x00007eb0c7b00000)
 Metaspace       used 6444K, committed 6528K, reserved 8192K
}
Event: 2,713 GC heap after
{Heap after GC invocations=4 (full 2):
 PSYoungGen      total 305664K, used 0K [0x00007eb0c7b00000, 0x00007eb0dd000000, 0x00007eb0dd000000)
  eden space 262144K, 0% used [0x00007eb0c7b00000,0x00007eb0c7b00000,0x00007eb0d7b00000)
  from space 43520K, 0% used [0x00007eb0da580000,0x00007eb0da580000,0x00007eb0dd000000)
  to   space 43520K, 0% used [0x00007eb0d7b00000,0x00007eb0d7b00000,0x00007eb0da580000)
 ParOldGen       total 699392K, used 223920K [0x00007eb09d000000, 0x00007eb0c7b00000, 0x00007eb0c7b00000)
  object space 699392K, 32% used [0x00007eb09d000000,0x00007eb0aaaac3a0,0x00007eb0c7b00000)
 Metaspace       used 6444K, committed 6528K, reserved 8192K
}
Event: 2,822 GC heap before
{Heap before GC invocations=5 (full 2):
 PSYoungGen      total 305664K, used 10065K [0x00007eb0c7b00000, 0x00007eb0dd000000, 0x00007eb0dd000000)
  eden space 262144K, 3% used [0x00007eb0c7b00000,0x00007eb0c84d4538,0x00007eb0d7b00000)
  from space 43520K, 0% used [0x00007eb0da580000,0x00007eb0da580000,0x00007eb0dd000000)
  to   space 43520K, 0% used [0x00007eb0d7b00000,0x00007eb0d7b00000,0x00007eb0da580000)
 ParOldGen       total 699392K, used 223920K [0x00007eb09d000000, 0x00007eb0c7b00000, 0x00007eb0c7b00000)
  object space 699392K, 32% used [0x00007eb09d000000,0x00007eb0aaaac3a0,0x00007eb0c7b00000)
 Metaspace       used 6444K, committed 6528K, reserved 8192K
}
Event: 2,823 GC heap after
{Heap after GC invocations=5 (full 2):
 PSYoungGen      total 305664K, used 32K [0x00007eb0c7b00000, 0x00007eb0dd000000, 0x00007eb0dd000000)
  eden space 262144K, 0% used [0x00007eb0c7b00000,0x00007eb0c7b00000,0x00007eb0d7b00000)
  from space 43520K, 0% used [0x00007eb0d7b00000,0x00007eb0d7b08000,0x00007eb0da580000)
  to   space 43520K, 0% used [0x00007eb0da580000,0x00007eb0da580000,0x00007eb0dd000000)
 ParOldGen       total 699392K, used 223920K [0x00007eb09d000000, 0x00007eb0c7b00000, 0x00007eb0c7b00000)
  object space 699392K, 32% used [0x00007eb09d000000,0x00007eb0aaaac3a0,0x00007eb0c7b00000)
 Metaspace       used 6444K, committed 6528K, reserved 8192K
}
Event: 2,823 GC heap before
{Heap before GC invocations=6 (full 3):
 PSYoungGen      total 305664K, used 32K [0x00007eb0c7b00000, 0x00007eb0dd000000, 0x00007eb0dd000000)
  eden space 262144K, 0% used [0x00007eb0c7b00000,0x00007eb0c7b00000,0x00007eb0d7b00000)
  from space 43520K, 0% used [0x00007eb0d7b00000,0x00007eb0d7b08000,0x00007eb0da580000)
  to   space 43520K, 0% used [0x00007eb0da580000,0x00007eb0da580000,0x00007eb0dd000000)
 ParOldGen       total 699392K, used 223920K [0x00007eb09d000000, 0x00007eb0c7b00000, 0x00007eb0c7b00000)
  object space 699392K, 32% used [0x00007eb09d000000,0x00007eb0aaaac3a0,0x00007eb0c7b00000)
 Metaspace       used 6444K, committed 6528K, reserved 8192K
}
Event: 3,715 GC heap after
{Heap after GC invocations=6 (full 3):
 PSYoungGen      total 305664K, used 0K [0x00007eb0c7b00000, 0x00007eb0dd000000, 0x00007eb0dd000000)
  eden space 262144K, 0% used [0x00007eb0c7b00000,0x00007eb0c7b00000,0x00007eb0d7b00000)
  from space 43520K, 0% used [0x00007eb0d7b00000,0x00007eb0d7b00000,0x00007eb0da580000)
  to   space 43520K, 0% used [0x00007eb0da580000,0x00007eb0da580000,0x00007eb0dd000000)
 ParOldGen       total 699392K, used 323025K [0x00007eb09d000000, 0x00007eb0c7b00000, 0x00007eb0c7b00000)
  object space 699392K, 46% used [0x00007eb09d000000,0x00007eb0b0b744f8,0x00007eb0c7b00000)
 Metaspace       used 6444K, committed 6528K, reserved 8192K
}
Event: 3,875 GC heap before
{Heap before GC invocations=7 (full 3):
 PSYoungGen      total 305664K, used 150979K [0x00007eb0c7b00000, 0x00007eb0dd000000, 0x00007eb0dd000000)
  eden space 262144K, 57% used [0x00007eb0c7b00000,0x00007eb0d0e70d50,0x00007eb0d7b00000)
  from space 43520K, 0% used [0x00007eb0d7b00000,0x00007eb0d7b00000,0x00007eb0da580000)
  to   space 43520K, 0% used [0x00007eb0da580000,0x00007eb0da580000,0x00007eb0dd000000)
 ParOldGen       total 699392K, used 323025K [0x00007eb09d000000, 0x00007eb0c7b00000, 0x00007eb0c7b00000)
  object space 699392K, 46% used [0x00007eb09d000000,0x00007eb0b0b744f8,0x00007eb0c7b00000)
 Metaspace       used 6444K, committed 6528K, reserved 8192K
}
Event: 4,042 GC heap after
{Heap after GC invocations=7 (full 3):
 PSYoungGen      total 305664K, used 43520K [0x00007eb0c7b00000, 0x00007eb0dd000000, 0x00007eb0dd000000)
  eden space 262144K, 0% used [0x00007eb0c7b00000,0x00007eb0c7b00000,0x00007eb0d7b00000)
  from space 43520K, 100% used [0x00007eb0da580000,0x00007eb0dd000000,0x00007eb0dd000000)
  to   space 43520K, 0% used [0x00007eb0d7b00000,0x00007eb0d7b00000,0x00007eb0da580000)
 ParOldGen       total 699392K, used 428737K [0x00007eb09d000000, 0x00007eb0c7b00000, 0x00007eb0c7b00000)
  object space 699392K, 61% used [0x00007eb09d000000,0x00007eb0b72b04f8,0x00007eb0c7b00000)
 Metaspace       used 6444K, committed 6528K, reserved 8192K
}
Event: 4,042 GC heap before
{Heap before GC invocations=8 (full 4):
 PSYoungGen      total 305664K, used 43520K [0x00007eb0c7b00000, 0x00007eb0dd000000, 0x00007eb0dd000000)
  eden space 262144K, 0% used [0x00007eb0c7b00000,0x00007eb0c7b00000,0x00007eb0d7b00000)
  from space 43520K, 100% used [0x00007eb0da580000,0x00007eb0dd000000,0x00007eb0dd000000)
  to   space 43520K, 0% used [0x00007eb0d7b00000,0x00007eb0d7b00000,0x00007eb0da580000)
 ParOldGen       total 699392K, used 428737K [0x00007eb09d000000, 0x00007eb0c7b00000, 0x00007eb0c7b00000)
  object space 699392K, 61% used [0x00007eb09d000000,0x00007eb0b72b04f8,0x00007eb0c7b00000)
 Metaspace       used 6444K, committed 6528K, reserved 8192K
}
Event: 5,341 GC heap after
{Heap after GC invocations=8 (full 4):
 PSYoungGen      total 305664K, used 0K [0x00007eb0c7b00000, 0x00007eb0dd000000, 0x00007eb0dd000000)
  eden space 262144K, 0% used [0x00007eb0c7b00000,0x00007eb0c7b00000,0x00007eb0d7b00000)
  from space 43520K, 0% used [0x00007eb0da580000,0x00007eb0da580000,0x00007eb0dd000000)
  to   space 43520K, 0% used [0x00007eb0d7b00000,0x00007eb0d7b00000,0x00007eb0da580000)
 ParOldGen       total 699392K, used 338350K [0x00007eb09d000000, 0x00007eb0c7b00000, 0x00007eb0c7b00000)
  object space 699392K, 48% used [0x00007eb09d000000,0x00007eb0b1a6bb70,0x00007eb0c7b00000)
 Metaspace       used 6444K, committed 6528K, reserved 8192K
}
Event: 5,677 GC heap before
{Heap before GC invocations=9 (full 4):
 PSYoungGen      total 305664K, used 237061K [0x00007eb0c7b00000, 0x00007eb0dd000000, 0x00007eb0dd000000)
  eden space 262144K, 90% used [0x00007eb0c7b00000,0x00007eb0d6281770,0x00007eb0d7b00000)
  from space 43520K, 0% used [0x00007eb0da580000,0x00007eb0da580000,0x00007eb0dd000000)
  to   space 43520K, 0% used [0x00007eb0d7b00000,0x00007eb0d7b00000,0x00007eb0da580000)
 ParOldGen       total 699392K, used 338350K [0x00007eb09d000000, 0x00007eb0c7b00000, 0x00007eb0c7b00000)
  object space 699392K, 48% used [0x00007eb09d000000,0x00007eb0b1a6bb70,0x00007eb0c7b00000)
 Metaspace       used 6444K, committed 6528K, reserved 8192K
}
Event: 5,923 GC heap after
{Heap after GC invocations=9 (full 4):
 PSYoungGen      total 305664K, used 43520K [0x00007eb0c7b00000, 0x00007eb0dd000000, 0x00007eb0dd000000)
  eden space 262144K, 0% used [0x00007eb0c7b00000,0x00007eb0c7b00000,0x00007eb0d7b00000)
  from space 43520K, 100% used [0x00007eb0d7b00000,0x00007eb0da580000,0x00007eb0da580000)
  to   space 43520K, 0% used [0x00007eb0da580000,0x00007eb0da580000,0x00007eb0dd000000)
 ParOldGen       total 699392K, used 532454K [0x00007eb09d000000, 0x00007eb0c7b00000, 0x00007eb0c7b00000)
  object space 699392K, 76% used [0x00007eb09d000000,0x00007eb0bd7f9b90,0x00007eb0c7b00000)
 Metaspace       used 6444K, committed 6528K, reserved 8192K
}
Event: 5,923 GC heap before
{Heap before GC invocations=10 (full 5):
 PSYoungGen      total 305664K, used 43520K [0x00007eb0c7b00000, 0x00007eb0dd000000, 0x00007eb0dd000000)
  eden space 262144K, 0% used [0x00007eb0c7b00000,0x00007eb0c7b00000,0x00007eb0d7b00000)
  from space 43520K, 100% used [0x00007eb0d7b00000,0x00007eb0da580000,0x00007eb0da580000)
  to   space 43520K, 0% used [0x00007eb0da580000,0x00007eb0da580000,0x00007eb0dd000000)
 ParOldGen       total 699392K, used 532454K [0x00007eb09d000000, 0x00007eb0c7b00000, 0x00007eb0c7b00000)
  object space 699392K, 76% used [0x00007eb09d000000,0x00007eb0bd7f9b90,0x00007eb0c7b00000)
 Metaspace       used 6444K, committed 6528K, reserved 8192K
}
Event: 7,614 GC heap after
{Heap after GC invocations=10 (full 5):
 PSYoungGen      total 305664K, used 0K [0x00007eb0c7b00000, 0x00007eb0dd000000, 0x00007eb0dd000000)
  eden space 262144K, 0% used [0x00007eb0c7b00000,0x00007eb0c7b00000,0x00007eb0d7b00000)
  from space 43520K, 0% used [0x00007eb0d7b00000,0x00007eb0d7b00000,0x00007eb0da580000)
  to   space 43520K, 0% used [0x00007eb0da580000,0x00007eb0da580000,0x00007eb0dd000000)
 ParOldGen       total 699392K, used 442778K [0x00007eb09d000000, 0x00007eb0c7b00000, 0x00007eb0c7b00000)
  object space 699392K, 63% used [0x00007eb09d000000,0x00007eb0b8066980,0x00007eb0c7b00000)
 Metaspace       used 6444K, committed 6528K, reserved 8192K
}
Event: 7,924 GC heap before
{Heap before GC invocations=11 (full 5):
 PSYoungGen      total 305664K, used 152249K [0x00007eb0c7b00000, 0x00007eb0dd000000, 0x00007eb0dd000000)
  eden space 262144K, 58% used [0x00007eb0c7b00000,0x00007eb0d0fae730,0x00007eb0d7b00000)
  from space 43520K, 0% used [0x00007eb0d7b00000,0x00007eb0d7b00000,0x00007eb0da580000)
  to   space 43520K, 0% used [0x00007eb0da580000,0x00007eb0da580000,0x00007eb0dd000000)
 ParOldGen       total 699392K, used 442778K [0x00007eb09d000000, 0x00007eb0c7b00000, 0x00007eb0c7b00000)
  object space 699392K, 63% used [0x00007eb09d000000,0x00007eb0b8066980,0x00007eb0c7b00000)
 Metaspace       used 6444K, committed 6528K, reserved 8192K
}
Event: 8,154 GC heap after
{Heap after GC invocations=11 (full 5):
 PSYoungGen      total 305664K, used 43520K [0x00007eb0c7b00000, 0x00007eb0dd000000, 0x00007eb0dd000000)
  eden space 262144K, 0% used [0x00007eb0c7b00000,0x00007eb0c7b00000,0x00007eb0d7b00000)
  from space 43520K, 100% used [0x00007eb0da580000,0x00007eb0dd000000,0x00007eb0dd000000)
  to   space 43520K, 0% used [0x00007eb0d7b00000,0x00007eb0d7b00000,0x00007eb0da580000)
 ParOldGen       total 699392K, used 540634K [0x00007eb09d000000, 0x00007eb0c7b00000, 0x00007eb0c7b00000)
  object space 699392K, 77% used [0x00007eb09d000000,0x00007eb0bdff6980,0x00007eb0c7b00000)
 Metaspace       used 6444K, committed 6528K, reserved 8192K
}
Event: 8,154 GC heap before
{Heap before GC invocations=12 (full 6):
 PSYoungGen      total 305664K, used 43520K [0x00007eb0c7b00000, 0x00007eb0dd000000, 0x00007eb0dd000000)
  eden space 262144K, 0% used [0x00007eb0c7b00000,0x00007eb0c7b00000,0x00007eb0d7b00000)
  from space 43520K, 100% used [0x00007eb0da580000,0x00007eb0dd000000,0x00007eb0dd000000)
  to   space 43520K, 0% used [0x00007eb0d7b00000,0x00007eb0d7b00000,0x00007eb0da580000)
 ParOldGen       total 699392K, used 540634K [0x00007eb09d000000, 0x00007eb0c7b00000, 0x00007eb0c7b00000)
  object space 699392K, 77% used [0x00007eb09d000000,0x00007eb0bdff6980,0x00007eb0c7b00000)
 Metaspace       used 6444K, committed 6528K, reserved 8192K
}

