# JRE version: OpenJDK Runtime Environment (17.0.6) (build 17.0.6-internal+0-adhoc.konstdelis.jdk17u067)
# Java VM: OpenJDK 64-Bit Server VM (17.0.6-internal+0-adhoc.konstdelis.jdk17u067, mixed mode, tiered, parallel gc, linux-amd64)
GC Precious Log:
 CPUs: 32 total, 32 available
 Memory: 251G
 Large Page Support: Disabled
 NUMA Support: Disabled
 Compressed Oops: Disabled
 Alignments: Space 512K, Generation 512K, Heap 2M
 Heap Min Capacity: 1G
 Heap Initial Capacity: 1G
 Heap Max Capacity: 1G
 Pre-touch: Disabled
 Parallel Workers: 8
Heap:
 PSYoungGen      total 305664K, used 2K [0x00007ebc97b00000, 0x00007ebcad000000, 0x00007ebcad000000)
  eden space 262144K, 0% used [0x00007ebc97b00000,0x00007ebc97b00b20,0x00007ebca7b00000)
  from space 43520K, 0% used [0x00007ebcaa580000,0x00007ebcaa580000,0x00007ebcad000000)
  to   space 43520K, 0% used [0x00007ebca7b00000,0x00007ebca7b00000,0x00007ebcaa580000)
 ParOldGen       total 578048K, used 1230K [0x00007ebc6d000000, 0x00007ebc90480000, 0x00007ebc97b00000)
  object space 578048K, 0% used [0x00007ebc6d000000,0x00007ebc6d133850,0x00007ebc90480000)
 Metaspace       used 6431K, committed 6528K, reserved 8192K
GC Heap History (20 events):
Event: 72,491 GC heap before
{Heap before GC invocations=40 (full 36):
 PSYoungGen      total 305664K, used 262143K [0x00007ebc97b00000, 0x00007ebcad000000, 0x00007ebcad000000)
  eden space 262144K, 99% used [0x00007ebc97b00000,0x00007ebca7affff0,0x00007ebca7b00000)
  from space 43520K, 0% used [0x00007ebcaa580000,0x00007ebcaa580000,0x00007ebcad000000)
  to   space 43520K, 0% used [0x00007ebca7b00000,0x00007ebca7b00000,0x00007ebcaa580000)
 ParOldGen       total 699392K, used 699262K [0x00007ebc6d000000, 0x00007ebc97b00000, 0x00007ebc97b00000)
  object space 699392K, 99% used [0x00007ebc6d000000,0x00007ebc97adfb80,0x00007ebc97b00000)
 Metaspace       used 6428K, committed 6528K, reserved 8192K
}
Event: 74,275 GC heap after
{Heap after GC invocations=40 (full 36):
 PSYoungGen      total 305664K, used 262143K [0x00007ebc97b00000, 0x00007ebcad000000, 0x00007ebcad000000)
  eden space 262144K, 99% used [0x00007ebc97b00000,0x00007ebca7afff48,0x00007ebca7b00000)
  from space 43520K, 0% used [0x00007ebca7b00000,0x00007ebca7b00000,0x00007ebcaa580000)
  to   space 43520K, 0% used [0x00007ebcaa580000,0x00007ebcaa580000,0x00007ebcad000000)
 ParOldGen       total 699392K, used 699262K [0x00007ebc6d000000, 0x00007ebc97b00000, 0x00007ebc97b00000)
  object space 699392K, 99% used [0x00007ebc6d000000,0x00007ebc97adfb80,0x00007ebc97b00000)
 Metaspace       used 6428K, committed 6528K, reserved 8192K
}
Event: 74,275 GC heap before
{Heap before GC invocations=41 (full 37):
 PSYoungGen      total 305664K, used 262143K [0x00007ebc97b00000, 0x00007ebcad000000, 0x00007ebcad000000)
  eden space 262144K, 99% used [0x00007ebc97b00000,0x00007ebca7afffe0,0x00007ebca7b00000)
  from space 43520K, 0% used [0x00007ebca7b00000,0x00007ebca7b00000,0x00007ebcaa580000)
  to   space 43520K, 0% used [0x00007ebcaa580000,0x00007ebcaa580000,0x00007ebcad000000)
 ParOldGen       total 699392K, used 699262K [0x00007ebc6d000000, 0x00007ebc97b00000, 0x00007ebc97b00000)
  object space 699392K, 99% used [0x00007ebc6d000000,0x00007ebc97adfb80,0x00007ebc97b00000)
 Metaspace       used 6428K, committed 6528K, reserved 8192K
}
Event: 76,070 GC heap after
{Heap after GC invocations=41 (full 37):
 PSYoungGen      total 305664K, used 262143K [0x00007ebc97b00000, 0x00007ebcad000000, 0x00007ebcad000000)
  eden space 262144K, 99% used [0x00007ebc97b00000,0x00007ebca7afffa8,0x00007ebca7b00000)
  from space 43520K, 0% used [0x00007ebcaa580000,0x00007ebcaa580000,0x00007ebcad000000)
  to   space 43520K, 0% used [0x00007ebca7b00000,0x00007ebca7b00000,0x00007ebcaa580000)
 ParOldGen       total 699392K, used 699262K [0x00007ebc6d000000, 0x00007ebc97b00000, 0x00007ebc97b00000)
  object space 699392K, 99% used [0x00007ebc6d000000,0x00007ebc97adfb80,0x00007ebc97b00000)
 Metaspace       used 6428K, committed 6528K, reserved 8192K
}
Event: 76,070 GC heap before
{Heap before GC invocations=42 (full 38):
 PSYoungGen      total 305664K, used 262143K [0x00007ebc97b00000, 0x00007ebcad000000, 0x00007ebcad000000)
  eden space 262144K, 99% used [0x00007ebc97b00000,0x00007ebca7afffd0,0x00007ebca7b00000)
  from space 43520K, 0% used [0x00007ebcaa580000,0x00007ebcaa580000,0x00007ebcad000000)
  to   space 43520K, 0% used [0x00007ebca7b00000,0x00007ebca7b00000,0x00007ebcaa580000)
 ParOldGen       total 699392K, used 699262K [0x00007ebc6d000000, 0x00007ebc97b00000, 0x00007ebc97b00000)
  object space 699392K, 99% used [0x00007ebc6d000000,0x00007ebc97adfb80,0x00007ebc97b00000)
 Metaspace       used 6428K, committed 6528K, reserved 8192K
}
Event: 78,348 GC heap after
{Heap after GC invocations=42 (full 38):
 PSYoungGen      total 305664K, used 262143K [0x00007ebc97b00000, 0x00007ebcad000000, 0x00007ebcad000000)
  eden space 262144K, 99% used [0x00007ebc97b00000,0x00007ebca7afffd0,0x00007ebca7b00000)
  from space 43520K, 0% used [0x00007ebca7b00000,0x00007ebca7b00000,0x00007ebcaa580000)
  to   space 43520K, 0% used [0x00007ebcaa580000,0x00007ebcaa580000,0x00007ebcad000000)
 ParOldGen       total 699392K, used 699262K [0x00007ebc6d000000, 0x00007ebc97b00000, 0x00007ebc97b00000)
  object space 699392K, 99% used [0x00007ebc6d000000,0x00007ebc97adfb80,0x00007ebc97b00000)
 Metaspace       used 6428K, committed 6528K, reserved 8192K
}
Event: 78,348 GC heap before
{Heap before GC invocations=43 (full 39):
 PSYoungGen      total 305664K, used 262143K [0x00007ebc97b00000, 0x00007ebcad000000, 0x00007ebcad000000)
  eden space 262144K, 99% used [0x00007ebc97b00000,0x00007ebca7affff8,0x00007ebca7b00000)
  from space 43520K, 0% used [0x00007ebca7b00000,0x00007ebca7b00000,0x00007ebcaa580000)
  to   space 43520K, 0% used [0x00007ebcaa580000,0x00007ebcaa580000,0x00007ebcad000000)
 ParOldGen       total 699392K, used 699266K [0x00007ebc6d000000, 0x00007ebc97b00000, 0x00007ebc97b00000)
  object space 699392K, 99% used [0x00007ebc6d000000,0x00007ebc97ae0840,0x00007ebc97b00000)
 Metaspace       used 6428K, committed 6528K, reserved 8192K
}
Event: 80,475 GC heap after
{Heap after GC invocations=43 (full 39):
 PSYoungGen      total 305664K, used 262143K [0x00007ebc97b00000, 0x00007ebcad000000, 0x00007ebcad000000)
  eden space 262144K, 99% used [0x00007ebc97b00000,0x00007ebca7afffc0,0x00007ebca7b00000)
  from space 43520K, 0% used [0x00007ebcaa580000,0x00007ebcaa580000,0x00007ebcad000000)
  to   space 43520K, 0% used [0x00007ebca7b00000,0x00007ebca7b00000,0x00007ebcaa580000)
 ParOldGen       total 699392K, used 699264K [0x00007ebc6d000000, 0x00007ebc97b00000, 0x00007ebc97b00000)
  object space 699392K, 99% used [0x00007ebc6d000000,0x00007ebc97ae03a8,0x00007ebc97b00000)
 Metaspace       used 6428K, committed 6528K, reserved 8192K
}
Event: 80,475 GC heap before
{Heap before GC invocations=44 (full 40):
 PSYoungGen      total 305664K, used 262143K [0x00007ebc97b00000, 0x00007ebcad000000, 0x00007ebcad000000)
  eden space 262144K, 99% used [0x00007ebc97b00000,0x00007ebca7afffe8,0x00007ebca7b00000)
  from space 43520K, 0% used [0x00007ebcaa580000,0x00007ebcaa580000,0x00007ebcad000000)
  to   space 43520K, 0% used [0x00007ebca7b00000,0x00007ebca7b00000,0x00007ebcaa580000)
 ParOldGen       total 699392K, used 699264K [0x00007ebc6d000000, 0x00007ebc97b00000, 0x00007ebc97b00000)
  object space 699392K, 99% used [0x00007ebc6d000000,0x00007ebc97ae03a8,0x00007ebc97b00000)
 Metaspace       used 6428K, committed 6528K, reserved 8192K
}
Event: 82,285 GC heap after
{Heap after GC invocations=44 (full 40):
 PSYoungGen      total 305664K, used 262143K [0x00007ebc97b00000, 0x00007ebcad000000, 0x00007ebcad000000)
  eden space 262144K, 99% used [0x00007ebc97b00000,0x00007ebca7afffe8,0x00007ebca7b00000)
  from space 43520K, 0% used [0x00007ebca7b00000,0x00007ebca7b00000,0x00007ebcaa580000)
  to   space 43520K, 0% used [0x00007ebcaa580000,0x00007ebcaa580000,0x00007ebcad000000)
 ParOldGen       total 699392K, used 699264K [0x00007ebc6d000000, 0x00007ebc97b00000, 0x00007ebc97b00000)
  object space 699392K, 99% used [0x00007ebc6d000000,0x00007ebc97ae03a8,0x00007ebc97b00000)
 Metaspace       used 6428K, committed 6528K, reserved 8192K
}
Event: 82,285 GC heap before
{Heap before GC invocations=45 (full 41):
 PSYoungGen      total 305664K, used 262143K [0x00007ebc97b00000, 0x00007ebcad000000, 0x00007ebcad000000)
  eden space 262144K, 99% used [0x00007ebc97b00000,0x00007ebca7afffe8,0x00007ebca7b00000)
  from space 43520K, 0% used [0x00007ebca7b00000,0x00007ebca7b00000,0x00007ebcaa580000)
  to   space 43520K, 0% used [0x00007ebcaa580000,0x00007ebcaa580000,0x00007ebcad000000)
 ParOldGen       total 699392K, used 699268K [0x00007ebc6d000000, 0x00007ebc97b00000, 0x00007ebc97b00000)
  object space 699392K, 99% used [0x00007ebc6d000000,0x00007ebc97ae1058,0x00007ebc97b00000)
 Metaspace       used 6428K, committed 6528K, reserved 8192K
}
Event: 84,163 GC heap after
{Heap after GC invocations=45 (full 41):
 PSYoungGen      total 305664K, used 262143K [0x00007ebc97b00000, 0x00007ebcad000000, 0x00007ebcad000000)
  eden space 262144K, 99% used [0x00007ebc97b00000,0x00007ebca7afffe8,0x00007ebca7b00000)
  from space 43520K, 0% used [0x00007ebcaa580000,0x00007ebcaa580000,0x00007ebcad000000)
  to   space 43520K, 0% used [0x00007ebca7b00000,0x00007ebca7b00000,0x00007ebcaa580000)
 ParOldGen       total 699392K, used 699252K [0x00007ebc6d000000, 0x00007ebc97b00000, 0x00007ebc97b00000)
  object space 699392K, 99% used [0x00007ebc6d000000,0x00007ebc97add018,0x00007ebc97b00000)
 Metaspace       used 6428K, committed 6528K, reserved 8192K
}
Event: 84,163 GC heap before
{Heap before GC invocations=46 (full 42):
 PSYoungGen      total 305664K, used 262143K [0x00007ebc97b00000, 0x00007ebcad000000, 0x00007ebcad000000)
  eden space 262144K, 99% used [0x00007ebc97b00000,0x00007ebca7afffe8,0x00007ebca7b00000)
  from space 43520K, 0% used [0x00007ebcaa580000,0x00007ebcaa580000,0x00007ebcad000000)
  to   space 43520K, 0% used [0x00007ebca7b00000,0x00007ebca7b00000,0x00007ebcaa580000)
 ParOldGen       total 699392K, used 699255K [0x00007ebc6d000000, 0x00007ebc97b00000, 0x00007ebc97b00000)
  object space 699392K, 99% used [0x00007ebc6d000000,0x00007ebc97addcc8,0x00007ebc97b00000)
 Metaspace       used 6428K, committed 6528K, reserved 8192K
}
Event: 86,029 GC heap after
{Heap after GC invocations=46 (full 42):
 PSYoungGen      total 305664K, used 262143K [0x00007ebc97b00000, 0x00007ebcad000000, 0x00007ebcad000000)
  eden space 262144K, 99% used [0x00007ebc97b00000,0x00007ebca7afffe8,0x00007ebca7b00000)
  from space 43520K, 0% used [0x00007ebca7b00000,0x00007ebca7b00000,0x00007ebcaa580000)
  to   space 43520K, 0% used [0x00007ebcaa580000,0x00007ebcaa580000,0x00007ebcad000000)
 ParOldGen       total 699392K, used 699253K [0x00007ebc6d000000, 0x00007ebc97b00000, 0x00007ebc97b00000)
  object space 699392K, 99% used [0x00007ebc6d000000,0x00007ebc97add738,0x00007ebc97b00000)
 Metaspace       used 6428K, committed 6528K, reserved 8192K
}
Event: 86,029 GC heap before
{Heap before GC invocations=47 (full 43):
 PSYoungGen      total 305664K, used 262143K [0x00007ebc97b00000, 0x00007ebcad000000, 0x00007ebcad000000)
  eden space 262144K, 99% used [0x00007ebc97b00000,0x00007ebca7afffe8,0x00007ebca7b00000)
  from space 43520K, 0% used [0x00007ebca7b00000,0x00007ebca7b00000,0x00007ebcaa580000)
  to   space 43520K, 0% used [0x00007ebcaa580000,0x00007ebcaa580000,0x00007ebcad000000)
 ParOldGen       total 699392K, used 699256K [0x00007ebc6d000000, 0x00007ebc97b00000, 0x00007ebc97b00000)
  object space 699392K, 99% used [0x00007ebc6d000000,0x00007ebc97ade3d8,0x00007ebc97b00000)
 Metaspace       used 6428K, committed 6528K, reserved 8192K
}
Event: 87,937 GC heap after
{Heap after GC invocations=47 (full 43):
 PSYoungGen      total 305664K, used 262143K [0x00007ebc97b00000, 0x00007ebcad000000, 0x00007ebcad000000)
  eden space 262144K, 99% used [0x00007ebc97b00000,0x00007ebca7afffe8,0x00007ebca7b00000)
  from space 43520K, 0% used [0x00007ebcaa580000,0x00007ebcaa580000,0x00007ebcad000000)
  to   space 43520K, 0% used [0x00007ebca7b00000,0x00007ebca7b00000,0x00007ebcaa580000)
 ParOldGen       total 699392K, used 699242K [0x00007ebc6d000000, 0x00007ebc97b00000, 0x00007ebc97b00000)
  object space 699392K, 99% used [0x00007ebc6d000000,0x00007ebc97adaa90,0x00007ebc97b00000)
 Metaspace       used 6428K, committed 6528K, reserved 8192K
}
Event: 87,937 GC heap before
{Heap before GC invocations=48 (full 44):
 PSYoungGen      total 305664K, used 262143K [0x00007ebc97b00000, 0x00007ebcad000000, 0x00007ebcad000000)
  eden space 262144K, 99% used [0x00007ebc97b00000,0x00007ebca7afffe8,0x00007ebca7b00000)
  from space 43520K, 0% used [0x00007ebcaa580000,0x00007ebcaa580000,0x00007ebcad000000)
  to   space 43520K, 0% used [0x00007ebca7b00000,0x00007ebca7b00000,0x00007ebcaa580000)
 ParOldGen       total 699392K, used 699245K [0x00007ebc6d000000, 0x00007ebc97b00000, 0x00007ebc97b00000)
  object space 699392K, 99% used [0x00007ebc6d000000,0x00007ebc97adb740,0x00007ebc97b00000)
 Metaspace       used 6428K, committed 6528K, reserved 8192K
}
Event: 89,897 GC heap after
{Heap after GC invocations=48 (full 44):
 PSYoungGen      total 305664K, used 262143K [0x00007ebc97b00000, 0x00007ebcad000000, 0x00007ebcad000000)
  eden space 262144K, 99% used [0x00007ebc97b00000,0x00007ebca7affc68,0x00007ebca7b00000)
  from space 43520K, 0% used [0x00007ebca7b00000,0x00007ebca7b00000,0x00007ebcaa580000)
  to   space 43520K, 0% used [0x00007ebcaa580000,0x00007ebcaa580000,0x00007ebcad000000)
 ParOldGen       total 699392K, used 699239K [0x00007ebc6d000000, 0x00007ebc97b00000, 0x00007ebc97b00000)
  object space 699392K, 99% used [0x00007ebc6d000000,0x00007ebc97ad9f80,0x00007ebc97b00000)
 Metaspace       used 6428K, committed 6528K, reserved 8192K
}
Event: 89,899 GC heap before
{Heap before GC invocations=49 (full 45):
 PSYoungGen      total 305664K, used 262143K [0x00007ebc97b00000, 0x00007ebcad000000, 0x00007ebcad000000)
  eden space 262144K, 99% used [0x00007ebc97b00000,0x00007ebca7afff80,0x00007ebca7b00000)
  from space 43520K, 0% used [0x00007ebca7b00000,0x00007ebca7b00000,0x00007ebcaa580000)
  to   space 43520K, 0% used [0x00007ebcaa580000,0x00007ebcaa580000,0x00007ebcad000000)
 ParOldGen       total 699392K, used 699239K [0x00007ebc6d000000, 0x00007ebc97b00000, 0x00007ebc97b00000)
  object space 699392K, 99% used [0x00007ebc6d000000,0x00007ebc97ad9f80,0x00007ebc97b00000)
 Metaspace       used 6431K, committed 6528K, reserved 8192K
}
Event: 90,220 GC heap after
{Heap after GC invocations=49 (full 45):
 PSYoungGen      total 305664K, used 0K [0x00007ebc97b00000, 0x00007ebcad000000, 0x00007ebcad000000)
  eden space 262144K, 0% used [0x00007ebc97b00000,0x00007ebc97b00000,0x00007ebca7b00000)
  from space 43520K, 0% used [0x00007ebcaa580000,0x00007ebcaa580000,0x00007ebcad000000)
  to   space 43520K, 0% used [0x00007ebca7b00000,0x00007ebca7b00000,0x00007ebcaa580000)
 ParOldGen       total 578048K, used 1230K [0x00007ebc6d000000, 0x00007ebc90480000, 0x00007ebc97b00000)
  object space 578048K, 0% used [0x00007ebc6d000000,0x00007ebc6d133850,0x00007ebc90480000)
 Metaspace       used 6431K, committed 6528K, reserved 8192K
}

