# JRE version: OpenJDK Runtime Environment (17.0.6) (fastdebug build 17.0.6-internal+0-adhoc.konstdelis.jdk17u067)
# Java VM: OpenJDK 64-Bit Server VM (fastdebug 17.0.6-internal+0-adhoc.konstdelis.jdk17u067, mixed mode, tiered, parallel gc, linux-amd64)
GC Precious Log:
 CPUs: 32 total, 32 available
 Memory: 251G
 Large Page Support: Disabled
 NUMA Support: Disabled
 Compressed Oops: Disabled
 Alignments: Space 512K, Generation 512K, Heap 2M
 Heap Min Capacity: 3G
 Heap Initial Capacity: 3G
 Heap Max Capacity: 3G
 Pre-touch: Disabled
 Parallel Workers: 1
Heap:
 PSYoungGen      total 917504K, used 39322K [0x00007e5dbd000000, 0x00007e5dfd000000, 0x00007e5dfd000000)
  eden space 786432K, 5% used [0x00007e5dbd000000,0x00007e5dbf666858,0x00007e5ded000000)
  from space 131072K, 0% used [0x00007e5df5000000,0x00007e5df5000000,0x00007e5dfd000000)
  to   space 131072K, 0% used [0x00007e5ded000000,0x00007e5ded000000,0x00007e5df5000000)
 ParOldGen       total 2097152K, used 263619K [0x00007e5d3d000000, 0x00007e5dbd000000, 0x00007e5dbd000000)
  object space 2097152K, 12% used [0x00007e5d3d000000,0x00007e5d4d170ef8,0x00007e5dbd000000)
 Metaspace       used 7394K, committed 7488K, reserved 8192K
GC Heap History (8 events):
Event: 2,510 GC heap before
{Heap before GC invocations=1 (full 0):
 PSYoungGen      total 917504K, used 78643K [0x00007e5dbd000000, 0x00007e5dfd000000, 0x00007e5dfd000000)
  eden space 786432K, 10% used [0x00007e5dbd000000,0x00007e5dc1cccf00,0x00007e5ded000000)
  from space 131072K, 0% used [0x00007e5df5000000,0x00007e5df5000000,0x00007e5dfd000000)
  to   space 131072K, 0% used [0x00007e5ded000000,0x00007e5ded000000,0x00007e5df5000000)
 ParOldGen       total 2097152K, used 0K [0x00007e5d3d000000, 0x00007e5dbd000000, 0x00007e5dbd000000)
  object space 2097152K, 0% used [0x00007e5d3d000000,0x00007e5d3d000000,0x00007e5dbd000000)
 Metaspace       used 7388K, committed 7488K, reserved 8192K
}
Event: 2,537 GC heap after
{Heap after GC invocations=1 (full 0):
 PSYoungGen      total 917504K, used 1520K [0x00007e5dbd000000, 0x00007e5dfd000000, 0x00007e5dfd000000)
  eden space 786432K, 0% used [0x00007e5dbd000000,0x00007e5dbd000000,0x00007e5ded000000)
  from space 131072K, 1% used [0x00007e5ded000000,0x00007e5ded17c020,0x00007e5df5000000)
  to   space 131072K, 0% used [0x00007e5df5000000,0x00007e5df5000000,0x00007e5dfd000000)
 ParOldGen       total 2097152K, used 0K [0x00007e5d3d000000, 0x00007e5dbd000000, 0x00007e5dbd000000)
  object space 2097152K, 0% used [0x00007e5d3d000000,0x00007e5d3d000000,0x00007e5dbd000000)
 Metaspace       used 7388K, committed 7488K, reserved 8192K
}
Event: 2,538 GC heap before
{Heap before GC invocations=2 (full 1):
 PSYoungGen      total 917504K, used 1520K [0x00007e5dbd000000, 0x00007e5dfd000000, 0x00007e5dfd000000)
  eden space 786432K, 0% used [0x00007e5dbd000000,0x00007e5dbd000000,0x00007e5ded000000)
  from space 131072K, 1% used [0x00007e5ded000000,0x00007e5ded17c020,0x00007e5df5000000)
  to   space 131072K, 0% used [0x00007e5df5000000,0x00007e5df5000000,0x00007e5dfd000000)
 ParOldGen       total 2097152K, used 0K [0x00007e5d3d000000, 0x00007e5dbd000000, 0x00007e5dbd000000)
  object space 2097152K, 0% used [0x00007e5d3d000000,0x00007e5d3d000000,0x00007e5dbd000000)
 Metaspace       used 7388K, committed 7488K, reserved 8192K
}
Event: 2,586 GC heap after
{Heap after GC invocations=2 (full 1):
 PSYoungGen      total 917504K, used 0K [0x00007e5dbd000000, 0x00007e5dfd000000, 0x00007e5dfd000000)
  eden space 786432K, 0% used [0x00007e5dbd000000,0x00007e5dbd000000,0x00007e5ded000000)
  from space 131072K, 0% used [0x00007e5ded000000,0x00007e5ded000000,0x00007e5df5000000)
  to   space 131072K, 0% used [0x00007e5df5000000,0x00007e5df5000000,0x00007e5dfd000000)
 ParOldGen       total 2097152K, used 1480K [0x00007e5d3d000000, 0x00007e5dbd000000, 0x00007e5dbd000000)
  object space 2097152K, 0% used [0x00007e5d3d000000,0x00007e5d3d172378,0x00007e5dbd000000)
 Metaspace       used 7388K, committed 7488K, reserved 8192K
}
Event: 2,589 GC heap before
{Heap before GC invocations=3 (full 1):
 PSYoungGen      total 917504K, used 15728K [0x00007e5dbd000000, 0x00007e5dfd000000, 0x00007e5dfd000000)
  eden space 786432K, 2% used [0x00007e5dbd000000,0x00007e5dbdf5c2c8,0x00007e5ded000000)
  from space 131072K, 0% used [0x00007e5ded000000,0x00007e5ded000000,0x00007e5df5000000)
  to   space 131072K, 0% used [0x00007e5df5000000,0x00007e5df5000000,0x00007e5dfd000000)
 ParOldGen       total 2097152K, used 1480K [0x00007e5d3d000000, 0x00007e5dbd000000, 0x00007e5dbd000000)
  object space 2097152K, 0% used [0x00007e5d3d000000,0x00007e5d3d172378,0x00007e5dbd000000)
 Metaspace       used 7388K, committed 7488K, reserved 8192K
}
Event: 2,592 GC heap after
{Heap after GC invocations=3 (full 1):
 PSYoungGen      total 917504K, used 0K [0x00007e5dbd000000, 0x00007e5dfd000000, 0x00007e5dfd000000)
  eden space 786432K, 0% used [0x00007e5dbd000000,0x00007e5dbd000000,0x00007e5ded000000)
  from space 131072K, 0% used [0x00007e5df5000000,0x00007e5df5000000,0x00007e5dfd000000)
  to   space 131072K, 0% used [0x00007e5ded000000,0x00007e5ded000000,0x00007e5df5000000)
 ParOldGen       total 2097152K, used 1480K [0x00007e5d3d000000, 0x00007e5dbd000000, 0x00007e5dbd000000)
  object space 2097152K, 0% used [0x00007e5d3d000000,0x00007e5d3d172378,0x00007e5dbd000000)
 Metaspace       used 7388K, committed 7488K, reserved 8192K
}
Event: 2,593 GC heap before
{Heap before GC invocations=4 (full 2):
 PSYoungGen      total 917504K, used 0K [0x00007e5dbd000000, 0x00007e5dfd000000, 0x00007e5dfd000000)
  eden space 786432K, 0% used [0x00007e5dbd000000,0x00007e5dbd000000,0x00007e5ded000000)
  from space 131072K, 0% used [0x00007e5df5000000,0x00007e5df5000000,0x00007e5dfd000000)
  to   space 131072K, 0% used [0x00007e5ded000000,0x00007e5ded000000,0x00007e5df5000000)
 ParOldGen       total 2097152K, used 1480K [0x00007e5d3d000000, 0x00007e5dbd000000, 0x00007e5dbd000000)
  object space 2097152K, 0% used [0x00007e5d3d000000,0x00007e5d3d172378,0x00007e5dbd000000)
 Metaspace       used 7388K, committed 7488K, reserved 8192K
}
Event: 2,817 GC heap after
{Heap after GC invocations=4 (full 2):
 PSYoungGen      total 917504K, used 0K [0x00007e5dbd000000, 0x00007e5dfd000000, 0x00007e5dfd000000)
  eden space 786432K, 0% used [0x00007e5dbd000000,0x00007e5dbd000000,0x00007e5ded000000)
  from space 131072K, 0% used [0x00007e5df5000000,0x00007e5df5000000,0x00007e5dfd000000)
  to   space 131072K, 0% used [0x00007e5ded000000,0x00007e5ded000000,0x00007e5df5000000)
 ParOldGen       total 2097152K, used 263619K [0x00007e5d3d000000, 0x00007e5dbd000000, 0x00007e5dbd000000)
  object space 2097152K, 12% used [0x00007e5d3d000000,0x00007e5d4d170ef8,0x00007e5dbd000000)
 Metaspace       used 7388K, committed 7488K, reserved 8192K
}

