# JRE version: OpenJDK Runtime Environment (17.0.6) (build 17.0.6-internal+0-adhoc.konstdelis.jdk17u067)
# Java VM: OpenJDK 64-Bit Server VM (17.0.6-internal+0-adhoc.konstdelis.jdk17u067, mixed mode, tiered, parallel gc, linux-amd64)
GC Precious Log:
 CPUs: 32 total, 16 available
 Memory: 251G
 Large Page Support: Disabled
 NUMA Support: Disabled
 Compressed Oops: Disabled
 Alignments: Space 512K, Generation 512K, Heap 2M
 Heap Min Capacity: 1G
 Heap Initial Capacity: 1G
 Heap Max Capacity: 1G
 Pre-touch: Disabled
 Parallel Workers: 2
Heap:
 PSYoungGen      total 305664K, used 64K [0x00007f4437b00000, 0x00007f444d000000, 0x00007f444d000000)
  eden space 262144K, 0% used [0x00007f4437b00000,0x00007f4437b00000,0x00007f4447b00000)
  from space 43520K, 0% used [0x00007f444a580000,0x00007f444a590000,0x00007f444d000000)
  to   space 43520K, 0% used [0x00007f4447b00000,0x00007f4447b00000,0x00007f444a580000)
 ParOldGen       total 699392K, used 1639K [0x00007f440d000000, 0x00007f4437b00000, 0x00007f4437b00000)
  object space 699392K, 0% used [0x00007f440d000000,0x00007f440d199ce8,0x00007f4437b00000)
 Metaspace       used 7016K, committed 7104K, reserved 8192K
GC Heap History (11 events):
Event: 1,375 GC heap before
{Heap before GC invocations=1 (full 0):
 PSYoungGen      total 305664K, used 247807K [0x00007f4437b00000, 0x00007f444d000000, 0x00007f444d000000)
  eden space 262144K, 94% used [0x00007f4437b00000,0x00007f4446cffdf8,0x00007f4447b00000)
  from space 43520K, 0% used [0x00007f444a580000,0x00007f444a580000,0x00007f444d000000)
  to   space 43520K, 0% used [0x00007f4447b00000,0x00007f4447b00000,0x00007f444a580000)
 ParOldGen       total 699392K, used 0K [0x00007f440d000000, 0x00007f4437b00000, 0x00007f4437b00000)
  object space 699392K, 0% used [0x00007f440d000000,0x00007f440d000000,0x00007f4437b00000)
 Metaspace       used 6988K, committed 7104K, reserved 8192K
}
Event: 1,682 GC heap after
{Heap after GC invocations=1 (full 0):
 PSYoungGen      total 305664K, used 43505K [0x00007f4437b00000, 0x00007f444d000000, 0x00007f444d000000)
  eden space 262144K, 0% used [0x00007f4437b00000,0x00007f4437b00000,0x00007f4447b00000)
  from space 43520K, 99% used [0x00007f4447b00000,0x00007f444a57c438,0x00007f444a580000)
  to   space 43520K, 0% used [0x00007f444a580000,0x00007f444a580000,0x00007f444d000000)
 ParOldGen       total 699392K, used 118608K [0x00007f440d000000, 0x00007f4437b00000, 0x00007f4437b00000)
  object space 699392K, 16% used [0x00007f440d000000,0x00007f44143d4000,0x00007f4437b00000)
 Metaspace       used 6988K, committed 7104K, reserved 8192K
}
Event: 1,743 GC heap before
{Heap before GC invocations=2 (full 0):
 PSYoungGen      total 305664K, used 305649K [0x00007f4437b00000, 0x00007f444d000000, 0x00007f444d000000)
  eden space 262144K, 100% used [0x00007f4437b00000,0x00007f4447b00000,0x00007f4447b00000)
  from space 43520K, 99% used [0x00007f4447b00000,0x00007f444a57c438,0x00007f444a580000)
  to   space 43520K, 0% used [0x00007f444a580000,0x00007f444a580000,0x00007f444d000000)
 ParOldGen       total 699392K, used 118608K [0x00007f440d000000, 0x00007f4437b00000, 0x00007f4437b00000)
  object space 699392K, 16% used [0x00007f440d000000,0x00007f44143d4000,0x00007f4437b00000)
 Metaspace       used 6988K, committed 7104K, reserved 8192K
}
Event: 2,189 GC heap after
{Heap after GC invocations=2 (full 0):
 PSYoungGen      total 305664K, used 43504K [0x00007f4437b00000, 0x00007f444d000000, 0x00007f444d000000)
  eden space 262144K, 0% used [0x00007f4437b00000,0x00007f4437b00000,0x00007f4447b00000)
  from space 43520K, 99% used [0x00007f444a580000,0x00007f444cffc060,0x00007f444d000000)
  to   space 43520K, 0% used [0x00007f4447b00000,0x00007f4447b00000,0x00007f444a580000)
 ParOldGen       total 699392K, used 301086K [0x00007f440d000000, 0x00007f4437b00000, 0x00007f4437b00000)
  object space 699392K, 43% used [0x00007f440d000000,0x00007f441f6078c0,0x00007f4437b00000)
 Metaspace       used 6988K, committed 7104K, reserved 8192K
}
Event: 2,224 GC heap before
{Heap before GC invocations=3 (full 0):
 PSYoungGen      total 305664K, used 197556K [0x00007f4437b00000, 0x00007f444d000000, 0x00007f444d000000)
  eden space 262144K, 58% used [0x00007f4437b00000,0x00007f44411712d8,0x00007f4447b00000)
  from space 43520K, 99% used [0x00007f444a580000,0x00007f444cffc060,0x00007f444d000000)
  to   space 43520K, 0% used [0x00007f4447b00000,0x00007f4447b00000,0x00007f444a580000)
 ParOldGen       total 699392K, used 301086K [0x00007f440d000000, 0x00007f4437b00000, 0x00007f4437b00000)
  object space 699392K, 43% used [0x00007f440d000000,0x00007f441f6078c0,0x00007f4437b00000)
 Metaspace       used 6988K, committed 7104K, reserved 8192K
}
Event: 2,435 GC heap after
{Heap after GC invocations=3 (full 0):
 PSYoungGen      total 305664K, used 43520K [0x00007f4437b00000, 0x00007f444d000000, 0x00007f444d000000)
  eden space 262144K, 0% used [0x00007f4437b00000,0x00007f4437b00000,0x00007f4447b00000)
  from space 43520K, 100% used [0x00007f4447b00000,0x00007f444a580000,0x00007f444a580000)
  to   space 43520K, 0% used [0x00007f444a580000,0x00007f444a580000,0x00007f444d000000)
 ParOldGen       total 699392K, used 451771K [0x00007f440d000000, 0x00007f4437b00000, 0x00007f4437b00000)
  object space 699392K, 64% used [0x00007f440d000000,0x00007f442892ee30,0x00007f4437b00000)
 Metaspace       used 6988K, committed 7104K, reserved 8192K
}
Event: 2,435 GC heap before
{Heap before GC invocations=4 (full 1):
 PSYoungGen      total 305664K, used 43520K [0x00007f4437b00000, 0x00007f444d000000, 0x00007f444d000000)
  eden space 262144K, 0% used [0x00007f4437b00000,0x00007f4437b00000,0x00007f4447b00000)
  from space 43520K, 100% used [0x00007f4447b00000,0x00007f444a580000,0x00007f444a580000)
  to   space 43520K, 0% used [0x00007f444a580000,0x00007f444a580000,0x00007f444d000000)
 ParOldGen       total 699392K, used 451771K [0x00007f440d000000, 0x00007f4437b00000, 0x00007f4437b00000)
  object space 699392K, 64% used [0x00007f440d000000,0x00007f442892ee30,0x00007f4437b00000)
 Metaspace       used 6988K, committed 7104K, reserved 8192K
}
Event: 5,444 GC heap after
{Heap after GC invocations=4 (full 1):
 PSYoungGen      total 305664K, used 0K [0x00007f4437b00000, 0x00007f444d000000, 0x00007f444d000000)
  eden space 262144K, 0% used [0x00007f4437b00000,0x00007f4437b00000,0x00007f4447b00000)
  from space 43520K, 0% used [0x00007f4447b00000,0x00007f4447b00000,0x00007f444a580000)
  to   space 43520K, 0% used [0x00007f444a580000,0x00007f444a580000,0x00007f444d000000)
 ParOldGen       total 699392K, used 1639K [0x00007f440d000000, 0x00007f4437b00000, 0x00007f4437b00000)
  object space 699392K, 0% used [0x00007f440d000000,0x00007f440d199ce8,0x00007f4437b00000)
 Metaspace       used 6988K, committed 7104K, reserved 8192K
}
Event: 5,621 GC heap before
{Heap before GC invocations=5 (full 1):
 PSYoungGen      total 305664K, used 5088K [0x00007f4437b00000, 0x00007f444d000000, 0x00007f444d000000)
  eden space 262144K, 1% used [0x00007f4437b00000,0x00007f4437ff8170,0x00007f4447b00000)
  from space 43520K, 0% used [0x00007f4447b00000,0x00007f4447b00000,0x00007f444a580000)
  to   space 43520K, 0% used [0x00007f444a580000,0x00007f444a580000,0x00007f444d000000)
 ParOldGen       total 699392K, used 1639K [0x00007f440d000000, 0x00007f4437b00000, 0x00007f4437b00000)
  object space 699392K, 0% used [0x00007f440d000000,0x00007f440d199ce8,0x00007f4437b00000)
 Metaspace       used 7016K, committed 7104K, reserved 8192K
}
Event: 5,931 GC heap after
{Heap after GC invocations=5 (full 1):
 PSYoungGen      total 305664K, used 64K [0x00007f4437b00000, 0x00007f444d000000, 0x00007f444d000000)
  eden space 262144K, 0% used [0x00007f4437b00000,0x00007f4437b00000,0x00007f4447b00000)
  from space 43520K, 0% used [0x00007f444a580000,0x00007f444a590000,0x00007f444d000000)
  to   space 43520K, 0% used [0x00007f4447b00000,0x00007f4447b00000,0x00007f444a580000)
 ParOldGen       total 699392K, used 1639K [0x00007f440d000000, 0x00007f4437b00000, 0x00007f4437b00000)
  object space 699392K, 0% used [0x00007f440d000000,0x00007f440d199ce8,0x00007f4437b00000)
 Metaspace       used 7016K, committed 7104K, reserved 8192K
}
Event: 5,931 GC heap before
{Heap before GC invocations=6 (full 2):
 PSYoungGen      total 305664K, used 64K [0x00007f4437b00000, 0x00007f444d000000, 0x00007f444d000000)
  eden space 262144K, 0% used [0x00007f4437b00000,0x00007f4437b00000,0x00007f4447b00000)
  from space 43520K, 0% used [0x00007f444a580000,0x00007f444a590000,0x00007f444d000000)
  to   space 43520K, 0% used [0x00007f4447b00000,0x00007f4447b00000,0x00007f444a580000)
 ParOldGen       total 699392K, used 1639K [0x00007f440d000000, 0x00007f4437b00000, 0x00007f4437b00000)
  object space 699392K, 0% used [0x00007f440d000000,0x00007f440d199ce8,0x00007f4437b00000)
 Metaspace       used 7016K, committed 7104K, reserved 8192K
}

