# JRE version: OpenJDK Runtime Environment (17.0.6) (build 17.0.6-internal+0-adhoc.konstdelis.jdk17u067)
# Java VM: OpenJDK 64-Bit Server VM (17.0.6-internal+0-adhoc.konstdelis.jdk17u067, mixed mode, tiered, parallel gc, linux-amd64)
GC Precious Log:
 CPUs: 32 total, 32 available
 Memory: 251G
 Large Page Support: Disabled
 NUMA Support: Disabled
 Compressed Oops: Disabled
 Alignments: Space 512K, Generation 512K, Heap 2M
 Heap Min Capacity: 3G
 Heap Initial Capacity: 3G
 Heap Max Capacity: 3G
 Pre-touch: Disabled
 Parallel Workers: 8
Heap:
 PSYoungGen      total 917504K, used 0K [0x00007f19a9000000, 0x00007f19e9000000, 0x00007f19e9000000)
  eden space 786432K, 0% used [0x00007f19a9000000,0x00007f19a9000000,0x00007f19d9000000)
  from space 131072K, 0% used [0x00007f19d9000000,0x00007f19d9000000,0x00007f19e1000000)
  to   space 131072K, 0% used [0x00007f19e1000000,0x00007f19e1000000,0x00007f19e9000000)
 ParOldGen       total 2097152K, used 1335650K [0x00007f1929000000, 0x00007f19a9000000, 0x00007f19a9000000)
  object space 2097152K, 63% used [0x00007f1929000000,0x00007f197a858a20,0x00007f19a9000000)
 Metaspace       used 7095K, committed 7168K, reserved 8192K
GC Heap History (13 events):
Event: 1.372 GC heap before
{Heap before GC invocations=1 (full 0):
 PSYoungGen      total 917504K, used 786432K [0x00007f19a9000000, 0x00007f19e9000000, 0x00007f19e9000000)
  eden space 786432K, 100% used [0x00007f19a9000000,0x00007f19d9000000,0x00007f19d9000000)
  from space 131072K, 0% used [0x00007f19e1000000,0x00007f19e1000000,0x00007f19e9000000)
  to   space 131072K, 0% used [0x00007f19d9000000,0x00007f19d9000000,0x00007f19e1000000)
 ParOldGen       total 2097152K, used 0K [0x00007f1929000000, 0x00007f19a9000000, 0x00007f19a9000000)
  object space 2097152K, 0% used [0x00007f1929000000,0x00007f1929000000,0x00007f19a9000000)
 Metaspace       used 7053K, committed 7104K, reserved 8192K
}
Event: 1.789 GC heap after
{Heap after GC invocations=1 (full 0):
 PSYoungGen      total 917504K, used 131049K [0x00007f19a9000000, 0x00007f19e9000000, 0x00007f19e9000000)
  eden space 786432K, 0% used [0x00007f19a9000000,0x00007f19a9000000,0x00007f19d9000000)
  from space 131072K, 99% used [0x00007f19d9000000,0x00007f19e0ffa5e0,0x00007f19e1000000)
  to   space 131072K, 0% used [0x00007f19e1000000,0x00007f19e1000000,0x00007f19e9000000)
 ParOldGen       total 2097152K, used 502216K [0x00007f1929000000, 0x00007f19a9000000, 0x00007f19a9000000)
  object space 2097152K, 23% used [0x00007f1929000000,0x00007f1947a72000,0x00007f19a9000000)
 Metaspace       used 7053K, committed 7104K, reserved 8192K
}
Event: 2.094 GC heap before
{Heap before GC invocations=2 (full 0):
 PSYoungGen      total 917504K, used 917481K [0x00007f19a9000000, 0x00007f19e9000000, 0x00007f19e9000000)
  eden space 786432K, 100% used [0x00007f19a9000000,0x00007f19d9000000,0x00007f19d9000000)
  from space 131072K, 99% used [0x00007f19d9000000,0x00007f19e0ffa5e0,0x00007f19e1000000)
  to   space 131072K, 0% used [0x00007f19e1000000,0x00007f19e1000000,0x00007f19e9000000)
 ParOldGen       total 2097152K, used 502216K [0x00007f1929000000, 0x00007f19a9000000, 0x00007f19a9000000)
  object space 2097152K, 23% used [0x00007f1929000000,0x00007f1947a72000,0x00007f19a9000000)
 Metaspace       used 7053K, committed 7104K, reserved 8192K
}
Event: 2.634 GC heap after
{Heap after GC invocations=2 (full 0):
 PSYoungGen      total 917504K, used 131040K [0x00007f19a9000000, 0x00007f19e9000000, 0x00007f19e9000000)
  eden space 786432K, 0% used [0x00007f19a9000000,0x00007f19a9000000,0x00007f19d9000000)
  from space 131072K, 99% used [0x00007f19e1000000,0x00007f19e8ff8018,0x00007f19e9000000)
  to   space 131072K, 0% used [0x00007f19d9000000,0x00007f19d9000000,0x00007f19e1000000)
 ParOldGen       total 2097152K, used 1153752K [0x00007f1929000000, 0x00007f19a9000000, 0x00007f19a9000000)
  object space 2097152K, 55% used [0x00007f1929000000,0x00007f196f6b6000,0x00007f19a9000000)
 Metaspace       used 7053K, committed 7104K, reserved 8192K
}
Event: 2.959 GC heap before
{Heap before GC invocations=3 (full 0):
 PSYoungGen      total 917504K, used 917472K [0x00007f19a9000000, 0x00007f19e9000000, 0x00007f19e9000000)
  eden space 786432K, 100% used [0x00007f19a9000000,0x00007f19d9000000,0x00007f19d9000000)
  from space 131072K, 99% used [0x00007f19e1000000,0x00007f19e8ff8018,0x00007f19e9000000)
  to   space 131072K, 0% used [0x00007f19d9000000,0x00007f19d9000000,0x00007f19e1000000)
 ParOldGen       total 2097152K, used 1153752K [0x00007f1929000000, 0x00007f19a9000000, 0x00007f19a9000000)
  object space 2097152K, 55% used [0x00007f1929000000,0x00007f196f6b6000,0x00007f19a9000000)
 Metaspace       used 7053K, committed 7104K, reserved 8192K
}
Event: 3.547 GC heap after
{Heap after GC invocations=3 (full 0):
 PSYoungGen      total 917504K, used 131070K [0x00007f19a9000000, 0x00007f19e9000000, 0x00007f19e9000000)
  eden space 786432K, 0% used [0x00007f19a9000000,0x00007f19a9000000,0x00007f19d9000000)
  from space 131072K, 99% used [0x00007f19d9000000,0x00007f19e0fff8e0,0x00007f19e1000000)
  to   space 131072K, 0% used [0x00007f19e1000000,0x00007f19e1000000,0x00007f19e9000000)
 ParOldGen       total 2097152K, used 1810821K [0x00007f1929000000, 0x00007f19a9000000, 0x00007f19a9000000)
  object space 2097152K, 86% used [0x00007f1929000000,0x00007f1997861510,0x00007f19a9000000)
 Metaspace       used 7053K, committed 7104K, reserved 8192K
}
Event: 3.547 GC heap before
{Heap before GC invocations=4 (full 1):
 PSYoungGen      total 917504K, used 131070K [0x00007f19a9000000, 0x00007f19e9000000, 0x00007f19e9000000)
  eden space 786432K, 0% used [0x00007f19a9000000,0x00007f19a9000000,0x00007f19d9000000)
  from space 131072K, 99% used [0x00007f19d9000000,0x00007f19e0fff8e0,0x00007f19e1000000)
  to   space 131072K, 0% used [0x00007f19e1000000,0x00007f19e1000000,0x00007f19e9000000)
 ParOldGen       total 2097152K, used 1810821K [0x00007f1929000000, 0x00007f19a9000000, 0x00007f19a9000000)
  object space 2097152K, 86% used [0x00007f1929000000,0x00007f1997861510,0x00007f19a9000000)
 Metaspace       used 7053K, committed 7104K, reserved 8192K
}
Event: 6.039 GC heap after
{Heap after GC invocations=4 (full 1):
 PSYoungGen      total 917504K, used 0K [0x00007f19a9000000, 0x00007f19e9000000, 0x00007f19e9000000)
  eden space 786432K, 0% used [0x00007f19a9000000,0x00007f19a9000000,0x00007f19d9000000)
  from space 131072K, 0% used [0x00007f19e1000000,0x00007f19e1000000,0x00007f19e9000000)
  to   space 131072K, 0% used [0x00007f19d9000000,0x00007f19d9000000,0x00007f19e1000000)
 ParOldGen       total 2097152K, used 1929692K [0x00007f1929000000, 0x00007f19a9000000, 0x00007f19a9000000)
  object space 2097152K, 92% used [0x00007f1929000000,0x00007f199ec77358,0x00007f19a9000000)
 Metaspace       used 7053K, committed 7104K, reserved 8192K
}
Event: 7.037 GC heap before
{Heap before GC invocations=5 (full 2):
 PSYoungGen      total 917504K, used 411068K [0x00007f19a9000000, 0x00007f19e9000000, 0x00007f19e9000000)
  eden space 786432K, 52% used [0x00007f19a9000000,0x00007f19c216f320,0x00007f19d9000000)
  from space 131072K, 0% used [0x00007f19e1000000,0x00007f19e1000000,0x00007f19e9000000)
  to   space 131072K, 0% used [0x00007f19d9000000,0x00007f19d9000000,0x00007f19e1000000)
 ParOldGen       total 2097152K, used 1929692K [0x00007f1929000000, 0x00007f19a9000000, 0x00007f19a9000000)
  object space 2097152K, 92% used [0x00007f1929000000,0x00007f199ec77358,0x00007f19a9000000)
 Metaspace       used 7088K, committed 7168K, reserved 8192K
}
Event: 14.268 GC heap after
{Heap after GC invocations=5 (full 2):
 PSYoungGen      total 917504K, used 0K [0x00007f19a9000000, 0x00007f19e9000000, 0x00007f19e9000000)
  eden space 786432K, 0% used [0x00007f19a9000000,0x00007f19a9000000,0x00007f19d9000000)
  from space 131072K, 0% used [0x00007f19e1000000,0x00007f19e1000000,0x00007f19e9000000)
  to   space 131072K, 0% used [0x00007f19d9000000,0x00007f19d9000000,0x00007f19e1000000)
 ParOldGen       total 2097152K, used 1335650K [0x00007f1929000000, 0x00007f19a9000000, 0x00007f19a9000000)
  object space 2097152K, 63% used [0x00007f1929000000,0x00007f197a858a20,0x00007f19a9000000)
 Metaspace       used 7088K, committed 7168K, reserved 8192K
}
Event: 14.498 GC heap before
{Heap before GC invocations=6 (full 2):
 PSYoungGen      total 917504K, used 15285K [0x00007f19a9000000, 0x00007f19e9000000, 0x00007f19e9000000)
  eden space 786432K, 1% used [0x00007f19a9000000,0x00007f19a9eed460,0x00007f19d9000000)
  from space 131072K, 0% used [0x00007f19e1000000,0x00007f19e1000000,0x00007f19e9000000)
  to   space 131072K, 0% used [0x00007f19d9000000,0x00007f19d9000000,0x00007f19e1000000)
 ParOldGen       total 2097152K, used 1335650K [0x00007f1929000000, 0x00007f19a9000000, 0x00007f19a9000000)
  object space 2097152K, 63% used [0x00007f1929000000,0x00007f197a858a20,0x00007f19a9000000)
 Metaspace       used 7095K, committed 7168K, reserved 8192K
}
Event: 14.720 GC heap after
{Heap after GC invocations=6 (full 2):
 PSYoungGen      total 917504K, used 0K [0x00007f19a9000000, 0x00007f19e9000000, 0x00007f19e9000000)
  eden space 786432K, 0% used [0x00007f19a9000000,0x00007f19a9000000,0x00007f19d9000000)
  from space 131072K, 0% used [0x00007f19d9000000,0x00007f19d9000000,0x00007f19e1000000)
  to   space 131072K, 0% used [0x00007f19e1000000,0x00007f19e1000000,0x00007f19e9000000)
 ParOldGen       total 2097152K, used 1335650K [0x00007f1929000000, 0x00007f19a9000000, 0x00007f19a9000000)
  object space 2097152K, 63% used [0x00007f1929000000,0x00007f197a858a20,0x00007f19a9000000)
 Metaspace       used 7095K, committed 7168K, reserved 8192K
}
Event: 14.720 GC heap before
{Heap before GC invocations=7 (full 3):
 PSYoungGen      total 917504K, used 0K [0x00007f19a9000000, 0x00007f19e9000000, 0x00007f19e9000000)
  eden space 786432K, 0% used [0x00007f19a9000000,0x00007f19a9000000,0x00007f19d9000000)
  from space 131072K, 0% used [0x00007f19d9000000,0x00007f19d9000000,0x00007f19e1000000)
  to   space 131072K, 0% used [0x00007f19e1000000,0x00007f19e1000000,0x00007f19e9000000)
 ParOldGen       total 2097152K, used 1335650K [0x00007f1929000000, 0x00007f19a9000000, 0x00007f19a9000000)
  object space 2097152K, 63% used [0x00007f1929000000,0x00007f197a858a20,0x00007f19a9000000)
 Metaspace       used 7095K, committed 7168K, reserved 8192K
}

