# JRE version: OpenJDK Runtime Environment (17.0.6) (fastdebug build 17.0.6-internal+0-adhoc.konstdelis.jdk17u067)
# Java VM: OpenJDK 64-Bit Server VM (fastdebug 17.0.6-internal+0-adhoc.konstdelis.jdk17u067, mixed mode, tiered, parallel gc, linux-amd64)
GC Precious Log:
 CPUs: 32 total, 32 available
 Memory: 251G
 Large Page Support: Disabled
 NUMA Support: Disabled
 Compressed Oops: Disabled
 Alignments: Space 512K, Generation 512K, Heap 2M
 Heap Min Capacity: 1G
 Heap Initial Capacity: 1G
 Heap Max Capacity: 1G
 Pre-touch: Disabled
 Parallel Workers: 8
Heap:
 PSYoungGen      total 305664K, used 54651K [0x00007e6963b00000, 0x00007e6979000000, 0x00007e6979000000)
  eden space 262144K, 20% used [0x00007e6963b00000,0x00007e696705ed28,0x00007e6973b00000)
  from space 43520K, 0% used [0x00007e6973b00000,0x00007e6973b00000,0x00007e6976580000)
  to   space 43520K, 0% used [0x00007e6976580000,0x00007e6976580000,0x00007e6979000000)
 ParOldGen       total 699392K, used 961224K [0x00007e6939000000, 0x00007e6963b00000, 0x00007e6963b00000)
  object space 699392K, 137% used [0x00007e6939000000,0x00007e6973ab23b8,0x00007e6963b00000)
 Metaspace       used 6723K, committed 6848K, reserved 8192K
GC Heap History (20 events):
Event: 8,360 GC heap before
{Heap before GC invocations=8 (full 4):
 PSYoungGen      total 305664K, used 43520K [0x00007e6963b00000, 0x00007e6979000000, 0x00007e6979000000)
  eden space 262144K, 0% used [0x00007e6963b00000,0x00007e6963b00000,0x00007e6973b00000)
  from space 43520K, 100% used [0x00007e6976580000,0x00007e6979000000,0x00007e6979000000)
  to   space 43520K, 0% used [0x00007e6973b00000,0x00007e6973b00000,0x00007e6976580000)
 ParOldGen       total 699392K, used 330428K [0x00007e6939000000, 0x00007e6963b00000, 0x00007e6963b00000)
  object space 699392K, 47% used [0x00007e6939000000,0x00007e694d2af250,0x00007e6963b00000)
 Metaspace       used 6719K, committed 6784K, reserved 8192K
}
Event: 10,297 GC heap after
{Heap after GC invocations=8 (full 4):
 PSYoungGen      total 305664K, used 0K [0x00007e6963b00000, 0x00007e6979000000, 0x00007e6979000000)
  eden space 262144K, 0% used [0x00007e6963b00000,0x00007e6963b00000,0x00007e6973b00000)
  from space 43520K, 0% used [0x00007e6976580000,0x00007e6976580000,0x00007e6979000000)
  to   space 43520K, 0% used [0x00007e6973b00000,0x00007e6973b00000,0x00007e6976580000)
 ParOldGen       total 699392K, used 323163K [0x00007e6939000000, 0x00007e6963b00000, 0x00007e6963b00000)
  object space 699392K, 46% used [0x00007e6939000000,0x00007e694cb96e18,0x00007e6963b00000)
 Metaspace       used 6719K, committed 6784K, reserved 8192K
}
Event: 10,693 GC heap before
{Heap before GC invocations=9 (full 4):
 PSYoungGen      total 305664K, used 241584K [0x00007e6963b00000, 0x00007e6979000000, 0x00007e6979000000)
  eden space 262144K, 92% used [0x00007e6963b00000,0x00007e69726ec358,0x00007e6973b00000)
  from space 43520K, 0% used [0x00007e6976580000,0x00007e6976580000,0x00007e6979000000)
  to   space 43520K, 0% used [0x00007e6973b00000,0x00007e6973b00000,0x00007e6976580000)
 ParOldGen       total 699392K, used 323163K [0x00007e6939000000, 0x00007e6963b00000, 0x00007e6963b00000)
  object space 699392K, 46% used [0x00007e6939000000,0x00007e694cb96e18,0x00007e6963b00000)
 Metaspace       used 6719K, committed 6784K, reserved 8192K
}
Event: 11,965 GC heap after
{Heap after GC invocations=9 (full 4):
 PSYoungGen      total 305664K, used 43520K [0x00007e6963b00000, 0x00007e6979000000, 0x00007e6979000000)
  eden space 262144K, 0% used [0x00007e6963b00000,0x00007e6963b00000,0x00007e6973b00000)
  from space 43520K, 100% used [0x00007e6973b00000,0x00007e6976580000,0x00007e6976580000)
  to   space 43520K, 0% used [0x00007e6976580000,0x00007e6976580000,0x00007e6979000000)
 ParOldGen       total 699392K, used 517275K [0x00007e6939000000, 0x00007e6963b00000, 0x00007e6963b00000)
  object space 699392K, 73% used [0x00007e6939000000,0x00007e6958926e38,0x00007e6963b00000)
 Metaspace       used 6719K, committed 6784K, reserved 8192K
}
Event: 11,966 GC heap before
{Heap before GC invocations=10 (full 5):
 PSYoungGen      total 305664K, used 43520K [0x00007e6963b00000, 0x00007e6979000000, 0x00007e6979000000)
  eden space 262144K, 0% used [0x00007e6963b00000,0x00007e6963b00000,0x00007e6973b00000)
  from space 43520K, 100% used [0x00007e6973b00000,0x00007e6976580000,0x00007e6976580000)
  to   space 43520K, 0% used [0x00007e6976580000,0x00007e6976580000,0x00007e6979000000)
 ParOldGen       total 699392K, used 517275K [0x00007e6939000000, 0x00007e6963b00000, 0x00007e6963b00000)
  object space 699392K, 73% used [0x00007e6939000000,0x00007e6958926e38,0x00007e6963b00000)
 Metaspace       used 6719K, committed 6784K, reserved 8192K
}
Event: 14,889 GC heap after
{Heap after GC invocations=10 (full 5):
 PSYoungGen      total 305664K, used 0K [0x00007e6963b00000, 0x00007e6979000000, 0x00007e6979000000)
  eden space 262144K, 0% used [0x00007e6963b00000,0x00007e6963b00000,0x00007e6973b00000)
  from space 43520K, 0% used [0x00007e6973b00000,0x00007e6973b00000,0x00007e6976580000)
  to   space 43520K, 0% used [0x00007e6976580000,0x00007e6976580000,0x00007e6979000000)
 ParOldGen       total 699392K, used 446107K [0x00007e6939000000, 0x00007e6963b00000, 0x00007e6963b00000)
  object space 699392K, 63% used [0x00007e6939000000,0x00007e69543a6e08,0x00007e6963b00000)
 Metaspace       used 6719K, committed 6784K, reserved 8192K
}
Event: 15,354 GC heap before
{Heap before GC invocations=11 (full 5):
 PSYoungGen      total 305664K, used 172248K [0x00007e6963b00000, 0x00007e6979000000, 0x00007e6979000000)
  eden space 262144K, 65% used [0x00007e6963b00000,0x00007e696e336338,0x00007e6973b00000)
  from space 43520K, 0% used [0x00007e6973b00000,0x00007e6973b00000,0x00007e6976580000)
  to   space 43520K, 0% used [0x00007e6976580000,0x00007e6976580000,0x00007e6979000000)
 ParOldGen       total 699392K, used 446107K [0x00007e6939000000, 0x00007e6963b00000, 0x00007e6963b00000)
  object space 699392K, 63% used [0x00007e6939000000,0x00007e69543a6e08,0x00007e6963b00000)
 Metaspace       used 6719K, committed 6784K, reserved 8192K
}
Event: 15,688 GC heap after
{Heap after GC invocations=11 (full 5):
 PSYoungGen      total 305664K, used 43520K [0x00007e6963b00000, 0x00007e6979000000, 0x00007e6979000000)
  eden space 262144K, 0% used [0x00007e6963b00000,0x00007e6963b00000,0x00007e6973b00000)
  from space 43520K, 100% used [0x00007e6976580000,0x00007e6979000000,0x00007e6979000000)
  to   space 43520K, 0% used [0x00007e6973b00000,0x00007e6973b00000,0x00007e6976580000)
 ParOldGen       total 699392K, used 543971K [0x00007e6939000000, 0x00007e6963b00000, 0x00007e6963b00000)
  object space 699392K, 77% used [0x00007e6939000000,0x00007e695a338e08,0x00007e6963b00000)
 Metaspace       used 6719K, committed 6784K, reserved 8192K
}
Event: 15,688 GC heap before
{Heap before GC invocations=12 (full 6):
 PSYoungGen      total 305664K, used 43520K [0x00007e6963b00000, 0x00007e6979000000, 0x00007e6979000000)
  eden space 262144K, 0% used [0x00007e6963b00000,0x00007e6963b00000,0x00007e6973b00000)
  from space 43520K, 100% used [0x00007e6976580000,0x00007e6979000000,0x00007e6979000000)
  to   space 43520K, 0% used [0x00007e6973b00000,0x00007e6973b00000,0x00007e6976580000)
 ParOldGen       total 699392K, used 543971K [0x00007e6939000000, 0x00007e6963b00000, 0x00007e6963b00000)
  object space 699392K, 77% used [0x00007e6939000000,0x00007e695a338e08,0x00007e6963b00000)
 Metaspace       used 6719K, committed 6784K, reserved 8192K
}
Event: 18,648 GC heap after
{Heap after GC invocations=12 (full 6):
 PSYoungGen      total 305664K, used 0K [0x00007e6963b00000, 0x00007e6979000000, 0x00007e6979000000)
  eden space 262144K, 0% used [0x00007e6963b00000,0x00007e6963b00000,0x00007e6973b00000)
  from space 43520K, 0% used [0x00007e6976580000,0x00007e6976580000,0x00007e6979000000)
  to   space 43520K, 0% used [0x00007e6973b00000,0x00007e6973b00000,0x00007e6976580000)
 ParOldGen       total 699392K, used 539377K [0x00007e6939000000, 0x00007e6963b00000, 0x00007e6963b00000)
  object space 699392K, 77% used [0x00007e6939000000,0x00007e6959ebc688,0x00007e6963b00000)
 Metaspace       used 6719K, committed 6784K, reserved 8192K
}
Event: 18,981 GC heap before
{Heap before GC invocations=13 (full 6):
 PSYoungGen      total 305664K, used 35516K [0x00007e6963b00000, 0x00007e6979000000, 0x00007e6979000000)
  eden space 262144K, 13% used [0x00007e6963b00000,0x00007e6965daf380,0x00007e6973b00000)
  from space 43520K, 0% used [0x00007e6976580000,0x00007e6976580000,0x00007e6979000000)
  to   space 43520K, 0% used [0x00007e6973b00000,0x00007e6973b00000,0x00007e6976580000)
 ParOldGen       total 699392K, used 539377K [0x00007e6939000000, 0x00007e6963b00000, 0x00007e6963b00000)
  object space 699392K, 77% used [0x00007e6939000000,0x00007e6959ebc688,0x00007e6963b00000)
 Metaspace       used 6719K, committed 6784K, reserved 8192K
}
Event: 18,990 GC heap after
{Heap after GC invocations=13 (full 6):
 PSYoungGen      total 305664K, used 32K [0x00007e6963b00000, 0x00007e6979000000, 0x00007e6979000000)
  eden space 262144K, 0% used [0x00007e6963b00000,0x00007e6963b00000,0x00007e6973b00000)
  from space 43520K, 0% used [0x00007e6973b00000,0x00007e6973b08000,0x00007e6976580000)
  to   space 43520K, 0% used [0x00007e6976580000,0x00007e6976580000,0x00007e6979000000)
 ParOldGen       total 699392K, used 539377K [0x00007e6939000000, 0x00007e6963b00000, 0x00007e6963b00000)
  object space 699392K, 77% used [0x00007e6939000000,0x00007e6959ebc688,0x00007e6963b00000)
 Metaspace       used 6719K, committed 6784K, reserved 8192K
}
Event: 18,991 GC heap before
{Heap before GC invocations=14 (full 7):
 PSYoungGen      total 305664K, used 32K [0x00007e6963b00000, 0x00007e6979000000, 0x00007e6979000000)
  eden space 262144K, 0% used [0x00007e6963b00000,0x00007e6963b00000,0x00007e6973b00000)
  from space 43520K, 0% used [0x00007e6973b00000,0x00007e6973b08000,0x00007e6976580000)
  to   space 43520K, 0% used [0x00007e6976580000,0x00007e6976580000,0x00007e6979000000)
 ParOldGen       total 699392K, used 539377K [0x00007e6939000000, 0x00007e6963b00000, 0x00007e6963b00000)
  object space 699392K, 77% used [0x00007e6939000000,0x00007e6959ebc688,0x00007e6963b00000)
 Metaspace       used 6719K, committed 6784K, reserved 8192K
}
Event: 21,105 GC heap after
{Heap after GC invocations=14 (full 7):
 PSYoungGen      total 305664K, used 0K [0x00007e6963b00000, 0x00007e6979000000, 0x00007e6979000000)
  eden space 262144K, 0% used [0x00007e6963b00000,0x00007e6963b00000,0x00007e6973b00000)
  from space 43520K, 0% used [0x00007e6973b00000,0x00007e6973b00000,0x00007e6976580000)
  to   space 43520K, 0% used [0x00007e6976580000,0x00007e6976580000,0x00007e6979000000)
 ParOldGen       total 699392K, used 537056K [0x00007e6939000000, 0x00007e6963b00000, 0x00007e6963b00000)
  object space 699392K, 76% used [0x00007e6939000000,0x00007e6959c783f8,0x00007e6963b00000)
 Metaspace       used 6719K, committed 6784K, reserved 8192K
}
Event: 21,317 GC heap before
{Heap before GC invocations=15 (full 7):
 PSYoungGen      total 305664K, used 142067K [0x00007e6963b00000, 0x00007e6979000000, 0x00007e6979000000)
  eden space 262144K, 54% used [0x00007e6963b00000,0x00007e696c5bce18,0x00007e6973b00000)
  from space 43520K, 0% used [0x00007e6973b00000,0x00007e6973b00000,0x00007e6976580000)
  to   space 43520K, 0% used [0x00007e6976580000,0x00007e6976580000,0x00007e6979000000)
 ParOldGen       total 699392K, used 537056K [0x00007e6939000000, 0x00007e6963b00000, 0x00007e6963b00000)
  object space 699392K, 76% used [0x00007e6939000000,0x00007e6959c783f8,0x00007e6963b00000)
 Metaspace       used 6719K, committed 6784K, reserved 8192K
}
Event: 21,654 GC heap after
{Heap after GC invocations=15 (full 7):
 PSYoungGen      total 305664K, used 43520K [0x00007e6963b00000, 0x00007e6979000000, 0x00007e6979000000)
  eden space 262144K, 0% used [0x00007e6963b00000,0x00007e6963b00000,0x00007e6973b00000)
  from space 43520K, 100% used [0x00007e6976580000,0x00007e6979000000,0x00007e6979000000)
  to   space 43520K, 0% used [0x00007e6973b00000,0x00007e6973b00000,0x00007e6976580000)
 ParOldGen       total 699392K, used 634944K [0x00007e6939000000, 0x00007e6963b00000, 0x00007e6963b00000)
  object space 699392K, 90% used [0x00007e6939000000,0x00007e695fc103f8,0x00007e6963b00000)
 Metaspace       used 6719K, committed 6784K, reserved 8192K
}
Event: 21,654 GC heap before
{Heap before GC invocations=16 (full 8):
 PSYoungGen      total 305664K, used 43520K [0x00007e6963b00000, 0x00007e6979000000, 0x00007e6979000000)
  eden space 262144K, 0% used [0x00007e6963b00000,0x00007e6963b00000,0x00007e6973b00000)
  from space 43520K, 100% used [0x00007e6976580000,0x00007e6979000000,0x00007e6979000000)
  to   space 43520K, 0% used [0x00007e6973b00000,0x00007e6973b00000,0x00007e6976580000)
 ParOldGen       total 699392K, used 634944K [0x00007e6939000000, 0x00007e6963b00000, 0x00007e6963b00000)
  object space 699392K, 90% used [0x00007e6939000000,0x00007e695fc103f8,0x00007e6963b00000)
 Metaspace       used 6719K, committed 6784K, reserved 8192K
}
Event: 24,755 GC heap after
{Heap after GC invocations=16 (full 8):
 PSYoungGen      total 305664K, used 0K [0x00007e6963b00000, 0x00007e6979000000, 0x00007e6979000000)
  eden space 262144K, 0% used [0x00007e6963b00000,0x00007e6963b00000,0x00007e6973b00000)
  from space 43520K, 0% used [0x00007e6976580000,0x00007e6976580000,0x00007e6979000000)
  to   space 43520K, 0% used [0x00007e6973b00000,0x00007e6973b00000,0x00007e6976580000)
 ParOldGen       total 699392K, used 630111K [0x00007e6939000000, 0x00007e6963b00000, 0x00007e6963b00000)
  object space 699392K, 90% used [0x00007e6939000000,0x00007e695f757e40,0x00007e6963b00000)
 Metaspace       used 6719K, committed 6784K, reserved 8192K
}
Event: 25,467 GC heap before
{Heap before GC invocations=17 (full 9):
 PSYoungGen      total 305664K, used 262144K [0x00007e6963b00000, 0x00007e6979000000, 0x00007e6979000000)
  eden space 262144K, 100% used [0x00007e6963b00000,0x00007e6973b00000,0x00007e6973b00000)
  from space 43520K, 0% used [0x00007e6976580000,0x00007e6976580000,0x00007e6979000000)
  to   space 43520K, 0% used [0x00007e6973b00000,0x00007e6973b00000,0x00007e6976580000)
 ParOldGen       total 699392K, used 630111K [0x00007e6939000000, 0x00007e6963b00000, 0x00007e6963b00000)
  object space 699392K, 90% used [0x00007e6939000000,0x00007e695f757e40,0x00007e6963b00000)
 Metaspace       used 6723K, committed 6848K, reserved 8192K
}
Event: 31,265 GC heap after
{Heap after GC invocations=17 (full 9):
 PSYoungGen      total 305664K, used 49522K [0x00007e6963b00000, 0x00007e6979000000, 0x00007e6979000000)
  eden space 262144K, 18% used [0x00007e6963b00000,0x00007e6966b5ca68,0x00007e6973b00000)
  from space 43520K, 0% used [0x00007e6973b00000,0x00007e6973b00000,0x00007e6976580000)
  to   space 43520K, 0% used [0x00007e6976580000,0x00007e6976580000,0x00007e6979000000)
 ParOldGen       total 699392K, used 961224K [0x00007e6939000000, 0x00007e6963b00000, 0x00007e6963b00000)
  object space 699392K, 137% used [0x00007e6939000000,0x00007e6973ab23b8,0x00007e6963b00000)
 Metaspace       used 6723K, committed 6848K, reserved 8192K
}

