# JRE version: OpenJDK Runtime Environment (17.0.6) (fastdebug build 17.0.6-internal+0-adhoc.konstdelis.jdk17u067)
# Java VM: OpenJDK 64-Bit Server VM (fastdebug 17.0.6-internal+0-adhoc.konstdelis.jdk17u067, mixed mode, tiered, parallel gc, linux-amd64)
GC Precious Log:
 CPUs: 32 total, 32 available
 Memory: 251G
 Large Page Support: Disabled
 NUMA Support: Disabled
 Compressed Oops: Disabled
 Alignments: Space 512K, Generation 512K, Heap 2M
 Heap Min Capacity: 1G
 Heap Initial Capacity: 1G
 Heap Max Capacity: 1G
 Pre-touch: Disabled
 Parallel Workers: 1
Heap:
 PSYoungGen      total 305664K, used 7864K [0x00007f50cb700000, 0x00007f50e0c00000, 0x00007f50e0c00000)
  eden space 262144K, 3% used [0x00007f50cb700000,0x00007f50cbeae330,0x00007f50db700000)
  from space 43520K, 0% used [0x00007f50de180000,0x00007f50de180000,0x00007f50e0c00000)
  to   space 43520K, 0% used [0x00007f50db700000,0x00007f50db700000,0x00007f50de180000)
 ParOldGen       total 699392K, used 17077K [0x00007f50a0c00000, 0x00007f50cb700000, 0x00007f50cb700000)
  object space 699392K, 2% used [0x00007f50a0c00000,0x00007f50a1cad638,0x00007f50cb700000)
 Metaspace       used 7453K, committed 7552K, reserved 8192K
GC Heap History (16 events):
Event: 1,836 GC heap before
{Heap before GC invocations=1 (full 0):
 PSYoungGen      total 305664K, used 36700K [0x00007f50cb700000, 0x00007f50e0c00000, 0x00007f50e0c00000)
  eden space 262144K, 14% used [0x00007f50cb700000,0x00007f50cdad7330,0x00007f50db700000)
  from space 43520K, 0% used [0x00007f50de180000,0x00007f50de180000,0x00007f50e0c00000)
  to   space 43520K, 0% used [0x00007f50db700000,0x00007f50db700000,0x00007f50de180000)
 ParOldGen       total 699392K, used 0K [0x00007f50a0c00000, 0x00007f50cb700000, 0x00007f50cb700000)
  object space 699392K, 0% used [0x00007f50a0c00000,0x00007f50a0c00000,0x00007f50cb700000)
 Metaspace       used 7335K, committed 7424K, reserved 8192K
}
Event: 1,934 GC heap after
{Heap after GC invocations=1 (full 0):
 PSYoungGen      total 305664K, used 9248K [0x00007f50cb700000, 0x00007f50e0c00000, 0x00007f50e0c00000)
  eden space 262144K, 0% used [0x00007f50cb700000,0x00007f50cb700000,0x00007f50db700000)
  from space 43520K, 21% used [0x00007f50db700000,0x00007f50dc008000,0x00007f50de180000)
  to   space 43520K, 0% used [0x00007f50de180000,0x00007f50de180000,0x00007f50e0c00000)
 ParOldGen       total 699392K, used 0K [0x00007f50a0c00000, 0x00007f50cb700000, 0x00007f50cb700000)
  object space 699392K, 0% used [0x00007f50a0c00000,0x00007f50a0c00000,0x00007f50cb700000)
 Metaspace       used 7335K, committed 7424K, reserved 8192K
}
Event: 1,934 GC heap before
{Heap before GC invocations=2 (full 1):
 PSYoungGen      total 305664K, used 9248K [0x00007f50cb700000, 0x00007f50e0c00000, 0x00007f50e0c00000)
  eden space 262144K, 0% used [0x00007f50cb700000,0x00007f50cb700000,0x00007f50db700000)
  from space 43520K, 21% used [0x00007f50db700000,0x00007f50dc008000,0x00007f50de180000)
  to   space 43520K, 0% used [0x00007f50de180000,0x00007f50de180000,0x00007f50e0c00000)
 ParOldGen       total 699392K, used 0K [0x00007f50a0c00000, 0x00007f50cb700000, 0x00007f50cb700000)
  object space 699392K, 0% used [0x00007f50a0c00000,0x00007f50a0c00000,0x00007f50cb700000)
 Metaspace       used 7335K, committed 7424K, reserved 8192K
}
Event: 2,164 GC heap after
{Heap after GC invocations=2 (full 1):
 PSYoungGen      total 305664K, used 0K [0x00007f50cb700000, 0x00007f50e0c00000, 0x00007f50e0c00000)
  eden space 262144K, 0% used [0x00007f50cb700000,0x00007f50cb700000,0x00007f50db700000)
  from space 43520K, 0% used [0x00007f50db700000,0x00007f50db700000,0x00007f50de180000)
  to   space 43520K, 0% used [0x00007f50de180000,0x00007f50de180000,0x00007f50e0c00000)
 ParOldGen       total 699392K, used 6078K [0x00007f50a0c00000, 0x00007f50cb700000, 0x00007f50cb700000)
  object space 699392K, 0% used [0x00007f50a0c00000,0x00007f50a11efb00,0x00007f50cb700000)
 Metaspace       used 7335K, committed 7424K, reserved 8192K
}
Event: 26,662 GC heap before
{Heap before GC invocations=3 (full 1):
 PSYoungGen      total 305664K, used 36700K [0x00007f50cb700000, 0x00007f50e0c00000, 0x00007f50e0c00000)
  eden space 262144K, 14% used [0x00007f50cb700000,0x00007f50cdad71c8,0x00007f50db700000)
  from space 43520K, 0% used [0x00007f50db700000,0x00007f50db700000,0x00007f50de180000)
  to   space 43520K, 0% used [0x00007f50de180000,0x00007f50de180000,0x00007f50e0c00000)
 ParOldGen       total 699392K, used 6078K [0x00007f50a0c00000, 0x00007f50cb700000, 0x00007f50cb700000)
  object space 699392K, 0% used [0x00007f50a0c00000,0x00007f50a11efb00,0x00007f50cb700000)
 Metaspace       used 7423K, committed 7488K, reserved 8192K
}
Event: 26,795 GC heap after
{Heap after GC invocations=3 (full 1):
 PSYoungGen      total 305664K, used 14208K [0x00007f50cb700000, 0x00007f50e0c00000, 0x00007f50e0c00000)
  eden space 262144K, 0% used [0x00007f50cb700000,0x00007f50cb700000,0x00007f50db700000)
  from space 43520K, 32% used [0x00007f50de180000,0x00007f50def60000,0x00007f50e0c00000)
  to   space 43520K, 0% used [0x00007f50db700000,0x00007f50db700000,0x00007f50de180000)
 ParOldGen       total 699392K, used 6078K [0x00007f50a0c00000, 0x00007f50cb700000, 0x00007f50cb700000)
  object space 699392K, 0% used [0x00007f50a0c00000,0x00007f50a11efb00,0x00007f50cb700000)
 Metaspace       used 7423K, committed 7488K, reserved 8192K
}
Event: 26,795 GC heap before
{Heap before GC invocations=4 (full 2):
 PSYoungGen      total 305664K, used 14208K [0x00007f50cb700000, 0x00007f50e0c00000, 0x00007f50e0c00000)
  eden space 262144K, 0% used [0x00007f50cb700000,0x00007f50cb700000,0x00007f50db700000)
  from space 43520K, 32% used [0x00007f50de180000,0x00007f50def60000,0x00007f50e0c00000)
  to   space 43520K, 0% used [0x00007f50db700000,0x00007f50db700000,0x00007f50de180000)
 ParOldGen       total 699392K, used 6078K [0x00007f50a0c00000, 0x00007f50cb700000, 0x00007f50cb700000)
  object space 699392K, 0% used [0x00007f50a0c00000,0x00007f50a11efb00,0x00007f50cb700000)
 Metaspace       used 7423K, committed 7488K, reserved 8192K
}
Event: 27,110 GC heap after
{Heap after GC invocations=4 (full 2):
 PSYoungGen      total 305664K, used 0K [0x00007f50cb700000, 0x00007f50e0c00000, 0x00007f50e0c00000)
  eden space 262144K, 0% used [0x00007f50cb700000,0x00007f50cb700000,0x00007f50db700000)
  from space 43520K, 0% used [0x00007f50de180000,0x00007f50de180000,0x00007f50e0c00000)
  to   space 43520K, 0% used [0x00007f50db700000,0x00007f50db700000,0x00007f50de180000)
 ParOldGen       total 699392K, used 9264K [0x00007f50a0c00000, 0x00007f50cb700000, 0x00007f50cb700000)
  object space 699392K, 1% used [0x00007f50a0c00000,0x00007f50a150c220,0x00007f50cb700000)
 Metaspace       used 7423K, committed 7488K, reserved 8192K
}
Event: 27,131 GC heap before
{Heap before GC invocations=5 (full 2):
 PSYoungGen      total 305664K, used 10485K [0x00007f50cb700000, 0x00007f50e0c00000, 0x00007f50e0c00000)
  eden space 262144K, 4% used [0x00007f50cb700000,0x00007f50cc13d778,0x00007f50db700000)
  from space 43520K, 0% used [0x00007f50de180000,0x00007f50de180000,0x00007f50e0c00000)
  to   space 43520K, 0% used [0x00007f50db700000,0x00007f50db700000,0x00007f50de180000)
 ParOldGen       total 699392K, used 9264K [0x00007f50a0c00000, 0x00007f50cb700000, 0x00007f50cb700000)
  object space 699392K, 1% used [0x00007f50a0c00000,0x00007f50a150c220,0x00007f50cb700000)
 Metaspace       used 7423K, committed 7488K, reserved 8192K
}
Event: 27,213 GC heap after
{Heap after GC invocations=5 (full 2):
 PSYoungGen      total 305664K, used 7840K [0x00007f50cb700000, 0x00007f50e0c00000, 0x00007f50e0c00000)
  eden space 262144K, 0% used [0x00007f50cb700000,0x00007f50cb700000,0x00007f50db700000)
  from space 43520K, 18% used [0x00007f50db700000,0x00007f50dbea8000,0x00007f50de180000)
  to   space 43520K, 0% used [0x00007f50de180000,0x00007f50de180000,0x00007f50e0c00000)
 ParOldGen       total 699392K, used 9264K [0x00007f50a0c00000, 0x00007f50cb700000, 0x00007f50cb700000)
  object space 699392K, 1% used [0x00007f50a0c00000,0x00007f50a150c220,0x00007f50cb700000)
 Metaspace       used 7423K, committed 7488K, reserved 8192K
}
Event: 27,213 GC heap before
{Heap before GC invocations=6 (full 3):
 PSYoungGen      total 305664K, used 7840K [0x00007f50cb700000, 0x00007f50e0c00000, 0x00007f50e0c00000)
  eden space 262144K, 0% used [0x00007f50cb700000,0x00007f50cb700000,0x00007f50db700000)
  from space 43520K, 18% used [0x00007f50db700000,0x00007f50dbea8000,0x00007f50de180000)
  to   space 43520K, 0% used [0x00007f50de180000,0x00007f50de180000,0x00007f50e0c00000)
 ParOldGen       total 699392K, used 9264K [0x00007f50a0c00000, 0x00007f50cb700000, 0x00007f50cb700000)
  object space 699392K, 1% used [0x00007f50a0c00000,0x00007f50a150c220,0x00007f50cb700000)
 Metaspace       used 7423K, committed 7488K, reserved 8192K
}
Event: 27,839 GC heap after
{Heap after GC invocations=6 (full 3):
 PSYoungGen      total 305664K, used 0K [0x00007f50cb700000, 0x00007f50e0c00000, 0x00007f50e0c00000)
  eden space 262144K, 0% used [0x00007f50cb700000,0x00007f50cb700000,0x00007f50db700000)
  from space 43520K, 0% used [0x00007f50db700000,0x00007f50db700000,0x00007f50de180000)
  to   space 43520K, 0% used [0x00007f50de180000,0x00007f50de180000,0x00007f50e0c00000)
 ParOldGen       total 699392K, used 13957K [0x00007f50a0c00000, 0x00007f50cb700000, 0x00007f50cb700000)
  object space 699392K, 1% used [0x00007f50a0c00000,0x00007f50a19a17f0,0x00007f50cb700000)
 Metaspace       used 7423K, committed 7488K, reserved 8192K
}
Event: 38,287 GC heap before
{Heap before GC invocations=7 (full 3):
 PSYoungGen      total 305664K, used 5242K [0x00007f50cb700000, 0x00007f50e0c00000, 0x00007f50e0c00000)
  eden space 262144K, 2% used [0x00007f50cb700000,0x00007f50cbc1ebc8,0x00007f50db700000)
  from space 43520K, 0% used [0x00007f50db700000,0x00007f50db700000,0x00007f50de180000)
  to   space 43520K, 0% used [0x00007f50de180000,0x00007f50de180000,0x00007f50e0c00000)
 ParOldGen       total 699392K, used 13957K [0x00007f50a0c00000, 0x00007f50cb700000, 0x00007f50cb700000)
  object space 699392K, 1% used [0x00007f50a0c00000,0x00007f50a19a17f0,0x00007f50cb700000)
 Metaspace       used 7437K, committed 7488K, reserved 8192K
}
Event: 38,290 GC heap after
{Heap after GC invocations=7 (full 3):
 PSYoungGen      total 305664K, used 32K [0x00007f50cb700000, 0x00007f50e0c00000, 0x00007f50e0c00000)
  eden space 262144K, 0% used [0x00007f50cb700000,0x00007f50cb700000,0x00007f50db700000)
  from space 43520K, 0% used [0x00007f50de180000,0x00007f50de188000,0x00007f50e0c00000)
  to   space 43520K, 0% used [0x00007f50db700000,0x00007f50db700000,0x00007f50de180000)
 ParOldGen       total 699392K, used 13957K [0x00007f50a0c00000, 0x00007f50cb700000, 0x00007f50cb700000)
  object space 699392K, 1% used [0x00007f50a0c00000,0x00007f50a19a17f0,0x00007f50cb700000)
 Metaspace       used 7437K, committed 7488K, reserved 8192K
}
Event: 38,290 GC heap before
{Heap before GC invocations=8 (full 4):
 PSYoungGen      total 305664K, used 32K [0x00007f50cb700000, 0x00007f50e0c00000, 0x00007f50e0c00000)
  eden space 262144K, 0% used [0x00007f50cb700000,0x00007f50cb700000,0x00007f50db700000)
  from space 43520K, 0% used [0x00007f50de180000,0x00007f50de188000,0x00007f50e0c00000)
  to   space 43520K, 0% used [0x00007f50db700000,0x00007f50db700000,0x00007f50de180000)
 ParOldGen       total 699392K, used 13957K [0x00007f50a0c00000, 0x00007f50cb700000, 0x00007f50cb700000)
  object space 699392K, 1% used [0x00007f50a0c00000,0x00007f50a19a17f0,0x00007f50cb700000)
 Metaspace       used 7437K, committed 7488K, reserved 8192K
}
Event: 38,618 GC heap after
{Heap after GC invocations=8 (full 4):
 PSYoungGen      total 305664K, used 0K [0x00007f50cb700000, 0x00007f50e0c00000, 0x00007f50e0c00000)
  eden space 262144K, 0% used [0x00007f50cb700000,0x00007f50cb700000,0x00007f50db700000)
  from space 43520K, 0% used [0x00007f50de180000,0x00007f50de180000,0x00007f50e0c00000)
  to   space 43520K, 0% used [0x00007f50db700000,0x00007f50db700000,0x00007f50de180000)
 ParOldGen       total 699392K, used 17077K [0x00007f50a0c00000, 0x00007f50cb700000, 0x00007f50cb700000)
  object space 699392K, 2% used [0x00007f50a0c00000,0x00007f50a1cad638,0x00007f50cb700000)
 Metaspace       used 7437K, committed 7488K, reserved 8192K
}

