# JRE version: OpenJDK Runtime Environment (17.0.6) (fastdebug build 17.0.6-internal+0-adhoc.konstdelis.jdk17u067)
# Java VM: OpenJDK 64-Bit Server VM (fastdebug 17.0.6-internal+0-adhoc.konstdelis.jdk17u067, mixed mode, tiered, parallel gc, linux-amd64)
GC Precious Log:
 CPUs: 32 total, 32 available
 Memory: 251G
 Large Page Support: Disabled
 NUMA Support: Disabled
 Compressed Oops: Disabled
 Alignments: Space 512K, Generation 512K, Heap 2M
 Heap Min Capacity: 3G
 Heap Initial Capacity: 3G
 Heap Max Capacity: 3G
 Pre-touch: Disabled
 Parallel Workers: 8
Heap:
 PSYoungGen      total 917504K, used 131045K [0x00007e7d25000000, 0x00007e7d65000000, 0x00007e7d65000000)
  eden space 786432K, 0% used [0x00007e7d25000000,0x00007e7d25000000,0x00007e7d55000000)
  from space 131072K, 99% used [0x00007e7d55000000,0x00007e7d5cff9510,0x00007e7d5d000000)
  to   space 131072K, 0% used [0x00007e7d5d000000,0x00007e7d5d000000,0x00007e7d65000000)
 ParOldGen       total 2097152K, used 1789966K [0x00007e7ca5000000, 0x00007e7d25000000, 0x00007e7d25000000)
  object space 2097152K, 85% used [0x00007e7ca5000000,0x00007e7d124038c0,0x00007e7d25000000)
 Metaspace       used 7346K, committed 7488K, reserved 8192K
GC Heap History (7 events):
Event: 2.866 GC heap before
{Heap before GC invocations=1 (full 0):
 PSYoungGen      total 917504K, used 786432K [0x00007e7d25000000, 0x00007e7d65000000, 0x00007e7d65000000)
  eden space 786432K, 100% used [0x00007e7d25000000,0x00007e7d55000000,0x00007e7d55000000)
  from space 131072K, 0% used [0x00007e7d5d000000,0x00007e7d5d000000,0x00007e7d65000000)
  to   space 131072K, 0% used [0x00007e7d55000000,0x00007e7d55000000,0x00007e7d5d000000)
 ParOldGen       total 2097152K, used 0K [0x00007e7ca5000000, 0x00007e7d25000000, 0x00007e7d25000000)
  object space 2097152K, 0% used [0x00007e7ca5000000,0x00007e7ca5000000,0x00007e7d25000000)
 Metaspace       used 7346K, committed 7488K, reserved 8192K
}
Event: 3.660 GC heap after
{Heap after GC invocations=1 (full 0):
 PSYoungGen      total 917504K, used 131049K [0x00007e7d25000000, 0x00007e7d65000000, 0x00007e7d65000000)
  eden space 786432K, 0% used [0x00007e7d25000000,0x00007e7d25000000,0x00007e7d55000000)
  from space 131072K, 99% used [0x00007e7d55000000,0x00007e7d5cffa5e0,0x00007e7d5d000000)
  to   space 131072K, 0% used [0x00007e7d5d000000,0x00007e7d5d000000,0x00007e7d65000000)
 ParOldGen       total 2097152K, used 494568K [0x00007e7ca5000000, 0x00007e7d25000000, 0x00007e7d25000000)
  object space 2097152K, 23% used [0x00007e7ca5000000,0x00007e7cc32fa000,0x00007e7d25000000)
 Metaspace       used 7346K, committed 7488K, reserved 8192K
}
Event: 4.034 GC heap before
{Heap before GC invocations=2 (full 0):
 PSYoungGen      total 917504K, used 917481K [0x00007e7d25000000, 0x00007e7d65000000, 0x00007e7d65000000)
  eden space 786432K, 100% used [0x00007e7d25000000,0x00007e7d55000000,0x00007e7d55000000)
  from space 131072K, 99% used [0x00007e7d55000000,0x00007e7d5cffa5e0,0x00007e7d5d000000)
  to   space 131072K, 0% used [0x00007e7d5d000000,0x00007e7d5d000000,0x00007e7d65000000)
 ParOldGen       total 2097152K, used 494568K [0x00007e7ca5000000, 0x00007e7d25000000, 0x00007e7d25000000)
  object space 2097152K, 23% used [0x00007e7ca5000000,0x00007e7cc32fa000,0x00007e7d25000000)
 Metaspace       used 7346K, committed 7488K, reserved 8192K
}
Event: 5.019 GC heap after
{Heap after GC invocations=2 (full 0):
 PSYoungGen      total 917504K, used 131057K [0x00007e7d25000000, 0x00007e7d65000000, 0x00007e7d65000000)
  eden space 786432K, 0% used [0x00007e7d25000000,0x00007e7d25000000,0x00007e7d55000000)
  from space 131072K, 99% used [0x00007e7d5d000000,0x00007e7d64ffc718,0x00007e7d65000000)
  to   space 131072K, 0% used [0x00007e7d55000000,0x00007e7d55000000,0x00007e7d5d000000)
 ParOldGen       total 2097152K, used 1136976K [0x00007e7ca5000000, 0x00007e7d25000000, 0x00007e7d25000000)
  object space 2097152K, 54% used [0x00007e7ca5000000,0x00007e7cea654000,0x00007e7d25000000)
 Metaspace       used 7346K, committed 7488K, reserved 8192K
}
Event: 5.380 GC heap before
{Heap before GC invocations=3 (full 0):
 PSYoungGen      total 917504K, used 917489K [0x00007e7d25000000, 0x00007e7d65000000, 0x00007e7d65000000)
  eden space 786432K, 100% used [0x00007e7d25000000,0x00007e7d55000000,0x00007e7d55000000)
  from space 131072K, 99% used [0x00007e7d5d000000,0x00007e7d64ffc718,0x00007e7d65000000)
  to   space 131072K, 0% used [0x00007e7d55000000,0x00007e7d55000000,0x00007e7d5d000000)
 ParOldGen       total 2097152K, used 1136976K [0x00007e7ca5000000, 0x00007e7d25000000, 0x00007e7d25000000)
  object space 2097152K, 54% used [0x00007e7ca5000000,0x00007e7cea654000,0x00007e7d25000000)
 Metaspace       used 7346K, committed 7488K, reserved 8192K
}
Event: 6.472 GC heap after
{Heap after GC invocations=3 (full 0):
 PSYoungGen      total 917504K, used 131045K [0x00007e7d25000000, 0x00007e7d65000000, 0x00007e7d65000000)
  eden space 786432K, 0% used [0x00007e7d25000000,0x00007e7d25000000,0x00007e7d55000000)
  from space 131072K, 99% used [0x00007e7d55000000,0x00007e7d5cff9510,0x00007e7d5d000000)
  to   space 131072K, 0% used [0x00007e7d5d000000,0x00007e7d5d000000,0x00007e7d65000000)
 ParOldGen       total 2097152K, used 1789966K [0x00007e7ca5000000, 0x00007e7d25000000, 0x00007e7d25000000)
  object space 2097152K, 85% used [0x00007e7ca5000000,0x00007e7d124038c0,0x00007e7d25000000)
 Metaspace       used 7346K, committed 7488K, reserved 8192K
}
Event: 6.472 GC heap before
{Heap before GC invocations=4 (full 1):
 PSYoungGen      total 917504K, used 131045K [0x00007e7d25000000, 0x00007e7d65000000, 0x00007e7d65000000)
  eden space 786432K, 0% used [0x00007e7d25000000,0x00007e7d25000000,0x00007e7d55000000)
  from space 131072K, 99% used [0x00007e7d55000000,0x00007e7d5cff9510,0x00007e7d5d000000)
  to   space 131072K, 0% used [0x00007e7d5d000000,0x00007e7d5d000000,0x00007e7d65000000)
 ParOldGen       total 2097152K, used 1789966K [0x00007e7ca5000000, 0x00007e7d25000000, 0x00007e7d25000000)
  object space 2097152K, 85% used [0x00007e7ca5000000,0x00007e7d124038c0,0x00007e7d25000000)
 Metaspace       used 7346K, committed 7488K, reserved 8192K
}

