# JRE version: OpenJDK Runtime Environment (17.0.6) (fastdebug build 17.0.6-internal+0-adhoc.konstdelis.jdk17u067)
# Java VM: OpenJDK 64-Bit Server VM (fastdebug 17.0.6-internal+0-adhoc.konstdelis.jdk17u067, mixed mode, tiered, parallel gc, linux-amd64)
GC Precious Log:
 CPUs: 32 total, 32 available
 Memory: 251G
 Large Page Support: Disabled
 NUMA Support: Disabled
 Compressed Oops: Disabled
 Alignments: Space 512K, Generation 512K, Heap 2M
 Heap Min Capacity: 3G
 Heap Initial Capacity: 3G
 Heap Max Capacity: 3G
 Pre-touch: Disabled
 Parallel Workers: 8
Heap:
 PSYoungGen      total 917504K, used 161439K [0x00007e57f1000000, 0x00007e5831000000, 0x00007e5831000000)
  eden space 786432K, 20% used [0x00007e57f1000000,0x00007e57fada7e18,0x00007e5821000000)
  from space 131072K, 0% used [0x00007e5829000000,0x00007e5829000000,0x00007e5831000000)
  to   space 131072K, 99% used [0x00007e5821000000,0x00007e5828f35808,0x00007e5829000000)
 ParOldGen       total 2097152K, used 316257K [0x00007e5771000000, 0x00007e57f1000000, 0x00007e57f1000000)
  object space 2097152K, 15% used [0x00007e5771000000,0x00007e57844d8738,0x00007e57f1000000)
 Metaspace       used 7422K, committed 7488K, reserved 8192K
GC Heap History (17 events):
Event: 2,719 GC heap before
{Heap before GC invocations=1 (full 0):
 PSYoungGen      total 917504K, used 378142K [0x00007e57f1000000, 0x00007e5831000000, 0x00007e5831000000)
  eden space 786432K, 48% used [0x00007e57f1000000,0x00007e5808147a18,0x00007e5821000000)
  from space 131072K, 0% used [0x00007e5829000000,0x00007e5829000000,0x00007e5831000000)
  to   space 131072K, 0% used [0x00007e5821000000,0x00007e5821000000,0x00007e5829000000)
 ParOldGen       total 2097152K, used 0K [0x00007e5771000000, 0x00007e57f1000000, 0x00007e57f1000000)
  object space 2097152K, 0% used [0x00007e5771000000,0x00007e5771000000,0x00007e57f1000000)
 Metaspace       used 7422K, committed 7488K, reserved 8192K
}
Event: 2,984 GC heap after
{Heap after GC invocations=1 (full 0):
 PSYoungGen      total 917504K, used 131056K [0x00007e57f1000000, 0x00007e5831000000, 0x00007e5831000000)
  eden space 786432K, 0% used [0x00007e57f1000000,0x00007e57f1000000,0x00007e5821000000)
  from space 131072K, 99% used [0x00007e5821000000,0x00007e5828ffc070,0x00007e5829000000)
  to   space 131072K, 0% used [0x00007e5829000000,0x00007e5829000000,0x00007e5831000000)
 ParOldGen       total 2097152K, used 93328K [0x00007e5771000000, 0x00007e57f1000000, 0x00007e57f1000000)
  object space 2097152K, 4% used [0x00007e5771000000,0x00007e5776b24000,0x00007e57f1000000)
 Metaspace       used 7422K, committed 7488K, reserved 8192K
}
Event: 2,984 GC heap before
{Heap before GC invocations=2 (full 1):
 PSYoungGen      total 917504K, used 131056K [0x00007e57f1000000, 0x00007e5831000000, 0x00007e5831000000)
  eden space 786432K, 0% used [0x00007e57f1000000,0x00007e57f1000000,0x00007e5821000000)
  from space 131072K, 99% used [0x00007e5821000000,0x00007e5828ffc070,0x00007e5829000000)
  to   space 131072K, 0% used [0x00007e5829000000,0x00007e5829000000,0x00007e5831000000)
 ParOldGen       total 2097152K, used 93328K [0x00007e5771000000, 0x00007e57f1000000, 0x00007e57f1000000)
  object space 2097152K, 4% used [0x00007e5771000000,0x00007e5776b24000,0x00007e57f1000000)
 Metaspace       used 7422K, committed 7488K, reserved 8192K
}
Event: 4,167 GC heap after
{Heap after GC invocations=2 (full 1):
 PSYoungGen      total 917504K, used 0K [0x00007e57f1000000, 0x00007e5831000000, 0x00007e5831000000)
  eden space 786432K, 0% used [0x00007e57f1000000,0x00007e57f1000000,0x00007e5821000000)
  from space 131072K, 0% used [0x00007e5821000000,0x00007e5821000000,0x00007e5829000000)
  to   space 131072K, 0% used [0x00007e5829000000,0x00007e5829000000,0x00007e5831000000)
 ParOldGen       total 2097152K, used 191238K [0x00007e5771000000, 0x00007e57f1000000, 0x00007e57f1000000)
  object space 2097152K, 9% used [0x00007e5771000000,0x00007e577cac18e8,0x00007e57f1000000)
 Metaspace       used 7422K, committed 7488K, reserved 8192K
}
Event: 4,179 GC heap before
{Heap before GC invocations=3 (full 1):
 PSYoungGen      total 917504K, used 15728K [0x00007e57f1000000, 0x00007e5831000000, 0x00007e5831000000)
  eden space 786432K, 2% used [0x00007e57f1000000,0x00007e57f1f5c2c8,0x00007e5821000000)
  from space 131072K, 0% used [0x00007e5821000000,0x00007e5821000000,0x00007e5829000000)
  to   space 131072K, 0% used [0x00007e5829000000,0x00007e5829000000,0x00007e5831000000)
 ParOldGen       total 2097152K, used 191238K [0x00007e5771000000, 0x00007e57f1000000, 0x00007e57f1000000)
  object space 2097152K, 9% used [0x00007e5771000000,0x00007e577cac18e8,0x00007e57f1000000)
 Metaspace       used 7422K, committed 7488K, reserved 8192K
}
Event: 4,212 GC heap after
{Heap after GC invocations=3 (full 1):
 PSYoungGen      total 917504K, used 0K [0x00007e57f1000000, 0x00007e5831000000, 0x00007e5831000000)
  eden space 786432K, 0% used [0x00007e57f1000000,0x00007e57f1000000,0x00007e5821000000)
  from space 131072K, 0% used [0x00007e5829000000,0x00007e5829000000,0x00007e5831000000)
  to   space 131072K, 0% used [0x00007e5821000000,0x00007e5821000000,0x00007e5829000000)
 ParOldGen       total 2097152K, used 191238K [0x00007e5771000000, 0x00007e57f1000000, 0x00007e57f1000000)
  object space 2097152K, 9% used [0x00007e5771000000,0x00007e577cac18e8,0x00007e57f1000000)
 Metaspace       used 7422K, committed 7488K, reserved 8192K
}
Event: 4,212 GC heap before
{Heap before GC invocations=4 (full 2):
 PSYoungGen      total 917504K, used 0K [0x00007e57f1000000, 0x00007e5831000000, 0x00007e5831000000)
  eden space 786432K, 0% used [0x00007e57f1000000,0x00007e57f1000000,0x00007e5821000000)
  from space 131072K, 0% used [0x00007e5829000000,0x00007e5829000000,0x00007e5831000000)
  to   space 131072K, 0% used [0x00007e5821000000,0x00007e5821000000,0x00007e5829000000)
 ParOldGen       total 2097152K, used 191238K [0x00007e5771000000, 0x00007e57f1000000, 0x00007e57f1000000)
  object space 2097152K, 9% used [0x00007e5771000000,0x00007e577cac18e8,0x00007e57f1000000)
 Metaspace       used 7422K, committed 7488K, reserved 8192K
}
Event: 5,655 GC heap after
{Heap after GC invocations=4 (full 2):
 PSYoungGen      total 917504K, used 0K [0x00007e57f1000000, 0x00007e5831000000, 0x00007e5831000000)
  eden space 786432K, 0% used [0x00007e57f1000000,0x00007e57f1000000,0x00007e5821000000)
  from space 131072K, 0% used [0x00007e5829000000,0x00007e5829000000,0x00007e5831000000)
  to   space 131072K, 0% used [0x00007e5821000000,0x00007e5821000000,0x00007e5829000000)
 ParOldGen       total 2097152K, used 223507K [0x00007e5771000000, 0x00007e57f1000000, 0x00007e57f1000000)
  object space 2097152K, 10% used [0x00007e5771000000,0x00007e577ea44e38,0x00007e57f1000000)
 Metaspace       used 7422K, committed 7488K, reserved 8192K
}
Event: 5,666 GC heap before
{Heap before GC invocations=5 (full 2):
 PSYoungGen      total 917504K, used 15728K [0x00007e57f1000000, 0x00007e5831000000, 0x00007e5831000000)
  eden space 786432K, 2% used [0x00007e57f1000000,0x00007e57f1f5c2c8,0x00007e5821000000)
  from space 131072K, 0% used [0x00007e5829000000,0x00007e5829000000,0x00007e5831000000)
  to   space 131072K, 0% used [0x00007e5821000000,0x00007e5821000000,0x00007e5829000000)
 ParOldGen       total 2097152K, used 223507K [0x00007e5771000000, 0x00007e57f1000000, 0x00007e57f1000000)
  object space 2097152K, 10% used [0x00007e5771000000,0x00007e577ea44e38,0x00007e57f1000000)
 Metaspace       used 7422K, committed 7488K, reserved 8192K
}
Event: 5,669 GC heap after
{Heap after GC invocations=5 (full 2):
 PSYoungGen      total 917504K, used 0K [0x00007e57f1000000, 0x00007e5831000000, 0x00007e5831000000)
  eden space 786432K, 0% used [0x00007e57f1000000,0x00007e57f1000000,0x00007e5821000000)
  from space 131072K, 0% used [0x00007e5821000000,0x00007e5821000000,0x00007e5829000000)
  to   space 131072K, 0% used [0x00007e5829000000,0x00007e5829000000,0x00007e5831000000)
 ParOldGen       total 2097152K, used 223507K [0x00007e5771000000, 0x00007e57f1000000, 0x00007e57f1000000)
  object space 2097152K, 10% used [0x00007e5771000000,0x00007e577ea44e38,0x00007e57f1000000)
 Metaspace       used 7422K, committed 7488K, reserved 8192K
}
Event: 5,669 GC heap before
{Heap before GC invocations=6 (full 3):
 PSYoungGen      total 917504K, used 0K [0x00007e57f1000000, 0x00007e5831000000, 0x00007e5831000000)
  eden space 786432K, 0% used [0x00007e57f1000000,0x00007e57f1000000,0x00007e5821000000)
  from space 131072K, 0% used [0x00007e5821000000,0x00007e5821000000,0x00007e5829000000)
  to   space 131072K, 0% used [0x00007e5829000000,0x00007e5829000000,0x00007e5831000000)
 ParOldGen       total 2097152K, used 223507K [0x00007e5771000000, 0x00007e57f1000000, 0x00007e57f1000000)
  object space 2097152K, 10% used [0x00007e5771000000,0x00007e577ea44e38,0x00007e57f1000000)
 Metaspace       used 7422K, committed 7488K, reserved 8192K
}
Event: 6,984 GC heap after
{Heap after GC invocations=6 (full 3):
 PSYoungGen      total 917504K, used 0K [0x00007e57f1000000, 0x00007e5831000000, 0x00007e5831000000)
  eden space 786432K, 0% used [0x00007e57f1000000,0x00007e57f1000000,0x00007e5821000000)
  from space 131072K, 0% used [0x00007e5821000000,0x00007e5821000000,0x00007e5829000000)
  to   space 131072K, 0% used [0x00007e5829000000,0x00007e5829000000,0x00007e5831000000)
 ParOldGen       total 2097152K, used 255782K [0x00007e5771000000, 0x00007e57f1000000, 0x00007e57f1000000)
  object space 2097152K, 12% used [0x00007e5771000000,0x00007e57809c9808,0x00007e57f1000000)
 Metaspace       used 7422K, committed 7488K, reserved 8192K
}
Event: 6,994 GC heap before
{Heap before GC invocations=7 (full 3):
 PSYoungGen      total 917504K, used 15728K [0x00007e57f1000000, 0x00007e5831000000, 0x00007e5831000000)
  eden space 786432K, 2% used [0x00007e57f1000000,0x00007e57f1f5c2c8,0x00007e5821000000)
  from space 131072K, 0% used [0x00007e5821000000,0x00007e5821000000,0x00007e5829000000)
  to   space 131072K, 0% used [0x00007e5829000000,0x00007e5829000000,0x00007e5831000000)
 ParOldGen       total 2097152K, used 255782K [0x00007e5771000000, 0x00007e57f1000000, 0x00007e57f1000000)
  object space 2097152K, 12% used [0x00007e5771000000,0x00007e57809c9808,0x00007e57f1000000)
 Metaspace       used 7422K, committed 7488K, reserved 8192K
}
Event: 6,997 GC heap after
{Heap after GC invocations=7 (full 3):
 PSYoungGen      total 917504K, used 0K [0x00007e57f1000000, 0x00007e5831000000, 0x00007e5831000000)
  eden space 786432K, 0% used [0x00007e57f1000000,0x00007e57f1000000,0x00007e5821000000)
  from space 131072K, 0% used [0x00007e5829000000,0x00007e5829000000,0x00007e5831000000)
  to   space 131072K, 0% used [0x00007e5821000000,0x00007e5821000000,0x00007e5829000000)
 ParOldGen       total 2097152K, used 255782K [0x00007e5771000000, 0x00007e57f1000000, 0x00007e57f1000000)
  object space 2097152K, 12% used [0x00007e5771000000,0x00007e57809c9808,0x00007e57f1000000)
 Metaspace       used 7422K, committed 7488K, reserved 8192K
}
Event: 6,997 GC heap before
{Heap before GC invocations=8 (full 4):
 PSYoungGen      total 917504K, used 0K [0x00007e57f1000000, 0x00007e5831000000, 0x00007e5831000000)
  eden space 786432K, 0% used [0x00007e57f1000000,0x00007e57f1000000,0x00007e5821000000)
  from space 131072K, 0% used [0x00007e5829000000,0x00007e5829000000,0x00007e5831000000)
  to   space 131072K, 0% used [0x00007e5821000000,0x00007e5821000000,0x00007e5829000000)
 ParOldGen       total 2097152K, used 255782K [0x00007e5771000000, 0x00007e57f1000000, 0x00007e57f1000000)
  object space 2097152K, 12% used [0x00007e5771000000,0x00007e57809c9808,0x00007e57f1000000)
 Metaspace       used 7422K, committed 7488K, reserved 8192K
}
Event: 8,573 GC heap after
{Heap after GC invocations=8 (full 4):
 PSYoungGen      total 917504K, used 0K [0x00007e57f1000000, 0x00007e5831000000, 0x00007e5831000000)
  eden space 786432K, 0% used [0x00007e57f1000000,0x00007e57f1000000,0x00007e5821000000)
  from space 131072K, 0% used [0x00007e5829000000,0x00007e5829000000,0x00007e5831000000)
  to   space 131072K, 0% used [0x00007e5821000000,0x00007e5821000000,0x00007e5829000000)
 ParOldGen       total 2097152K, used 316249K [0x00007e5771000000, 0x00007e57f1000000, 0x00007e57f1000000)
  object space 2097152K, 15% used [0x00007e5771000000,0x00007e57844d6738,0x00007e57f1000000)
 Metaspace       used 7422K, committed 7488K, reserved 8192K
}
Event: 8,687 GC heap before
{Heap before GC invocations=9 (full 4):
 PSYoungGen      total 917504K, used 161439K [0x00007e57f1000000, 0x00007e5831000000, 0x00007e5831000000)
  eden space 786432K, 20% used [0x00007e57f1000000,0x00007e57fada7e18,0x00007e5821000000)
  from space 131072K, 0% used [0x00007e5829000000,0x00007e5829000000,0x00007e5831000000)
  to   space 131072K, 0% used [0x00007e5821000000,0x00007e5821000000,0x00007e5829000000)
 ParOldGen       total 2097152K, used 316249K [0x00007e5771000000, 0x00007e57f1000000, 0x00007e57f1000000)
  object space 2097152K, 15% used [0x00007e5771000000,0x00007e57844d6738,0x00007e57f1000000)
 Metaspace       used 7422K, committed 7488K, reserved 8192K
}

