# JRE version: OpenJDK Runtime Environment (17.0.6) (fastdebug build 17.0.6-internal+0-adhoc.konstdelis.jdk17u067)
# Java VM: OpenJDK 64-Bit Server VM (fastdebug 17.0.6-internal+0-adhoc.konstdelis.jdk17u067, mixed mode, tiered, parallel gc, linux-amd64)
GC Precious Log:
 CPUs: 32 total, 32 available
 Memory: 251G
 Large Page Support: Disabled
 NUMA Support: Disabled
 Compressed Oops: Disabled
 Alignments: Space 512K, Generation 512K, Heap 2M
 Heap Min Capacity: 3G
 Heap Initial Capacity: 3G
 Heap Max Capacity: 3G
 Pre-touch: Disabled
 Parallel Workers: 8
Heap:
 PSYoungGen      total 917504K, used 64K [0x00007ee445000000, 0x00007ee485000000, 0x00007ee485000000)
  eden space 786432K, 0% used [0x00007ee445000000,0x00007ee445000000,0x00007ee475000000)
  from space 131072K, 0% used [0x00007ee47d000000,0x00007ee47d010000,0x00007ee485000000)
  to   space 131072K, 0% used [0x00007ee475000000,0x00007ee475000000,0x00007ee47d000000)
 ParOldGen       total 2097152K, used 1472K [0x00007ee3c5000000, 0x00007ee445000000, 0x00007ee445000000)
  object space 2097152K, 0% used [0x00007ee3c5000000,0x00007ee3c5170020,0x00007ee445000000)
 Metaspace       used 7386K, committed 7488K, reserved 8192K
GC Heap History (7 events):
Event: 2,453 GC heap before
{Heap before GC invocations=1 (full 0):
 PSYoungGen      total 917504K, used 78643K [0x00007ee445000000, 0x00007ee485000000, 0x00007ee485000000)
  eden space 786432K, 10% used [0x00007ee445000000,0x00007ee449cccf00,0x00007ee475000000)
  from space 131072K, 0% used [0x00007ee47d000000,0x00007ee47d000000,0x00007ee485000000)
  to   space 131072K, 0% used [0x00007ee475000000,0x00007ee475000000,0x00007ee47d000000)
 ParOldGen       total 2097152K, used 0K [0x00007ee3c5000000, 0x00007ee445000000, 0x00007ee445000000)
  object space 2097152K, 0% used [0x00007ee3c5000000,0x00007ee3c5000000,0x00007ee445000000)
 Metaspace       used 7386K, committed 7488K, reserved 8192K
}
Event: 2,472 GC heap after
{Heap after GC invocations=1 (full 0):
 PSYoungGen      total 917504K, used 1584K [0x00007ee445000000, 0x00007ee485000000, 0x00007ee485000000)
  eden space 786432K, 0% used [0x00007ee445000000,0x00007ee445000000,0x00007ee475000000)
  from space 131072K, 1% used [0x00007ee475000000,0x00007ee47518c020,0x00007ee47d000000)
  to   space 131072K, 0% used [0x00007ee47d000000,0x00007ee47d000000,0x00007ee485000000)
 ParOldGen       total 2097152K, used 16K [0x00007ee3c5000000, 0x00007ee445000000, 0x00007ee445000000)
  object space 2097152K, 0% used [0x00007ee3c5000000,0x00007ee3c5004000,0x00007ee445000000)
 Metaspace       used 7386K, committed 7488K, reserved 8192K
}
Event: 2,472 GC heap before
{Heap before GC invocations=2 (full 1):
 PSYoungGen      total 917504K, used 1584K [0x00007ee445000000, 0x00007ee485000000, 0x00007ee485000000)
  eden space 786432K, 0% used [0x00007ee445000000,0x00007ee445000000,0x00007ee475000000)
  from space 131072K, 1% used [0x00007ee475000000,0x00007ee47518c020,0x00007ee47d000000)
  to   space 131072K, 0% used [0x00007ee47d000000,0x00007ee47d000000,0x00007ee485000000)
 ParOldGen       total 2097152K, used 16K [0x00007ee3c5000000, 0x00007ee445000000, 0x00007ee445000000)
  object space 2097152K, 0% used [0x00007ee3c5000000,0x00007ee3c5004000,0x00007ee445000000)
 Metaspace       used 7386K, committed 7488K, reserved 8192K
}
Event: 2,501 GC heap after
{Heap after GC invocations=2 (full 1):
 PSYoungGen      total 917504K, used 0K [0x00007ee445000000, 0x00007ee485000000, 0x00007ee485000000)
  eden space 786432K, 0% used [0x00007ee445000000,0x00007ee445000000,0x00007ee475000000)
  from space 131072K, 0% used [0x00007ee475000000,0x00007ee475000000,0x00007ee47d000000)
  to   space 131072K, 0% used [0x00007ee47d000000,0x00007ee47d000000,0x00007ee485000000)
 ParOldGen       total 2097152K, used 1472K [0x00007ee3c5000000, 0x00007ee445000000, 0x00007ee445000000)
  object space 2097152K, 0% used [0x00007ee3c5000000,0x00007ee3c5170020,0x00007ee445000000)
 Metaspace       used 7386K, committed 7488K, reserved 8192K
}
Event: 2,507 GC heap before
{Heap before GC invocations=3 (full 1):
 PSYoungGen      total 917504K, used 47186K [0x00007ee445000000, 0x00007ee485000000, 0x00007ee485000000)
  eden space 786432K, 6% used [0x00007ee445000000,0x00007ee447e14818,0x00007ee475000000)
  from space 131072K, 0% used [0x00007ee475000000,0x00007ee475000000,0x00007ee47d000000)
  to   space 131072K, 0% used [0x00007ee47d000000,0x00007ee47d000000,0x00007ee485000000)
 ParOldGen       total 2097152K, used 1472K [0x00007ee3c5000000, 0x00007ee445000000, 0x00007ee445000000)
  object space 2097152K, 0% used [0x00007ee3c5000000,0x00007ee3c5170020,0x00007ee445000000)
 Metaspace       used 7386K, committed 7488K, reserved 8192K
}
Event: 2,518 GC heap after
{Heap after GC invocations=3 (full 1):
 PSYoungGen      total 917504K, used 64K [0x00007ee445000000, 0x00007ee485000000, 0x00007ee485000000)
  eden space 786432K, 0% used [0x00007ee445000000,0x00007ee445000000,0x00007ee475000000)
  from space 131072K, 0% used [0x00007ee47d000000,0x00007ee47d010000,0x00007ee485000000)
  to   space 131072K, 0% used [0x00007ee475000000,0x00007ee475000000,0x00007ee47d000000)
 ParOldGen       total 2097152K, used 1472K [0x00007ee3c5000000, 0x00007ee445000000, 0x00007ee445000000)
  object space 2097152K, 0% used [0x00007ee3c5000000,0x00007ee3c5170020,0x00007ee445000000)
 Metaspace       used 7386K, committed 7488K, reserved 8192K
}
Event: 2,519 GC heap before
{Heap before GC invocations=4 (full 2):
 PSYoungGen      total 917504K, used 64K [0x00007ee445000000, 0x00007ee485000000, 0x00007ee485000000)
  eden space 786432K, 0% used [0x00007ee445000000,0x00007ee445000000,0x00007ee475000000)
  from space 131072K, 0% used [0x00007ee47d000000,0x00007ee47d010000,0x00007ee485000000)
  to   space 131072K, 0% used [0x00007ee475000000,0x00007ee475000000,0x00007ee47d000000)
 ParOldGen       total 2097152K, used 1472K [0x00007ee3c5000000, 0x00007ee445000000, 0x00007ee445000000)
  object space 2097152K, 0% used [0x00007ee3c5000000,0x00007ee3c5170020,0x00007ee445000000)
 Metaspace       used 7386K, committed 7488K, reserved 8192K
}

