# JRE version: OpenJDK Runtime Environment (17.0.6) (fastdebug build 17.0.6-internal+0-adhoc.konstdelis.jdk17u067)
# Java VM: OpenJDK 64-Bit Server VM (fastdebug 17.0.6-internal+0-adhoc.konstdelis.jdk17u067, mixed mode, tiered, parallel gc, linux-amd64)
GC Precious Log:
 CPUs: 32 total, 32 available
 Memory: 251G
 Large Page Support: Disabled
 NUMA Support: Disabled
 Compressed Oops: Disabled
 Alignments: Space 512K, Generation 512K, Heap 2M
 Heap Min Capacity: 1G
 Heap Initial Capacity: 1G
 Heap Max Capacity: 1G
 Pre-touch: Disabled
 Parallel Workers: 1
Heap:
 PSYoungGen      total 305664K, used 7840K [0x00007f1627700000, 0x00007f163cc00000, 0x00007f163cc00000)
  eden space 262144K, 0% used [0x00007f1627700000,0x00007f1627700000,0x00007f1637700000)
  from space 43520K, 18% used [0x00007f1637700000,0x00007f1637ea8000,0x00007f163a180000)
  to   space 43520K, 0% used [0x00007f163a180000,0x00007f163a180000,0x00007f163cc00000)
 ParOldGen       total 699392K, used 9262K [0x00007f15fcc00000, 0x00007f1627700000, 0x00007f1627700000)
  object space 699392K, 1% used [0x00007f15fcc00000,0x00007f15fd50bb30,0x00007f1627700000)
 Metaspace       used 7423K, committed 7488K, reserved 8192K
GC Heap History (11 events):
Event: 3,903 GC heap before
{Heap before GC invocations=1 (full 0):
 PSYoungGen      total 305664K, used 36700K [0x00007f1627700000, 0x00007f163cc00000, 0x00007f163cc00000)
  eden space 262144K, 14% used [0x00007f1627700000,0x00007f1629ad7370,0x00007f1637700000)
  from space 43520K, 0% used [0x00007f163a180000,0x00007f163a180000,0x00007f163cc00000)
  to   space 43520K, 0% used [0x00007f1637700000,0x00007f1637700000,0x00007f163a180000)
 ParOldGen       total 699392K, used 0K [0x00007f15fcc00000, 0x00007f1627700000, 0x00007f1627700000)
  object space 699392K, 0% used [0x00007f15fcc00000,0x00007f15fcc00000,0x00007f1627700000)
 Metaspace       used 7335K, committed 7424K, reserved 8192K
}
Event: 3,997 GC heap after
{Heap after GC invocations=1 (full 0):
 PSYoungGen      total 305664K, used 9248K [0x00007f1627700000, 0x00007f163cc00000, 0x00007f163cc00000)
  eden space 262144K, 0% used [0x00007f1627700000,0x00007f1627700000,0x00007f1637700000)
  from space 43520K, 21% used [0x00007f1637700000,0x00007f1638008000,0x00007f163a180000)
  to   space 43520K, 0% used [0x00007f163a180000,0x00007f163a180000,0x00007f163cc00000)
 ParOldGen       total 699392K, used 0K [0x00007f15fcc00000, 0x00007f1627700000, 0x00007f1627700000)
  object space 699392K, 0% used [0x00007f15fcc00000,0x00007f15fcc00000,0x00007f1627700000)
 Metaspace       used 7335K, committed 7424K, reserved 8192K
}
Event: 3,997 GC heap before
{Heap before GC invocations=2 (full 1):
 PSYoungGen      total 305664K, used 9248K [0x00007f1627700000, 0x00007f163cc00000, 0x00007f163cc00000)
  eden space 262144K, 0% used [0x00007f1627700000,0x00007f1627700000,0x00007f1637700000)
  from space 43520K, 21% used [0x00007f1637700000,0x00007f1638008000,0x00007f163a180000)
  to   space 43520K, 0% used [0x00007f163a180000,0x00007f163a180000,0x00007f163cc00000)
 ParOldGen       total 699392K, used 0K [0x00007f15fcc00000, 0x00007f1627700000, 0x00007f1627700000)
  object space 699392K, 0% used [0x00007f15fcc00000,0x00007f15fcc00000,0x00007f1627700000)
 Metaspace       used 7335K, committed 7424K, reserved 8192K
}
Event: 4,231 GC heap after
{Heap after GC invocations=2 (full 1):
 PSYoungGen      total 305664K, used 0K [0x00007f1627700000, 0x00007f163cc00000, 0x00007f163cc00000)
  eden space 262144K, 0% used [0x00007f1627700000,0x00007f1627700000,0x00007f1637700000)
  from space 43520K, 0% used [0x00007f1637700000,0x00007f1637700000,0x00007f163a180000)
  to   space 43520K, 0% used [0x00007f163a180000,0x00007f163a180000,0x00007f163cc00000)
 ParOldGen       total 699392K, used 6078K [0x00007f15fcc00000, 0x00007f1627700000, 0x00007f1627700000)
  object space 699392K, 0% used [0x00007f15fcc00000,0x00007f15fd1ef910,0x00007f1627700000)
 Metaspace       used 7335K, committed 7424K, reserved 8192K
}
Event: 28,517 GC heap before
{Heap before GC invocations=3 (full 1):
 PSYoungGen      total 305664K, used 27962K [0x00007f1627700000, 0x00007f163cc00000, 0x00007f163cc00000)
  eden space 262144K, 10% used [0x00007f1627700000,0x00007f162924e920,0x00007f1637700000)
  from space 43520K, 0% used [0x00007f1637700000,0x00007f1637700000,0x00007f163a180000)
  to   space 43520K, 0% used [0x00007f163a180000,0x00007f163a180000,0x00007f163cc00000)
 ParOldGen       total 699392K, used 6078K [0x00007f15fcc00000, 0x00007f1627700000, 0x00007f1627700000)
  object space 699392K, 0% used [0x00007f15fcc00000,0x00007f15fd1ef910,0x00007f1627700000)
 Metaspace       used 7423K, committed 7488K, reserved 8192K
}
Event: 28,642 GC heap after
{Heap after GC invocations=3 (full 1):
 PSYoungGen      total 305664K, used 14208K [0x00007f1627700000, 0x00007f163cc00000, 0x00007f163cc00000)
  eden space 262144K, 0% used [0x00007f1627700000,0x00007f1627700000,0x00007f1637700000)
  from space 43520K, 32% used [0x00007f163a180000,0x00007f163af60000,0x00007f163cc00000)
  to   space 43520K, 0% used [0x00007f1637700000,0x00007f1637700000,0x00007f163a180000)
 ParOldGen       total 699392K, used 6078K [0x00007f15fcc00000, 0x00007f1627700000, 0x00007f1627700000)
  object space 699392K, 0% used [0x00007f15fcc00000,0x00007f15fd1ef910,0x00007f1627700000)
 Metaspace       used 7423K, committed 7488K, reserved 8192K
}
Event: 28,642 GC heap before
{Heap before GC invocations=4 (full 2):
 PSYoungGen      total 305664K, used 14208K [0x00007f1627700000, 0x00007f163cc00000, 0x00007f163cc00000)
  eden space 262144K, 0% used [0x00007f1627700000,0x00007f1627700000,0x00007f1637700000)
  from space 43520K, 32% used [0x00007f163a180000,0x00007f163af60000,0x00007f163cc00000)
  to   space 43520K, 0% used [0x00007f1637700000,0x00007f1637700000,0x00007f163a180000)
 ParOldGen       total 699392K, used 6078K [0x00007f15fcc00000, 0x00007f1627700000, 0x00007f1627700000)
  object space 699392K, 0% used [0x00007f15fcc00000,0x00007f15fd1ef910,0x00007f1627700000)
 Metaspace       used 7423K, committed 7488K, reserved 8192K
}
Event: 51,220 GC heap after
{Heap after GC invocations=4 (full 2):
 PSYoungGen      total 305664K, used 0K [0x00007f1627700000, 0x00007f163cc00000, 0x00007f163cc00000)
  eden space 262144K, 0% used [0x00007f1627700000,0x00007f1627700000,0x00007f1637700000)
  from space 43520K, 0% used [0x00007f163a180000,0x00007f163a180000,0x00007f163cc00000)
  to   space 43520K, 0% used [0x00007f1637700000,0x00007f1637700000,0x00007f163a180000)
 ParOldGen       total 699392K, used 9262K [0x00007f15fcc00000, 0x00007f1627700000, 0x00007f1627700000)
  object space 699392K, 1% used [0x00007f15fcc00000,0x00007f15fd50bb30,0x00007f1627700000)
 Metaspace       used 7423K, committed 7488K, reserved 8192K
}
Event: 51,240 GC heap before
{Heap before GC invocations=5 (full 2):
 PSYoungGen      total 305664K, used 10485K [0x00007f1627700000, 0x00007f163cc00000, 0x00007f163cc00000)
  eden space 262144K, 4% used [0x00007f1627700000,0x00007f162813d778,0x00007f1637700000)
  from space 43520K, 0% used [0x00007f163a180000,0x00007f163a180000,0x00007f163cc00000)
  to   space 43520K, 0% used [0x00007f1637700000,0x00007f1637700000,0x00007f163a180000)
 ParOldGen       total 699392K, used 9262K [0x00007f15fcc00000, 0x00007f1627700000, 0x00007f1627700000)
  object space 699392K, 1% used [0x00007f15fcc00000,0x00007f15fd50bb30,0x00007f1627700000)
 Metaspace       used 7423K, committed 7488K, reserved 8192K
}
Event: 51,322 GC heap after
{Heap after GC invocations=5 (full 2):
 PSYoungGen      total 305664K, used 7840K [0x00007f1627700000, 0x00007f163cc00000, 0x00007f163cc00000)
  eden space 262144K, 0% used [0x00007f1627700000,0x00007f1627700000,0x00007f1637700000)
  from space 43520K, 18% used [0x00007f1637700000,0x00007f1637ea8000,0x00007f163a180000)
  to   space 43520K, 0% used [0x00007f163a180000,0x00007f163a180000,0x00007f163cc00000)
 ParOldGen       total 699392K, used 9262K [0x00007f15fcc00000, 0x00007f1627700000, 0x00007f1627700000)
  object space 699392K, 1% used [0x00007f15fcc00000,0x00007f15fd50bb30,0x00007f1627700000)
 Metaspace       used 7423K, committed 7488K, reserved 8192K
}
Event: 51,322 GC heap before
{Heap before GC invocations=6 (full 3):
 PSYoungGen      total 305664K, used 7840K [0x00007f1627700000, 0x00007f163cc00000, 0x00007f163cc00000)
  eden space 262144K, 0% used [0x00007f1627700000,0x00007f1627700000,0x00007f1637700000)
  from space 43520K, 18% used [0x00007f1637700000,0x00007f1637ea8000,0x00007f163a180000)
  to   space 43520K, 0% used [0x00007f163a180000,0x00007f163a180000,0x00007f163cc00000)
 ParOldGen       total 699392K, used 9262K [0x00007f15fcc00000, 0x00007f1627700000, 0x00007f1627700000)
  object space 699392K, 1% used [0x00007f15fcc00000,0x00007f15fd50bb30,0x00007f1627700000)
 Metaspace       used 7423K, committed 7488K, reserved 8192K
}

