# JRE version: OpenJDK Runtime Environment (17.0.6) (fastdebug build 17.0.6-internal+0-adhoc.konstdelis.jdk17u067)
# Java VM: OpenJDK 64-Bit Server VM (fastdebug 17.0.6-internal+0-adhoc.konstdelis.jdk17u067, mixed mode, tiered, parallel gc, linux-amd64)
GC Precious Log:
 CPUs: 32 total, 32 available
 Memory: 251G
 Large Page Support: Disabled
 NUMA Support: Disabled
 Compressed Oops: Disabled
 Alignments: Space 512K, Generation 512K, Heap 2M
 Heap Min Capacity: 3G
 Heap Initial Capacity: 3G
 Heap Max Capacity: 3G
 Pre-touch: Disabled
 Parallel Workers: 2
Heap:
 PSYoungGen      total 917504K, used 32K [0x00007ea7d9000000, 0x00007ea819000000, 0x00007ea819000000)
  eden space 786432K, 0% used [0x00007ea7d9000000,0x00007ea7d9000000,0x00007ea809000000)
  from space 131072K, 0% used [0x00007ea811000000,0x00007ea811008000,0x00007ea819000000)
  to   space 131072K, 0% used [0x00007ea809000000,0x00007ea809000000,0x00007ea811000000)
 ParOldGen       total 2097152K, used 1582K [0x00007ea759000000, 0x00007ea7d9000000, 0x00007ea7d9000000)
  object space 2097152K, 0% used [0x00007ea759000000,0x00007ea75918b8c8,0x00007ea7d9000000)
 Metaspace       used 7405K, committed 7488K, reserved 8192K
GC Heap History (20 events):
Event: 2,437 GC heap after
{Heap after GC invocations=2 (full 1):
 PSYoungGen      total 917504K, used 0K [0x00007ea7d9000000, 0x00007ea819000000, 0x00007ea819000000)
  eden space 786432K, 0% used [0x00007ea7d9000000,0x00007ea7d9000000,0x00007ea809000000)
  from space 131072K, 0% used [0x00007ea809000000,0x00007ea809000000,0x00007ea811000000)
  to   space 131072K, 0% used [0x00007ea811000000,0x00007ea811000000,0x00007ea819000000)
 ParOldGen       total 2097152K, used 1568K [0x00007ea759000000, 0x00007ea7d9000000, 0x00007ea7d9000000)
  object space 2097152K, 0% used [0x00007ea759000000,0x00007ea759188368,0x00007ea7d9000000)
 Metaspace       used 7405K, committed 7488K, reserved 8192K
}
Event: 2,440 GC heap before
{Heap before GC invocations=3 (full 1):
 PSYoungGen      total 917504K, used 15728K [0x00007ea7d9000000, 0x00007ea819000000, 0x00007ea819000000)
  eden space 786432K, 2% used [0x00007ea7d9000000,0x00007ea7d9f5c2c8,0x00007ea809000000)
  from space 131072K, 0% used [0x00007ea809000000,0x00007ea809000000,0x00007ea811000000)
  to   space 131072K, 0% used [0x00007ea811000000,0x00007ea811000000,0x00007ea819000000)
 ParOldGen       total 2097152K, used 1568K [0x00007ea759000000, 0x00007ea7d9000000, 0x00007ea7d9000000)
  object space 2097152K, 0% used [0x00007ea759000000,0x00007ea759188368,0x00007ea7d9000000)
 Metaspace       used 7405K, committed 7488K, reserved 8192K
}
Event: 2,444 GC heap after
{Heap after GC invocations=3 (full 1):
 PSYoungGen      total 917504K, used 0K [0x00007ea7d9000000, 0x00007ea819000000, 0x00007ea819000000)
  eden space 786432K, 0% used [0x00007ea7d9000000,0x00007ea7d9000000,0x00007ea809000000)
  from space 131072K, 0% used [0x00007ea811000000,0x00007ea811000000,0x00007ea819000000)
  to   space 131072K, 0% used [0x00007ea809000000,0x00007ea809000000,0x00007ea811000000)
 ParOldGen       total 2097152K, used 1568K [0x00007ea759000000, 0x00007ea7d9000000, 0x00007ea7d9000000)
  object space 2097152K, 0% used [0x00007ea759000000,0x00007ea759188368,0x00007ea7d9000000)
 Metaspace       used 7405K, committed 7488K, reserved 8192K
}
Event: 2,444 GC heap before
{Heap before GC invocations=4 (full 2):
 PSYoungGen      total 917504K, used 0K [0x00007ea7d9000000, 0x00007ea819000000, 0x00007ea819000000)
  eden space 786432K, 0% used [0x00007ea7d9000000,0x00007ea7d9000000,0x00007ea809000000)
  from space 131072K, 0% used [0x00007ea811000000,0x00007ea811000000,0x00007ea819000000)
  to   space 131072K, 0% used [0x00007ea809000000,0x00007ea809000000,0x00007ea811000000)
 ParOldGen       total 2097152K, used 1568K [0x00007ea759000000, 0x00007ea7d9000000, 0x00007ea7d9000000)
  object space 2097152K, 0% used [0x00007ea759000000,0x00007ea759188368,0x00007ea7d9000000)
 Metaspace       used 7405K, committed 7488K, reserved 8192K
}
Event: 2,999 GC heap after
{Heap after GC invocations=4 (full 2):
 PSYoungGen      total 917504K, used 0K [0x00007ea7d9000000, 0x00007ea819000000, 0x00007ea819000000)
  eden space 786432K, 0% used [0x00007ea7d9000000,0x00007ea7d9000000,0x00007ea809000000)
  from space 131072K, 0% used [0x00007ea811000000,0x00007ea811000000,0x00007ea819000000)
  to   space 131072K, 0% used [0x00007ea809000000,0x00007ea809000000,0x00007ea811000000)
 ParOldGen       total 2097152K, used 1680K [0x00007ea759000000, 0x00007ea7d9000000, 0x00007ea7d9000000)
  object space 2097152K, 0% used [0x00007ea759000000,0x00007ea7591a4358,0x00007ea7d9000000)
 Metaspace       used 7405K, committed 7488K, reserved 8192K
}
Event: 3,002 GC heap before
{Heap before GC invocations=5 (full 2):
 PSYoungGen      total 917504K, used 15728K [0x00007ea7d9000000, 0x00007ea819000000, 0x00007ea819000000)
  eden space 786432K, 2% used [0x00007ea7d9000000,0x00007ea7d9f5c2c8,0x00007ea809000000)
  from space 131072K, 0% used [0x00007ea811000000,0x00007ea811000000,0x00007ea819000000)
  to   space 131072K, 0% used [0x00007ea809000000,0x00007ea809000000,0x00007ea811000000)
 ParOldGen       total 2097152K, used 1680K [0x00007ea759000000, 0x00007ea7d9000000, 0x00007ea7d9000000)
  object space 2097152K, 0% used [0x00007ea759000000,0x00007ea7591a4358,0x00007ea7d9000000)
 Metaspace       used 7405K, committed 7488K, reserved 8192K
}
Event: 3,005 GC heap after
{Heap after GC invocations=5 (full 2):
 PSYoungGen      total 917504K, used 0K [0x00007ea7d9000000, 0x00007ea819000000, 0x00007ea819000000)
  eden space 786432K, 0% used [0x00007ea7d9000000,0x00007ea7d9000000,0x00007ea809000000)
  from space 131072K, 0% used [0x00007ea809000000,0x00007ea809000000,0x00007ea811000000)
  to   space 131072K, 0% used [0x00007ea811000000,0x00007ea811000000,0x00007ea819000000)
 ParOldGen       total 2097152K, used 1680K [0x00007ea759000000, 0x00007ea7d9000000, 0x00007ea7d9000000)
  object space 2097152K, 0% used [0x00007ea759000000,0x00007ea7591a4358,0x00007ea7d9000000)
 Metaspace       used 7405K, committed 7488K, reserved 8192K
}
Event: 3,005 GC heap before
{Heap before GC invocations=6 (full 3):
 PSYoungGen      total 917504K, used 0K [0x00007ea7d9000000, 0x00007ea819000000, 0x00007ea819000000)
  eden space 786432K, 0% used [0x00007ea7d9000000,0x00007ea7d9000000,0x00007ea809000000)
  from space 131072K, 0% used [0x00007ea809000000,0x00007ea809000000,0x00007ea811000000)
  to   space 131072K, 0% used [0x00007ea811000000,0x00007ea811000000,0x00007ea819000000)
 ParOldGen       total 2097152K, used 1680K [0x00007ea759000000, 0x00007ea7d9000000, 0x00007ea7d9000000)
  object space 2097152K, 0% used [0x00007ea759000000,0x00007ea7591a4358,0x00007ea7d9000000)
 Metaspace       used 7405K, committed 7488K, reserved 8192K
}
Event: 3,033 GC heap after
{Heap after GC invocations=6 (full 3):
 PSYoungGen      total 917504K, used 0K [0x00007ea7d9000000, 0x00007ea819000000, 0x00007ea819000000)
  eden space 786432K, 0% used [0x00007ea7d9000000,0x00007ea7d9000000,0x00007ea809000000)
  from space 131072K, 0% used [0x00007ea809000000,0x00007ea809000000,0x00007ea811000000)
  to   space 131072K, 0% used [0x00007ea811000000,0x00007ea811000000,0x00007ea819000000)
 ParOldGen       total 2097152K, used 1563K [0x00007ea759000000, 0x00007ea7d9000000, 0x00007ea7d9000000)
  object space 2097152K, 0% used [0x00007ea759000000,0x00007ea759186ee8,0x00007ea7d9000000)
 Metaspace       used 7405K, committed 7488K, reserved 8192K
}
Event: 3,036 GC heap before
{Heap before GC invocations=7 (full 3):
 PSYoungGen      total 917504K, used 15728K [0x00007ea7d9000000, 0x00007ea819000000, 0x00007ea819000000)
  eden space 786432K, 2% used [0x00007ea7d9000000,0x00007ea7d9f5c2c8,0x00007ea809000000)
  from space 131072K, 0% used [0x00007ea809000000,0x00007ea809000000,0x00007ea811000000)
  to   space 131072K, 0% used [0x00007ea811000000,0x00007ea811000000,0x00007ea819000000)
 ParOldGen       total 2097152K, used 1563K [0x00007ea759000000, 0x00007ea7d9000000, 0x00007ea7d9000000)
  object space 2097152K, 0% used [0x00007ea759000000,0x00007ea759186ee8,0x00007ea7d9000000)
 Metaspace       used 7405K, committed 7488K, reserved 8192K
}
Event: 3,039 GC heap after
{Heap after GC invocations=7 (full 3):
 PSYoungGen      total 917504K, used 0K [0x00007ea7d9000000, 0x00007ea819000000, 0x00007ea819000000)
  eden space 786432K, 0% used [0x00007ea7d9000000,0x00007ea7d9000000,0x00007ea809000000)
  from space 131072K, 0% used [0x00007ea811000000,0x00007ea811000000,0x00007ea819000000)
  to   space 131072K, 0% used [0x00007ea809000000,0x00007ea809000000,0x00007ea811000000)
 ParOldGen       total 2097152K, used 1563K [0x00007ea759000000, 0x00007ea7d9000000, 0x00007ea7d9000000)
  object space 2097152K, 0% used [0x00007ea759000000,0x00007ea759186ee8,0x00007ea7d9000000)
 Metaspace       used 7405K, committed 7488K, reserved 8192K
}
Event: 3,039 GC heap before
{Heap before GC invocations=8 (full 4):
 PSYoungGen      total 917504K, used 0K [0x00007ea7d9000000, 0x00007ea819000000, 0x00007ea819000000)
  eden space 786432K, 0% used [0x00007ea7d9000000,0x00007ea7d9000000,0x00007ea809000000)
  from space 131072K, 0% used [0x00007ea811000000,0x00007ea811000000,0x00007ea819000000)
  to   space 131072K, 0% used [0x00007ea809000000,0x00007ea809000000,0x00007ea811000000)
 ParOldGen       total 2097152K, used 1563K [0x00007ea759000000, 0x00007ea7d9000000, 0x00007ea7d9000000)
  object space 2097152K, 0% used [0x00007ea759000000,0x00007ea759186ee8,0x00007ea7d9000000)
 Metaspace       used 7405K, committed 7488K, reserved 8192K
}
Event: 3,869 GC heap after
{Heap after GC invocations=8 (full 4):
 PSYoungGen      total 917504K, used 0K [0x00007ea7d9000000, 0x00007ea819000000, 0x00007ea819000000)
  eden space 786432K, 0% used [0x00007ea7d9000000,0x00007ea7d9000000,0x00007ea809000000)
  from space 131072K, 0% used [0x00007ea811000000,0x00007ea811000000,0x00007ea819000000)
  to   space 131072K, 0% used [0x00007ea809000000,0x00007ea809000000,0x00007ea811000000)
 ParOldGen       total 2097152K, used 1797K [0x00007ea759000000, 0x00007ea7d9000000, 0x00007ea7d9000000)
  object space 2097152K, 0% used [0x00007ea759000000,0x00007ea7591c17c8,0x00007ea7d9000000)
 Metaspace       used 7405K, committed 7488K, reserved 8192K
}
Event: 3,873 GC heap before
{Heap before GC invocations=9 (full 4):
 PSYoungGen      total 917504K, used 15728K [0x00007ea7d9000000, 0x00007ea819000000, 0x00007ea819000000)
  eden space 786432K, 2% used [0x00007ea7d9000000,0x00007ea7d9f5c2c8,0x00007ea809000000)
  from space 131072K, 0% used [0x00007ea811000000,0x00007ea811000000,0x00007ea819000000)
  to   space 131072K, 0% used [0x00007ea809000000,0x00007ea809000000,0x00007ea811000000)
 ParOldGen       total 2097152K, used 1797K [0x00007ea759000000, 0x00007ea7d9000000, 0x00007ea7d9000000)
  object space 2097152K, 0% used [0x00007ea759000000,0x00007ea7591c17c8,0x00007ea7d9000000)
 Metaspace       used 7405K, committed 7488K, reserved 8192K
}
Event: 3,876 GC heap after
{Heap after GC invocations=9 (full 4):
 PSYoungGen      total 917504K, used 149K [0x00007ea7d9000000, 0x00007ea819000000, 0x00007ea819000000)
  eden space 786432K, 0% used [0x00007ea7d9000000,0x00007ea7d9000000,0x00007ea809000000)
  from space 131072K, 0% used [0x00007ea809000000,0x00007ea8090256e0,0x00007ea811000000)
  to   space 131072K, 0% used [0x00007ea811000000,0x00007ea811000000,0x00007ea819000000)
 ParOldGen       total 2097152K, used 1797K [0x00007ea759000000, 0x00007ea7d9000000, 0x00007ea7d9000000)
  object space 2097152K, 0% used [0x00007ea759000000,0x00007ea7591c17c8,0x00007ea7d9000000)
 Metaspace       used 7405K, committed 7488K, reserved 8192K
}
Event: 3,877 GC heap before
{Heap before GC invocations=10 (full 5):
 PSYoungGen      total 917504K, used 149K [0x00007ea7d9000000, 0x00007ea819000000, 0x00007ea819000000)
  eden space 786432K, 0% used [0x00007ea7d9000000,0x00007ea7d9000000,0x00007ea809000000)
  from space 131072K, 0% used [0x00007ea809000000,0x00007ea8090256e0,0x00007ea811000000)
  to   space 131072K, 0% used [0x00007ea811000000,0x00007ea811000000,0x00007ea819000000)
 ParOldGen       total 2097152K, used 1797K [0x00007ea759000000, 0x00007ea7d9000000, 0x00007ea7d9000000)
  object space 2097152K, 0% used [0x00007ea759000000,0x00007ea7591c17c8,0x00007ea7d9000000)
 Metaspace       used 7405K, committed 7488K, reserved 8192K
}
Event: 3,913 GC heap after
{Heap after GC invocations=10 (full 5):
 PSYoungGen      total 917504K, used 0K [0x00007ea7d9000000, 0x00007ea819000000, 0x00007ea819000000)
  eden space 786432K, 0% used [0x00007ea7d9000000,0x00007ea7d9000000,0x00007ea809000000)
  from space 131072K, 0% used [0x00007ea809000000,0x00007ea809000000,0x00007ea811000000)
  to   space 131072K, 0% used [0x00007ea811000000,0x00007ea811000000,0x00007ea819000000)
 ParOldGen       total 2097152K, used 1582K [0x00007ea759000000, 0x00007ea7d9000000, 0x00007ea7d9000000)
  object space 2097152K, 0% used [0x00007ea759000000,0x00007ea75918b8c8,0x00007ea7d9000000)
 Metaspace       used 7405K, committed 7488K, reserved 8192K
}
Event: 3,916 GC heap before
{Heap before GC invocations=11 (full 5):
 PSYoungGen      total 917504K, used 15728K [0x00007ea7d9000000, 0x00007ea819000000, 0x00007ea819000000)
  eden space 786432K, 2% used [0x00007ea7d9000000,0x00007ea7d9f5c2c8,0x00007ea809000000)
  from space 131072K, 0% used [0x00007ea809000000,0x00007ea809000000,0x00007ea811000000)
  to   space 131072K, 0% used [0x00007ea811000000,0x00007ea811000000,0x00007ea819000000)
 ParOldGen       total 2097152K, used 1582K [0x00007ea759000000, 0x00007ea7d9000000, 0x00007ea7d9000000)
  object space 2097152K, 0% used [0x00007ea759000000,0x00007ea75918b8c8,0x00007ea7d9000000)
 Metaspace       used 7405K, committed 7488K, reserved 8192K
}
Event: 3,919 GC heap after
{Heap after GC invocations=11 (full 5):
 PSYoungGen      total 917504K, used 32K [0x00007ea7d9000000, 0x00007ea819000000, 0x00007ea819000000)
  eden space 786432K, 0% used [0x00007ea7d9000000,0x00007ea7d9000000,0x00007ea809000000)
  from space 131072K, 0% used [0x00007ea811000000,0x00007ea811008000,0x00007ea819000000)
  to   space 131072K, 0% used [0x00007ea809000000,0x00007ea809000000,0x00007ea811000000)
 ParOldGen       total 2097152K, used 1582K [0x00007ea759000000, 0x00007ea7d9000000, 0x00007ea7d9000000)
  object space 2097152K, 0% used [0x00007ea759000000,0x00007ea75918b8c8,0x00007ea7d9000000)
 Metaspace       used 7405K, committed 7488K, reserved 8192K
}
Event: 3,919 GC heap before
{Heap before GC invocations=12 (full 6):
 PSYoungGen      total 917504K, used 32K [0x00007ea7d9000000, 0x00007ea819000000, 0x00007ea819000000)
  eden space 786432K, 0% used [0x00007ea7d9000000,0x00007ea7d9000000,0x00007ea809000000)
  from space 131072K, 0% used [0x00007ea811000000,0x00007ea811008000,0x00007ea819000000)
  to   space 131072K, 0% used [0x00007ea809000000,0x00007ea809000000,0x00007ea811000000)
 ParOldGen       total 2097152K, used 1582K [0x00007ea759000000, 0x00007ea7d9000000, 0x00007ea7d9000000)
  object space 2097152K, 0% used [0x00007ea759000000,0x00007ea75918b8c8,0x00007ea7d9000000)
 Metaspace       used 7405K, committed 7488K, reserved 8192K
}

