# JRE version: OpenJDK Runtime Environment (17.0.6) (fastdebug build 17.0.6-internal+0-adhoc.konstdelis.jdk17u067)
# Java VM: OpenJDK 64-Bit Server VM (fastdebug 17.0.6-internal+0-adhoc.konstdelis.jdk17u067, mixed mode, tiered, parallel gc, linux-amd64)
GC Precious Log:
 CPUs: 32 total, 32 available
 Memory: 251G
 Large Page Support: Disabled
 NUMA Support: Disabled
 Compressed Oops: Disabled
 Alignments: Space 512K, Generation 512K, Heap 2M
 Heap Min Capacity: 1G
 Heap Initial Capacity: 1G
 Heap Max Capacity: 1G
 Pre-touch: Disabled
 Parallel Workers: 1
Heap:
 PSYoungGen      total 305664K, used 32K [0x00007e8043b00000, 0x00007e8059000000, 0x00007e8059000000)
  eden space 262144K, 0% used [0x00007e8043b00000,0x00007e8043b00000,0x00007e8053b00000)
  from space 43520K, 0% used [0x00007e8053b00000,0x00007e8053b08000,0x00007e8056580000)
  to   space 43520K, 0% used [0x00007e8056580000,0x00007e8056580000,0x00007e8059000000)
 ParOldGen       total 699392K, used 221541K [0x00007e8019000000, 0x00007e8043b00000, 0x00007e8043b00000)
  object space 699392K, 31% used [0x00007e8019000000,0x00007e8026859468,0x00007e8043b00000)
 Metaspace       used 6719K, committed 6784K, reserved 8192K
GC Heap History (11 events):
Event: 2,164 GC heap before
{Heap before GC invocations=1 (full 0):
 PSYoungGen      total 305664K, used 239413K [0x00007e8043b00000, 0x00007e8059000000, 0x00007e8059000000)
  eden space 262144K, 91% used [0x00007e8043b00000,0x00007e80524cd5e8,0x00007e8053b00000)
  from space 43520K, 0% used [0x00007e8056580000,0x00007e8056580000,0x00007e8059000000)
  to   space 43520K, 0% used [0x00007e8053b00000,0x00007e8053b00000,0x00007e8056580000)
 ParOldGen       total 699392K, used 0K [0x00007e8019000000, 0x00007e8043b00000, 0x00007e8043b00000)
  object space 699392K, 0% used [0x00007e8019000000,0x00007e8019000000,0x00007e8043b00000)
 Metaspace       used 6719K, committed 6784K, reserved 8192K
}
Event: 3,559 GC heap after
{Heap after GC invocations=1 (full 0):
 PSYoungGen      total 305664K, used 43488K [0x00007e8043b00000, 0x00007e8059000000, 0x00007e8059000000)
  eden space 262144K, 0% used [0x00007e8043b00000,0x00007e8043b00000,0x00007e8053b00000)
  from space 43520K, 99% used [0x00007e8053b00000,0x00007e8056578020,0x00007e8056580000)
  to   space 43520K, 0% used [0x00007e8056580000,0x00007e8056580000,0x00007e8059000000)
 ParOldGen       total 699392K, used 115688K [0x00007e8019000000, 0x00007e8043b00000, 0x00007e8043b00000)
  object space 699392K, 16% used [0x00007e8019000000,0x00007e80200fa000,0x00007e8043b00000)
 Metaspace       used 6719K, committed 6784K, reserved 8192K
}
Event: 3,559 GC heap before
{Heap before GC invocations=2 (full 1):
 PSYoungGen      total 305664K, used 43488K [0x00007e8043b00000, 0x00007e8059000000, 0x00007e8059000000)
  eden space 262144K, 0% used [0x00007e8043b00000,0x00007e8043b00000,0x00007e8053b00000)
  from space 43520K, 99% used [0x00007e8053b00000,0x00007e8056578020,0x00007e8056580000)
  to   space 43520K, 0% used [0x00007e8056580000,0x00007e8056580000,0x00007e8059000000)
 ParOldGen       total 699392K, used 115688K [0x00007e8019000000, 0x00007e8043b00000, 0x00007e8043b00000)
  object space 699392K, 16% used [0x00007e8019000000,0x00007e80200fa000,0x00007e8043b00000)
 Metaspace       used 6719K, committed 6784K, reserved 8192K
}
Event: 6,181 GC heap after
{Heap after GC invocations=2 (full 1):
 PSYoungGen      total 305664K, used 0K [0x00007e8043b00000, 0x00007e8059000000, 0x00007e8059000000)
  eden space 262144K, 0% used [0x00007e8043b00000,0x00007e8043b00000,0x00007e8053b00000)
  from space 43520K, 0% used [0x00007e8053b00000,0x00007e8053b00000,0x00007e8056580000)
  to   space 43520K, 0% used [0x00007e8056580000,0x00007e8056580000,0x00007e8059000000)
 ParOldGen       total 699392K, used 158300K [0x00007e8019000000, 0x00007e8043b00000, 0x00007e8043b00000)
  object space 699392K, 22% used [0x00007e8019000000,0x00007e8022a97020,0x00007e8043b00000)
 Metaspace       used 6719K, committed 6784K, reserved 8192K
}
Event: 6,498 GC heap before
{Heap before GC invocations=3 (full 1):
 PSYoungGen      total 305664K, used 196305K [0x00007e8043b00000, 0x00007e8059000000, 0x00007e8059000000)
  eden space 262144K, 74% used [0x00007e8043b00000,0x00007e804fab4450,0x00007e8053b00000)
  from space 43520K, 0% used [0x00007e8053b00000,0x00007e8053b00000,0x00007e8056580000)
  to   space 43520K, 0% used [0x00007e8056580000,0x00007e8056580000,0x00007e8059000000)
 ParOldGen       total 699392K, used 158300K [0x00007e8019000000, 0x00007e8043b00000, 0x00007e8043b00000)
  object space 699392K, 22% used [0x00007e8019000000,0x00007e8022a97020,0x00007e8043b00000)
 Metaspace       used 6719K, committed 6784K, reserved 8192K
}
Event: 8,371 GC heap after
{Heap after GC invocations=3 (full 1):
 PSYoungGen      total 305664K, used 43520K [0x00007e8043b00000, 0x00007e8059000000, 0x00007e8059000000)
  eden space 262144K, 0% used [0x00007e8043b00000,0x00007e8043b00000,0x00007e8053b00000)
  from space 43520K, 100% used [0x00007e8056580000,0x00007e8059000000,0x00007e8059000000)
  to   space 43520K, 0% used [0x00007e8053b00000,0x00007e8053b00000,0x00007e8056580000)
 ParOldGen       total 699392K, used 310676K [0x00007e8019000000, 0x00007e8043b00000, 0x00007e8043b00000)
  object space 699392K, 44% used [0x00007e8019000000,0x00007e802bf65040,0x00007e8043b00000)
 Metaspace       used 6719K, committed 6784K, reserved 8192K
}
Event: 8,371 GC heap before
{Heap before GC invocations=4 (full 2):
 PSYoungGen      total 305664K, used 43520K [0x00007e8043b00000, 0x00007e8059000000, 0x00007e8059000000)
  eden space 262144K, 0% used [0x00007e8043b00000,0x00007e8043b00000,0x00007e8053b00000)
  from space 43520K, 100% used [0x00007e8056580000,0x00007e8059000000,0x00007e8059000000)
  to   space 43520K, 0% used [0x00007e8053b00000,0x00007e8053b00000,0x00007e8056580000)
 ParOldGen       total 699392K, used 310676K [0x00007e8019000000, 0x00007e8043b00000, 0x00007e8043b00000)
  object space 699392K, 44% used [0x00007e8019000000,0x00007e802bf65040,0x00007e8043b00000)
 Metaspace       used 6719K, committed 6784K, reserved 8192K
}
Event: 14,700 GC heap after
{Heap after GC invocations=4 (full 2):
 PSYoungGen      total 305664K, used 0K [0x00007e8043b00000, 0x00007e8059000000, 0x00007e8059000000)
  eden space 262144K, 0% used [0x00007e8043b00000,0x00007e8043b00000,0x00007e8053b00000)
  from space 43520K, 0% used [0x00007e8056580000,0x00007e8056580000,0x00007e8059000000)
  to   space 43520K, 0% used [0x00007e8053b00000,0x00007e8053b00000,0x00007e8056580000)
 ParOldGen       total 699392K, used 221541K [0x00007e8019000000, 0x00007e8043b00000, 0x00007e8043b00000)
  object space 699392K, 31% used [0x00007e8019000000,0x00007e8026859468,0x00007e8043b00000)
 Metaspace       used 6719K, committed 6784K, reserved 8192K
}
Event: 14,841 GC heap before
{Heap before GC invocations=5 (full 2):
 PSYoungGen      total 305664K, used 30058K [0x00007e8043b00000, 0x00007e8059000000, 0x00007e8059000000)
  eden space 262144K, 11% used [0x00007e8043b00000,0x00007e804585a928,0x00007e8053b00000)
  from space 43520K, 0% used [0x00007e8056580000,0x00007e8056580000,0x00007e8059000000)
  to   space 43520K, 0% used [0x00007e8053b00000,0x00007e8053b00000,0x00007e8056580000)
 ParOldGen       total 699392K, used 221541K [0x00007e8019000000, 0x00007e8043b00000, 0x00007e8043b00000)
  object space 699392K, 31% used [0x00007e8019000000,0x00007e8026859468,0x00007e8043b00000)
 Metaspace       used 6719K, committed 6784K, reserved 8192K
}
Event: 14,849 GC heap after
{Heap after GC invocations=5 (full 2):
 PSYoungGen      total 305664K, used 32K [0x00007e8043b00000, 0x00007e8059000000, 0x00007e8059000000)
  eden space 262144K, 0% used [0x00007e8043b00000,0x00007e8043b00000,0x00007e8053b00000)
  from space 43520K, 0% used [0x00007e8053b00000,0x00007e8053b08000,0x00007e8056580000)
  to   space 43520K, 0% used [0x00007e8056580000,0x00007e8056580000,0x00007e8059000000)
 ParOldGen       total 699392K, used 221541K [0x00007e8019000000, 0x00007e8043b00000, 0x00007e8043b00000)
  object space 699392K, 31% used [0x00007e8019000000,0x00007e8026859468,0x00007e8043b00000)
 Metaspace       used 6719K, committed 6784K, reserved 8192K
}
Event: 14,850 GC heap before
{Heap before GC invocations=6 (full 3):
 PSYoungGen      total 305664K, used 32K [0x00007e8043b00000, 0x00007e8059000000, 0x00007e8059000000)
  eden space 262144K, 0% used [0x00007e8043b00000,0x00007e8043b00000,0x00007e8053b00000)
  from space 43520K, 0% used [0x00007e8053b00000,0x00007e8053b08000,0x00007e8056580000)
  to   space 43520K, 0% used [0x00007e8056580000,0x00007e8056580000,0x00007e8059000000)
 ParOldGen       total 699392K, used 221541K [0x00007e8019000000, 0x00007e8043b00000, 0x00007e8043b00000)
  object space 699392K, 31% used [0x00007e8019000000,0x00007e8026859468,0x00007e8043b00000)
 Metaspace       used 6719K, committed 6784K, reserved 8192K
}

