# JRE version: OpenJDK Runtime Environment (17.0.6) (build 17.0.6-internal+0-adhoc.konstdelis.jdk17u067)
# Java VM: OpenJDK 64-Bit Server VM (17.0.6-internal+0-adhoc.konstdelis.jdk17u067, mixed mode, tiered, parallel gc, linux-amd64)
GC Precious Log:
 CPUs: 32 total, 32 available
 Memory: 251G
 Large Page Support: Disabled
 NUMA Support: Disabled
 Compressed Oops: Disabled
 Alignments: Space 512K, Generation 512K, Heap 2M
 Heap Min Capacity: 3G
 Heap Initial Capacity: 3G
 Heap Max Capacity: 3G
 Pre-touch: Disabled
 Parallel Workers: 8
Heap:
 PSYoungGen      total 917504K, used 0K [0x00007e9561000000, 0x00007e95a1000000, 0x00007e95a1000000)
  eden space 786432K, 0% used [0x00007e9561000000,0x00007e9561000000,0x00007e9591000000)
  from space 131072K, 0% used [0x00007e9591000000,0x00007e9591000000,0x00007e9599000000)
  to   space 131072K, 0% used [0x00007e9599000000,0x00007e9599000000,0x00007e95a1000000)
 ParOldGen       total 2097152K, used 1445240K [0x00007e94e1000000, 0x00007e9561000000, 0x00007e9561000000)
  object space 2097152K, 68% used [0x00007e94e1000000,0x00007e953935e0b8,0x00007e9561000000)
 Metaspace       used 7086K, committed 7168K, reserved 8192K
GC Heap History (13 events):
Event: 1.671 GC heap before
{Heap before GC invocations=1 (full 0):
 PSYoungGen      total 917504K, used 786432K [0x00007e9561000000, 0x00007e95a1000000, 0x00007e95a1000000)
  eden space 786432K, 100% used [0x00007e9561000000,0x00007e9591000000,0x00007e9591000000)
  from space 131072K, 0% used [0x00007e9599000000,0x00007e9599000000,0x00007e95a1000000)
  to   space 131072K, 0% used [0x00007e9591000000,0x00007e9591000000,0x00007e9599000000)
 ParOldGen       total 2097152K, used 0K [0x00007e94e1000000, 0x00007e9561000000, 0x00007e9561000000)
  object space 2097152K, 0% used [0x00007e94e1000000,0x00007e94e1000000,0x00007e9561000000)
 Metaspace       used 7053K, committed 7104K, reserved 8192K
}
Event: 1.985 GC heap after
{Heap after GC invocations=1 (full 0):
 PSYoungGen      total 917504K, used 131049K [0x00007e9561000000, 0x00007e95a1000000, 0x00007e95a1000000)
  eden space 786432K, 0% used [0x00007e9561000000,0x00007e9561000000,0x00007e9591000000)
  from space 131072K, 99% used [0x00007e9591000000,0x00007e9598ffa5e0,0x00007e9599000000)
  to   space 131072K, 0% used [0x00007e9599000000,0x00007e9599000000,0x00007e95a1000000)
 ParOldGen       total 2097152K, used 502232K [0x00007e94e1000000, 0x00007e9561000000, 0x00007e9561000000)
  object space 2097152K, 23% used [0x00007e94e1000000,0x00007e94ffa76000,0x00007e9561000000)
 Metaspace       used 7053K, committed 7104K, reserved 8192K
}
Event: 2.271 GC heap before
{Heap before GC invocations=2 (full 0):
 PSYoungGen      total 917504K, used 917481K [0x00007e9561000000, 0x00007e95a1000000, 0x00007e95a1000000)
  eden space 786432K, 100% used [0x00007e9561000000,0x00007e9591000000,0x00007e9591000000)
  from space 131072K, 99% used [0x00007e9591000000,0x00007e9598ffa5e0,0x00007e9599000000)
  to   space 131072K, 0% used [0x00007e9599000000,0x00007e9599000000,0x00007e95a1000000)
 ParOldGen       total 2097152K, used 502232K [0x00007e94e1000000, 0x00007e9561000000, 0x00007e9561000000)
  object space 2097152K, 23% used [0x00007e94e1000000,0x00007e94ffa76000,0x00007e9561000000)
 Metaspace       used 7053K, committed 7104K, reserved 8192K
}
Event: 2.613 GC heap after
{Heap after GC invocations=2 (full 0):
 PSYoungGen      total 917504K, used 131055K [0x00007e9561000000, 0x00007e95a1000000, 0x00007e95a1000000)
  eden space 786432K, 0% used [0x00007e9561000000,0x00007e9561000000,0x00007e9591000000)
  from space 131072K, 99% used [0x00007e9599000000,0x00007e95a0ffbff8,0x00007e95a1000000)
  to   space 131072K, 0% used [0x00007e9591000000,0x00007e9591000000,0x00007e9599000000)
 ParOldGen       total 2097152K, used 1153752K [0x00007e94e1000000, 0x00007e9561000000, 0x00007e9561000000)
  object space 2097152K, 55% used [0x00007e94e1000000,0x00007e95276b6000,0x00007e9561000000)
 Metaspace       used 7053K, committed 7104K, reserved 8192K
}
Event: 2.903 GC heap before
{Heap before GC invocations=3 (full 0):
 PSYoungGen      total 917504K, used 917487K [0x00007e9561000000, 0x00007e95a1000000, 0x00007e95a1000000)
  eden space 786432K, 100% used [0x00007e9561000000,0x00007e9591000000,0x00007e9591000000)
  from space 131072K, 99% used [0x00007e9599000000,0x00007e95a0ffbff8,0x00007e95a1000000)
  to   space 131072K, 0% used [0x00007e9591000000,0x00007e9591000000,0x00007e9599000000)
 ParOldGen       total 2097152K, used 1153752K [0x00007e94e1000000, 0x00007e9561000000, 0x00007e9561000000)
  object space 2097152K, 55% used [0x00007e94e1000000,0x00007e95276b6000,0x00007e9561000000)
 Metaspace       used 7053K, committed 7104K, reserved 8192K
}
Event: 3.273 GC heap after
{Heap after GC invocations=3 (full 0):
 PSYoungGen      total 917504K, used 131061K [0x00007e9561000000, 0x00007e95a1000000, 0x00007e95a1000000)
  eden space 786432K, 0% used [0x00007e9561000000,0x00007e9561000000,0x00007e9591000000)
  from space 131072K, 99% used [0x00007e9591000000,0x00007e9598ffd530,0x00007e9599000000)
  to   space 131072K, 0% used [0x00007e9599000000,0x00007e9599000000,0x00007e95a1000000)
 ParOldGen       total 2097152K, used 1810934K [0x00007e94e1000000, 0x00007e9561000000, 0x00007e9561000000)
  object space 2097152K, 86% used [0x00007e94e1000000,0x00007e954f87d8c0,0x00007e9561000000)
 Metaspace       used 7053K, committed 7104K, reserved 8192K
}
Event: 3.273 GC heap before
{Heap before GC invocations=4 (full 1):
 PSYoungGen      total 917504K, used 131061K [0x00007e9561000000, 0x00007e95a1000000, 0x00007e95a1000000)
  eden space 786432K, 0% used [0x00007e9561000000,0x00007e9561000000,0x00007e9591000000)
  from space 131072K, 99% used [0x00007e9591000000,0x00007e9598ffd530,0x00007e9599000000)
  to   space 131072K, 0% used [0x00007e9599000000,0x00007e9599000000,0x00007e95a1000000)
 ParOldGen       total 2097152K, used 1810934K [0x00007e94e1000000, 0x00007e9561000000, 0x00007e9561000000)
  object space 2097152K, 86% used [0x00007e94e1000000,0x00007e954f87d8c0,0x00007e9561000000)
 Metaspace       used 7053K, committed 7104K, reserved 8192K
}
Event: 5.482 GC heap after
{Heap after GC invocations=4 (full 1):
 PSYoungGen      total 917504K, used 0K [0x00007e9561000000, 0x00007e95a1000000, 0x00007e95a1000000)
  eden space 786432K, 0% used [0x00007e9561000000,0x00007e9561000000,0x00007e9591000000)
  from space 131072K, 0% used [0x00007e9599000000,0x00007e9599000000,0x00007e95a1000000)
  to   space 131072K, 0% used [0x00007e9591000000,0x00007e9591000000,0x00007e9599000000)
 ParOldGen       total 2097152K, used 1929692K [0x00007e94e1000000, 0x00007e9561000000, 0x00007e9561000000)
  object space 2097152K, 92% used [0x00007e94e1000000,0x00007e9556c770b0,0x00007e9561000000)
 Metaspace       used 7053K, committed 7104K, reserved 8192K
}
Event: 6.404 GC heap before
{Heap before GC invocations=5 (full 2):
 PSYoungGen      total 917504K, used 411068K [0x00007e9561000000, 0x00007e95a1000000, 0x00007e95a1000000)
  eden space 786432K, 52% used [0x00007e9561000000,0x00007e957a16f3b8,0x00007e9591000000)
  from space 131072K, 0% used [0x00007e9599000000,0x00007e9599000000,0x00007e95a1000000)
  to   space 131072K, 0% used [0x00007e9591000000,0x00007e9591000000,0x00007e9599000000)
 ParOldGen       total 2097152K, used 1929692K [0x00007e94e1000000, 0x00007e9561000000, 0x00007e9561000000)
  object space 2097152K, 92% used [0x00007e94e1000000,0x00007e9556c770b0,0x00007e9561000000)
 Metaspace       used 7080K, committed 7168K, reserved 8192K
}
Event: 11.621 GC heap after
{Heap after GC invocations=5 (full 2):
 PSYoungGen      total 917504K, used 0K [0x00007e9561000000, 0x00007e95a1000000, 0x00007e95a1000000)
  eden space 786432K, 0% used [0x00007e9561000000,0x00007e9561000000,0x00007e9591000000)
  from space 131072K, 0% used [0x00007e9599000000,0x00007e9599000000,0x00007e95a1000000)
  to   space 131072K, 0% used [0x00007e9591000000,0x00007e9591000000,0x00007e9599000000)
 ParOldGen       total 2097152K, used 1445240K [0x00007e94e1000000, 0x00007e9561000000, 0x00007e9561000000)
  object space 2097152K, 68% used [0x00007e94e1000000,0x00007e953935e0b8,0x00007e9561000000)
 Metaspace       used 7080K, committed 7168K, reserved 8192K
}
Event: 11.786 GC heap before
{Heap before GC invocations=6 (full 2):
 PSYoungGen      total 917504K, used 15285K [0x00007e9561000000, 0x00007e95a1000000, 0x00007e95a1000000)
  eden space 786432K, 1% used [0x00007e9561000000,0x00007e9561eed460,0x00007e9591000000)
  from space 131072K, 0% used [0x00007e9599000000,0x00007e9599000000,0x00007e95a1000000)
  to   space 131072K, 0% used [0x00007e9591000000,0x00007e9591000000,0x00007e9599000000)
 ParOldGen       total 2097152K, used 1445240K [0x00007e94e1000000, 0x00007e9561000000, 0x00007e9561000000)
  object space 2097152K, 68% used [0x00007e94e1000000,0x00007e953935e0b8,0x00007e9561000000)
 Metaspace       used 7086K, committed 7168K, reserved 8192K
}
Event: 12.075 GC heap after
{Heap after GC invocations=6 (full 2):
 PSYoungGen      total 917504K, used 0K [0x00007e9561000000, 0x00007e95a1000000, 0x00007e95a1000000)
  eden space 786432K, 0% used [0x00007e9561000000,0x00007e9561000000,0x00007e9591000000)
  from space 131072K, 0% used [0x00007e9591000000,0x00007e9591000000,0x00007e9599000000)
  to   space 131072K, 0% used [0x00007e9599000000,0x00007e9599000000,0x00007e95a1000000)
 ParOldGen       total 2097152K, used 1445240K [0x00007e94e1000000, 0x00007e9561000000, 0x00007e9561000000)
  object space 2097152K, 68% used [0x00007e94e1000000,0x00007e953935e0b8,0x00007e9561000000)
 Metaspace       used 7086K, committed 7168K, reserved 8192K
}
Event: 12.075 GC heap before
{Heap before GC invocations=7 (full 3):
 PSYoungGen      total 917504K, used 0K [0x00007e9561000000, 0x00007e95a1000000, 0x00007e95a1000000)
  eden space 786432K, 0% used [0x00007e9561000000,0x00007e9561000000,0x00007e9591000000)
  from space 131072K, 0% used [0x00007e9591000000,0x00007e9591000000,0x00007e9599000000)
  to   space 131072K, 0% used [0x00007e9599000000,0x00007e9599000000,0x00007e95a1000000)
 ParOldGen       total 2097152K, used 1445240K [0x00007e94e1000000, 0x00007e9561000000, 0x00007e9561000000)
  object space 2097152K, 68% used [0x00007e94e1000000,0x00007e953935e0b8,0x00007e9561000000)
 Metaspace       used 7086K, committed 7168K, reserved 8192K
}

