# JRE version: OpenJDK Runtime Environment (17.0.6) (fastdebug build 17.0.6-internal+0-adhoc.konstdelis.jdk17u067)
# Java VM: OpenJDK 64-Bit Server VM (fastdebug 17.0.6-internal+0-adhoc.konstdelis.jdk17u067, mixed mode, tiered, parallel gc, linux-amd64)
GC Precious Log:
 CPUs: 32 total, 32 available
 Memory: 251G
 Large Page Support: Disabled
 NUMA Support: Disabled
 Compressed Oops: Disabled
 Alignments: Space 512K, Generation 512K, Heap 2M
 Heap Min Capacity: 1G
 Heap Initial Capacity: 1G
 Heap Max Capacity: 1G
 Pre-touch: Disabled
 Parallel Workers: 1
Heap:
 PSYoungGen      total 305664K, used 32K [0x00007ef713b00000, 0x00007ef729000000, 0x00007ef729000000)
  eden space 262144K, 0% used [0x00007ef713b00000,0x00007ef713b00000,0x00007ef723b00000)
  from space 43520K, 0% used [0x00007ef723b00000,0x00007ef723b08000,0x00007ef726580000)
  to   space 43520K, 0% used [0x00007ef726580000,0x00007ef726580000,0x00007ef729000000)
 ParOldGen       total 699392K, used 221539K [0x00007ef6e9000000, 0x00007ef713b00000, 0x00007ef713b00000)
  object space 699392K, 31% used [0x00007ef6e9000000,0x00007ef6f6858f00,0x00007ef713b00000)
 Metaspace       used 6722K, committed 6784K, reserved 8192K
GC Heap History (11 events):
Event: 2,200 GC heap before
{Heap before GC invocations=1 (full 0):
 PSYoungGen      total 305664K, used 239413K [0x00007ef713b00000, 0x00007ef729000000, 0x00007ef729000000)
  eden space 262144K, 91% used [0x00007ef713b00000,0x00007ef7224cd5a8,0x00007ef723b00000)
  from space 43520K, 0% used [0x00007ef726580000,0x00007ef726580000,0x00007ef729000000)
  to   space 43520K, 0% used [0x00007ef723b00000,0x00007ef723b00000,0x00007ef726580000)
 ParOldGen       total 699392K, used 0K [0x00007ef6e9000000, 0x00007ef713b00000, 0x00007ef713b00000)
  object space 699392K, 0% used [0x00007ef6e9000000,0x00007ef6e9000000,0x00007ef713b00000)
 Metaspace       used 6722K, committed 6784K, reserved 8192K
}
Event: 3,593 GC heap after
{Heap after GC invocations=1 (full 0):
 PSYoungGen      total 305664K, used 43488K [0x00007ef713b00000, 0x00007ef729000000, 0x00007ef729000000)
  eden space 262144K, 0% used [0x00007ef713b00000,0x00007ef713b00000,0x00007ef723b00000)
  from space 43520K, 99% used [0x00007ef723b00000,0x00007ef726578020,0x00007ef726580000)
  to   space 43520K, 0% used [0x00007ef726580000,0x00007ef726580000,0x00007ef729000000)
 ParOldGen       total 699392K, used 115688K [0x00007ef6e9000000, 0x00007ef713b00000, 0x00007ef713b00000)
  object space 699392K, 16% used [0x00007ef6e9000000,0x00007ef6f00fa000,0x00007ef713b00000)
 Metaspace       used 6722K, committed 6784K, reserved 8192K
}
Event: 3,593 GC heap before
{Heap before GC invocations=2 (full 1):
 PSYoungGen      total 305664K, used 43488K [0x00007ef713b00000, 0x00007ef729000000, 0x00007ef729000000)
  eden space 262144K, 0% used [0x00007ef713b00000,0x00007ef713b00000,0x00007ef723b00000)
  from space 43520K, 99% used [0x00007ef723b00000,0x00007ef726578020,0x00007ef726580000)
  to   space 43520K, 0% used [0x00007ef726580000,0x00007ef726580000,0x00007ef729000000)
 ParOldGen       total 699392K, used 115688K [0x00007ef6e9000000, 0x00007ef713b00000, 0x00007ef713b00000)
  object space 699392K, 16% used [0x00007ef6e9000000,0x00007ef6f00fa000,0x00007ef713b00000)
 Metaspace       used 6722K, committed 6784K, reserved 8192K
}
Event: 6,240 GC heap after
{Heap after GC invocations=2 (full 1):
 PSYoungGen      total 305664K, used 0K [0x00007ef713b00000, 0x00007ef729000000, 0x00007ef729000000)
  eden space 262144K, 0% used [0x00007ef713b00000,0x00007ef713b00000,0x00007ef723b00000)
  from space 43520K, 0% used [0x00007ef723b00000,0x00007ef723b00000,0x00007ef726580000)
  to   space 43520K, 0% used [0x00007ef726580000,0x00007ef726580000,0x00007ef729000000)
 ParOldGen       total 699392K, used 158298K [0x00007ef6e9000000, 0x00007ef713b00000, 0x00007ef713b00000)
  object space 699392K, 22% used [0x00007ef6e9000000,0x00007ef6f2a96ab8,0x00007ef713b00000)
 Metaspace       used 6722K, committed 6784K, reserved 8192K
}
Event: 6,561 GC heap before
{Heap before GC invocations=3 (full 1):
 PSYoungGen      total 305664K, used 199308K [0x00007ef713b00000, 0x00007ef729000000, 0x00007ef729000000)
  eden space 262144K, 76% used [0x00007ef713b00000,0x00007ef71fda3380,0x00007ef723b00000)
  from space 43520K, 0% used [0x00007ef723b00000,0x00007ef723b00000,0x00007ef726580000)
  to   space 43520K, 0% used [0x00007ef726580000,0x00007ef726580000,0x00007ef729000000)
 ParOldGen       total 699392K, used 158298K [0x00007ef6e9000000, 0x00007ef713b00000, 0x00007ef713b00000)
  object space 699392K, 22% used [0x00007ef6e9000000,0x00007ef6f2a96ab8,0x00007ef713b00000)
 Metaspace       used 6722K, committed 6784K, reserved 8192K
}
Event: 8,440 GC heap after
{Heap after GC invocations=3 (full 1):
 PSYoungGen      total 305664K, used 43520K [0x00007ef713b00000, 0x00007ef729000000, 0x00007ef729000000)
  eden space 262144K, 0% used [0x00007ef713b00000,0x00007ef713b00000,0x00007ef723b00000)
  from space 43520K, 100% used [0x00007ef726580000,0x00007ef729000000,0x00007ef729000000)
  to   space 43520K, 0% used [0x00007ef723b00000,0x00007ef723b00000,0x00007ef726580000)
 ParOldGen       total 699392K, used 310674K [0x00007ef6e9000000, 0x00007ef713b00000, 0x00007ef713b00000)
  object space 699392K, 44% used [0x00007ef6e9000000,0x00007ef6fbf64ad8,0x00007ef713b00000)
 Metaspace       used 6722K, committed 6784K, reserved 8192K
}
Event: 8,440 GC heap before
{Heap before GC invocations=4 (full 2):
 PSYoungGen      total 305664K, used 43520K [0x00007ef713b00000, 0x00007ef729000000, 0x00007ef729000000)
  eden space 262144K, 0% used [0x00007ef713b00000,0x00007ef713b00000,0x00007ef723b00000)
  from space 43520K, 100% used [0x00007ef726580000,0x00007ef729000000,0x00007ef729000000)
  to   space 43520K, 0% used [0x00007ef723b00000,0x00007ef723b00000,0x00007ef726580000)
 ParOldGen       total 699392K, used 310674K [0x00007ef6e9000000, 0x00007ef713b00000, 0x00007ef713b00000)
  object space 699392K, 44% used [0x00007ef6e9000000,0x00007ef6fbf64ad8,0x00007ef713b00000)
 Metaspace       used 6722K, committed 6784K, reserved 8192K
}
Event: 15,008 GC heap after
{Heap after GC invocations=4 (full 2):
 PSYoungGen      total 305664K, used 0K [0x00007ef713b00000, 0x00007ef729000000, 0x00007ef729000000)
  eden space 262144K, 0% used [0x00007ef713b00000,0x00007ef713b00000,0x00007ef723b00000)
  from space 43520K, 0% used [0x00007ef726580000,0x00007ef726580000,0x00007ef729000000)
  to   space 43520K, 0% used [0x00007ef723b00000,0x00007ef723b00000,0x00007ef726580000)
 ParOldGen       total 699392K, used 221539K [0x00007ef6e9000000, 0x00007ef713b00000, 0x00007ef713b00000)
  object space 699392K, 31% used [0x00007ef6e9000000,0x00007ef6f6858f00,0x00007ef713b00000)
 Metaspace       used 6722K, committed 6784K, reserved 8192K
}
Event: 15,141 GC heap before
{Heap before GC invocations=5 (full 2):
 PSYoungGen      total 305664K, used 29841K [0x00007ef713b00000, 0x00007ef729000000, 0x00007ef729000000)
  eden space 262144K, 11% used [0x00007ef713b00000,0x00007ef715824718,0x00007ef723b00000)
  from space 43520K, 0% used [0x00007ef726580000,0x00007ef726580000,0x00007ef729000000)
  to   space 43520K, 0% used [0x00007ef723b00000,0x00007ef723b00000,0x00007ef726580000)
 ParOldGen       total 699392K, used 221539K [0x00007ef6e9000000, 0x00007ef713b00000, 0x00007ef713b00000)
  object space 699392K, 31% used [0x00007ef6e9000000,0x00007ef6f6858f00,0x00007ef713b00000)
 Metaspace       used 6722K, committed 6784K, reserved 8192K
}
Event: 15,151 GC heap after
{Heap after GC invocations=5 (full 2):
 PSYoungGen      total 305664K, used 32K [0x00007ef713b00000, 0x00007ef729000000, 0x00007ef729000000)
  eden space 262144K, 0% used [0x00007ef713b00000,0x00007ef713b00000,0x00007ef723b00000)
  from space 43520K, 0% used [0x00007ef723b00000,0x00007ef723b08000,0x00007ef726580000)
  to   space 43520K, 0% used [0x00007ef726580000,0x00007ef726580000,0x00007ef729000000)
 ParOldGen       total 699392K, used 221539K [0x00007ef6e9000000, 0x00007ef713b00000, 0x00007ef713b00000)
  object space 699392K, 31% used [0x00007ef6e9000000,0x00007ef6f6858f00,0x00007ef713b00000)
 Metaspace       used 6722K, committed 6784K, reserved 8192K
}
Event: 15,152 GC heap before
{Heap before GC invocations=6 (full 3):
 PSYoungGen      total 305664K, used 32K [0x00007ef713b00000, 0x00007ef729000000, 0x00007ef729000000)
  eden space 262144K, 0% used [0x00007ef713b00000,0x00007ef713b00000,0x00007ef723b00000)
  from space 43520K, 0% used [0x00007ef723b00000,0x00007ef723b08000,0x00007ef726580000)
  to   space 43520K, 0% used [0x00007ef726580000,0x00007ef726580000,0x00007ef729000000)
 ParOldGen       total 699392K, used 221539K [0x00007ef6e9000000, 0x00007ef713b00000, 0x00007ef713b00000)
  object space 699392K, 31% used [0x00007ef6e9000000,0x00007ef6f6858f00,0x00007ef713b00000)
 Metaspace       used 6722K, committed 6784K, reserved 8192K
}

