# JRE version: OpenJDK Runtime Environment (17.0.6) (fastdebug build 17.0.6-internal+0-adhoc.konstdelis.jdk17u067)
# Java VM: OpenJDK 64-Bit Server VM (fastdebug 17.0.6-internal+0-adhoc.konstdelis.jdk17u067, mixed mode, tiered, parallel gc, linux-amd64)
GC Precious Log:
 CPUs: 32 total, 32 available
 Memory: 251G
 Large Page Support: Disabled
 NUMA Support: Disabled
 Compressed Oops: Disabled
 Alignments: Space 512K, Generation 512K, Heap 2M
 Heap Min Capacity: 1G
 Heap Initial Capacity: 1G
 Heap Max Capacity: 1G
 Pre-touch: Disabled
 Parallel Workers: 8
Heap:
 PSYoungGen      total 305664K, used 150069K [0x00007f50cb700000, 0x00007f50e0c00000, 0x00007f50e0c00000)
  eden space 262144K, 57% used [0x00007f50cb700000,0x00007f50d498d770,0x00007f50db700000)
  from space 43520K, 0% used [0x00007f50db700000,0x00007f50db700000,0x00007f50de180000)
  to   space 43520K, 100% used [0x00007f50de180000,0x00007f50e0c00000,0x00007f50e0c00000)
 ParOldGen       total 699392K, used 429056K [0x00007f50a0c00000, 0x00007f50cb700000, 0x00007f50cb700000)
  object space 699392K, 61% used [0x00007f50a0c00000,0x00007f50baf00320,0x00007f50cb700000)
 Metaspace       used 6717K, committed 6784K, reserved 8192K
GC Heap History (13 events):
Event: 2,124 GC heap before
{Heap before GC invocations=1 (full 0):
 PSYoungGen      total 305664K, used 228927K [0x00007f50cb700000, 0x00007f50e0c00000, 0x00007f50e0c00000)
  eden space 262144K, 87% used [0x00007f50cb700000,0x00007f50d968fe50,0x00007f50db700000)
  from space 43520K, 0% used [0x00007f50de180000,0x00007f50de180000,0x00007f50e0c00000)
  to   space 43520K, 0% used [0x00007f50db700000,0x00007f50db700000,0x00007f50de180000)
 ParOldGen       total 699392K, used 0K [0x00007f50a0c00000, 0x00007f50cb700000, 0x00007f50cb700000)
  object space 699392K, 0% used [0x00007f50a0c00000,0x00007f50a0c00000,0x00007f50cb700000)
 Metaspace       used 6717K, committed 6784K, reserved 8192K
}
Event: 2,382 GC heap after
{Heap after GC invocations=1 (full 0):
 PSYoungGen      total 305664K, used 43504K [0x00007f50cb700000, 0x00007f50e0c00000, 0x00007f50e0c00000)
  eden space 262144K, 0% used [0x00007f50cb700000,0x00007f50cb700000,0x00007f50db700000)
  from space 43520K, 99% used [0x00007f50db700000,0x00007f50de17c060,0x00007f50de180000)
  to   space 43520K, 0% used [0x00007f50de180000,0x00007f50de180000,0x00007f50e0c00000)
 ParOldGen       total 699392K, used 132120K [0x00007f50a0c00000, 0x00007f50cb700000, 0x00007f50cb700000)
  object space 699392K, 18% used [0x00007f50a0c00000,0x00007f50a8d06000,0x00007f50cb700000)
 Metaspace       used 6717K, committed 6784K, reserved 8192K
}
Event: 2,382 GC heap before
{Heap before GC invocations=2 (full 1):
 PSYoungGen      total 305664K, used 43504K [0x00007f50cb700000, 0x00007f50e0c00000, 0x00007f50e0c00000)
  eden space 262144K, 0% used [0x00007f50cb700000,0x00007f50cb700000,0x00007f50db700000)
  from space 43520K, 99% used [0x00007f50db700000,0x00007f50de17c060,0x00007f50de180000)
  to   space 43520K, 0% used [0x00007f50de180000,0x00007f50de180000,0x00007f50e0c00000)
 ParOldGen       total 699392K, used 132120K [0x00007f50a0c00000, 0x00007f50cb700000, 0x00007f50cb700000)
  object space 699392K, 18% used [0x00007f50a0c00000,0x00007f50a8d06000,0x00007f50cb700000)
 Metaspace       used 6717K, committed 6784K, reserved 8192K
}
Event: 3,148 GC heap after
{Heap after GC invocations=2 (full 1):
 PSYoungGen      total 305664K, used 0K [0x00007f50cb700000, 0x00007f50e0c00000, 0x00007f50e0c00000)
  eden space 262144K, 0% used [0x00007f50cb700000,0x00007f50cb700000,0x00007f50db700000)
  from space 43520K, 0% used [0x00007f50db700000,0x00007f50db700000,0x00007f50de180000)
  to   space 43520K, 0% used [0x00007f50de180000,0x00007f50de180000,0x00007f50e0c00000)
 ParOldGen       total 699392K, used 158033K [0x00007f50a0c00000, 0x00007f50cb700000, 0x00007f50cb700000)
  object space 699392K, 22% used [0x00007f50a0c00000,0x00007f50aa6546f0,0x00007f50cb700000)
 Metaspace       used 6717K, committed 6784K, reserved 8192K
}
Event: 3,531 GC heap before
{Heap before GC invocations=3 (full 1):
 PSYoungGen      total 305664K, used 200813K [0x00007f50cb700000, 0x00007f50e0c00000, 0x00007f50e0c00000)
  eden space 262144K, 76% used [0x00007f50cb700000,0x00007f50d7b1b690,0x00007f50db700000)
  from space 43520K, 0% used [0x00007f50db700000,0x00007f50db700000,0x00007f50de180000)
  to   space 43520K, 0% used [0x00007f50de180000,0x00007f50de180000,0x00007f50e0c00000)
 ParOldGen       total 699392K, used 158033K [0x00007f50a0c00000, 0x00007f50cb700000, 0x00007f50cb700000)
  object space 699392K, 22% used [0x00007f50a0c00000,0x00007f50aa6546f0,0x00007f50cb700000)
 Metaspace       used 6717K, committed 6784K, reserved 8192K
}
Event: 4,262 GC heap after
{Heap after GC invocations=3 (full 1):
 PSYoungGen      total 305664K, used 43520K [0x00007f50cb700000, 0x00007f50e0c00000, 0x00007f50e0c00000)
  eden space 262144K, 0% used [0x00007f50cb700000,0x00007f50cb700000,0x00007f50db700000)
  from space 43520K, 100% used [0x00007f50de180000,0x00007f50e0c00000,0x00007f50e0c00000)
  to   space 43520K, 0% used [0x00007f50db700000,0x00007f50db700000,0x00007f50de180000)
 ParOldGen       total 699392K, used 343209K [0x00007f50a0c00000, 0x00007f50cb700000, 0x00007f50cb700000)
  object space 699392K, 49% used [0x00007f50a0c00000,0x00007f50b5b2a730,0x00007f50cb700000)
 Metaspace       used 6717K, committed 6784K, reserved 8192K
}
Event: 4,262 GC heap before
{Heap before GC invocations=4 (full 2):
 PSYoungGen      total 305664K, used 43520K [0x00007f50cb700000, 0x00007f50e0c00000, 0x00007f50e0c00000)
  eden space 262144K, 0% used [0x00007f50cb700000,0x00007f50cb700000,0x00007f50db700000)
  from space 43520K, 100% used [0x00007f50de180000,0x00007f50e0c00000,0x00007f50e0c00000)
  to   space 43520K, 0% used [0x00007f50db700000,0x00007f50db700000,0x00007f50de180000)
 ParOldGen       total 699392K, used 343209K [0x00007f50a0c00000, 0x00007f50cb700000, 0x00007f50cb700000)
  object space 699392K, 49% used [0x00007f50a0c00000,0x00007f50b5b2a730,0x00007f50cb700000)
 Metaspace       used 6717K, committed 6784K, reserved 8192K
}
Event: 6,516 GC heap after
{Heap after GC invocations=4 (full 2):
 PSYoungGen      total 305664K, used 0K [0x00007f50cb700000, 0x00007f50e0c00000, 0x00007f50e0c00000)
  eden space 262144K, 0% used [0x00007f50cb700000,0x00007f50cb700000,0x00007f50db700000)
  from space 43520K, 0% used [0x00007f50de180000,0x00007f50de180000,0x00007f50e0c00000)
  to   space 43520K, 0% used [0x00007f50db700000,0x00007f50db700000,0x00007f50de180000)
 ParOldGen       total 699392K, used 323031K [0x00007f50a0c00000, 0x00007f50cb700000, 0x00007f50cb700000)
  object space 699392K, 46% used [0x00007f50a0c00000,0x00007f50b4775da8,0x00007f50cb700000)
 Metaspace       used 6717K, committed 6784K, reserved 8192K
}
Event: 6,684 GC heap before
{Heap before GC invocations=5 (full 2):
 PSYoungGen      total 305664K, used 20009K [0x00007f50cb700000, 0x00007f50e0c00000, 0x00007f50e0c00000)
  eden space 262144K, 7% used [0x00007f50cb700000,0x00007f50cca8a538,0x00007f50db700000)
  from space 43520K, 0% used [0x00007f50de180000,0x00007f50de180000,0x00007f50e0c00000)
  to   space 43520K, 0% used [0x00007f50db700000,0x00007f50db700000,0x00007f50de180000)
 ParOldGen       total 699392K, used 323031K [0x00007f50a0c00000, 0x00007f50cb700000, 0x00007f50cb700000)
  object space 699392K, 46% used [0x00007f50a0c00000,0x00007f50b4775da8,0x00007f50cb700000)
 Metaspace       used 6717K, committed 6784K, reserved 8192K
}
Event: 6,693 GC heap after
{Heap after GC invocations=5 (full 2):
 PSYoungGen      total 305664K, used 32K [0x00007f50cb700000, 0x00007f50e0c00000, 0x00007f50e0c00000)
  eden space 262144K, 0% used [0x00007f50cb700000,0x00007f50cb700000,0x00007f50db700000)
  from space 43520K, 0% used [0x00007f50db700000,0x00007f50db708000,0x00007f50de180000)
  to   space 43520K, 0% used [0x00007f50de180000,0x00007f50de180000,0x00007f50e0c00000)
 ParOldGen       total 699392K, used 323031K [0x00007f50a0c00000, 0x00007f50cb700000, 0x00007f50cb700000)
  object space 699392K, 46% used [0x00007f50a0c00000,0x00007f50b4775da8,0x00007f50cb700000)
 Metaspace       used 6717K, committed 6784K, reserved 8192K
}
Event: 6,693 GC heap before
{Heap before GC invocations=6 (full 3):
 PSYoungGen      total 305664K, used 32K [0x00007f50cb700000, 0x00007f50e0c00000, 0x00007f50e0c00000)
  eden space 262144K, 0% used [0x00007f50cb700000,0x00007f50cb700000,0x00007f50db700000)
  from space 43520K, 0% used [0x00007f50db700000,0x00007f50db708000,0x00007f50de180000)
  to   space 43520K, 0% used [0x00007f50de180000,0x00007f50de180000,0x00007f50e0c00000)
 ParOldGen       total 699392K, used 323031K [0x00007f50a0c00000, 0x00007f50cb700000, 0x00007f50cb700000)
  object space 699392K, 46% used [0x00007f50a0c00000,0x00007f50b4775da8,0x00007f50cb700000)
 Metaspace       used 6717K, committed 6784K, reserved 8192K
}
Event: 8,587 GC heap after
{Heap after GC invocations=6 (full 3):
 PSYoungGen      total 305664K, used 0K [0x00007f50cb700000, 0x00007f50e0c00000, 0x00007f50e0c00000)
  eden space 262144K, 0% used [0x00007f50cb700000,0x00007f50cb700000,0x00007f50db700000)
  from space 43520K, 0% used [0x00007f50db700000,0x00007f50db700000,0x00007f50de180000)
  to   space 43520K, 0% used [0x00007f50de180000,0x00007f50de180000,0x00007f50e0c00000)
 ParOldGen       total 699392K, used 323296K [0x00007f50a0c00000, 0x00007f50cb700000, 0x00007f50cb700000)
  object space 699392K, 46% used [0x00007f50a0c00000,0x00007f50b47b8320,0x00007f50cb700000)
 Metaspace       used 6717K, committed 6784K, reserved 8192K
}
Event: 8,788 GC heap before
{Heap before GC invocations=7 (full 3):
 PSYoungGen      total 305664K, used 150069K [0x00007f50cb700000, 0x00007f50e0c00000, 0x00007f50e0c00000)
  eden space 262144K, 57% used [0x00007f50cb700000,0x00007f50d498d770,0x00007f50db700000)
  from space 43520K, 0% used [0x00007f50db700000,0x00007f50db700000,0x00007f50de180000)
  to   space 43520K, 0% used [0x00007f50de180000,0x00007f50de180000,0x00007f50e0c00000)
 ParOldGen       total 699392K, used 323296K [0x00007f50a0c00000, 0x00007f50cb700000, 0x00007f50cb700000)
  object space 699392K, 46% used [0x00007f50a0c00000,0x00007f50b47b8320,0x00007f50cb700000)
 Metaspace       used 6717K, committed 6784K, reserved 8192K
}

