# JRE version: OpenJDK Runtime Environment (17.0.6) (fastdebug build 17.0.6-internal+0-adhoc.konstdelis.jdk17u067)
# Java VM: OpenJDK 64-Bit Server VM (fastdebug 17.0.6-internal+0-adhoc.konstdelis.jdk17u067, mixed mode, tiered, parallel gc, linux-amd64)
GC Precious Log:
 CPUs: 32 total, 32 available
 Memory: 251G
 Large Page Support: Disabled
 NUMA Support: Disabled
 Compressed Oops: Disabled
 Alignments: Space 512K, Generation 512K, Heap 2M
 Heap Min Capacity: 3G
 Heap Initial Capacity: 3G
 Heap Max Capacity: 3G
 Pre-touch: Disabled
 Parallel Workers: 8
Heap:
 PSYoungGen      total 917504K, used 131045K [0x00007ef6f9000000, 0x00007ef739000000, 0x00007ef739000000)
  eden space 786432K, 0% used [0x00007ef6f9000000,0x00007ef6f9000000,0x00007ef729000000)
  from space 131072K, 99% used [0x00007ef729000000,0x00007ef730ff9510,0x00007ef731000000)
  to   space 131072K, 0% used [0x00007ef731000000,0x00007ef731000000,0x00007ef739000000)
 ParOldGen       total 2097152K, used 1779494K [0x00007ef679000000, 0x00007ef6f9000000, 0x00007ef6f9000000)
  object space 2097152K, 84% used [0x00007ef679000000,0x00007ef6e59c98c0,0x00007ef6f9000000)
 Metaspace       used 7360K, committed 7488K, reserved 8192K
GC Heap History (7 events):
Event: 2.899 GC heap before
{Heap before GC invocations=1 (full 0):
 PSYoungGen      total 917504K, used 786432K [0x00007ef6f9000000, 0x00007ef739000000, 0x00007ef739000000)
  eden space 786432K, 100% used [0x00007ef6f9000000,0x00007ef729000000,0x00007ef729000000)
  from space 131072K, 0% used [0x00007ef731000000,0x00007ef731000000,0x00007ef739000000)
  to   space 131072K, 0% used [0x00007ef729000000,0x00007ef729000000,0x00007ef731000000)
 ParOldGen       total 2097152K, used 0K [0x00007ef679000000, 0x00007ef6f9000000, 0x00007ef6f9000000)
  object space 2097152K, 0% used [0x00007ef679000000,0x00007ef679000000,0x00007ef6f9000000)
 Metaspace       used 7359K, committed 7488K, reserved 8192K
}
Event: 3.680 GC heap after
{Heap after GC invocations=1 (full 0):
 PSYoungGen      total 917504K, used 131049K [0x00007ef6f9000000, 0x00007ef739000000, 0x00007ef739000000)
  eden space 786432K, 0% used [0x00007ef6f9000000,0x00007ef6f9000000,0x00007ef729000000)
  from space 131072K, 99% used [0x00007ef729000000,0x00007ef730ffa5e0,0x00007ef731000000)
  to   space 131072K, 0% used [0x00007ef731000000,0x00007ef731000000,0x00007ef739000000)
 ParOldGen       total 2097152K, used 478672K [0x00007ef679000000, 0x00007ef6f9000000, 0x00007ef6f9000000)
  object space 2097152K, 22% used [0x00007ef679000000,0x00007ef696374000,0x00007ef6f9000000)
 Metaspace       used 7359K, committed 7488K, reserved 8192K
}
Event: 4.061 GC heap before
{Heap before GC invocations=2 (full 0):
 PSYoungGen      total 917504K, used 917481K [0x00007ef6f9000000, 0x00007ef739000000, 0x00007ef739000000)
  eden space 786432K, 100% used [0x00007ef6f9000000,0x00007ef729000000,0x00007ef729000000)
  from space 131072K, 99% used [0x00007ef729000000,0x00007ef730ffa5e0,0x00007ef731000000)
  to   space 131072K, 0% used [0x00007ef731000000,0x00007ef731000000,0x00007ef739000000)
 ParOldGen       total 2097152K, used 478672K [0x00007ef679000000, 0x00007ef6f9000000, 0x00007ef6f9000000)
  object space 2097152K, 22% used [0x00007ef679000000,0x00007ef696374000,0x00007ef6f9000000)
 Metaspace       used 7360K, committed 7488K, reserved 8192K
}
Event: 5.063 GC heap after
{Heap after GC invocations=2 (full 0):
 PSYoungGen      total 917504K, used 131057K [0x00007ef6f9000000, 0x00007ef739000000, 0x00007ef739000000)
  eden space 786432K, 0% used [0x00007ef6f9000000,0x00007ef6f9000000,0x00007ef729000000)
  from space 131072K, 99% used [0x00007ef731000000,0x00007ef738ffc718,0x00007ef739000000)
  to   space 131072K, 0% used [0x00007ef729000000,0x00007ef729000000,0x00007ef731000000)
 ParOldGen       total 2097152K, used 1126536K [0x00007ef679000000, 0x00007ef6f9000000, 0x00007ef6f9000000)
  object space 2097152K, 53% used [0x00007ef679000000,0x00007ef6bdc22000,0x00007ef6f9000000)
 Metaspace       used 7360K, committed 7488K, reserved 8192K
}
Event: 5.430 GC heap before
{Heap before GC invocations=3 (full 0):
 PSYoungGen      total 917504K, used 917489K [0x00007ef6f9000000, 0x00007ef739000000, 0x00007ef739000000)
  eden space 786432K, 100% used [0x00007ef6f9000000,0x00007ef729000000,0x00007ef729000000)
  from space 131072K, 99% used [0x00007ef731000000,0x00007ef738ffc718,0x00007ef739000000)
  to   space 131072K, 0% used [0x00007ef729000000,0x00007ef729000000,0x00007ef731000000)
 ParOldGen       total 2097152K, used 1126536K [0x00007ef679000000, 0x00007ef6f9000000, 0x00007ef6f9000000)
  object space 2097152K, 53% used [0x00007ef679000000,0x00007ef6bdc22000,0x00007ef6f9000000)
 Metaspace       used 7360K, committed 7488K, reserved 8192K
}
Event: 6.512 GC heap after
{Heap after GC invocations=3 (full 0):
 PSYoungGen      total 917504K, used 131045K [0x00007ef6f9000000, 0x00007ef739000000, 0x00007ef739000000)
  eden space 786432K, 0% used [0x00007ef6f9000000,0x00007ef6f9000000,0x00007ef729000000)
  from space 131072K, 99% used [0x00007ef729000000,0x00007ef730ff9510,0x00007ef731000000)
  to   space 131072K, 0% used [0x00007ef731000000,0x00007ef731000000,0x00007ef739000000)
 ParOldGen       total 2097152K, used 1779494K [0x00007ef679000000, 0x00007ef6f9000000, 0x00007ef6f9000000)
  object space 2097152K, 84% used [0x00007ef679000000,0x00007ef6e59c98c0,0x00007ef6f9000000)
 Metaspace       used 7360K, committed 7488K, reserved 8192K
}
Event: 6.512 GC heap before
{Heap before GC invocations=4 (full 1):
 PSYoungGen      total 917504K, used 131045K [0x00007ef6f9000000, 0x00007ef739000000, 0x00007ef739000000)
  eden space 786432K, 0% used [0x00007ef6f9000000,0x00007ef6f9000000,0x00007ef729000000)
  from space 131072K, 99% used [0x00007ef729000000,0x00007ef730ff9510,0x00007ef731000000)
  to   space 131072K, 0% used [0x00007ef731000000,0x00007ef731000000,0x00007ef739000000)
 ParOldGen       total 2097152K, used 1779494K [0x00007ef679000000, 0x00007ef6f9000000, 0x00007ef6f9000000)
  object space 2097152K, 84% used [0x00007ef679000000,0x00007ef6e59c98c0,0x00007ef6f9000000)
 Metaspace       used 7360K, committed 7488K, reserved 8192K
}

