# JRE version: OpenJDK Runtime Environment (17.0.6) (build 17.0.6-internal+0-adhoc.konstdelis.jdk17u067)
# Java VM: OpenJDK 64-Bit Server VM (17.0.6-internal+0-adhoc.konstdelis.jdk17u067, mixed mode, tiered, parallel gc, linux-amd64)
GC Precious Log:
 CPUs: 32 total, 32 available
 Memory: 251G
 Large Page Support: Disabled
 NUMA Support: Disabled
 Compressed Oops: Disabled
 Alignments: Space 512K, Generation 512K, Heap 2M
 Heap Min Capacity: 3G
 Heap Initial Capacity: 3G
 Heap Max Capacity: 3G
 Pre-touch: Disabled
 Parallel Workers: 8
Heap:
 PSYoungGen      total 917504K, used 0K [0x00007e7e9ce00000, 0x00007e7edce00000, 0x00007e7edce00000)
  eden space 786432K, 0% used [0x00007e7e9ce00000,0x00007e7e9ce00000,0x00007e7ecce00000)
  from space 131072K, 0% used [0x00007e7ecce00000,0x00007e7ecce00000,0x00007e7ed4e00000)
  to   space 131072K, 0% used [0x00007e7ed4e00000,0x00007e7ed4e00000,0x00007e7edce00000)
 ParOldGen       total 2097152K, used 1501510K [0x00007e7e1ce00000, 0x00007e7e9ce00000, 0x00007e7e9ce00000)
  object space 2097152K, 71% used [0x00007e7e1ce00000,0x00007e7e788518d8,0x00007e7e9ce00000)
 Metaspace       used 7095K, committed 7168K, reserved 8192K
GC Heap History (13 events):
Event: 1.717 GC heap before
{Heap before GC invocations=1 (full 0):
 PSYoungGen      total 917504K, used 786432K [0x00007e7e9ce00000, 0x00007e7edce00000, 0x00007e7edce00000)
  eden space 786432K, 100% used [0x00007e7e9ce00000,0x00007e7ecce00000,0x00007e7ecce00000)
  from space 131072K, 0% used [0x00007e7ed4e00000,0x00007e7ed4e00000,0x00007e7edce00000)
  to   space 131072K, 0% used [0x00007e7ecce00000,0x00007e7ecce00000,0x00007e7ed4e00000)
 ParOldGen       total 2097152K, used 0K [0x00007e7e1ce00000, 0x00007e7e9ce00000, 0x00007e7e9ce00000)
  object space 2097152K, 0% used [0x00007e7e1ce00000,0x00007e7e1ce00000,0x00007e7e9ce00000)
 Metaspace       used 7053K, committed 7104K, reserved 8192K
}
Event: 2.004 GC heap after
{Heap after GC invocations=1 (full 0):
 PSYoungGen      total 917504K, used 131049K [0x00007e7e9ce00000, 0x00007e7edce00000, 0x00007e7edce00000)
  eden space 786432K, 0% used [0x00007e7e9ce00000,0x00007e7e9ce00000,0x00007e7ecce00000)
  from space 131072K, 99% used [0x00007e7ecce00000,0x00007e7ed4dfa5e0,0x00007e7ed4e00000)
  to   space 131072K, 0% used [0x00007e7ed4e00000,0x00007e7ed4e00000,0x00007e7edce00000)
 ParOldGen       total 2097152K, used 502216K [0x00007e7e1ce00000, 0x00007e7e9ce00000, 0x00007e7e9ce00000)
  object space 2097152K, 23% used [0x00007e7e1ce00000,0x00007e7e3b872000,0x00007e7e9ce00000)
 Metaspace       used 7053K, committed 7104K, reserved 8192K
}
Event: 2.290 GC heap before
{Heap before GC invocations=2 (full 0):
 PSYoungGen      total 917504K, used 917481K [0x00007e7e9ce00000, 0x00007e7edce00000, 0x00007e7edce00000)
  eden space 786432K, 100% used [0x00007e7e9ce00000,0x00007e7ecce00000,0x00007e7ecce00000)
  from space 131072K, 99% used [0x00007e7ecce00000,0x00007e7ed4dfa5e0,0x00007e7ed4e00000)
  to   space 131072K, 0% used [0x00007e7ed4e00000,0x00007e7ed4e00000,0x00007e7edce00000)
 ParOldGen       total 2097152K, used 502216K [0x00007e7e1ce00000, 0x00007e7e9ce00000, 0x00007e7e9ce00000)
  object space 2097152K, 23% used [0x00007e7e1ce00000,0x00007e7e3b872000,0x00007e7e9ce00000)
 Metaspace       used 7053K, committed 7104K, reserved 8192K
}
Event: 2.631 GC heap after
{Heap after GC invocations=2 (full 0):
 PSYoungGen      total 917504K, used 131055K [0x00007e7e9ce00000, 0x00007e7edce00000, 0x00007e7edce00000)
  eden space 786432K, 0% used [0x00007e7e9ce00000,0x00007e7e9ce00000,0x00007e7ecce00000)
  from space 131072K, 99% used [0x00007e7ed4e00000,0x00007e7edcdfbff8,0x00007e7edce00000)
  to   space 131072K, 0% used [0x00007e7ecce00000,0x00007e7ecce00000,0x00007e7ed4e00000)
 ParOldGen       total 2097152K, used 1153432K [0x00007e7e1ce00000, 0x00007e7e9ce00000, 0x00007e7e9ce00000)
  object space 2097152K, 54% used [0x00007e7e1ce00000,0x00007e7e63466000,0x00007e7e9ce00000)
 Metaspace       used 7053K, committed 7104K, reserved 8192K
}
Event: 2.916 GC heap before
{Heap before GC invocations=3 (full 0):
 PSYoungGen      total 917504K, used 917487K [0x00007e7e9ce00000, 0x00007e7edce00000, 0x00007e7edce00000)
  eden space 786432K, 100% used [0x00007e7e9ce00000,0x00007e7ecce00000,0x00007e7ecce00000)
  from space 131072K, 99% used [0x00007e7ed4e00000,0x00007e7edcdfbff8,0x00007e7edce00000)
  to   space 131072K, 0% used [0x00007e7ecce00000,0x00007e7ecce00000,0x00007e7ed4e00000)
 ParOldGen       total 2097152K, used 1153432K [0x00007e7e1ce00000, 0x00007e7e9ce00000, 0x00007e7e9ce00000)
  object space 2097152K, 54% used [0x00007e7e1ce00000,0x00007e7e63466000,0x00007e7e9ce00000)
 Metaspace       used 7053K, committed 7104K, reserved 8192K
}
Event: 3.285 GC heap after
{Heap after GC invocations=3 (full 0):
 PSYoungGen      total 917504K, used 131045K [0x00007e7e9ce00000, 0x00007e7edce00000, 0x00007e7edce00000)
  eden space 786432K, 0% used [0x00007e7e9ce00000,0x00007e7e9ce00000,0x00007e7ecce00000)
  from space 131072K, 99% used [0x00007e7ecce00000,0x00007e7ed4df9510,0x00007e7ed4e00000)
  to   space 131072K, 0% used [0x00007e7ed4e00000,0x00007e7ed4e00000,0x00007e7edce00000)
 ParOldGen       total 2097152K, used 1810646K [0x00007e7e1ce00000, 0x00007e7e9ce00000, 0x00007e7e9ce00000)
  object space 2097152K, 86% used [0x00007e7e1ce00000,0x00007e7e8b6358c0,0x00007e7e9ce00000)
 Metaspace       used 7053K, committed 7104K, reserved 8192K
}
Event: 3.285 GC heap before
{Heap before GC invocations=4 (full 1):
 PSYoungGen      total 917504K, used 131045K [0x00007e7e9ce00000, 0x00007e7edce00000, 0x00007e7edce00000)
  eden space 786432K, 0% used [0x00007e7e9ce00000,0x00007e7e9ce00000,0x00007e7ecce00000)
  from space 131072K, 99% used [0x00007e7ecce00000,0x00007e7ed4df9510,0x00007e7ed4e00000)
  to   space 131072K, 0% used [0x00007e7ed4e00000,0x00007e7ed4e00000,0x00007e7edce00000)
 ParOldGen       total 2097152K, used 1810646K [0x00007e7e1ce00000, 0x00007e7e9ce00000, 0x00007e7e9ce00000)
  object space 2097152K, 86% used [0x00007e7e1ce00000,0x00007e7e8b6358c0,0x00007e7e9ce00000)
 Metaspace       used 7053K, committed 7104K, reserved 8192K
}
Event: 5.379 GC heap after
{Heap after GC invocations=4 (full 1):
 PSYoungGen      total 917504K, used 0K [0x00007e7e9ce00000, 0x00007e7edce00000, 0x00007e7edce00000)
  eden space 786432K, 0% used [0x00007e7e9ce00000,0x00007e7e9ce00000,0x00007e7ecce00000)
  from space 131072K, 0% used [0x00007e7ed4e00000,0x00007e7ed4e00000,0x00007e7edce00000)
  to   space 131072K, 0% used [0x00007e7ecce00000,0x00007e7ecce00000,0x00007e7ed4e00000)
 ParOldGen       total 2097152K, used 1929362K [0x00007e7e1ce00000, 0x00007e7e9ce00000, 0x00007e7e9ce00000)
  object space 2097152K, 91% used [0x00007e7e1ce00000,0x00007e7e92a24948,0x00007e7e9ce00000)
 Metaspace       used 7053K, committed 7104K, reserved 8192K
}
Event: 6.300 GC heap before
{Heap before GC invocations=5 (full 2):
 PSYoungGen      total 917504K, used 411067K [0x00007e7e9ce00000, 0x00007e7edce00000, 0x00007e7edce00000)
  eden space 786432K, 52% used [0x00007e7e9ce00000,0x00007e7eb5f6ef90,0x00007e7ecce00000)
  from space 131072K, 0% used [0x00007e7ed4e00000,0x00007e7ed4e00000,0x00007e7edce00000)
  to   space 131072K, 0% used [0x00007e7ecce00000,0x00007e7ecce00000,0x00007e7ed4e00000)
 ParOldGen       total 2097152K, used 1929362K [0x00007e7e1ce00000, 0x00007e7e9ce00000, 0x00007e7e9ce00000)
  object space 2097152K, 91% used [0x00007e7e1ce00000,0x00007e7e92a24948,0x00007e7e9ce00000)
 Metaspace       used 7088K, committed 7168K, reserved 8192K
}
Event: 11.300 GC heap after
{Heap after GC invocations=5 (full 2):
 PSYoungGen      total 917504K, used 0K [0x00007e7e9ce00000, 0x00007e7edce00000, 0x00007e7edce00000)
  eden space 786432K, 0% used [0x00007e7e9ce00000,0x00007e7e9ce00000,0x00007e7ecce00000)
  from space 131072K, 0% used [0x00007e7ed4e00000,0x00007e7ed4e00000,0x00007e7edce00000)
  to   space 131072K, 0% used [0x00007e7ecce00000,0x00007e7ecce00000,0x00007e7ed4e00000)
 ParOldGen       total 2097152K, used 1501510K [0x00007e7e1ce00000, 0x00007e7e9ce00000, 0x00007e7e9ce00000)
  object space 2097152K, 71% used [0x00007e7e1ce00000,0x00007e7e788518d8,0x00007e7e9ce00000)
 Metaspace       used 7088K, committed 7168K, reserved 8192K
}
Event: 11.431 GC heap before
{Heap before GC invocations=6 (full 2):
 PSYoungGen      total 917504K, used 15285K [0x00007e7e9ce00000, 0x00007e7edce00000, 0x00007e7edce00000)
  eden space 786432K, 1% used [0x00007e7e9ce00000,0x00007e7e9dced430,0x00007e7ecce00000)
  from space 131072K, 0% used [0x00007e7ed4e00000,0x00007e7ed4e00000,0x00007e7edce00000)
  to   space 131072K, 0% used [0x00007e7ecce00000,0x00007e7ecce00000,0x00007e7ed4e00000)
 ParOldGen       total 2097152K, used 1501510K [0x00007e7e1ce00000, 0x00007e7e9ce00000, 0x00007e7e9ce00000)
  object space 2097152K, 71% used [0x00007e7e1ce00000,0x00007e7e788518d8,0x00007e7e9ce00000)
 Metaspace       used 7095K, committed 7168K, reserved 8192K
}
Event: 11.713 GC heap after
{Heap after GC invocations=6 (full 2):
 PSYoungGen      total 917504K, used 0K [0x00007e7e9ce00000, 0x00007e7edce00000, 0x00007e7edce00000)
  eden space 786432K, 0% used [0x00007e7e9ce00000,0x00007e7e9ce00000,0x00007e7ecce00000)
  from space 131072K, 0% used [0x00007e7ecce00000,0x00007e7ecce00000,0x00007e7ed4e00000)
  to   space 131072K, 0% used [0x00007e7ed4e00000,0x00007e7ed4e00000,0x00007e7edce00000)
 ParOldGen       total 2097152K, used 1501510K [0x00007e7e1ce00000, 0x00007e7e9ce00000, 0x00007e7e9ce00000)
  object space 2097152K, 71% used [0x00007e7e1ce00000,0x00007e7e788518d8,0x00007e7e9ce00000)
 Metaspace       used 7095K, committed 7168K, reserved 8192K
}
Event: 11.713 GC heap before
{Heap before GC invocations=7 (full 3):
 PSYoungGen      total 917504K, used 0K [0x00007e7e9ce00000, 0x00007e7edce00000, 0x00007e7edce00000)
  eden space 786432K, 0% used [0x00007e7e9ce00000,0x00007e7e9ce00000,0x00007e7ecce00000)
  from space 131072K, 0% used [0x00007e7ecce00000,0x00007e7ecce00000,0x00007e7ed4e00000)
  to   space 131072K, 0% used [0x00007e7ed4e00000,0x00007e7ed4e00000,0x00007e7edce00000)
 ParOldGen       total 2097152K, used 1501510K [0x00007e7e1ce00000, 0x00007e7e9ce00000, 0x00007e7e9ce00000)
  object space 2097152K, 71% used [0x00007e7e1ce00000,0x00007e7e788518d8,0x00007e7e9ce00000)
 Metaspace       used 7095K, committed 7168K, reserved 8192K
}

