# JRE version: OpenJDK Runtime Environment (17.0.6) (fastdebug build 17.0.6-internal+0-adhoc.konstdelis.jdk17u067)
# Java VM: OpenJDK 64-Bit Server VM (fastdebug 17.0.6-internal+0-adhoc.konstdelis.jdk17u067, mixed mode, tiered, parallel gc, linux-amd64)
GC Precious Log:
 CPUs: 32 total, 32 available
 Memory: 251G
 Large Page Support: Disabled
 NUMA Support: Disabled
 Compressed Oops: Disabled
 Alignments: Space 512K, Generation 512K, Heap 2M
 Heap Min Capacity: 3G
 Heap Initial Capacity: 3G
 Heap Max Capacity: 3G
 Pre-touch: Disabled
 Parallel Workers: 6
Heap:
 PSYoungGen      total 917504K, used 160K [0x00007e5af5000000, 0x00007e5b35000000, 0x00007e5b35000000)
  eden space 786432K, 0% used [0x00007e5af5000000,0x00007e5af5000000,0x00007e5b25000000)
  from space 131072K, 0% used [0x00007e5b25000000,0x00007e5b25028000,0x00007e5b2d000000)
  to   space 131072K, 0% used [0x00007e5b2d000000,0x00007e5b2d000000,0x00007e5b35000000)
 ParOldGen       total 2097152K, used 1467K [0x00007e5a75000000, 0x00007e5af5000000, 0x00007e5af5000000)
  object space 2097152K, 0% used [0x00007e5a75000000,0x00007e5a7516ee18,0x00007e5af5000000)
 Metaspace       used 7386K, committed 7488K, reserved 8192K
GC Heap History (19 events):
Event: 2,396 GC heap before
{Heap before GC invocations=1 (full 0):
 PSYoungGen      total 917504K, used 78643K [0x00007e5af5000000, 0x00007e5b35000000, 0x00007e5b35000000)
  eden space 786432K, 10% used [0x00007e5af5000000,0x00007e5af9cccf00,0x00007e5b25000000)
  from space 131072K, 0% used [0x00007e5b2d000000,0x00007e5b2d000000,0x00007e5b35000000)
  to   space 131072K, 0% used [0x00007e5b25000000,0x00007e5b25000000,0x00007e5b2d000000)
 ParOldGen       total 2097152K, used 0K [0x00007e5a75000000, 0x00007e5af5000000, 0x00007e5af5000000)
  object space 2097152K, 0% used [0x00007e5a75000000,0x00007e5a75000000,0x00007e5af5000000)
 Metaspace       used 7386K, committed 7488K, reserved 8192K
}
Event: 2,415 GC heap after
{Heap after GC invocations=1 (full 0):
 PSYoungGen      total 917504K, used 1568K [0x00007e5af5000000, 0x00007e5b35000000, 0x00007e5b35000000)
  eden space 786432K, 0% used [0x00007e5af5000000,0x00007e5af5000000,0x00007e5b25000000)
  from space 131072K, 1% used [0x00007e5b25000000,0x00007e5b25188040,0x00007e5b2d000000)
  to   space 131072K, 0% used [0x00007e5b2d000000,0x00007e5b2d000000,0x00007e5b35000000)
 ParOldGen       total 2097152K, used 16K [0x00007e5a75000000, 0x00007e5af5000000, 0x00007e5af5000000)
  object space 2097152K, 0% used [0x00007e5a75000000,0x00007e5a75004000,0x00007e5af5000000)
 Metaspace       used 7386K, committed 7488K, reserved 8192K
}
Event: 2,416 GC heap before
{Heap before GC invocations=2 (full 1):
 PSYoungGen      total 917504K, used 1568K [0x00007e5af5000000, 0x00007e5b35000000, 0x00007e5b35000000)
  eden space 786432K, 0% used [0x00007e5af5000000,0x00007e5af5000000,0x00007e5b25000000)
  from space 131072K, 1% used [0x00007e5b25000000,0x00007e5b25188040,0x00007e5b2d000000)
  to   space 131072K, 0% used [0x00007e5b2d000000,0x00007e5b2d000000,0x00007e5b35000000)
 ParOldGen       total 2097152K, used 16K [0x00007e5a75000000, 0x00007e5af5000000, 0x00007e5af5000000)
  object space 2097152K, 0% used [0x00007e5a75000000,0x00007e5a75004000,0x00007e5af5000000)
 Metaspace       used 7386K, committed 7488K, reserved 8192K
}
Event: 2,445 GC heap after
{Heap after GC invocations=2 (full 1):
 PSYoungGen      total 917504K, used 0K [0x00007e5af5000000, 0x00007e5b35000000, 0x00007e5b35000000)
  eden space 786432K, 0% used [0x00007e5af5000000,0x00007e5af5000000,0x00007e5b25000000)
  from space 131072K, 0% used [0x00007e5b25000000,0x00007e5b25000000,0x00007e5b2d000000)
  to   space 131072K, 0% used [0x00007e5b2d000000,0x00007e5b2d000000,0x00007e5b35000000)
 ParOldGen       total 2097152K, used 1472K [0x00007e5a75000000, 0x00007e5af5000000, 0x00007e5af5000000)
  object space 2097152K, 0% used [0x00007e5a75000000,0x00007e5a75170248,0x00007e5af5000000)
 Metaspace       used 7386K, committed 7488K, reserved 8192K
}
Event: 2,451 GC heap before
{Heap before GC invocations=3 (full 1):
 PSYoungGen      total 917504K, used 31457K [0x00007e5af5000000, 0x00007e5b35000000, 0x00007e5b35000000)
  eden space 786432K, 4% used [0x00007e5af5000000,0x00007e5af6eb8570,0x00007e5b25000000)
  from space 131072K, 0% used [0x00007e5b25000000,0x00007e5b25000000,0x00007e5b2d000000)
  to   space 131072K, 0% used [0x00007e5b2d000000,0x00007e5b2d000000,0x00007e5b35000000)
 ParOldGen       total 2097152K, used 1472K [0x00007e5a75000000, 0x00007e5af5000000, 0x00007e5af5000000)
  object space 2097152K, 0% used [0x00007e5a75000000,0x00007e5a75170248,0x00007e5af5000000)
 Metaspace       used 7386K, committed 7488K, reserved 8192K
}
Event: 2,459 GC heap after
{Heap after GC invocations=3 (full 1):
 PSYoungGen      total 917504K, used 64K [0x00007e5af5000000, 0x00007e5b35000000, 0x00007e5b35000000)
  eden space 786432K, 0% used [0x00007e5af5000000,0x00007e5af5000000,0x00007e5b25000000)
  from space 131072K, 0% used [0x00007e5b2d000000,0x00007e5b2d010000,0x00007e5b35000000)
  to   space 131072K, 0% used [0x00007e5b25000000,0x00007e5b25000000,0x00007e5b2d000000)
 ParOldGen       total 2097152K, used 1472K [0x00007e5a75000000, 0x00007e5af5000000, 0x00007e5af5000000)
  object space 2097152K, 0% used [0x00007e5a75000000,0x00007e5a75170248,0x00007e5af5000000)
 Metaspace       used 7386K, committed 7488K, reserved 8192K
}
Event: 2,459 GC heap before
{Heap before GC invocations=4 (full 2):
 PSYoungGen      total 917504K, used 64K [0x00007e5af5000000, 0x00007e5b35000000, 0x00007e5b35000000)
  eden space 786432K, 0% used [0x00007e5af5000000,0x00007e5af5000000,0x00007e5b25000000)
  from space 131072K, 0% used [0x00007e5b2d000000,0x00007e5b2d010000,0x00007e5b35000000)
  to   space 131072K, 0% used [0x00007e5b25000000,0x00007e5b25000000,0x00007e5b2d000000)
 ParOldGen       total 2097152K, used 1472K [0x00007e5a75000000, 0x00007e5af5000000, 0x00007e5af5000000)
  object space 2097152K, 0% used [0x00007e5a75000000,0x00007e5a75170248,0x00007e5af5000000)
 Metaspace       used 7386K, committed 7488K, reserved 8192K
}
Event: 2,695 GC heap after
{Heap after GC invocations=4 (full 2):
 PSYoungGen      total 917504K, used 0K [0x00007e5af5000000, 0x00007e5b35000000, 0x00007e5b35000000)
  eden space 786432K, 0% used [0x00007e5af5000000,0x00007e5af5000000,0x00007e5b25000000)
  from space 131072K, 0% used [0x00007e5b2d000000,0x00007e5b2d000000,0x00007e5b35000000)
  to   space 131072K, 0% used [0x00007e5b25000000,0x00007e5b25000000,0x00007e5b2d000000)
 ParOldGen       total 2097152K, used 1468K [0x00007e5a75000000, 0x00007e5af5000000, 0x00007e5af5000000)
  object space 2097152K, 0% used [0x00007e5a75000000,0x00007e5a7516f278,0x00007e5af5000000)
 Metaspace       used 7386K, committed 7488K, reserved 8192K
}
Event: 2,698 GC heap before
{Heap before GC invocations=5 (full 2):
 PSYoungGen      total 917504K, used 15728K [0x00007e5af5000000, 0x00007e5b35000000, 0x00007e5b35000000)
  eden space 786432K, 2% used [0x00007e5af5000000,0x00007e5af5f5c2c8,0x00007e5b25000000)
  from space 131072K, 0% used [0x00007e5b2d000000,0x00007e5b2d000000,0x00007e5b35000000)
  to   space 131072K, 0% used [0x00007e5b25000000,0x00007e5b25000000,0x00007e5b2d000000)
 ParOldGen       total 2097152K, used 1468K [0x00007e5a75000000, 0x00007e5af5000000, 0x00007e5af5000000)
  object space 2097152K, 0% used [0x00007e5a75000000,0x00007e5a7516f278,0x00007e5af5000000)
 Metaspace       used 7386K, committed 7488K, reserved 8192K
}
Event: 2,702 GC heap after
{Heap after GC invocations=5 (full 2):
 PSYoungGen      total 917504K, used 0K [0x00007e5af5000000, 0x00007e5b35000000, 0x00007e5b35000000)
  eden space 786432K, 0% used [0x00007e5af5000000,0x00007e5af5000000,0x00007e5b25000000)
  from space 131072K, 0% used [0x00007e5b25000000,0x00007e5b25000000,0x00007e5b2d000000)
  to   space 131072K, 0% used [0x00007e5b2d000000,0x00007e5b2d000000,0x00007e5b35000000)
 ParOldGen       total 2097152K, used 1468K [0x00007e5a75000000, 0x00007e5af5000000, 0x00007e5af5000000)
  object space 2097152K, 0% used [0x00007e5a75000000,0x00007e5a7516f278,0x00007e5af5000000)
 Metaspace       used 7386K, committed 7488K, reserved 8192K
}
Event: 2,702 GC heap before
{Heap before GC invocations=6 (full 3):
 PSYoungGen      total 917504K, used 0K [0x00007e5af5000000, 0x00007e5b35000000, 0x00007e5b35000000)
  eden space 786432K, 0% used [0x00007e5af5000000,0x00007e5af5000000,0x00007e5b25000000)
  from space 131072K, 0% used [0x00007e5b25000000,0x00007e5b25000000,0x00007e5b2d000000)
  to   space 131072K, 0% used [0x00007e5b2d000000,0x00007e5b2d000000,0x00007e5b35000000)
 ParOldGen       total 2097152K, used 1468K [0x00007e5a75000000, 0x00007e5af5000000, 0x00007e5af5000000)
  object space 2097152K, 0% used [0x00007e5a75000000,0x00007e5a7516f278,0x00007e5af5000000)
 Metaspace       used 7386K, committed 7488K, reserved 8192K
}
Event: 2,728 GC heap after
{Heap after GC invocations=6 (full 3):
 PSYoungGen      total 917504K, used 0K [0x00007e5af5000000, 0x00007e5b35000000, 0x00007e5b35000000)
  eden space 786432K, 0% used [0x00007e5af5000000,0x00007e5af5000000,0x00007e5b25000000)
  from space 131072K, 0% used [0x00007e5b25000000,0x00007e5b25000000,0x00007e5b2d000000)
  to   space 131072K, 0% used [0x00007e5b2d000000,0x00007e5b2d000000,0x00007e5b35000000)
 ParOldGen       total 2097152K, used 1468K [0x00007e5a75000000, 0x00007e5af5000000, 0x00007e5af5000000)
  object space 2097152K, 0% used [0x00007e5a75000000,0x00007e5a7516f278,0x00007e5af5000000)
 Metaspace       used 7386K, committed 7488K, reserved 8192K
}
Event: 2,731 GC heap before
{Heap before GC invocations=7 (full 3):
 PSYoungGen      total 917504K, used 15728K [0x00007e5af5000000, 0x00007e5b35000000, 0x00007e5b35000000)
  eden space 786432K, 2% used [0x00007e5af5000000,0x00007e5af5f5c2c8,0x00007e5b25000000)
  from space 131072K, 0% used [0x00007e5b25000000,0x00007e5b25000000,0x00007e5b2d000000)
  to   space 131072K, 0% used [0x00007e5b2d000000,0x00007e5b2d000000,0x00007e5b35000000)
 ParOldGen       total 2097152K, used 1468K [0x00007e5a75000000, 0x00007e5af5000000, 0x00007e5af5000000)
  object space 2097152K, 0% used [0x00007e5a75000000,0x00007e5a7516f278,0x00007e5af5000000)
 Metaspace       used 7386K, committed 7488K, reserved 8192K
}
Event: 2,734 GC heap after
{Heap after GC invocations=7 (full 3):
 PSYoungGen      total 917504K, used 0K [0x00007e5af5000000, 0x00007e5b35000000, 0x00007e5b35000000)
  eden space 786432K, 0% used [0x00007e5af5000000,0x00007e5af5000000,0x00007e5b25000000)
  from space 131072K, 0% used [0x00007e5b2d000000,0x00007e5b2d000000,0x00007e5b35000000)
  to   space 131072K, 0% used [0x00007e5b25000000,0x00007e5b25000000,0x00007e5b2d000000)
 ParOldGen       total 2097152K, used 1468K [0x00007e5a75000000, 0x00007e5af5000000, 0x00007e5af5000000)
  object space 2097152K, 0% used [0x00007e5a75000000,0x00007e5a7516f278,0x00007e5af5000000)
 Metaspace       used 7386K, committed 7488K, reserved 8192K
}
Event: 2,734 GC heap before
{Heap before GC invocations=8 (full 4):
 PSYoungGen      total 917504K, used 0K [0x00007e5af5000000, 0x00007e5b35000000, 0x00007e5b35000000)
  eden space 786432K, 0% used [0x00007e5af5000000,0x00007e5af5000000,0x00007e5b25000000)
  from space 131072K, 0% used [0x00007e5b2d000000,0x00007e5b2d000000,0x00007e5b35000000)
  to   space 131072K, 0% used [0x00007e5b25000000,0x00007e5b25000000,0x00007e5b2d000000)
 ParOldGen       total 2097152K, used 1468K [0x00007e5a75000000, 0x00007e5af5000000, 0x00007e5af5000000)
  object space 2097152K, 0% used [0x00007e5a75000000,0x00007e5a7516f278,0x00007e5af5000000)
 Metaspace       used 7386K, committed 7488K, reserved 8192K
}
Event: 2,760 GC heap after
{Heap after GC invocations=8 (full 4):
 PSYoungGen      total 917504K, used 0K [0x00007e5af5000000, 0x00007e5b35000000, 0x00007e5b35000000)
  eden space 786432K, 0% used [0x00007e5af5000000,0x00007e5af5000000,0x00007e5b25000000)
  from space 131072K, 0% used [0x00007e5b2d000000,0x00007e5b2d000000,0x00007e5b35000000)
  to   space 131072K, 0% used [0x00007e5b25000000,0x00007e5b25000000,0x00007e5b2d000000)
 ParOldGen       total 2097152K, used 1467K [0x00007e5a75000000, 0x00007e5af5000000, 0x00007e5af5000000)
  object space 2097152K, 0% used [0x00007e5a75000000,0x00007e5a7516ee18,0x00007e5af5000000)
 Metaspace       used 7386K, committed 7488K, reserved 8192K
}
Event: 2,763 GC heap before
{Heap before GC invocations=9 (full 4):
 PSYoungGen      total 917504K, used 15728K [0x00007e5af5000000, 0x00007e5b35000000, 0x00007e5b35000000)
  eden space 786432K, 2% used [0x00007e5af5000000,0x00007e5af5f5c2c8,0x00007e5b25000000)
  from space 131072K, 0% used [0x00007e5b2d000000,0x00007e5b2d000000,0x00007e5b35000000)
  to   space 131072K, 0% used [0x00007e5b25000000,0x00007e5b25000000,0x00007e5b2d000000)
 ParOldGen       total 2097152K, used 1467K [0x00007e5a75000000, 0x00007e5af5000000, 0x00007e5af5000000)
  object space 2097152K, 0% used [0x00007e5a75000000,0x00007e5a7516ee18,0x00007e5af5000000)
 Metaspace       used 7386K, committed 7488K, reserved 8192K
}
Event: 2,767 GC heap after
{Heap after GC invocations=9 (full 4):
 PSYoungGen      total 917504K, used 160K [0x00007e5af5000000, 0x00007e5b35000000, 0x00007e5b35000000)
  eden space 786432K, 0% used [0x00007e5af5000000,0x00007e5af5000000,0x00007e5b25000000)
  from space 131072K, 0% used [0x00007e5b25000000,0x00007e5b25028000,0x00007e5b2d000000)
  to   space 131072K, 0% used [0x00007e5b2d000000,0x00007e5b2d000000,0x00007e5b35000000)
 ParOldGen       total 2097152K, used 1467K [0x00007e5a75000000, 0x00007e5af5000000, 0x00007e5af5000000)
  object space 2097152K, 0% used [0x00007e5a75000000,0x00007e5a7516ee18,0x00007e5af5000000)
 Metaspace       used 7386K, committed 7488K, reserved 8192K
}
Event: 2,767 GC heap before
{Heap before GC invocations=10 (full 5):
 PSYoungGen      total 917504K, used 160K [0x00007e5af5000000, 0x00007e5b35000000, 0x00007e5b35000000)
  eden space 786432K, 0% used [0x00007e5af5000000,0x00007e5af5000000,0x00007e5b25000000)
  from space 131072K, 0% used [0x00007e5b25000000,0x00007e5b25028000,0x00007e5b2d000000)
  to   space 131072K, 0% used [0x00007e5b2d000000,0x00007e5b2d000000,0x00007e5b35000000)
 ParOldGen       total 2097152K, used 1467K [0x00007e5a75000000, 0x00007e5af5000000, 0x00007e5af5000000)
  object space 2097152K, 0% used [0x00007e5a75000000,0x00007e5a7516ee18,0x00007e5af5000000)
 Metaspace       used 7386K, committed 7488K, reserved 8192K
}

