# JRE version: OpenJDK Runtime Environment (17.0.6) (fastdebug build 17.0.6-internal+0-adhoc.konstdelis.jdk17u067)
# Java VM: OpenJDK 64-Bit Server VM (fastdebug 17.0.6-internal+0-adhoc.konstdelis.jdk17u067, mixed mode, tiered, parallel gc, linux-amd64)
GC Precious Log:
 CPUs: 32 total, 32 available
 Memory: 251G
 Large Page Support: Disabled
 NUMA Support: Disabled
 Compressed Oops: Disabled
 Alignments: Space 512K, Generation 512K, Heap 2M
 Heap Min Capacity: 3G
 Heap Initial Capacity: 3G
 Heap Max Capacity: 3G
 Pre-touch: Disabled
 Parallel Workers: 2
Heap:
 PSYoungGen      total 917504K, used 0K [0x00007e6d1d000000, 0x00007e6d5d000000, 0x00007e6d5d000000)
  eden space 786432K, 0% used [0x00007e6d1d000000,0x00007e6d1d000000,0x00007e6d4d000000)
  from space 131072K, 0% used [0x00007e6d55000000,0x00007e6d55000000,0x00007e6d5d000000)
  to   space 131072K, 0% used [0x00007e6d4d000000,0x00007e6d4d000000,0x00007e6d55000000)
 ParOldGen       total 2097152K, used 1584K [0x00007e6c9d000000, 0x00007e6d1d000000, 0x00007e6d1d000000)
  object space 2097152K, 0% used [0x00007e6c9d000000,0x00007e6c9d18c010,0x00007e6d1d000000)
 Metaspace       used 7404K, committed 7488K, reserved 8192K
GC Heap History (20 events):
Event: 2,618 GC heap after
{Heap after GC invocations=2 (full 1):
 PSYoungGen      total 917504K, used 0K [0x00007e6d1d000000, 0x00007e6d5d000000, 0x00007e6d5d000000)
  eden space 786432K, 0% used [0x00007e6d1d000000,0x00007e6d1d000000,0x00007e6d4d000000)
  from space 131072K, 0% used [0x00007e6d4d000000,0x00007e6d4d000000,0x00007e6d55000000)
  to   space 131072K, 0% used [0x00007e6d55000000,0x00007e6d55000000,0x00007e6d5d000000)
 ParOldGen       total 2097152K, used 1569K [0x00007e6c9d000000, 0x00007e6d1d000000, 0x00007e6d1d000000)
  object space 2097152K, 0% used [0x00007e6c9d000000,0x00007e6c9d1887c8,0x00007e6d1d000000)
 Metaspace       used 7404K, committed 7488K, reserved 8192K
}
Event: 2,626 GC heap before
{Heap before GC invocations=3 (full 1):
 PSYoungGen      total 917504K, used 47186K [0x00007e6d1d000000, 0x00007e6d5d000000, 0x00007e6d5d000000)
  eden space 786432K, 6% used [0x00007e6d1d000000,0x00007e6d1fe14818,0x00007e6d4d000000)
  from space 131072K, 0% used [0x00007e6d4d000000,0x00007e6d4d000000,0x00007e6d55000000)
  to   space 131072K, 0% used [0x00007e6d55000000,0x00007e6d55000000,0x00007e6d5d000000)
 ParOldGen       total 2097152K, used 1569K [0x00007e6c9d000000, 0x00007e6d1d000000, 0x00007e6d1d000000)
  object space 2097152K, 0% used [0x00007e6c9d000000,0x00007e6c9d1887c8,0x00007e6d1d000000)
 Metaspace       used 7404K, committed 7488K, reserved 8192K
}
Event: 2,637 GC heap after
{Heap after GC invocations=3 (full 1):
 PSYoungGen      total 917504K, used 32K [0x00007e6d1d000000, 0x00007e6d5d000000, 0x00007e6d5d000000)
  eden space 786432K, 0% used [0x00007e6d1d000000,0x00007e6d1d000000,0x00007e6d4d000000)
  from space 131072K, 0% used [0x00007e6d55000000,0x00007e6d55008000,0x00007e6d5d000000)
  to   space 131072K, 0% used [0x00007e6d4d000000,0x00007e6d4d000000,0x00007e6d55000000)
 ParOldGen       total 2097152K, used 1569K [0x00007e6c9d000000, 0x00007e6d1d000000, 0x00007e6d1d000000)
  object space 2097152K, 0% used [0x00007e6c9d000000,0x00007e6c9d1887c8,0x00007e6d1d000000)
 Metaspace       used 7404K, committed 7488K, reserved 8192K
}
Event: 2,637 GC heap before
{Heap before GC invocations=4 (full 2):
 PSYoungGen      total 917504K, used 32K [0x00007e6d1d000000, 0x00007e6d5d000000, 0x00007e6d5d000000)
  eden space 786432K, 0% used [0x00007e6d1d000000,0x00007e6d1d000000,0x00007e6d4d000000)
  from space 131072K, 0% used [0x00007e6d55000000,0x00007e6d55008000,0x00007e6d5d000000)
  to   space 131072K, 0% used [0x00007e6d4d000000,0x00007e6d4d000000,0x00007e6d55000000)
 ParOldGen       total 2097152K, used 1569K [0x00007e6c9d000000, 0x00007e6d1d000000, 0x00007e6d1d000000)
  object space 2097152K, 0% used [0x00007e6c9d000000,0x00007e6c9d1887c8,0x00007e6d1d000000)
 Metaspace       used 7404K, committed 7488K, reserved 8192K
}
Event: 2,841 GC heap after
{Heap after GC invocations=4 (full 2):
 PSYoungGen      total 917504K, used 0K [0x00007e6d1d000000, 0x00007e6d5d000000, 0x00007e6d5d000000)
  eden space 786432K, 0% used [0x00007e6d1d000000,0x00007e6d1d000000,0x00007e6d4d000000)
  from space 131072K, 0% used [0x00007e6d55000000,0x00007e6d55000000,0x00007e6d5d000000)
  to   space 131072K, 0% used [0x00007e6d4d000000,0x00007e6d4d000000,0x00007e6d55000000)
 ParOldGen       total 2097152K, used 1682K [0x00007e6c9d000000, 0x00007e6d1d000000, 0x00007e6d1d000000)
  object space 2097152K, 0% used [0x00007e6c9d000000,0x00007e6c9d1a4858,0x00007e6d1d000000)
 Metaspace       used 7404K, committed 7488K, reserved 8192K
}
Event: 2,843 GC heap before
{Heap before GC invocations=5 (full 2):
 PSYoungGen      total 917504K, used 15728K [0x00007e6d1d000000, 0x00007e6d5d000000, 0x00007e6d5d000000)
  eden space 786432K, 2% used [0x00007e6d1d000000,0x00007e6d1df5c2c8,0x00007e6d4d000000)
  from space 131072K, 0% used [0x00007e6d55000000,0x00007e6d55000000,0x00007e6d5d000000)
  to   space 131072K, 0% used [0x00007e6d4d000000,0x00007e6d4d000000,0x00007e6d55000000)
 ParOldGen       total 2097152K, used 1682K [0x00007e6c9d000000, 0x00007e6d1d000000, 0x00007e6d1d000000)
  object space 2097152K, 0% used [0x00007e6c9d000000,0x00007e6c9d1a4858,0x00007e6d1d000000)
 Metaspace       used 7404K, committed 7488K, reserved 8192K
}
Event: 2,847 GC heap after
{Heap after GC invocations=5 (full 2):
 PSYoungGen      total 917504K, used 0K [0x00007e6d1d000000, 0x00007e6d5d000000, 0x00007e6d5d000000)
  eden space 786432K, 0% used [0x00007e6d1d000000,0x00007e6d1d000000,0x00007e6d4d000000)
  from space 131072K, 0% used [0x00007e6d4d000000,0x00007e6d4d000000,0x00007e6d55000000)
  to   space 131072K, 0% used [0x00007e6d55000000,0x00007e6d55000000,0x00007e6d5d000000)
 ParOldGen       total 2097152K, used 1682K [0x00007e6c9d000000, 0x00007e6d1d000000, 0x00007e6d1d000000)
  object space 2097152K, 0% used [0x00007e6c9d000000,0x00007e6c9d1a4858,0x00007e6d1d000000)
 Metaspace       used 7404K, committed 7488K, reserved 8192K
}
Event: 2,847 GC heap before
{Heap before GC invocations=6 (full 3):
 PSYoungGen      total 917504K, used 0K [0x00007e6d1d000000, 0x00007e6d5d000000, 0x00007e6d5d000000)
  eden space 786432K, 0% used [0x00007e6d1d000000,0x00007e6d1d000000,0x00007e6d4d000000)
  from space 131072K, 0% used [0x00007e6d4d000000,0x00007e6d4d000000,0x00007e6d55000000)
  to   space 131072K, 0% used [0x00007e6d55000000,0x00007e6d55000000,0x00007e6d5d000000)
 ParOldGen       total 2097152K, used 1682K [0x00007e6c9d000000, 0x00007e6d1d000000, 0x00007e6d1d000000)
  object space 2097152K, 0% used [0x00007e6c9d000000,0x00007e6c9d1a4858,0x00007e6d1d000000)
 Metaspace       used 7404K, committed 7488K, reserved 8192K
}
Event: 2,876 GC heap after
{Heap after GC invocations=6 (full 3):
 PSYoungGen      total 917504K, used 0K [0x00007e6d1d000000, 0x00007e6d5d000000, 0x00007e6d5d000000)
  eden space 786432K, 0% used [0x00007e6d1d000000,0x00007e6d1d000000,0x00007e6d4d000000)
  from space 131072K, 0% used [0x00007e6d4d000000,0x00007e6d4d000000,0x00007e6d55000000)
  to   space 131072K, 0% used [0x00007e6d55000000,0x00007e6d55000000,0x00007e6d5d000000)
 ParOldGen       total 2097152K, used 1564K [0x00007e6c9d000000, 0x00007e6d1d000000, 0x00007e6d1d000000)
  object space 2097152K, 0% used [0x00007e6c9d000000,0x00007e6c9d1873e8,0x00007e6d1d000000)
 Metaspace       used 7404K, committed 7488K, reserved 8192K
}
Event: 2,879 GC heap before
{Heap before GC invocations=7 (full 3):
 PSYoungGen      total 917504K, used 15728K [0x00007e6d1d000000, 0x00007e6d5d000000, 0x00007e6d5d000000)
  eden space 786432K, 2% used [0x00007e6d1d000000,0x00007e6d1df5c2c8,0x00007e6d4d000000)
  from space 131072K, 0% used [0x00007e6d4d000000,0x00007e6d4d000000,0x00007e6d55000000)
  to   space 131072K, 0% used [0x00007e6d55000000,0x00007e6d55000000,0x00007e6d5d000000)
 ParOldGen       total 2097152K, used 1564K [0x00007e6c9d000000, 0x00007e6d1d000000, 0x00007e6d1d000000)
  object space 2097152K, 0% used [0x00007e6c9d000000,0x00007e6c9d1873e8,0x00007e6d1d000000)
 Metaspace       used 7404K, committed 7488K, reserved 8192K
}
Event: 2,882 GC heap after
{Heap after GC invocations=7 (full 3):
 PSYoungGen      total 917504K, used 0K [0x00007e6d1d000000, 0x00007e6d5d000000, 0x00007e6d5d000000)
  eden space 786432K, 0% used [0x00007e6d1d000000,0x00007e6d1d000000,0x00007e6d4d000000)
  from space 131072K, 0% used [0x00007e6d55000000,0x00007e6d55000000,0x00007e6d5d000000)
  to   space 131072K, 0% used [0x00007e6d4d000000,0x00007e6d4d000000,0x00007e6d55000000)
 ParOldGen       total 2097152K, used 1564K [0x00007e6c9d000000, 0x00007e6d1d000000, 0x00007e6d1d000000)
  object space 2097152K, 0% used [0x00007e6c9d000000,0x00007e6c9d1873e8,0x00007e6d1d000000)
 Metaspace       used 7404K, committed 7488K, reserved 8192K
}
Event: 2,882 GC heap before
{Heap before GC invocations=8 (full 4):
 PSYoungGen      total 917504K, used 0K [0x00007e6d1d000000, 0x00007e6d5d000000, 0x00007e6d5d000000)
  eden space 786432K, 0% used [0x00007e6d1d000000,0x00007e6d1d000000,0x00007e6d4d000000)
  from space 131072K, 0% used [0x00007e6d55000000,0x00007e6d55000000,0x00007e6d5d000000)
  to   space 131072K, 0% used [0x00007e6d4d000000,0x00007e6d4d000000,0x00007e6d55000000)
 ParOldGen       total 2097152K, used 1564K [0x00007e6c9d000000, 0x00007e6d1d000000, 0x00007e6d1d000000)
  object space 2097152K, 0% used [0x00007e6c9d000000,0x00007e6c9d1873e8,0x00007e6d1d000000)
 Metaspace       used 7404K, committed 7488K, reserved 8192K
}
Event: 3,158 GC heap after
{Heap after GC invocations=8 (full 4):
 PSYoungGen      total 917504K, used 0K [0x00007e6d1d000000, 0x00007e6d5d000000, 0x00007e6d5d000000)
  eden space 786432K, 0% used [0x00007e6d1d000000,0x00007e6d1d000000,0x00007e6d4d000000)
  from space 131072K, 0% used [0x00007e6d55000000,0x00007e6d55000000,0x00007e6d5d000000)
  to   space 131072K, 0% used [0x00007e6d4d000000,0x00007e6d4d000000,0x00007e6d55000000)
 ParOldGen       total 2097152K, used 1799K [0x00007e6c9d000000, 0x00007e6d1d000000, 0x00007e6d1d000000)
  object space 2097152K, 0% used [0x00007e6c9d000000,0x00007e6c9d1c1cc8,0x00007e6d1d000000)
 Metaspace       used 7404K, committed 7488K, reserved 8192K
}
Event: 3,161 GC heap before
{Heap before GC invocations=9 (full 4):
 PSYoungGen      total 917504K, used 15728K [0x00007e6d1d000000, 0x00007e6d5d000000, 0x00007e6d5d000000)
  eden space 786432K, 2% used [0x00007e6d1d000000,0x00007e6d1df5c2c8,0x00007e6d4d000000)
  from space 131072K, 0% used [0x00007e6d55000000,0x00007e6d55000000,0x00007e6d5d000000)
  to   space 131072K, 0% used [0x00007e6d4d000000,0x00007e6d4d000000,0x00007e6d55000000)
 ParOldGen       total 2097152K, used 1799K [0x00007e6c9d000000, 0x00007e6d1d000000, 0x00007e6d1d000000)
  object space 2097152K, 0% used [0x00007e6c9d000000,0x00007e6c9d1c1cc8,0x00007e6d1d000000)
 Metaspace       used 7404K, committed 7488K, reserved 8192K
}
Event: 3,165 GC heap after
{Heap after GC invocations=9 (full 4):
 PSYoungGen      total 917504K, used 149K [0x00007e6d1d000000, 0x00007e6d5d000000, 0x00007e6d5d000000)
  eden space 786432K, 0% used [0x00007e6d1d000000,0x00007e6d1d000000,0x00007e6d4d000000)
  from space 131072K, 0% used [0x00007e6d4d000000,0x00007e6d4d0256e0,0x00007e6d55000000)
  to   space 131072K, 0% used [0x00007e6d55000000,0x00007e6d55000000,0x00007e6d5d000000)
 ParOldGen       total 2097152K, used 1799K [0x00007e6c9d000000, 0x00007e6d1d000000, 0x00007e6d1d000000)
  object space 2097152K, 0% used [0x00007e6c9d000000,0x00007e6c9d1c1cc8,0x00007e6d1d000000)
 Metaspace       used 7404K, committed 7488K, reserved 8192K
}
Event: 3,165 GC heap before
{Heap before GC invocations=10 (full 5):
 PSYoungGen      total 917504K, used 149K [0x00007e6d1d000000, 0x00007e6d5d000000, 0x00007e6d5d000000)
  eden space 786432K, 0% used [0x00007e6d1d000000,0x00007e6d1d000000,0x00007e6d4d000000)
  from space 131072K, 0% used [0x00007e6d4d000000,0x00007e6d4d0256e0,0x00007e6d55000000)
  to   space 131072K, 0% used [0x00007e6d55000000,0x00007e6d55000000,0x00007e6d5d000000)
 ParOldGen       total 2097152K, used 1799K [0x00007e6c9d000000, 0x00007e6d1d000000, 0x00007e6d1d000000)
  object space 2097152K, 0% used [0x00007e6c9d000000,0x00007e6c9d1c1cc8,0x00007e6d1d000000)
 Metaspace       used 7404K, committed 7488K, reserved 8192K
}
Event: 3,202 GC heap after
{Heap after GC invocations=10 (full 5):
 PSYoungGen      total 917504K, used 0K [0x00007e6d1d000000, 0x00007e6d5d000000, 0x00007e6d5d000000)
  eden space 786432K, 0% used [0x00007e6d1d000000,0x00007e6d1d000000,0x00007e6d4d000000)
  from space 131072K, 0% used [0x00007e6d4d000000,0x00007e6d4d000000,0x00007e6d55000000)
  to   space 131072K, 0% used [0x00007e6d55000000,0x00007e6d55000000,0x00007e6d5d000000)
 ParOldGen       total 2097152K, used 1584K [0x00007e6c9d000000, 0x00007e6d1d000000, 0x00007e6d1d000000)
  object space 2097152K, 0% used [0x00007e6c9d000000,0x00007e6c9d18c010,0x00007e6d1d000000)
 Metaspace       used 7404K, committed 7488K, reserved 8192K
}
Event: 3,205 GC heap before
{Heap before GC invocations=11 (full 5):
 PSYoungGen      total 917504K, used 15728K [0x00007e6d1d000000, 0x00007e6d5d000000, 0x00007e6d5d000000)
  eden space 786432K, 2% used [0x00007e6d1d000000,0x00007e6d1df5c2c8,0x00007e6d4d000000)
  from space 131072K, 0% used [0x00007e6d4d000000,0x00007e6d4d000000,0x00007e6d55000000)
  to   space 131072K, 0% used [0x00007e6d55000000,0x00007e6d55000000,0x00007e6d5d000000)
 ParOldGen       total 2097152K, used 1584K [0x00007e6c9d000000, 0x00007e6d1d000000, 0x00007e6d1d000000)
  object space 2097152K, 0% used [0x00007e6c9d000000,0x00007e6c9d18c010,0x00007e6d1d000000)
 Metaspace       used 7404K, committed 7488K, reserved 8192K
}
Event: 3,208 GC heap after
{Heap after GC invocations=11 (full 5):
 PSYoungGen      total 917504K, used 0K [0x00007e6d1d000000, 0x00007e6d5d000000, 0x00007e6d5d000000)
  eden space 786432K, 0% used [0x00007e6d1d000000,0x00007e6d1d000000,0x00007e6d4d000000)
  from space 131072K, 0% used [0x00007e6d55000000,0x00007e6d55000000,0x00007e6d5d000000)
  to   space 131072K, 0% used [0x00007e6d4d000000,0x00007e6d4d000000,0x00007e6d55000000)
 ParOldGen       total 2097152K, used 1584K [0x00007e6c9d000000, 0x00007e6d1d000000, 0x00007e6d1d000000)
  object space 2097152K, 0% used [0x00007e6c9d000000,0x00007e6c9d18c010,0x00007e6d1d000000)
 Metaspace       used 7404K, committed 7488K, reserved 8192K
}
Event: 3,208 GC heap before
{Heap before GC invocations=12 (full 6):
 PSYoungGen      total 917504K, used 0K [0x00007e6d1d000000, 0x00007e6d5d000000, 0x00007e6d5d000000)
  eden space 786432K, 0% used [0x00007e6d1d000000,0x00007e6d1d000000,0x00007e6d4d000000)
  from space 131072K, 0% used [0x00007e6d55000000,0x00007e6d55000000,0x00007e6d5d000000)
  to   space 131072K, 0% used [0x00007e6d4d000000,0x00007e6d4d000000,0x00007e6d55000000)
 ParOldGen       total 2097152K, used 1584K [0x00007e6c9d000000, 0x00007e6d1d000000, 0x00007e6d1d000000)
  object space 2097152K, 0% used [0x00007e6c9d000000,0x00007e6c9d18c010,0x00007e6d1d000000)
 Metaspace       used 7404K, committed 7488K, reserved 8192K
}

