# JRE version: OpenJDK Runtime Environment (17.0.6) (fastdebug build 17.0.6-internal+0-adhoc.konstdelis.jdk17u067)
# Java VM: OpenJDK 64-Bit Server VM (fastdebug 17.0.6-internal+0-adhoc.konstdelis.jdk17u067, mixed mode, tiered, parallel gc, linux-amd64)
GC Precious Log:
 CPUs: 32 total, 32 available
 Memory: 251G
 Large Page Support: Disabled
 NUMA Support: Disabled
 Compressed Oops: Disabled
 Alignments: Space 512K, Generation 512K, Heap 2M
 Heap Min Capacity: 3G
 Heap Initial Capacity: 3G
 Heap Max Capacity: 3G
 Pre-touch: Disabled
 Parallel Workers: 1
Heap:
 PSYoungGen      total 917504K, used 0K [0x00007f50a0c00000, 0x00007f50e0c00000, 0x00007f50e0c00000)
  eden space 786432K, 0% used [0x00007f50a0c00000,0x00007f50a0c00000,0x00007f50d0c00000)
  from space 131072K, 0% used [0x00007f50d0c00000,0x00007f50d0c00000,0x00007f50d8c00000)
  to   space 131072K, 0% used [0x00007f50d8c00000,0x00007f50d8c00000,0x00007f50e0c00000)
 ParOldGen       total 2097152K, used 1476K [0x00007f5020c00000, 0x00007f50a0c00000, 0x00007f50a0c00000)
  object space 2097152K, 0% used [0x00007f5020c00000,0x00007f5020d71138,0x00007f50a0c00000)
 Metaspace       used 7392K, committed 7488K, reserved 8192K
GC Heap History (11 events):
Event: 2,343 GC heap before
{Heap before GC invocations=1 (full 0):
 PSYoungGen      total 917504K, used 94372K [0x00007f50a0c00000, 0x00007f50e0c00000, 0x00007f50e0c00000)
  eden space 786432K, 12% used [0x00007f50a0c00000,0x00007f50a68291b0,0x00007f50d0c00000)
  from space 131072K, 0% used [0x00007f50d8c00000,0x00007f50d8c00000,0x00007f50e0c00000)
  to   space 131072K, 0% used [0x00007f50d0c00000,0x00007f50d0c00000,0x00007f50d8c00000)
 ParOldGen       total 2097152K, used 0K [0x00007f5020c00000, 0x00007f50a0c00000, 0x00007f50a0c00000)
  object space 2097152K, 0% used [0x00007f5020c00000,0x00007f5020c00000,0x00007f50a0c00000)
 Metaspace       used 7392K, committed 7488K, reserved 8192K
}
Event: 2,375 GC heap after
{Heap after GC invocations=1 (full 0):
 PSYoungGen      total 917504K, used 1520K [0x00007f50a0c00000, 0x00007f50e0c00000, 0x00007f50e0c00000)
  eden space 786432K, 0% used [0x00007f50a0c00000,0x00007f50a0c00000,0x00007f50d0c00000)
  from space 131072K, 1% used [0x00007f50d0c00000,0x00007f50d0d7c020,0x00007f50d8c00000)
  to   space 131072K, 0% used [0x00007f50d8c00000,0x00007f50d8c00000,0x00007f50e0c00000)
 ParOldGen       total 2097152K, used 0K [0x00007f5020c00000, 0x00007f50a0c00000, 0x00007f50a0c00000)
  object space 2097152K, 0% used [0x00007f5020c00000,0x00007f5020c00000,0x00007f50a0c00000)
 Metaspace       used 7392K, committed 7488K, reserved 8192K
}
Event: 2,375 GC heap before
{Heap before GC invocations=2 (full 1):
 PSYoungGen      total 917504K, used 1520K [0x00007f50a0c00000, 0x00007f50e0c00000, 0x00007f50e0c00000)
  eden space 786432K, 0% used [0x00007f50a0c00000,0x00007f50a0c00000,0x00007f50d0c00000)
  from space 131072K, 1% used [0x00007f50d0c00000,0x00007f50d0d7c020,0x00007f50d8c00000)
  to   space 131072K, 0% used [0x00007f50d8c00000,0x00007f50d8c00000,0x00007f50e0c00000)
 ParOldGen       total 2097152K, used 0K [0x00007f5020c00000, 0x00007f50a0c00000, 0x00007f50a0c00000)
  object space 2097152K, 0% used [0x00007f5020c00000,0x00007f5020c00000,0x00007f50a0c00000)
 Metaspace       used 7392K, committed 7488K, reserved 8192K
}
Event: 2,423 GC heap after
{Heap after GC invocations=2 (full 1):
 PSYoungGen      total 917504K, used 0K [0x00007f50a0c00000, 0x00007f50e0c00000, 0x00007f50e0c00000)
  eden space 786432K, 0% used [0x00007f50a0c00000,0x00007f50a0c00000,0x00007f50d0c00000)
  from space 131072K, 0% used [0x00007f50d0c00000,0x00007f50d0c00000,0x00007f50d8c00000)
  to   space 131072K, 0% used [0x00007f50d8c00000,0x00007f50d8c00000,0x00007f50e0c00000)
 ParOldGen       total 2097152K, used 1481K [0x00007f5020c00000, 0x00007f50a0c00000, 0x00007f50a0c00000)
  object space 2097152K, 0% used [0x00007f5020c00000,0x00007f5020d72568,0x00007f50a0c00000)
 Metaspace       used 7392K, committed 7488K, reserved 8192K
}
Event: 2,427 GC heap before
{Heap before GC invocations=3 (full 1):
 PSYoungGen      total 917504K, used 31457K [0x00007f50a0c00000, 0x00007f50e0c00000, 0x00007f50e0c00000)
  eden space 786432K, 4% used [0x00007f50a0c00000,0x00007f50a2ab8570,0x00007f50d0c00000)
  from space 131072K, 0% used [0x00007f50d0c00000,0x00007f50d0c00000,0x00007f50d8c00000)
  to   space 131072K, 0% used [0x00007f50d8c00000,0x00007f50d8c00000,0x00007f50e0c00000)
 ParOldGen       total 2097152K, used 1481K [0x00007f5020c00000, 0x00007f50a0c00000, 0x00007f50a0c00000)
  object space 2097152K, 0% used [0x00007f5020c00000,0x00007f5020d72568,0x00007f50a0c00000)
 Metaspace       used 7392K, committed 7488K, reserved 8192K
}
Event: 2,435 GC heap after
{Heap after GC invocations=3 (full 1):
 PSYoungGen      total 917504K, used 32K [0x00007f50a0c00000, 0x00007f50e0c00000, 0x00007f50e0c00000)
  eden space 786432K, 0% used [0x00007f50a0c00000,0x00007f50a0c00000,0x00007f50d0c00000)
  from space 131072K, 0% used [0x00007f50d8c00000,0x00007f50d8c08000,0x00007f50e0c00000)
  to   space 131072K, 0% used [0x00007f50d0c00000,0x00007f50d0c00000,0x00007f50d8c00000)
 ParOldGen       total 2097152K, used 1481K [0x00007f5020c00000, 0x00007f50a0c00000, 0x00007f50a0c00000)
  object space 2097152K, 0% used [0x00007f5020c00000,0x00007f5020d72568,0x00007f50a0c00000)
 Metaspace       used 7392K, committed 7488K, reserved 8192K
}
Event: 2,435 GC heap before
{Heap before GC invocations=4 (full 2):
 PSYoungGen      total 917504K, used 32K [0x00007f50a0c00000, 0x00007f50e0c00000, 0x00007f50e0c00000)
  eden space 786432K, 0% used [0x00007f50a0c00000,0x00007f50a0c00000,0x00007f50d0c00000)
  from space 131072K, 0% used [0x00007f50d8c00000,0x00007f50d8c08000,0x00007f50e0c00000)
  to   space 131072K, 0% used [0x00007f50d0c00000,0x00007f50d0c00000,0x00007f50d8c00000)
 ParOldGen       total 2097152K, used 1481K [0x00007f5020c00000, 0x00007f50a0c00000, 0x00007f50a0c00000)
  object space 2097152K, 0% used [0x00007f5020c00000,0x00007f5020d72568,0x00007f50a0c00000)
 Metaspace       used 7392K, committed 7488K, reserved 8192K
}
Event: 2,649 GC heap after
{Heap after GC invocations=4 (full 2):
 PSYoungGen      total 917504K, used 0K [0x00007f50a0c00000, 0x00007f50e0c00000, 0x00007f50e0c00000)
  eden space 786432K, 0% used [0x00007f50a0c00000,0x00007f50a0c00000,0x00007f50d0c00000)
  from space 131072K, 0% used [0x00007f50d8c00000,0x00007f50d8c00000,0x00007f50e0c00000)
  to   space 131072K, 0% used [0x00007f50d0c00000,0x00007f50d0c00000,0x00007f50d8c00000)
 ParOldGen       total 2097152K, used 1476K [0x00007f5020c00000, 0x00007f50a0c00000, 0x00007f50a0c00000)
  object space 2097152K, 0% used [0x00007f5020c00000,0x00007f5020d71138,0x00007f50a0c00000)
 Metaspace       used 7392K, committed 7488K, reserved 8192K
}
Event: 2,652 GC heap before
{Heap before GC invocations=5 (full 2):
 PSYoungGen      total 917504K, used 15728K [0x00007f50a0c00000, 0x00007f50e0c00000, 0x00007f50e0c00000)
  eden space 786432K, 2% used [0x00007f50a0c00000,0x00007f50a1b5c2c8,0x00007f50d0c00000)
  from space 131072K, 0% used [0x00007f50d8c00000,0x00007f50d8c00000,0x00007f50e0c00000)
  to   space 131072K, 0% used [0x00007f50d0c00000,0x00007f50d0c00000,0x00007f50d8c00000)
 ParOldGen       total 2097152K, used 1476K [0x00007f5020c00000, 0x00007f50a0c00000, 0x00007f50a0c00000)
  object space 2097152K, 0% used [0x00007f5020c00000,0x00007f5020d71138,0x00007f50a0c00000)
 Metaspace       used 7392K, committed 7488K, reserved 8192K
}
Event: 2,654 GC heap after
{Heap after GC invocations=5 (full 2):
 PSYoungGen      total 917504K, used 0K [0x00007f50a0c00000, 0x00007f50e0c00000, 0x00007f50e0c00000)
  eden space 786432K, 0% used [0x00007f50a0c00000,0x00007f50a0c00000,0x00007f50d0c00000)
  from space 131072K, 0% used [0x00007f50d0c00000,0x00007f50d0c00000,0x00007f50d8c00000)
  to   space 131072K, 0% used [0x00007f50d8c00000,0x00007f50d8c00000,0x00007f50e0c00000)
 ParOldGen       total 2097152K, used 1476K [0x00007f5020c00000, 0x00007f50a0c00000, 0x00007f50a0c00000)
  object space 2097152K, 0% used [0x00007f5020c00000,0x00007f5020d71138,0x00007f50a0c00000)
 Metaspace       used 7392K, committed 7488K, reserved 8192K
}
Event: 2,655 GC heap before
{Heap before GC invocations=6 (full 3):
 PSYoungGen      total 917504K, used 0K [0x00007f50a0c00000, 0x00007f50e0c00000, 0x00007f50e0c00000)
  eden space 786432K, 0% used [0x00007f50a0c00000,0x00007f50a0c00000,0x00007f50d0c00000)
  from space 131072K, 0% used [0x00007f50d0c00000,0x00007f50d0c00000,0x00007f50d8c00000)
  to   space 131072K, 0% used [0x00007f50d8c00000,0x00007f50d8c00000,0x00007f50e0c00000)
 ParOldGen       total 2097152K, used 1476K [0x00007f5020c00000, 0x00007f50a0c00000, 0x00007f50a0c00000)
  object space 2097152K, 0% used [0x00007f5020c00000,0x00007f5020d71138,0x00007f50a0c00000)
 Metaspace       used 7392K, committed 7488K, reserved 8192K
}

