# JRE version: OpenJDK Runtime Environment (17.0.6) (fastdebug build 17.0.6-internal+0-adhoc.konstdelis.jdk17u067)
# Java VM: OpenJDK 64-Bit Server VM (fastdebug 17.0.6-internal+0-adhoc.konstdelis.jdk17u067, mixed mode, tiered, parallel gc, linux-amd64)
GC Precious Log:
 CPUs: 32 total, 32 available
 Memory: 251G
 Large Page Support: Disabled
 NUMA Support: Disabled
 Compressed Oops: Disabled
 Alignments: Space 512K, Generation 512K, Heap 2M
 Heap Min Capacity: 3G
 Heap Initial Capacity: 3G
 Heap Max Capacity: 3G
 Pre-touch: Disabled
 Parallel Workers: 8
Heap:
 PSYoungGen      total 917504K, used 0K [0x00007f50a0c00000, 0x00007f50e0c00000, 0x00007f50e0c00000)
  eden space 786432K, 0% used [0x00007f50a0c00000,0x00007f50a0c00000,0x00007f50d0c00000)
  from space 131072K, 0% used [0x00007f50d0c00000,0x00007f50d0c00000,0x00007f50d8c00000)
  to   space 131072K, 0% used [0x00007f50d8c00000,0x00007f50d8c00000,0x00007f50e0c00000)
 ParOldGen       total 2097152K, used 1401070K [0x00007f5020c00000, 0x00007f50a0c00000, 0x00007f50a0c00000)
  object space 2097152K, 66% used [0x00007f5020c00000,0x00007f507643b8b8,0x00007f50a0c00000)
 Metaspace       used 7381K, committed 7488K, reserved 8192K
GC Heap History (13 events):
Event: 190,639 GC heap before
{Heap before GC invocations=1 (full 0):
 PSYoungGen      total 917504K, used 786432K [0x00007f50a0c00000, 0x00007f50e0c00000, 0x00007f50e0c00000)
  eden space 786432K, 100% used [0x00007f50a0c00000,0x00007f50d0c00000,0x00007f50d0c00000)
  from space 131072K, 0% used [0x00007f50d8c00000,0x00007f50d8c00000,0x00007f50e0c00000)
  to   space 131072K, 0% used [0x00007f50d0c00000,0x00007f50d0c00000,0x00007f50d8c00000)
 ParOldGen       total 2097152K, used 0K [0x00007f5020c00000, 0x00007f50a0c00000, 0x00007f50a0c00000)
  object space 2097152K, 0% used [0x00007f5020c00000,0x00007f5020c00000,0x00007f50a0c00000)
 Metaspace       used 7347K, committed 7488K, reserved 8192K
}
Event: 191,433 GC heap after
{Heap after GC invocations=1 (full 0):
 PSYoungGen      total 917504K, used 131065K [0x00007f50a0c00000, 0x00007f50e0c00000, 0x00007f50e0c00000)
  eden space 786432K, 0% used [0x00007f50a0c00000,0x00007f50a0c00000,0x00007f50d0c00000)
  from space 131072K, 99% used [0x00007f50d0c00000,0x00007f50d8bfe600,0x00007f50d8c00000)
  to   space 131072K, 0% used [0x00007f50d8c00000,0x00007f50d8c00000,0x00007f50e0c00000)
 ParOldGen       total 2097152K, used 483088K [0x00007f5020c00000, 0x00007f50a0c00000, 0x00007f50a0c00000)
  object space 2097152K, 23% used [0x00007f5020c00000,0x00007f503e3c4000,0x00007f50a0c00000)
 Metaspace       used 7347K, committed 7488K, reserved 8192K
}
Event: 191,817 GC heap before
{Heap before GC invocations=2 (full 0):
 PSYoungGen      total 917504K, used 917497K [0x00007f50a0c00000, 0x00007f50e0c00000, 0x00007f50e0c00000)
  eden space 786432K, 100% used [0x00007f50a0c00000,0x00007f50d0c00000,0x00007f50d0c00000)
  from space 131072K, 99% used [0x00007f50d0c00000,0x00007f50d8bfe600,0x00007f50d8c00000)
  to   space 131072K, 0% used [0x00007f50d8c00000,0x00007f50d8c00000,0x00007f50e0c00000)
 ParOldGen       total 2097152K, used 483088K [0x00007f5020c00000, 0x00007f50a0c00000, 0x00007f50a0c00000)
  object space 2097152K, 23% used [0x00007f5020c00000,0x00007f503e3c4000,0x00007f50a0c00000)
 Metaspace       used 7347K, committed 7488K, reserved 8192K
}
Event: 192,815 GC heap after
{Heap after GC invocations=2 (full 0):
 PSYoungGen      total 917504K, used 131057K [0x00007f50a0c00000, 0x00007f50e0c00000, 0x00007f50e0c00000)
  eden space 786432K, 0% used [0x00007f50a0c00000,0x00007f50a0c00000,0x00007f50d0c00000)
  from space 131072K, 99% used [0x00007f50d8c00000,0x00007f50e0bfc718,0x00007f50e0c00000)
  to   space 131072K, 0% used [0x00007f50d0c00000,0x00007f50d0c00000,0x00007f50d8c00000)
 ParOldGen       total 2097152K, used 1136592K [0x00007f5020c00000, 0x00007f50a0c00000, 0x00007f50a0c00000)
  object space 2097152K, 54% used [0x00007f5020c00000,0x00007f50661f4000,0x00007f50a0c00000)
 Metaspace       used 7347K, committed 7488K, reserved 8192K
}
Event: 193,198 GC heap before
{Heap before GC invocations=3 (full 0):
 PSYoungGen      total 917504K, used 917489K [0x00007f50a0c00000, 0x00007f50e0c00000, 0x00007f50e0c00000)
  eden space 786432K, 100% used [0x00007f50a0c00000,0x00007f50d0c00000,0x00007f50d0c00000)
  from space 131072K, 99% used [0x00007f50d8c00000,0x00007f50e0bfc718,0x00007f50e0c00000)
  to   space 131072K, 0% used [0x00007f50d0c00000,0x00007f50d0c00000,0x00007f50d8c00000)
 ParOldGen       total 2097152K, used 1136592K [0x00007f5020c00000, 0x00007f50a0c00000, 0x00007f50a0c00000)
  object space 2097152K, 54% used [0x00007f5020c00000,0x00007f50661f4000,0x00007f50a0c00000)
 Metaspace       used 7347K, committed 7488K, reserved 8192K
}
Event: 194,255 GC heap after
{Heap after GC invocations=3 (full 0):
 PSYoungGen      total 917504K, used 131070K [0x00007f50a0c00000, 0x00007f50e0c00000, 0x00007f50e0c00000)
  eden space 786432K, 0% used [0x00007f50a0c00000,0x00007f50a0c00000,0x00007f50d0c00000)
  from space 131072K, 99% used [0x00007f50d0c00000,0x00007f50d8bff8e0,0x00007f50d8c00000)
  to   space 131072K, 0% used [0x00007f50d8c00000,0x00007f50d8c00000,0x00007f50e0c00000)
 ParOldGen       total 2097152K, used 1789413K [0x00007f5020c00000, 0x00007f50a0c00000, 0x00007f50a0c00000)
  object space 2097152K, 85% used [0x00007f5020c00000,0x00007f508df79510,0x00007f50a0c00000)
 Metaspace       used 7347K, committed 7488K, reserved 8192K
}
Event: 194,255 GC heap before
{Heap before GC invocations=4 (full 1):
 PSYoungGen      total 917504K, used 131070K [0x00007f50a0c00000, 0x00007f50e0c00000, 0x00007f50e0c00000)
  eden space 786432K, 0% used [0x00007f50a0c00000,0x00007f50a0c00000,0x00007f50d0c00000)
  from space 131072K, 99% used [0x00007f50d0c00000,0x00007f50d8bff8e0,0x00007f50d8c00000)
  to   space 131072K, 0% used [0x00007f50d8c00000,0x00007f50d8c00000,0x00007f50e0c00000)
 ParOldGen       total 2097152K, used 1789413K [0x00007f5020c00000, 0x00007f50a0c00000, 0x00007f50a0c00000)
  object space 2097152K, 85% used [0x00007f5020c00000,0x00007f508df79510,0x00007f50a0c00000)
 Metaspace       used 7347K, committed 7488K, reserved 8192K
}
Event: 202,201 GC heap after
{Heap after GC invocations=4 (full 1):
 PSYoungGen      total 917504K, used 0K [0x00007f50a0c00000, 0x00007f50e0c00000, 0x00007f50e0c00000)
  eden space 786432K, 0% used [0x00007f50a0c00000,0x00007f50a0c00000,0x00007f50d0c00000)
  from space 131072K, 0% used [0x00007f50d8c00000,0x00007f50d8c00000,0x00007f50e0c00000)
  to   space 131072K, 0% used [0x00007f50d0c00000,0x00007f50d0c00000,0x00007f50d8c00000)
 ParOldGen       total 2097152K, used 1908388K [0x00007f5020c00000, 0x00007f50a0c00000, 0x00007f50a0c00000)
  object space 2097152K, 90% used [0x00007f5020c00000,0x00007f50953a9098,0x00007f50a0c00000)
 Metaspace       used 7347K, committed 7488K, reserved 8192K
}
Event: 203,216 GC heap before
{Heap before GC invocations=5 (full 2):
 PSYoungGen      total 917504K, used 425256K [0x00007f50a0c00000, 0x00007f50e0c00000, 0x00007f50e0c00000)
  eden space 786432K, 54% used [0x00007f50a0c00000,0x00007f50bab4a2c0,0x00007f50d0c00000)
  from space 131072K, 0% used [0x00007f50d8c00000,0x00007f50d8c00000,0x00007f50e0c00000)
  to   space 131072K, 0% used [0x00007f50d0c00000,0x00007f50d0c00000,0x00007f50d8c00000)
 ParOldGen       total 2097152K, used 1908388K [0x00007f5020c00000, 0x00007f50a0c00000, 0x00007f50a0c00000)
  object space 2097152K, 90% used [0x00007f5020c00000,0x00007f50953a9098,0x00007f50a0c00000)
 Metaspace       used 7375K, committed 7488K, reserved 8192K
}
Event: 222,920 GC heap after
{Heap after GC invocations=5 (full 2):
 PSYoungGen      total 917504K, used 0K [0x00007f50a0c00000, 0x00007f50e0c00000, 0x00007f50e0c00000)
  eden space 786432K, 0% used [0x00007f50a0c00000,0x00007f50a0c00000,0x00007f50d0c00000)
  from space 131072K, 0% used [0x00007f50d8c00000,0x00007f50d8c00000,0x00007f50e0c00000)
  to   space 131072K, 0% used [0x00007f50d0c00000,0x00007f50d0c00000,0x00007f50d8c00000)
 ParOldGen       total 2097152K, used 1401070K [0x00007f5020c00000, 0x00007f50a0c00000, 0x00007f50a0c00000)
  object space 2097152K, 66% used [0x00007f5020c00000,0x00007f507643b8b8,0x00007f50a0c00000)
 Metaspace       used 7375K, committed 7488K, reserved 8192K
}
Event: 223,152 GC heap before
{Heap before GC invocations=6 (full 2):
 PSYoungGen      total 917504K, used 15252K [0x00007f50a0c00000, 0x00007f50e0c00000, 0x00007f50e0c00000)
  eden space 786432K, 1% used [0x00007f50a0c00000,0x00007f50a1ae5358,0x00007f50d0c00000)
  from space 131072K, 0% used [0x00007f50d8c00000,0x00007f50d8c00000,0x00007f50e0c00000)
  to   space 131072K, 0% used [0x00007f50d0c00000,0x00007f50d0c00000,0x00007f50d8c00000)
 ParOldGen       total 2097152K, used 1401070K [0x00007f5020c00000, 0x00007f50a0c00000, 0x00007f50a0c00000)
  object space 2097152K, 66% used [0x00007f5020c00000,0x00007f507643b8b8,0x00007f50a0c00000)
 Metaspace       used 7381K, committed 7488K, reserved 8192K
}
Event: 223,827 GC heap after
{Heap after GC invocations=6 (full 2):
 PSYoungGen      total 917504K, used 0K [0x00007f50a0c00000, 0x00007f50e0c00000, 0x00007f50e0c00000)
  eden space 786432K, 0% used [0x00007f50a0c00000,0x00007f50a0c00000,0x00007f50d0c00000)
  from space 131072K, 0% used [0x00007f50d0c00000,0x00007f50d0c00000,0x00007f50d8c00000)
  to   space 131072K, 0% used [0x00007f50d8c00000,0x00007f50d8c00000,0x00007f50e0c00000)
 ParOldGen       total 2097152K, used 1401070K [0x00007f5020c00000, 0x00007f50a0c00000, 0x00007f50a0c00000)
  object space 2097152K, 66% used [0x00007f5020c00000,0x00007f507643b8b8,0x00007f50a0c00000)
 Metaspace       used 7381K, committed 7488K, reserved 8192K
}
Event: 223,827 GC heap before
{Heap before GC invocations=7 (full 3):
 PSYoungGen      total 917504K, used 0K [0x00007f50a0c00000, 0x00007f50e0c00000, 0x00007f50e0c00000)
  eden space 786432K, 0% used [0x00007f50a0c00000,0x00007f50a0c00000,0x00007f50d0c00000)
  from space 131072K, 0% used [0x00007f50d0c00000,0x00007f50d0c00000,0x00007f50d8c00000)
  to   space 131072K, 0% used [0x00007f50d8c00000,0x00007f50d8c00000,0x00007f50e0c00000)
 ParOldGen       total 2097152K, used 1401070K [0x00007f5020c00000, 0x00007f50a0c00000, 0x00007f50a0c00000)
  object space 2097152K, 66% used [0x00007f5020c00000,0x00007f507643b8b8,0x00007f50a0c00000)
 Metaspace       used 7381K, committed 7488K, reserved 8192K
}

