# JRE version: OpenJDK Runtime Environment (17.0.6) (build 17.0.6-internal+0-adhoc.konstdelis.jdk17u067)
# Java VM: OpenJDK 64-Bit Server VM (17.0.6-internal+0-adhoc.konstdelis.jdk17u067, mixed mode, tiered, parallel gc, linux-amd64)
GC Precious Log:
 CPUs: 32 total, 32 available
 Memory: 251G
 Large Page Support: Disabled
 NUMA Support: Disabled
 Compressed Oops: Disabled
 Alignments: Space 512K, Generation 512K, Heap 2M
 Heap Min Capacity: 3G
 Heap Initial Capacity: 3G
 Heap Max Capacity: 3G
 Pre-touch: Disabled
 Parallel Workers: 8
Heap:
 PSYoungGen      total 917504K, used 0K [0x00007f35b9000000, 0x00007f35f9000000, 0x00007f35f9000000)
  eden space 786432K, 0% used [0x00007f35b9000000,0x00007f35b9000000,0x00007f35e9000000)
  from space 131072K, 0% used [0x00007f35e9000000,0x00007f35e9000000,0x00007f35f1000000)
  to   space 131072K, 0% used [0x00007f35f1000000,0x00007f35f1000000,0x00007f35f9000000)
 ParOldGen       total 2097152K, used 1383366K [0x00007f3539000000, 0x00007f35b9000000, 0x00007f35b9000000)
  object space 2097152K, 65% used [0x00007f3539000000,0x00007f358d6f1808,0x00007f35b9000000)
 Metaspace       used 7095K, committed 7168K, reserved 8192K
GC Heap History (13 events):
Event: 1.721 GC heap before
{Heap before GC invocations=1 (full 0):
 PSYoungGen      total 917504K, used 786432K [0x00007f35b9000000, 0x00007f35f9000000, 0x00007f35f9000000)
  eden space 786432K, 100% used [0x00007f35b9000000,0x00007f35e9000000,0x00007f35e9000000)
  from space 131072K, 0% used [0x00007f35f1000000,0x00007f35f1000000,0x00007f35f9000000)
  to   space 131072K, 0% used [0x00007f35e9000000,0x00007f35e9000000,0x00007f35f1000000)
 ParOldGen       total 2097152K, used 0K [0x00007f3539000000, 0x00007f35b9000000, 0x00007f35b9000000)
  object space 2097152K, 0% used [0x00007f3539000000,0x00007f3539000000,0x00007f35b9000000)
 Metaspace       used 7053K, committed 7104K, reserved 8192K
}
Event: 2.141 GC heap after
{Heap after GC invocations=1 (full 0):
 PSYoungGen      total 917504K, used 131065K [0x00007f35b9000000, 0x00007f35f9000000, 0x00007f35f9000000)
  eden space 786432K, 0% used [0x00007f35b9000000,0x00007f35b9000000,0x00007f35e9000000)
  from space 131072K, 99% used [0x00007f35e9000000,0x00007f35f0ffe600,0x00007f35f1000000)
  to   space 131072K, 0% used [0x00007f35f1000000,0x00007f35f1000000,0x00007f35f9000000)
 ParOldGen       total 2097152K, used 502192K [0x00007f3539000000, 0x00007f35b9000000, 0x00007f35b9000000)
  object space 2097152K, 23% used [0x00007f3539000000,0x00007f3557a6c000,0x00007f35b9000000)
 Metaspace       used 7053K, committed 7104K, reserved 8192K
}
Event: 2.431 GC heap before
{Heap before GC invocations=2 (full 0):
 PSYoungGen      total 917504K, used 917497K [0x00007f35b9000000, 0x00007f35f9000000, 0x00007f35f9000000)
  eden space 786432K, 100% used [0x00007f35b9000000,0x00007f35e9000000,0x00007f35e9000000)
  from space 131072K, 99% used [0x00007f35e9000000,0x00007f35f0ffe600,0x00007f35f1000000)
  to   space 131072K, 0% used [0x00007f35f1000000,0x00007f35f1000000,0x00007f35f9000000)
 ParOldGen       total 2097152K, used 502192K [0x00007f3539000000, 0x00007f35b9000000, 0x00007f35b9000000)
  object space 2097152K, 23% used [0x00007f3539000000,0x00007f3557a6c000,0x00007f35b9000000)
 Metaspace       used 7053K, committed 7104K, reserved 8192K
}
Event: 2.971 GC heap after
{Heap after GC invocations=2 (full 0):
 PSYoungGen      total 917504K, used 131055K [0x00007f35b9000000, 0x00007f35f9000000, 0x00007f35f9000000)
  eden space 786432K, 0% used [0x00007f35b9000000,0x00007f35b9000000,0x00007f35e9000000)
  from space 131072K, 99% used [0x00007f35f1000000,0x00007f35f8ffbff8,0x00007f35f9000000)
  to   space 131072K, 0% used [0x00007f35e9000000,0x00007f35e9000000,0x00007f35f1000000)
 ParOldGen       total 2097152K, used 1153720K [0x00007f3539000000, 0x00007f35b9000000, 0x00007f35b9000000)
  object space 2097152K, 55% used [0x00007f3539000000,0x00007f357f6ae000,0x00007f35b9000000)
 Metaspace       used 7053K, committed 7104K, reserved 8192K
}
Event: 3.261 GC heap before
{Heap before GC invocations=3 (full 0):
 PSYoungGen      total 917504K, used 917487K [0x00007f35b9000000, 0x00007f35f9000000, 0x00007f35f9000000)
  eden space 786432K, 100% used [0x00007f35b9000000,0x00007f35e9000000,0x00007f35e9000000)
  from space 131072K, 99% used [0x00007f35f1000000,0x00007f35f8ffbff8,0x00007f35f9000000)
  to   space 131072K, 0% used [0x00007f35e9000000,0x00007f35e9000000,0x00007f35f1000000)
 ParOldGen       total 2097152K, used 1153720K [0x00007f3539000000, 0x00007f35b9000000, 0x00007f35b9000000)
  object space 2097152K, 55% used [0x00007f3539000000,0x00007f357f6ae000,0x00007f35b9000000)
 Metaspace       used 7053K, committed 7104K, reserved 8192K
}
Event: 3.885 GC heap after
{Heap after GC invocations=3 (full 0):
 PSYoungGen      total 917504K, used 131045K [0x00007f35b9000000, 0x00007f35f9000000, 0x00007f35f9000000)
  eden space 786432K, 0% used [0x00007f35b9000000,0x00007f35b9000000,0x00007f35e9000000)
  from space 131072K, 99% used [0x00007f35e9000000,0x00007f35f0ff9510,0x00007f35f1000000)
  to   space 131072K, 0% used [0x00007f35f1000000,0x00007f35f1000000,0x00007f35f9000000)
 ParOldGen       total 2097152K, used 1810950K [0x00007f3539000000, 0x00007f35b9000000, 0x00007f35b9000000)
  object space 2097152K, 86% used [0x00007f3539000000,0x00007f35a78818c0,0x00007f35b9000000)
 Metaspace       used 7053K, committed 7104K, reserved 8192K
}
Event: 3.885 GC heap before
{Heap before GC invocations=4 (full 1):
 PSYoungGen      total 917504K, used 131045K [0x00007f35b9000000, 0x00007f35f9000000, 0x00007f35f9000000)
  eden space 786432K, 0% used [0x00007f35b9000000,0x00007f35b9000000,0x00007f35e9000000)
  from space 131072K, 99% used [0x00007f35e9000000,0x00007f35f0ff9510,0x00007f35f1000000)
  to   space 131072K, 0% used [0x00007f35f1000000,0x00007f35f1000000,0x00007f35f9000000)
 ParOldGen       total 2097152K, used 1810950K [0x00007f3539000000, 0x00007f35b9000000, 0x00007f35b9000000)
  object space 2097152K, 86% used [0x00007f3539000000,0x00007f35a78818c0,0x00007f35b9000000)
 Metaspace       used 7053K, committed 7104K, reserved 8192K
}
Event: 6.513 GC heap after
{Heap after GC invocations=4 (full 1):
 PSYoungGen      total 917504K, used 0K [0x00007f35b9000000, 0x00007f35f9000000, 0x00007f35f9000000)
  eden space 786432K, 0% used [0x00007f35b9000000,0x00007f35b9000000,0x00007f35e9000000)
  from space 131072K, 0% used [0x00007f35f1000000,0x00007f35f1000000,0x00007f35f9000000)
  to   space 131072K, 0% used [0x00007f35e9000000,0x00007f35e9000000,0x00007f35f1000000)
 ParOldGen       total 2097152K, used 1929692K [0x00007f3539000000, 0x00007f35b9000000, 0x00007f35b9000000)
  object space 2097152K, 92% used [0x00007f3539000000,0x00007f35aec770e8,0x00007f35b9000000)
 Metaspace       used 7053K, committed 7104K, reserved 8192K
}
Event: 7.501 GC heap before
{Heap before GC invocations=5 (full 2):
 PSYoungGen      total 917504K, used 418933K [0x00007f35b9000000, 0x00007f35f9000000, 0x00007f35f9000000)
  eden space 786432K, 53% used [0x00007f35b9000000,0x00007f35d291d5b8,0x00007f35e9000000)
  from space 131072K, 0% used [0x00007f35f1000000,0x00007f35f1000000,0x00007f35f9000000)
  to   space 131072K, 0% used [0x00007f35e9000000,0x00007f35e9000000,0x00007f35f1000000)
 ParOldGen       total 2097152K, used 1929692K [0x00007f3539000000, 0x00007f35b9000000, 0x00007f35b9000000)
  object space 2097152K, 92% used [0x00007f3539000000,0x00007f35aec770e8,0x00007f35b9000000)
 Metaspace       used 7088K, committed 7168K, reserved 8192K
}
Event: 13.847 GC heap after
{Heap after GC invocations=5 (full 2):
 PSYoungGen      total 917504K, used 0K [0x00007f35b9000000, 0x00007f35f9000000, 0x00007f35f9000000)
  eden space 786432K, 0% used [0x00007f35b9000000,0x00007f35b9000000,0x00007f35e9000000)
  from space 131072K, 0% used [0x00007f35f1000000,0x00007f35f1000000,0x00007f35f9000000)
  to   space 131072K, 0% used [0x00007f35e9000000,0x00007f35e9000000,0x00007f35f1000000)
 ParOldGen       total 2097152K, used 1383366K [0x00007f3539000000, 0x00007f35b9000000, 0x00007f35b9000000)
  object space 2097152K, 65% used [0x00007f3539000000,0x00007f358d6f1808,0x00007f35b9000000)
 Metaspace       used 7088K, committed 7168K, reserved 8192K
}
Event: 14.088 GC heap before
{Heap before GC invocations=6 (full 2):
 PSYoungGen      total 917504K, used 15187K [0x00007f35b9000000, 0x00007f35f9000000, 0x00007f35f9000000)
  eden space 786432K, 1% used [0x00007f35b9000000,0x00007f35b9ed4e88,0x00007f35e9000000)
  from space 131072K, 0% used [0x00007f35f1000000,0x00007f35f1000000,0x00007f35f9000000)
  to   space 131072K, 0% used [0x00007f35e9000000,0x00007f35e9000000,0x00007f35f1000000)
 ParOldGen       total 2097152K, used 1383366K [0x00007f3539000000, 0x00007f35b9000000, 0x00007f35b9000000)
  object space 2097152K, 65% used [0x00007f3539000000,0x00007f358d6f1808,0x00007f35b9000000)
 Metaspace       used 7095K, committed 7168K, reserved 8192K
}
Event: 14.316 GC heap after
{Heap after GC invocations=6 (full 2):
 PSYoungGen      total 917504K, used 0K [0x00007f35b9000000, 0x00007f35f9000000, 0x00007f35f9000000)
  eden space 786432K, 0% used [0x00007f35b9000000,0x00007f35b9000000,0x00007f35e9000000)
  from space 131072K, 0% used [0x00007f35e9000000,0x00007f35e9000000,0x00007f35f1000000)
  to   space 131072K, 0% used [0x00007f35f1000000,0x00007f35f1000000,0x00007f35f9000000)
 ParOldGen       total 2097152K, used 1383366K [0x00007f3539000000, 0x00007f35b9000000, 0x00007f35b9000000)
  object space 2097152K, 65% used [0x00007f3539000000,0x00007f358d6f1808,0x00007f35b9000000)
 Metaspace       used 7095K, committed 7168K, reserved 8192K
}
Event: 14.316 GC heap before
{Heap before GC invocations=7 (full 3):
 PSYoungGen      total 917504K, used 0K [0x00007f35b9000000, 0x00007f35f9000000, 0x00007f35f9000000)
  eden space 786432K, 0% used [0x00007f35b9000000,0x00007f35b9000000,0x00007f35e9000000)
  from space 131072K, 0% used [0x00007f35e9000000,0x00007f35e9000000,0x00007f35f1000000)
  to   space 131072K, 0% used [0x00007f35f1000000,0x00007f35f1000000,0x00007f35f9000000)
 ParOldGen       total 2097152K, used 1383366K [0x00007f3539000000, 0x00007f35b9000000, 0x00007f35b9000000)
  object space 2097152K, 65% used [0x00007f3539000000,0x00007f358d6f1808,0x00007f35b9000000)
 Metaspace       used 7095K, committed 7168K, reserved 8192K
}

