# JRE version: OpenJDK Runtime Environment (17.0.6) (build 17.0.6-internal+0-adhoc.konstdelis.jdk17u067)
# Java VM: OpenJDK 64-Bit Server VM (17.0.6-internal+0-adhoc.konstdelis.jdk17u067, mixed mode, tiered, parallel gc, linux-amd64)
GC Precious Log:
 CPUs: 32 total, 32 available
 Memory: 251G
 Large Page Support: Disabled
 NUMA Support: Disabled
 Compressed Oops: Disabled
 Alignments: Space 512K, Generation 512K, Heap 2M
 Heap Min Capacity: 3G
 Heap Initial Capacity: 3G
 Heap Max Capacity: 3G
 Pre-touch: Disabled
 Parallel Workers: 8
Heap:
 PSYoungGen      total 917504K, used 0K [0x00007e6535000000, 0x00007e6575000000, 0x00007e6575000000)
  eden space 786432K, 0% used [0x00007e6535000000,0x00007e6535000000,0x00007e6565000000)
  from space 131072K, 0% used [0x00007e6565000000,0x00007e6565000000,0x00007e656d000000)
  to   space 131072K, 0% used [0x00007e656d000000,0x00007e656d000000,0x00007e6575000000)
 ParOldGen       total 2097152K, used 1146089K [0x00007e64b5000000, 0x00007e6535000000, 0x00007e6535000000)
  object space 2097152K, 54% used [0x00007e64b5000000,0x00007e64faf3a740,0x00007e6535000000)
 Metaspace       used 7095K, committed 7168K, reserved 8192K
GC Heap History (13 events):
Event: 1.794 GC heap before
{Heap before GC invocations=1 (full 0):
 PSYoungGen      total 917504K, used 786432K [0x00007e6535000000, 0x00007e6575000000, 0x00007e6575000000)
  eden space 786432K, 100% used [0x00007e6535000000,0x00007e6565000000,0x00007e6565000000)
  from space 131072K, 0% used [0x00007e656d000000,0x00007e656d000000,0x00007e6575000000)
  to   space 131072K, 0% used [0x00007e6565000000,0x00007e6565000000,0x00007e656d000000)
 ParOldGen       total 2097152K, used 0K [0x00007e64b5000000, 0x00007e6535000000, 0x00007e6535000000)
  object space 2097152K, 0% used [0x00007e64b5000000,0x00007e64b5000000,0x00007e6535000000)
 Metaspace       used 7053K, committed 7104K, reserved 8192K
}
Event: 2.210 GC heap after
{Heap after GC invocations=1 (full 0):
 PSYoungGen      total 917504K, used 131065K [0x00007e6535000000, 0x00007e6575000000, 0x00007e6575000000)
  eden space 786432K, 0% used [0x00007e6535000000,0x00007e6535000000,0x00007e6565000000)
  from space 131072K, 99% used [0x00007e6565000000,0x00007e656cffe600,0x00007e656d000000)
  to   space 131072K, 0% used [0x00007e656d000000,0x00007e656d000000,0x00007e6575000000)
 ParOldGen       total 2097152K, used 502176K [0x00007e64b5000000, 0x00007e6535000000, 0x00007e6535000000)
  object space 2097152K, 23% used [0x00007e64b5000000,0x00007e64d3a68000,0x00007e6535000000)
 Metaspace       used 7053K, committed 7104K, reserved 8192K
}
Event: 2.498 GC heap before
{Heap before GC invocations=2 (full 0):
 PSYoungGen      total 917504K, used 917497K [0x00007e6535000000, 0x00007e6575000000, 0x00007e6575000000)
  eden space 786432K, 100% used [0x00007e6535000000,0x00007e6565000000,0x00007e6565000000)
  from space 131072K, 99% used [0x00007e6565000000,0x00007e656cffe600,0x00007e656d000000)
  to   space 131072K, 0% used [0x00007e656d000000,0x00007e656d000000,0x00007e6575000000)
 ParOldGen       total 2097152K, used 502176K [0x00007e64b5000000, 0x00007e6535000000, 0x00007e6535000000)
  object space 2097152K, 23% used [0x00007e64b5000000,0x00007e64d3a68000,0x00007e6535000000)
 Metaspace       used 7053K, committed 7104K, reserved 8192K
}
Event: 3.037 GC heap after
{Heap after GC invocations=2 (full 0):
 PSYoungGen      total 917504K, used 131055K [0x00007e6535000000, 0x00007e6575000000, 0x00007e6575000000)
  eden space 786432K, 0% used [0x00007e6535000000,0x00007e6535000000,0x00007e6565000000)
  from space 131072K, 99% used [0x00007e656d000000,0x00007e6574ffbff8,0x00007e6575000000)
  to   space 131072K, 0% used [0x00007e6565000000,0x00007e6565000000,0x00007e656d000000)
 ParOldGen       total 2097152K, used 1153728K [0x00007e64b5000000, 0x00007e6535000000, 0x00007e6535000000)
  object space 2097152K, 55% used [0x00007e64b5000000,0x00007e64fb6b0000,0x00007e6535000000)
 Metaspace       used 7053K, committed 7104K, reserved 8192K
}
Event: 3.327 GC heap before
{Heap before GC invocations=3 (full 0):
 PSYoungGen      total 917504K, used 917487K [0x00007e6535000000, 0x00007e6575000000, 0x00007e6575000000)
  eden space 786432K, 100% used [0x00007e6535000000,0x00007e6565000000,0x00007e6565000000)
  from space 131072K, 99% used [0x00007e656d000000,0x00007e6574ffbff8,0x00007e6575000000)
  to   space 131072K, 0% used [0x00007e6565000000,0x00007e6565000000,0x00007e656d000000)
 ParOldGen       total 2097152K, used 1153728K [0x00007e64b5000000, 0x00007e6535000000, 0x00007e6535000000)
  object space 2097152K, 55% used [0x00007e64b5000000,0x00007e64fb6b0000,0x00007e6535000000)
 Metaspace       used 7053K, committed 7104K, reserved 8192K
}
Event: 3.919 GC heap after
{Heap after GC invocations=3 (full 0):
 PSYoungGen      total 917504K, used 131054K [0x00007e6535000000, 0x00007e6575000000, 0x00007e6575000000)
  eden space 786432K, 0% used [0x00007e6535000000,0x00007e6535000000,0x00007e6565000000)
  from space 131072K, 99% used [0x00007e6565000000,0x00007e656cffb8c0,0x00007e656d000000)
  to   space 131072K, 0% used [0x00007e656d000000,0x00007e656d000000,0x00007e6575000000)
 ParOldGen       total 2097152K, used 1810853K [0x00007e64b5000000, 0x00007e6535000000, 0x00007e6535000000)
  object space 2097152K, 86% used [0x00007e64b5000000,0x00007e6523869510,0x00007e6535000000)
 Metaspace       used 7053K, committed 7104K, reserved 8192K
}
Event: 3.919 GC heap before
{Heap before GC invocations=4 (full 1):
 PSYoungGen      total 917504K, used 131054K [0x00007e6535000000, 0x00007e6575000000, 0x00007e6575000000)
  eden space 786432K, 0% used [0x00007e6535000000,0x00007e6535000000,0x00007e6565000000)
  from space 131072K, 99% used [0x00007e6565000000,0x00007e656cffb8c0,0x00007e656d000000)
  to   space 131072K, 0% used [0x00007e656d000000,0x00007e656d000000,0x00007e6575000000)
 ParOldGen       total 2097152K, used 1810853K [0x00007e64b5000000, 0x00007e6535000000, 0x00007e6535000000)
  object space 2097152K, 86% used [0x00007e64b5000000,0x00007e6523869510,0x00007e6535000000)
 Metaspace       used 7053K, committed 7104K, reserved 8192K
}
Event: 6.444 GC heap after
{Heap after GC invocations=4 (full 1):
 PSYoungGen      total 917504K, used 0K [0x00007e6535000000, 0x00007e6575000000, 0x00007e6575000000)
  eden space 786432K, 0% used [0x00007e6535000000,0x00007e6535000000,0x00007e6565000000)
  from space 131072K, 0% used [0x00007e656d000000,0x00007e656d000000,0x00007e6575000000)
  to   space 131072K, 0% used [0x00007e6565000000,0x00007e6565000000,0x00007e656d000000)
 ParOldGen       total 2097152K, used 1929692K [0x00007e64b5000000, 0x00007e6535000000, 0x00007e6535000000)
  object space 2097152K, 92% used [0x00007e64b5000000,0x00007e652ac77028,0x00007e6535000000)
 Metaspace       used 7053K, committed 7104K, reserved 8192K
}
Event: 7.430 GC heap before
{Heap before GC invocations=5 (full 2):
 PSYoungGen      total 917504K, used 426798K [0x00007e6535000000, 0x00007e6575000000, 0x00007e6575000000)
  eden space 786432K, 54% used [0x00007e6535000000,0x00007e654f0cb8c0,0x00007e6565000000)
  from space 131072K, 0% used [0x00007e656d000000,0x00007e656d000000,0x00007e6575000000)
  to   space 131072K, 0% used [0x00007e6565000000,0x00007e6565000000,0x00007e656d000000)
 ParOldGen       total 2097152K, used 1929692K [0x00007e64b5000000, 0x00007e6535000000, 0x00007e6535000000)
  object space 2097152K, 92% used [0x00007e64b5000000,0x00007e652ac77028,0x00007e6535000000)
 Metaspace       used 7088K, committed 7168K, reserved 8192K
}
Event: 14.568 GC heap after
{Heap after GC invocations=5 (full 2):
 PSYoungGen      total 917504K, used 0K [0x00007e6535000000, 0x00007e6575000000, 0x00007e6575000000)
  eden space 786432K, 0% used [0x00007e6535000000,0x00007e6535000000,0x00007e6565000000)
  from space 131072K, 0% used [0x00007e656d000000,0x00007e656d000000,0x00007e6575000000)
  to   space 131072K, 0% used [0x00007e6565000000,0x00007e6565000000,0x00007e656d000000)
 ParOldGen       total 2097152K, used 1146089K [0x00007e64b5000000, 0x00007e6535000000, 0x00007e6535000000)
  object space 2097152K, 54% used [0x00007e64b5000000,0x00007e64faf3a740,0x00007e6535000000)
 Metaspace       used 7088K, committed 7168K, reserved 8192K
}
Event: 14.818 GC heap before
{Heap before GC invocations=6 (full 2):
 PSYoungGen      total 917504K, used 15093K [0x00007e6535000000, 0x00007e6575000000, 0x00007e6575000000)
  eden space 786432K, 1% used [0x00007e6535000000,0x00007e6535ebd720,0x00007e6565000000)
  from space 131072K, 0% used [0x00007e656d000000,0x00007e656d000000,0x00007e6575000000)
  to   space 131072K, 0% used [0x00007e6565000000,0x00007e6565000000,0x00007e656d000000)
 ParOldGen       total 2097152K, used 1146089K [0x00007e64b5000000, 0x00007e6535000000, 0x00007e6535000000)
  object space 2097152K, 54% used [0x00007e64b5000000,0x00007e64faf3a740,0x00007e6535000000)
 Metaspace       used 7095K, committed 7168K, reserved 8192K
}
Event: 15.040 GC heap after
{Heap after GC invocations=6 (full 2):
 PSYoungGen      total 917504K, used 0K [0x00007e6535000000, 0x00007e6575000000, 0x00007e6575000000)
  eden space 786432K, 0% used [0x00007e6535000000,0x00007e6535000000,0x00007e6565000000)
  from space 131072K, 0% used [0x00007e6565000000,0x00007e6565000000,0x00007e656d000000)
  to   space 131072K, 0% used [0x00007e656d000000,0x00007e656d000000,0x00007e6575000000)
 ParOldGen       total 2097152K, used 1146089K [0x00007e64b5000000, 0x00007e6535000000, 0x00007e6535000000)
  object space 2097152K, 54% used [0x00007e64b5000000,0x00007e64faf3a740,0x00007e6535000000)
 Metaspace       used 7095K, committed 7168K, reserved 8192K
}
Event: 15.040 GC heap before
{Heap before GC invocations=7 (full 3):
 PSYoungGen      total 917504K, used 0K [0x00007e6535000000, 0x00007e6575000000, 0x00007e6575000000)
  eden space 786432K, 0% used [0x00007e6535000000,0x00007e6535000000,0x00007e6565000000)
  from space 131072K, 0% used [0x00007e6565000000,0x00007e6565000000,0x00007e656d000000)
  to   space 131072K, 0% used [0x00007e656d000000,0x00007e656d000000,0x00007e6575000000)
 ParOldGen       total 2097152K, used 1146089K [0x00007e64b5000000, 0x00007e6535000000, 0x00007e6535000000)
  object space 2097152K, 54% used [0x00007e64b5000000,0x00007e64faf3a740,0x00007e6535000000)
 Metaspace       used 7095K, committed 7168K, reserved 8192K
}

