# JRE version: OpenJDK Runtime Environment (17.0.6) (fastdebug build 17.0.6-internal+0-adhoc.konstdelis.jdk17u067)
# Java VM: OpenJDK 64-Bit Server VM (fastdebug 17.0.6-internal+0-adhoc.konstdelis.jdk17u067, mixed mode, tiered, parallel gc, linux-amd64)
GC Precious Log:
 CPUs: 32 total, 32 available
 Memory: 251G
 Large Page Support: Disabled
 NUMA Support: Disabled
 Compressed Oops: Disabled
 Alignments: Space 512K, Generation 512K, Heap 2M
 Heap Min Capacity: 3G
 Heap Initial Capacity: 3G
 Heap Max Capacity: 3G
 Pre-touch: Disabled
 Parallel Workers: 8
Heap:
 PSYoungGen      total 917504K, used 786432K [0x00007f1575000000, 0x00007f15b5000000, 0x00007f15b5000000)
  eden space 786432K, 100% used [0x00007f1575000000,0x00007f15a5000000,0x00007f15a5000000)
  from space 131072K, 0% used [0x00007f15ad000000,0x00007f15ad000000,0x00007f15b5000000)
  to   space 131072K, 0% used [0x00007f15a5000000,0x00007f15a5000000,0x00007f15ad000000)
 ParOldGen       total 2097152K, used 2121360K [0x00007f14f5000000, 0x00007f1575000000, 0x00007f1575000000)
  object space 2097152K, 101% used [0x00007f14f5000000,0x00007f15767a41a0,0x00007f1575000000)
 Metaspace       used 7360K, committed 7488K, reserved 8192K
GC Heap History (16 events):
Event: 4,052 GC heap before
{Heap before GC invocations=1 (full 0):
 PSYoungGen      total 917504K, used 786432K [0x00007f1575000000, 0x00007f15b5000000, 0x00007f15b5000000)
  eden space 786432K, 100% used [0x00007f1575000000,0x00007f15a5000000,0x00007f15a5000000)
  from space 131072K, 0% used [0x00007f15ad000000,0x00007f15ad000000,0x00007f15b5000000)
  to   space 131072K, 0% used [0x00007f15a5000000,0x00007f15a5000000,0x00007f15ad000000)
 ParOldGen       total 2097152K, used 0K [0x00007f14f5000000, 0x00007f1575000000, 0x00007f1575000000)
  object space 2097152K, 0% used [0x00007f14f5000000,0x00007f14f5000000,0x00007f1575000000)
 Metaspace       used 7360K, committed 7488K, reserved 8192K
}
Event: 4,849 GC heap after
{Heap after GC invocations=1 (full 0):
 PSYoungGen      total 917504K, used 131065K [0x00007f1575000000, 0x00007f15b5000000, 0x00007f15b5000000)
  eden space 786432K, 0% used [0x00007f1575000000,0x00007f1575000000,0x00007f15a5000000)
  from space 131072K, 99% used [0x00007f15a5000000,0x00007f15acffe600,0x00007f15ad000000)
  to   space 131072K, 0% used [0x00007f15ad000000,0x00007f15ad000000,0x00007f15b5000000)
 ParOldGen       total 2097152K, used 457624K [0x00007f14f5000000, 0x00007f1575000000, 0x00007f1575000000)
  object space 2097152K, 21% used [0x00007f14f5000000,0x00007f1510ee6000,0x00007f1575000000)
 Metaspace       used 7360K, committed 7488K, reserved 8192K
}
Event: 5,193 GC heap before
{Heap before GC invocations=2 (full 0):
 PSYoungGen      total 917504K, used 917497K [0x00007f1575000000, 0x00007f15b5000000, 0x00007f15b5000000)
  eden space 786432K, 100% used [0x00007f1575000000,0x00007f15a5000000,0x00007f15a5000000)
  from space 131072K, 99% used [0x00007f15a5000000,0x00007f15acffe600,0x00007f15ad000000)
  to   space 131072K, 0% used [0x00007f15ad000000,0x00007f15ad000000,0x00007f15b5000000)
 ParOldGen       total 2097152K, used 457624K [0x00007f14f5000000, 0x00007f1575000000, 0x00007f1575000000)
  object space 2097152K, 21% used [0x00007f14f5000000,0x00007f1510ee6000,0x00007f1575000000)
 Metaspace       used 7360K, committed 7488K, reserved 8192K
}
Event: 6,178 GC heap after
{Heap after GC invocations=2 (full 0):
 PSYoungGen      total 917504K, used 131045K [0x00007f1575000000, 0x00007f15b5000000, 0x00007f15b5000000)
  eden space 786432K, 0% used [0x00007f1575000000,0x00007f1575000000,0x00007f15a5000000)
  from space 131072K, 99% used [0x00007f15ad000000,0x00007f15b4ff9510,0x00007f15b5000000)
  to   space 131072K, 0% used [0x00007f15a5000000,0x00007f15a5000000,0x00007f15ad000000)
 ParOldGen       total 2097152K, used 1129680K [0x00007f14f5000000, 0x00007f1575000000, 0x00007f1575000000)
  object space 2097152K, 53% used [0x00007f14f5000000,0x00007f1539f34000,0x00007f1575000000)
 Metaspace       used 7360K, committed 7488K, reserved 8192K
}
Event: 6,534 GC heap before
{Heap before GC invocations=3 (full 0):
 PSYoungGen      total 917504K, used 917477K [0x00007f1575000000, 0x00007f15b5000000, 0x00007f15b5000000)
  eden space 786432K, 100% used [0x00007f1575000000,0x00007f15a5000000,0x00007f15a5000000)
  from space 131072K, 99% used [0x00007f15ad000000,0x00007f15b4ff9510,0x00007f15b5000000)
  to   space 131072K, 0% used [0x00007f15a5000000,0x00007f15a5000000,0x00007f15ad000000)
 ParOldGen       total 2097152K, used 1129680K [0x00007f14f5000000, 0x00007f1575000000, 0x00007f1575000000)
  object space 2097152K, 53% used [0x00007f14f5000000,0x00007f1539f34000,0x00007f1575000000)
 Metaspace       used 7360K, committed 7488K, reserved 8192K
}
Event: 7,578 GC heap after
{Heap after GC invocations=3 (full 0):
 PSYoungGen      total 917504K, used 131072K [0x00007f1575000000, 0x00007f15b5000000, 0x00007f15b5000000)
  eden space 786432K, 0% used [0x00007f1575000000,0x00007f1575000000,0x00007f15a5000000)
  from space 131072K, 100% used [0x00007f15a5000000,0x00007f15ad000000,0x00007f15ad000000)
  to   space 131072K, 0% used [0x00007f15ad000000,0x00007f15ad000000,0x00007f15b5000000)
 ParOldGen       total 2097152K, used 1812695K [0x00007f14f5000000, 0x00007f1575000000, 0x00007f1575000000)
  object space 2097152K, 86% used [0x00007f14f5000000,0x00007f1563a35f88,0x00007f1575000000)
 Metaspace       used 7360K, committed 7488K, reserved 8192K
}
Event: 7,578 GC heap before
{Heap before GC invocations=4 (full 1):
 PSYoungGen      total 917504K, used 131072K [0x00007f1575000000, 0x00007f15b5000000, 0x00007f15b5000000)
  eden space 786432K, 0% used [0x00007f1575000000,0x00007f1575000000,0x00007f15a5000000)
  from space 131072K, 100% used [0x00007f15a5000000,0x00007f15ad000000,0x00007f15ad000000)
  to   space 131072K, 0% used [0x00007f15ad000000,0x00007f15ad000000,0x00007f15b5000000)
 ParOldGen       total 2097152K, used 1812695K [0x00007f14f5000000, 0x00007f1575000000, 0x00007f1575000000)
  object space 2097152K, 86% used [0x00007f14f5000000,0x00007f1563a35f88,0x00007f1575000000)
 Metaspace       used 7360K, committed 7488K, reserved 8192K
}
Event: 15,452 GC heap after
{Heap after GC invocations=4 (full 1):
 PSYoungGen      total 917504K, used 0K [0x00007f1575000000, 0x00007f15b5000000, 0x00007f15b5000000)
  eden space 786432K, 0% used [0x00007f1575000000,0x00007f1575000000,0x00007f15a5000000)
  from space 131072K, 0% used [0x00007f15ad000000,0x00007f15ad000000,0x00007f15b5000000)
  to   space 131072K, 0% used [0x00007f15a5000000,0x00007f15a5000000,0x00007f15ad000000)
 ParOldGen       total 2097152K, used 1928947K [0x00007f14f5000000, 0x00007f1575000000, 0x00007f1575000000)
  object space 2097152K, 91% used [0x00007f14f5000000,0x00007f156abbce20,0x00007f1575000000)
 Metaspace       used 7360K, committed 7488K, reserved 8192K
}
Event: 15,788 GC heap before
{Heap before GC invocations=5 (full 2):
 PSYoungGen      total 917504K, used 786432K [0x00007f1575000000, 0x00007f15b5000000, 0x00007f15b5000000)
  eden space 786432K, 100% used [0x00007f1575000000,0x00007f15a5000000,0x00007f15a5000000)
  from space 131072K, 0% used [0x00007f15ad000000,0x00007f15ad000000,0x00007f15b5000000)
  to   space 131072K, 0% used [0x00007f15a5000000,0x00007f15a5000000,0x00007f15ad000000)
 ParOldGen       total 2097152K, used 1928947K [0x00007f14f5000000, 0x00007f1575000000, 0x00007f1575000000)
  object space 2097152K, 91% used [0x00007f14f5000000,0x00007f156abbce20,0x00007f1575000000)
 Metaspace       used 7360K, committed 7488K, reserved 8192K
}
Event: 34,296 GC heap after
{Heap after GC invocations=5 (full 2):
 PSYoungGen      total 917504K, used 0K [0x00007f1575000000, 0x00007f15b5000000, 0x00007f15b5000000)
  eden space 786432K, 0% used [0x00007f1575000000,0x00007f1575000000,0x00007f15a5000000)
  from space 131072K, 0% used [0x00007f15a5000000,0x00007f15a5000000,0x00007f15ad000000)
  to   space 131072K, 0% used [0x00007f15ad000000,0x00007f15ad000000,0x00007f15b5000000)
 ParOldGen       total 2097152K, used 1182088K [0x00007f14f5000000, 0x00007f1575000000, 0x00007f1575000000)
  object space 2097152K, 56% used [0x00007f14f5000000,0x00007f153d262290,0x00007f1575000000)
 Metaspace       used 7360K, committed 7488K, reserved 8192K
}
Event: 34,691 GC heap before
{Heap before GC invocations=6 (full 2):
 PSYoungGen      total 917504K, used 786432K [0x00007f1575000000, 0x00007f15b5000000, 0x00007f15b5000000)
  eden space 786432K, 100% used [0x00007f1575000000,0x00007f15a5000000,0x00007f15a5000000)
  from space 131072K, 0% used [0x00007f15a5000000,0x00007f15a5000000,0x00007f15ad000000)
  to   space 131072K, 0% used [0x00007f15ad000000,0x00007f15ad000000,0x00007f15b5000000)
 ParOldGen       total 2097152K, used 1182088K [0x00007f14f5000000, 0x00007f1575000000, 0x00007f1575000000)
  object space 2097152K, 56% used [0x00007f14f5000000,0x00007f153d262290,0x00007f1575000000)
 Metaspace       used 7360K, committed 7488K, reserved 8192K
}
Event: 38,236 GC heap after
{Heap after GC invocations=6 (full 2):
 PSYoungGen      total 917504K, used 131072K [0x00007f1575000000, 0x00007f15b5000000, 0x00007f15b5000000)
  eden space 786432K, 0% used [0x00007f1575000000,0x00007f1575000000,0x00007f15a5000000)
  from space 131072K, 100% used [0x00007f15ad000000,0x00007f15b5000000,0x00007f15b5000000)
  to   space 131072K, 0% used [0x00007f15a5000000,0x00007f15a5000000,0x00007f15ad000000)
 ParOldGen       total 2097152K, used 1842440K [0x00007f14f5000000, 0x00007f1575000000, 0x00007f1575000000)
  object space 2097152K, 87% used [0x00007f14f5000000,0x00007f1565742290,0x00007f1575000000)
 Metaspace       used 7360K, committed 7488K, reserved 8192K
}
Event: 38,236 GC heap before
{Heap before GC invocations=7 (full 3):
 PSYoungGen      total 917504K, used 131072K [0x00007f1575000000, 0x00007f15b5000000, 0x00007f15b5000000)
  eden space 786432K, 0% used [0x00007f1575000000,0x00007f1575000000,0x00007f15a5000000)
  from space 131072K, 100% used [0x00007f15ad000000,0x00007f15b5000000,0x00007f15b5000000)
  to   space 131072K, 0% used [0x00007f15a5000000,0x00007f15a5000000,0x00007f15ad000000)
 ParOldGen       total 2097152K, used 1842440K [0x00007f14f5000000, 0x00007f1575000000, 0x00007f1575000000)
  object space 2097152K, 87% used [0x00007f14f5000000,0x00007f1565742290,0x00007f1575000000)
 Metaspace       used 7360K, committed 7488K, reserved 8192K
}
Event: 53,598 GC heap after
{Heap after GC invocations=7 (full 3):
 PSYoungGen      total 917504K, used 0K [0x00007f1575000000, 0x00007f15b5000000, 0x00007f15b5000000)
  eden space 786432K, 0% used [0x00007f1575000000,0x00007f1575000000,0x00007f15a5000000)
  from space 131072K, 0% used [0x00007f15a5000000,0x00007f15a5000000,0x00007f15ad000000)
  to   space 131072K, 0% used [0x00007f15ad000000,0x00007f15ad000000,0x00007f15b5000000)
 ParOldGen       total 2097152K, used 1647804K [0x00007f14f5000000, 0x00007f1575000000, 0x00007f1575000000)
  object space 2097152K, 78% used [0x00007f14f5000000,0x00007f155992f168,0x00007f1575000000)
 Metaspace       used 7360K, committed 7488K, reserved 8192K
}
Event: 53,902 GC heap before
{Heap before GC invocations=8 (full 4):
 PSYoungGen      total 917504K, used 786432K [0x00007f1575000000, 0x00007f15b5000000, 0x00007f15b5000000)
  eden space 786432K, 100% used [0x00007f1575000000,0x00007f15a5000000,0x00007f15a5000000)
  from space 131072K, 0% used [0x00007f15a5000000,0x00007f15a5000000,0x00007f15ad000000)
  to   space 131072K, 0% used [0x00007f15ad000000,0x00007f15ad000000,0x00007f15b5000000)
 ParOldGen       total 2097152K, used 1647804K [0x00007f14f5000000, 0x00007f1575000000, 0x00007f1575000000)
  object space 2097152K, 78% used [0x00007f14f5000000,0x00007f155992f168,0x00007f1575000000)
 Metaspace       used 7360K, committed 7488K, reserved 8192K
}
Event: 68,533 GC heap after
{Heap after GC invocations=8 (full 4):
 PSYoungGen      total 917504K, used 0K [0x00007f1575000000, 0x00007f15b5000000, 0x00007f15b5000000)
  eden space 786432K, 0% used [0x00007f1575000000,0x00007f1575000000,0x00007f15a5000000)
  from space 131072K, 0% used [0x00007f15ad000000,0x00007f15ad000000,0x00007f15b5000000)
  to   space 131072K, 0% used [0x00007f15a5000000,0x00007f15a5000000,0x00007f15ad000000)
 ParOldGen       total 2097152K, used 2121360K [0x00007f14f5000000, 0x00007f1575000000, 0x00007f1575000000)
  object space 2097152K, 101% used [0x00007f14f5000000,0x00007f15767a41a0,0x00007f1575000000)
 Metaspace       used 7360K, committed 7488K, reserved 8192K
}

