# JRE version: OpenJDK Runtime Environment (17.0.6) (fastdebug build 17.0.6-internal+0-adhoc.konstdelis.jdk17u067)
# Java VM: OpenJDK 64-Bit Server VM (fastdebug 17.0.6-internal+0-adhoc.konstdelis.jdk17u067, mixed mode, tiered, parallel gc, linux-amd64)
GC Precious Log:
 CPUs: 32 total, 32 available
 Memory: 251G
 Large Page Support: Disabled
 NUMA Support: Disabled
 Compressed Oops: Disabled
 Alignments: Space 512K, Generation 512K, Heap 2M
 Heap Min Capacity: 3G
 Heap Initial Capacity: 3G
 Heap Max Capacity: 3G
 Pre-touch: Disabled
 Parallel Workers: 8
Heap:
 PSYoungGen      total 917504K, used 31457K [0x00007f1821000000, 0x00007f1861000000, 0x00007f1861000000)
  eden space 786432K, 4% used [0x00007f1821000000,0x00007f1822eb86f8,0x00007f1851000000)
  from space 131072K, 0% used [0x00007f1859000000,0x00007f1859000000,0x00007f1861000000)
  to   space 131072K, 0% used [0x00007f1851000000,0x00007f1851000000,0x00007f1859000000)
 ParOldGen       total 2097152K, used 260372K [0x00007f17a1000000, 0x00007f1821000000, 0x00007f1821000000)
  object space 2097152K, 12% used [0x00007f17a1000000,0x00007f17b0e45130,0x00007f1821000000)
 Metaspace       used 7425K, committed 7488K, reserved 8192K
GC Heap History (20 events):
Event: 4,044 GC heap before
{Heap before GC invocations=3 (full 1):
 PSYoungGen      total 917504K, used 15728K [0x00007f1821000000, 0x00007f1861000000, 0x00007f1861000000)
  eden space 786432K, 2% used [0x00007f1821000000,0x00007f1821f5c2c8,0x00007f1851000000)
  from space 131072K, 0% used [0x00007f1851000000,0x00007f1851000000,0x00007f1859000000)
  to   space 131072K, 0% used [0x00007f1859000000,0x00007f1859000000,0x00007f1861000000)
 ParOldGen       total 2097152K, used 192048K [0x00007f17a1000000, 0x00007f1821000000, 0x00007f1821000000)
  object space 2097152K, 9% used [0x00007f17a1000000,0x00007f17acb8c0b0,0x00007f1821000000)
 Metaspace       used 7422K, committed 7488K, reserved 8192K
}
Event: 4,076 GC heap after
{Heap after GC invocations=3 (full 1):
 PSYoungGen      total 917504K, used 0K [0x00007f1821000000, 0x00007f1861000000, 0x00007f1861000000)
  eden space 786432K, 0% used [0x00007f1821000000,0x00007f1821000000,0x00007f1851000000)
  from space 131072K, 0% used [0x00007f1859000000,0x00007f1859000000,0x00007f1861000000)
  to   space 131072K, 0% used [0x00007f1851000000,0x00007f1851000000,0x00007f1859000000)
 ParOldGen       total 2097152K, used 192048K [0x00007f17a1000000, 0x00007f1821000000, 0x00007f1821000000)
  object space 2097152K, 9% used [0x00007f17a1000000,0x00007f17acb8c0b0,0x00007f1821000000)
 Metaspace       used 7422K, committed 7488K, reserved 8192K
}
Event: 4,077 GC heap before
{Heap before GC invocations=4 (full 2):
 PSYoungGen      total 917504K, used 0K [0x00007f1821000000, 0x00007f1861000000, 0x00007f1861000000)
  eden space 786432K, 0% used [0x00007f1821000000,0x00007f1821000000,0x00007f1851000000)
  from space 131072K, 0% used [0x00007f1859000000,0x00007f1859000000,0x00007f1861000000)
  to   space 131072K, 0% used [0x00007f1851000000,0x00007f1851000000,0x00007f1859000000)
 ParOldGen       total 2097152K, used 192048K [0x00007f17a1000000, 0x00007f1821000000, 0x00007f1821000000)
  object space 2097152K, 9% used [0x00007f17a1000000,0x00007f17acb8c0b0,0x00007f1821000000)
 Metaspace       used 7422K, committed 7488K, reserved 8192K
}
Event: 5,520 GC heap after
{Heap after GC invocations=4 (full 2):
 PSYoungGen      total 917504K, used 0K [0x00007f1821000000, 0x00007f1861000000, 0x00007f1861000000)
  eden space 786432K, 0% used [0x00007f1821000000,0x00007f1821000000,0x00007f1851000000)
  from space 131072K, 0% used [0x00007f1859000000,0x00007f1859000000,0x00007f1861000000)
  to   space 131072K, 0% used [0x00007f1851000000,0x00007f1851000000,0x00007f1859000000)
 ParOldGen       total 2097152K, used 223508K [0x00007f17a1000000, 0x00007f1821000000, 0x00007f1821000000)
  object space 2097152K, 10% used [0x00007f17a1000000,0x00007f17aea45338,0x00007f1821000000)
 Metaspace       used 7422K, committed 7488K, reserved 8192K
}
Event: 5,530 GC heap before
{Heap before GC invocations=5 (full 2):
 PSYoungGen      total 917504K, used 15728K [0x00007f1821000000, 0x00007f1861000000, 0x00007f1861000000)
  eden space 786432K, 2% used [0x00007f1821000000,0x00007f1821f5c2c8,0x00007f1851000000)
  from space 131072K, 0% used [0x00007f1859000000,0x00007f1859000000,0x00007f1861000000)
  to   space 131072K, 0% used [0x00007f1851000000,0x00007f1851000000,0x00007f1859000000)
 ParOldGen       total 2097152K, used 223508K [0x00007f17a1000000, 0x00007f1821000000, 0x00007f1821000000)
  object space 2097152K, 10% used [0x00007f17a1000000,0x00007f17aea45338,0x00007f1821000000)
 Metaspace       used 7422K, committed 7488K, reserved 8192K
}
Event: 5,534 GC heap after
{Heap after GC invocations=5 (full 2):
 PSYoungGen      total 917504K, used 0K [0x00007f1821000000, 0x00007f1861000000, 0x00007f1861000000)
  eden space 786432K, 0% used [0x00007f1821000000,0x00007f1821000000,0x00007f1851000000)
  from space 131072K, 0% used [0x00007f1851000000,0x00007f1851000000,0x00007f1859000000)
  to   space 131072K, 0% used [0x00007f1859000000,0x00007f1859000000,0x00007f1861000000)
 ParOldGen       total 2097152K, used 223508K [0x00007f17a1000000, 0x00007f1821000000, 0x00007f1821000000)
  object space 2097152K, 10% used [0x00007f17a1000000,0x00007f17aea45338,0x00007f1821000000)
 Metaspace       used 7422K, committed 7488K, reserved 8192K
}
Event: 5,534 GC heap before
{Heap before GC invocations=6 (full 3):
 PSYoungGen      total 917504K, used 0K [0x00007f1821000000, 0x00007f1861000000, 0x00007f1861000000)
  eden space 786432K, 0% used [0x00007f1821000000,0x00007f1821000000,0x00007f1851000000)
  from space 131072K, 0% used [0x00007f1851000000,0x00007f1851000000,0x00007f1859000000)
  to   space 131072K, 0% used [0x00007f1859000000,0x00007f1859000000,0x00007f1861000000)
 ParOldGen       total 2097152K, used 223508K [0x00007f17a1000000, 0x00007f1821000000, 0x00007f1821000000)
  object space 2097152K, 10% used [0x00007f17a1000000,0x00007f17aea45338,0x00007f1821000000)
 Metaspace       used 7422K, committed 7488K, reserved 8192K
}
Event: 6,646 GC heap after
{Heap after GC invocations=6 (full 3):
 PSYoungGen      total 917504K, used 0K [0x00007f1821000000, 0x00007f1861000000, 0x00007f1861000000)
  eden space 786432K, 0% used [0x00007f1821000000,0x00007f1821000000,0x00007f1851000000)
  from space 131072K, 0% used [0x00007f1851000000,0x00007f1851000000,0x00007f1859000000)
  to   space 131072K, 0% used [0x00007f1859000000,0x00007f1859000000,0x00007f1861000000)
 ParOldGen       total 2097152K, used 254974K [0x00007f17a1000000, 0x00007f1821000000, 0x00007f1821000000)
  object space 2097152K, 12% used [0x00007f17a1000000,0x00007f17b08ffa40,0x00007f1821000000)
 Metaspace       used 7422K, committed 7488K, reserved 8192K
}
Event: 6,656 GC heap before
{Heap before GC invocations=7 (full 3):
 PSYoungGen      total 917504K, used 15728K [0x00007f1821000000, 0x00007f1861000000, 0x00007f1861000000)
  eden space 786432K, 2% used [0x00007f1821000000,0x00007f1821f5c2c8,0x00007f1851000000)
  from space 131072K, 0% used [0x00007f1851000000,0x00007f1851000000,0x00007f1859000000)
  to   space 131072K, 0% used [0x00007f1859000000,0x00007f1859000000,0x00007f1861000000)
 ParOldGen       total 2097152K, used 254974K [0x00007f17a1000000, 0x00007f1821000000, 0x00007f1821000000)
  object space 2097152K, 12% used [0x00007f17a1000000,0x00007f17b08ffa40,0x00007f1821000000)
 Metaspace       used 7422K, committed 7488K, reserved 8192K
}
Event: 6,659 GC heap after
{Heap after GC invocations=7 (full 3):
 PSYoungGen      total 917504K, used 0K [0x00007f1821000000, 0x00007f1861000000, 0x00007f1861000000)
  eden space 786432K, 0% used [0x00007f1821000000,0x00007f1821000000,0x00007f1851000000)
  from space 131072K, 0% used [0x00007f1859000000,0x00007f1859000000,0x00007f1861000000)
  to   space 131072K, 0% used [0x00007f1851000000,0x00007f1851000000,0x00007f1859000000)
 ParOldGen       total 2097152K, used 254974K [0x00007f17a1000000, 0x00007f1821000000, 0x00007f1821000000)
  object space 2097152K, 12% used [0x00007f17a1000000,0x00007f17b08ffa40,0x00007f1821000000)
 Metaspace       used 7422K, committed 7488K, reserved 8192K
}
Event: 6,660 GC heap before
{Heap before GC invocations=8 (full 4):
 PSYoungGen      total 917504K, used 0K [0x00007f1821000000, 0x00007f1861000000, 0x00007f1861000000)
  eden space 786432K, 0% used [0x00007f1821000000,0x00007f1821000000,0x00007f1851000000)
  from space 131072K, 0% used [0x00007f1859000000,0x00007f1859000000,0x00007f1861000000)
  to   space 131072K, 0% used [0x00007f1851000000,0x00007f1851000000,0x00007f1859000000)
 ParOldGen       total 2097152K, used 254974K [0x00007f17a1000000, 0x00007f1821000000, 0x00007f1821000000)
  object space 2097152K, 12% used [0x00007f17a1000000,0x00007f17b08ffa40,0x00007f1821000000)
 Metaspace       used 7422K, committed 7488K, reserved 8192K
}
Event: 8,206 GC heap after
{Heap after GC invocations=8 (full 4):
 PSYoungGen      total 917504K, used 0K [0x00007f1821000000, 0x00007f1861000000, 0x00007f1861000000)
  eden space 786432K, 0% used [0x00007f1821000000,0x00007f1821000000,0x00007f1851000000)
  from space 131072K, 0% used [0x00007f1859000000,0x00007f1859000000,0x00007f1861000000)
  to   space 131072K, 0% used [0x00007f1851000000,0x00007f1851000000,0x00007f1859000000)
 ParOldGen       total 2097152K, used 315227K [0x00007f17a1000000, 0x00007f1821000000, 0x00007f1821000000)
  object space 2097152K, 15% used [0x00007f17a1000000,0x00007f17b43d6d18,0x00007f1821000000)
 Metaspace       used 7422K, committed 7488K, reserved 8192K
}
Event: 8,319 GC heap before
{Heap before GC invocations=9 (full 4):
 PSYoungGen      total 917504K, used 161439K [0x00007f1821000000, 0x00007f1861000000, 0x00007f1861000000)
  eden space 786432K, 20% used [0x00007f1821000000,0x00007f182ada7e18,0x00007f1851000000)
  from space 131072K, 0% used [0x00007f1859000000,0x00007f1859000000,0x00007f1861000000)
  to   space 131072K, 0% used [0x00007f1851000000,0x00007f1851000000,0x00007f1859000000)
 ParOldGen       total 2097152K, used 315227K [0x00007f17a1000000, 0x00007f1821000000, 0x00007f1821000000)
  object space 2097152K, 15% used [0x00007f17a1000000,0x00007f17b43d6d18,0x00007f1821000000)
 Metaspace       used 7422K, committed 7488K, reserved 8192K
}
Event: 8,492 GC heap after
{Heap after GC invocations=9 (full 4):
 PSYoungGen      total 917504K, used 130294K [0x00007f1821000000, 0x00007f1861000000, 0x00007f1861000000)
  eden space 786432K, 0% used [0x00007f1821000000,0x00007f1821000000,0x00007f1851000000)
  from space 131072K, 99% used [0x00007f1851000000,0x00007f1858f3d808,0x00007f1859000000)
  to   space 131072K, 0% used [0x00007f1859000000,0x00007f1859000000,0x00007f1861000000)
 ParOldGen       total 2097152K, used 315227K [0x00007f17a1000000, 0x00007f1821000000, 0x00007f1821000000)
  object space 2097152K, 15% used [0x00007f17a1000000,0x00007f17b43d6d18,0x00007f1821000000)
 Metaspace       used 7422K, committed 7488K, reserved 8192K
}
Event: 8,492 GC heap before
{Heap before GC invocations=10 (full 5):
 PSYoungGen      total 917504K, used 130294K [0x00007f1821000000, 0x00007f1861000000, 0x00007f1861000000)
  eden space 786432K, 0% used [0x00007f1821000000,0x00007f1821000000,0x00007f1851000000)
  from space 131072K, 99% used [0x00007f1851000000,0x00007f1858f3d808,0x00007f1859000000)
  to   space 131072K, 0% used [0x00007f1859000000,0x00007f1859000000,0x00007f1861000000)
 ParOldGen       total 2097152K, used 315227K [0x00007f17a1000000, 0x00007f1821000000, 0x00007f1821000000)
  object space 2097152K, 15% used [0x00007f17a1000000,0x00007f17b43d6d18,0x00007f1821000000)
 Metaspace       used 7422K, committed 7488K, reserved 8192K
}
Event: 10,651 GC heap after
{Heap after GC invocations=10 (full 5):
 PSYoungGen      total 917504K, used 0K [0x00007f1821000000, 0x00007f1861000000, 0x00007f1861000000)
  eden space 786432K, 0% used [0x00007f1821000000,0x00007f1821000000,0x00007f1851000000)
  from space 131072K, 0% used [0x00007f1851000000,0x00007f1851000000,0x00007f1859000000)
  to   space 131072K, 0% used [0x00007f1859000000,0x00007f1859000000,0x00007f1861000000)
 ParOldGen       total 2097152K, used 441501K [0x00007f17a1000000, 0x00007f1821000000, 0x00007f1821000000)
  object space 2097152K, 21% used [0x00007f17a1000000,0x00007f17bbf27678,0x00007f1821000000)
 Metaspace       used 7422K, committed 7488K, reserved 8192K
}
Event: 10,660 GC heap before
{Heap before GC invocations=11 (full 5):
 PSYoungGen      total 917504K, used 15728K [0x00007f1821000000, 0x00007f1861000000, 0x00007f1861000000)
  eden space 786432K, 2% used [0x00007f1821000000,0x00007f1821f5c2c8,0x00007f1851000000)
  from space 131072K, 0% used [0x00007f1851000000,0x00007f1851000000,0x00007f1859000000)
  to   space 131072K, 0% used [0x00007f1859000000,0x00007f1859000000,0x00007f1861000000)
 ParOldGen       total 2097152K, used 441501K [0x00007f17a1000000, 0x00007f1821000000, 0x00007f1821000000)
  object space 2097152K, 21% used [0x00007f17a1000000,0x00007f17bbf27678,0x00007f1821000000)
 Metaspace       used 7422K, committed 7488K, reserved 8192K
}
Event: 10,719 GC heap after
{Heap after GC invocations=11 (full 5):
 PSYoungGen      total 917504K, used 0K [0x00007f1821000000, 0x00007f1861000000, 0x00007f1861000000)
  eden space 786432K, 0% used [0x00007f1821000000,0x00007f1821000000,0x00007f1851000000)
  from space 131072K, 0% used [0x00007f1859000000,0x00007f1859000000,0x00007f1861000000)
  to   space 131072K, 0% used [0x00007f1851000000,0x00007f1851000000,0x00007f1859000000)
 ParOldGen       total 2097152K, used 441501K [0x00007f17a1000000, 0x00007f1821000000, 0x00007f1821000000)
  object space 2097152K, 21% used [0x00007f17a1000000,0x00007f17bbf27678,0x00007f1821000000)
 Metaspace       used 7422K, committed 7488K, reserved 8192K
}
Event: 10,719 GC heap before
{Heap before GC invocations=12 (full 6):
 PSYoungGen      total 917504K, used 0K [0x00007f1821000000, 0x00007f1861000000, 0x00007f1861000000)
  eden space 786432K, 0% used [0x00007f1821000000,0x00007f1821000000,0x00007f1851000000)
  from space 131072K, 0% used [0x00007f1859000000,0x00007f1859000000,0x00007f1861000000)
  to   space 131072K, 0% used [0x00007f1851000000,0x00007f1851000000,0x00007f1859000000)
 ParOldGen       total 2097152K, used 441501K [0x00007f17a1000000, 0x00007f1821000000, 0x00007f1821000000)
  object space 2097152K, 21% used [0x00007f17a1000000,0x00007f17bbf27678,0x00007f1821000000)
 Metaspace       used 7422K, committed 7488K, reserved 8192K
}
Event: 12,028 GC heap after
{Heap after GC invocations=12 (full 6):
 PSYoungGen      total 917504K, used 0K [0x00007f1821000000, 0x00007f1861000000, 0x00007f1861000000)
  eden space 786432K, 0% used [0x00007f1821000000,0x00007f1821000000,0x00007f1851000000)
  from space 131072K, 0% used [0x00007f1859000000,0x00007f1859000000,0x00007f1861000000)
  to   space 131072K, 0% used [0x00007f1851000000,0x00007f1851000000,0x00007f1859000000)
 ParOldGen       total 2097152K, used 260372K [0x00007f17a1000000, 0x00007f1821000000, 0x00007f1821000000)
  object space 2097152K, 12% used [0x00007f17a1000000,0x00007f17b0e45130,0x00007f1821000000)
 Metaspace       used 7422K, committed 7488K, reserved 8192K
}

