# JRE version: OpenJDK Runtime Environment (17.0.6) (fastdebug build 17.0.6-internal+0-adhoc.konstdelis.jdk17u067)
# Java VM: OpenJDK 64-Bit Server VM (fastdebug 17.0.6-internal+0-adhoc.konstdelis.jdk17u067, mixed mode, tiered, parallel gc, linux-amd64)
GC Precious Log:
 CPUs: 32 total, 32 available
 Memory: 251G
 Large Page Support: Disabled
 NUMA Support: Disabled
 Compressed Oops: Disabled
 Alignments: Space 512K, Generation 512K, Heap 2M
 Heap Min Capacity: 1G
 Heap Initial Capacity: 1G
 Heap Max Capacity: 1G
 Pre-touch: Disabled
 Parallel Workers: 1
Heap:
 PSYoungGen      total 305664K, used 171800K [0x00007ee0c7b00000, 0x00007ee0dd000000, 0x00007ee0dd000000)
  eden space 262144K, 65% used [0x00007ee0c7b00000,0x00007ee0d22c62c8,0x00007ee0d7b00000)
  from space 43520K, 0% used [0x00007ee0d7b00000,0x00007ee0d7b00000,0x00007ee0da580000)
  to   space 43520K, 0% used [0x00007ee0da580000,0x00007ee0da580000,0x00007ee0dd000000)
 ParOldGen       total 699392K, used 703952K [0x00007ee09d000000, 0x00007ee0c7b00000, 0x00007ee0c7b00000)
  object space 699392K, 100% used [0x00007ee09d000000,0x00007ee0c7f74170,0x00007ee0c7b00000)
 Metaspace       used 6721K, committed 6784K, reserved 8192K
GC Heap History (20 events):
Event: 2,012 GC heap before
{Heap before GC invocations=1 (full 0):
 PSYoungGen      total 305664K, used 244656K [0x00007ee0c7b00000, 0x00007ee0dd000000, 0x00007ee0dd000000)
  eden space 262144K, 93% used [0x00007ee0c7b00000,0x00007ee0d69ec1b0,0x00007ee0d7b00000)
  from space 43520K, 0% used [0x00007ee0da580000,0x00007ee0da580000,0x00007ee0dd000000)
  to   space 43520K, 0% used [0x00007ee0d7b00000,0x00007ee0d7b00000,0x00007ee0da580000)
 ParOldGen       total 699392K, used 0K [0x00007ee09d000000, 0x00007ee0c7b00000, 0x00007ee0c7b00000)
  object space 699392K, 0% used [0x00007ee09d000000,0x00007ee09d000000,0x00007ee0c7b00000)
 Metaspace       used 6721K, committed 6784K, reserved 8192K
}
Event: 3,432 GC heap after
{Heap after GC invocations=1 (full 0):
 PSYoungGen      total 305664K, used 43488K [0x00007ee0c7b00000, 0x00007ee0dd000000, 0x00007ee0dd000000)
  eden space 262144K, 0% used [0x00007ee0c7b00000,0x00007ee0c7b00000,0x00007ee0d7b00000)
  from space 43520K, 99% used [0x00007ee0d7b00000,0x00007ee0da578020,0x00007ee0da580000)
  to   space 43520K, 0% used [0x00007ee0da580000,0x00007ee0da580000,0x00007ee0dd000000)
 ParOldGen       total 699392K, used 115688K [0x00007ee09d000000, 0x00007ee0c7b00000, 0x00007ee0c7b00000)
  object space 699392K, 16% used [0x00007ee09d000000,0x00007ee0a40fa000,0x00007ee0c7b00000)
 Metaspace       used 6721K, committed 6784K, reserved 8192K
}
Event: 3,432 GC heap before
{Heap before GC invocations=2 (full 1):
 PSYoungGen      total 305664K, used 43488K [0x00007ee0c7b00000, 0x00007ee0dd000000, 0x00007ee0dd000000)
  eden space 262144K, 0% used [0x00007ee0c7b00000,0x00007ee0c7b00000,0x00007ee0d7b00000)
  from space 43520K, 99% used [0x00007ee0d7b00000,0x00007ee0da578020,0x00007ee0da580000)
  to   space 43520K, 0% used [0x00007ee0da580000,0x00007ee0da580000,0x00007ee0dd000000)
 ParOldGen       total 699392K, used 115688K [0x00007ee09d000000, 0x00007ee0c7b00000, 0x00007ee0c7b00000)
  object space 699392K, 16% used [0x00007ee09d000000,0x00007ee0a40fa000,0x00007ee0c7b00000)
 Metaspace       used 6721K, committed 6784K, reserved 8192K
}
Event: 6,176 GC heap after
{Heap after GC invocations=2 (full 1):
 PSYoungGen      total 305664K, used 0K [0x00007ee0c7b00000, 0x00007ee0dd000000, 0x00007ee0dd000000)
  eden space 262144K, 0% used [0x00007ee0c7b00000,0x00007ee0c7b00000,0x00007ee0d7b00000)
  from space 43520K, 0% used [0x00007ee0d7b00000,0x00007ee0d7b00000,0x00007ee0da580000)
  to   space 43520K, 0% used [0x00007ee0da580000,0x00007ee0da580000,0x00007ee0dd000000)
 ParOldGen       total 699392K, used 158298K [0x00007ee09d000000, 0x00007ee0c7b00000, 0x00007ee0c7b00000)
  object space 699392K, 22% used [0x00007ee09d000000,0x00007ee0a6a96ab8,0x00007ee0c7b00000)
 Metaspace       used 6721K, committed 6784K, reserved 8192K
}
Event: 6,498 GC heap before
{Heap before GC invocations=3 (full 1):
 PSYoungGen      total 305664K, used 199559K [0x00007ee0c7b00000, 0x00007ee0dd000000, 0x00007ee0dd000000)
  eden space 262144K, 76% used [0x00007ee0c7b00000,0x00007ee0d3de1fd0,0x00007ee0d7b00000)
  from space 43520K, 0% used [0x00007ee0d7b00000,0x00007ee0d7b00000,0x00007ee0da580000)
  to   space 43520K, 0% used [0x00007ee0da580000,0x00007ee0da580000,0x00007ee0dd000000)
 ParOldGen       total 699392K, used 158298K [0x00007ee09d000000, 0x00007ee0c7b00000, 0x00007ee0c7b00000)
  object space 699392K, 22% used [0x00007ee09d000000,0x00007ee0a6a96ab8,0x00007ee0c7b00000)
 Metaspace       used 6721K, committed 6784K, reserved 8192K
}
Event: 8,372 GC heap after
{Heap after GC invocations=3 (full 1):
 PSYoungGen      total 305664K, used 43520K [0x00007ee0c7b00000, 0x00007ee0dd000000, 0x00007ee0dd000000)
  eden space 262144K, 0% used [0x00007ee0c7b00000,0x00007ee0c7b00000,0x00007ee0d7b00000)
  from space 43520K, 100% used [0x00007ee0da580000,0x00007ee0dd000000,0x00007ee0dd000000)
  to   space 43520K, 0% used [0x00007ee0d7b00000,0x00007ee0d7b00000,0x00007ee0da580000)
 ParOldGen       total 699392K, used 310674K [0x00007ee09d000000, 0x00007ee0c7b00000, 0x00007ee0c7b00000)
  object space 699392K, 44% used [0x00007ee09d000000,0x00007ee0aff64ad8,0x00007ee0c7b00000)
 Metaspace       used 6721K, committed 6784K, reserved 8192K
}
Event: 8,373 GC heap before
{Heap before GC invocations=4 (full 2):
 PSYoungGen      total 305664K, used 43520K [0x00007ee0c7b00000, 0x00007ee0dd000000, 0x00007ee0dd000000)
  eden space 262144K, 0% used [0x00007ee0c7b00000,0x00007ee0c7b00000,0x00007ee0d7b00000)
  from space 43520K, 100% used [0x00007ee0da580000,0x00007ee0dd000000,0x00007ee0dd000000)
  to   space 43520K, 0% used [0x00007ee0d7b00000,0x00007ee0d7b00000,0x00007ee0da580000)
 ParOldGen       total 699392K, used 310674K [0x00007ee09d000000, 0x00007ee0c7b00000, 0x00007ee0c7b00000)
  object space 699392K, 44% used [0x00007ee09d000000,0x00007ee0aff64ad8,0x00007ee0c7b00000)
 Metaspace       used 6721K, committed 6784K, reserved 8192K
}
Event: 14,544 GC heap after
{Heap after GC invocations=4 (full 2):
 PSYoungGen      total 305664K, used 0K [0x00007ee0c7b00000, 0x00007ee0dd000000, 0x00007ee0dd000000)
  eden space 262144K, 0% used [0x00007ee0c7b00000,0x00007ee0c7b00000,0x00007ee0d7b00000)
  from space 43520K, 0% used [0x00007ee0da580000,0x00007ee0da580000,0x00007ee0dd000000)
  to   space 43520K, 0% used [0x00007ee0d7b00000,0x00007ee0d7b00000,0x00007ee0da580000)
 ParOldGen       total 699392K, used 221539K [0x00007ee09d000000, 0x00007ee0c7b00000, 0x00007ee0c7b00000)
  object space 699392K, 31% used [0x00007ee09d000000,0x00007ee0aa858f00,0x00007ee0c7b00000)
 Metaspace       used 6721K, committed 6784K, reserved 8192K
}
Event: 14,684 GC heap before
{Heap before GC invocations=5 (full 2):
 PSYoungGen      total 305664K, used 29870K [0x00007ee0c7b00000, 0x00007ee0dd000000, 0x00007ee0dd000000)
  eden space 262144K, 11% used [0x00007ee0c7b00000,0x00007ee0c982b9d8,0x00007ee0d7b00000)
  from space 43520K, 0% used [0x00007ee0da580000,0x00007ee0da580000,0x00007ee0dd000000)
  to   space 43520K, 0% used [0x00007ee0d7b00000,0x00007ee0d7b00000,0x00007ee0da580000)
 ParOldGen       total 699392K, used 221539K [0x00007ee09d000000, 0x00007ee0c7b00000, 0x00007ee0c7b00000)
  object space 699392K, 31% used [0x00007ee09d000000,0x00007ee0aa858f00,0x00007ee0c7b00000)
 Metaspace       used 6721K, committed 6784K, reserved 8192K
}
Event: 14,692 GC heap after
{Heap after GC invocations=5 (full 2):
 PSYoungGen      total 305664K, used 32K [0x00007ee0c7b00000, 0x00007ee0dd000000, 0x00007ee0dd000000)
  eden space 262144K, 0% used [0x00007ee0c7b00000,0x00007ee0c7b00000,0x00007ee0d7b00000)
  from space 43520K, 0% used [0x00007ee0d7b00000,0x00007ee0d7b08000,0x00007ee0da580000)
  to   space 43520K, 0% used [0x00007ee0da580000,0x00007ee0da580000,0x00007ee0dd000000)
 ParOldGen       total 699392K, used 221539K [0x00007ee09d000000, 0x00007ee0c7b00000, 0x00007ee0c7b00000)
  object space 699392K, 31% used [0x00007ee09d000000,0x00007ee0aa858f00,0x00007ee0c7b00000)
 Metaspace       used 6721K, committed 6784K, reserved 8192K
}
Event: 14,692 GC heap before
{Heap before GC invocations=6 (full 3):
 PSYoungGen      total 305664K, used 32K [0x00007ee0c7b00000, 0x00007ee0dd000000, 0x00007ee0dd000000)
  eden space 262144K, 0% used [0x00007ee0c7b00000,0x00007ee0c7b00000,0x00007ee0d7b00000)
  from space 43520K, 0% used [0x00007ee0d7b00000,0x00007ee0d7b08000,0x00007ee0da580000)
  to   space 43520K, 0% used [0x00007ee0da580000,0x00007ee0da580000,0x00007ee0dd000000)
 ParOldGen       total 699392K, used 221539K [0x00007ee09d000000, 0x00007ee0c7b00000, 0x00007ee0c7b00000)
  object space 699392K, 31% used [0x00007ee09d000000,0x00007ee0aa858f00,0x00007ee0c7b00000)
 Metaspace       used 6721K, committed 6784K, reserved 8192K
}
Event: 16,926 GC heap after
{Heap after GC invocations=6 (full 3):
 PSYoungGen      total 305664K, used 0K [0x00007ee0c7b00000, 0x00007ee0dd000000, 0x00007ee0dd000000)
  eden space 262144K, 0% used [0x00007ee0c7b00000,0x00007ee0c7b00000,0x00007ee0d7b00000)
  from space 43520K, 0% used [0x00007ee0d7b00000,0x00007ee0d7b00000,0x00007ee0da580000)
  to   space 43520K, 0% used [0x00007ee0da580000,0x00007ee0da580000,0x00007ee0dd000000)
 ParOldGen       total 699392K, used 323030K [0x00007ee09d000000, 0x00007ee0c7b00000, 0x00007ee0c7b00000)
  object space 699392K, 46% used [0x00007ee09d000000,0x00007ee0b0b75ba8,0x00007ee0c7b00000)
 Metaspace       used 6721K, committed 6784K, reserved 8192K
}
Event: 17,130 GC heap before
{Heap before GC invocations=7 (full 3):
 PSYoungGen      total 305664K, used 149352K [0x00007ee0c7b00000, 0x00007ee0dd000000, 0x00007ee0dd000000)
  eden space 262144K, 56% used [0x00007ee0c7b00000,0x00007ee0d0cda1b0,0x00007ee0d7b00000)
  from space 43520K, 0% used [0x00007ee0d7b00000,0x00007ee0d7b00000,0x00007ee0da580000)
  to   space 43520K, 0% used [0x00007ee0da580000,0x00007ee0da580000,0x00007ee0dd000000)
 ParOldGen       total 699392K, used 323030K [0x00007ee09d000000, 0x00007ee0c7b00000, 0x00007ee0c7b00000)
  object space 699392K, 46% used [0x00007ee09d000000,0x00007ee0b0b75ba8,0x00007ee0c7b00000)
 Metaspace       used 6721K, committed 6784K, reserved 8192K
}
Event: 18,534 GC heap after
{Heap after GC invocations=7 (full 3):
 PSYoungGen      total 305664K, used 43520K [0x00007ee0c7b00000, 0x00007ee0dd000000, 0x00007ee0dd000000)
  eden space 262144K, 0% used [0x00007ee0c7b00000,0x00007ee0c7b00000,0x00007ee0d7b00000)
  from space 43520K, 100% used [0x00007ee0da580000,0x00007ee0dd000000,0x00007ee0dd000000)
  to   space 43520K, 0% used [0x00007ee0d7b00000,0x00007ee0d7b00000,0x00007ee0da580000)
 ParOldGen       total 699392K, used 428774K [0x00007ee09d000000, 0x00007ee0c7b00000, 0x00007ee0c7b00000)
  object space 699392K, 61% used [0x00007ee09d000000,0x00007ee0b72b9ba8,0x00007ee0c7b00000)
 Metaspace       used 6721K, committed 6784K, reserved 8192K
}
Event: 18,535 GC heap before
{Heap before GC invocations=8 (full 4):
 PSYoungGen      total 305664K, used 43520K [0x00007ee0c7b00000, 0x00007ee0dd000000, 0x00007ee0dd000000)
  eden space 262144K, 0% used [0x00007ee0c7b00000,0x00007ee0c7b00000,0x00007ee0d7b00000)
  from space 43520K, 100% used [0x00007ee0da580000,0x00007ee0dd000000,0x00007ee0dd000000)
  to   space 43520K, 0% used [0x00007ee0d7b00000,0x00007ee0d7b00000,0x00007ee0da580000)
 ParOldGen       total 699392K, used 428774K [0x00007ee09d000000, 0x00007ee0c7b00000, 0x00007ee0c7b00000)
  object space 699392K, 61% used [0x00007ee09d000000,0x00007ee0b72b9ba8,0x00007ee0c7b00000)
 Metaspace       used 6721K, committed 6784K, reserved 8192K
}
Event: 26,583 GC heap after
{Heap after GC invocations=8 (full 4):
 PSYoungGen      total 305664K, used 0K [0x00007ee0c7b00000, 0x00007ee0dd000000, 0x00007ee0dd000000)
  eden space 262144K, 0% used [0x00007ee0c7b00000,0x00007ee0c7b00000,0x00007ee0d7b00000)
  from space 43520K, 0% used [0x00007ee0da580000,0x00007ee0da580000,0x00007ee0dd000000)
  to   space 43520K, 0% used [0x00007ee0d7b00000,0x00007ee0d7b00000,0x00007ee0da580000)
 ParOldGen       total 699392K, used 315290K [0x00007ee09d000000, 0x00007ee0c7b00000, 0x00007ee0c7b00000)
  object space 699392K, 45% used [0x00007ee09d000000,0x00007ee0b03e6848,0x00007ee0c7b00000)
 Metaspace       used 6721K, committed 6784K, reserved 8192K
}
Event: 26,964 GC heap before
{Heap before GC invocations=9 (full 4):
 PSYoungGen      total 305664K, used 240872K [0x00007ee0c7b00000, 0x00007ee0dd000000, 0x00007ee0dd000000)
  eden space 262144K, 91% used [0x00007ee0c7b00000,0x00007ee0d663a3b0,0x00007ee0d7b00000)
  from space 43520K, 0% used [0x00007ee0da580000,0x00007ee0da580000,0x00007ee0dd000000)
  to   space 43520K, 0% used [0x00007ee0d7b00000,0x00007ee0d7b00000,0x00007ee0da580000)
 ParOldGen       total 699392K, used 315290K [0x00007ee09d000000, 0x00007ee0c7b00000, 0x00007ee0c7b00000)
  object space 699392K, 45% used [0x00007ee09d000000,0x00007ee0b03e6848,0x00007ee0c7b00000)
 Metaspace       used 6721K, committed 6784K, reserved 8192K
}
Event: 29,333 GC heap after
{Heap after GC invocations=9 (full 4):
 PSYoungGen      total 305664K, used 43520K [0x00007ee0c7b00000, 0x00007ee0dd000000, 0x00007ee0dd000000)
  eden space 262144K, 0% used [0x00007ee0c7b00000,0x00007ee0c7b00000,0x00007ee0d7b00000)
  from space 43520K, 100% used [0x00007ee0d7b00000,0x00007ee0da580000,0x00007ee0da580000)
  to   space 43520K, 0% used [0x00007ee0da580000,0x00007ee0da580000,0x00007ee0dd000000)
 ParOldGen       total 699392K, used 509378K [0x00007ee09d000000, 0x00007ee0c7b00000, 0x00007ee0c7b00000)
  object space 699392K, 72% used [0x00007ee09d000000,0x00007ee0bc170868,0x00007ee0c7b00000)
 Metaspace       used 6721K, committed 6784K, reserved 8192K
}
Event: 29,333 GC heap before
{Heap before GC invocations=10 (full 5):
 PSYoungGen      total 305664K, used 43520K [0x00007ee0c7b00000, 0x00007ee0dd000000, 0x00007ee0dd000000)
  eden space 262144K, 0% used [0x00007ee0c7b00000,0x00007ee0c7b00000,0x00007ee0d7b00000)
  from space 43520K, 100% used [0x00007ee0d7b00000,0x00007ee0da580000,0x00007ee0da580000)
  to   space 43520K, 0% used [0x00007ee0da580000,0x00007ee0da580000,0x00007ee0dd000000)
 ParOldGen       total 699392K, used 509378K [0x00007ee09d000000, 0x00007ee0c7b00000, 0x00007ee0c7b00000)
  object space 699392K, 72% used [0x00007ee09d000000,0x00007ee0bc170868,0x00007ee0c7b00000)
 Metaspace       used 6721K, committed 6784K, reserved 8192K
}
Event: 39,390 GC heap after
{Heap after GC invocations=10 (full 5):
 PSYoungGen      total 305664K, used 0K [0x00007ee0c7b00000, 0x00007ee0dd000000, 0x00007ee0dd000000)
  eden space 262144K, 0% used [0x00007ee0c7b00000,0x00007ee0c7b00000,0x00007ee0d7b00000)
  from space 43520K, 0% used [0x00007ee0d7b00000,0x00007ee0d7b00000,0x00007ee0da580000)
  to   space 43520K, 0% used [0x00007ee0da580000,0x00007ee0da580000,0x00007ee0dd000000)
 ParOldGen       total 699392K, used 703952K [0x00007ee09d000000, 0x00007ee0c7b00000, 0x00007ee0c7b00000)
  object space 699392K, 100% used [0x00007ee09d000000,0x00007ee0c7f74170,0x00007ee0c7b00000)
 Metaspace       used 6721K, committed 6784K, reserved 8192K
}

