# JRE version: OpenJDK Runtime Environment (17.0.6) (fastdebug build 17.0.6-internal+0-adhoc.konstdelis.jdk17u067)
# Java VM: OpenJDK 64-Bit Server VM (fastdebug 17.0.6-internal+0-adhoc.konstdelis.jdk17u067, mixed mode, tiered, parallel gc, linux-amd64)
GC Precious Log:
 CPUs: 32 total, 32 available
 Memory: 251G
 Large Page Support: Disabled
 NUMA Support: Disabled
 Compressed Oops: Disabled
 Alignments: Space 512K, Generation 512K, Heap 2M
 Heap Min Capacity: 3G
 Heap Initial Capacity: 3G
 Heap Max Capacity: 3G
 Pre-touch: Disabled
 Parallel Workers: 8
Heap:
 PSYoungGen      total 917504K, used 786432K [0x00007f50a0c00000, 0x00007f50e0c00000, 0x00007f50e0c00000)
  eden space 786432K, 100% used [0x00007f50a0c00000,0x00007f50d0c00000,0x00007f50d0c00000)
  from space 131072K, 0% used [0x00007f50d0c00000,0x00007f50d0c00000,0x00007f50d8c00000)
  to   space 131072K, 0% used [0x00007f50d8c00000,0x00007f50d8c00000,0x00007f50e0c00000)
 ParOldGen       total 2097152K, used 2090725K [0x00007f5020c00000, 0x00007f50a0c00000, 0x00007f50a0c00000)
  object space 2097152K, 99% used [0x00007f5020c00000,0x00007f50a05b96e8,0x00007f50a0c00000)
 Metaspace       used 7361K, committed 7488K, reserved 8192K
GC Heap History (20 events):
Event: 135,598 GC heap after
{Heap after GC invocations=12 (full 8):
 PSYoungGen      total 917504K, used 593214K [0x00007f50a0c00000, 0x00007f50e0c00000, 0x00007f50e0c00000)
  eden space 786432K, 75% used [0x00007f50a0c00000,0x00007f50c4f4fbd0,0x00007f50d0c00000)
  from space 131072K, 0% used [0x00007f50d8c00000,0x00007f50d8c00000,0x00007f50e0c00000)
  to   space 131072K, 0% used [0x00007f50d0c00000,0x00007f50d0c00000,0x00007f50d8c00000)
 ParOldGen       total 2097152K, used 1835217K [0x00007f5020c00000, 0x00007f50a0c00000, 0x00007f50a0c00000)
  object space 2097152K, 87% used [0x00007f5020c00000,0x00007f5090c347a0,0x00007f50a0c00000)
 Metaspace       used 7361K, committed 7488K, reserved 8192K
}
Event: 135,699 GC heap before
{Heap before GC invocations=13 (full 9):
 PSYoungGen      total 917504K, used 786432K [0x00007f50a0c00000, 0x00007f50e0c00000, 0x00007f50e0c00000)
  eden space 786432K, 100% used [0x00007f50a0c00000,0x00007f50d0c00000,0x00007f50d0c00000)
  from space 131072K, 0% used [0x00007f50d8c00000,0x00007f50d8c00000,0x00007f50e0c00000)
  to   space 131072K, 0% used [0x00007f50d0c00000,0x00007f50d0c00000,0x00007f50d8c00000)
 ParOldGen       total 2097152K, used 1835217K [0x00007f5020c00000, 0x00007f50a0c00000, 0x00007f50a0c00000)
  object space 2097152K, 87% used [0x00007f5020c00000,0x00007f5090c347a0,0x00007f50a0c00000)
 Metaspace       used 7361K, committed 7488K, reserved 8192K
}
Event: 153,312 GC heap after
{Heap after GC invocations=13 (full 9):
 PSYoungGen      total 917504K, used 725531K [0x00007f50a0c00000, 0x00007f50e0c00000, 0x00007f50e0c00000)
  eden space 786432K, 92% used [0x00007f50a0c00000,0x00007f50cd086c28,0x00007f50d0c00000)
  from space 131072K, 0% used [0x00007f50d0c00000,0x00007f50d0c00000,0x00007f50d8c00000)
  to   space 131072K, 0% used [0x00007f50d8c00000,0x00007f50d8c00000,0x00007f50e0c00000)
 ParOldGen       total 2097152K, used 2090305K [0x00007f5020c00000, 0x00007f50a0c00000, 0x00007f50a0c00000)
  object space 2097152K, 99% used [0x00007f5020c00000,0x00007f50a0550598,0x00007f50a0c00000)
 Metaspace       used 7361K, committed 7488K, reserved 8192K
}
Event: 153,344 GC heap before
{Heap before GC invocations=14 (full 10):
 PSYoungGen      total 917504K, used 786432K [0x00007f50a0c00000, 0x00007f50e0c00000, 0x00007f50e0c00000)
  eden space 786432K, 100% used [0x00007f50a0c00000,0x00007f50d0c00000,0x00007f50d0c00000)
  from space 131072K, 0% used [0x00007f50d0c00000,0x00007f50d0c00000,0x00007f50d8c00000)
  to   space 131072K, 0% used [0x00007f50d8c00000,0x00007f50d8c00000,0x00007f50e0c00000)
 ParOldGen       total 2097152K, used 2090305K [0x00007f5020c00000, 0x00007f50a0c00000, 0x00007f50a0c00000)
  object space 2097152K, 99% used [0x00007f5020c00000,0x00007f50a0550598,0x00007f50a0c00000)
 Metaspace       used 7361K, committed 7488K, reserved 8192K
}
Event: 172,615 GC heap after
{Heap after GC invocations=14 (full 10):
 PSYoungGen      total 917504K, used 707437K [0x00007f50a0c00000, 0x00007f50e0c00000, 0x00007f50e0c00000)
  eden space 786432K, 89% used [0x00007f50a0c00000,0x00007f50cbedb420,0x00007f50d0c00000)
  from space 131072K, 0% used [0x00007f50d8c00000,0x00007f50d8c00000,0x00007f50e0c00000)
  to   space 131072K, 0% used [0x00007f50d0c00000,0x00007f50d0c00000,0x00007f50d8c00000)
 ParOldGen       total 2097152K, used 2096230K [0x00007f5020c00000, 0x00007f50a0c00000, 0x00007f50a0c00000)
  object space 2097152K, 99% used [0x00007f5020c00000,0x00007f50a0b19968,0x00007f50a0c00000)
 Metaspace       used 7361K, committed 7488K, reserved 8192K
}
Event: 172,656 GC heap before
{Heap before GC invocations=15 (full 11):
 PSYoungGen      total 917504K, used 786432K [0x00007f50a0c00000, 0x00007f50e0c00000, 0x00007f50e0c00000)
  eden space 786432K, 100% used [0x00007f50a0c00000,0x00007f50d0c00000,0x00007f50d0c00000)
  from space 131072K, 0% used [0x00007f50d8c00000,0x00007f50d8c00000,0x00007f50e0c00000)
  to   space 131072K, 0% used [0x00007f50d0c00000,0x00007f50d0c00000,0x00007f50d8c00000)
 ParOldGen       total 2097152K, used 2096230K [0x00007f5020c00000, 0x00007f50a0c00000, 0x00007f50a0c00000)
  object space 2097152K, 99% used [0x00007f5020c00000,0x00007f50a0b19968,0x00007f50a0c00000)
 Metaspace       used 7361K, committed 7488K, reserved 8192K
}
Event: 191,982 GC heap after
{Heap after GC invocations=15 (full 11):
 PSYoungGen      total 917504K, used 718762K [0x00007f50a0c00000, 0x00007f50e0c00000, 0x00007f50e0c00000)
  eden space 786432K, 91% used [0x00007f50a0c00000,0x00007f50cc9eab88,0x00007f50d0c00000)
  from space 131072K, 0% used [0x00007f50d0c00000,0x00007f50d0c00000,0x00007f50d8c00000)
  to   space 131072K, 0% used [0x00007f50d8c00000,0x00007f50d8c00000,0x00007f50e0c00000)
 ParOldGen       total 2097152K, used 2092865K [0x00007f5020c00000, 0x00007f50a0c00000, 0x00007f50a0c00000)
  object space 2097152K, 99% used [0x00007f5020c00000,0x00007f50a07d0798,0x00007f50a0c00000)
 Metaspace       used 7361K, committed 7488K, reserved 8192K
}
Event: 192,019 GC heap before
{Heap before GC invocations=16 (full 12):
 PSYoungGen      total 917504K, used 786432K [0x00007f50a0c00000, 0x00007f50e0c00000, 0x00007f50e0c00000)
  eden space 786432K, 100% used [0x00007f50a0c00000,0x00007f50d0c00000,0x00007f50d0c00000)
  from space 131072K, 0% used [0x00007f50d0c00000,0x00007f50d0c00000,0x00007f50d8c00000)
  to   space 131072K, 0% used [0x00007f50d8c00000,0x00007f50d8c00000,0x00007f50e0c00000)
 ParOldGen       total 2097152K, used 2092865K [0x00007f5020c00000, 0x00007f50a0c00000, 0x00007f50a0c00000)
  object space 2097152K, 99% used [0x00007f5020c00000,0x00007f50a07d0798,0x00007f50a0c00000)
 Metaspace       used 7361K, committed 7488K, reserved 8192K
}
Event: 208,992 GC heap after
{Heap after GC invocations=16 (full 12):
 PSYoungGen      total 917504K, used 740901K [0x00007f50a0c00000, 0x00007f50e0c00000, 0x00007f50e0c00000)
  eden space 786432K, 94% used [0x00007f50a0c00000,0x00007f50cdf89688,0x00007f50d0c00000)
  from space 131072K, 0% used [0x00007f50d8c00000,0x00007f50d8c00000,0x00007f50e0c00000)
  to   space 131072K, 0% used [0x00007f50d0c00000,0x00007f50d0c00000,0x00007f50d8c00000)
 ParOldGen       total 2097152K, used 1848840K [0x00007f5020c00000, 0x00007f50a0c00000, 0x00007f50a0c00000)
  object space 2097152K, 88% used [0x00007f5020c00000,0x00007f50919822b0,0x00007f50a0c00000)
 Metaspace       used 7361K, committed 7488K, reserved 8192K
}
Event: 209,016 GC heap before
{Heap before GC invocations=17 (full 13):
 PSYoungGen      total 917504K, used 786432K [0x00007f50a0c00000, 0x00007f50e0c00000, 0x00007f50e0c00000)
  eden space 786432K, 100% used [0x00007f50a0c00000,0x00007f50d0c00000,0x00007f50d0c00000)
  from space 131072K, 0% used [0x00007f50d8c00000,0x00007f50d8c00000,0x00007f50e0c00000)
  to   space 131072K, 0% used [0x00007f50d0c00000,0x00007f50d0c00000,0x00007f50d8c00000)
 ParOldGen       total 2097152K, used 1848840K [0x00007f5020c00000, 0x00007f50a0c00000, 0x00007f50a0c00000)
  object space 2097152K, 88% used [0x00007f5020c00000,0x00007f50919822b0,0x00007f50a0c00000)
 Metaspace       used 7361K, committed 7488K, reserved 8192K
}
Event: 226,560 GC heap after
{Heap after GC invocations=17 (full 13):
 PSYoungGen      total 917504K, used 740856K [0x00007f50a0c00000, 0x00007f50e0c00000, 0x00007f50e0c00000)
  eden space 786432K, 94% used [0x00007f50a0c00000,0x00007f50cdf7e0d0,0x00007f50d0c00000)
  from space 131072K, 0% used [0x00007f50d0c00000,0x00007f50d0c00000,0x00007f50d8c00000)
  to   space 131072K, 0% used [0x00007f50d8c00000,0x00007f50d8c00000,0x00007f50e0c00000)
 ParOldGen       total 2097152K, used 2094545K [0x00007f5020c00000, 0x00007f50a0c00000, 0x00007f50a0c00000)
  object space 2097152K, 99% used [0x00007f5020c00000,0x00007f50a0974468,0x00007f50a0c00000)
 Metaspace       used 7361K, committed 7488K, reserved 8192K
}
Event: 226,584 GC heap before
{Heap before GC invocations=18 (full 14):
 PSYoungGen      total 917504K, used 786432K [0x00007f50a0c00000, 0x00007f50e0c00000, 0x00007f50e0c00000)
  eden space 786432K, 100% used [0x00007f50a0c00000,0x00007f50d0c00000,0x00007f50d0c00000)
  from space 131072K, 0% used [0x00007f50d0c00000,0x00007f50d0c00000,0x00007f50d8c00000)
  to   space 131072K, 0% used [0x00007f50d8c00000,0x00007f50d8c00000,0x00007f50e0c00000)
 ParOldGen       total 2097152K, used 2094545K [0x00007f5020c00000, 0x00007f50a0c00000, 0x00007f50a0c00000)
  object space 2097152K, 99% used [0x00007f5020c00000,0x00007f50a0974468,0x00007f50a0c00000)
 Metaspace       used 7361K, committed 7488K, reserved 8192K
}
Event: 243,728 GC heap after
{Heap after GC invocations=18 (full 14):
 PSYoungGen      total 917504K, used 758023K [0x00007f50a0c00000, 0x00007f50e0c00000, 0x00007f50e0c00000)
  eden space 786432K, 96% used [0x00007f50a0c00000,0x00007f50cf041f88,0x00007f50d0c00000)
  from space 131072K, 0% used [0x00007f50d8c00000,0x00007f50d8c00000,0x00007f50e0c00000)
  to   space 131072K, 0% used [0x00007f50d0c00000,0x00007f50d0c00000,0x00007f50d8c00000)
 ParOldGen       total 2097152K, used 1836155K [0x00007f5020c00000, 0x00007f50a0c00000, 0x00007f50a0c00000)
  object space 2097152K, 87% used [0x00007f5020c00000,0x00007f5090d1ec20,0x00007f50a0c00000)
 Metaspace       used 7361K, committed 7488K, reserved 8192K
}
Event: 243,744 GC heap before
{Heap before GC invocations=19 (full 15):
 PSYoungGen      total 917504K, used 786432K [0x00007f50a0c00000, 0x00007f50e0c00000, 0x00007f50e0c00000)
  eden space 786432K, 100% used [0x00007f50a0c00000,0x00007f50d0c00000,0x00007f50d0c00000)
  from space 131072K, 0% used [0x00007f50d8c00000,0x00007f50d8c00000,0x00007f50e0c00000)
  to   space 131072K, 0% used [0x00007f50d0c00000,0x00007f50d0c00000,0x00007f50d8c00000)
 ParOldGen       total 2097152K, used 1836155K [0x00007f5020c00000, 0x00007f50a0c00000, 0x00007f50a0c00000)
  object space 2097152K, 87% used [0x00007f5020c00000,0x00007f5090d1ec20,0x00007f50a0c00000)
 Metaspace       used 7361K, committed 7488K, reserved 8192K
}
Event: 260,966 GC heap after
{Heap after GC invocations=19 (full 15):
 PSYoungGen      total 917504K, used 761674K [0x00007f50a0c00000, 0x00007f50e0c00000, 0x00007f50e0c00000)
  eden space 786432K, 96% used [0x00007f50a0c00000,0x00007f50cf3d2808,0x00007f50d0c00000)
  from space 131072K, 0% used [0x00007f50d0c00000,0x00007f50d0c00000,0x00007f50d8c00000)
  to   space 131072K, 0% used [0x00007f50d8c00000,0x00007f50d8c00000,0x00007f50e0c00000)
 ParOldGen       total 2097152K, used 2093117K [0x00007f5020c00000, 0x00007f50a0c00000, 0x00007f50a0c00000)
  object space 2097152K, 99% used [0x00007f5020c00000,0x00007f50a080f480,0x00007f50a0c00000)
 Metaspace       used 7361K, committed 7488K, reserved 8192K
}
Event: 260,979 GC heap before
{Heap before GC invocations=20 (full 16):
 PSYoungGen      total 917504K, used 786432K [0x00007f50a0c00000, 0x00007f50e0c00000, 0x00007f50e0c00000)
  eden space 786432K, 100% used [0x00007f50a0c00000,0x00007f50d0c00000,0x00007f50d0c00000)
  from space 131072K, 0% used [0x00007f50d0c00000,0x00007f50d0c00000,0x00007f50d8c00000)
  to   space 131072K, 0% used [0x00007f50d8c00000,0x00007f50d8c00000,0x00007f50e0c00000)
 ParOldGen       total 2097152K, used 2093117K [0x00007f5020c00000, 0x00007f50a0c00000, 0x00007f50a0c00000)
  object space 2097152K, 99% used [0x00007f5020c00000,0x00007f50a080f480,0x00007f50a0c00000)
 Metaspace       used 7361K, committed 7488K, reserved 8192K
}
Event: 280,324 GC heap after
{Heap after GC invocations=20 (full 16):
 PSYoungGen      total 917504K, used 773899K [0x00007f50a0c00000, 0x00007f50e0c00000, 0x00007f50e0c00000)
  eden space 786432K, 98% used [0x00007f50a0c00000,0x00007f50cffc2fb0,0x00007f50d0c00000)
  from space 131072K, 0% used [0x00007f50d8c00000,0x00007f50d8c00000,0x00007f50e0c00000)
  to   space 131072K, 0% used [0x00007f50d0c00000,0x00007f50d0c00000,0x00007f50d8c00000)
 ParOldGen       total 2097152K, used 2092952K [0x00007f5020c00000, 0x00007f50a0c00000, 0x00007f50a0c00000)
  object space 2097152K, 99% used [0x00007f5020c00000,0x00007f50a07e6188,0x00007f50a0c00000)
 Metaspace       used 7361K, committed 7488K, reserved 8192K
}
Event: 280,331 GC heap before
{Heap before GC invocations=21 (full 17):
 PSYoungGen      total 917504K, used 786432K [0x00007f50a0c00000, 0x00007f50e0c00000, 0x00007f50e0c00000)
  eden space 786432K, 100% used [0x00007f50a0c00000,0x00007f50d0c00000,0x00007f50d0c00000)
  from space 131072K, 0% used [0x00007f50d8c00000,0x00007f50d8c00000,0x00007f50e0c00000)
  to   space 131072K, 0% used [0x00007f50d0c00000,0x00007f50d0c00000,0x00007f50d8c00000)
 ParOldGen       total 2097152K, used 2092952K [0x00007f5020c00000, 0x00007f50a0c00000, 0x00007f50a0c00000)
  object space 2097152K, 99% used [0x00007f5020c00000,0x00007f50a07e6188,0x00007f50a0c00000)
 Metaspace       used 7361K, committed 7488K, reserved 8192K
}
Event: 298,572 GC heap after
{Heap after GC invocations=21 (full 17):
 PSYoungGen      total 917504K, used 774985K [0x00007f50a0c00000, 0x00007f50e0c00000, 0x00007f50e0c00000)
  eden space 786432K, 98% used [0x00007f50a0c00000,0x00007f50d00d2688,0x00007f50d0c00000)
  from space 131072K, 0% used [0x00007f50d0c00000,0x00007f50d0c00000,0x00007f50d8c00000)
  to   space 131072K, 0% used [0x00007f50d8c00000,0x00007f50d8c00000,0x00007f50e0c00000)
 ParOldGen       total 2097152K, used 2090725K [0x00007f5020c00000, 0x00007f50a0c00000, 0x00007f50a0c00000)
  object space 2097152K, 99% used [0x00007f5020c00000,0x00007f50a05b96e8,0x00007f50a0c00000)
 Metaspace       used 7361K, committed 7488K, reserved 8192K
}
Event: 298,578 GC heap before
{Heap before GC invocations=22 (full 18):
 PSYoungGen      total 917504K, used 786432K [0x00007f50a0c00000, 0x00007f50e0c00000, 0x00007f50e0c00000)
  eden space 786432K, 100% used [0x00007f50a0c00000,0x00007f50d0c00000,0x00007f50d0c00000)
  from space 131072K, 0% used [0x00007f50d0c00000,0x00007f50d0c00000,0x00007f50d8c00000)
  to   space 131072K, 0% used [0x00007f50d8c00000,0x00007f50d8c00000,0x00007f50e0c00000)
 ParOldGen       total 2097152K, used 2090725K [0x00007f5020c00000, 0x00007f50a0c00000, 0x00007f50a0c00000)
  object space 2097152K, 99% used [0x00007f5020c00000,0x00007f50a05b96e8,0x00007f50a0c00000)
 Metaspace       used 7361K, committed 7488K, reserved 8192K
}

