# JRE version: OpenJDK Runtime Environment (17.0.6) (fastdebug build 17.0.6-internal+0-adhoc.konstdelis.jdk17u067)
# Java VM: OpenJDK 64-Bit Server VM (fastdebug 17.0.6-internal+0-adhoc.konstdelis.jdk17u067, mixed mode, tiered, parallel gc, linux-amd64)
GC Precious Log:
 CPUs: 32 total, 32 available
 Memory: 251G
 Large Page Support: Disabled
 NUMA Support: Disabled
 Compressed Oops: Disabled
 Alignments: Space 512K, Generation 512K, Heap 2M
 Heap Min Capacity: 3G
 Heap Initial Capacity: 3G
 Heap Max Capacity: 3G
 Pre-touch: Disabled
 Parallel Workers: 4
Heap:
 PSYoungGen      total 917504K, used 161439K [0x00007f27e4800000, 0x00007f2824800000, 0x00007f2824800000)
  eden space 786432K, 20% used [0x00007f27e4800000,0x00007f27ee5a7e18,0x00007f2814800000)
  from space 131072K, 0% used [0x00007f281c800000,0x00007f281c800000,0x00007f2824800000)
  to   space 131072K, 99% used [0x00007f2814800000,0x00007f281c72d808,0x00007f281c800000)
 ParOldGen       total 2097152K, used 280426K [0x00007f2764800000, 0x00007f27e4800000, 0x00007f27e4800000)
  object space 2097152K, 13% used [0x00007f2764800000,0x00007f27759da830,0x00007f27e4800000)
 Metaspace       used 7420K, committed 7488K, reserved 8192K
GC Heap History (17 events):
Event: 2,786 GC heap before
{Heap before GC invocations=1 (full 0):
 PSYoungGen      total 917504K, used 383098K [0x00007f27e4800000, 0x00007f2824800000, 0x00007f2824800000)
  eden space 786432K, 48% used [0x00007f27e4800000,0x00007f27fbe1eb40,0x00007f2814800000)
  from space 131072K, 0% used [0x00007f281c800000,0x00007f281c800000,0x00007f2824800000)
  to   space 131072K, 0% used [0x00007f2814800000,0x00007f2814800000,0x00007f281c800000)
 ParOldGen       total 2097152K, used 0K [0x00007f2764800000, 0x00007f27e4800000, 0x00007f27e4800000)
  object space 2097152K, 0% used [0x00007f2764800000,0x00007f2764800000,0x00007f27e4800000)
 Metaspace       used 7415K, committed 7488K, reserved 8192K
}
Event: 3,228 GC heap after
{Heap after GC invocations=1 (full 0):
 PSYoungGen      total 917504K, used 131040K [0x00007f27e4800000, 0x00007f2824800000, 0x00007f2824800000)
  eden space 786432K, 0% used [0x00007f27e4800000,0x00007f27e4800000,0x00007f2814800000)
  from space 131072K, 99% used [0x00007f2814800000,0x00007f281c7f8050,0x00007f281c800000)
  to   space 131072K, 0% used [0x00007f281c800000,0x00007f281c800000,0x00007f2824800000)
 ParOldGen       total 2097152K, used 93312K [0x00007f2764800000, 0x00007f27e4800000, 0x00007f27e4800000)
  object space 2097152K, 4% used [0x00007f2764800000,0x00007f276a320000,0x00007f27e4800000)
 Metaspace       used 7415K, committed 7488K, reserved 8192K
}
Event: 3,228 GC heap before
{Heap before GC invocations=2 (full 1):
 PSYoungGen      total 917504K, used 131040K [0x00007f27e4800000, 0x00007f2824800000, 0x00007f2824800000)
  eden space 786432K, 0% used [0x00007f27e4800000,0x00007f27e4800000,0x00007f2814800000)
  from space 131072K, 99% used [0x00007f2814800000,0x00007f281c7f8050,0x00007f281c800000)
  to   space 131072K, 0% used [0x00007f281c800000,0x00007f281c800000,0x00007f2824800000)
 ParOldGen       total 2097152K, used 93312K [0x00007f2764800000, 0x00007f27e4800000, 0x00007f27e4800000)
  object space 2097152K, 4% used [0x00007f2764800000,0x00007f276a320000,0x00007f27e4800000)
 Metaspace       used 7415K, committed 7488K, reserved 8192K
}
Event: 4,743 GC heap after
{Heap after GC invocations=2 (full 1):
 PSYoungGen      total 917504K, used 0K [0x00007f27e4800000, 0x00007f2824800000, 0x00007f2824800000)
  eden space 786432K, 0% used [0x00007f27e4800000,0x00007f27e4800000,0x00007f2814800000)
  from space 131072K, 0% used [0x00007f2814800000,0x00007f2814800000,0x00007f281c800000)
  to   space 131072K, 0% used [0x00007f281c800000,0x00007f281c800000,0x00007f2824800000)
 ParOldGen       total 2097152K, used 173369K [0x00007f2764800000, 0x00007f27e4800000, 0x00007f27e4800000)
  object space 2097152K, 8% used [0x00007f2764800000,0x00007f276f14e7a0,0x00007f27e4800000)
 Metaspace       used 7415K, committed 7488K, reserved 8192K
}
Event: 4,775 GC heap before
{Heap before GC invocations=3 (full 1):
 PSYoungGen      total 917504K, used 15728K [0x00007f27e4800000, 0x00007f2824800000, 0x00007f2824800000)
  eden space 786432K, 2% used [0x00007f27e4800000,0x00007f27e575c2c8,0x00007f2814800000)
  from space 131072K, 0% used [0x00007f2814800000,0x00007f2814800000,0x00007f281c800000)
  to   space 131072K, 0% used [0x00007f281c800000,0x00007f281c800000,0x00007f2824800000)
 ParOldGen       total 2097152K, used 173369K [0x00007f2764800000, 0x00007f27e4800000, 0x00007f27e4800000)
  object space 2097152K, 8% used [0x00007f2764800000,0x00007f276f14e7a0,0x00007f27e4800000)
 Metaspace       used 7420K, committed 7488K, reserved 8192K
}
Event: 4,807 GC heap after
{Heap after GC invocations=3 (full 1):
 PSYoungGen      total 917504K, used 0K [0x00007f27e4800000, 0x00007f2824800000, 0x00007f2824800000)
  eden space 786432K, 0% used [0x00007f27e4800000,0x00007f27e4800000,0x00007f2814800000)
  from space 131072K, 0% used [0x00007f281c800000,0x00007f281c800000,0x00007f2824800000)
  to   space 131072K, 0% used [0x00007f2814800000,0x00007f2814800000,0x00007f281c800000)
 ParOldGen       total 2097152K, used 173369K [0x00007f2764800000, 0x00007f27e4800000, 0x00007f27e4800000)
  object space 2097152K, 8% used [0x00007f2764800000,0x00007f276f14e7a0,0x00007f27e4800000)
 Metaspace       used 7420K, committed 7488K, reserved 8192K
}
Event: 4,807 GC heap before
{Heap before GC invocations=4 (full 2):
 PSYoungGen      total 917504K, used 0K [0x00007f27e4800000, 0x00007f2824800000, 0x00007f2824800000)
  eden space 786432K, 0% used [0x00007f27e4800000,0x00007f27e4800000,0x00007f2814800000)
  from space 131072K, 0% used [0x00007f281c800000,0x00007f281c800000,0x00007f2824800000)
  to   space 131072K, 0% used [0x00007f2814800000,0x00007f2814800000,0x00007f281c800000)
 ParOldGen       total 2097152K, used 173369K [0x00007f2764800000, 0x00007f27e4800000, 0x00007f27e4800000)
  object space 2097152K, 8% used [0x00007f2764800000,0x00007f276f14e7a0,0x00007f27e4800000)
 Metaspace       used 7420K, committed 7488K, reserved 8192K
}
Event: 5,980 GC heap after
{Heap after GC invocations=4 (full 2):
 PSYoungGen      total 917504K, used 0K [0x00007f27e4800000, 0x00007f2824800000, 0x00007f2824800000)
  eden space 786432K, 0% used [0x00007f27e4800000,0x00007f27e4800000,0x00007f2814800000)
  from space 131072K, 0% used [0x00007f281c800000,0x00007f281c800000,0x00007f2824800000)
  to   space 131072K, 0% used [0x00007f2814800000,0x00007f2814800000,0x00007f281c800000)
 ParOldGen       total 2097152K, used 223508K [0x00007f2764800000, 0x00007f27e4800000, 0x00007f27e4800000)
  object space 2097152K, 10% used [0x00007f2764800000,0x00007f2772245338,0x00007f27e4800000)
 Metaspace       used 7420K, committed 7488K, reserved 8192K
}
Event: 5,993 GC heap before
{Heap before GC invocations=5 (full 2):
 PSYoungGen      total 917504K, used 15728K [0x00007f27e4800000, 0x00007f2824800000, 0x00007f2824800000)
  eden space 786432K, 2% used [0x00007f27e4800000,0x00007f27e575c2c8,0x00007f2814800000)
  from space 131072K, 0% used [0x00007f281c800000,0x00007f281c800000,0x00007f2824800000)
  to   space 131072K, 0% used [0x00007f2814800000,0x00007f2814800000,0x00007f281c800000)
 ParOldGen       total 2097152K, used 223508K [0x00007f2764800000, 0x00007f27e4800000, 0x00007f27e4800000)
  object space 2097152K, 10% used [0x00007f2764800000,0x00007f2772245338,0x00007f27e4800000)
 Metaspace       used 7420K, committed 7488K, reserved 8192K
}
Event: 5,997 GC heap after
{Heap after GC invocations=5 (full 2):
 PSYoungGen      total 917504K, used 0K [0x00007f27e4800000, 0x00007f2824800000, 0x00007f2824800000)
  eden space 786432K, 0% used [0x00007f27e4800000,0x00007f27e4800000,0x00007f2814800000)
  from space 131072K, 0% used [0x00007f2814800000,0x00007f2814800000,0x00007f281c800000)
  to   space 131072K, 0% used [0x00007f281c800000,0x00007f281c800000,0x00007f2824800000)
 ParOldGen       total 2097152K, used 223508K [0x00007f2764800000, 0x00007f27e4800000, 0x00007f27e4800000)
  object space 2097152K, 10% used [0x00007f2764800000,0x00007f2772245338,0x00007f27e4800000)
 Metaspace       used 7420K, committed 7488K, reserved 8192K
}
Event: 5,997 GC heap before
{Heap before GC invocations=6 (full 3):
 PSYoungGen      total 917504K, used 0K [0x00007f27e4800000, 0x00007f2824800000, 0x00007f2824800000)
  eden space 786432K, 0% used [0x00007f27e4800000,0x00007f27e4800000,0x00007f2814800000)
  from space 131072K, 0% used [0x00007f2814800000,0x00007f2814800000,0x00007f281c800000)
  to   space 131072K, 0% used [0x00007f281c800000,0x00007f281c800000,0x00007f2824800000)
 ParOldGen       total 2097152K, used 223508K [0x00007f2764800000, 0x00007f27e4800000, 0x00007f27e4800000)
  object space 2097152K, 10% used [0x00007f2764800000,0x00007f2772245338,0x00007f27e4800000)
 Metaspace       used 7420K, committed 7488K, reserved 8192K
}
Event: 8,196 GC heap after
{Heap after GC invocations=6 (full 3):
 PSYoungGen      total 917504K, used 0K [0x00007f27e4800000, 0x00007f2824800000, 0x00007f2824800000)
  eden space 786432K, 0% used [0x00007f27e4800000,0x00007f27e4800000,0x00007f2814800000)
  from space 131072K, 0% used [0x00007f2814800000,0x00007f2814800000,0x00007f281c800000)
  to   space 131072K, 0% used [0x00007f281c800000,0x00007f281c800000,0x00007f2824800000)
 ParOldGen       total 2097152K, used 273652K [0x00007f2764800000, 0x00007f27e4800000, 0x00007f27e4800000)
  object space 2097152K, 13% used [0x00007f2764800000,0x00007f277533d350,0x00007f27e4800000)
 Metaspace       used 7420K, committed 7488K, reserved 8192K
}
Event: 8,205 GC heap before
{Heap before GC invocations=7 (full 3):
 PSYoungGen      total 917504K, used 15728K [0x00007f27e4800000, 0x00007f2824800000, 0x00007f2824800000)
  eden space 786432K, 2% used [0x00007f27e4800000,0x00007f27e575c2c8,0x00007f2814800000)
  from space 131072K, 0% used [0x00007f2814800000,0x00007f2814800000,0x00007f281c800000)
  to   space 131072K, 0% used [0x00007f281c800000,0x00007f281c800000,0x00007f2824800000)
 ParOldGen       total 2097152K, used 273652K [0x00007f2764800000, 0x00007f27e4800000, 0x00007f27e4800000)
  object space 2097152K, 13% used [0x00007f2764800000,0x00007f277533d350,0x00007f27e4800000)
 Metaspace       used 7420K, committed 7488K, reserved 8192K
}
Event: 8,209 GC heap after
{Heap after GC invocations=7 (full 3):
 PSYoungGen      total 917504K, used 0K [0x00007f27e4800000, 0x00007f2824800000, 0x00007f2824800000)
  eden space 786432K, 0% used [0x00007f27e4800000,0x00007f27e4800000,0x00007f2814800000)
  from space 131072K, 0% used [0x00007f281c800000,0x00007f281c800000,0x00007f2824800000)
  to   space 131072K, 0% used [0x00007f2814800000,0x00007f2814800000,0x00007f281c800000)
 ParOldGen       total 2097152K, used 273652K [0x00007f2764800000, 0x00007f27e4800000, 0x00007f27e4800000)
  object space 2097152K, 13% used [0x00007f2764800000,0x00007f277533d350,0x00007f27e4800000)
 Metaspace       used 7420K, committed 7488K, reserved 8192K
}
Event: 8,209 GC heap before
{Heap before GC invocations=8 (full 4):
 PSYoungGen      total 917504K, used 0K [0x00007f27e4800000, 0x00007f2824800000, 0x00007f2824800000)
  eden space 786432K, 0% used [0x00007f27e4800000,0x00007f27e4800000,0x00007f2814800000)
  from space 131072K, 0% used [0x00007f281c800000,0x00007f281c800000,0x00007f2824800000)
  to   space 131072K, 0% used [0x00007f2814800000,0x00007f2814800000,0x00007f281c800000)
 ParOldGen       total 2097152K, used 273652K [0x00007f2764800000, 0x00007f27e4800000, 0x00007f27e4800000)
  object space 2097152K, 13% used [0x00007f2764800000,0x00007f277533d350,0x00007f27e4800000)
 Metaspace       used 7420K, committed 7488K, reserved 8192K
}
Event: 9,044 GC heap after
{Heap after GC invocations=8 (full 4):
 PSYoungGen      total 917504K, used 0K [0x00007f27e4800000, 0x00007f2824800000, 0x00007f2824800000)
  eden space 786432K, 0% used [0x00007f27e4800000,0x00007f27e4800000,0x00007f2814800000)
  from space 131072K, 0% used [0x00007f281c800000,0x00007f281c800000,0x00007f2824800000)
  to   space 131072K, 0% used [0x00007f2814800000,0x00007f2814800000,0x00007f281c800000)
 ParOldGen       total 2097152K, used 280418K [0x00007f2764800000, 0x00007f27e4800000, 0x00007f27e4800000)
  object space 2097152K, 13% used [0x00007f2764800000,0x00007f27759d8830,0x00007f27e4800000)
 Metaspace       used 7420K, committed 7488K, reserved 8192K
}
Event: 9,155 GC heap before
{Heap before GC invocations=9 (full 4):
 PSYoungGen      total 917504K, used 161439K [0x00007f27e4800000, 0x00007f2824800000, 0x00007f2824800000)
  eden space 786432K, 20% used [0x00007f27e4800000,0x00007f27ee5a7e18,0x00007f2814800000)
  from space 131072K, 0% used [0x00007f281c800000,0x00007f281c800000,0x00007f2824800000)
  to   space 131072K, 0% used [0x00007f2814800000,0x00007f2814800000,0x00007f281c800000)
 ParOldGen       total 2097152K, used 280418K [0x00007f2764800000, 0x00007f27e4800000, 0x00007f27e4800000)
  object space 2097152K, 13% used [0x00007f2764800000,0x00007f27759d8830,0x00007f27e4800000)
 Metaspace       used 7420K, committed 7488K, reserved 8192K
}

