# JRE version: OpenJDK Runtime Environment (17.0.6) (fastdebug build 17.0.6-internal+0-adhoc.konstdelis.jdk17u067)
# Java VM: OpenJDK 64-Bit Server VM (fastdebug 17.0.6-internal+0-adhoc.konstdelis.jdk17u067, mixed mode, tiered, parallel gc, linux-amd64)
GC Precious Log:
 CPUs: 32 total, 32 available
 Memory: 251G
 Large Page Support: Disabled
 NUMA Support: Disabled
 Compressed Oops: Disabled
 Alignments: Space 512K, Generation 512K, Heap 2M
 Heap Min Capacity: 3G
 Heap Initial Capacity: 3G
 Heap Max Capacity: 3G
 Pre-touch: Disabled
 Parallel Workers: 8
Heap:
 PSYoungGen      total 917504K, used 0K [0x00007e8ef1000000, 0x00007e8f31000000, 0x00007e8f31000000)
  eden space 786432K, 0% used [0x00007e8ef1000000,0x00007e8ef1000000,0x00007e8f21000000)
  from space 131072K, 0% used [0x00007e8f29000000,0x00007e8f29000000,0x00007e8f31000000)
  to   space 131072K, 0% used [0x00007e8f21000000,0x00007e8f21000000,0x00007e8f29000000)
 ParOldGen       total 2097152K, used 136929K [0x00007e8e71000000, 0x00007e8ef1000000, 0x00007e8ef1000000)
  object space 2097152K, 6% used [0x00007e8e71000000,0x00007e8e795b87f8,0x00007e8ef1000000)
 Metaspace       used 7422K, committed 7488K, reserved 8192K
GC Heap History (15 events):
Event: 2,973 GC heap before
{Heap before GC invocations=1 (full 0):
 PSYoungGen      total 917504K, used 373160K [0x00007e8ef1000000, 0x00007e8f31000000, 0x00007e8f31000000)
  eden space 786432K, 47% used [0x00007e8ef1000000,0x00007e8f07c6a218,0x00007e8f21000000)
  from space 131072K, 0% used [0x00007e8f29000000,0x00007e8f29000000,0x00007e8f31000000)
  to   space 131072K, 0% used [0x00007e8f21000000,0x00007e8f21000000,0x00007e8f29000000)
 ParOldGen       total 2097152K, used 0K [0x00007e8e71000000, 0x00007e8ef1000000, 0x00007e8ef1000000)
  object space 2097152K, 0% used [0x00007e8e71000000,0x00007e8e71000000,0x00007e8ef1000000)
 Metaspace       used 7422K, committed 7488K, reserved 8192K
}
Event: 3,228 GC heap after
{Heap after GC invocations=1 (full 0):
 PSYoungGen      total 917504K, used 131056K [0x00007e8ef1000000, 0x00007e8f31000000, 0x00007e8f31000000)
  eden space 786432K, 0% used [0x00007e8ef1000000,0x00007e8ef1000000,0x00007e8f21000000)
  from space 131072K, 99% used [0x00007e8f21000000,0x00007e8f28ffc070,0x00007e8f29000000)
  to   space 131072K, 0% used [0x00007e8f29000000,0x00007e8f29000000,0x00007e8f31000000)
 ParOldGen       total 2097152K, used 93328K [0x00007e8e71000000, 0x00007e8ef1000000, 0x00007e8ef1000000)
  object space 2097152K, 4% used [0x00007e8e71000000,0x00007e8e76b24000,0x00007e8ef1000000)
 Metaspace       used 7422K, committed 7488K, reserved 8192K
}
Event: 3,229 GC heap before
{Heap before GC invocations=2 (full 1):
 PSYoungGen      total 917504K, used 131056K [0x00007e8ef1000000, 0x00007e8f31000000, 0x00007e8f31000000)
  eden space 786432K, 0% used [0x00007e8ef1000000,0x00007e8ef1000000,0x00007e8f21000000)
  from space 131072K, 99% used [0x00007e8f21000000,0x00007e8f28ffc070,0x00007e8f29000000)
  to   space 131072K, 0% used [0x00007e8f29000000,0x00007e8f29000000,0x00007e8f31000000)
 ParOldGen       total 2097152K, used 93328K [0x00007e8e71000000, 0x00007e8ef1000000, 0x00007e8ef1000000)
  object space 2097152K, 4% used [0x00007e8e71000000,0x00007e8e76b24000,0x00007e8ef1000000)
 Metaspace       used 7422K, committed 7488K, reserved 8192K
}
Event: 4,139 GC heap after
{Heap after GC invocations=2 (full 1):
 PSYoungGen      total 917504K, used 0K [0x00007e8ef1000000, 0x00007e8f31000000, 0x00007e8f31000000)
  eden space 786432K, 0% used [0x00007e8ef1000000,0x00007e8ef1000000,0x00007e8f21000000)
  from space 131072K, 0% used [0x00007e8f21000000,0x00007e8f21000000,0x00007e8f29000000)
  to   space 131072K, 0% used [0x00007e8f29000000,0x00007e8f29000000,0x00007e8f31000000)
 ParOldGen       total 2097152K, used 223512K [0x00007e8e71000000, 0x00007e8ef1000000, 0x00007e8ef1000000)
  object space 2097152K, 10% used [0x00007e8e71000000,0x00007e8e7ea462b8,0x00007e8ef1000000)
 Metaspace       used 7422K, committed 7488K, reserved 8192K
}
Event: 4,152 GC heap before
{Heap before GC invocations=3 (full 1):
 PSYoungGen      total 917504K, used 15728K [0x00007e8ef1000000, 0x00007e8f31000000, 0x00007e8f31000000)
  eden space 786432K, 2% used [0x00007e8ef1000000,0x00007e8ef1f5c2c8,0x00007e8f21000000)
  from space 131072K, 0% used [0x00007e8f21000000,0x00007e8f21000000,0x00007e8f29000000)
  to   space 131072K, 0% used [0x00007e8f29000000,0x00007e8f29000000,0x00007e8f31000000)
 ParOldGen       total 2097152K, used 223512K [0x00007e8e71000000, 0x00007e8ef1000000, 0x00007e8ef1000000)
  object space 2097152K, 10% used [0x00007e8e71000000,0x00007e8e7ea462b8,0x00007e8ef1000000)
 Metaspace       used 7422K, committed 7488K, reserved 8192K
}
Event: 4,184 GC heap after
{Heap after GC invocations=3 (full 1):
 PSYoungGen      total 917504K, used 0K [0x00007e8ef1000000, 0x00007e8f31000000, 0x00007e8f31000000)
  eden space 786432K, 0% used [0x00007e8ef1000000,0x00007e8ef1000000,0x00007e8f21000000)
  from space 131072K, 0% used [0x00007e8f29000000,0x00007e8f29000000,0x00007e8f31000000)
  to   space 131072K, 0% used [0x00007e8f21000000,0x00007e8f21000000,0x00007e8f29000000)
 ParOldGen       total 2097152K, used 223512K [0x00007e8e71000000, 0x00007e8ef1000000, 0x00007e8ef1000000)
  object space 2097152K, 10% used [0x00007e8e71000000,0x00007e8e7ea462b8,0x00007e8ef1000000)
 Metaspace       used 7422K, committed 7488K, reserved 8192K
}
Event: 4,185 GC heap before
{Heap before GC invocations=4 (full 2):
 PSYoungGen      total 917504K, used 0K [0x00007e8ef1000000, 0x00007e8f31000000, 0x00007e8f31000000)
  eden space 786432K, 0% used [0x00007e8ef1000000,0x00007e8ef1000000,0x00007e8f21000000)
  from space 131072K, 0% used [0x00007e8f29000000,0x00007e8f29000000,0x00007e8f31000000)
  to   space 131072K, 0% used [0x00007e8f21000000,0x00007e8f21000000,0x00007e8f29000000)
 ParOldGen       total 2097152K, used 223512K [0x00007e8e71000000, 0x00007e8ef1000000, 0x00007e8ef1000000)
  object space 2097152K, 10% used [0x00007e8e71000000,0x00007e8e7ea462b8,0x00007e8ef1000000)
 Metaspace       used 7422K, committed 7488K, reserved 8192K
}
Event: 5,387 GC heap after
{Heap after GC invocations=4 (full 2):
 PSYoungGen      total 917504K, used 0K [0x00007e8ef1000000, 0x00007e8f31000000, 0x00007e8f31000000)
  eden space 786432K, 0% used [0x00007e8ef1000000,0x00007e8ef1000000,0x00007e8f21000000)
  from space 131072K, 0% used [0x00007e8f29000000,0x00007e8f29000000,0x00007e8f31000000)
  to   space 131072K, 0% used [0x00007e8f21000000,0x00007e8f21000000,0x00007e8f29000000)
 ParOldGen       total 2097152K, used 168641K [0x00007e8e71000000, 0x00007e8ef1000000, 0x00007e8ef1000000)
  object space 2097152K, 8% used [0x00007e8e71000000,0x00007e8e7b4b0668,0x00007e8ef1000000)
 Metaspace       used 7422K, committed 7488K, reserved 8192K
}
Event: 5,398 GC heap before
{Heap before GC invocations=5 (full 2):
 PSYoungGen      total 917504K, used 15728K [0x00007e8ef1000000, 0x00007e8f31000000, 0x00007e8f31000000)
  eden space 786432K, 2% used [0x00007e8ef1000000,0x00007e8ef1f5c2c8,0x00007e8f21000000)
  from space 131072K, 0% used [0x00007e8f29000000,0x00007e8f29000000,0x00007e8f31000000)
  to   space 131072K, 0% used [0x00007e8f21000000,0x00007e8f21000000,0x00007e8f29000000)
 ParOldGen       total 2097152K, used 168641K [0x00007e8e71000000, 0x00007e8ef1000000, 0x00007e8ef1000000)
  object space 2097152K, 8% used [0x00007e8e71000000,0x00007e8e7b4b0668,0x00007e8ef1000000)
 Metaspace       used 7422K, committed 7488K, reserved 8192K
}
Event: 5,402 GC heap after
{Heap after GC invocations=5 (full 2):
 PSYoungGen      total 917504K, used 0K [0x00007e8ef1000000, 0x00007e8f31000000, 0x00007e8f31000000)
  eden space 786432K, 0% used [0x00007e8ef1000000,0x00007e8ef1000000,0x00007e8f21000000)
  from space 131072K, 0% used [0x00007e8f21000000,0x00007e8f21000000,0x00007e8f29000000)
  to   space 131072K, 0% used [0x00007e8f29000000,0x00007e8f29000000,0x00007e8f31000000)
 ParOldGen       total 2097152K, used 168641K [0x00007e8e71000000, 0x00007e8ef1000000, 0x00007e8ef1000000)
  object space 2097152K, 8% used [0x00007e8e71000000,0x00007e8e7b4b0668,0x00007e8ef1000000)
 Metaspace       used 7422K, committed 7488K, reserved 8192K
}
Event: 5,402 GC heap before
{Heap before GC invocations=6 (full 3):
 PSYoungGen      total 917504K, used 0K [0x00007e8ef1000000, 0x00007e8f31000000, 0x00007e8f31000000)
  eden space 786432K, 0% used [0x00007e8ef1000000,0x00007e8ef1000000,0x00007e8f21000000)
  from space 131072K, 0% used [0x00007e8f21000000,0x00007e8f21000000,0x00007e8f29000000)
  to   space 131072K, 0% used [0x00007e8f29000000,0x00007e8f29000000,0x00007e8f31000000)
 ParOldGen       total 2097152K, used 168641K [0x00007e8e71000000, 0x00007e8ef1000000, 0x00007e8ef1000000)
  object space 2097152K, 8% used [0x00007e8e71000000,0x00007e8e7b4b0668,0x00007e8ef1000000)
 Metaspace       used 7422K, committed 7488K, reserved 8192K
}
Event: 6,448 GC heap after
{Heap after GC invocations=6 (full 3):
 PSYoungGen      total 917504K, used 0K [0x00007e8ef1000000, 0x00007e8f31000000, 0x00007e8f31000000)
  eden space 786432K, 0% used [0x00007e8ef1000000,0x00007e8ef1000000,0x00007e8f21000000)
  from space 131072K, 0% used [0x00007e8f21000000,0x00007e8f21000000,0x00007e8f29000000)
  to   space 131072K, 0% used [0x00007e8f29000000,0x00007e8f29000000,0x00007e8f31000000)
 ParOldGen       total 2097152K, used 136929K [0x00007e8e71000000, 0x00007e8ef1000000, 0x00007e8ef1000000)
  object space 2097152K, 6% used [0x00007e8e71000000,0x00007e8e795b87f8,0x00007e8ef1000000)
 Metaspace       used 7422K, committed 7488K, reserved 8192K
}
Event: 6,458 GC heap before
{Heap before GC invocations=7 (full 3):
 PSYoungGen      total 917504K, used 15728K [0x00007e8ef1000000, 0x00007e8f31000000, 0x00007e8f31000000)
  eden space 786432K, 2% used [0x00007e8ef1000000,0x00007e8ef1f5c2c8,0x00007e8f21000000)
  from space 131072K, 0% used [0x00007e8f21000000,0x00007e8f21000000,0x00007e8f29000000)
  to   space 131072K, 0% used [0x00007e8f29000000,0x00007e8f29000000,0x00007e8f31000000)
 ParOldGen       total 2097152K, used 136929K [0x00007e8e71000000, 0x00007e8ef1000000, 0x00007e8ef1000000)
  object space 2097152K, 6% used [0x00007e8e71000000,0x00007e8e795b87f8,0x00007e8ef1000000)
 Metaspace       used 7422K, committed 7488K, reserved 8192K
}
Event: 6,462 GC heap after
{Heap after GC invocations=7 (full 3):
 PSYoungGen      total 917504K, used 0K [0x00007e8ef1000000, 0x00007e8f31000000, 0x00007e8f31000000)
  eden space 786432K, 0% used [0x00007e8ef1000000,0x00007e8ef1000000,0x00007e8f21000000)
  from space 131072K, 0% used [0x00007e8f29000000,0x00007e8f29000000,0x00007e8f31000000)
  to   space 131072K, 0% used [0x00007e8f21000000,0x00007e8f21000000,0x00007e8f29000000)
 ParOldGen       total 2097152K, used 136929K [0x00007e8e71000000, 0x00007e8ef1000000, 0x00007e8ef1000000)
  object space 2097152K, 6% used [0x00007e8e71000000,0x00007e8e795b87f8,0x00007e8ef1000000)
 Metaspace       used 7422K, committed 7488K, reserved 8192K
}
Event: 6,462 GC heap before
{Heap before GC invocations=8 (full 4):
 PSYoungGen      total 917504K, used 0K [0x00007e8ef1000000, 0x00007e8f31000000, 0x00007e8f31000000)
  eden space 786432K, 0% used [0x00007e8ef1000000,0x00007e8ef1000000,0x00007e8f21000000)
  from space 131072K, 0% used [0x00007e8f29000000,0x00007e8f29000000,0x00007e8f31000000)
  to   space 131072K, 0% used [0x00007e8f21000000,0x00007e8f21000000,0x00007e8f29000000)
 ParOldGen       total 2097152K, used 136929K [0x00007e8e71000000, 0x00007e8ef1000000, 0x00007e8ef1000000)
  object space 2097152K, 6% used [0x00007e8e71000000,0x00007e8e795b87f8,0x00007e8ef1000000)
 Metaspace       used 7422K, committed 7488K, reserved 8192K
}

