# JRE version: OpenJDK Runtime Environment (17.0.6) (fastdebug build 17.0.6-internal+0-adhoc.konstdelis.jdk17u067)
# Java VM: OpenJDK 64-Bit Server VM (fastdebug 17.0.6-internal+0-adhoc.konstdelis.jdk17u067, mixed mode, tiered, parallel gc, linux-amd64)
GC Precious Log:
 CPUs: 32 total, 32 available
 Memory: 251G
 Large Page Support: Disabled
 NUMA Support: Disabled
 Compressed Oops: Disabled
 Alignments: Space 512K, Generation 512K, Heap 2M
 Heap Min Capacity: 3G
 Heap Initial Capacity: 3G
 Heap Max Capacity: 3G
 Pre-touch: Disabled
 Parallel Workers: 8
Heap:
 PSYoungGen      total 917504K, used 786432K [0x00007e9eace00000, 0x00007e9eece00000, 0x00007e9eece00000)
  eden space 786432K, 100% used [0x00007e9eace00000,0x00007e9edce00000,0x00007e9edce00000)
  from space 131072K, 0% used [0x00007e9edce00000,0x00007e9edce00000,0x00007e9ee4e00000)
  to   space 131072K, 0% used [0x00007e9ee4e00000,0x00007e9ee4e00000,0x00007e9eece00000)
 ParOldGen       total 2097152K, used 2147705K [0x00007e9e2ce00000, 0x00007e9eace00000, 0x00007e9eace00000)
  object space 2097152K, 102% used [0x00007e9e2ce00000,0x00007e9eaff5e6f0,0x00007e9eace00000)
 Metaspace       used 7360K, committed 7488K, reserved 8192K
GC Heap History (18 events):
Event: 2,703 GC heap before
{Heap before GC invocations=1 (full 0):
 PSYoungGen      total 917504K, used 786432K [0x00007e9eace00000, 0x00007e9eece00000, 0x00007e9eece00000)
  eden space 786432K, 100% used [0x00007e9eace00000,0x00007e9edce00000,0x00007e9edce00000)
  from space 131072K, 0% used [0x00007e9ee4e00000,0x00007e9ee4e00000,0x00007e9eece00000)
  to   space 131072K, 0% used [0x00007e9edce00000,0x00007e9edce00000,0x00007e9ee4e00000)
 ParOldGen       total 2097152K, used 0K [0x00007e9e2ce00000, 0x00007e9eace00000, 0x00007e9eace00000)
  object space 2097152K, 0% used [0x00007e9e2ce00000,0x00007e9e2ce00000,0x00007e9eace00000)
 Metaspace       used 7359K, committed 7488K, reserved 8192K
}
Event: 3,482 GC heap after
{Heap after GC invocations=1 (full 0):
 PSYoungGen      total 917504K, used 131065K [0x00007e9eace00000, 0x00007e9eece00000, 0x00007e9eece00000)
  eden space 786432K, 0% used [0x00007e9eace00000,0x00007e9eace00000,0x00007e9edce00000)
  from space 131072K, 99% used [0x00007e9edce00000,0x00007e9ee4dfe600,0x00007e9ee4e00000)
  to   space 131072K, 0% used [0x00007e9ee4e00000,0x00007e9ee4e00000,0x00007e9eece00000)
 ParOldGen       total 2097152K, used 477792K [0x00007e9e2ce00000, 0x00007e9eace00000, 0x00007e9eace00000)
  object space 2097152K, 22% used [0x00007e9e2ce00000,0x00007e9e4a098000,0x00007e9eace00000)
 Metaspace       used 7359K, committed 7488K, reserved 8192K
}
Event: 3,822 GC heap before
{Heap before GC invocations=2 (full 0):
 PSYoungGen      total 917504K, used 917497K [0x00007e9eace00000, 0x00007e9eece00000, 0x00007e9eece00000)
  eden space 786432K, 100% used [0x00007e9eace00000,0x00007e9edce00000,0x00007e9edce00000)
  from space 131072K, 99% used [0x00007e9edce00000,0x00007e9ee4dfe600,0x00007e9ee4e00000)
  to   space 131072K, 0% used [0x00007e9ee4e00000,0x00007e9ee4e00000,0x00007e9eece00000)
 ParOldGen       total 2097152K, used 477792K [0x00007e9e2ce00000, 0x00007e9eace00000, 0x00007e9eace00000)
  object space 2097152K, 22% used [0x00007e9e2ce00000,0x00007e9e4a098000,0x00007e9eace00000)
 Metaspace       used 7360K, committed 7488K, reserved 8192K
}
Event: 4,797 GC heap after
{Heap after GC invocations=2 (full 0):
 PSYoungGen      total 917504K, used 131045K [0x00007e9eace00000, 0x00007e9eece00000, 0x00007e9eece00000)
  eden space 786432K, 0% used [0x00007e9eace00000,0x00007e9eace00000,0x00007e9edce00000)
  from space 131072K, 99% used [0x00007e9ee4e00000,0x00007e9eecdf9550,0x00007e9eece00000)
  to   space 131072K, 0% used [0x00007e9edce00000,0x00007e9edce00000,0x00007e9ee4e00000)
 ParOldGen       total 2097152K, used 1149840K [0x00007e9e2ce00000, 0x00007e9eace00000, 0x00007e9eace00000)
  object space 2097152K, 54% used [0x00007e9e2ce00000,0x00007e9e730e4000,0x00007e9eace00000)
 Metaspace       used 7360K, committed 7488K, reserved 8192K
}
Event: 5,144 GC heap before
{Heap before GC invocations=3 (full 0):
 PSYoungGen      total 917504K, used 917477K [0x00007e9eace00000, 0x00007e9eece00000, 0x00007e9eece00000)
  eden space 786432K, 100% used [0x00007e9eace00000,0x00007e9edce00000,0x00007e9edce00000)
  from space 131072K, 99% used [0x00007e9ee4e00000,0x00007e9eecdf9550,0x00007e9eece00000)
  to   space 131072K, 0% used [0x00007e9edce00000,0x00007e9edce00000,0x00007e9ee4e00000)
 ParOldGen       total 2097152K, used 1149840K [0x00007e9e2ce00000, 0x00007e9eace00000, 0x00007e9eace00000)
  object space 2097152K, 54% used [0x00007e9e2ce00000,0x00007e9e730e4000,0x00007e9eace00000)
 Metaspace       used 7360K, committed 7488K, reserved 8192K
}
Event: 6,211 GC heap after
{Heap after GC invocations=3 (full 0):
 PSYoungGen      total 917504K, used 131040K [0x00007e9eace00000, 0x00007e9eece00000, 0x00007e9eece00000)
  eden space 786432K, 0% used [0x00007e9eace00000,0x00007e9eace00000,0x00007e9edce00000)
  from space 131072K, 99% used [0x00007e9edce00000,0x00007e9ee4df8040,0x00007e9ee4e00000)
  to   space 131072K, 0% used [0x00007e9ee4e00000,0x00007e9ee4e00000,0x00007e9eece00000)
 ParOldGen       total 2097152K, used 1832911K [0x00007e9e2ce00000, 0x00007e9eace00000, 0x00007e9eace00000)
  object space 2097152K, 87% used [0x00007e9e2ce00000,0x00007e9e9cbf3f88,0x00007e9eace00000)
 Metaspace       used 7360K, committed 7488K, reserved 8192K
}
Event: 6,211 GC heap before
{Heap before GC invocations=4 (full 1):
 PSYoungGen      total 917504K, used 131040K [0x00007e9eace00000, 0x00007e9eece00000, 0x00007e9eece00000)
  eden space 786432K, 0% used [0x00007e9eace00000,0x00007e9eace00000,0x00007e9edce00000)
  from space 131072K, 99% used [0x00007e9edce00000,0x00007e9ee4df8040,0x00007e9ee4e00000)
  to   space 131072K, 0% used [0x00007e9ee4e00000,0x00007e9ee4e00000,0x00007e9eece00000)
 ParOldGen       total 2097152K, used 1832911K [0x00007e9e2ce00000, 0x00007e9eace00000, 0x00007e9eace00000)
  object space 2097152K, 87% used [0x00007e9e2ce00000,0x00007e9e9cbf3f88,0x00007e9eace00000)
 Metaspace       used 7360K, committed 7488K, reserved 8192K
}
Event: 14,258 GC heap after
{Heap after GC invocations=4 (full 1):
 PSYoungGen      total 917504K, used 0K [0x00007e9eace00000, 0x00007e9eece00000, 0x00007e9eece00000)
  eden space 786432K, 0% used [0x00007e9eace00000,0x00007e9eace00000,0x00007e9edce00000)
  from space 131072K, 0% used [0x00007e9ee4e00000,0x00007e9ee4e00000,0x00007e9eece00000)
  to   space 131072K, 0% used [0x00007e9edce00000,0x00007e9edce00000,0x00007e9ee4e00000)
 ParOldGen       total 2097152K, used 1948944K [0x00007e9e2ce00000, 0x00007e9eace00000, 0x00007e9eace00000)
  object space 2097152K, 92% used [0x00007e9e2ce00000,0x00007e9ea3d44188,0x00007e9eace00000)
 Metaspace       used 7360K, committed 7488K, reserved 8192K
}
Event: 14,584 GC heap before
{Heap before GC invocations=5 (full 2):
 PSYoungGen      total 917504K, used 786432K [0x00007e9eace00000, 0x00007e9eece00000, 0x00007e9eece00000)
  eden space 786432K, 100% used [0x00007e9eace00000,0x00007e9edce00000,0x00007e9edce00000)
  from space 131072K, 0% used [0x00007e9ee4e00000,0x00007e9ee4e00000,0x00007e9eece00000)
  to   space 131072K, 0% used [0x00007e9edce00000,0x00007e9edce00000,0x00007e9ee4e00000)
 ParOldGen       total 2097152K, used 1948944K [0x00007e9e2ce00000, 0x00007e9eace00000, 0x00007e9eace00000)
  object space 2097152K, 92% used [0x00007e9e2ce00000,0x00007e9ea3d44188,0x00007e9eace00000)
 Metaspace       used 7360K, committed 7488K, reserved 8192K
}
Event: 21,584 GC heap after
{Heap after GC invocations=5 (full 2):
 PSYoungGen      total 917504K, used 476150K [0x00007e9eace00000, 0x00007e9eece00000, 0x00007e9eece00000)
  eden space 786432K, 60% used [0x00007e9eace00000,0x00007e9ec9efda20,0x00007e9edce00000)
  from space 131072K, 0% used [0x00007e9edce00000,0x00007e9edce00000,0x00007e9ee4e00000)
  to   space 131072K, 0% used [0x00007e9ee4e00000,0x00007e9ee4e00000,0x00007e9eece00000)
 ParOldGen       total 2097152K, used 2096956K [0x00007e9e2ce00000, 0x00007e9eace00000, 0x00007e9eace00000)
  object space 2097152K, 99% used [0x00007e9e2ce00000,0x00007e9eacdcf280,0x00007e9eace00000)
 Metaspace       used 7360K, committed 7488K, reserved 8192K
}
Event: 21,738 GC heap before
{Heap before GC invocations=6 (full 3):
 PSYoungGen      total 917504K, used 786432K [0x00007e9eace00000, 0x00007e9eece00000, 0x00007e9eece00000)
  eden space 786432K, 100% used [0x00007e9eace00000,0x00007e9edce00000,0x00007e9edce00000)
  from space 131072K, 0% used [0x00007e9edce00000,0x00007e9edce00000,0x00007e9ee4e00000)
  to   space 131072K, 0% used [0x00007e9ee4e00000,0x00007e9ee4e00000,0x00007e9eece00000)
 ParOldGen       total 2097152K, used 2096956K [0x00007e9e2ce00000, 0x00007e9eace00000, 0x00007e9eace00000)
  object space 2097152K, 99% used [0x00007e9e2ce00000,0x00007e9eacdcf280,0x00007e9eace00000)
 Metaspace       used 7360K, committed 7488K, reserved 8192K
}
Event: 30,040 GC heap after
{Heap after GC invocations=6 (full 3):
 PSYoungGen      total 917504K, used 786419K [0x00007e9eace00000, 0x00007e9eece00000, 0x00007e9eece00000)
  eden space 786432K, 99% used [0x00007e9eace00000,0x00007e9edcdfcea8,0x00007e9edce00000)
  from space 131072K, 0% used [0x00007e9ee4e00000,0x00007e9ee4e00000,0x00007e9eece00000)
  to   space 131072K, 0% used [0x00007e9edce00000,0x00007e9edce00000,0x00007e9ee4e00000)
 ParOldGen       total 2097152K, used 2096956K [0x00007e9e2ce00000, 0x00007e9eace00000, 0x00007e9eace00000)
  object space 2097152K, 99% used [0x00007e9e2ce00000,0x00007e9eacdcf280,0x00007e9eace00000)
 Metaspace       used 7360K, committed 7488K, reserved 8192K
}
Event: 30,040 GC heap before
{Heap before GC invocations=7 (full 4):
 PSYoungGen      total 917504K, used 786432K [0x00007e9eace00000, 0x00007e9eece00000, 0x00007e9eece00000)
  eden space 786432K, 100% used [0x00007e9eace00000,0x00007e9edce00000,0x00007e9edce00000)
  from space 131072K, 0% used [0x00007e9ee4e00000,0x00007e9ee4e00000,0x00007e9eece00000)
  to   space 131072K, 0% used [0x00007e9edce00000,0x00007e9edce00000,0x00007e9ee4e00000)
 ParOldGen       total 2097152K, used 2096956K [0x00007e9e2ce00000, 0x00007e9eace00000, 0x00007e9eace00000)
  object space 2097152K, 99% used [0x00007e9e2ce00000,0x00007e9eacdcf280,0x00007e9eace00000)
 Metaspace       used 7360K, committed 7488K, reserved 8192K
}
Event: 51,646 GC heap after
{Heap after GC invocations=7 (full 4):
 PSYoungGen      total 917504K, used 0K [0x00007e9eace00000, 0x00007e9eece00000, 0x00007e9eece00000)
  eden space 786432K, 0% used [0x00007e9eace00000,0x00007e9eace00000,0x00007e9edce00000)
  from space 131072K, 0% used [0x00007e9edce00000,0x00007e9edce00000,0x00007e9ee4e00000)
  to   space 131072K, 0% used [0x00007e9ee4e00000,0x00007e9ee4e00000,0x00007e9eece00000)
 ParOldGen       total 2097152K, used 1254610K [0x00007e9e2ce00000, 0x00007e9eace00000, 0x00007e9eace00000)
  object space 2097152K, 59% used [0x00007e9e2ce00000,0x00007e9e79734ab0,0x00007e9eace00000)
 Metaspace       used 7360K, committed 7488K, reserved 8192K
}
Event: 52,029 GC heap before
{Heap before GC invocations=8 (full 4):
 PSYoungGen      total 917504K, used 774425K [0x00007e9eace00000, 0x00007e9eece00000, 0x00007e9eece00000)
  eden space 786432K, 98% used [0x00007e9eace00000,0x00007e9edc246538,0x00007e9edce00000)
  from space 131072K, 0% used [0x00007e9edce00000,0x00007e9edce00000,0x00007e9ee4e00000)
  to   space 131072K, 0% used [0x00007e9ee4e00000,0x00007e9ee4e00000,0x00007e9eece00000)
 ParOldGen       total 2097152K, used 1254610K [0x00007e9e2ce00000, 0x00007e9eace00000, 0x00007e9eace00000)
  object space 2097152K, 59% used [0x00007e9e2ce00000,0x00007e9e79734ab0,0x00007e9eace00000)
 Metaspace       used 7360K, committed 7488K, reserved 8192K
}
Event: 55,203 GC heap after
{Heap after GC invocations=8 (full 4):
 PSYoungGen      total 917504K, used 131072K [0x00007e9eace00000, 0x00007e9eece00000, 0x00007e9eece00000)
  eden space 786432K, 0% used [0x00007e9eace00000,0x00007e9eace00000,0x00007e9edce00000)
  from space 131072K, 100% used [0x00007e9ee4e00000,0x00007e9eece00000,0x00007e9eece00000)
  to   space 131072K, 0% used [0x00007e9edce00000,0x00007e9edce00000,0x00007e9ee4e00000)
 ParOldGen       total 2097152K, used 1897218K [0x00007e9e2ce00000, 0x00007e9eace00000, 0x00007e9eace00000)
  object space 2097152K, 90% used [0x00007e9e2ce00000,0x00007e9ea0ac0ab0,0x00007e9eace00000)
 Metaspace       used 7360K, committed 7488K, reserved 8192K
}
Event: 55,203 GC heap before
{Heap before GC invocations=9 (full 5):
 PSYoungGen      total 917504K, used 131072K [0x00007e9eace00000, 0x00007e9eece00000, 0x00007e9eece00000)
  eden space 786432K, 0% used [0x00007e9eace00000,0x00007e9eace00000,0x00007e9edce00000)
  from space 131072K, 100% used [0x00007e9ee4e00000,0x00007e9eece00000,0x00007e9eece00000)
  to   space 131072K, 0% used [0x00007e9edce00000,0x00007e9edce00000,0x00007e9ee4e00000)
 ParOldGen       total 2097152K, used 1897218K [0x00007e9e2ce00000, 0x00007e9eace00000, 0x00007e9eace00000)
  object space 2097152K, 90% used [0x00007e9e2ce00000,0x00007e9ea0ac0ab0,0x00007e9eace00000)
 Metaspace       used 7360K, committed 7488K, reserved 8192K
}
Event: 69,256 GC heap after
{Heap after GC invocations=9 (full 5):
 PSYoungGen      total 917504K, used 0K [0x00007e9eace00000, 0x00007e9eece00000, 0x00007e9eece00000)
  eden space 786432K, 0% used [0x00007e9eace00000,0x00007e9eace00000,0x00007e9edce00000)
  from space 131072K, 0% used [0x00007e9edce00000,0x00007e9edce00000,0x00007e9ee4e00000)
  to   space 131072K, 0% used [0x00007e9ee4e00000,0x00007e9ee4e00000,0x00007e9eece00000)
 ParOldGen       total 2097152K, used 2147705K [0x00007e9e2ce00000, 0x00007e9eace00000, 0x00007e9eace00000)
  object space 2097152K, 102% used [0x00007e9e2ce00000,0x00007e9eaff5e6f0,0x00007e9eace00000)
 Metaspace       used 7360K, committed 7488K, reserved 8192K
}

